[29-Dec-2021 09:23:00 Europe/Paris] Slim Application Error
Type: Sabre\VObject\ParseException
Code: 0
Message: This parser only supports VCARD and VCALENDAR files
File: /var/www/CRM/src/vendor/sabre/vobject/lib/Parser/MimeDir.php
Line: 163
Trace: #0 /var/www/CRM/src/vendor/sabre/vobject/lib/Parser/MimeDir.php(90): Sabre\VObject\Parser\MimeDir->parseDocument()
#1 /var/www/CRM/src/vendor/sabre/vobject/lib/Reader.php(47): Sabre\VObject\Parser\MimeDir->parse()
#2 /var/www/CRM/src/EcclesiaCRM/sabre/VObjectExtract.php(30): Sabre\VObject\Reader::read()
#3 /var/www/CRM/src/EcclesiaCRM/sabre/CalDavPDO.php(1045): EcclesiaCRM\MyPDO\VObjectExtract::calendarData()
#4 /var/www/CRM/src/EcclesiaCRM/APIControllers/CalendarEventV2Controller.php(349): EcclesiaCRM\MyPDO\CalDavPDO->checkIfEventIsInResourceSlotCalendar()
#5 /var/www/CRM/src/vendor/slim/slim/Slim/Handlers/Strategies/RequestResponse.php(43): EcclesiaCRM\APIControllers\CalendarEventV2Controller->manageEvent()
#6 /var/www/CRM/src/vendor/slim/slim/Slim/Routing/Route.php(384): Slim\Handlers\Strategies\RequestResponse->__invoke()
#7 /var/www/CRM/src/vendor/slim/slim/Slim/MiddlewareDispatcher.php(81): Slim\Routing\Route->handle()
#8 /var/www/CRM/src/vendor/slim/slim/Slim/MiddlewareDispatcher.php(81): Slim\MiddlewareDispatcher->handle()
#9 /var/www/CRM/src/vendor/slim/slim/Slim/Routing/Route.php(341): Slim\MiddlewareDispatcher->handle()
#10 /var/www/CRM/src/vendor/slim/slim/Slim/Routing/RouteRunner.php(84): Slim\Routing\Route->run()
#11 /var/www/CRM/src/EcclesiaCRM/Slim/Middleware/VersionMiddleware.php(17): Slim\Routing\RouteRunner->handle()
#12 /var/www/CRM/src/vendor/slim/slim/Slim/MiddlewareDispatcher.php(313): EcclesiaCRM\Slim\Middleware\VersionMiddleware->__invoke()
#13 /var/www/CRM/src/vendor/tuupola/slim-jwt-auth/src/JwtAuthentication.php(132): class@anonymous->handle()
#14 /var/www/CRM/src/vendor/slim/slim/Slim/MiddlewareDispatcher.php(147): Tuupola\Middleware\JwtAuthentication->process()
#15 /var/www/CRM/src/vendor/slim/slim/Slim/Middleware/ErrorMiddleware.php(107): class@anonymous->handle()
#16 /var/www/CRM/src/vendor/slim/slim/Slim/MiddlewareDispatcher.php(147): Slim\Middleware\ErrorMiddleware->process()
#17 /var/www/CRM/src/vendor/slim/slim/Slim/MiddlewareDispatcher.php(81): class@anonymous->handle()
#18 /var/www/CRM/src/vendor/slim/slim/Slim/App.php(215): Slim\MiddlewareDispatcher->handle()
#19 /var/www/CRM/src/vendor/slim/slim/Slim/App.php(199): Slim\App->handle()
#20 /var/www/CRM/src/api/index.php(135): Slim\App->run()
#21 {main}
[29-Dec-2021 09:24:29 Europe/Paris] Slim Application Error
Type: Sabre\VObject\ParseException
Code: 0
Message: This parser only supports VCARD and VCALENDAR files
File: /var/www/CRM/src/vendor/sabre/vobject/lib/Parser/MimeDir.php
Line: 163
Trace: #0 /var/www/CRM/src/vendor/sabre/vobject/lib/Parser/MimeDir.php(90): Sabre\VObject\Parser\MimeDir->parseDocument()
#1 /var/www/CRM/src/vendor/sabre/vobject/lib/Reader.php(47): Sabre\VObject\Parser\MimeDir->parse()
#2 /var/www/CRM/src/EcclesiaCRM/sabre/VObjectExtract.php(30): Sabre\VObject\Reader::read()
#3 /var/www/CRM/src/EcclesiaCRM/sabre/CalDavPDO.php(1045): EcclesiaCRM\MyPDO\VObjectExtract::calendarData()
#4 /var/www/CRM/src/EcclesiaCRM/APIControllers/CalendarEventV2Controller.php(349): EcclesiaCRM\MyPDO\CalDavPDO->checkIfEventIsInResourceSlotCalendar()
#5 /var/www/CRM/src/vendor/slim/slim/Slim/Handlers/Strategies/RequestResponse.php(43): EcclesiaCRM\APIControllers\CalendarEventV2Controller->manageEvent()
#6 /var/www/CRM/src/vendor/slim/slim/Slim/Routing/Route.php(384): Slim\Handlers\Strategies\RequestResponse->__invoke()
#7 /var/www/CRM/src/vendor/slim/slim/Slim/MiddlewareDispatcher.php(81): Slim\Routing\Route->handle()
#8 /var/www/CRM/src/vendor/slim/slim/Slim/MiddlewareDispatcher.php(81): Slim\MiddlewareDispatcher->handle()
#9 /var/www/CRM/src/vendor/slim/slim/Slim/Routing/Route.php(341): Slim\MiddlewareDispatcher->handle()
#10 /var/www/CRM/src/vendor/slim/slim/Slim/Routing/RouteRunner.php(84): Slim\Routing\Route->run()
#11 /var/www/CRM/src/EcclesiaCRM/Slim/Middleware/VersionMiddleware.php(17): Slim\Routing\RouteRunner->handle()
#12 /var/www/CRM/src/vendor/slim/slim/Slim/MiddlewareDispatcher.php(313): EcclesiaCRM\Slim\Middleware\VersionMiddleware->__invoke()
#13 /var/www/CRM/src/vendor/tuupola/slim-jwt-auth/src/JwtAuthentication.php(132): class@anonymous->handle()
#14 /var/www/CRM/src/vendor/slim/slim/Slim/MiddlewareDispatcher.php(147): Tuupola\Middleware\JwtAuthentication->process()
#15 /var/www/CRM/src/vendor/slim/slim/Slim/Middleware/ErrorMiddleware.php(107): class@anonymous->handle()
#16 /var/www/CRM/src/vendor/slim/slim/Slim/MiddlewareDispatcher.php(147): Slim\Middleware\ErrorMiddleware->process()
#17 /var/www/CRM/src/vendor/slim/slim/Slim/MiddlewareDispatcher.php(81): class@anonymous->handle()
#18 /var/www/CRM/src/vendor/slim/slim/Slim/App.php(215): Slim\MiddlewareDispatcher->handle()
#19 /var/www/CRM/src/vendor/slim/slim/Slim/App.php(199): Slim\App->handle()
#20 /var/www/CRM/src/api/index.php(135): Slim\App->run()
#21 {main}
[29-Dec-2021 09:25:39 Europe/Paris] Slim Application Error
Type: Sabre\VObject\ParseException
Code: 0
Message: This parser only supports VCARD and VCALENDAR files
File: /var/www/CRM/src/vendor/sabre/vobject/lib/Parser/MimeDir.php
Line: 163
Trace: #0 /var/www/CRM/src/vendor/sabre/vobject/lib/Parser/MimeDir.php(90): Sabre\VObject\Parser\MimeDir->parseDocument()
#1 /var/www/CRM/src/vendor/sabre/vobject/lib/Reader.php(47): Sabre\VObject\Parser\MimeDir->parse()
#2 /var/www/CRM/src/EcclesiaCRM/sabre/VObjectExtract.php(30): Sabre\VObject\Reader::read()
#3 /var/www/CRM/src/EcclesiaCRM/sabre/CalDavPDO.php(1040): EcclesiaCRM\MyPDO\VObjectExtract::calendarData()
#4 /var/www/CRM/src/EcclesiaCRM/APIControllers/CalendarEventV2Controller.php(349): EcclesiaCRM\MyPDO\CalDavPDO->checkIfEventIsInResourceSlotCalendar()
#5 /var/www/CRM/src/vendor/slim/slim/Slim/Handlers/Strategies/RequestResponse.php(43): EcclesiaCRM\APIControllers\CalendarEventV2Controller->manageEvent()
#6 /var/www/CRM/src/vendor/slim/slim/Slim/Routing/Route.php(384): Slim\Handlers\Strategies\RequestResponse->__invoke()
#7 /var/www/CRM/src/vendor/slim/slim/Slim/MiddlewareDispatcher.php(81): Slim\Routing\Route->handle()
#8 /var/www/CRM/src/vendor/slim/slim/Slim/MiddlewareDispatcher.php(81): Slim\MiddlewareDispatcher->handle()
#9 /var/www/CRM/src/vendor/slim/slim/Slim/Routing/Route.php(341): Slim\MiddlewareDispatcher->handle()
#10 /var/www/CRM/src/vendor/slim/slim/Slim/Routing/RouteRunner.php(84): Slim\Routing\Route->run()
#11 /var/www/CRM/src/EcclesiaCRM/Slim/Middleware/VersionMiddleware.php(17): Slim\Routing\RouteRunner->handle()
#12 /var/www/CRM/src/vendor/slim/slim/Slim/MiddlewareDispatcher.php(313): EcclesiaCRM\Slim\Middleware\VersionMiddleware->__invoke()
#13 /var/www/CRM/src/vendor/tuupola/slim-jwt-auth/src/JwtAuthentication.php(132): class@anonymous->handle()
#14 /var/www/CRM/src/vendor/slim/slim/Slim/MiddlewareDispatcher.php(147): Tuupola\Middleware\JwtAuthentication->process()
#15 /var/www/CRM/src/vendor/slim/slim/Slim/Middleware/ErrorMiddleware.php(107): class@anonymous->handle()
#16 /var/www/CRM/src/vendor/slim/slim/Slim/MiddlewareDispatcher.php(147): Slim\Middleware\ErrorMiddleware->process()
#17 /var/www/CRM/src/vendor/slim/slim/Slim/MiddlewareDispatcher.php(81): class@anonymous->handle()
#18 /var/www/CRM/src/vendor/slim/slim/Slim/App.php(215): Slim\MiddlewareDispatcher->handle()
#19 /var/www/CRM/src/vendor/slim/slim/Slim/App.php(199): Slim\App->handle()
#20 /var/www/CRM/src/api/index.php(135): Slim\App->run()
#21 {main}
[29-Dec-2021 09:27:48 Europe/Paris] Slim Application Error
Type: Sabre\VObject\ParseException
Code: 0
Message: This parser only supports VCARD and VCALENDAR files
File: /var/www/CRM/src/vendor/sabre/vobject/lib/Parser/MimeDir.php
Line: 163
Trace: #0 /var/www/CRM/src/vendor/sabre/vobject/lib/Parser/MimeDir.php(90): Sabre\VObject\Parser\MimeDir->parseDocument()
#1 /var/www/CRM/src/vendor/sabre/vobject/lib/Reader.php(47): Sabre\VObject\Parser\MimeDir->parse()
#2 /var/www/CRM/src/EcclesiaCRM/sabre/VObjectExtract.php(30): Sabre\VObject\Reader::read()
#3 /var/www/CRM/src/EcclesiaCRM/sabre/CalDavPDO.php(1040): EcclesiaCRM\MyPDO\VObjectExtract::calendarData()
#4 /var/www/CRM/src/EcclesiaCRM/APIControllers/CalendarEventV2Controller.php(349): EcclesiaCRM\MyPDO\CalDavPDO->checkIfEventIsInResourceSlotCalendar()
#5 /var/www/CRM/src/vendor/slim/slim/Slim/Handlers/Strategies/RequestResponse.php(43): EcclesiaCRM\APIControllers\CalendarEventV2Controller->manageEvent()
#6 /var/www/CRM/src/vendor/slim/slim/Slim/Routing/Route.php(384): Slim\Handlers\Strategies\RequestResponse->__invoke()
#7 /var/www/CRM/src/vendor/slim/slim/Slim/MiddlewareDispatcher.php(81): Slim\Routing\Route->handle()
#8 /var/www/CRM/src/vendor/slim/slim/Slim/MiddlewareDispatcher.php(81): Slim\MiddlewareDispatcher->handle()
#9 /var/www/CRM/src/vendor/slim/slim/Slim/Routing/Route.php(341): Slim\MiddlewareDispatcher->handle()
#10 /var/www/CRM/src/vendor/slim/slim/Slim/Routing/RouteRunner.php(84): Slim\Routing\Route->run()
#11 /var/www/CRM/src/EcclesiaCRM/Slim/Middleware/VersionMiddleware.php(17): Slim\Routing\RouteRunner->handle()
#12 /var/www/CRM/src/vendor/slim/slim/Slim/MiddlewareDispatcher.php(313): EcclesiaCRM\Slim\Middleware\VersionMiddleware->__invoke()
#13 /var/www/CRM/src/vendor/tuupola/slim-jwt-auth/src/JwtAuthentication.php(132): class@anonymous->handle()
#14 /var/www/CRM/src/vendor/slim/slim/Slim/MiddlewareDispatcher.php(147): Tuupola\Middleware\JwtAuthentication->process()
#15 /var/www/CRM/src/vendor/slim/slim/Slim/Middleware/ErrorMiddleware.php(107): class@anonymous->handle()
#16 /var/www/CRM/src/vendor/slim/slim/Slim/MiddlewareDispatcher.php(147): Slim\Middleware\ErrorMiddleware->process()
#17 /var/www/CRM/src/vendor/slim/slim/Slim/MiddlewareDispatcher.php(81): class@anonymous->handle()
#18 /var/www/CRM/src/vendor/slim/slim/Slim/App.php(215): Slim\MiddlewareDispatcher->handle()
#19 /var/www/CRM/src/vendor/slim/slim/Slim/App.php(199): Slim\App->handle()
#20 /var/www/CRM/src/api/index.php(135): Slim\App->run()
#21 {main}
[29-Dec-2021 09:28:45 Europe/Paris] Slim Application Error
Type: Sabre\VObject\ParseException
Code: 0
Message: This parser only supports VCARD and VCALENDAR files
File: /var/www/CRM/src/vendor/sabre/vobject/lib/Parser/MimeDir.php
Line: 163
Trace: #0 /var/www/CRM/src/vendor/sabre/vobject/lib/Parser/MimeDir.php(90): Sabre\VObject\Parser\MimeDir->parseDocument()
#1 /var/www/CRM/src/vendor/sabre/vobject/lib/Reader.php(47): Sabre\VObject\Parser\MimeDir->parse()
#2 /var/www/CRM/src/EcclesiaCRM/sabre/VObjectExtract.php(30): Sabre\VObject\Reader::read()
#3 /var/www/CRM/src/EcclesiaCRM/sabre/CalDavPDO.php(1040): EcclesiaCRM\MyPDO\VObjectExtract::calendarData()
#4 /var/www/CRM/src/EcclesiaCRM/APIControllers/CalendarEventV2Controller.php(349): EcclesiaCRM\MyPDO\CalDavPDO->checkIfEventIsInResourceSlotCalendar()
#5 /var/www/CRM/src/vendor/slim/slim/Slim/Handlers/Strategies/RequestResponse.php(43): EcclesiaCRM\APIControllers\CalendarEventV2Controller->manageEvent()
#6 /var/www/CRM/src/vendor/slim/slim/Slim/Routing/Route.php(384): Slim\Handlers\Strategies\RequestResponse->__invoke()
#7 /var/www/CRM/src/vendor/slim/slim/Slim/MiddlewareDispatcher.php(81): Slim\Routing\Route->handle()
#8 /var/www/CRM/src/vendor/slim/slim/Slim/MiddlewareDispatcher.php(81): Slim\MiddlewareDispatcher->handle()
#9 /var/www/CRM/src/vendor/slim/slim/Slim/Routing/Route.php(341): Slim\MiddlewareDispatcher->handle()
#10 /var/www/CRM/src/vendor/slim/slim/Slim/Routing/RouteRunner.php(84): Slim\Routing\Route->run()
#11 /var/www/CRM/src/EcclesiaCRM/Slim/Middleware/VersionMiddleware.php(17): Slim\Routing\RouteRunner->handle()
#12 /var/www/CRM/src/vendor/slim/slim/Slim/MiddlewareDispatcher.php(313): EcclesiaCRM\Slim\Middleware\VersionMiddleware->__invoke()
#13 /var/www/CRM/src/vendor/tuupola/slim-jwt-auth/src/JwtAuthentication.php(132): class@anonymous->handle()
#14 /var/www/CRM/src/vendor/slim/slim/Slim/MiddlewareDispatcher.php(147): Tuupola\Middleware\JwtAuthentication->process()
#15 /var/www/CRM/src/vendor/slim/slim/Slim/Middleware/ErrorMiddleware.php(107): class@anonymous->handle()
#16 /var/www/CRM/src/vendor/slim/slim/Slim/MiddlewareDispatcher.php(147): Slim\Middleware\ErrorMiddleware->process()
#17 /var/www/CRM/src/vendor/slim/slim/Slim/MiddlewareDispatcher.php(81): class@anonymous->handle()
#18 /var/www/CRM/src/vendor/slim/slim/Slim/App.php(215): Slim\MiddlewareDispatcher->handle()
#19 /var/www/CRM/src/vendor/slim/slim/Slim/App.php(199): Slim\App->handle()
#20 /var/www/CRM/src/api/index.php(135): Slim\App->run()
#21 {main}
[29-Dec-2021 09:39:46 Europe/Paris] Slim Application Error
Type: Sabre\VObject\ParseException
Code: 0
Message: This parser only supports VCARD and VCALENDAR files
File: /var/www/CRM/src/vendor/sabre/vobject/lib/Parser/MimeDir.php
Line: 163
Trace: #0 /var/www/CRM/src/vendor/sabre/vobject/lib/Parser/MimeDir.php(90): Sabre\VObject\Parser\MimeDir->parseDocument()
#1 /var/www/CRM/src/vendor/sabre/vobject/lib/Reader.php(47): Sabre\VObject\Parser\MimeDir->parse()
#2 /var/www/CRM/src/EcclesiaCRM/sabre/VObjectExtract.php(30): Sabre\VObject\Reader::read()
#3 /var/www/CRM/src/EcclesiaCRM/sabre/CalDavPDO.php(1060): EcclesiaCRM\MyPDO\VObjectExtract::calendarData()
#4 /var/www/CRM/src/EcclesiaCRM/APIControllers/CalendarEventV2Controller.php(349): EcclesiaCRM\MyPDO\CalDavPDO->checkIfEventIsInResourceSlotCalendar()
#5 /var/www/CRM/src/vendor/slim/slim/Slim/Handlers/Strategies/RequestResponse.php(43): EcclesiaCRM\APIControllers\CalendarEventV2Controller->manageEvent()
#6 /var/www/CRM/src/vendor/slim/slim/Slim/Routing/Route.php(384): Slim\Handlers\Strategies\RequestResponse->__invoke()
#7 /var/www/CRM/src/vendor/slim/slim/Slim/MiddlewareDispatcher.php(81): Slim\Routing\Route->handle()
#8 /var/www/CRM/src/vendor/slim/slim/Slim/MiddlewareDispatcher.php(81): Slim\MiddlewareDispatcher->handle()
#9 /var/www/CRM/src/vendor/slim/slim/Slim/Routing/Route.php(341): Slim\MiddlewareDispatcher->handle()
#10 /var/www/CRM/src/vendor/slim/slim/Slim/Routing/RouteRunner.php(84): Slim\Routing\Route->run()
#11 /var/www/CRM/src/EcclesiaCRM/Slim/Middleware/VersionMiddleware.php(17): Slim\Routing\RouteRunner->handle()
#12 /var/www/CRM/src/vendor/slim/slim/Slim/MiddlewareDispatcher.php(313): EcclesiaCRM\Slim\Middleware\VersionMiddleware->__invoke()
#13 /var/www/CRM/src/vendor/tuupola/slim-jwt-auth/src/JwtAuthentication.php(132): class@anonymous->handle()
#14 /var/www/CRM/src/vendor/slim/slim/Slim/MiddlewareDispatcher.php(147): Tuupola\Middleware\JwtAuthentication->process()
#15 /var/www/CRM/src/vendor/slim/slim/Slim/Middleware/ErrorMiddleware.php(107): class@anonymous->handle()
#16 /var/www/CRM/src/vendor/slim/slim/Slim/MiddlewareDispatcher.php(147): Slim\Middleware\ErrorMiddleware->process()
#17 /var/www/CRM/src/vendor/slim/slim/Slim/MiddlewareDispatcher.php(81): class@anonymous->handle()
#18 /var/www/CRM/src/vendor/slim/slim/Slim/App.php(215): Slim\MiddlewareDispatcher->handle()
#19 /var/www/CRM/src/vendor/slim/slim/Slim/App.php(199): Slim\App->handle()
#20 /var/www/CRM/src/api/index.php(135): Slim\App->run()
#21 {main}
[29-Dec-2021 09:40:43 Europe/Paris] Slim Application Error
Type: Sabre\VObject\ParseException
Code: 0
Message: Invalid Mimedir file. Line starting at 2 did not follow iCalendar/vCard conventions
File: /var/www/CRM/src/vendor/sabre/vobject/lib/Parser/MimeDir.php
Line: 417
Trace: #0 /var/www/CRM/src/vendor/sabre/vobject/lib/Parser/MimeDir.php(223): Sabre\VObject\Parser\MimeDir->readProperty()
#1 /var/www/CRM/src/vendor/sabre/vobject/lib/Parser/MimeDir.php(174): Sabre\VObject\Parser\MimeDir->parseLine()
#2 /var/www/CRM/src/vendor/sabre/vobject/lib/Parser/MimeDir.php(90): Sabre\VObject\Parser\MimeDir->parseDocument()
#3 /var/www/CRM/src/vendor/sabre/vobject/lib/Reader.php(47): Sabre\VObject\Parser\MimeDir->parse()
#4 /var/www/CRM/src/EcclesiaCRM/sabre/VObjectExtract.php(30): Sabre\VObject\Reader::read()
#5 /var/www/CRM/src/EcclesiaCRM/sabre/CalDavPDO.php(1060): EcclesiaCRM\MyPDO\VObjectExtract::calendarData()
#6 /var/www/CRM/src/EcclesiaCRM/APIControllers/CalendarEventV2Controller.php(349): EcclesiaCRM\MyPDO\CalDavPDO->checkIfEventIsInResourceSlotCalendar()
#7 /var/www/CRM/src/vendor/slim/slim/Slim/Handlers/Strategies/RequestResponse.php(43): EcclesiaCRM\APIControllers\CalendarEventV2Controller->manageEvent()
#8 /var/www/CRM/src/vendor/slim/slim/Slim/Routing/Route.php(384): Slim\Handlers\Strategies\RequestResponse->__invoke()
#9 /var/www/CRM/src/vendor/slim/slim/Slim/MiddlewareDispatcher.php(81): Slim\Routing\Route->handle()
#10 /var/www/CRM/src/vendor/slim/slim/Slim/MiddlewareDispatcher.php(81): Slim\MiddlewareDispatcher->handle()
#11 /var/www/CRM/src/vendor/slim/slim/Slim/Routing/Route.php(341): Slim\MiddlewareDispatcher->handle()
#12 /var/www/CRM/src/vendor/slim/slim/Slim/Routing/RouteRunner.php(84): Slim\Routing\Route->run()
#13 /var/www/CRM/src/EcclesiaCRM/Slim/Middleware/VersionMiddleware.php(17): Slim\Routing\RouteRunner->handle()
#14 /var/www/CRM/src/vendor/slim/slim/Slim/MiddlewareDispatcher.php(313): EcclesiaCRM\Slim\Middleware\VersionMiddleware->__invoke()
#15 /var/www/CRM/src/vendor/tuupola/slim-jwt-auth/src/JwtAuthentication.php(132): class@anonymous->handle()
#16 /var/www/CRM/src/vendor/slim/slim/Slim/MiddlewareDispatcher.php(147): Tuupola\Middleware\JwtAuthentication->process()
#17 /var/www/CRM/src/vendor/slim/slim/Slim/Middleware/ErrorMiddleware.php(107): class@anonymous->handle()
#18 /var/www/CRM/src/vendor/slim/slim/Slim/MiddlewareDispatcher.php(147): Slim\Middleware\ErrorMiddleware->process()
#19 /var/www/CRM/src/vendor/slim/slim/Slim/MiddlewareDispatcher.php(81): class@anonymous->handle()
#20 /var/www/CRM/src/vendor/slim/slim/Slim/App.php(215): Slim\MiddlewareDispatcher->handle()
#21 /var/www/CRM/src/vendor/slim/slim/Slim/App.php(199): Slim\App->handle()
#22 /var/www/CRM/src/api/index.php(135): Slim\App->run()
#23 {main}
[29-Dec-2021 09:41:44 Europe/Paris] Slim Application Error
Type: Sabre\VObject\ParseException
Code: 0
Message: Invalid Mimedir file. Line starting at 2 did not follow iCalendar/vCard conventions
File: /var/www/CRM/src/vendor/sabre/vobject/lib/Parser/MimeDir.php
Line: 417
Trace: #0 /var/www/CRM/src/vendor/sabre/vobject/lib/Parser/MimeDir.php(223): Sabre\VObject\Parser\MimeDir->readProperty()
#1 /var/www/CRM/src/vendor/sabre/vobject/lib/Parser/MimeDir.php(174): Sabre\VObject\Parser\MimeDir->parseLine()
#2 /var/www/CRM/src/vendor/sabre/vobject/lib/Parser/MimeDir.php(90): Sabre\VObject\Parser\MimeDir->parseDocument()
#3 /var/www/CRM/src/vendor/sabre/vobject/lib/Reader.php(47): Sabre\VObject\Parser\MimeDir->parse()
#4 /var/www/CRM/src/EcclesiaCRM/sabre/VObjectExtract.php(30): Sabre\VObject\Reader::read()
#5 /var/www/CRM/src/EcclesiaCRM/sabre/CalDavPDO.php(1060): EcclesiaCRM\MyPDO\VObjectExtract::calendarData()
#6 /var/www/CRM/src/EcclesiaCRM/APIControllers/CalendarEventV2Controller.php(349): EcclesiaCRM\MyPDO\CalDavPDO->checkIfEventIsInResourceSlotCalendar()
#7 /var/www/CRM/src/vendor/slim/slim/Slim/Handlers/Strategies/RequestResponse.php(43): EcclesiaCRM\APIControllers\CalendarEventV2Controller->manageEvent()
#8 /var/www/CRM/src/vendor/slim/slim/Slim/Routing/Route.php(384): Slim\Handlers\Strategies\RequestResponse->__invoke()
#9 /var/www/CRM/src/vendor/slim/slim/Slim/MiddlewareDispatcher.php(81): Slim\Routing\Route->handle()
#10 /var/www/CRM/src/vendor/slim/slim/Slim/MiddlewareDispatcher.php(81): Slim\MiddlewareDispatcher->handle()
#11 /var/www/CRM/src/vendor/slim/slim/Slim/Routing/Route.php(341): Slim\MiddlewareDispatcher->handle()
#12 /var/www/CRM/src/vendor/slim/slim/Slim/Routing/RouteRunner.php(84): Slim\Routing\Route->run()
#13 /var/www/CRM/src/EcclesiaCRM/Slim/Middleware/VersionMiddleware.php(17): Slim\Routing\RouteRunner->handle()
#14 /var/www/CRM/src/vendor/slim/slim/Slim/MiddlewareDispatcher.php(313): EcclesiaCRM\Slim\Middleware\VersionMiddleware->__invoke()
#15 /var/www/CRM/src/vendor/tuupola/slim-jwt-auth/src/JwtAuthentication.php(132): class@anonymous->handle()
#16 /var/www/CRM/src/vendor/slim/slim/Slim/MiddlewareDispatcher.php(147): Tuupola\Middleware\JwtAuthentication->process()
#17 /var/www/CRM/src/vendor/slim/slim/Slim/Middleware/ErrorMiddleware.php(107): class@anonymous->handle()
#18 /var/www/CRM/src/vendor/slim/slim/Slim/MiddlewareDispatcher.php(147): Slim\Middleware\ErrorMiddleware->process()
#19 /var/www/CRM/src/vendor/slim/slim/Slim/MiddlewareDispatcher.php(81): class@anonymous->handle()
#20 /var/www/CRM/src/vendor/slim/slim/Slim/App.php(215): Slim\MiddlewareDispatcher->handle()
#21 /var/www/CRM/src/vendor/slim/slim/Slim/App.php(199): Slim\App->handle()
#22 /var/www/CRM/src/api/index.php(135): Slim\App->run()
#23 {main}
[29-Dec-2021 09:45:30 Europe/Paris] Slim Application Error
Type: Sabre\VObject\ParseException
Code: 0
Message: This parser only supports VCARD and VCALENDAR files
File: /var/www/CRM/src/vendor/sabre/vobject/lib/Parser/MimeDir.php
Line: 163
Trace: #0 /var/www/CRM/src/vendor/sabre/vobject/lib/Parser/MimeDir.php(90): Sabre\VObject\Parser\MimeDir->parseDocument()
#1 /var/www/CRM/src/vendor/sabre/vobject/lib/Reader.php(47): Sabre\VObject\Parser\MimeDir->parse()
#2 /var/www/CRM/src/EcclesiaCRM/sabre/VObjectExtract.php(30): Sabre\VObject\Reader::read()
#3 /var/www/CRM/src/EcclesiaCRM/sabre/CalDavPDO.php(1041): EcclesiaCRM\MyPDO\VObjectExtract::calendarData()
#4 /var/www/CRM/src/EcclesiaCRM/APIControllers/CalendarEventV2Controller.php(349): EcclesiaCRM\MyPDO\CalDavPDO->checkIfEventIsInResourceSlotCalendar()
#5 /var/www/CRM/src/vendor/slim/slim/Slim/Handlers/Strategies/RequestResponse.php(43): EcclesiaCRM\APIControllers\CalendarEventV2Controller->manageEvent()
#6 /var/www/CRM/src/vendor/slim/slim/Slim/Routing/Route.php(384): Slim\Handlers\Strategies\RequestResponse->__invoke()
#7 /var/www/CRM/src/vendor/slim/slim/Slim/MiddlewareDispatcher.php(81): Slim\Routing\Route->handle()
#8 /var/www/CRM/src/vendor/slim/slim/Slim/MiddlewareDispatcher.php(81): Slim\MiddlewareDispatcher->handle()
#9 /var/www/CRM/src/vendor/slim/slim/Slim/Routing/Route.php(341): Slim\MiddlewareDispatcher->handle()
#10 /var/www/CRM/src/vendor/slim/slim/Slim/Routing/RouteRunner.php(84): Slim\Routing\Route->run()
#11 /var/www/CRM/src/EcclesiaCRM/Slim/Middleware/VersionMiddleware.php(17): Slim\Routing\RouteRunner->handle()
#12 /var/www/CRM/src/vendor/slim/slim/Slim/MiddlewareDispatcher.php(313): EcclesiaCRM\Slim\Middleware\VersionMiddleware->__invoke()
#13 /var/www/CRM/src/vendor/tuupola/slim-jwt-auth/src/JwtAuthentication.php(132): class@anonymous->handle()
#14 /var/www/CRM/src/vendor/slim/slim/Slim/MiddlewareDispatcher.php(147): Tuupola\Middleware\JwtAuthentication->process()
#15 /var/www/CRM/src/vendor/slim/slim/Slim/Middleware/ErrorMiddleware.php(107): class@anonymous->handle()
#16 /var/www/CRM/src/vendor/slim/slim/Slim/MiddlewareDispatcher.php(147): Slim\Middleware\ErrorMiddleware->process()
#17 /var/www/CRM/src/vendor/slim/slim/Slim/MiddlewareDispatcher.php(81): class@anonymous->handle()
#18 /var/www/CRM/src/vendor/slim/slim/Slim/App.php(215): Slim\MiddlewareDispatcher->handle()
#19 /var/www/CRM/src/vendor/slim/slim/Slim/App.php(199): Slim\App->handle()
#20 /var/www/CRM/src/api/index.php(135): Slim\App->run()
#21 {main}
[29-Dec-2021 09:45:32 Europe/Paris] Slim Application Error
Type: Sabre\VObject\ParseException
Code: 0
Message: This parser only supports VCARD and VCALENDAR files
File: /var/www/CRM/src/vendor/sabre/vobject/lib/Parser/MimeDir.php
Line: 163
Trace: #0 /var/www/CRM/src/vendor/sabre/vobject/lib/Parser/MimeDir.php(90): Sabre\VObject\Parser\MimeDir->parseDocument()
#1 /var/www/CRM/src/vendor/sabre/vobject/lib/Reader.php(47): Sabre\VObject\Parser\MimeDir->parse()
#2 /var/www/CRM/src/EcclesiaCRM/sabre/VObjectExtract.php(30): Sabre\VObject\Reader::read()
#3 /var/www/CRM/src/EcclesiaCRM/sabre/CalDavPDO.php(1041): EcclesiaCRM\MyPDO\VObjectExtract::calendarData()
#4 /var/www/CRM/src/EcclesiaCRM/APIControllers/CalendarEventV2Controller.php(349): EcclesiaCRM\MyPDO\CalDavPDO->checkIfEventIsInResourceSlotCalendar()
#5 /var/www/CRM/src/vendor/slim/slim/Slim/Handlers/Strategies/RequestResponse.php(43): EcclesiaCRM\APIControllers\CalendarEventV2Controller->manageEvent()
#6 /var/www/CRM/src/vendor/slim/slim/Slim/Routing/Route.php(384): Slim\Handlers\Strategies\RequestResponse->__invoke()
#7 /var/www/CRM/src/vendor/slim/slim/Slim/MiddlewareDispatcher.php(81): Slim\Routing\Route->handle()
#8 /var/www/CRM/src/vendor/slim/slim/Slim/MiddlewareDispatcher.php(81): Slim\MiddlewareDispatcher->handle()
#9 /var/www/CRM/src/vendor/slim/slim/Slim/Routing/Route.php(341): Slim\MiddlewareDispatcher->handle()
#10 /var/www/CRM/src/vendor/slim/slim/Slim/Routing/RouteRunner.php(84): Slim\Routing\Route->run()
#11 /var/www/CRM/src/EcclesiaCRM/Slim/Middleware/VersionMiddleware.php(17): Slim\Routing\RouteRunner->handle()
#12 /var/www/CRM/src/vendor/slim/slim/Slim/MiddlewareDispatcher.php(313): EcclesiaCRM\Slim\Middleware\VersionMiddleware->__invoke()
#13 /var/www/CRM/src/vendor/tuupola/slim-jwt-auth/src/JwtAuthentication.php(132): class@anonymous->handle()
#14 /var/www/CRM/src/vendor/slim/slim/Slim/MiddlewareDispatcher.php(147): Tuupola\Middleware\JwtAuthentication->process()
#15 /var/www/CRM/src/vendor/slim/slim/Slim/Middleware/ErrorMiddleware.php(107): class@anonymous->handle()
#16 /var/www/CRM/src/vendor/slim/slim/Slim/MiddlewareDispatcher.php(147): Slim\Middleware\ErrorMiddleware->process()
#17 /var/www/CRM/src/vendor/slim/slim/Slim/MiddlewareDispatcher.php(81): class@anonymous->handle()
#18 /var/www/CRM/src/vendor/slim/slim/Slim/App.php(215): Slim\MiddlewareDispatcher->handle()
#19 /var/www/CRM/src/vendor/slim/slim/Slim/App.php(199): Slim\App->handle()
#20 /var/www/CRM/src/api/index.php(135): Slim\App->run()
#21 {main}
[29-Dec-2021 09:46:57 Europe/Paris] Slim Application Error
Type: Sabre\VObject\ParseException
Code: 0
Message: This parser only supports VCARD and VCALENDAR files
File: /var/www/CRM/src/vendor/sabre/vobject/lib/Parser/MimeDir.php
Line: 163
Trace: #0 /var/www/CRM/src/vendor/sabre/vobject/lib/Parser/MimeDir.php(90): Sabre\VObject\Parser\MimeDir->parseDocument()
#1 /var/www/CRM/src/vendor/sabre/vobject/lib/Reader.php(47): Sabre\VObject\Parser\MimeDir->parse()
#2 /var/www/CRM/src/EcclesiaCRM/sabre/VObjectExtract.php(30): Sabre\VObject\Reader::read()
#3 /var/www/CRM/src/EcclesiaCRM/sabre/CalDavPDO.php(1044): EcclesiaCRM\MyPDO\VObjectExtract::calendarData()
#4 /var/www/CRM/src/EcclesiaCRM/APIControllers/CalendarEventV2Controller.php(349): EcclesiaCRM\MyPDO\CalDavPDO->checkIfEventIsInResourceSlotCalendar()
#5 /var/www/CRM/src/vendor/slim/slim/Slim/Handlers/Strategies/RequestResponse.php(43): EcclesiaCRM\APIControllers\CalendarEventV2Controller->manageEvent()
#6 /var/www/CRM/src/vendor/slim/slim/Slim/Routing/Route.php(384): Slim\Handlers\Strategies\RequestResponse->__invoke()
#7 /var/www/CRM/src/vendor/slim/slim/Slim/MiddlewareDispatcher.php(81): Slim\Routing\Route->handle()
#8 /var/www/CRM/src/vendor/slim/slim/Slim/MiddlewareDispatcher.php(81): Slim\MiddlewareDispatcher->handle()
#9 /var/www/CRM/src/vendor/slim/slim/Slim/Routing/Route.php(341): Slim\MiddlewareDispatcher->handle()
#10 /var/www/CRM/src/vendor/slim/slim/Slim/Routing/RouteRunner.php(84): Slim\Routing\Route->run()
#11 /var/www/CRM/src/EcclesiaCRM/Slim/Middleware/VersionMiddleware.php(17): Slim\Routing\RouteRunner->handle()
#12 /var/www/CRM/src/vendor/slim/slim/Slim/MiddlewareDispatcher.php(313): EcclesiaCRM\Slim\Middleware\VersionMiddleware->__invoke()
#13 /var/www/CRM/src/vendor/tuupola/slim-jwt-auth/src/JwtAuthentication.php(132): class@anonymous->handle()
#14 /var/www/CRM/src/vendor/slim/slim/Slim/MiddlewareDispatcher.php(147): Tuupola\Middleware\JwtAuthentication->process()
#15 /var/www/CRM/src/vendor/slim/slim/Slim/Middleware/ErrorMiddleware.php(107): class@anonymous->handle()
#16 /var/www/CRM/src/vendor/slim/slim/Slim/MiddlewareDispatcher.php(147): Slim\Middleware\ErrorMiddleware->process()
#17 /var/www/CRM/src/vendor/slim/slim/Slim/MiddlewareDispatcher.php(81): class@anonymous->handle()
#18 /var/www/CRM/src/vendor/slim/slim/Slim/App.php(215): Slim\MiddlewareDispatcher->handle()
#19 /var/www/CRM/src/vendor/slim/slim/Slim/App.php(199): Slim\App->handle()
#20 /var/www/CRM/src/api/index.php(135): Slim\App->run()
#21 {main}
[29-Dec-2021 09:56:10 Europe/Paris] Slim Application Error
Type: ParseError
Code: 0
Message: syntax error, unexpected 'if' (T_IF)
File: /var/www/CRM/src/EcclesiaCRM/sabre/CalDavPDO.php
Line: 1056
Trace: #0 /var/www/CRM/src/vendor/composer/ClassLoader.php(322): Composer\Autoload\includeFile()
#1 [internal function]: Composer\Autoload\ClassLoader->loadClass()
#2 /var/www/CRM/src/EcclesiaCRM/dto/MenuEventsCount.php(58): spl_autoload_call()
#3 /var/www/CRM/src/EcclesiaCRM/Synchronize/EventsDashboardItem.php(24): EcclesiaCRM\dto\MenuEventsCount::getNumberEventsOfToday()
#4 /var/www/CRM/src/EcclesiaCRM/Service/SynchronizeService.php(34): EcclesiaCRM\Synchronize\EventsDashboardItem::getDashboardItemValue()
#5 /var/www/CRM/src/EcclesiaCRM/APIControllers/SystemSynchronizeController.php(46): EcclesiaCRM\Service\SynchronizeService::getValues()
#6 /var/www/CRM/src/vendor/slim/slim/Slim/Handlers/Strategies/RequestResponse.php(43): EcclesiaCRM\APIControllers\SystemSynchronizeController->synchronize()
#7 /var/www/CRM/src/vendor/slim/slim/Slim/Routing/Route.php(384): Slim\Handlers\Strategies\RequestResponse->__invoke()
#8 /var/www/CRM/src/vendor/slim/slim/Slim/MiddlewareDispatcher.php(81): Slim\Routing\Route->handle()
#9 /var/www/CRM/src/vendor/slim/slim/Slim/MiddlewareDispatcher.php(81): Slim\MiddlewareDispatcher->handle()
#10 /var/www/CRM/src/vendor/slim/slim/Slim/Routing/Route.php(341): Slim\MiddlewareDispatcher->handle()
#11 /var/www/CRM/src/vendor/slim/slim/Slim/Routing/RouteRunner.php(84): Slim\Routing\Route->run()
#12 /var/www/CRM/src/EcclesiaCRM/Slim/Middleware/VersionMiddleware.php(17): Slim\Routing\RouteRunner->handle()
#13 /var/www/CRM/src/vendor/slim/slim/Slim/MiddlewareDispatcher.php(313): EcclesiaCRM\Slim\Middleware\VersionMiddleware->__invoke()
#14 /var/www/CRM/src/vendor/tuupola/slim-jwt-auth/src/JwtAuthentication.php(132): class@anonymous->handle()
#15 /var/www/CRM/src/vendor/slim/slim/Slim/MiddlewareDispatcher.php(147): Tuupola\Middleware\JwtAuthentication->process()
#16 /var/www/CRM/src/vendor/slim/slim/Slim/Middleware/ErrorMiddleware.php(107): class@anonymous->handle()
#17 /var/www/CRM/src/vendor/slim/slim/Slim/MiddlewareDispatcher.php(147): Slim\Middleware\ErrorMiddleware->process()
#18 /var/www/CRM/src/vendor/slim/slim/Slim/MiddlewareDispatcher.php(81): class@anonymous->handle()
#19 /var/www/CRM/src/vendor/slim/slim/Slim/App.php(215): Slim\MiddlewareDispatcher->handle()
#20 /var/www/CRM/src/vendor/slim/slim/Slim/App.php(199): Slim\App->handle()
#21 /var/www/CRM/src/api/index.php(135): Slim\App->run()
#22 {main}
[29-Dec-2021 10:04:36 Europe/Paris] Slim Application Error
Type: Error
Code: 0
Message: Object of class DateTime could not be converted to string
File: /var/www/CRM/src/EcclesiaCRM/sabre/CalDavPDO.php
Line: 1055
Trace: #0 /var/www/CRM/src/EcclesiaCRM/APIControllers/CalendarEventV2Controller.php(349): EcclesiaCRM\MyPDO\CalDavPDO->checkIfEventIsInResourceSlotCalendar()
#1 /var/www/CRM/src/vendor/slim/slim/Slim/Handlers/Strategies/RequestResponse.php(43): EcclesiaCRM\APIControllers\CalendarEventV2Controller->manageEvent()
#2 /var/www/CRM/src/vendor/slim/slim/Slim/Routing/Route.php(384): Slim\Handlers\Strategies\RequestResponse->__invoke()
#3 /var/www/CRM/src/vendor/slim/slim/Slim/MiddlewareDispatcher.php(81): Slim\Routing\Route->handle()
#4 /var/www/CRM/src/vendor/slim/slim/Slim/MiddlewareDispatcher.php(81): Slim\MiddlewareDispatcher->handle()
#5 /var/www/CRM/src/vendor/slim/slim/Slim/Routing/Route.php(341): Slim\MiddlewareDispatcher->handle()
#6 /var/www/CRM/src/vendor/slim/slim/Slim/Routing/RouteRunner.php(84): Slim\Routing\Route->run()
#7 /var/www/CRM/src/EcclesiaCRM/Slim/Middleware/VersionMiddleware.php(17): Slim\Routing\RouteRunner->handle()
#8 /var/www/CRM/src/vendor/slim/slim/Slim/MiddlewareDispatcher.php(313): EcclesiaCRM\Slim\Middleware\VersionMiddleware->__invoke()
#9 /var/www/CRM/src/vendor/tuupola/slim-jwt-auth/src/JwtAuthentication.php(132): class@anonymous->handle()
#10 /var/www/CRM/src/vendor/slim/slim/Slim/MiddlewareDispatcher.php(147): Tuupola\Middleware\JwtAuthentication->process()
#11 /var/www/CRM/src/vendor/slim/slim/Slim/Middleware/ErrorMiddleware.php(107): class@anonymous->handle()
#12 /var/www/CRM/src/vendor/slim/slim/Slim/MiddlewareDispatcher.php(147): Slim\Middleware\ErrorMiddleware->process()
#13 /var/www/CRM/src/vendor/slim/slim/Slim/MiddlewareDispatcher.php(81): class@anonymous->handle()
#14 /var/www/CRM/src/vendor/slim/slim/Slim/App.php(215): Slim\MiddlewareDispatcher->handle()
#15 /var/www/CRM/src/vendor/slim/slim/Slim/App.php(199): Slim\App->handle()
#16 /var/www/CRM/src/api/index.php(135): Slim\App->run()
#17 {main}
[29-Dec-2021 10:04:42 Europe/Paris] Slim Application Error
Type: Error
Code: 0
Message: Object of class DateTime could not be converted to string
File: /var/www/CRM/src/EcclesiaCRM/sabre/CalDavPDO.php
Line: 1055
Trace: #0 /var/www/CRM/src/EcclesiaCRM/APIControllers/CalendarEventV2Controller.php(349): EcclesiaCRM\MyPDO\CalDavPDO->checkIfEventIsInResourceSlotCalendar()
#1 /var/www/CRM/src/vendor/slim/slim/Slim/Handlers/Strategies/RequestResponse.php(43): EcclesiaCRM\APIControllers\CalendarEventV2Controller->manageEvent()
#2 /var/www/CRM/src/vendor/slim/slim/Slim/Routing/Route.php(384): Slim\Handlers\Strategies\RequestResponse->__invoke()
#3 /var/www/CRM/src/vendor/slim/slim/Slim/MiddlewareDispatcher.php(81): Slim\Routing\Route->handle()
#4 /var/www/CRM/src/vendor/slim/slim/Slim/MiddlewareDispatcher.php(81): Slim\MiddlewareDispatcher->handle()
#5 /var/www/CRM/src/vendor/slim/slim/Slim/Routing/Route.php(341): Slim\MiddlewareDispatcher->handle()
#6 /var/www/CRM/src/vendor/slim/slim/Slim/Routing/RouteRunner.php(84): Slim\Routing\Route->run()
#7 /var/www/CRM/src/EcclesiaCRM/Slim/Middleware/VersionMiddleware.php(17): Slim\Routing\RouteRunner->handle()
#8 /var/www/CRM/src/vendor/slim/slim/Slim/MiddlewareDispatcher.php(313): EcclesiaCRM\Slim\Middleware\VersionMiddleware->__invoke()
#9 /var/www/CRM/src/vendor/tuupola/slim-jwt-auth/src/JwtAuthentication.php(132): class@anonymous->handle()
#10 /var/www/CRM/src/vendor/slim/slim/Slim/MiddlewareDispatcher.php(147): Tuupola\Middleware\JwtAuthentication->process()
#11 /var/www/CRM/src/vendor/slim/slim/Slim/Middleware/ErrorMiddleware.php(107): class@anonymous->handle()
#12 /var/www/CRM/src/vendor/slim/slim/Slim/MiddlewareDispatcher.php(147): Slim\Middleware\ErrorMiddleware->process()
#13 /var/www/CRM/src/vendor/slim/slim/Slim/MiddlewareDispatcher.php(81): class@anonymous->handle()
#14 /var/www/CRM/src/vendor/slim/slim/Slim/App.php(215): Slim\MiddlewareDispatcher->handle()
#15 /var/www/CRM/src/vendor/slim/slim/Slim/App.php(199): Slim\App->handle()
#16 /var/www/CRM/src/api/index.php(135): Slim\App->run()
#17 {main}
[29-Dec-2021 10:05:29 Europe/Paris] Slim Application Error
Type: Error
Code: 0
Message: Call to a member function format() on string
File: /var/www/CRM/src/EcclesiaCRM/sabre/CalDavPDO.php
Line: 1055
Trace: #0 /var/www/CRM/src/EcclesiaCRM/APIControllers/CalendarEventV2Controller.php(349): EcclesiaCRM\MyPDO\CalDavPDO->checkIfEventIsInResourceSlotCalendar()
#1 /var/www/CRM/src/vendor/slim/slim/Slim/Handlers/Strategies/RequestResponse.php(43): EcclesiaCRM\APIControllers\CalendarEventV2Controller->manageEvent()
#2 /var/www/CRM/src/vendor/slim/slim/Slim/Routing/Route.php(384): Slim\Handlers\Strategies\RequestResponse->__invoke()
#3 /var/www/CRM/src/vendor/slim/slim/Slim/MiddlewareDispatcher.php(81): Slim\Routing\Route->handle()
#4 /var/www/CRM/src/vendor/slim/slim/Slim/MiddlewareDispatcher.php(81): Slim\MiddlewareDispatcher->handle()
#5 /var/www/CRM/src/vendor/slim/slim/Slim/Routing/Route.php(341): Slim\MiddlewareDispatcher->handle()
#6 /var/www/CRM/src/vendor/slim/slim/Slim/Routing/RouteRunner.php(84): Slim\Routing\Route->run()
#7 /var/www/CRM/src/EcclesiaCRM/Slim/Middleware/VersionMiddleware.php(17): Slim\Routing\RouteRunner->handle()
#8 /var/www/CRM/src/vendor/slim/slim/Slim/MiddlewareDispatcher.php(313): EcclesiaCRM\Slim\Middleware\VersionMiddleware->__invoke()
#9 /var/www/CRM/src/vendor/tuupola/slim-jwt-auth/src/JwtAuthentication.php(132): class@anonymous->handle()
#10 /var/www/CRM/src/vendor/slim/slim/Slim/MiddlewareDispatcher.php(147): Tuupola\Middleware\JwtAuthentication->process()
#11 /var/www/CRM/src/vendor/slim/slim/Slim/Middleware/ErrorMiddleware.php(107): class@anonymous->handle()
#12 /var/www/CRM/src/vendor/slim/slim/Slim/MiddlewareDispatcher.php(147): Slim\Middleware\ErrorMiddleware->process()
#13 /var/www/CRM/src/vendor/slim/slim/Slim/MiddlewareDispatcher.php(81): class@anonymous->handle()
#14 /var/www/CRM/src/vendor/slim/slim/Slim/App.php(215): Slim\MiddlewareDispatcher->handle()
#15 /var/www/CRM/src/vendor/slim/slim/Slim/App.php(199): Slim\App->handle()
#16 /var/www/CRM/src/api/index.php(135): Slim\App->run()
#17 {main}
[29-Dec-2021 10:58:33 Europe/Paris] Slim Application Error
Type: Error
Code: 0
Message: Call to undefined method EcclesiaCRM\MyPDO\CalDavPDO::checkIfEventIsInResourceSlotCalendar()
File: /var/www/CRM/src/EcclesiaCRM/APIControllers/CalendarEventV2Controller.php
Line: 349
Trace: #0 /var/www/CRM/src/vendor/slim/slim/Slim/Handlers/Strategies/RequestResponse.php(43): EcclesiaCRM\APIControllers\CalendarEventV2Controller->manageEvent()
#1 /var/www/CRM/src/vendor/slim/slim/Slim/Routing/Route.php(384): Slim\Handlers\Strategies\RequestResponse->__invoke()
#2 /var/www/CRM/src/vendor/slim/slim/Slim/MiddlewareDispatcher.php(81): Slim\Routing\Route->handle()
#3 /var/www/CRM/src/vendor/slim/slim/Slim/MiddlewareDispatcher.php(81): Slim\MiddlewareDispatcher->handle()
#4 /var/www/CRM/src/vendor/slim/slim/Slim/Routing/Route.php(341): Slim\MiddlewareDispatcher->handle()
#5 /var/www/CRM/src/vendor/slim/slim/Slim/Routing/RouteRunner.php(84): Slim\Routing\Route->run()
#6 /var/www/CRM/src/EcclesiaCRM/Slim/Middleware/VersionMiddleware.php(17): Slim\Routing\RouteRunner->handle()
#7 /var/www/CRM/src/vendor/slim/slim/Slim/MiddlewareDispatcher.php(313): EcclesiaCRM\Slim\Middleware\VersionMiddleware->__invoke()
#8 /var/www/CRM/src/vendor/tuupola/slim-jwt-auth/src/JwtAuthentication.php(132): class@anonymous->handle()
#9 /var/www/CRM/src/vendor/slim/slim/Slim/MiddlewareDispatcher.php(147): Tuupola\Middleware\JwtAuthentication->process()
#10 /var/www/CRM/src/vendor/slim/slim/Slim/Middleware/ErrorMiddleware.php(107): class@anonymous->handle()
#11 /var/www/CRM/src/vendor/slim/slim/Slim/MiddlewareDispatcher.php(147): Slim\Middleware\ErrorMiddleware->process()
#12 /var/www/CRM/src/vendor/slim/slim/Slim/MiddlewareDispatcher.php(81): class@anonymous->handle()
#13 /var/www/CRM/src/vendor/slim/slim/Slim/App.php(215): Slim\MiddlewareDispatcher->handle()
#14 /var/www/CRM/src/vendor/slim/slim/Slim/App.php(199): Slim\App->handle()
#15 /var/www/CRM/src/api/index.php(135): Slim\App->run()
#16 {main}
[29-Dec-2021 10:58:35 Europe/Paris] Slim Application Error
Type: Error
Code: 0
Message: Call to undefined method EcclesiaCRM\MyPDO\CalDavPDO::checkIfEventIsInResourceSlotCalendar()
File: /var/www/CRM/src/EcclesiaCRM/APIControllers/CalendarEventV2Controller.php
Line: 349
Trace: #0 /var/www/CRM/src/vendor/slim/slim/Slim/Handlers/Strategies/RequestResponse.php(43): EcclesiaCRM\APIControllers\CalendarEventV2Controller->manageEvent()
#1 /var/www/CRM/src/vendor/slim/slim/Slim/Routing/Route.php(384): Slim\Handlers\Strategies\RequestResponse->__invoke()
#2 /var/www/CRM/src/vendor/slim/slim/Slim/MiddlewareDispatcher.php(81): Slim\Routing\Route->handle()
#3 /var/www/CRM/src/vendor/slim/slim/Slim/MiddlewareDispatcher.php(81): Slim\MiddlewareDispatcher->handle()
#4 /var/www/CRM/src/vendor/slim/slim/Slim/Routing/Route.php(341): Slim\MiddlewareDispatcher->handle()
#5 /var/www/CRM/src/vendor/slim/slim/Slim/Routing/RouteRunner.php(84): Slim\Routing\Route->run()
#6 /var/www/CRM/src/EcclesiaCRM/Slim/Middleware/VersionMiddleware.php(17): Slim\Routing\RouteRunner->handle()
#7 /var/www/CRM/src/vendor/slim/slim/Slim/MiddlewareDispatcher.php(313): EcclesiaCRM\Slim\Middleware\VersionMiddleware->__invoke()
#8 /var/www/CRM/src/vendor/tuupola/slim-jwt-auth/src/JwtAuthentication.php(132): class@anonymous->handle()
#9 /var/www/CRM/src/vendor/slim/slim/Slim/MiddlewareDispatcher.php(147): Tuupola\Middleware\JwtAuthentication->process()
#10 /var/www/CRM/src/vendor/slim/slim/Slim/Middleware/ErrorMiddleware.php(107): class@anonymous->handle()
#11 /var/www/CRM/src/vendor/slim/slim/Slim/MiddlewareDispatcher.php(147): Slim\Middleware\ErrorMiddleware->process()
#12 /var/www/CRM/src/vendor/slim/slim/Slim/MiddlewareDispatcher.php(81): class@anonymous->handle()
#13 /var/www/CRM/src/vendor/slim/slim/Slim/App.php(215): Slim\MiddlewareDispatcher->handle()
#14 /var/www/CRM/src/vendor/slim/slim/Slim/App.php(199): Slim\App->handle()
#15 /var/www/CRM/src/api/index.php(135): Slim\App->run()
#16 {main}
[29-Dec-2021 11:58:36 Europe/Paris] Slim Application Error
Type: ParseError
Code: 0
Message: syntax error, unexpected '_or' (T_STRING)
File: /var/www/CRM/src/EcclesiaCRM/Search/PersonPastoralCareSearchRes.php
Line: 39
Trace: #0 /var/www/CRM/src/vendor/composer/ClassLoader.php(322): Composer\Autoload\includeFile()
#1 [internal function]: Composer\Autoload\ClassLoader->loadClass()
#2 /var/www/CRM/src/EcclesiaCRM/APIControllers/SearchController.php(68): spl_autoload_call()
#3 /var/www/CRM/src/vendor/slim/slim/Slim/Handlers/Strategies/RequestResponse.php(43): EcclesiaCRM\APIControllers\SearchController->getSearchResult()
#4 /var/www/CRM/src/vendor/slim/slim/Slim/Routing/Route.php(384): Slim\Handlers\Strategies\RequestResponse->__invoke()
#5 /var/www/CRM/src/vendor/slim/slim/Slim/MiddlewareDispatcher.php(81): Slim\Routing\Route->handle()
#6 /var/www/CRM/src/vendor/slim/slim/Slim/MiddlewareDispatcher.php(81): Slim\MiddlewareDispatcher->handle()
#7 /var/www/CRM/src/vendor/slim/slim/Slim/Routing/Route.php(341): Slim\MiddlewareDispatcher->handle()
#8 /var/www/CRM/src/vendor/slim/slim/Slim/Routing/RouteRunner.php(84): Slim\Routing\Route->run()
#9 /var/www/CRM/src/EcclesiaCRM/Slim/Middleware/VersionMiddleware.php(17): Slim\Routing\RouteRunner->handle()
#10 /var/www/CRM/src/vendor/slim/slim/Slim/MiddlewareDispatcher.php(313): EcclesiaCRM\Slim\Middleware\VersionMiddleware->__invoke()
#11 /var/www/CRM/src/vendor/tuupola/slim-jwt-auth/src/JwtAuthentication.php(132): class@anonymous->handle()
#12 /var/www/CRM/src/vendor/slim/slim/Slim/MiddlewareDispatcher.php(147): Tuupola\Middleware\JwtAuthentication->process()
#13 /var/www/CRM/src/vendor/slim/slim/Slim/Middleware/ErrorMiddleware.php(107): class@anonymous->handle()
#14 /var/www/CRM/src/vendor/slim/slim/Slim/MiddlewareDispatcher.php(147): Slim\Middleware\ErrorMiddleware->process()
#15 /var/www/CRM/src/vendor/slim/slim/Slim/MiddlewareDispatcher.php(81): class@anonymous->handle()
#16 /var/www/CRM/src/vendor/slim/slim/Slim/App.php(215): Slim\MiddlewareDispatcher->handle()
#17 /var/www/CRM/src/vendor/slim/slim/Slim/App.php(199): Slim\App->handle()
#18 /var/www/CRM/src/api/index.php(135): Slim\App->run()
#19 {main}
