[30-Dec-2021 16:28:45 Europe/Paris] Slim Application Error
Type: InvalidArgumentException
Code: 0
Message: The value passed to $calendarId is expected to be an array with a calendarId and an instanceId
File: /var/www/CRM/src/EcclesiaCRM/sabre/CalDavPDO.php
Line: 42
Trace: #0 /var/www/CRM/src/EcclesiaCRM/sabre/CalDavPDO.php(971): EcclesiaCRM\MyPDO\CalDavPDO->getFullCalendar()
#1 /var/www/CRM/src/EcclesiaCRM/APIControllers/CalendarEventV2Controller.php(995): EcclesiaCRM\MyPDO\CalDavPDO->isCalendarResource()
#2 /var/www/CRM/src/vendor/slim/slim/Slim/Handlers/Strategies/RequestResponse.php(43): EcclesiaCRM\APIControllers\CalendarEventV2Controller->manageEvent()
#3 /var/www/CRM/src/vendor/slim/slim/Slim/Routing/Route.php(384): Slim\Handlers\Strategies\RequestResponse->__invoke()
#4 /var/www/CRM/src/vendor/slim/slim/Slim/MiddlewareDispatcher.php(81): Slim\Routing\Route->handle()
#5 /var/www/CRM/src/vendor/slim/slim/Slim/MiddlewareDispatcher.php(81): Slim\MiddlewareDispatcher->handle()
#6 /var/www/CRM/src/vendor/slim/slim/Slim/Routing/Route.php(341): Slim\MiddlewareDispatcher->handle()
#7 /var/www/CRM/src/vendor/slim/slim/Slim/Routing/RouteRunner.php(84): Slim\Routing\Route->run()
#8 /var/www/CRM/src/EcclesiaCRM/Slim/Middleware/VersionMiddleware.php(17): Slim\Routing\RouteRunner->handle()
#9 /var/www/CRM/src/vendor/slim/slim/Slim/MiddlewareDispatcher.php(313): EcclesiaCRM\Slim\Middleware\VersionMiddleware->__invoke()
#10 /var/www/CRM/src/vendor/tuupola/slim-jwt-auth/src/JwtAuthentication.php(132): class@anonymous->handle()
#11 /var/www/CRM/src/vendor/slim/slim/Slim/MiddlewareDispatcher.php(147): Tuupola\Middleware\JwtAuthentication->process()
#12 /var/www/CRM/src/vendor/slim/slim/Slim/Middleware/ErrorMiddleware.php(107): class@anonymous->handle()
#13 /var/www/CRM/src/vendor/slim/slim/Slim/MiddlewareDispatcher.php(147): Slim\Middleware\ErrorMiddleware->process()
#14 /var/www/CRM/src/vendor/slim/slim/Slim/MiddlewareDispatcher.php(81): class@anonymous->handle()
#15 /var/www/CRM/src/vendor/slim/slim/Slim/App.php(215): Slim\MiddlewareDispatcher->handle()
#16 /var/www/CRM/src/vendor/slim/slim/Slim/App.php(199): Slim\App->handle()
#17 /var/www/CRM/src/api/index.php(135): Slim\App->run()
#18 {main}
[30-Dec-2021 16:28:48 Europe/Paris] Slim Application Error
Type: InvalidArgumentException
Code: 0
Message: The value passed to $calendarId is expected to be an array with a calendarId and an instanceId
File: /var/www/CRM/src/EcclesiaCRM/sabre/CalDavPDO.php
Line: 42
Trace: #0 /var/www/CRM/src/EcclesiaCRM/sabre/CalDavPDO.php(971): EcclesiaCRM\MyPDO\CalDavPDO->getFullCalendar()
#1 /var/www/CRM/src/EcclesiaCRM/APIControllers/CalendarEventV2Controller.php(995): EcclesiaCRM\MyPDO\CalDavPDO->isCalendarResource()
#2 /var/www/CRM/src/vendor/slim/slim/Slim/Handlers/Strategies/RequestResponse.php(43): EcclesiaCRM\APIControllers\CalendarEventV2Controller->manageEvent()
#3 /var/www/CRM/src/vendor/slim/slim/Slim/Routing/Route.php(384): Slim\Handlers\Strategies\RequestResponse->__invoke()
#4 /var/www/CRM/src/vendor/slim/slim/Slim/MiddlewareDispatcher.php(81): Slim\Routing\Route->handle()
#5 /var/www/CRM/src/vendor/slim/slim/Slim/MiddlewareDispatcher.php(81): Slim\MiddlewareDispatcher->handle()
#6 /var/www/CRM/src/vendor/slim/slim/Slim/Routing/Route.php(341): Slim\MiddlewareDispatcher->handle()
#7 /var/www/CRM/src/vendor/slim/slim/Slim/Routing/RouteRunner.php(84): Slim\Routing\Route->run()
#8 /var/www/CRM/src/EcclesiaCRM/Slim/Middleware/VersionMiddleware.php(17): Slim\Routing\RouteRunner->handle()
#9 /var/www/CRM/src/vendor/slim/slim/Slim/MiddlewareDispatcher.php(313): EcclesiaCRM\Slim\Middleware\VersionMiddleware->__invoke()
#10 /var/www/CRM/src/vendor/tuupola/slim-jwt-auth/src/JwtAuthentication.php(132): class@anonymous->handle()
#11 /var/www/CRM/src/vendor/slim/slim/Slim/MiddlewareDispatcher.php(147): Tuupola\Middleware\JwtAuthentication->process()
#12 /var/www/CRM/src/vendor/slim/slim/Slim/Middleware/ErrorMiddleware.php(107): class@anonymous->handle()
#13 /var/www/CRM/src/vendor/slim/slim/Slim/MiddlewareDispatcher.php(147): Slim\Middleware\ErrorMiddleware->process()
#14 /var/www/CRM/src/vendor/slim/slim/Slim/MiddlewareDispatcher.php(81): class@anonymous->handle()
#15 /var/www/CRM/src/vendor/slim/slim/Slim/App.php(215): Slim\MiddlewareDispatcher->handle()
#16 /var/www/CRM/src/vendor/slim/slim/Slim/App.php(199): Slim\App->handle()
#17 /var/www/CRM/src/api/index.php(135): Slim\App->run()
#18 {main}
[30-Dec-2021 16:28:58 Europe/Paris] Slim Application Error
Type: InvalidArgumentException
Code: 0
Message: The value passed to $calendarId is expected to be an array with a calendarId and an instanceId
File: /var/www/CRM/src/EcclesiaCRM/sabre/CalDavPDO.php
Line: 42
Trace: #0 /var/www/CRM/src/EcclesiaCRM/sabre/CalDavPDO.php(971): EcclesiaCRM\MyPDO\CalDavPDO->getFullCalendar()
#1 /var/www/CRM/src/EcclesiaCRM/APIControllers/CalendarEventV2Controller.php(995): EcclesiaCRM\MyPDO\CalDavPDO->isCalendarResource()
#2 /var/www/CRM/src/vendor/slim/slim/Slim/Handlers/Strategies/RequestResponse.php(43): EcclesiaCRM\APIControllers\CalendarEventV2Controller->manageEvent()
#3 /var/www/CRM/src/vendor/slim/slim/Slim/Routing/Route.php(384): Slim\Handlers\Strategies\RequestResponse->__invoke()
#4 /var/www/CRM/src/vendor/slim/slim/Slim/MiddlewareDispatcher.php(81): Slim\Routing\Route->handle()
#5 /var/www/CRM/src/vendor/slim/slim/Slim/MiddlewareDispatcher.php(81): Slim\MiddlewareDispatcher->handle()
#6 /var/www/CRM/src/vendor/slim/slim/Slim/Routing/Route.php(341): Slim\MiddlewareDispatcher->handle()
#7 /var/www/CRM/src/vendor/slim/slim/Slim/Routing/RouteRunner.php(84): Slim\Routing\Route->run()
#8 /var/www/CRM/src/EcclesiaCRM/Slim/Middleware/VersionMiddleware.php(17): Slim\Routing\RouteRunner->handle()
#9 /var/www/CRM/src/vendor/slim/slim/Slim/MiddlewareDispatcher.php(313): EcclesiaCRM\Slim\Middleware\VersionMiddleware->__invoke()
#10 /var/www/CRM/src/vendor/tuupola/slim-jwt-auth/src/JwtAuthentication.php(132): class@anonymous->handle()
#11 /var/www/CRM/src/vendor/slim/slim/Slim/MiddlewareDispatcher.php(147): Tuupola\Middleware\JwtAuthentication->process()
#12 /var/www/CRM/src/vendor/slim/slim/Slim/Middleware/ErrorMiddleware.php(107): class@anonymous->handle()
#13 /var/www/CRM/src/vendor/slim/slim/Slim/MiddlewareDispatcher.php(147): Slim\Middleware\ErrorMiddleware->process()
#14 /var/www/CRM/src/vendor/slim/slim/Slim/MiddlewareDispatcher.php(81): class@anonymous->handle()
#15 /var/www/CRM/src/vendor/slim/slim/Slim/App.php(215): Slim\MiddlewareDispatcher->handle()
#16 /var/www/CRM/src/vendor/slim/slim/Slim/App.php(199): Slim\App->handle()
#17 /var/www/CRM/src/api/index.php(135): Slim\App->run()
#18 {main}
[30-Dec-2021 22:36:47 Europe/Paris] Slim Application Error
Type: Error
Code: 0
Message: Class 'EcclesiaCRM\MyPDO\CalDavPDO' not found
File: /var/www/CRM/src/EcclesiaCRM/dto/MenuEventsCount.php
Line: 58
Trace: #0 /var/www/CRM/src/EcclesiaCRM/Synchronize/EventsDashboardItem.php(24): EcclesiaCRM\dto\MenuEventsCount::getNumberEventsOfToday()
#1 /var/www/CRM/src/EcclesiaCRM/Service/SynchronizeService.php(34): EcclesiaCRM\Synchronize\EventsDashboardItem::getDashboardItemValue()
#2 /var/www/CRM/src/EcclesiaCRM/APIControllers/SystemSynchronizeController.php(46): EcclesiaCRM\Service\SynchronizeService::getValues()
#3 /var/www/CRM/src/vendor/slim/slim/Slim/Handlers/Strategies/RequestResponse.php(43): EcclesiaCRM\APIControllers\SystemSynchronizeController->synchronize()
#4 /var/www/CRM/src/vendor/slim/slim/Slim/Routing/Route.php(384): Slim\Handlers\Strategies\RequestResponse->__invoke()
#5 /var/www/CRM/src/vendor/slim/slim/Slim/MiddlewareDispatcher.php(81): Slim\Routing\Route->handle()
#6 /var/www/CRM/src/vendor/slim/slim/Slim/MiddlewareDispatcher.php(81): Slim\MiddlewareDispatcher->handle()
#7 /var/www/CRM/src/vendor/slim/slim/Slim/Routing/Route.php(341): Slim\MiddlewareDispatcher->handle()
#8 /var/www/CRM/src/vendor/slim/slim/Slim/Routing/RouteRunner.php(84): Slim\Routing\Route->run()
#9 /var/www/CRM/src/EcclesiaCRM/Slim/Middleware/VersionMiddleware.php(17): Slim\Routing\RouteRunner->handle()
#10 /var/www/CRM/src/vendor/slim/slim/Slim/MiddlewareDispatcher.php(313): EcclesiaCRM\Slim\Middleware\VersionMiddleware->__invoke()
#11 /var/www/CRM/src/vendor/tuupola/slim-jwt-auth/src/JwtAuthentication.php(132): class@anonymous->handle()
#12 /var/www/CRM/src/vendor/slim/slim/Slim/MiddlewareDispatcher.php(147): Tuupola\Middleware\JwtAuthentication->process()
#13 /var/www/CRM/src/vendor/slim/slim/Slim/Middleware/ErrorMiddleware.php(107): class@anonymous->handle()
#14 /var/www/CRM/src/vendor/slim/slim/Slim/MiddlewareDispatcher.php(147): Slim\Middleware\ErrorMiddleware->process()
#15 /var/www/CRM/src/vendor/slim/slim/Slim/MiddlewareDispatcher.php(81): class@anonymous->handle()
#16 /var/www/CRM/src/vendor/slim/slim/Slim/App.php(215): Slim\MiddlewareDispatcher->handle()
#17 /var/www/CRM/src/vendor/slim/slim/Slim/App.php(199): Slim\App->handle()
#18 /var/www/CRM/src/api/index.php(135): Slim\App->run()
#19 {main}
[30-Dec-2021 22:36:50 Europe/Paris] PHP Fatal error:  Uncaught Error: Class 'EcclesiaCRM\MyPDO\CalDavPDO' not found in /var/www/CRM/src/calendarserver.php:70
Stack trace:
#0 {main}
  thrown in /var/www/CRM/src/calendarserver.php on line 70
[30-Dec-2021 22:36:50 Europe/Paris] PHP Fatal error:  Uncaught Error: Class 'EcclesiaCRM\MyPDO\CalDavPDO' not found in /var/www/CRM/src/calendarserver.php:70
Stack trace:
#0 {main}
  thrown in /var/www/CRM/src/calendarserver.php on line 70
