[31-Dec-2021 18:28:59 Europe/Paris] PHP Fatal error:  Uncaught Error: Class 'EcclesiaCRM\PersonalCalendarServer\EcclesiaCRMCalendarServer' not found in /var/www/CRM/src/calendarserver.php:82
Stack trace:
#0 {main}
  thrown in /var/www/CRM/src/calendarserver.php on line 82
[31-Dec-2021 18:30:17 Europe/Paris] PHP Fatal error:  Uncaught Error: Class 'EcclesiaCRM\PersonalCalendarServer\EcclesiaCRMCalendarServer' not found in /var/www/CRM/src/calendarserver.php:82
Stack trace:
#0 {main}
  thrown in /var/www/CRM/src/calendarserver.php on line 82
[31-Dec-2021 18:30:56 Europe/Paris] PHP Fatal error:  Uncaught Error: Class 'EcclesiaCRM\PersonalCalendarServer\EcclesiaCRMCalendarServer' not found in /var/www/CRM/src/calendarserver.php:82
Stack trace:
#0 {main}
  thrown in /var/www/CRM/src/calendarserver.php on line 82
[31-Dec-2021 18:31:17 Europe/Paris] PHP Fatal error:  Uncaught Error: Class 'EcclesiaCRM\PersonalCalendarServer\EcclesiaCRMCalendarServer' not found in /var/www/CRM/src/calendarserver.php:82
Stack trace:
#0 {main}
  thrown in /var/www/CRM/src/calendarserver.php on line 82
[31-Dec-2021 18:31:17 Europe/Paris] PHP Fatal error:  Uncaught Error: Class 'EcclesiaCRM\PersonalCalendarServer\EcclesiaCRMCalendarServer' not found in /var/www/CRM/src/calendarserver.php:82
Stack trace:
#0 {main}
  thrown in /var/www/CRM/src/calendarserver.php on line 82
[31-Dec-2021 18:32:09 Europe/Paris] PHP Fatal error:  Uncaught Error: Class 'EcclesiaCRM\PersonalCalendarServer\EcclesiaCRMCalendarServer' not found in /var/www/CRM/src/calendarserver.php:82
Stack trace:
#0 {main}
  thrown in /var/www/CRM/src/calendarserver.php on line 82
[31-Dec-2021 18:32:10 Europe/Paris] PHP Fatal error:  Uncaught Error: Class 'EcclesiaCRM\PersonalCalendarServer\EcclesiaCRMCalendarServer' not found in /var/www/CRM/src/calendarserver.php:82
Stack trace:
#0 {main}
  thrown in /var/www/CRM/src/calendarserver.php on line 82
[31-Dec-2021 18:32:33 Europe/Paris] PHP Fatal error:  Uncaught Error: Class 'EcclesiaCRM\PersonalCalendarServer\EcclesiaCRMCalendarServer' not found in /var/www/CRM/src/calendarserver.php:82
Stack trace:
#0 {main}
  thrown in /var/www/CRM/src/calendarserver.php on line 82
[31-Dec-2021 18:33:26 Europe/Paris] PHP Fatal error:  Uncaught Error: Class 'EcclesiaCRM\PersonalServer\EcclesiaCRMCalendarServer' not found in /var/www/CRM/src/calendarserver.php:82
Stack trace:
#0 {main}
  thrown in /var/www/CRM/src/calendarserver.php on line 82
[31-Dec-2021 18:33:26 Europe/Paris] PHP Fatal error:  Uncaught Error: Class 'EcclesiaCRM\PersonalServer\EcclesiaCRMCalendarServer' not found in /var/www/CRM/src/calendarserver.php:82
Stack trace:
#0 {main}
  thrown in /var/www/CRM/src/calendarserver.php on line 82
[31-Dec-2021 18:35:34 Europe/Paris] PHP Fatal error:  Uncaught Error: Class 'EcclesiaCRM\PersonalServer\EcclesiaCRMCalendarServer' not found in /var/www/CRM/src/calendarserver.php:82
Stack trace:
#0 {main}
  thrown in /var/www/CRM/src/calendarserver.php on line 82
[31-Dec-2021 18:35:34 Europe/Paris] PHP Fatal error:  Uncaught Error: Class 'EcclesiaCRM\PersonalServer\EcclesiaCRMCalendarServer' not found in /var/www/CRM/src/calendarserver.php:82
Stack trace:
#0 {main}
  thrown in /var/www/CRM/src/calendarserver.php on line 82
