[14-Oct-2021 19:35:04 Europe/Paris] Slim Application Error
Type: Propel\Runtime\ActiveQuery\QueryExecutor\QueryExecutionException
Code: 0
Message: Unable to execute statement [SELECT person_per.per_ID, person_per.per_Title, person_per.per_FirstName, person_per.per_MiddleName, person_per.per_LastName, person_per.per_Suffix, person_per.per_Address1, person_per.per_Address2, person_per.per_City, person_per.per_State, person_per.per_Zip, person_per.per_Country, person_per.per_HomePhone, person_per.per_WorkPhone, person_per.per_CellPhone, person_per.per_Email, person_per.per_WorkEmail, person_per.per_BirthMonth, person_per.per_BirthDay, person_per.per_BirthYear, person_per.per_MembershipDate, person_per.per_Gender, person_per.per_fmr_ID, person_per.per_cls_ID, person_per.per_fam_ID, person_per.per_Envelope, person_per.per_DateLastEdited, person_per.per_DateEntered, person_per.per_EnteredBy, person_per.per_EditedBy, person_per.per_FriendDate, person_per.per_Flags, person_per.per_FacebookID, person_per.per_Twitter, person_per.per_LinkedIn, person_per.per_DateDeactivated, person_per.per_SendNewsLetter, property_pro.pro_Name AS ProName, property_pro.pro_ID AS ProId, property_pro.pro_prt_ID AS ProPrtId, property_pro.pro_Prompt AS ProPrompt, propertytype_prt.prt_Name AS ProTypeName FROM person_per LEFT JOIN record2property_r2p ON (person_per.per_ID=record2property_r2p.r2p_record_ID) LEFT JOIN property_pro ON (record2property_r2p.r2p_pro_ID=property_pro.pro_ID) LEFT JOIN propertytype_prt ON (property_pro.pro_prt_ID=propertytype_prt.prt_ID) WHERE person_per.per_DateDeactivated IS NULL  AND property_pro.pro_Class='p' AND (property_pro.pro_Name LIKE '%com'%'  OR record2property_r2p.r2p_Value LIKE '%com'%' ) ORDER BY ProName ASC,ProTypeName ASC LIMIT 15]
File: /var/www/CRM/src/vendor/propel/propel/src/Propel/Runtime/ActiveQuery/QueryExecutor/AbstractQueryExecutor.php
Line: 136
Trace: #0 /var/www/CRM/src/vendor/propel/propel/src/Propel/Runtime/ActiveQuery/QueryExecutor/AbstractQueryExecutor.php(105): Propel\Runtime\ActiveQuery\QueryExecutor\AbstractQueryExecutor->handleStatementException(Object(PDOException), 'SELECT person_p...', Object(Propel\Runtime\Connection\StatementWrapper))
#1 /var/www/CRM/src/vendor/propel/propel/src/Propel/Runtime/ActiveQuery/QueryExecutor/SelectQueryExecutor.php(49): Propel\Runtime\ActiveQuery\QueryExecutor\AbstractQueryExecutor->executeStatement(Object(Propel\Runtime\ActiveQuery\SqlBuilder\PreparedStatementDto))
#2 /var/www/CRM/src/vendor/propel/propel/src/Propel/Runtime/ActiveQuery/QueryExecutor/SelectQueryExecutor.php(37): Propel\Runtime\ActiveQuery\QueryExecutor\SelectQueryExecutor->runSelect()
#3 /var/www/CRM/src/vendor/propel/propel/src/Propel/Runtime/ActiveQuery/Criteria.php(2322): Propel\Runtime\ActiveQuery\QueryExecutor\SelectQueryExecutor::execute(Object(EcclesiaCRM\PersonQuery), Object(Propel\Runtime\Connection\PropelPDO))
#4 /var/www/CRM/src/vendor/propel/propel/src/Propel/Runtime/ActiveQuery/ModelCriteria.php(2211): Propel\Runtime\ActiveQuery\Criteria->doSelect(Object(Propel\Runtime\Connection\PropelPDO))
#5 /var/www/CRM/src/vendor/propel/propel/src/Propel/Runtime/ActiveQuery/ModelCriteria.php(1243): Propel\Runtime\ActiveQuery\ModelCriteria->doSelect(Object(Propel\Runtime\Connection\PropelPDO))
#6 /var/www/CRM/src/EcclesiaCRM/Search/PersonPropsSearchRes.php(68): Propel\Runtime\ActiveQuery\ModelCriteria->find()
#7 /var/www/CRM/src/EcclesiaCRM/Search/BaseSearchRes.php(37): EcclesiaCRM\Search\PersonPropsSearchRes->buildSearch('com'')
#8 /var/www/CRM/src/EcclesiaCRM/APIControllers/SearchController.php(119): EcclesiaCRM\Search\BaseSearchRes->getRes('com'')
#9 /var/www/CRM/src/vendor/slim/slim/Slim/Handlers/Strategies/RequestResponse.php(43): EcclesiaCRM\APIControllers\SearchController->quickSearch(Object(Slim\Http\ServerRequest), Object(Slim\Http\Response), Array)
#10 /var/www/CRM/src/vendor/slim/slim/Slim/Routing/Route.php(384): Slim\Handlers\Strategies\RequestResponse->__invoke(Array, Object(Slim\Http\ServerRequest), Object(Slim\Http\Response), Array)
#11 /var/www/CRM/src/vendor/slim/slim/Slim/MiddlewareDispatcher.php(81): Slim\Routing\Route->handle(Object(Slim\Http\ServerRequest))
#12 /var/www/CRM/src/vendor/slim/slim/Slim/MiddlewareDispatcher.php(81): Slim\MiddlewareDispatcher->handle(Object(Slim\Http\ServerRequest))
#13 /var/www/CRM/src/vendor/slim/slim/Slim/Routing/Route.php(341): Slim\MiddlewareDispatcher->handle(Object(Slim\Http\ServerRequest))
#14 /var/www/CRM/src/vendor/slim/slim/Slim/Routing/RouteRunner.php(84): Slim\Routing\Route->run(Object(Slim\Http\ServerRequest))
#15 /var/www/CRM/src/EcclesiaCRM/Slim/Middleware/VersionMiddleware.php(17): Slim\Routing\RouteRunner->handle(Object(Slim\Http\ServerRequest))
#16 /var/www/CRM/src/vendor/slim/slim/Slim/MiddlewareDispatcher.php(313): EcclesiaCRM\Slim\Middleware\VersionMiddleware->__invoke(Object(Slim\Http\ServerRequest), Object(Slim\Routing\RouteRunner))
#17 /var/www/CRM/src/vendor/tuupola/slim-jwt-auth/src/JwtAuthentication.php(132): class@anonymous->handle(Object(Slim\Http\ServerRequest))
#18 /var/www/CRM/src/vendor/slim/slim/Slim/MiddlewareDispatcher.php(147): Tuupola\Middleware\JwtAuthentication->process(Object(Slim\Http\ServerRequest), Object(class@anonymous))
#19 /var/www/CRM/src/vendor/slim/slim/Slim/Middleware/ErrorMiddleware.php(107): class@anonymous->handle(Object(Slim\Http\ServerRequest))
#20 /var/www/CRM/src/vendor/slim/slim/Slim/MiddlewareDispatcher.php(147): Slim\Middleware\ErrorMiddleware->process(Object(Slim\Http\ServerRequest), Object(class@anonymous))
#21 /var/www/CRM/src/vendor/slim/slim/Slim/MiddlewareDispatcher.php(81): class@anonymous->handle(Object(Slim\Http\ServerRequest))
#22 /var/www/CRM/src/vendor/slim/slim/Slim/App.php(215): Slim\MiddlewareDispatcher->handle(Object(Slim\Http\ServerRequest))
#23 /var/www/CRM/src/vendor/slim/slim/Slim/App.php(199): Slim\App->handle(Object(Slim\Http\ServerRequest))
#24 /var/www/CRM/src/api/index.php(134): Slim\App->run()
#25 {main}
Previous Error:
Type: PDOException
Code: 42000
Message: SQLSTATE[42000]: Syntax error or access violation: 1064 You have an error in your SQL syntax; check the manual that corresponds to your MySQL server version for the right syntax to use near '%'  OR record2property_r2p.r2p_Value LIKE '%com'%' ) ORDER BY ProName ASC,ProTyp' at line 1
File: /var/www/CRM/src/vendor/propel/propel/src/Propel/Runtime/Connection/StatementWrapper.php
Line: 215
Trace: #0 /var/www/CRM/src/vendor/propel/propel/src/Propel/Runtime/Connection/StatementWrapper.php(215): PDOStatement->execute(NULL)
#1 /var/www/CRM/src/vendor/propel/propel/src/Propel/Runtime/ActiveQuery/QueryExecutor/AbstractQueryExecutor.php(103): Propel\Runtime\Connection\StatementWrapper->execute()
#2 /var/www/CRM/src/vendor/propel/propel/src/Propel/Runtime/ActiveQuery/QueryExecutor/SelectQueryExecutor.php(49): Propel\Runtime\ActiveQuery\QueryExecutor\AbstractQueryExecutor->executeStatement(Object(Propel\Runtime\ActiveQuery\SqlBuilder\PreparedStatementDto))
#3 /var/www/CRM/src/vendor/propel/propel/src/Propel/Runtime/ActiveQuery/QueryExecutor/SelectQueryExecutor.php(37): Propel\Runtime\ActiveQuery\QueryExecutor\SelectQueryExecutor->runSelect()
#4 /var/www/CRM/src/vendor/propel/propel/src/Propel/Runtime/ActiveQuery/Criteria.php(2322): Propel\Runtime\ActiveQuery\QueryExecutor\SelectQueryExecutor::execute(Object(EcclesiaCRM\PersonQuery), Object(Propel\Runtime\Connection\PropelPDO))
#5 /var/www/CRM/src/vendor/propel/propel/src/Propel/Runtime/ActiveQuery/ModelCriteria.php(2211): Propel\Runtime\ActiveQuery\Criteria->doSelect(Object(Propel\Runtime\Connection\PropelPDO))
#6 /var/www/CRM/src/vendor/propel/propel/src/Propel/Runtime/ActiveQuery/ModelCriteria.php(1243): Propel\Runtime\ActiveQuery\ModelCriteria->doSelect(Object(Propel\Runtime\Connection\PropelPDO))
#7 /var/www/CRM/src/EcclesiaCRM/Search/PersonPropsSearchRes.php(68): Propel\Runtime\ActiveQuery\ModelCriteria->find()
#8 /var/www/CRM/src/EcclesiaCRM/Search/BaseSearchRes.php(37): EcclesiaCRM\Search\PersonPropsSearchRes->buildSearch('com'')
#9 /var/www/CRM/src/EcclesiaCRM/APIControllers/SearchController.php(119): EcclesiaCRM\Search\BaseSearchRes->getRes('com'')
#10 /var/www/CRM/src/vendor/slim/slim/Slim/Handlers/Strategies/RequestResponse.php(43): EcclesiaCRM\APIControllers\SearchController->quickSearch(Object(Slim\Http\ServerRequest), Object(Slim\Http\Response), Array)
#11 /var/www/CRM/src/vendor/slim/slim/Slim/Routing/Route.php(384): Slim\Handlers\Strategies\RequestResponse->__invoke(Array, Object(Slim\Http\ServerRequest), Object(Slim\Http\Response), Array)
#12 /var/www/CRM/src/vendor/slim/slim/Slim/MiddlewareDispatcher.php(81): Slim\Routing\Route->handle(Object(Slim\Http\ServerRequest))
#13 /var/www/CRM/src/vendor/slim/slim/Slim/MiddlewareDispatcher.php(81): Slim\MiddlewareDispatcher->handle(Object(Slim\Http\ServerRequest))
#14 /var/www/CRM/src/vendor/slim/slim/Slim/Routing/Route.php(341): Slim\MiddlewareDispatcher->handle(Object(Slim\Http\ServerRequest))
#15 /var/www/CRM/src/vendor/slim/slim/Slim/Routing/RouteRunner.php(84): Slim\Routing\Route->run(Object(Slim\Http\ServerRequest))
#16 /var/www/CRM/src/EcclesiaCRM/Slim/Middleware/VersionMiddleware.php(17): Slim\Routing\RouteRunner->handle(Object(Slim\Http\ServerRequest))
#17 /var/www/CRM/src/vendor/slim/slim/Slim/MiddlewareDispatcher.php(313): EcclesiaCRM\Slim\Middleware\VersionMiddleware->__invoke(Object(Slim\Http\ServerRequest), Object(Slim\Routing\RouteRunner))
#18 /var/www/CRM/src/vendor/tuupola/slim-jwt-auth/src/JwtAuthentication.php(132): class@anonymous->handle(Object(Slim\Http\ServerRequest))
#19 /var/www/CRM/src/vendor/slim/slim/Slim/MiddlewareDispatcher.php(147): Tuupola\Middleware\JwtAuthentication->process(Object(Slim\Http\ServerRequest), Object(class@anonymous))
#20 /var/www/CRM/src/vendor/slim/slim/Slim/Middleware/ErrorMiddleware.php(107): class@anonymous->handle(Object(Slim\Http\ServerRequest))
#21 /var/www/CRM/src/vendor/slim/slim/Slim/MiddlewareDispatcher.php(147): Slim\Middleware\ErrorMiddleware->process(Object(Slim\Http\ServerRequest), Object(class@anonymous))
#22 /var/www/CRM/src/vendor/slim/slim/Slim/MiddlewareDispatcher.php(81): class@anonymous->handle(Object(Slim\Http\ServerRequest))
#23 /var/www/CRM/src/vendor/slim/slim/Slim/App.php(215): Slim\MiddlewareDispatcher->handle(Object(Slim\Http\ServerRequest))
#24 /var/www/CRM/src/vendor/slim/slim/Slim/App.php(199): Slim\App->handle(Object(Slim\Http\ServerRequest))
#25 /var/www/CRM/src/api/index.php(134): Slim\App->run()
#26 {main}
[14-Oct-2021 19:35:22 Europe/Paris] Slim Application Error
Type: Propel\Runtime\ActiveQuery\QueryExecutor\QueryExecutionException
Code: 0
Message: Unable to execute statement [SELECT person_per.per_ID, person_per.per_Title, person_per.per_FirstName, person_per.per_MiddleName, person_per.per_LastName, person_per.per_Suffix, person_per.per_Address1, person_per.per_Address2, person_per.per_City, person_per.per_State, person_per.per_Zip, person_per.per_Country, person_per.per_HomePhone, person_per.per_WorkPhone, person_per.per_CellPhone, person_per.per_Email, person_per.per_WorkEmail, person_per.per_BirthMonth, person_per.per_BirthDay, person_per.per_BirthYear, person_per.per_MembershipDate, person_per.per_Gender, person_per.per_fmr_ID, person_per.per_cls_ID, person_per.per_fam_ID, person_per.per_Envelope, person_per.per_DateLastEdited, person_per.per_DateEntered, person_per.per_EnteredBy, person_per.per_EditedBy, person_per.per_FriendDate, person_per.per_Flags, person_per.per_FacebookID, person_per.per_Twitter, person_per.per_LinkedIn, person_per.per_DateDeactivated, person_per.per_SendNewsLetter, property_pro.pro_Name AS ProName, property_pro.pro_ID AS ProId, property_pro.pro_prt_ID AS ProPrtId, property_pro.pro_Prompt AS ProPrompt, propertytype_prt.prt_Name AS ProTypeName FROM person_per LEFT JOIN record2property_r2p ON (person_per.per_ID=record2property_r2p.r2p_record_ID) LEFT JOIN property_pro ON (record2property_r2p.r2p_pro_ID=property_pro.pro_ID) LEFT JOIN propertytype_prt ON (property_pro.pro_prt_ID=propertytype_prt.prt_ID) WHERE person_per.per_DateDeactivated IS NULL  AND property_pro.pro_Class='p' AND (property_pro.pro_Name LIKE '%com'%'  OR record2property_r2p.r2p_Value LIKE '%com'%' ) ORDER BY ProName ASC,ProTypeName ASC LIMIT 15]
File: /var/www/CRM/src/vendor/propel/propel/src/Propel/Runtime/ActiveQuery/QueryExecutor/AbstractQueryExecutor.php
Line: 136
Trace: #0 /var/www/CRM/src/vendor/propel/propel/src/Propel/Runtime/ActiveQuery/QueryExecutor/AbstractQueryExecutor.php(105): Propel\Runtime\ActiveQuery\QueryExecutor\AbstractQueryExecutor->handleStatementException(Object(PDOException), 'SELECT person_p...', Object(Propel\Runtime\Connection\StatementWrapper))
#1 /var/www/CRM/src/vendor/propel/propel/src/Propel/Runtime/ActiveQuery/QueryExecutor/SelectQueryExecutor.php(49): Propel\Runtime\ActiveQuery\QueryExecutor\AbstractQueryExecutor->executeStatement(Object(Propel\Runtime\ActiveQuery\SqlBuilder\PreparedStatementDto))
#2 /var/www/CRM/src/vendor/propel/propel/src/Propel/Runtime/ActiveQuery/QueryExecutor/SelectQueryExecutor.php(37): Propel\Runtime\ActiveQuery\QueryExecutor\SelectQueryExecutor->runSelect()
#3 /var/www/CRM/src/vendor/propel/propel/src/Propel/Runtime/ActiveQuery/Criteria.php(2322): Propel\Runtime\ActiveQuery\QueryExecutor\SelectQueryExecutor::execute(Object(EcclesiaCRM\PersonQuery), Object(Propel\Runtime\Connection\PropelPDO))
#4 /var/www/CRM/src/vendor/propel/propel/src/Propel/Runtime/ActiveQuery/ModelCriteria.php(2211): Propel\Runtime\ActiveQuery\Criteria->doSelect(Object(Propel\Runtime\Connection\PropelPDO))
#5 /var/www/CRM/src/vendor/propel/propel/src/Propel/Runtime/ActiveQuery/ModelCriteria.php(1243): Propel\Runtime\ActiveQuery\ModelCriteria->doSelect(Object(Propel\Runtime\Connection\PropelPDO))
#6 /var/www/CRM/src/EcclesiaCRM/Search/PersonPropsSearchRes.php(68): Propel\Runtime\ActiveQuery\ModelCriteria->find()
#7 /var/www/CRM/src/EcclesiaCRM/Search/BaseSearchRes.php(37): EcclesiaCRM\Search\PersonPropsSearchRes->buildSearch('com'')
#8 /var/www/CRM/src/EcclesiaCRM/APIControllers/SearchController.php(119): EcclesiaCRM\Search\BaseSearchRes->getRes('com'')
#9 /var/www/CRM/src/vendor/slim/slim/Slim/Handlers/Strategies/RequestResponse.php(43): EcclesiaCRM\APIControllers\SearchController->quickSearch(Object(Slim\Http\ServerRequest), Object(Slim\Http\Response), Array)
#10 /var/www/CRM/src/vendor/slim/slim/Slim/Routing/Route.php(384): Slim\Handlers\Strategies\RequestResponse->__invoke(Array, Object(Slim\Http\ServerRequest), Object(Slim\Http\Response), Array)
#11 /var/www/CRM/src/vendor/slim/slim/Slim/MiddlewareDispatcher.php(81): Slim\Routing\Route->handle(Object(Slim\Http\ServerRequest))
#12 /var/www/CRM/src/vendor/slim/slim/Slim/MiddlewareDispatcher.php(81): Slim\MiddlewareDispatcher->handle(Object(Slim\Http\ServerRequest))
#13 /var/www/CRM/src/vendor/slim/slim/Slim/Routing/Route.php(341): Slim\MiddlewareDispatcher->handle(Object(Slim\Http\ServerRequest))
#14 /var/www/CRM/src/vendor/slim/slim/Slim/Routing/RouteRunner.php(84): Slim\Routing\Route->run(Object(Slim\Http\ServerRequest))
#15 /var/www/CRM/src/EcclesiaCRM/Slim/Middleware/VersionMiddleware.php(17): Slim\Routing\RouteRunner->handle(Object(Slim\Http\ServerRequest))
#16 /var/www/CRM/src/vendor/slim/slim/Slim/MiddlewareDispatcher.php(313): EcclesiaCRM\Slim\Middleware\VersionMiddleware->__invoke(Object(Slim\Http\ServerRequest), Object(Slim\Routing\RouteRunner))
#17 /var/www/CRM/src/vendor/tuupola/slim-jwt-auth/src/JwtAuthentication.php(132): class@anonymous->handle(Object(Slim\Http\ServerRequest))
#18 /var/www/CRM/src/vendor/slim/slim/Slim/MiddlewareDispatcher.php(147): Tuupola\Middleware\JwtAuthentication->process(Object(Slim\Http\ServerRequest), Object(class@anonymous))
#19 /var/www/CRM/src/vendor/slim/slim/Slim/Middleware/ErrorMiddleware.php(107): class@anonymous->handle(Object(Slim\Http\ServerRequest))
#20 /var/www/CRM/src/vendor/slim/slim/Slim/MiddlewareDispatcher.php(147): Slim\Middleware\ErrorMiddleware->process(Object(Slim\Http\ServerRequest), Object(class@anonymous))
#21 /var/www/CRM/src/vendor/slim/slim/Slim/MiddlewareDispatcher.php(81): class@anonymous->handle(Object(Slim\Http\ServerRequest))
#22 /var/www/CRM/src/vendor/slim/slim/Slim/App.php(215): Slim\MiddlewareDispatcher->handle(Object(Slim\Http\ServerRequest))
#23 /var/www/CRM/src/vendor/slim/slim/Slim/App.php(199): Slim\App->handle(Object(Slim\Http\ServerRequest))
#24 /var/www/CRM/src/api/index.php(134): Slim\App->run()
#25 {main}
Previous Error:
Type: PDOException
Code: 42000
Message: SQLSTATE[42000]: Syntax error or access violation: 1064 You have an error in your SQL syntax; check the manual that corresponds to your MySQL server version for the right syntax to use near '%'  OR record2property_r2p.r2p_Value LIKE '%com'%' ) ORDER BY ProName ASC,ProTyp' at line 1
File: /var/www/CRM/src/vendor/propel/propel/src/Propel/Runtime/Connection/StatementWrapper.php
Line: 215
Trace: #0 /var/www/CRM/src/vendor/propel/propel/src/Propel/Runtime/Connection/StatementWrapper.php(215): PDOStatement->execute(NULL)
#1 /var/www/CRM/src/vendor/propel/propel/src/Propel/Runtime/ActiveQuery/QueryExecutor/AbstractQueryExecutor.php(103): Propel\Runtime\Connection\StatementWrapper->execute()
#2 /var/www/CRM/src/vendor/propel/propel/src/Propel/Runtime/ActiveQuery/QueryExecutor/SelectQueryExecutor.php(49): Propel\Runtime\ActiveQuery\QueryExecutor\AbstractQueryExecutor->executeStatement(Object(Propel\Runtime\ActiveQuery\SqlBuilder\PreparedStatementDto))
#3 /var/www/CRM/src/vendor/propel/propel/src/Propel/Runtime/ActiveQuery/QueryExecutor/SelectQueryExecutor.php(37): Propel\Runtime\ActiveQuery\QueryExecutor\SelectQueryExecutor->runSelect()
#4 /var/www/CRM/src/vendor/propel/propel/src/Propel/Runtime/ActiveQuery/Criteria.php(2322): Propel\Runtime\ActiveQuery\QueryExecutor\SelectQueryExecutor::execute(Object(EcclesiaCRM\PersonQuery), Object(Propel\Runtime\Connection\PropelPDO))
#5 /var/www/CRM/src/vendor/propel/propel/src/Propel/Runtime/ActiveQuery/ModelCriteria.php(2211): Propel\Runtime\ActiveQuery\Criteria->doSelect(Object(Propel\Runtime\Connection\PropelPDO))
#6 /var/www/CRM/src/vendor/propel/propel/src/Propel/Runtime/ActiveQuery/ModelCriteria.php(1243): Propel\Runtime\ActiveQuery\ModelCriteria->doSelect(Object(Propel\Runtime\Connection\PropelPDO))
#7 /var/www/CRM/src/EcclesiaCRM/Search/PersonPropsSearchRes.php(68): Propel\Runtime\ActiveQuery\ModelCriteria->find()
#8 /var/www/CRM/src/EcclesiaCRM/Search/BaseSearchRes.php(37): EcclesiaCRM\Search\PersonPropsSearchRes->buildSearch('com'')
#9 /var/www/CRM/src/EcclesiaCRM/APIControllers/SearchController.php(119): EcclesiaCRM\Search\BaseSearchRes->getRes('com'')
#10 /var/www/CRM/src/vendor/slim/slim/Slim/Handlers/Strategies/RequestResponse.php(43): EcclesiaCRM\APIControllers\SearchController->quickSearch(Object(Slim\Http\ServerRequest), Object(Slim\Http\Response), Array)
#11 /var/www/CRM/src/vendor/slim/slim/Slim/Routing/Route.php(384): Slim\Handlers\Strategies\RequestResponse->__invoke(Array, Object(Slim\Http\ServerRequest), Object(Slim\Http\Response), Array)
#12 /var/www/CRM/src/vendor/slim/slim/Slim/MiddlewareDispatcher.php(81): Slim\Routing\Route->handle(Object(Slim\Http\ServerRequest))
#13 /var/www/CRM/src/vendor/slim/slim/Slim/MiddlewareDispatcher.php(81): Slim\MiddlewareDispatcher->handle(Object(Slim\Http\ServerRequest))
#14 /var/www/CRM/src/vendor/slim/slim/Slim/Routing/Route.php(341): Slim\MiddlewareDispatcher->handle(Object(Slim\Http\ServerRequest))
#15 /var/www/CRM/src/vendor/slim/slim/Slim/Routing/RouteRunner.php(84): Slim\Routing\Route->run(Object(Slim\Http\ServerRequest))
#16 /var/www/CRM/src/EcclesiaCRM/Slim/Middleware/VersionMiddleware.php(17): Slim\Routing\RouteRunner->handle(Object(Slim\Http\ServerRequest))
#17 /var/www/CRM/src/vendor/slim/slim/Slim/MiddlewareDispatcher.php(313): EcclesiaCRM\Slim\Middleware\VersionMiddleware->__invoke(Object(Slim\Http\ServerRequest), Object(Slim\Routing\RouteRunner))
#18 /var/www/CRM/src/vendor/tuupola/slim-jwt-auth/src/JwtAuthentication.php(132): class@anonymous->handle(Object(Slim\Http\ServerRequest))
#19 /var/www/CRM/src/vendor/slim/slim/Slim/MiddlewareDispatcher.php(147): Tuupola\Middleware\JwtAuthentication->process(Object(Slim\Http\ServerRequest), Object(class@anonymous))
#20 /var/www/CRM/src/vendor/slim/slim/Slim/Middleware/ErrorMiddleware.php(107): class@anonymous->handle(Object(Slim\Http\ServerRequest))
#21 /var/www/CRM/src/vendor/slim/slim/Slim/MiddlewareDispatcher.php(147): Slim\Middleware\ErrorMiddleware->process(Object(Slim\Http\ServerRequest), Object(class@anonymous))
#22 /var/www/CRM/src/vendor/slim/slim/Slim/MiddlewareDispatcher.php(81): class@anonymous->handle(Object(Slim\Http\ServerRequest))
#23 /var/www/CRM/src/vendor/slim/slim/Slim/App.php(215): Slim\MiddlewareDispatcher->handle(Object(Slim\Http\ServerRequest))
#24 /var/www/CRM/src/vendor/slim/slim/Slim/App.php(199): Slim\App->handle(Object(Slim\Http\ServerRequest))
#25 /var/www/CRM/src/api/index.php(134): Slim\App->run()
#26 {main}
[14-Oct-2021 19:35:31 Europe/Paris] Slim Application Error
Type: Propel\Runtime\ActiveQuery\QueryExecutor\QueryExecutionException
Code: 0
Message: Unable to execute statement [SELECT person_per.per_ID, person_per.per_Title, person_per.per_FirstName, person_per.per_MiddleName, person_per.per_LastName, person_per.per_Suffix, person_per.per_Address1, person_per.per_Address2, person_per.per_City, person_per.per_State, person_per.per_Zip, person_per.per_Country, person_per.per_HomePhone, person_per.per_WorkPhone, person_per.per_CellPhone, person_per.per_Email, person_per.per_WorkEmail, person_per.per_BirthMonth, person_per.per_BirthDay, person_per.per_BirthYear, person_per.per_MembershipDate, person_per.per_Gender, person_per.per_fmr_ID, person_per.per_cls_ID, person_per.per_fam_ID, person_per.per_Envelope, person_per.per_DateLastEdited, person_per.per_DateEntered, person_per.per_EnteredBy, person_per.per_EditedBy, person_per.per_FriendDate, person_per.per_Flags, person_per.per_FacebookID, person_per.per_Twitter, person_per.per_LinkedIn, person_per.per_DateDeactivated, person_per.per_SendNewsLetter, property_pro.pro_Name AS ProName, property_pro.pro_ID AS ProId, property_pro.pro_prt_ID AS ProPrtId, property_pro.pro_Prompt AS ProPrompt, propertytype_prt.prt_Name AS ProTypeName FROM person_per LEFT JOIN record2property_r2p ON (person_per.per_ID=record2property_r2p.r2p_record_ID) LEFT JOIN property_pro ON (record2property_r2p.r2p_pro_ID=property_pro.pro_ID) LEFT JOIN propertytype_prt ON (property_pro.pro_prt_ID=propertytype_prt.prt_ID) WHERE person_per.per_DateDeactivated IS NULL  AND property_pro.pro_Class='p' AND (property_pro.pro_Name LIKE '%com'%'  OR record2property_r2p.r2p_Value LIKE '%com'%' ) ORDER BY ProName ASC,ProTypeName ASC LIMIT 15]
File: /var/www/CRM/src/vendor/propel/propel/src/Propel/Runtime/ActiveQuery/QueryExecutor/AbstractQueryExecutor.php
Line: 136
Trace: #0 /var/www/CRM/src/vendor/propel/propel/src/Propel/Runtime/ActiveQuery/QueryExecutor/AbstractQueryExecutor.php(105): Propel\Runtime\ActiveQuery\QueryExecutor\AbstractQueryExecutor->handleStatementException(Object(PDOException), 'SELECT person_p...', Object(Propel\Runtime\Connection\StatementWrapper))
#1 /var/www/CRM/src/vendor/propel/propel/src/Propel/Runtime/ActiveQuery/QueryExecutor/SelectQueryExecutor.php(49): Propel\Runtime\ActiveQuery\QueryExecutor\AbstractQueryExecutor->executeStatement(Object(Propel\Runtime\ActiveQuery\SqlBuilder\PreparedStatementDto))
#2 /var/www/CRM/src/vendor/propel/propel/src/Propel/Runtime/ActiveQuery/QueryExecutor/SelectQueryExecutor.php(37): Propel\Runtime\ActiveQuery\QueryExecutor\SelectQueryExecutor->runSelect()
#3 /var/www/CRM/src/vendor/propel/propel/src/Propel/Runtime/ActiveQuery/Criteria.php(2322): Propel\Runtime\ActiveQuery\QueryExecutor\SelectQueryExecutor::execute(Object(EcclesiaCRM\PersonQuery), Object(Propel\Runtime\Connection\PropelPDO))
#4 /var/www/CRM/src/vendor/propel/propel/src/Propel/Runtime/ActiveQuery/ModelCriteria.php(2211): Propel\Runtime\ActiveQuery\Criteria->doSelect(Object(Propel\Runtime\Connection\PropelPDO))
#5 /var/www/CRM/src/vendor/propel/propel/src/Propel/Runtime/ActiveQuery/ModelCriteria.php(1243): Propel\Runtime\ActiveQuery\ModelCriteria->doSelect(Object(Propel\Runtime\Connection\PropelPDO))
#6 /var/www/CRM/src/EcclesiaCRM/Search/PersonPropsSearchRes.php(68): Propel\Runtime\ActiveQuery\ModelCriteria->find()
#7 /var/www/CRM/src/EcclesiaCRM/Search/BaseSearchRes.php(37): EcclesiaCRM\Search\PersonPropsSearchRes->buildSearch('com'')
#8 /var/www/CRM/src/EcclesiaCRM/APIControllers/SearchController.php(120): EcclesiaCRM\Search\BaseSearchRes->getRes('com'')
#9 /var/www/CRM/src/vendor/slim/slim/Slim/Handlers/Strategies/RequestResponse.php(43): EcclesiaCRM\APIControllers\SearchController->quickSearch(Object(Slim\Http\ServerRequest), Object(Slim\Http\Response), Array)
#10 /var/www/CRM/src/vendor/slim/slim/Slim/Routing/Route.php(384): Slim\Handlers\Strategies\RequestResponse->__invoke(Array, Object(Slim\Http\ServerRequest), Object(Slim\Http\Response), Array)
#11 /var/www/CRM/src/vendor/slim/slim/Slim/MiddlewareDispatcher.php(81): Slim\Routing\Route->handle(Object(Slim\Http\ServerRequest))
#12 /var/www/CRM/src/vendor/slim/slim/Slim/MiddlewareDispatcher.php(81): Slim\MiddlewareDispatcher->handle(Object(Slim\Http\ServerRequest))
#13 /var/www/CRM/src/vendor/slim/slim/Slim/Routing/Route.php(341): Slim\MiddlewareDispatcher->handle(Object(Slim\Http\ServerRequest))
#14 /var/www/CRM/src/vendor/slim/slim/Slim/Routing/RouteRunner.php(84): Slim\Routing\Route->run(Object(Slim\Http\ServerRequest))
#15 /var/www/CRM/src/EcclesiaCRM/Slim/Middleware/VersionMiddleware.php(17): Slim\Routing\RouteRunner->handle(Object(Slim\Http\ServerRequest))
#16 /var/www/CRM/src/vendor/slim/slim/Slim/MiddlewareDispatcher.php(313): EcclesiaCRM\Slim\Middleware\VersionMiddleware->__invoke(Object(Slim\Http\ServerRequest), Object(Slim\Routing\RouteRunner))
#17 /var/www/CRM/src/vendor/tuupola/slim-jwt-auth/src/JwtAuthentication.php(132): class@anonymous->handle(Object(Slim\Http\ServerRequest))
#18 /var/www/CRM/src/vendor/slim/slim/Slim/MiddlewareDispatcher.php(147): Tuupola\Middleware\JwtAuthentication->process(Object(Slim\Http\ServerRequest), Object(class@anonymous))
#19 /var/www/CRM/src/vendor/slim/slim/Slim/Middleware/ErrorMiddleware.php(107): class@anonymous->handle(Object(Slim\Http\ServerRequest))
#20 /var/www/CRM/src/vendor/slim/slim/Slim/MiddlewareDispatcher.php(147): Slim\Middleware\ErrorMiddleware->process(Object(Slim\Http\ServerRequest), Object(class@anonymous))
#21 /var/www/CRM/src/vendor/slim/slim/Slim/MiddlewareDispatcher.php(81): class@anonymous->handle(Object(Slim\Http\ServerRequest))
#22 /var/www/CRM/src/vendor/slim/slim/Slim/App.php(215): Slim\MiddlewareDispatcher->handle(Object(Slim\Http\ServerRequest))
#23 /var/www/CRM/src/vendor/slim/slim/Slim/App.php(199): Slim\App->handle(Object(Slim\Http\ServerRequest))
#24 /var/www/CRM/src/api/index.php(134): Slim\App->run()
#25 {main}
Previous Error:
Type: PDOException
Code: 42000
Message: SQLSTATE[42000]: Syntax error or access violation: 1064 You have an error in your SQL syntax; check the manual that corresponds to your MySQL server version for the right syntax to use near '%'  OR record2property_r2p.r2p_Value LIKE '%com'%' ) ORDER BY ProName ASC,ProTyp' at line 1
File: /var/www/CRM/src/vendor/propel/propel/src/Propel/Runtime/Connection/StatementWrapper.php
Line: 215
Trace: #0 /var/www/CRM/src/vendor/propel/propel/src/Propel/Runtime/Connection/StatementWrapper.php(215): PDOStatement->execute(NULL)
#1 /var/www/CRM/src/vendor/propel/propel/src/Propel/Runtime/ActiveQuery/QueryExecutor/AbstractQueryExecutor.php(103): Propel\Runtime\Connection\StatementWrapper->execute()
#2 /var/www/CRM/src/vendor/propel/propel/src/Propel/Runtime/ActiveQuery/QueryExecutor/SelectQueryExecutor.php(49): Propel\Runtime\ActiveQuery\QueryExecutor\AbstractQueryExecutor->executeStatement(Object(Propel\Runtime\ActiveQuery\SqlBuilder\PreparedStatementDto))
#3 /var/www/CRM/src/vendor/propel/propel/src/Propel/Runtime/ActiveQuery/QueryExecutor/SelectQueryExecutor.php(37): Propel\Runtime\ActiveQuery\QueryExecutor\SelectQueryExecutor->runSelect()
#4 /var/www/CRM/src/vendor/propel/propel/src/Propel/Runtime/ActiveQuery/Criteria.php(2322): Propel\Runtime\ActiveQuery\QueryExecutor\SelectQueryExecutor::execute(Object(EcclesiaCRM\PersonQuery), Object(Propel\Runtime\Connection\PropelPDO))
#5 /var/www/CRM/src/vendor/propel/propel/src/Propel/Runtime/ActiveQuery/ModelCriteria.php(2211): Propel\Runtime\ActiveQuery\Criteria->doSelect(Object(Propel\Runtime\Connection\PropelPDO))
#6 /var/www/CRM/src/vendor/propel/propel/src/Propel/Runtime/ActiveQuery/ModelCriteria.php(1243): Propel\Runtime\ActiveQuery\ModelCriteria->doSelect(Object(Propel\Runtime\Connection\PropelPDO))
#7 /var/www/CRM/src/EcclesiaCRM/Search/PersonPropsSearchRes.php(68): Propel\Runtime\ActiveQuery\ModelCriteria->find()
#8 /var/www/CRM/src/EcclesiaCRM/Search/BaseSearchRes.php(37): EcclesiaCRM\Search\PersonPropsSearchRes->buildSearch('com'')
#9 /var/www/CRM/src/EcclesiaCRM/APIControllers/SearchController.php(120): EcclesiaCRM\Search\BaseSearchRes->getRes('com'')
#10 /var/www/CRM/src/vendor/slim/slim/Slim/Handlers/Strategies/RequestResponse.php(43): EcclesiaCRM\APIControllers\SearchController->quickSearch(Object(Slim\Http\ServerRequest), Object(Slim\Http\Response), Array)
#11 /var/www/CRM/src/vendor/slim/slim/Slim/Routing/Route.php(384): Slim\Handlers\Strategies\RequestResponse->__invoke(Array, Object(Slim\Http\ServerRequest), Object(Slim\Http\Response), Array)
#12 /var/www/CRM/src/vendor/slim/slim/Slim/MiddlewareDispatcher.php(81): Slim\Routing\Route->handle(Object(Slim\Http\ServerRequest))
#13 /var/www/CRM/src/vendor/slim/slim/Slim/MiddlewareDispatcher.php(81): Slim\MiddlewareDispatcher->handle(Object(Slim\Http\ServerRequest))
#14 /var/www/CRM/src/vendor/slim/slim/Slim/Routing/Route.php(341): Slim\MiddlewareDispatcher->handle(Object(Slim\Http\ServerRequest))
#15 /var/www/CRM/src/vendor/slim/slim/Slim/Routing/RouteRunner.php(84): Slim\Routing\Route->run(Object(Slim\Http\ServerRequest))
#16 /var/www/CRM/src/EcclesiaCRM/Slim/Middleware/VersionMiddleware.php(17): Slim\Routing\RouteRunner->handle(Object(Slim\Http\ServerRequest))
#17 /var/www/CRM/src/vendor/slim/slim/Slim/MiddlewareDispatcher.php(313): EcclesiaCRM\Slim\Middleware\VersionMiddleware->__invoke(Object(Slim\Http\ServerRequest), Object(Slim\Routing\RouteRunner))
#18 /var/www/CRM/src/vendor/tuupola/slim-jwt-auth/src/JwtAuthentication.php(132): class@anonymous->handle(Object(Slim\Http\ServerRequest))
#19 /var/www/CRM/src/vendor/slim/slim/Slim/MiddlewareDispatcher.php(147): Tuupola\Middleware\JwtAuthentication->process(Object(Slim\Http\ServerRequest), Object(class@anonymous))
#20 /var/www/CRM/src/vendor/slim/slim/Slim/Middleware/ErrorMiddleware.php(107): class@anonymous->handle(Object(Slim\Http\ServerRequest))
#21 /var/www/CRM/src/vendor/slim/slim/Slim/MiddlewareDispatcher.php(147): Slim\Middleware\ErrorMiddleware->process(Object(Slim\Http\ServerRequest), Object(class@anonymous))
#22 /var/www/CRM/src/vendor/slim/slim/Slim/MiddlewareDispatcher.php(81): class@anonymous->handle(Object(Slim\Http\ServerRequest))
#23 /var/www/CRM/src/vendor/slim/slim/Slim/App.php(215): Slim\MiddlewareDispatcher->handle(Object(Slim\Http\ServerRequest))
#24 /var/www/CRM/src/vendor/slim/slim/Slim/App.php(199): Slim\App->handle(Object(Slim\Http\ServerRequest))
#25 /var/www/CRM/src/api/index.php(134): Slim\App->run()
#26 {main}
[14-Oct-2021 19:36:27 Europe/Paris] Slim Application Error
Type: Propel\Runtime\ActiveQuery\QueryExecutor\QueryExecutionException
Code: 0
Message: Unable to execute statement [SELECT person_per.per_ID, person_per.per_Title, person_per.per_FirstName, person_per.per_MiddleName, person_per.per_LastName, person_per.per_Suffix, person_per.per_Address1, person_per.per_Address2, person_per.per_City, person_per.per_State, person_per.per_Zip, person_per.per_Country, person_per.per_HomePhone, person_per.per_WorkPhone, person_per.per_CellPhone, person_per.per_Email, person_per.per_WorkEmail, person_per.per_BirthMonth, person_per.per_BirthDay, person_per.per_BirthYear, person_per.per_MembershipDate, person_per.per_Gender, person_per.per_fmr_ID, person_per.per_cls_ID, person_per.per_fam_ID, person_per.per_Envelope, person_per.per_DateLastEdited, person_per.per_DateEntered, person_per.per_EnteredBy, person_per.per_EditedBy, person_per.per_FriendDate, person_per.per_Flags, person_per.per_FacebookID, person_per.per_Twitter, person_per.per_LinkedIn, person_per.per_DateDeactivated, person_per.per_SendNewsLetter, property_pro.pro_Name AS ProName, property_pro.pro_ID AS ProId, property_pro.pro_prt_ID AS ProPrtId, property_pro.pro_Prompt AS ProPrompt, propertytype_prt.prt_Name AS ProTypeName FROM person_per LEFT JOIN record2property_r2p ON (person_per.per_ID=record2property_r2p.r2p_record_ID) LEFT JOIN property_pro ON (record2property_r2p.r2p_pro_ID=property_pro.pro_ID) LEFT JOIN propertytype_prt ON (property_pro.pro_prt_ID=propertytype_prt.prt_ID) WHERE person_per.per_DateDeactivated IS NULL  AND property_pro.pro_Class='p' AND (property_pro.pro_Name LIKE '%l'%'  OR record2property_r2p.r2p_Value LIKE '%l'%' ) ORDER BY ProName ASC,ProTypeName ASC LIMIT 15]
File: /var/www/CRM/src/vendor/propel/propel/src/Propel/Runtime/ActiveQuery/QueryExecutor/AbstractQueryExecutor.php
Line: 136
Trace: #0 /var/www/CRM/src/vendor/propel/propel/src/Propel/Runtime/ActiveQuery/QueryExecutor/AbstractQueryExecutor.php(105): Propel\Runtime\ActiveQuery\QueryExecutor\AbstractQueryExecutor->handleStatementException(Object(PDOException), 'SELECT person_p...', Object(Propel\Runtime\Connection\StatementWrapper))
#1 /var/www/CRM/src/vendor/propel/propel/src/Propel/Runtime/ActiveQuery/QueryExecutor/SelectQueryExecutor.php(49): Propel\Runtime\ActiveQuery\QueryExecutor\AbstractQueryExecutor->executeStatement(Object(Propel\Runtime\ActiveQuery\SqlBuilder\PreparedStatementDto))
#2 /var/www/CRM/src/vendor/propel/propel/src/Propel/Runtime/ActiveQuery/QueryExecutor/SelectQueryExecutor.php(37): Propel\Runtime\ActiveQuery\QueryExecutor\SelectQueryExecutor->runSelect()
#3 /var/www/CRM/src/vendor/propel/propel/src/Propel/Runtime/ActiveQuery/Criteria.php(2322): Propel\Runtime\ActiveQuery\QueryExecutor\SelectQueryExecutor::execute(Object(EcclesiaCRM\PersonQuery), Object(Propel\Runtime\Connection\PropelPDO))
#4 /var/www/CRM/src/vendor/propel/propel/src/Propel/Runtime/ActiveQuery/ModelCriteria.php(2211): Propel\Runtime\ActiveQuery\Criteria->doSelect(Object(Propel\Runtime\Connection\PropelPDO))
#5 /var/www/CRM/src/vendor/propel/propel/src/Propel/Runtime/ActiveQuery/ModelCriteria.php(1243): Propel\Runtime\ActiveQuery\ModelCriteria->doSelect(Object(Propel\Runtime\Connection\PropelPDO))
#6 /var/www/CRM/src/EcclesiaCRM/Search/PersonPropsSearchRes.php(68): Propel\Runtime\ActiveQuery\ModelCriteria->find()
#7 /var/www/CRM/src/EcclesiaCRM/Search/BaseSearchRes.php(37): EcclesiaCRM\Search\PersonPropsSearchRes->buildSearch('l'')
#8 /var/www/CRM/src/EcclesiaCRM/APIControllers/SearchController.php(121): EcclesiaCRM\Search\BaseSearchRes->getRes('l'')
#9 /var/www/CRM/src/vendor/slim/slim/Slim/Handlers/Strategies/RequestResponse.php(43): EcclesiaCRM\APIControllers\SearchController->quickSearch(Object(Slim\Http\ServerRequest), Object(Slim\Http\Response), Array)
#10 /var/www/CRM/src/vendor/slim/slim/Slim/Routing/Route.php(384): Slim\Handlers\Strategies\RequestResponse->__invoke(Array, Object(Slim\Http\ServerRequest), Object(Slim\Http\Response), Array)
#11 /var/www/CRM/src/vendor/slim/slim/Slim/MiddlewareDispatcher.php(81): Slim\Routing\Route->handle(Object(Slim\Http\ServerRequest))
#12 /var/www/CRM/src/vendor/slim/slim/Slim/MiddlewareDispatcher.php(81): Slim\MiddlewareDispatcher->handle(Object(Slim\Http\ServerRequest))
#13 /var/www/CRM/src/vendor/slim/slim/Slim/Routing/Route.php(341): Slim\MiddlewareDispatcher->handle(Object(Slim\Http\ServerRequest))
#14 /var/www/CRM/src/vendor/slim/slim/Slim/Routing/RouteRunner.php(84): Slim\Routing\Route->run(Object(Slim\Http\ServerRequest))
#15 /var/www/CRM/src/EcclesiaCRM/Slim/Middleware/VersionMiddleware.php(17): Slim\Routing\RouteRunner->handle(Object(Slim\Http\ServerRequest))
#16 /var/www/CRM/src/vendor/slim/slim/Slim/MiddlewareDispatcher.php(313): EcclesiaCRM\Slim\Middleware\VersionMiddleware->__invoke(Object(Slim\Http\ServerRequest), Object(Slim\Routing\RouteRunner))
#17 /var/www/CRM/src/vendor/tuupola/slim-jwt-auth/src/JwtAuthentication.php(132): class@anonymous->handle(Object(Slim\Http\ServerRequest))
#18 /var/www/CRM/src/vendor/slim/slim/Slim/MiddlewareDispatcher.php(147): Tuupola\Middleware\JwtAuthentication->process(Object(Slim\Http\ServerRequest), Object(class@anonymous))
#19 /var/www/CRM/src/vendor/slim/slim/Slim/Middleware/ErrorMiddleware.php(107): class@anonymous->handle(Object(Slim\Http\ServerRequest))
#20 /var/www/CRM/src/vendor/slim/slim/Slim/MiddlewareDispatcher.php(147): Slim\Middleware\ErrorMiddleware->process(Object(Slim\Http\ServerRequest), Object(class@anonymous))
#21 /var/www/CRM/src/vendor/slim/slim/Slim/MiddlewareDispatcher.php(81): class@anonymous->handle(Object(Slim\Http\ServerRequest))
#22 /var/www/CRM/src/vendor/slim/slim/Slim/App.php(215): Slim\MiddlewareDispatcher->handle(Object(Slim\Http\ServerRequest))
#23 /var/www/CRM/src/vendor/slim/slim/Slim/App.php(199): Slim\App->handle(Object(Slim\Http\ServerRequest))
#24 /var/www/CRM/src/api/index.php(134): Slim\App->run()
#25 {main}
Previous Error:
Type: PDOException
Code: 42000
Message: SQLSTATE[42000]: Syntax error or access violation: 1064 You have an error in your SQL syntax; check the manual that corresponds to your MySQL server version for the right syntax to use near '%'  OR record2property_r2p.r2p_Value LIKE '%l'%' ) ORDER BY ProName ASC,ProTypeN' at line 1
File: /var/www/CRM/src/vendor/propel/propel/src/Propel/Runtime/Connection/StatementWrapper.php
Line: 215
Trace: #0 /var/www/CRM/src/vendor/propel/propel/src/Propel/Runtime/Connection/StatementWrapper.php(215): PDOStatement->execute(NULL)
#1 /var/www/CRM/src/vendor/propel/propel/src/Propel/Runtime/ActiveQuery/QueryExecutor/AbstractQueryExecutor.php(103): Propel\Runtime\Connection\StatementWrapper->execute()
#2 /var/www/CRM/src/vendor/propel/propel/src/Propel/Runtime/ActiveQuery/QueryExecutor/SelectQueryExecutor.php(49): Propel\Runtime\ActiveQuery\QueryExecutor\AbstractQueryExecutor->executeStatement(Object(Propel\Runtime\ActiveQuery\SqlBuilder\PreparedStatementDto))
#3 /var/www/CRM/src/vendor/propel/propel/src/Propel/Runtime/ActiveQuery/QueryExecutor/SelectQueryExecutor.php(37): Propel\Runtime\ActiveQuery\QueryExecutor\SelectQueryExecutor->runSelect()
#4 /var/www/CRM/src/vendor/propel/propel/src/Propel/Runtime/ActiveQuery/Criteria.php(2322): Propel\Runtime\ActiveQuery\QueryExecutor\SelectQueryExecutor::execute(Object(EcclesiaCRM\PersonQuery), Object(Propel\Runtime\Connection\PropelPDO))
#5 /var/www/CRM/src/vendor/propel/propel/src/Propel/Runtime/ActiveQuery/ModelCriteria.php(2211): Propel\Runtime\ActiveQuery\Criteria->doSelect(Object(Propel\Runtime\Connection\PropelPDO))
#6 /var/www/CRM/src/vendor/propel/propel/src/Propel/Runtime/ActiveQuery/ModelCriteria.php(1243): Propel\Runtime\ActiveQuery\ModelCriteria->doSelect(Object(Propel\Runtime\Connection\PropelPDO))
#7 /var/www/CRM/src/EcclesiaCRM/Search/PersonPropsSearchRes.php(68): Propel\Runtime\ActiveQuery\ModelCriteria->find()
#8 /var/www/CRM/src/EcclesiaCRM/Search/BaseSearchRes.php(37): EcclesiaCRM\Search\PersonPropsSearchRes->buildSearch('l'')
#9 /var/www/CRM/src/EcclesiaCRM/APIControllers/SearchController.php(121): EcclesiaCRM\Search\BaseSearchRes->getRes('l'')
#10 /var/www/CRM/src/vendor/slim/slim/Slim/Handlers/Strategies/RequestResponse.php(43): EcclesiaCRM\APIControllers\SearchController->quickSearch(Object(Slim\Http\ServerRequest), Object(Slim\Http\Response), Array)
#11 /var/www/CRM/src/vendor/slim/slim/Slim/Routing/Route.php(384): Slim\Handlers\Strategies\RequestResponse->__invoke(Array, Object(Slim\Http\ServerRequest), Object(Slim\Http\Response), Array)
#12 /var/www/CRM/src/vendor/slim/slim/Slim/MiddlewareDispatcher.php(81): Slim\Routing\Route->handle(Object(Slim\Http\ServerRequest))
#13 /var/www/CRM/src/vendor/slim/slim/Slim/MiddlewareDispatcher.php(81): Slim\MiddlewareDispatcher->handle(Object(Slim\Http\ServerRequest))
#14 /var/www/CRM/src/vendor/slim/slim/Slim/Routing/Route.php(341): Slim\MiddlewareDispatcher->handle(Object(Slim\Http\ServerRequest))
#15 /var/www/CRM/src/vendor/slim/slim/Slim/Routing/RouteRunner.php(84): Slim\Routing\Route->run(Object(Slim\Http\ServerRequest))
#16 /var/www/CRM/src/EcclesiaCRM/Slim/Middleware/VersionMiddleware.php(17): Slim\Routing\RouteRunner->handle(Object(Slim\Http\ServerRequest))
#17 /var/www/CRM/src/vendor/slim/slim/Slim/MiddlewareDispatcher.php(313): EcclesiaCRM\Slim\Middleware\VersionMiddleware->__invoke(Object(Slim\Http\ServerRequest), Object(Slim\Routing\RouteRunner))
#18 /var/www/CRM/src/vendor/tuupola/slim-jwt-auth/src/JwtAuthentication.php(132): class@anonymous->handle(Object(Slim\Http\ServerRequest))
#19 /var/www/CRM/src/vendor/slim/slim/Slim/MiddlewareDispatcher.php(147): Tuupola\Middleware\JwtAuthentication->process(Object(Slim\Http\ServerRequest), Object(class@anonymous))
#20 /var/www/CRM/src/vendor/slim/slim/Slim/Middleware/ErrorMiddleware.php(107): class@anonymous->handle(Object(Slim\Http\ServerRequest))
#21 /var/www/CRM/src/vendor/slim/slim/Slim/MiddlewareDispatcher.php(147): Slim\Middleware\ErrorMiddleware->process(Object(Slim\Http\ServerRequest), Object(class@anonymous))
#22 /var/www/CRM/src/vendor/slim/slim/Slim/MiddlewareDispatcher.php(81): class@anonymous->handle(Object(Slim\Http\ServerRequest))
#23 /var/www/CRM/src/vendor/slim/slim/Slim/App.php(215): Slim\MiddlewareDispatcher->handle(Object(Slim\Http\ServerRequest))
#24 /var/www/CRM/src/vendor/slim/slim/Slim/App.php(199): Slim\App->handle(Object(Slim\Http\ServerRequest))
#25 /var/www/CRM/src/api/index.php(134): Slim\App->run()
#26 {main}
