[2021-12-31 18:54:20] defaultLogger.INFO: unbindcalendars/admin/D020E8E4-9D31-4DBE-A9CC-C2A3E26B6218/98B29991-7628-402F-9813-38373F557432.ics  [] []
[2021-12-31 18:54:20] defaultLogger.INFO: deleteCalendarObject : 69 98B29991-7628-402F-9813-38373F557432.ics c15b6c24840957d93e4075bd18664c7f [] []
[2021-12-31 18:55:32] defaultLogger.INFO: unbindcalendars/admin/D020E8E4-9D31-4DBE-A9CC-C2A3E26B6218/98B29991-7628-402F-9813-38373F557432.ics 98B29991-7628-402F-9813-38373F557432.ics  [] []
[2021-12-31 18:55:32] defaultLogger.INFO: deleteCalendarObject : 69 98B29991-7628-402F-9813-38373F557432.ics b0df55e5eba6238bf402913b77a096fc [] []
[2021-12-31 18:57:22] defaultLogger.INFO: unbindcalendars/admin/D020E8E4-9D31-4DBE-A9CC-C2A3E26B6218/98B29991-7628-402F-9813-38373F557432.ics 98B29991-7628-402F-9813-38373F557432.ics  [] []
[2021-12-31 18:57:22] defaultLogger.INFO: deleteCalendarObject : 69 98B29991-7628-402F-9813-38373F557432.ics 01c67bec5c67b24a0da9a7fa6173e9bc [] []
[2021-12-31 18:58:34] defaultLogger.INFO: unbindcalendars/admin/D020E8E4-9D31-4DBE-A9CC-C2A3E26B6218/98B29991-7628-402F-9813-38373F557432.ics 98B29991-7628-402F-9813-38373F557432.ics cocuou [] []
[2021-12-31 18:58:34] defaultLogger.INFO: deleteCalendarObject : 69 98B29991-7628-402F-9813-38373F557432.ics 6ecc01c6db0fc3edd4c00fe81af00442 [] []
[2021-12-31 19:00:07] defaultLogger.INFO: unbindcalendars/admin/D020E8E4-9D31-4DBE-A9CC-C2A3E26B6218/98B29991-7628-402F-9813-38373F557432.ics 98B29991-7628-402F-9813-38373F557432.ics 375 [] []
[2021-12-31 19:13:22] defaultLogger.INFO: unbindcalendars/admin/D020E8E4-9D31-4DBE-A9CC-C2A3E26B6218/98B29991-7628-402F-9813-38373F557432.ics 98B29991-7628-402F-9813-38373F557432.ics 375 [] []
[2021-12-31 19:13:23] defaultLogger.INFO: unbindcalendars/admin/D020E8E4-9D31-4DBE-A9CC-C2A3E26B6218/98B29991-7628-402F-9813-38373F557432.ics 98B29991-7628-402F-9813-38373F557432.ics 375 [] []
[2021-12-31 19:28:42] defaultLogger.INFO: unbindcalendars/admin/D020E8E4-9D31-4DBE-A9CC-C2A3E26B6218/98B29991-7628-402F-9813-38373F557432.ics 98B29991-7628-402F-9813-38373F557432.ics 375 [] []
[2021-12-31 19:28:43] defaultLogger.INFO: unbindcalendars/admin/D020E8E4-9D31-4DBE-A9CC-C2A3E26B6218/98B29991-7628-402F-9813-38373F557432.ics 98B29991-7628-402F-9813-38373F557432.ics 375 [] []
[2021-12-31 19:47:21] defaultLogger.INFO: unbindcalendars/admin/D020E8E4-9D31-4DBE-A9CC-C2A3E26B6218/98B29991-7628-402F-9813-38373F557432.ics 98B29991-7628-402F-9813-38373F557432.ics 375 [] []
[2021-12-31 19:47:22] defaultLogger.INFO: unbindcalendars/admin/D020E8E4-9D31-4DBE-A9CC-C2A3E26B6218/98B29991-7628-402F-9813-38373F557432.ics 98B29991-7628-402F-9813-38373F557432.ics 375 [] []
[2021-12-31 20:06:52] defaultLogger.INFO: unbindcalendars/admin/D020E8E4-9D31-4DBE-A9CC-C2A3E26B6218/98B29991-7628-402F-9813-38373F557432.ics 98B29991-7628-402F-9813-38373F557432.ics 375 [] []
[2021-12-31 20:06:53] defaultLogger.INFO: unbindcalendars/admin/D020E8E4-9D31-4DBE-A9CC-C2A3E26B6218/98B29991-7628-402F-9813-38373F557432.ics 98B29991-7628-402F-9813-38373F557432.ics 375 [] []
[2021-12-31 20:22:52] defaultLogger.INFO: unbindcalendars/admin/D020E8E4-9D31-4DBE-A9CC-C2A3E26B6218/98B29991-7628-402F-9813-38373F557432.ics 98B29991-7628-402F-9813-38373F557432.ics 375 [] []
[2021-12-31 20:22:53] defaultLogger.INFO: unbindcalendars/admin/D020E8E4-9D31-4DBE-A9CC-C2A3E26B6218/98B29991-7628-402F-9813-38373F557432.ics 98B29991-7628-402F-9813-38373F557432.ics 375 [] []
[2021-12-31 20:43:06] defaultLogger.INFO: unbindcalendars/admin/D020E8E4-9D31-4DBE-A9CC-C2A3E26B6218/98B29991-7628-402F-9813-38373F557432.ics 98B29991-7628-402F-9813-38373F557432.ics 375 [] []
[2021-12-31 20:43:07] defaultLogger.INFO: unbindcalendars/admin/D020E8E4-9D31-4DBE-A9CC-C2A3E26B6218/98B29991-7628-402F-9813-38373F557432.ics 98B29991-7628-402F-9813-38373F557432.ics 375 [] []
[2021-12-31 20:58:07] defaultLogger.INFO: unbindcalendars/admin/D020E8E4-9D31-4DBE-A9CC-C2A3E26B6218/98B29991-7628-402F-9813-38373F557432.ics 98B29991-7628-402F-9813-38373F557432.ics 375 [] []
[2021-12-31 20:58:08] defaultLogger.INFO: unbindcalendars/admin/D020E8E4-9D31-4DBE-A9CC-C2A3E26B6218/98B29991-7628-402F-9813-38373F557432.ics 98B29991-7628-402F-9813-38373F557432.ics 375 [] []
[2021-12-31 21:16:07] defaultLogger.INFO: unbindcalendars/admin/D020E8E4-9D31-4DBE-A9CC-C2A3E26B6218/98B29991-7628-402F-9813-38373F557432.ics 98B29991-7628-402F-9813-38373F557432.ics 375 [] []
[2021-12-31 21:16:08] defaultLogger.INFO: unbindcalendars/admin/D020E8E4-9D31-4DBE-A9CC-C2A3E26B6218/98B29991-7628-402F-9813-38373F557432.ics 98B29991-7628-402F-9813-38373F557432.ics 375 [] []
[2021-12-31 21:34:22] defaultLogger.INFO: unbindcalendars/admin/D020E8E4-9D31-4DBE-A9CC-C2A3E26B6218/98B29991-7628-402F-9813-38373F557432.ics 98B29991-7628-402F-9813-38373F557432.ics 375 [] []
[2021-12-31 21:34:23] defaultLogger.INFO: unbindcalendars/admin/D020E8E4-9D31-4DBE-A9CC-C2A3E26B6218/98B29991-7628-402F-9813-38373F557432.ics 98B29991-7628-402F-9813-38373F557432.ics 375 [] []
[2021-12-31 21:52:07] defaultLogger.INFO: unbindcalendars/admin/D020E8E4-9D31-4DBE-A9CC-C2A3E26B6218/98B29991-7628-402F-9813-38373F557432.ics 98B29991-7628-402F-9813-38373F557432.ics 375 [] []
[2021-12-31 21:52:08] defaultLogger.INFO: unbindcalendars/admin/D020E8E4-9D31-4DBE-A9CC-C2A3E26B6218/98B29991-7628-402F-9813-38373F557432.ics 98B29991-7628-402F-9813-38373F557432.ics 375 [] []
[2021-12-31 22:10:07] defaultLogger.INFO: unbindcalendars/admin/D020E8E4-9D31-4DBE-A9CC-C2A3E26B6218/98B29991-7628-402F-9813-38373F557432.ics 98B29991-7628-402F-9813-38373F557432.ics 375 [] []
[2021-12-31 22:10:08] defaultLogger.INFO: unbindcalendars/admin/D020E8E4-9D31-4DBE-A9CC-C2A3E26B6218/98B29991-7628-402F-9813-38373F557432.ics 98B29991-7628-402F-9813-38373F557432.ics 375 [] []
[2021-12-31 22:29:21] defaultLogger.INFO: unbindcalendars/admin/D020E8E4-9D31-4DBE-A9CC-C2A3E26B6218/98B29991-7628-402F-9813-38373F557432.ics 98B29991-7628-402F-9813-38373F557432.ics 375 [] []
[2021-12-31 22:29:22] defaultLogger.INFO: unbindcalendars/admin/D020E8E4-9D31-4DBE-A9CC-C2A3E26B6218/98B29991-7628-402F-9813-38373F557432.ics 98B29991-7628-402F-9813-38373F557432.ics 375 [] []
[2021-12-31 22:46:30] defaultLogger.INFO: unbindcalendars/admin/D020E8E4-9D31-4DBE-A9CC-C2A3E26B6218/98B29991-7628-402F-9813-38373F557432.ics 98B29991-7628-402F-9813-38373F557432.ics 375 [] []
[2021-12-31 22:46:31] defaultLogger.INFO: unbindcalendars/admin/D020E8E4-9D31-4DBE-A9CC-C2A3E26B6218/98B29991-7628-402F-9813-38373F557432.ics 98B29991-7628-402F-9813-38373F557432.ics 375 [] []
[2021-12-31 23:04:09] defaultLogger.INFO: unbindcalendars/admin/D020E8E4-9D31-4DBE-A9CC-C2A3E26B6218/98B29991-7628-402F-9813-38373F557432.ics 98B29991-7628-402F-9813-38373F557432.ics 375 [] []
[2021-12-31 23:04:09] defaultLogger.INFO: unbindcalendars/admin/D020E8E4-9D31-4DBE-A9CC-C2A3E26B6218/98B29991-7628-402F-9813-38373F557432.ics 98B29991-7628-402F-9813-38373F557432.ics 375 [] []
[2021-12-31 23:22:14] defaultLogger.INFO: unbindcalendars/admin/D020E8E4-9D31-4DBE-A9CC-C2A3E26B6218/98B29991-7628-402F-9813-38373F557432.ics 98B29991-7628-402F-9813-38373F557432.ics 375 [] []
[2021-12-31 23:22:15] defaultLogger.INFO: unbindcalendars/admin/D020E8E4-9D31-4DBE-A9CC-C2A3E26B6218/98B29991-7628-402F-9813-38373F557432.ics 98B29991-7628-402F-9813-38373F557432.ics 375 [] []
[2021-12-31 23:40:08] defaultLogger.INFO: unbindcalendars/admin/D020E8E4-9D31-4DBE-A9CC-C2A3E26B6218/98B29991-7628-402F-9813-38373F557432.ics 98B29991-7628-402F-9813-38373F557432.ics 375 [] []
[2021-12-31 23:40:09] defaultLogger.INFO: unbindcalendars/admin/D020E8E4-9D31-4DBE-A9CC-C2A3E26B6218/98B29991-7628-402F-9813-38373F557432.ics 98B29991-7628-402F-9813-38373F557432.ics 375 [] []
[2022-01-01 00:03:52] defaultLogger.INFO: unbindcalendars/admin/D020E8E4-9D31-4DBE-A9CC-C2A3E26B6218/98B29991-7628-402F-9813-38373F557432.ics 98B29991-7628-402F-9813-38373F557432.ics 375 [] []
[2022-01-01 00:03:53] defaultLogger.INFO: unbindcalendars/admin/D020E8E4-9D31-4DBE-A9CC-C2A3E26B6218/98B29991-7628-402F-9813-38373F557432.ics 98B29991-7628-402F-9813-38373F557432.ics 375 [] []
[2022-01-01 00:21:50] defaultLogger.INFO: unbindcalendars/admin/D020E8E4-9D31-4DBE-A9CC-C2A3E26B6218/98B29991-7628-402F-9813-38373F557432.ics 98B29991-7628-402F-9813-38373F557432.ics 375 [] []
[2022-01-01 00:21:51] defaultLogger.INFO: unbindcalendars/admin/D020E8E4-9D31-4DBE-A9CC-C2A3E26B6218/98B29991-7628-402F-9813-38373F557432.ics 98B29991-7628-402F-9813-38373F557432.ics 375 [] []
[2022-01-01 00:55:18] defaultLogger.INFO: unbindcalendars/admin/D020E8E4-9D31-4DBE-A9CC-C2A3E26B6218/98B29991-7628-402F-9813-38373F557432.ics 98B29991-7628-402F-9813-38373F557432.ics 375 [] []
[2022-01-01 00:55:18] defaultLogger.INFO: unbindcalendars/admin/D020E8E4-9D31-4DBE-A9CC-C2A3E26B6218/98B29991-7628-402F-9813-38373F557432.ics 98B29991-7628-402F-9813-38373F557432.ics 375 [] []
