[02-Oct-2021 13:01:34 Europe/Paris] Slim Application Error
Type: Error
Code: 0
Message: Class 'Propel\RunDejaVu\ActiveQuery\Criteria' not found
File: /var/www/CRM/src/EcclesiaCRM/model/EcclesiaCRM/Deposit.php
Line: 190
Trace: #0 /var/www/CRM/src/EcclesiaCRM/model/EcclesiaCRM/Deposit.php(429): EcclesiaCRM\Deposit->generateQBDepositSlip(Object(stdClass))
#1 /var/www/CRM/src/EcclesiaCRM/APIControllers/FinanceDepositController.php(100): EcclesiaCRM\Deposit->getPDF()
#2 /var/www/CRM/src/vendor/slim/slim/Slim/Handlers/Strategies/RequestResponse.php(43): EcclesiaCRM\APIControllers\FinanceDepositController->createDepositPDF(Object(Slim\Http\ServerRequest), Object(Slim\Http\Response), Array)
#3 /var/www/CRM/src/vendor/slim/slim/Slim/Routing/Route.php(384): Slim\Handlers\Strategies\RequestResponse->__invoke(Array, Object(Slim\Http\ServerRequest), Object(Slim\Http\Response), Array)
#4 /var/www/CRM/src/vendor/slim/slim/Slim/MiddlewareDispatcher.php(81): Slim\Routing\Route->handle(Object(Slim\Http\ServerRequest))
#5 /var/www/CRM/src/vendor/slim/slim/Slim/MiddlewareDispatcher.php(81): Slim\MiddlewareDispatcher->handle(Object(Slim\Http\ServerRequest))
#6 /var/www/CRM/src/vendor/slim/slim/Slim/Routing/Route.php(341): Slim\MiddlewareDispatcher->handle(Object(Slim\Http\ServerRequest))
#7 /var/www/CRM/src/vendor/slim/slim/Slim/Routing/RouteRunner.php(84): Slim\Routing\Route->run(Object(Slim\Http\ServerRequest))
#8 /var/www/CRM/src/EcclesiaCRM/Slim/Middleware/VersionMiddleware.php(17): Slim\Routing\RouteRunner->handle(Object(Slim\Http\ServerRequest))
#9 /var/www/CRM/src/vendor/slim/slim/Slim/MiddlewareDispatcher.php(313): EcclesiaCRM\Slim\Middleware\VersionMiddleware->__invoke(Object(Slim\Http\ServerRequest), Object(Slim\Routing\RouteRunner))
#10 /var/www/CRM/src/vendor/tuupola/slim-jwt-auth/src/JwtAuthentication.php(132): class@anonymous->handle(Object(Slim\Http\ServerRequest))
#11 /var/www/CRM/src/vendor/slim/slim/Slim/MiddlewareDispatcher.php(147): Tuupola\Middleware\JwtAuthentication->process(Object(Slim\Http\ServerRequest), Object(class@anonymous))
#12 /var/www/CRM/src/vendor/slim/slim/Slim/Middleware/ErrorMiddleware.php(107): class@anonymous->handle(Object(Slim\Http\ServerRequest))
#13 /var/www/CRM/src/vendor/slim/slim/Slim/MiddlewareDispatcher.php(147): Slim\Middleware\ErrorMiddleware->process(Object(Slim\Http\ServerRequest), Object(class@anonymous))
#14 /var/www/CRM/src/vendor/slim/slim/Slim/MiddlewareDispatcher.php(81): class@anonymous->handle(Object(Slim\Http\ServerRequest))
#15 /var/www/CRM/src/vendor/slim/slim/Slim/App.php(215): Slim\MiddlewareDispatcher->handle(Object(Slim\Http\ServerRequest))
#16 /var/www/CRM/src/vendor/slim/slim/Slim/App.php(199): Slim\App->handle(Object(Slim\Http\ServerRequest))
#17 /var/www/CRM/src/api/index.php(134): Slim\App->run()
#18 {main}
[02-Oct-2021 19:21:34 Europe/Paris] Slim Application Error
Type: Error
Code: 0
Message: Unsupported operand types
File: /var/www/CRM/src/vendor/tecnickcom/tcpdf/tcpdf.php
Line: 8880
Trace: #0 /var/www/CRM/src/vendor/tecnickcom/tcpdf/tcpdf.php(9503): TCPDF->_putfonts()
#1 /var/www/CRM/src/vendor/tecnickcom/tcpdf/tcpdf.php(10020): TCPDF->_putresources()
#2 /var/www/CRM/src/vendor/tecnickcom/tcpdf/tcpdf.php(3050): TCPDF->_enddoc()
#3 /var/www/CRM/src/vendor/tecnickcom/tcpdf/tcpdf.php(7616): TCPDF->Close()
#4 /var/www/CRM/src/EcclesiaCRM/model/EcclesiaCRM/Deposit.php(445): TCPDF->Output('EcclesiaCRM-Dep...', 'D')
#5 /var/www/CRM/src/EcclesiaCRM/APIControllers/FinanceDepositController.php(100): EcclesiaCRM\Deposit->getPDF()
#6 /var/www/CRM/src/vendor/slim/slim/Slim/Handlers/Strategies/RequestResponse.php(43): EcclesiaCRM\APIControllers\FinanceDepositController->createDepositPDF(Object(Slim\Http\ServerRequest), Object(Slim\Http\Response), Array)
#7 /var/www/CRM/src/vendor/slim/slim/Slim/Routing/Route.php(384): Slim\Handlers\Strategies\RequestResponse->__invoke(Array, Object(Slim\Http\ServerRequest), Object(Slim\Http\Response), Array)
#8 /var/www/CRM/src/vendor/slim/slim/Slim/MiddlewareDispatcher.php(81): Slim\Routing\Route->handle(Object(Slim\Http\ServerRequest))
#9 /var/www/CRM/src/vendor/slim/slim/Slim/MiddlewareDispatcher.php(81): Slim\MiddlewareDispatcher->handle(Object(Slim\Http\ServerRequest))
#10 /var/www/CRM/src/vendor/slim/slim/Slim/Routing/Route.php(341): Slim\MiddlewareDispatcher->handle(Object(Slim\Http\ServerRequest))
#11 /var/www/CRM/src/vendor/slim/slim/Slim/Routing/RouteRunner.php(84): Slim\Routing\Route->run(Object(Slim\Http\ServerRequest))
#12 /var/www/CRM/src/EcclesiaCRM/Slim/Middleware/VersionMiddleware.php(17): Slim\Routing\RouteRunner->handle(Object(Slim\Http\ServerRequest))
#13 /var/www/CRM/src/vendor/slim/slim/Slim/MiddlewareDispatcher.php(313): EcclesiaCRM\Slim\Middleware\VersionMiddleware->__invoke(Object(Slim\Http\ServerRequest), Object(Slim\Routing\RouteRunner))
#14 /var/www/CRM/src/vendor/tuupola/slim-jwt-auth/src/JwtAuthentication.php(132): class@anonymous->handle(Object(Slim\Http\ServerRequest))
#15 /var/www/CRM/src/vendor/slim/slim/Slim/MiddlewareDispatcher.php(147): Tuupola\Middleware\JwtAuthentication->process(Object(Slim\Http\ServerRequest), Object(class@anonymous))
#16 /var/www/CRM/src/vendor/slim/slim/Slim/Middleware/ErrorMiddleware.php(107): class@anonymous->handle(Object(Slim\Http\ServerRequest))
#17 /var/www/CRM/src/vendor/slim/slim/Slim/MiddlewareDispatcher.php(147): Slim\Middleware\ErrorMiddleware->process(Object(Slim\Http\ServerRequest), Object(class@anonymous))
#18 /var/www/CRM/src/vendor/slim/slim/Slim/MiddlewareDispatcher.php(81): class@anonymous->handle(Object(Slim\Http\ServerRequest))
#19 /var/www/CRM/src/vendor/slim/slim/Slim/App.php(215): Slim\MiddlewareDispatcher->handle(Object(Slim\Http\ServerRequest))
#20 /var/www/CRM/src/vendor/slim/slim/Slim/App.php(199): Slim\App->handle(Object(Slim\Http\ServerRequest))
#21 /var/www/CRM/src/api/index.php(134): Slim\App->run()
#22 {main}
[02-Oct-2021 19:22:09 Europe/Paris] Slim Application Error
Type: Error
Code: 0
Message: Unsupported operand types
File: /var/www/CRM/src/vendor/tecnickcom/tcpdf/tcpdf.php
Line: 8880
Trace: #0 /var/www/CRM/src/vendor/tecnickcom/tcpdf/tcpdf.php(9503): TCPDF->_putfonts()
#1 /var/www/CRM/src/vendor/tecnickcom/tcpdf/tcpdf.php(10020): TCPDF->_putresources()
#2 /var/www/CRM/src/vendor/tecnickcom/tcpdf/tcpdf.php(3050): TCPDF->_enddoc()
#3 /var/www/CRM/src/vendor/tecnickcom/tcpdf/tcpdf.php(7616): TCPDF->Close()
#4 /var/www/CRM/src/EcclesiaCRM/model/EcclesiaCRM/Deposit.php(441): TCPDF->Output('EcclesiaCRM-Dep...', 'D')
#5 /var/www/CRM/src/EcclesiaCRM/APIControllers/FinanceDepositController.php(100): EcclesiaCRM\Deposit->getPDF()
#6 /var/www/CRM/src/vendor/slim/slim/Slim/Handlers/Strategies/RequestResponse.php(43): EcclesiaCRM\APIControllers\FinanceDepositController->createDepositPDF(Object(Slim\Http\ServerRequest), Object(Slim\Http\Response), Array)
#7 /var/www/CRM/src/vendor/slim/slim/Slim/Routing/Route.php(384): Slim\Handlers\Strategies\RequestResponse->__invoke(Array, Object(Slim\Http\ServerRequest), Object(Slim\Http\Response), Array)
#8 /var/www/CRM/src/vendor/slim/slim/Slim/MiddlewareDispatcher.php(81): Slim\Routing\Route->handle(Object(Slim\Http\ServerRequest))
#9 /var/www/CRM/src/vendor/slim/slim/Slim/MiddlewareDispatcher.php(81): Slim\MiddlewareDispatcher->handle(Object(Slim\Http\ServerRequest))
#10 /var/www/CRM/src/vendor/slim/slim/Slim/Routing/Route.php(341): Slim\MiddlewareDispatcher->handle(Object(Slim\Http\ServerRequest))
#11 /var/www/CRM/src/vendor/slim/slim/Slim/Routing/RouteRunner.php(84): Slim\Routing\Route->run(Object(Slim\Http\ServerRequest))
#12 /var/www/CRM/src/EcclesiaCRM/Slim/Middleware/VersionMiddleware.php(17): Slim\Routing\RouteRunner->handle(Object(Slim\Http\ServerRequest))
#13 /var/www/CRM/src/vendor/slim/slim/Slim/MiddlewareDispatcher.php(313): EcclesiaCRM\Slim\Middleware\VersionMiddleware->__invoke(Object(Slim\Http\ServerRequest), Object(Slim\Routing\RouteRunner))
#14 /var/www/CRM/src/vendor/tuupola/slim-jwt-auth/src/JwtAuthentication.php(132): class@anonymous->handle(Object(Slim\Http\ServerRequest))
#15 /var/www/CRM/src/vendor/slim/slim/Slim/MiddlewareDispatcher.php(147): Tuupola\Middleware\JwtAuthentication->process(Object(Slim\Http\ServerRequest), Object(class@anonymous))
#16 /var/www/CRM/src/vendor/slim/slim/Slim/Middleware/ErrorMiddleware.php(107): class@anonymous->handle(Object(Slim\Http\ServerRequest))
#17 /var/www/CRM/src/vendor/slim/slim/Slim/MiddlewareDispatcher.php(147): Slim\Middleware\ErrorMiddleware->process(Object(Slim\Http\ServerRequest), Object(class@anonymous))
#18 /var/www/CRM/src/vendor/slim/slim/Slim/MiddlewareDispatcher.php(81): class@anonymous->handle(Object(Slim\Http\ServerRequest))
#19 /var/www/CRM/src/vendor/slim/slim/Slim/App.php(215): Slim\MiddlewareDispatcher->handle(Object(Slim\Http\ServerRequest))
#20 /var/www/CRM/src/vendor/slim/slim/Slim/App.php(199): Slim\App->handle(Object(Slim\Http\ServerRequest))
#21 /var/www/CRM/src/api/index.php(134): Slim\App->run()
#22 {main}
[02-Oct-2021 19:23:16 Europe/Paris] Slim Application Error
Type: Error
Code: 0
Message: Unsupported operand types
File: /var/www/CRM/src/vendor/tecnickcom/tcpdf/tcpdf.php
Line: 8880
Trace: #0 /var/www/CRM/src/vendor/tecnickcom/tcpdf/tcpdf.php(9503): TCPDF->_putfonts()
#1 /var/www/CRM/src/vendor/tecnickcom/tcpdf/tcpdf.php(10020): TCPDF->_putresources()
#2 /var/www/CRM/src/vendor/tecnickcom/tcpdf/tcpdf.php(3050): TCPDF->_enddoc()
#3 /var/www/CRM/src/vendor/tecnickcom/tcpdf/tcpdf.php(7616): TCPDF->Close()
#4 /var/www/CRM/src/EcclesiaCRM/model/EcclesiaCRM/Deposit.php(441): TCPDF->Output('EcclesiaCRM-Dep...', 'D')
#5 /var/www/CRM/src/EcclesiaCRM/APIControllers/FinanceDepositController.php(100): EcclesiaCRM\Deposit->getPDF()
#6 /var/www/CRM/src/vendor/slim/slim/Slim/Handlers/Strategies/RequestResponse.php(43): EcclesiaCRM\APIControllers\FinanceDepositController->createDepositPDF(Object(Slim\Http\ServerRequest), Object(Slim\Http\Response), Array)
#7 /var/www/CRM/src/vendor/slim/slim/Slim/Routing/Route.php(384): Slim\Handlers\Strategies\RequestResponse->__invoke(Array, Object(Slim\Http\ServerRequest), Object(Slim\Http\Response), Array)
#8 /var/www/CRM/src/vendor/slim/slim/Slim/MiddlewareDispatcher.php(81): Slim\Routing\Route->handle(Object(Slim\Http\ServerRequest))
#9 /var/www/CRM/src/vendor/slim/slim/Slim/MiddlewareDispatcher.php(81): Slim\MiddlewareDispatcher->handle(Object(Slim\Http\ServerRequest))
#10 /var/www/CRM/src/vendor/slim/slim/Slim/Routing/Route.php(341): Slim\MiddlewareDispatcher->handle(Object(Slim\Http\ServerRequest))
#11 /var/www/CRM/src/vendor/slim/slim/Slim/Routing/RouteRunner.php(84): Slim\Routing\Route->run(Object(Slim\Http\ServerRequest))
#12 /var/www/CRM/src/EcclesiaCRM/Slim/Middleware/VersionMiddleware.php(17): Slim\Routing\RouteRunner->handle(Object(Slim\Http\ServerRequest))
#13 /var/www/CRM/src/vendor/slim/slim/Slim/MiddlewareDispatcher.php(313): EcclesiaCRM\Slim\Middleware\VersionMiddleware->__invoke(Object(Slim\Http\ServerRequest), Object(Slim\Routing\RouteRunner))
#14 /var/www/CRM/src/vendor/tuupola/slim-jwt-auth/src/JwtAuthentication.php(132): class@anonymous->handle(Object(Slim\Http\ServerRequest))
#15 /var/www/CRM/src/vendor/slim/slim/Slim/MiddlewareDispatcher.php(147): Tuupola\Middleware\JwtAuthentication->process(Object(Slim\Http\ServerRequest), Object(class@anonymous))
#16 /var/www/CRM/src/vendor/slim/slim/Slim/Middleware/ErrorMiddleware.php(107): class@anonymous->handle(Object(Slim\Http\ServerRequest))
#17 /var/www/CRM/src/vendor/slim/slim/Slim/MiddlewareDispatcher.php(147): Slim\Middleware\ErrorMiddleware->process(Object(Slim\Http\ServerRequest), Object(class@anonymous))
#18 /var/www/CRM/src/vendor/slim/slim/Slim/MiddlewareDispatcher.php(81): class@anonymous->handle(Object(Slim\Http\ServerRequest))
#19 /var/www/CRM/src/vendor/slim/slim/Slim/App.php(215): Slim\MiddlewareDispatcher->handle(Object(Slim\Http\ServerRequest))
#20 /var/www/CRM/src/vendor/slim/slim/Slim/App.php(199): Slim\App->handle(Object(Slim\Http\ServerRequest))
#21 /var/www/CRM/src/api/index.php(134): Slim\App->run()
#22 {main}
[02-Oct-2021 19:40:17 Europe/Paris] Slim Application Error
Type: Error
Code: 0
Message: Unsupported operand types
File: /var/www/CRM/src/vendor/tecnickcom/tcpdf/tcpdf.php
Line: 8880
Trace: #0 /var/www/CRM/src/vendor/tecnickcom/tcpdf/tcpdf.php(9503): TCPDF->_putfonts()
#1 /var/www/CRM/src/vendor/tecnickcom/tcpdf/tcpdf.php(10020): TCPDF->_putresources()
#2 /var/www/CRM/src/vendor/tecnickcom/tcpdf/tcpdf.php(3050): TCPDF->_enddoc()
#3 /var/www/CRM/src/vendor/tecnickcom/tcpdf/tcpdf.php(7616): TCPDF->Close()
#4 /var/www/CRM/src/EcclesiaCRM/model/EcclesiaCRM/Deposit.php(441): TCPDF->Output('EcclesiaCRM-Dep...', 'D')
#5 /var/www/CRM/src/EcclesiaCRM/APIControllers/FinanceDepositController.php(100): EcclesiaCRM\Deposit->getPDF()
#6 /var/www/CRM/src/vendor/slim/slim/Slim/Handlers/Strategies/RequestResponse.php(43): EcclesiaCRM\APIControllers\FinanceDepositController->createDepositPDF(Object(Slim\Http\ServerRequest), Object(Slim\Http\Response), Array)
#7 /var/www/CRM/src/vendor/slim/slim/Slim/Routing/Route.php(384): Slim\Handlers\Strategies\RequestResponse->__invoke(Array, Object(Slim\Http\ServerRequest), Object(Slim\Http\Response), Array)
#8 /var/www/CRM/src/vendor/slim/slim/Slim/MiddlewareDispatcher.php(81): Slim\Routing\Route->handle(Object(Slim\Http\ServerRequest))
#9 /var/www/CRM/src/vendor/slim/slim/Slim/MiddlewareDispatcher.php(81): Slim\MiddlewareDispatcher->handle(Object(Slim\Http\ServerRequest))
#10 /var/www/CRM/src/vendor/slim/slim/Slim/Routing/Route.php(341): Slim\MiddlewareDispatcher->handle(Object(Slim\Http\ServerRequest))
#11 /var/www/CRM/src/vendor/slim/slim/Slim/Routing/RouteRunner.php(84): Slim\Routing\Route->run(Object(Slim\Http\ServerRequest))
#12 /var/www/CRM/src/EcclesiaCRM/Slim/Middleware/VersionMiddleware.php(17): Slim\Routing\RouteRunner->handle(Object(Slim\Http\ServerRequest))
#13 /var/www/CRM/src/vendor/slim/slim/Slim/MiddlewareDispatcher.php(313): EcclesiaCRM\Slim\Middleware\VersionMiddleware->__invoke(Object(Slim\Http\ServerRequest), Object(Slim\Routing\RouteRunner))
#14 /var/www/CRM/src/vendor/tuupola/slim-jwt-auth/src/JwtAuthentication.php(132): class@anonymous->handle(Object(Slim\Http\ServerRequest))
#15 /var/www/CRM/src/vendor/slim/slim/Slim/MiddlewareDispatcher.php(147): Tuupola\Middleware\JwtAuthentication->process(Object(Slim\Http\ServerRequest), Object(class@anonymous))
#16 /var/www/CRM/src/vendor/slim/slim/Slim/Middleware/ErrorMiddleware.php(107): class@anonymous->handle(Object(Slim\Http\ServerRequest))
#17 /var/www/CRM/src/vendor/slim/slim/Slim/MiddlewareDispatcher.php(147): Slim\Middleware\ErrorMiddleware->process(Object(Slim\Http\ServerRequest), Object(class@anonymous))
#18 /var/www/CRM/src/vendor/slim/slim/Slim/MiddlewareDispatcher.php(81): class@anonymous->handle(Object(Slim\Http\ServerRequest))
#19 /var/www/CRM/src/vendor/slim/slim/Slim/App.php(215): Slim\MiddlewareDispatcher->handle(Object(Slim\Http\ServerRequest))
#20 /var/www/CRM/src/vendor/slim/slim/Slim/App.php(199): Slim\App->handle(Object(Slim\Http\ServerRequest))
#21 /var/www/CRM/src/api/index.php(134): Slim\App->run()
#22 {main}
[02-Oct-2021 19:45:41 Europe/Paris] Slim Application Error
Type: Error
Code: 0
Message: Unsupported operand types
File: /var/www/CRM/src/vendor/tecnickcom/tcpdf/tcpdf.php
Line: 8880
Trace: #0 /var/www/CRM/src/vendor/tecnickcom/tcpdf/tcpdf.php(9503): TCPDF->_putfonts()
#1 /var/www/CRM/src/vendor/tecnickcom/tcpdf/tcpdf.php(10020): TCPDF->_putresources()
#2 /var/www/CRM/src/vendor/tecnickcom/tcpdf/tcpdf.php(3050): TCPDF->_enddoc()
#3 /var/www/CRM/src/vendor/tecnickcom/tcpdf/tcpdf.php(7616): TCPDF->Close()
#4 /var/www/CRM/src/EcclesiaCRM/model/EcclesiaCRM/Deposit.php(441): TCPDF->Output('EcclesiaCRM-Dep...', 'D')
#5 /var/www/CRM/src/EcclesiaCRM/APIControllers/FinanceDepositController.php(100): EcclesiaCRM\Deposit->getPDF()
#6 /var/www/CRM/src/vendor/slim/slim/Slim/Handlers/Strategies/RequestResponse.php(43): EcclesiaCRM\APIControllers\FinanceDepositController->createDepositPDF(Object(Slim\Http\ServerRequest), Object(Slim\Http\Response), Array)
#7 /var/www/CRM/src/vendor/slim/slim/Slim/Routing/Route.php(384): Slim\Handlers\Strategies\RequestResponse->__invoke(Array, Object(Slim\Http\ServerRequest), Object(Slim\Http\Response), Array)
#8 /var/www/CRM/src/vendor/slim/slim/Slim/MiddlewareDispatcher.php(81): Slim\Routing\Route->handle(Object(Slim\Http\ServerRequest))
#9 /var/www/CRM/src/vendor/slim/slim/Slim/MiddlewareDispatcher.php(81): Slim\MiddlewareDispatcher->handle(Object(Slim\Http\ServerRequest))
#10 /var/www/CRM/src/vendor/slim/slim/Slim/Routing/Route.php(341): Slim\MiddlewareDispatcher->handle(Object(Slim\Http\ServerRequest))
#11 /var/www/CRM/src/vendor/slim/slim/Slim/Routing/RouteRunner.php(84): Slim\Routing\Route->run(Object(Slim\Http\ServerRequest))
#12 /var/www/CRM/src/EcclesiaCRM/Slim/Middleware/VersionMiddleware.php(17): Slim\Routing\RouteRunner->handle(Object(Slim\Http\ServerRequest))
#13 /var/www/CRM/src/vendor/slim/slim/Slim/MiddlewareDispatcher.php(313): EcclesiaCRM\Slim\Middleware\VersionMiddleware->__invoke(Object(Slim\Http\ServerRequest), Object(Slim\Routing\RouteRunner))
#14 /var/www/CRM/src/vendor/tuupola/slim-jwt-auth/src/JwtAuthentication.php(132): class@anonymous->handle(Object(Slim\Http\ServerRequest))
#15 /var/www/CRM/src/vendor/slim/slim/Slim/MiddlewareDispatcher.php(147): Tuupola\Middleware\JwtAuthentication->process(Object(Slim\Http\ServerRequest), Object(class@anonymous))
#16 /var/www/CRM/src/vendor/slim/slim/Slim/Middleware/ErrorMiddleware.php(107): class@anonymous->handle(Object(Slim\Http\ServerRequest))
#17 /var/www/CRM/src/vendor/slim/slim/Slim/MiddlewareDispatcher.php(147): Slim\Middleware\ErrorMiddleware->process(Object(Slim\Http\ServerRequest), Object(class@anonymous))
#18 /var/www/CRM/src/vendor/slim/slim/Slim/MiddlewareDispatcher.php(81): class@anonymous->handle(Object(Slim\Http\ServerRequest))
#19 /var/www/CRM/src/vendor/slim/slim/Slim/App.php(215): Slim\MiddlewareDispatcher->handle(Object(Slim\Http\ServerRequest))
#20 /var/www/CRM/src/vendor/slim/slim/Slim/App.php(199): Slim\App->handle(Object(Slim\Http\ServerRequest))
#21 /var/www/CRM/src/api/index.php(134): Slim\App->run()
#22 {main}
[02-Oct-2021 19:49:01 Europe/Paris] Slim Application Error
Type: Error
Code: 0
Message: Unsupported operand types
File: /var/www/CRM/src/vendor/tecnickcom/tcpdf/tcpdf.php
Line: 8880
Trace: #0 /var/www/CRM/src/vendor/tecnickcom/tcpdf/tcpdf.php(9503): TCPDF->_putfonts()
#1 /var/www/CRM/src/vendor/tecnickcom/tcpdf/tcpdf.php(10020): TCPDF->_putresources()
#2 /var/www/CRM/src/vendor/tecnickcom/tcpdf/tcpdf.php(3050): TCPDF->_enddoc()
#3 /var/www/CRM/src/vendor/tecnickcom/tcpdf/tcpdf.php(7616): TCPDF->Close()
#4 /var/www/CRM/src/EcclesiaCRM/model/EcclesiaCRM/Deposit.php(441): TCPDF->Output('EcclesiaCRM-Dep...', 'D')
#5 /var/www/CRM/src/EcclesiaCRM/APIControllers/FinanceDepositController.php(100): EcclesiaCRM\Deposit->getPDF()
#6 /var/www/CRM/src/vendor/slim/slim/Slim/Handlers/Strategies/RequestResponse.php(43): EcclesiaCRM\APIControllers\FinanceDepositController->createDepositPDF(Object(Slim\Http\ServerRequest), Object(Slim\Http\Response), Array)
#7 /var/www/CRM/src/vendor/slim/slim/Slim/Routing/Route.php(384): Slim\Handlers\Strategies\RequestResponse->__invoke(Array, Object(Slim\Http\ServerRequest), Object(Slim\Http\Response), Array)
#8 /var/www/CRM/src/vendor/slim/slim/Slim/MiddlewareDispatcher.php(81): Slim\Routing\Route->handle(Object(Slim\Http\ServerRequest))
#9 /var/www/CRM/src/vendor/slim/slim/Slim/MiddlewareDispatcher.php(81): Slim\MiddlewareDispatcher->handle(Object(Slim\Http\ServerRequest))
#10 /var/www/CRM/src/vendor/slim/slim/Slim/Routing/Route.php(341): Slim\MiddlewareDispatcher->handle(Object(Slim\Http\ServerRequest))
#11 /var/www/CRM/src/vendor/slim/slim/Slim/Routing/RouteRunner.php(84): Slim\Routing\Route->run(Object(Slim\Http\ServerRequest))
#12 /var/www/CRM/src/EcclesiaCRM/Slim/Middleware/VersionMiddleware.php(17): Slim\Routing\RouteRunner->handle(Object(Slim\Http\ServerRequest))
#13 /var/www/CRM/src/vendor/slim/slim/Slim/MiddlewareDispatcher.php(313): EcclesiaCRM\Slim\Middleware\VersionMiddleware->__invoke(Object(Slim\Http\ServerRequest), Object(Slim\Routing\RouteRunner))
#14 /var/www/CRM/src/vendor/tuupola/slim-jwt-auth/src/JwtAuthentication.php(132): class@anonymous->handle(Object(Slim\Http\ServerRequest))
#15 /var/www/CRM/src/vendor/slim/slim/Slim/MiddlewareDispatcher.php(147): Tuupola\Middleware\JwtAuthentication->process(Object(Slim\Http\ServerRequest), Object(class@anonymous))
#16 /var/www/CRM/src/vendor/slim/slim/Slim/Middleware/ErrorMiddleware.php(107): class@anonymous->handle(Object(Slim\Http\ServerRequest))
#17 /var/www/CRM/src/vendor/slim/slim/Slim/MiddlewareDispatcher.php(147): Slim\Middleware\ErrorMiddleware->process(Object(Slim\Http\ServerRequest), Object(class@anonymous))
#18 /var/www/CRM/src/vendor/slim/slim/Slim/MiddlewareDispatcher.php(81): class@anonymous->handle(Object(Slim\Http\ServerRequest))
#19 /var/www/CRM/src/vendor/slim/slim/Slim/App.php(215): Slim\MiddlewareDispatcher->handle(Object(Slim\Http\ServerRequest))
#20 /var/www/CRM/src/vendor/slim/slim/Slim/App.php(199): Slim\App->handle(Object(Slim\Http\ServerRequest))
#21 /var/www/CRM/src/api/index.php(134): Slim\App->run()
#22 {main}
[02-Oct-2021 19:49:24 Europe/Paris] Slim Application Error
Type: Error
Code: 0
Message: Unsupported operand types
File: /var/www/CRM/src/vendor/tecnickcom/tcpdf/tcpdf.php
Line: 8880
Trace: #0 /var/www/CRM/src/vendor/tecnickcom/tcpdf/tcpdf.php(9503): TCPDF->_putfonts()
#1 /var/www/CRM/src/vendor/tecnickcom/tcpdf/tcpdf.php(10020): TCPDF->_putresources()
#2 /var/www/CRM/src/vendor/tecnickcom/tcpdf/tcpdf.php(3050): TCPDF->_enddoc()
#3 /var/www/CRM/src/vendor/tecnickcom/tcpdf/tcpdf.php(7616): TCPDF->Close()
#4 /var/www/CRM/src/EcclesiaCRM/model/EcclesiaCRM/Deposit.php(441): TCPDF->Output('EcclesiaCRM-Dep...', 'D')
#5 /var/www/CRM/src/EcclesiaCRM/APIControllers/FinanceDepositController.php(100): EcclesiaCRM\Deposit->getPDF()
#6 /var/www/CRM/src/vendor/slim/slim/Slim/Handlers/Strategies/RequestResponse.php(43): EcclesiaCRM\APIControllers\FinanceDepositController->createDepositPDF(Object(Slim\Http\ServerRequest), Object(Slim\Http\Response), Array)
#7 /var/www/CRM/src/vendor/slim/slim/Slim/Routing/Route.php(384): Slim\Handlers\Strategies\RequestResponse->__invoke(Array, Object(Slim\Http\ServerRequest), Object(Slim\Http\Response), Array)
#8 /var/www/CRM/src/vendor/slim/slim/Slim/MiddlewareDispatcher.php(81): Slim\Routing\Route->handle(Object(Slim\Http\ServerRequest))
#9 /var/www/CRM/src/vendor/slim/slim/Slim/MiddlewareDispatcher.php(81): Slim\MiddlewareDispatcher->handle(Object(Slim\Http\ServerRequest))
#10 /var/www/CRM/src/vendor/slim/slim/Slim/Routing/Route.php(341): Slim\MiddlewareDispatcher->handle(Object(Slim\Http\ServerRequest))
#11 /var/www/CRM/src/vendor/slim/slim/Slim/Routing/RouteRunner.php(84): Slim\Routing\Route->run(Object(Slim\Http\ServerRequest))
#12 /var/www/CRM/src/EcclesiaCRM/Slim/Middleware/VersionMiddleware.php(17): Slim\Routing\RouteRunner->handle(Object(Slim\Http\ServerRequest))
#13 /var/www/CRM/src/vendor/slim/slim/Slim/MiddlewareDispatcher.php(313): EcclesiaCRM\Slim\Middleware\VersionMiddleware->__invoke(Object(Slim\Http\ServerRequest), Object(Slim\Routing\RouteRunner))
#14 /var/www/CRM/src/vendor/tuupola/slim-jwt-auth/src/JwtAuthentication.php(132): class@anonymous->handle(Object(Slim\Http\ServerRequest))
#15 /var/www/CRM/src/vendor/slim/slim/Slim/MiddlewareDispatcher.php(147): Tuupola\Middleware\JwtAuthentication->process(Object(Slim\Http\ServerRequest), Object(class@anonymous))
#16 /var/www/CRM/src/vendor/slim/slim/Slim/Middleware/ErrorMiddleware.php(107): class@anonymous->handle(Object(Slim\Http\ServerRequest))
#17 /var/www/CRM/src/vendor/slim/slim/Slim/MiddlewareDispatcher.php(147): Slim\Middleware\ErrorMiddleware->process(Object(Slim\Http\ServerRequest), Object(class@anonymous))
#18 /var/www/CRM/src/vendor/slim/slim/Slim/MiddlewareDispatcher.php(81): class@anonymous->handle(Object(Slim\Http\ServerRequest))
#19 /var/www/CRM/src/vendor/slim/slim/Slim/App.php(215): Slim\MiddlewareDispatcher->handle(Object(Slim\Http\ServerRequest))
#20 /var/www/CRM/src/vendor/slim/slim/Slim/App.php(199): Slim\App->handle(Object(Slim\Http\ServerRequest))
#21 /var/www/CRM/src/api/index.php(134): Slim\App->run()
#22 {main}
[02-Oct-2021 19:49:56 Europe/Paris] Slim Application Error
Type: Error
Code: 0
Message: Unsupported operand types
File: /var/www/CRM/src/vendor/tecnickcom/tcpdf/tcpdf.php
Line: 8880
Trace: #0 /var/www/CRM/src/vendor/tecnickcom/tcpdf/tcpdf.php(9503): TCPDF->_putfonts()
#1 /var/www/CRM/src/vendor/tecnickcom/tcpdf/tcpdf.php(10020): TCPDF->_putresources()
#2 /var/www/CRM/src/vendor/tecnickcom/tcpdf/tcpdf.php(3050): TCPDF->_enddoc()
#3 /var/www/CRM/src/vendor/tecnickcom/tcpdf/tcpdf.php(7616): TCPDF->Close()
#4 /var/www/CRM/src/EcclesiaCRM/model/EcclesiaCRM/Deposit.php(441): TCPDF->Output('EcclesiaCRM-Dep...', 'D')
#5 /var/www/CRM/src/EcclesiaCRM/APIControllers/FinanceDepositController.php(100): EcclesiaCRM\Deposit->getPDF()
#6 /var/www/CRM/src/vendor/slim/slim/Slim/Handlers/Strategies/RequestResponse.php(43): EcclesiaCRM\APIControllers\FinanceDepositController->createDepositPDF(Object(Slim\Http\ServerRequest), Object(Slim\Http\Response), Array)
#7 /var/www/CRM/src/vendor/slim/slim/Slim/Routing/Route.php(384): Slim\Handlers\Strategies\RequestResponse->__invoke(Array, Object(Slim\Http\ServerRequest), Object(Slim\Http\Response), Array)
#8 /var/www/CRM/src/vendor/slim/slim/Slim/MiddlewareDispatcher.php(81): Slim\Routing\Route->handle(Object(Slim\Http\ServerRequest))
#9 /var/www/CRM/src/vendor/slim/slim/Slim/MiddlewareDispatcher.php(81): Slim\MiddlewareDispatcher->handle(Object(Slim\Http\ServerRequest))
#10 /var/www/CRM/src/vendor/slim/slim/Slim/Routing/Route.php(341): Slim\MiddlewareDispatcher->handle(Object(Slim\Http\ServerRequest))
#11 /var/www/CRM/src/vendor/slim/slim/Slim/Routing/RouteRunner.php(84): Slim\Routing\Route->run(Object(Slim\Http\ServerRequest))
#12 /var/www/CRM/src/EcclesiaCRM/Slim/Middleware/VersionMiddleware.php(17): Slim\Routing\RouteRunner->handle(Object(Slim\Http\ServerRequest))
#13 /var/www/CRM/src/vendor/slim/slim/Slim/MiddlewareDispatcher.php(313): EcclesiaCRM\Slim\Middleware\VersionMiddleware->__invoke(Object(Slim\Http\ServerRequest), Object(Slim\Routing\RouteRunner))
#14 /var/www/CRM/src/vendor/tuupola/slim-jwt-auth/src/JwtAuthentication.php(132): class@anonymous->handle(Object(Slim\Http\ServerRequest))
#15 /var/www/CRM/src/vendor/slim/slim/Slim/MiddlewareDispatcher.php(147): Tuupola\Middleware\JwtAuthentication->process(Object(Slim\Http\ServerRequest), Object(class@anonymous))
#16 /var/www/CRM/src/vendor/slim/slim/Slim/Middleware/ErrorMiddleware.php(107): class@anonymous->handle(Object(Slim\Http\ServerRequest))
#17 /var/www/CRM/src/vendor/slim/slim/Slim/MiddlewareDispatcher.php(147): Slim\Middleware\ErrorMiddleware->process(Object(Slim\Http\ServerRequest), Object(class@anonymous))
#18 /var/www/CRM/src/vendor/slim/slim/Slim/MiddlewareDispatcher.php(81): class@anonymous->handle(Object(Slim\Http\ServerRequest))
#19 /var/www/CRM/src/vendor/slim/slim/Slim/App.php(215): Slim\MiddlewareDispatcher->handle(Object(Slim\Http\ServerRequest))
#20 /var/www/CRM/src/vendor/slim/slim/Slim/App.php(199): Slim\App->handle(Object(Slim\Http\ServerRequest))
#21 /var/www/CRM/src/api/index.php(134): Slim\App->run()
#22 {main}
[02-Oct-2021 20:48:44 Europe/Paris] PHP Fatal error:  Uncaught Error: Class 'EcclesiaCRM\Reports\PDF_Attendance' not found in /var/www/CRM/src/Reports/ClassAttendance.php:86
Stack trace:
#0 {main}
  thrown in /var/www/CRM/src/Reports/ClassAttendance.php on line 86
[02-Oct-2021 20:50:37 Europe/Paris] PHP Fatal error:  Uncaught Error: Class 'hurchInfoReportTCPDF' not found in /var/www/CRM/src/Reports/ClassList.php:35
Stack trace:
#0 {main}
  thrown in /var/www/CRM/src/Reports/ClassList.php on line 35
[02-Oct-2021 20:58:18 Europe/Paris] PHP Fatal error:  Uncaught Error: Call to undefined method EcclesiaCRM\Reports\PDF_RealAttendance::_escape() in /var/www/CRM/src/EcclesiaCRM/Reports/ChurchInfoReportTCPDF.php:41
Stack trace:
#0 /var/www/CRM/src/EcclesiaCRM/Reports/PDF_Attendance.php(494): EcclesiaCRM\Reports\ChurchInfoReportTCPDF->TextWithDirection(79, 48, '18/10/2020', 'U')
#1 /var/www/CRM/src/EcclesiaCRM/Reports/PDF_RealAttendance.php(191): EcclesiaCRM\Reports\PDF_Attendance->DrawRealAttendanceCalendar(15, 30, Array, Array, 'Etudiants', 0, '2020-10-02', '2021-10-02', 'Episode 04-05 a...', 1, 18)
#2 /var/www/CRM/src/Reports/ClassRealAttendance.php(44): EcclesiaCRM\Reports\PDF_RealAttendance->render()
#3 {main}
  thrown in /var/www/CRM/src/EcclesiaCRM/Reports/ChurchInfoReportTCPDF.php on line 41
