[24-Dec-2021 08:02:19 Europe/Paris] PHP Fatal error:  Uncaught Error: Class 'EcclesiaCRM\DateTime' not found in /var/www/CRM/src/EcclesiaCRM/model/EcclesiaCRM/User.php:906
Stack trace:
#0 /var/www/CRM/src/Login.php(69): EcclesiaCRM\User->LoginPhaseActivations()
#1 {main}
  thrown in /var/www/CRM/src/EcclesiaCRM/model/EcclesiaCRM/User.php on line 906
[24-Dec-2021 08:02:46 Europe/Paris] PHP Fatal error:  Uncaught Error: Class 'EcclesiaCRM\DateTimeZone' not found in /var/www/CRM/src/EcclesiaCRM/model/EcclesiaCRM/User.php:921
Stack trace:
#0 /var/www/CRM/src/Login.php(69): EcclesiaCRM\User->LoginPhaseActivations()
#1 {main}
  thrown in /var/www/CRM/src/EcclesiaCRM/model/EcclesiaCRM/User.php on line 921
[24-Dec-2021 08:03:00 Europe/Paris] PHP Fatal error:  Uncaught Error: Class 'EcclesiaCRM\SystemService' not found in /var/www/CRM/src/EcclesiaCRM/model/EcclesiaCRM/User.php:990
Stack trace:
#0 /var/www/CRM/src/Login.php(69): EcclesiaCRM\User->LoginPhaseActivations()
#1 {main}
  thrown in /var/www/CRM/src/EcclesiaCRM/model/EcclesiaCRM/User.php on line 990
[24-Dec-2021 07:36:13 UTC] PHP Fatal error:  Uncaught Error: Call to a member function getId() on string in /var/www/CRM/src/EcclesiaCRM/SessionUser.php:29
Stack trace:
#0 /var/www/CRM/src/EcclesiaCRM/Bootstrapper.php(322): EcclesiaCRM\SessionUser::getId()
#1 /var/www/CRM/src/EcclesiaCRM/Bootstrapper.php(82): EcclesiaCRM\Bootstrapper::configureUserEnvironment()
#2 /var/www/CRM/src/Include/LoadConfigs.php(33): EcclesiaCRM\Bootstrapper::init()
#3 /var/www/CRM/src/Include/Config.php(62): require_once('/var/www/CRM/sr...')
#4 /var/www/CRM/src/Login.php(13): require('/var/www/CRM/sr...')
#5 {main}
  thrown in /var/www/CRM/src/EcclesiaCRM/SessionUser.php on line 29
[24-Dec-2021 07:36:14 UTC] PHP Fatal error:  Uncaught Error: Call to a member function getId() on string in /var/www/CRM/src/EcclesiaCRM/SessionUser.php:29
Stack trace:
#0 /var/www/CRM/src/EcclesiaCRM/Bootstrapper.php(322): EcclesiaCRM\SessionUser::getId()
#1 /var/www/CRM/src/EcclesiaCRM/Bootstrapper.php(82): EcclesiaCRM\Bootstrapper::configureUserEnvironment()
#2 /var/www/CRM/src/Include/LoadConfigs.php(33): EcclesiaCRM\Bootstrapper::init()
#3 /var/www/CRM/src/Include/Config.php(62): require_once('/var/www/CRM/sr...')
#4 /var/www/CRM/src/Login.php(13): require('/var/www/CRM/sr...')
#5 {main}
  thrown in /var/www/CRM/src/EcclesiaCRM/SessionUser.php on line 29
[24-Dec-2021 07:36:21 UTC] PHP Fatal error:  Uncaught Error: Call to a member function getId() on string in /var/www/CRM/src/EcclesiaCRM/SessionUser.php:29
Stack trace:
#0 /var/www/CRM/src/EcclesiaCRM/Bootstrapper.php(322): EcclesiaCRM\SessionUser::getId()
#1 /var/www/CRM/src/EcclesiaCRM/Bootstrapper.php(82): EcclesiaCRM\Bootstrapper::configureUserEnvironment()
#2 /var/www/CRM/src/Include/LoadConfigs.php(33): EcclesiaCRM\Bootstrapper::init()
#3 /var/www/CRM/src/Include/Config.php(62): require_once('/var/www/CRM/sr...')
#4 /var/www/CRM/src/v2/index.php(4): require('/var/www/CRM/sr...')
#5 {main}
  thrown in /var/www/CRM/src/EcclesiaCRM/SessionUser.php on line 29
[24-Dec-2021 07:36:26 UTC] PHP Fatal error:  Uncaught Error: Call to a member function getId() on string in /var/www/CRM/src/EcclesiaCRM/SessionUser.php:29
Stack trace:
#0 /var/www/CRM/src/EcclesiaCRM/Bootstrapper.php(322): EcclesiaCRM\SessionUser::getId()
#1 /var/www/CRM/src/EcclesiaCRM/Bootstrapper.php(82): EcclesiaCRM\Bootstrapper::configureUserEnvironment()
#2 /var/www/CRM/src/Include/LoadConfigs.php(33): EcclesiaCRM\Bootstrapper::init()
#3 /var/www/CRM/src/Include/Config.php(62): require_once('/var/www/CRM/sr...')
#4 /var/www/CRM/src/index.php(7): require_once('/var/www/CRM/sr...')
#5 {main}
  thrown in /var/www/CRM/src/EcclesiaCRM/SessionUser.php on line 29
[24-Dec-2021 07:36:47 UTC] PHP Fatal error:  Uncaught Error: Call to a member function getId() on string in /var/www/CRM/src/EcclesiaCRM/SessionUser.php:29
Stack trace:
#0 /var/www/CRM/src/EcclesiaCRM/Bootstrapper.php(322): EcclesiaCRM\SessionUser::getId()
#1 /var/www/CRM/src/EcclesiaCRM/Bootstrapper.php(82): EcclesiaCRM\Bootstrapper::configureUserEnvironment()
#2 /var/www/CRM/src/Include/LoadConfigs.php(33): EcclesiaCRM\Bootstrapper::init()
#3 /var/www/CRM/src/Include/Config.php(62): require_once('/var/www/CRM/sr...')
#4 /var/www/CRM/src/index.php(7): require_once('/var/www/CRM/sr...')
#5 {main}
  thrown in /var/www/CRM/src/EcclesiaCRM/SessionUser.php on line 29
[24-Dec-2021 07:36:47 UTC] PHP Fatal error:  Uncaught Error: Call to a member function getId() on string in /var/www/CRM/src/EcclesiaCRM/SessionUser.php:29
Stack trace:
#0 /var/www/CRM/src/EcclesiaCRM/Bootstrapper.php(322): EcclesiaCRM\SessionUser::getId()
#1 /var/www/CRM/src/EcclesiaCRM/Bootstrapper.php(82): EcclesiaCRM\Bootstrapper::configureUserEnvironment()
#2 /var/www/CRM/src/Include/LoadConfigs.php(33): EcclesiaCRM\Bootstrapper::init()
#3 /var/www/CRM/src/Include/Config.php(62): require_once('/var/www/CRM/sr...')
#4 /var/www/CRM/src/index.php(7): require_once('/var/www/CRM/sr...')
#5 {main}
  thrown in /var/www/CRM/src/EcclesiaCRM/SessionUser.php on line 29
[24-Dec-2021 07:37:10 UTC] PHP Fatal error:  Uncaught Error: Call to a member function getId() on string in /var/www/CRM/src/EcclesiaCRM/SessionUser.php:29
Stack trace:
#0 /var/www/CRM/src/EcclesiaCRM/Bootstrapper.php(322): EcclesiaCRM\SessionUser::getId()
#1 /var/www/CRM/src/EcclesiaCRM/Bootstrapper.php(82): EcclesiaCRM\Bootstrapper::configureUserEnvironment()
#2 /var/www/CRM/src/Include/LoadConfigs.php(33): EcclesiaCRM\Bootstrapper::init()
#3 /var/www/CRM/src/Include/Config.php(62): require_once('/var/www/CRM/sr...')
#4 /var/www/CRM/src/index.php(7): require_once('/var/www/CRM/sr...')
#5 {main}
  thrown in /var/www/CRM/src/EcclesiaCRM/SessionUser.php on line 29
[24-Dec-2021 07:37:22 UTC] PHP Fatal error:  Uncaught Error: Call to a member function getId() on string in /var/www/CRM/src/EcclesiaCRM/SessionUser.php:29
Stack trace:
#0 /var/www/CRM/src/EcclesiaCRM/Bootstrapper.php(322): EcclesiaCRM\SessionUser::getId()
#1 /var/www/CRM/src/EcclesiaCRM/Bootstrapper.php(82): EcclesiaCRM\Bootstrapper::configureUserEnvironment()
#2 /var/www/CRM/src/Include/LoadConfigs.php(33): EcclesiaCRM\Bootstrapper::init()
#3 /var/www/CRM/src/Include/Config.php(62): require_once('/var/www/CRM/sr...')
#4 /var/www/CRM/src/index.php(7): require_once('/var/www/CRM/sr...')
#5 {main}
  thrown in /var/www/CRM/src/EcclesiaCRM/SessionUser.php on line 29
[24-Dec-2021 07:37:31 UTC] PHP Fatal error:  Uncaught Error: Call to a member function getId() on string in /var/www/CRM/src/EcclesiaCRM/SessionUser.php:29
Stack trace:
#0 /var/www/CRM/src/EcclesiaCRM/Bootstrapper.php(322): EcclesiaCRM\SessionUser::getId()
#1 /var/www/CRM/src/EcclesiaCRM/Bootstrapper.php(82): EcclesiaCRM\Bootstrapper::configureUserEnvironment()
#2 /var/www/CRM/src/Include/LoadConfigs.php(33): EcclesiaCRM\Bootstrapper::init()
#3 /var/www/CRM/src/Include/Config.php(62): require_once('/var/www/CRM/sr...')
#4 /var/www/CRM/src/index.php(7): require_once('/var/www/CRM/sr...')
#5 {main}
  thrown in /var/www/CRM/src/EcclesiaCRM/SessionUser.php on line 29
[24-Dec-2021 07:37:32 UTC] PHP Fatal error:  Uncaught Error: Call to a member function getId() on string in /var/www/CRM/src/EcclesiaCRM/SessionUser.php:29
Stack trace:
#0 /var/www/CRM/src/EcclesiaCRM/Bootstrapper.php(322): EcclesiaCRM\SessionUser::getId()
#1 /var/www/CRM/src/EcclesiaCRM/Bootstrapper.php(82): EcclesiaCRM\Bootstrapper::configureUserEnvironment()
#2 /var/www/CRM/src/Include/LoadConfigs.php(33): EcclesiaCRM\Bootstrapper::init()
#3 /var/www/CRM/src/Include/Config.php(62): require_once('/var/www/CRM/sr...')
#4 /var/www/CRM/src/index.php(7): require_once('/var/www/CRM/sr...')
#5 {main}
  thrown in /var/www/CRM/src/EcclesiaCRM/SessionUser.php on line 29
[24-Dec-2021 07:38:39 UTC] PHP Fatal error:  Uncaught Error: Call to a member function getId() on string in /var/www/CRM/src/EcclesiaCRM/SessionUser.php:29
Stack trace:
#0 /var/www/CRM/src/EcclesiaCRM/Bootstrapper.php(322): EcclesiaCRM\SessionUser::getId()
#1 /var/www/CRM/src/EcclesiaCRM/Bootstrapper.php(82): EcclesiaCRM\Bootstrapper::configureUserEnvironment()
#2 /var/www/CRM/src/Include/LoadConfigs.php(33): EcclesiaCRM\Bootstrapper::init()
#3 /var/www/CRM/src/Include/Config.php(62): require_once('/var/www/CRM/sr...')
#4 /var/www/CRM/src/Login.php(13): require('/var/www/CRM/sr...')
#5 {main}
  thrown in /var/www/CRM/src/EcclesiaCRM/SessionUser.php on line 29
[24-Dec-2021 07:40:12 UTC] PHP Fatal error:  Uncaught Error: Call to a member function getId() on string in /var/www/CRM/src/EcclesiaCRM/SessionUser.php:29
Stack trace:
#0 /var/www/CRM/src/EcclesiaCRM/Bootstrapper.php(322): EcclesiaCRM\SessionUser::getId()
#1 /var/www/CRM/src/EcclesiaCRM/Bootstrapper.php(82): EcclesiaCRM\Bootstrapper::configureUserEnvironment()
#2 /var/www/CRM/src/Include/LoadConfigs.php(33): EcclesiaCRM\Bootstrapper::init()
#3 /var/www/CRM/src/Include/Config.php(62): require_once('/var/www/CRM/sr...')
#4 /var/www/CRM/src/index.php(7): require_once('/var/www/CRM/sr...')
#5 {main}
  thrown in /var/www/CRM/src/EcclesiaCRM/SessionUser.php on line 29
[24-Dec-2021 07:40:13 UTC] PHP Fatal error:  Uncaught Error: Call to a member function getId() on string in /var/www/CRM/src/EcclesiaCRM/SessionUser.php:29
Stack trace:
#0 /var/www/CRM/src/EcclesiaCRM/Bootstrapper.php(322): EcclesiaCRM\SessionUser::getId()
#1 /var/www/CRM/src/EcclesiaCRM/Bootstrapper.php(82): EcclesiaCRM\Bootstrapper::configureUserEnvironment()
#2 /var/www/CRM/src/Include/LoadConfigs.php(33): EcclesiaCRM\Bootstrapper::init()
#3 /var/www/CRM/src/Include/Config.php(62): require_once('/var/www/CRM/sr...')
#4 /var/www/CRM/src/index.php(7): require_once('/var/www/CRM/sr...')
#5 {main}
  thrown in /var/www/CRM/src/EcclesiaCRM/SessionUser.php on line 29
[24-Dec-2021 08:50:40 Europe/Paris] PHP Fatal error:  Uncaught Error: Class 'SystemService' not found in /var/www/CRM/src/2FaVerfication.php:28
Stack trace:
#0 {main}
  thrown in /var/www/CRM/src/2FaVerfication.php on line 28
[24-Dec-2021 15:34:14 Europe/Paris] Slim Application Error
Type: ParseError
Code: 0
Message: syntax error, unexpected '$user' (T_VARIABLE), expecting '('
File: /var/www/CRM/src/v2/templates/user/userlist.php
Line: 154
Trace: #0 /var/www/CRM/src/vendor/slim/php-view/src/PhpRenderer.php(169): Slim\Views\PhpRenderer->protectedIncludeScope()
#1 /var/www/CRM/src/vendor/slim/php-view/src/PhpRenderer.php(62): Slim\Views\PhpRenderer->fetch()
#2 /var/www/CRM/src/v2/routes/user/user.php(27): Slim\Views\PhpRenderer->render()
#3 /var/www/CRM/src/vendor/slim/slim/Slim/Handlers/Strategies/RequestResponse.php(43): renderUserList()
#4 /var/www/CRM/src/vendor/slim/slim/Slim/Routing/Route.php(384): Slim\Handlers\Strategies\RequestResponse->__invoke()
#5 /var/www/CRM/src/vendor/slim/slim/Slim/MiddlewareDispatcher.php(81): Slim\Routing\Route->handle()
#6 /var/www/CRM/src/vendor/slim/slim/Slim/MiddlewareDispatcher.php(81): Slim\MiddlewareDispatcher->handle()
#7 /var/www/CRM/src/vendor/slim/slim/Slim/Routing/Route.php(341): Slim\MiddlewareDispatcher->handle()
#8 /var/www/CRM/src/vendor/slim/slim/Slim/Routing/RouteRunner.php(84): Slim\Routing\Route->run()
#9 /var/www/CRM/src/EcclesiaCRM/Slim/Middleware/VersionMiddleware.php(17): Slim\Routing\RouteRunner->handle()
#10 /var/www/CRM/src/vendor/slim/slim/Slim/MiddlewareDispatcher.php(313): EcclesiaCRM\Slim\Middleware\VersionMiddleware->__invoke()
#11 /var/www/CRM/src/vendor/tuupola/slim-jwt-auth/src/JwtAuthentication.php(132): class@anonymous->handle()
#12 /var/www/CRM/src/vendor/slim/slim/Slim/MiddlewareDispatcher.php(147): Tuupola\Middleware\JwtAuthentication->process()
#13 /var/www/CRM/src/vendor/slim/slim/Slim/Middleware/ErrorMiddleware.php(107): class@anonymous->handle()
#14 /var/www/CRM/src/vendor/slim/slim/Slim/MiddlewareDispatcher.php(147): Slim\Middleware\ErrorMiddleware->process()
#15 /var/www/CRM/src/vendor/slim/slim/Slim/MiddlewareDispatcher.php(81): class@anonymous->handle()
#16 /var/www/CRM/src/vendor/slim/slim/Slim/App.php(215): Slim\MiddlewareDispatcher->handle()
#17 /var/www/CRM/src/vendor/slim/slim/Slim/App.php(199): Slim\App->handle()
#18 /var/www/CRM/src/v2/index.php(114): Slim\App->run()
#19 {main}
[24-Dec-2021 15:34:29 Europe/Paris] Slim Application Error
Type: ParseError
Code: 0
Message: syntax error, unexpected '$user' (T_VARIABLE), expecting '('
File: /var/www/CRM/src/v2/templates/user/userlist.php
Line: 154
Trace: #0 /var/www/CRM/src/vendor/slim/php-view/src/PhpRenderer.php(169): Slim\Views\PhpRenderer->protectedIncludeScope()
#1 /var/www/CRM/src/vendor/slim/php-view/src/PhpRenderer.php(62): Slim\Views\PhpRenderer->fetch()
#2 /var/www/CRM/src/v2/routes/user/user.php(27): Slim\Views\PhpRenderer->render()
#3 /var/www/CRM/src/vendor/slim/slim/Slim/Handlers/Strategies/RequestResponse.php(43): renderUserList()
#4 /var/www/CRM/src/vendor/slim/slim/Slim/Routing/Route.php(384): Slim\Handlers\Strategies\RequestResponse->__invoke()
#5 /var/www/CRM/src/vendor/slim/slim/Slim/MiddlewareDispatcher.php(81): Slim\Routing\Route->handle()
#6 /var/www/CRM/src/vendor/slim/slim/Slim/MiddlewareDispatcher.php(81): Slim\MiddlewareDispatcher->handle()
#7 /var/www/CRM/src/vendor/slim/slim/Slim/Routing/Route.php(341): Slim\MiddlewareDispatcher->handle()
#8 /var/www/CRM/src/vendor/slim/slim/Slim/Routing/RouteRunner.php(84): Slim\Routing\Route->run()
#9 /var/www/CRM/src/EcclesiaCRM/Slim/Middleware/VersionMiddleware.php(17): Slim\Routing\RouteRunner->handle()
#10 /var/www/CRM/src/vendor/slim/slim/Slim/MiddlewareDispatcher.php(313): EcclesiaCRM\Slim\Middleware\VersionMiddleware->__invoke()
#11 /var/www/CRM/src/vendor/tuupola/slim-jwt-auth/src/JwtAuthentication.php(132): class@anonymous->handle()
#12 /var/www/CRM/src/vendor/slim/slim/Slim/MiddlewareDispatcher.php(147): Tuupola\Middleware\JwtAuthentication->process()
#13 /var/www/CRM/src/vendor/slim/slim/Slim/Middleware/ErrorMiddleware.php(107): class@anonymous->handle()
#14 /var/www/CRM/src/vendor/slim/slim/Slim/MiddlewareDispatcher.php(147): Slim\Middleware\ErrorMiddleware->process()
#15 /var/www/CRM/src/vendor/slim/slim/Slim/MiddlewareDispatcher.php(81): class@anonymous->handle()
#16 /var/www/CRM/src/vendor/slim/slim/Slim/App.php(215): Slim\MiddlewareDispatcher->handle()
#17 /var/www/CRM/src/vendor/slim/slim/Slim/App.php(199): Slim\App->handle()
#18 /var/www/CRM/src/v2/index.php(114): Slim\App->run()
#19 {main}
