[22-Dec-2021 09:42:38 Europe/Paris] Slim Application Error
Type: PDOException
Code: 42S02
Message: SQLSTATE[42S02]: Base table or view not found: 1146 Table 'crm.groupprop_1' doesn't exist
File: /var/www/CRM/src/vendor/propel/propel/src/Propel/Runtime/Connection/StatementWrapper.php
Line: 215
Trace: #0 /var/www/CRM/src/vendor/propel/propel/src/Propel/Runtime/Connection/StatementWrapper.php(215): PDOStatement->execute()
#1 /var/www/CRM/src/EcclesiaCRM/Service/GroupService.php(64): Propel\Runtime\Connection\StatementWrapper->execute()
#2 /var/www/CRM/src/EcclesiaCRM/model/EcclesiaCRM/Person.php(49): EcclesiaCRM\Service\GroupService->removeUserFromGroup()
#3 /var/www/CRM/src/EcclesiaCRM/model/EcclesiaCRM/Base/Person.php(2369): EcclesiaCRM\Person->preDelete()
#4 /var/www/CRM/src/vendor/propel/propel/src/Propel/Runtime/Connection/TransactionTrait.php(35): EcclesiaCRM\Base\Person->EcclesiaCRM\Base\{closure}()
#5 /var/www/CRM/src/EcclesiaCRM/model/EcclesiaCRM/Base/Person.php(2375): Propel\Runtime\Connection\ConnectionWrapper->transaction()
#6 /var/www/CRM/src/EcclesiaCRM/APIControllers/SystemGDRPController.php(168): EcclesiaCRM\Base\Person->delete()
#7 /var/www/CRM/src/vendor/slim/slim/Slim/Handlers/Strategies/RequestResponse.php(43): EcclesiaCRM\APIControllers\SystemGDRPController->removePersonGdpr()
#8 /var/www/CRM/src/vendor/slim/slim/Slim/Routing/Route.php(384): Slim\Handlers\Strategies\RequestResponse->__invoke()
#9 /var/www/CRM/src/vendor/slim/slim/Slim/MiddlewareDispatcher.php(81): Slim\Routing\Route->handle()
#10 /var/www/CRM/src/vendor/slim/slim/Slim/MiddlewareDispatcher.php(81): Slim\MiddlewareDispatcher->handle()
#11 /var/www/CRM/src/vendor/slim/slim/Slim/Routing/Route.php(341): Slim\MiddlewareDispatcher->handle()
#12 /var/www/CRM/src/vendor/slim/slim/Slim/Routing/RouteRunner.php(84): Slim\Routing\Route->run()
#13 /var/www/CRM/src/EcclesiaCRM/Slim/Middleware/VersionMiddleware.php(17): Slim\Routing\RouteRunner->handle()
#14 /var/www/CRM/src/vendor/slim/slim/Slim/MiddlewareDispatcher.php(313): EcclesiaCRM\Slim\Middleware\VersionMiddleware->__invoke()
#15 /var/www/CRM/src/vendor/tuupola/slim-jwt-auth/src/JwtAuthentication.php(132): class@anonymous->handle()
#16 /var/www/CRM/src/vendor/slim/slim/Slim/MiddlewareDispatcher.php(147): Tuupola\Middleware\JwtAuthentication->process()
#17 /var/www/CRM/src/vendor/slim/slim/Slim/Middleware/ErrorMiddleware.php(107): class@anonymous->handle()
#18 /var/www/CRM/src/vendor/slim/slim/Slim/MiddlewareDispatcher.php(147): Slim\Middleware\ErrorMiddleware->process()
#19 /var/www/CRM/src/vendor/slim/slim/Slim/MiddlewareDispatcher.php(81): class@anonymous->handle()
#20 /var/www/CRM/src/vendor/slim/slim/Slim/App.php(215): Slim\MiddlewareDispatcher->handle()
#21 /var/www/CRM/src/vendor/slim/slim/Slim/App.php(199): Slim\App->handle()
#22 /var/www/CRM/src/api/index.php(134): Slim\App->run()
#23 {main}
[22-Dec-2021 09:42:49 Europe/Paris] 405 Method Not Allowed
Type: Slim\Exception\HttpMethodNotAllowedException
Code: 405
Message: Method not allowed. Must be one of: POST
File: /var/www/CRM/src/vendor/slim/slim/Slim/Middleware/RoutingMiddleware.php
Line: 94
Trace: #0 /var/www/CRM/src/vendor/slim/slim/Slim/Routing/RouteRunner.php(72): Slim\Middleware\RoutingMiddleware->performRouting()
#1 /var/www/CRM/src/EcclesiaCRM/Slim/Middleware/VersionMiddleware.php(17): Slim\Routing\RouteRunner->handle()
#2 /var/www/CRM/src/vendor/slim/slim/Slim/MiddlewareDispatcher.php(313): EcclesiaCRM\Slim\Middleware\VersionMiddleware->__invoke()
#3 /var/www/CRM/src/vendor/tuupola/slim-jwt-auth/src/JwtAuthentication.php(132): class@anonymous->handle()
#4 /var/www/CRM/src/vendor/slim/slim/Slim/MiddlewareDispatcher.php(147): Tuupola\Middleware\JwtAuthentication->process()
#5 /var/www/CRM/src/vendor/slim/slim/Slim/Middleware/ErrorMiddleware.php(107): class@anonymous->handle()
#6 /var/www/CRM/src/vendor/slim/slim/Slim/MiddlewareDispatcher.php(147): Slim\Middleware\ErrorMiddleware->process()
#7 /var/www/CRM/src/vendor/slim/slim/Slim/MiddlewareDispatcher.php(81): class@anonymous->handle()
#8 /var/www/CRM/src/vendor/slim/slim/Slim/App.php(215): Slim\MiddlewareDispatcher->handle()
#9 /var/www/CRM/src/vendor/slim/slim/Slim/App.php(199): Slim\App->handle()
#10 /var/www/CRM/src/api/index.php(134): Slim\App->run()
#11 {main}
[22-Dec-2021 09:50:29 Europe/Paris] Slim Application Error
Type: PDOException
Code: 42S02
Message: SQLSTATE[42S02]: Base table or view not found: 1146 Table 'crm.groupprop_1' doesn't exist
File: /var/www/CRM/src/vendor/propel/propel/src/Propel/Runtime/Connection/PdoConnection.php
Line: 134
Trace: #0 /var/www/CRM/src/vendor/propel/propel/src/Propel/Runtime/Connection/PdoConnection.php(134): PDO->query()
#1 /var/www/CRM/src/vendor/propel/propel/src/Propel/Runtime/Connection/StatementWrapper.php(96): Propel\Runtime\Connection\PdoConnection->query()
#2 /var/www/CRM/src/vendor/propel/propel/src/Propel/Runtime/Connection/ConnectionWrapper.php(439): Propel\Runtime\Connection\StatementWrapper->query()
#3 /var/www/CRM/src/EcclesiaCRM/Service/GroupService.php(41): Propel\Runtime\Connection\ConnectionWrapper->query()
#4 /var/www/CRM/src/EcclesiaCRM/Service/GroupService.php(79): EcclesiaCRM\Service\GroupService->tableExists()
#5 /var/www/CRM/src/EcclesiaCRM/model/EcclesiaCRM/Person.php(49): EcclesiaCRM\Service\GroupService->removeUserFromGroup()
#6 /var/www/CRM/src/EcclesiaCRM/model/EcclesiaCRM/Base/Person.php(2369): EcclesiaCRM\Person->preDelete()
#7 /var/www/CRM/src/vendor/propel/propel/src/Propel/Runtime/Connection/TransactionTrait.php(35): EcclesiaCRM\Base\Person->EcclesiaCRM\Base\{closure}()
#8 /var/www/CRM/src/EcclesiaCRM/model/EcclesiaCRM/Base/Person.php(2375): Propel\Runtime\Connection\ConnectionWrapper->transaction()
#9 /var/www/CRM/src/vendor/propel/propel/src/Propel/Runtime/Collection/ObjectCollection.php(112): EcclesiaCRM\Base\Person->delete()
#10 /var/www/CRM/src/vendor/propel/propel/src/Propel/Runtime/Connection/TransactionTrait.php(35): Propel\Runtime\Collection\ObjectCollection->Propel\Runtime\Collection\{closure}()
#11 /var/www/CRM/src/vendor/propel/propel/src/Propel/Runtime/Collection/ObjectCollection.php(114): Propel\Runtime\Connection\ConnectionWrapper->transaction()
#12 /var/www/CRM/src/EcclesiaCRM/model/EcclesiaCRM/Family.php(34): Propel\Runtime\Collection\ObjectCollection->delete()
#13 /var/www/CRM/src/EcclesiaCRM/model/EcclesiaCRM/Base/Family.php(1717): EcclesiaCRM\Family->preDelete()
#14 /var/www/CRM/src/vendor/propel/propel/src/Propel/Runtime/Connection/TransactionTrait.php(35): EcclesiaCRM\Base\Family->EcclesiaCRM\Base\{closure}()
#15 /var/www/CRM/src/EcclesiaCRM/model/EcclesiaCRM/Base/Family.php(1723): Propel\Runtime\Connection\ConnectionWrapper->transaction()
#16 /var/www/CRM/src/EcclesiaCRM/APIControllers/SystemGDRPController.php(226): EcclesiaCRM\Base\Family->delete()
#17 /var/www/CRM/src/vendor/slim/slim/Slim/Handlers/Strategies/RequestResponse.php(43): EcclesiaCRM\APIControllers\SystemGDRPController->removeFamilyGdpr()
#18 /var/www/CRM/src/vendor/slim/slim/Slim/Routing/Route.php(384): Slim\Handlers\Strategies\RequestResponse->__invoke()
#19 /var/www/CRM/src/vendor/slim/slim/Slim/MiddlewareDispatcher.php(81): Slim\Routing\Route->handle()
#20 /var/www/CRM/src/vendor/slim/slim/Slim/MiddlewareDispatcher.php(81): Slim\MiddlewareDispatcher->handle()
#21 /var/www/CRM/src/vendor/slim/slim/Slim/Routing/Route.php(341): Slim\MiddlewareDispatcher->handle()
#22 /var/www/CRM/src/vendor/slim/slim/Slim/Routing/RouteRunner.php(84): Slim\Routing\Route->run()
#23 /var/www/CRM/src/EcclesiaCRM/Slim/Middleware/VersionMiddleware.php(17): Slim\Routing\RouteRunner->handle()
#24 /var/www/CRM/src/vendor/slim/slim/Slim/MiddlewareDispatcher.php(313): EcclesiaCRM\Slim\Middleware\VersionMiddleware->__invoke()
#25 /var/www/CRM/src/vendor/tuupola/slim-jwt-auth/src/JwtAuthentication.php(132): class@anonymous->handle()
#26 /var/www/CRM/src/vendor/slim/slim/Slim/MiddlewareDispatcher.php(147): Tuupola\Middleware\JwtAuthentication->process()
#27 /var/www/CRM/src/vendor/slim/slim/Slim/Middleware/ErrorMiddleware.php(107): class@anonymous->handle()
#28 /var/www/CRM/src/vendor/slim/slim/Slim/MiddlewareDispatcher.php(147): Slim\Middleware\ErrorMiddleware->process()
#29 /var/www/CRM/src/vendor/slim/slim/Slim/MiddlewareDispatcher.php(81): class@anonymous->handle()
#30 /var/www/CRM/src/vendor/slim/slim/Slim/App.php(215): Slim\MiddlewareDispatcher->handle()
#31 /var/www/CRM/src/vendor/slim/slim/Slim/App.php(199): Slim\App->handle()
#32 /var/www/CRM/src/api/index.php(134): Slim\App->run()
#33 {main}
[22-Dec-2021 09:51:19 Europe/Paris] Slim Application Error
Type: PDOException
Code: 42S02
Message: SQLSTATE[42S02]: Base table or view not found: 1146 Table 'crm.groupprop_1' doesn't exist
File: /var/www/CRM/src/vendor/propel/propel/src/Propel/Runtime/Connection/PdoConnection.php
Line: 134
Trace: #0 /var/www/CRM/src/vendor/propel/propel/src/Propel/Runtime/Connection/PdoConnection.php(134): PDO->query()
#1 /var/www/CRM/src/vendor/propel/propel/src/Propel/Runtime/Connection/StatementWrapper.php(96): Propel\Runtime\Connection\PdoConnection->query()
#2 /var/www/CRM/src/vendor/propel/propel/src/Propel/Runtime/Connection/ConnectionWrapper.php(439): Propel\Runtime\Connection\StatementWrapper->query()
#3 /var/www/CRM/src/EcclesiaCRM/Service/GroupService.php(41): Propel\Runtime\Connection\ConnectionWrapper->query()
#4 /var/www/CRM/src/EcclesiaCRM/Service/GroupService.php(79): EcclesiaCRM\Service\GroupService->tableExists()
#5 /var/www/CRM/src/EcclesiaCRM/model/EcclesiaCRM/Person.php(49): EcclesiaCRM\Service\GroupService->removeUserFromGroup()
#6 /var/www/CRM/src/EcclesiaCRM/model/EcclesiaCRM/Base/Person.php(2369): EcclesiaCRM\Person->preDelete()
#7 /var/www/CRM/src/vendor/propel/propel/src/Propel/Runtime/Connection/TransactionTrait.php(35): EcclesiaCRM\Base\Person->EcclesiaCRM\Base\{closure}()
#8 /var/www/CRM/src/EcclesiaCRM/model/EcclesiaCRM/Base/Person.php(2375): Propel\Runtime\Connection\ConnectionWrapper->transaction()
#9 /var/www/CRM/src/vendor/propel/propel/src/Propel/Runtime/Collection/ObjectCollection.php(112): EcclesiaCRM\Base\Person->delete()
#10 /var/www/CRM/src/vendor/propel/propel/src/Propel/Runtime/Connection/TransactionTrait.php(35): Propel\Runtime\Collection\ObjectCollection->Propel\Runtime\Collection\{closure}()
#11 /var/www/CRM/src/vendor/propel/propel/src/Propel/Runtime/Collection/ObjectCollection.php(114): Propel\Runtime\Connection\ConnectionWrapper->transaction()
#12 /var/www/CRM/src/EcclesiaCRM/model/EcclesiaCRM/Family.php(34): Propel\Runtime\Collection\ObjectCollection->delete()
#13 /var/www/CRM/src/EcclesiaCRM/model/EcclesiaCRM/Base/Family.php(1717): EcclesiaCRM\Family->preDelete()
#14 /var/www/CRM/src/vendor/propel/propel/src/Propel/Runtime/Connection/TransactionTrait.php(35): EcclesiaCRM\Base\Family->EcclesiaCRM\Base\{closure}()
#15 /var/www/CRM/src/EcclesiaCRM/model/EcclesiaCRM/Base/Family.php(1723): Propel\Runtime\Connection\ConnectionWrapper->transaction()
#16 /var/www/CRM/src/EcclesiaCRM/APIControllers/SystemGDRPController.php(226): EcclesiaCRM\Base\Family->delete()
#17 /var/www/CRM/src/vendor/slim/slim/Slim/Handlers/Strategies/RequestResponse.php(43): EcclesiaCRM\APIControllers\SystemGDRPController->removeFamilyGdpr()
#18 /var/www/CRM/src/vendor/slim/slim/Slim/Routing/Route.php(384): Slim\Handlers\Strategies\RequestResponse->__invoke()
#19 /var/www/CRM/src/vendor/slim/slim/Slim/MiddlewareDispatcher.php(81): Slim\Routing\Route->handle()
#20 /var/www/CRM/src/vendor/slim/slim/Slim/MiddlewareDispatcher.php(81): Slim\MiddlewareDispatcher->handle()
#21 /var/www/CRM/src/vendor/slim/slim/Slim/Routing/Route.php(341): Slim\MiddlewareDispatcher->handle()
#22 /var/www/CRM/src/vendor/slim/slim/Slim/Routing/RouteRunner.php(84): Slim\Routing\Route->run()
#23 /var/www/CRM/src/EcclesiaCRM/Slim/Middleware/VersionMiddleware.php(17): Slim\Routing\RouteRunner->handle()
#24 /var/www/CRM/src/vendor/slim/slim/Slim/MiddlewareDispatcher.php(313): EcclesiaCRM\Slim\Middleware\VersionMiddleware->__invoke()
#25 /var/www/CRM/src/vendor/tuupola/slim-jwt-auth/src/JwtAuthentication.php(132): class@anonymous->handle()
#26 /var/www/CRM/src/vendor/slim/slim/Slim/MiddlewareDispatcher.php(147): Tuupola\Middleware\JwtAuthentication->process()
#27 /var/www/CRM/src/vendor/slim/slim/Slim/Middleware/ErrorMiddleware.php(107): class@anonymous->handle()
#28 /var/www/CRM/src/vendor/slim/slim/Slim/MiddlewareDispatcher.php(147): Slim\Middleware\ErrorMiddleware->process()
#29 /var/www/CRM/src/vendor/slim/slim/Slim/MiddlewareDispatcher.php(81): class@anonymous->handle()
#30 /var/www/CRM/src/vendor/slim/slim/Slim/App.php(215): Slim\MiddlewareDispatcher->handle()
#31 /var/www/CRM/src/vendor/slim/slim/Slim/App.php(199): Slim\App->handle()
#32 /var/www/CRM/src/api/index.php(134): Slim\App->run()
#33 {main}
[22-Dec-2021 09:51:55 Europe/Paris] Slim Application Error
Type: Error
Code: 0
Message: Call to a member function getId() on null
File: /var/www/CRM/src/EcclesiaCRM/Service/GroupService.php
Line: 66
Trace: #0 /var/www/CRM/src/EcclesiaCRM/model/EcclesiaCRM/Person.php(49): EcclesiaCRM\Service\GroupService->removeUserFromGroup()
#1 /var/www/CRM/src/EcclesiaCRM/model/EcclesiaCRM/Base/Person.php(2369): EcclesiaCRM\Person->preDelete()
#2 /var/www/CRM/src/vendor/propel/propel/src/Propel/Runtime/Connection/TransactionTrait.php(35): EcclesiaCRM\Base\Person->EcclesiaCRM\Base\{closure}()
#3 /var/www/CRM/src/EcclesiaCRM/model/EcclesiaCRM/Base/Person.php(2375): Propel\Runtime\Connection\ConnectionWrapper->transaction()
#4 /var/www/CRM/src/vendor/propel/propel/src/Propel/Runtime/Collection/ObjectCollection.php(112): EcclesiaCRM\Base\Person->delete()
#5 /var/www/CRM/src/vendor/propel/propel/src/Propel/Runtime/Connection/TransactionTrait.php(35): Propel\Runtime\Collection\ObjectCollection->Propel\Runtime\Collection\{closure}()
#6 /var/www/CRM/src/vendor/propel/propel/src/Propel/Runtime/Collection/ObjectCollection.php(114): Propel\Runtime\Connection\ConnectionWrapper->transaction()
#7 /var/www/CRM/src/EcclesiaCRM/model/EcclesiaCRM/Family.php(34): Propel\Runtime\Collection\ObjectCollection->delete()
#8 /var/www/CRM/src/EcclesiaCRM/model/EcclesiaCRM/Base/Family.php(1717): EcclesiaCRM\Family->preDelete()
#9 /var/www/CRM/src/vendor/propel/propel/src/Propel/Runtime/Connection/TransactionTrait.php(35): EcclesiaCRM\Base\Family->EcclesiaCRM\Base\{closure}()
#10 /var/www/CRM/src/EcclesiaCRM/model/EcclesiaCRM/Base/Family.php(1723): Propel\Runtime\Connection\ConnectionWrapper->transaction()
#11 /var/www/CRM/src/EcclesiaCRM/APIControllers/SystemGDRPController.php(226): EcclesiaCRM\Base\Family->delete()
#12 /var/www/CRM/src/vendor/slim/slim/Slim/Handlers/Strategies/RequestResponse.php(43): EcclesiaCRM\APIControllers\SystemGDRPController->removeFamilyGdpr()
#13 /var/www/CRM/src/vendor/slim/slim/Slim/Routing/Route.php(384): Slim\Handlers\Strategies\RequestResponse->__invoke()
#14 /var/www/CRM/src/vendor/slim/slim/Slim/MiddlewareDispatcher.php(81): Slim\Routing\Route->handle()
#15 /var/www/CRM/src/vendor/slim/slim/Slim/MiddlewareDispatcher.php(81): Slim\MiddlewareDispatcher->handle()
#16 /var/www/CRM/src/vendor/slim/slim/Slim/Routing/Route.php(341): Slim\MiddlewareDispatcher->handle()
#17 /var/www/CRM/src/vendor/slim/slim/Slim/Routing/RouteRunner.php(84): Slim\Routing\Route->run()
#18 /var/www/CRM/src/EcclesiaCRM/Slim/Middleware/VersionMiddleware.php(17): Slim\Routing\RouteRunner->handle()
#19 /var/www/CRM/src/vendor/slim/slim/Slim/MiddlewareDispatcher.php(313): EcclesiaCRM\Slim\Middleware\VersionMiddleware->__invoke()
#20 /var/www/CRM/src/vendor/tuupola/slim-jwt-auth/src/JwtAuthentication.php(132): class@anonymous->handle()
#21 /var/www/CRM/src/vendor/slim/slim/Slim/MiddlewareDispatcher.php(147): Tuupola\Middleware\JwtAuthentication->process()
#22 /var/www/CRM/src/vendor/slim/slim/Slim/Middleware/ErrorMiddleware.php(107): class@anonymous->handle()
#23 /var/www/CRM/src/vendor/slim/slim/Slim/MiddlewareDispatcher.php(147): Slim\Middleware\ErrorMiddleware->process()
#24 /var/www/CRM/src/vendor/slim/slim/Slim/MiddlewareDispatcher.php(81): class@anonymous->handle()
#25 /var/www/CRM/src/vendor/slim/slim/Slim/App.php(215): Slim\MiddlewareDispatcher->handle()
#26 /var/www/CRM/src/vendor/slim/slim/Slim/App.php(199): Slim\App->handle()
#27 /var/www/CRM/src/api/index.php(134): Slim\App->run()
#28 {main}
[22-Dec-2021 09:52:48 Europe/Paris] Slim Application Error
Type: PDOException
Code: 42S02
Message: SQLSTATE[42S02]: Base table or view not found: 1146 Table 'crm.groupprop_1' doesn't exist
File: /var/www/CRM/src/vendor/propel/propel/src/Propel/Runtime/Connection/PdoConnection.php
Line: 134
Trace: #0 /var/www/CRM/src/vendor/propel/propel/src/Propel/Runtime/Connection/PdoConnection.php(134): PDO->query()
#1 /var/www/CRM/src/vendor/propel/propel/src/Propel/Runtime/Connection/StatementWrapper.php(96): Propel\Runtime\Connection\PdoConnection->query()
#2 /var/www/CRM/src/vendor/propel/propel/src/Propel/Runtime/Connection/ConnectionWrapper.php(439): Propel\Runtime\Connection\StatementWrapper->query()
#3 /var/www/CRM/src/EcclesiaCRM/Service/GroupService.php(41): Propel\Runtime\Connection\ConnectionWrapper->query()
#4 /var/www/CRM/src/EcclesiaCRM/Service/GroupService.php(81): EcclesiaCRM\Service\GroupService->tableExists()
#5 /var/www/CRM/src/EcclesiaCRM/model/EcclesiaCRM/Person.php(49): EcclesiaCRM\Service\GroupService->removeUserFromGroup()
#6 /var/www/CRM/src/EcclesiaCRM/model/EcclesiaCRM/Base/Person.php(2369): EcclesiaCRM\Person->preDelete()
#7 /var/www/CRM/src/vendor/propel/propel/src/Propel/Runtime/Connection/TransactionTrait.php(35): EcclesiaCRM\Base\Person->EcclesiaCRM\Base\{closure}()
#8 /var/www/CRM/src/EcclesiaCRM/model/EcclesiaCRM/Base/Person.php(2375): Propel\Runtime\Connection\ConnectionWrapper->transaction()
#9 /var/www/CRM/src/vendor/propel/propel/src/Propel/Runtime/Collection/ObjectCollection.php(112): EcclesiaCRM\Base\Person->delete()
#10 /var/www/CRM/src/vendor/propel/propel/src/Propel/Runtime/Connection/TransactionTrait.php(35): Propel\Runtime\Collection\ObjectCollection->Propel\Runtime\Collection\{closure}()
#11 /var/www/CRM/src/vendor/propel/propel/src/Propel/Runtime/Collection/ObjectCollection.php(114): Propel\Runtime\Connection\ConnectionWrapper->transaction()
#12 /var/www/CRM/src/EcclesiaCRM/model/EcclesiaCRM/Family.php(34): Propel\Runtime\Collection\ObjectCollection->delete()
#13 /var/www/CRM/src/EcclesiaCRM/model/EcclesiaCRM/Base/Family.php(1717): EcclesiaCRM\Family->preDelete()
#14 /var/www/CRM/src/vendor/propel/propel/src/Propel/Runtime/Connection/TransactionTrait.php(35): EcclesiaCRM\Base\Family->EcclesiaCRM\Base\{closure}()
#15 /var/www/CRM/src/EcclesiaCRM/model/EcclesiaCRM/Base/Family.php(1723): Propel\Runtime\Connection\ConnectionWrapper->transaction()
#16 /var/www/CRM/src/EcclesiaCRM/APIControllers/SystemGDRPController.php(226): EcclesiaCRM\Base\Family->delete()
#17 /var/www/CRM/src/vendor/slim/slim/Slim/Handlers/Strategies/RequestResponse.php(43): EcclesiaCRM\APIControllers\SystemGDRPController->removeFamilyGdpr()
#18 /var/www/CRM/src/vendor/slim/slim/Slim/Routing/Route.php(384): Slim\Handlers\Strategies\RequestResponse->__invoke()
#19 /var/www/CRM/src/vendor/slim/slim/Slim/MiddlewareDispatcher.php(81): Slim\Routing\Route->handle()
#20 /var/www/CRM/src/vendor/slim/slim/Slim/MiddlewareDispatcher.php(81): Slim\MiddlewareDispatcher->handle()
#21 /var/www/CRM/src/vendor/slim/slim/Slim/Routing/Route.php(341): Slim\MiddlewareDispatcher->handle()
#22 /var/www/CRM/src/vendor/slim/slim/Slim/Routing/RouteRunner.php(84): Slim\Routing\Route->run()
#23 /var/www/CRM/src/EcclesiaCRM/Slim/Middleware/VersionMiddleware.php(17): Slim\Routing\RouteRunner->handle()
#24 /var/www/CRM/src/vendor/slim/slim/Slim/MiddlewareDispatcher.php(313): EcclesiaCRM\Slim\Middleware\VersionMiddleware->__invoke()
#25 /var/www/CRM/src/vendor/tuupola/slim-jwt-auth/src/JwtAuthentication.php(132): class@anonymous->handle()
#26 /var/www/CRM/src/vendor/slim/slim/Slim/MiddlewareDispatcher.php(147): Tuupola\Middleware\JwtAuthentication->process()
#27 /var/www/CRM/src/vendor/slim/slim/Slim/Middleware/ErrorMiddleware.php(107): class@anonymous->handle()
#28 /var/www/CRM/src/vendor/slim/slim/Slim/MiddlewareDispatcher.php(147): Slim\Middleware\ErrorMiddleware->process()
#29 /var/www/CRM/src/vendor/slim/slim/Slim/MiddlewareDispatcher.php(81): class@anonymous->handle()
#30 /var/www/CRM/src/vendor/slim/slim/Slim/App.php(215): Slim\MiddlewareDispatcher->handle()
#31 /var/www/CRM/src/vendor/slim/slim/Slim/App.php(199): Slim\App->handle()
#32 /var/www/CRM/src/api/index.php(134): Slim\App->run()
#33 {main}
[22-Dec-2021 09:53:16 Europe/Paris] Slim Application Error
Type: PDOException
Code: 42S02
Message: SQLSTATE[42S02]: Base table or view not found: 1146 Table 'crm.groupprop_1' doesn't exist
File: /var/www/CRM/src/vendor/propel/propel/src/Propel/Runtime/Connection/PdoConnection.php
Line: 134
Trace: #0 /var/www/CRM/src/vendor/propel/propel/src/Propel/Runtime/Connection/PdoConnection.php(134): PDO->query()
#1 /var/www/CRM/src/vendor/propel/propel/src/Propel/Runtime/Connection/StatementWrapper.php(96): Propel\Runtime\Connection\PdoConnection->query()
#2 /var/www/CRM/src/vendor/propel/propel/src/Propel/Runtime/Connection/ConnectionWrapper.php(439): Propel\Runtime\Connection\StatementWrapper->query()
#3 /var/www/CRM/src/EcclesiaCRM/Service/GroupService.php(41): Propel\Runtime\Connection\ConnectionWrapper->query()
#4 /var/www/CRM/src/EcclesiaCRM/Service/GroupService.php(81): EcclesiaCRM\Service\GroupService->tableExists()
#5 /var/www/CRM/src/EcclesiaCRM/model/EcclesiaCRM/Person.php(49): EcclesiaCRM\Service\GroupService->removeUserFromGroup()
#6 /var/www/CRM/src/EcclesiaCRM/model/EcclesiaCRM/Base/Person.php(2369): EcclesiaCRM\Person->preDelete()
#7 /var/www/CRM/src/vendor/propel/propel/src/Propel/Runtime/Connection/TransactionTrait.php(35): EcclesiaCRM\Base\Person->EcclesiaCRM\Base\{closure}()
#8 /var/www/CRM/src/EcclesiaCRM/model/EcclesiaCRM/Base/Person.php(2375): Propel\Runtime\Connection\ConnectionWrapper->transaction()
#9 /var/www/CRM/src/vendor/propel/propel/src/Propel/Runtime/Collection/ObjectCollection.php(112): EcclesiaCRM\Base\Person->delete()
#10 /var/www/CRM/src/vendor/propel/propel/src/Propel/Runtime/Connection/TransactionTrait.php(35): Propel\Runtime\Collection\ObjectCollection->Propel\Runtime\Collection\{closure}()
#11 /var/www/CRM/src/vendor/propel/propel/src/Propel/Runtime/Collection/ObjectCollection.php(114): Propel\Runtime\Connection\ConnectionWrapper->transaction()
#12 /var/www/CRM/src/EcclesiaCRM/model/EcclesiaCRM/Family.php(34): Propel\Runtime\Collection\ObjectCollection->delete()
#13 /var/www/CRM/src/EcclesiaCRM/model/EcclesiaCRM/Base/Family.php(1717): EcclesiaCRM\Family->preDelete()
#14 /var/www/CRM/src/vendor/propel/propel/src/Propel/Runtime/Connection/TransactionTrait.php(35): EcclesiaCRM\Base\Family->EcclesiaCRM\Base\{closure}()
#15 /var/www/CRM/src/EcclesiaCRM/model/EcclesiaCRM/Base/Family.php(1723): Propel\Runtime\Connection\ConnectionWrapper->transaction()
#16 /var/www/CRM/src/EcclesiaCRM/APIControllers/SystemGDRPController.php(226): EcclesiaCRM\Base\Family->delete()
#17 /var/www/CRM/src/vendor/slim/slim/Slim/Handlers/Strategies/RequestResponse.php(43): EcclesiaCRM\APIControllers\SystemGDRPController->removeFamilyGdpr()
#18 /var/www/CRM/src/vendor/slim/slim/Slim/Routing/Route.php(384): Slim\Handlers\Strategies\RequestResponse->__invoke()
#19 /var/www/CRM/src/vendor/slim/slim/Slim/MiddlewareDispatcher.php(81): Slim\Routing\Route->handle()
#20 /var/www/CRM/src/vendor/slim/slim/Slim/MiddlewareDispatcher.php(81): Slim\MiddlewareDispatcher->handle()
#21 /var/www/CRM/src/vendor/slim/slim/Slim/Routing/Route.php(341): Slim\MiddlewareDispatcher->handle()
#22 /var/www/CRM/src/vendor/slim/slim/Slim/Routing/RouteRunner.php(84): Slim\Routing\Route->run()
#23 /var/www/CRM/src/EcclesiaCRM/Slim/Middleware/VersionMiddleware.php(17): Slim\Routing\RouteRunner->handle()
#24 /var/www/CRM/src/vendor/slim/slim/Slim/MiddlewareDispatcher.php(313): EcclesiaCRM\Slim\Middleware\VersionMiddleware->__invoke()
#25 /var/www/CRM/src/vendor/tuupola/slim-jwt-auth/src/JwtAuthentication.php(132): class@anonymous->handle()
#26 /var/www/CRM/src/vendor/slim/slim/Slim/MiddlewareDispatcher.php(147): Tuupola\Middleware\JwtAuthentication->process()
#27 /var/www/CRM/src/vendor/slim/slim/Slim/Middleware/ErrorMiddleware.php(107): class@anonymous->handle()
#28 /var/www/CRM/src/vendor/slim/slim/Slim/MiddlewareDispatcher.php(147): Slim\Middleware\ErrorMiddleware->process()
#29 /var/www/CRM/src/vendor/slim/slim/Slim/MiddlewareDispatcher.php(81): class@anonymous->handle()
#30 /var/www/CRM/src/vendor/slim/slim/Slim/App.php(215): Slim\MiddlewareDispatcher->handle()
#31 /var/www/CRM/src/vendor/slim/slim/Slim/App.php(199): Slim\App->handle()
#32 /var/www/CRM/src/api/index.php(134): Slim\App->run()
#33 {main}
[22-Dec-2021 10:00:36 Europe/Paris] Slim Application Error
Type: PDOException
Code: 42S02
Message: SQLSTATE[42S02]: Base table or view not found: 1146 Table 'crm.groupprop_1' doesn't exist
File: /var/www/CRM/src/vendor/propel/propel/src/Propel/Runtime/Connection/PdoConnection.php
Line: 134
Trace: #0 /var/www/CRM/src/vendor/propel/propel/src/Propel/Runtime/Connection/PdoConnection.php(134): PDO->query()
#1 /var/www/CRM/src/vendor/propel/propel/src/Propel/Runtime/Connection/StatementWrapper.php(96): Propel\Runtime\Connection\PdoConnection->query()
#2 /var/www/CRM/src/vendor/propel/propel/src/Propel/Runtime/Connection/ConnectionWrapper.php(439): Propel\Runtime\Connection\StatementWrapper->query()
#3 /var/www/CRM/src/EcclesiaCRM/Service/GroupService.php(41): Propel\Runtime\Connection\ConnectionWrapper->query()
#4 /var/www/CRM/src/EcclesiaCRM/Service/GroupService.php(81): EcclesiaCRM\Service\GroupService->tableExists()
#5 /var/www/CRM/src/EcclesiaCRM/model/EcclesiaCRM/Person.php(49): EcclesiaCRM\Service\GroupService->removeUserFromGroup()
#6 /var/www/CRM/src/EcclesiaCRM/model/EcclesiaCRM/Base/Person.php(2369): EcclesiaCRM\Person->preDelete()
#7 /var/www/CRM/src/vendor/propel/propel/src/Propel/Runtime/Connection/TransactionTrait.php(35): EcclesiaCRM\Base\Person->EcclesiaCRM\Base\{closure}()
#8 /var/www/CRM/src/EcclesiaCRM/model/EcclesiaCRM/Base/Person.php(2375): Propel\Runtime\Connection\ConnectionWrapper->transaction()
#9 /var/www/CRM/src/vendor/propel/propel/src/Propel/Runtime/Collection/ObjectCollection.php(112): EcclesiaCRM\Base\Person->delete()
#10 /var/www/CRM/src/vendor/propel/propel/src/Propel/Runtime/Connection/TransactionTrait.php(35): Propel\Runtime\Collection\ObjectCollection->Propel\Runtime\Collection\{closure}()
#11 /var/www/CRM/src/vendor/propel/propel/src/Propel/Runtime/Collection/ObjectCollection.php(114): Propel\Runtime\Connection\ConnectionWrapper->transaction()
#12 /var/www/CRM/src/EcclesiaCRM/model/EcclesiaCRM/Family.php(34): Propel\Runtime\Collection\ObjectCollection->delete()
#13 /var/www/CRM/src/EcclesiaCRM/model/EcclesiaCRM/Base/Family.php(1717): EcclesiaCRM\Family->preDelete()
#14 /var/www/CRM/src/vendor/propel/propel/src/Propel/Runtime/Connection/TransactionTrait.php(35): EcclesiaCRM\Base\Family->EcclesiaCRM\Base\{closure}()
#15 /var/www/CRM/src/EcclesiaCRM/model/EcclesiaCRM/Base/Family.php(1723): Propel\Runtime\Connection\ConnectionWrapper->transaction()
#16 /var/www/CRM/src/EcclesiaCRM/APIControllers/SystemGDRPController.php(226): EcclesiaCRM\Base\Family->delete()
#17 /var/www/CRM/src/vendor/slim/slim/Slim/Handlers/Strategies/RequestResponse.php(43): EcclesiaCRM\APIControllers\SystemGDRPController->removeFamilyGdpr()
#18 /var/www/CRM/src/vendor/slim/slim/Slim/Routing/Route.php(384): Slim\Handlers\Strategies\RequestResponse->__invoke()
#19 /var/www/CRM/src/vendor/slim/slim/Slim/MiddlewareDispatcher.php(81): Slim\Routing\Route->handle()
#20 /var/www/CRM/src/vendor/slim/slim/Slim/MiddlewareDispatcher.php(81): Slim\MiddlewareDispatcher->handle()
#21 /var/www/CRM/src/vendor/slim/slim/Slim/Routing/Route.php(341): Slim\MiddlewareDispatcher->handle()
#22 /var/www/CRM/src/vendor/slim/slim/Slim/Routing/RouteRunner.php(84): Slim\Routing\Route->run()
#23 /var/www/CRM/src/EcclesiaCRM/Slim/Middleware/VersionMiddleware.php(17): Slim\Routing\RouteRunner->handle()
#24 /var/www/CRM/src/vendor/slim/slim/Slim/MiddlewareDispatcher.php(313): EcclesiaCRM\Slim\Middleware\VersionMiddleware->__invoke()
#25 /var/www/CRM/src/vendor/tuupola/slim-jwt-auth/src/JwtAuthentication.php(132): class@anonymous->handle()
#26 /var/www/CRM/src/vendor/slim/slim/Slim/MiddlewareDispatcher.php(147): Tuupola\Middleware\JwtAuthentication->process()
#27 /var/www/CRM/src/vendor/slim/slim/Slim/Middleware/ErrorMiddleware.php(107): class@anonymous->handle()
#28 /var/www/CRM/src/vendor/slim/slim/Slim/MiddlewareDispatcher.php(147): Slim\Middleware\ErrorMiddleware->process()
#29 /var/www/CRM/src/vendor/slim/slim/Slim/MiddlewareDispatcher.php(81): class@anonymous->handle()
#30 /var/www/CRM/src/vendor/slim/slim/Slim/App.php(215): Slim\MiddlewareDispatcher->handle()
#31 /var/www/CRM/src/vendor/slim/slim/Slim/App.php(199): Slim\App->handle()
#32 /var/www/CRM/src/api/index.php(134): Slim\App->run()
#33 {main}
[22-Dec-2021 10:07:21 Europe/Paris] Slim Application Error
Type: PDOException
Code: 42S02
Message: SQLSTATE[42S02]: Base table or view not found: 1146 Table 'crm.groupprop_1' doesn't exist
File: /var/www/CRM/src/vendor/propel/propel/src/Propel/Runtime/Connection/PdoConnection.php
Line: 134
Trace: #0 /var/www/CRM/src/vendor/propel/propel/src/Propel/Runtime/Connection/PdoConnection.php(134): PDO->query()
#1 /var/www/CRM/src/vendor/propel/propel/src/Propel/Runtime/Connection/StatementWrapper.php(96): Propel\Runtime\Connection\PdoConnection->query()
#2 /var/www/CRM/src/vendor/propel/propel/src/Propel/Runtime/Connection/ConnectionWrapper.php(439): Propel\Runtime\Connection\StatementWrapper->query()
#3 /var/www/CRM/src/EcclesiaCRM/Service/GroupService.php(41): Propel\Runtime\Connection\ConnectionWrapper->query()
#4 /var/www/CRM/src/EcclesiaCRM/Service/GroupService.php(86): EcclesiaCRM\Service\GroupService->tableExists()
#5 /var/www/CRM/src/EcclesiaCRM/model/EcclesiaCRM/Person.php(49): EcclesiaCRM\Service\GroupService->removeUserFromGroup()
#6 /var/www/CRM/src/EcclesiaCRM/model/EcclesiaCRM/Base/Person.php(2369): EcclesiaCRM\Person->preDelete()
#7 /var/www/CRM/src/vendor/propel/propel/src/Propel/Runtime/Connection/TransactionTrait.php(35): EcclesiaCRM\Base\Person->EcclesiaCRM\Base\{closure}()
#8 /var/www/CRM/src/EcclesiaCRM/model/EcclesiaCRM/Base/Person.php(2375): Propel\Runtime\Connection\ConnectionWrapper->transaction()
#9 /var/www/CRM/src/vendor/propel/propel/src/Propel/Runtime/Collection/ObjectCollection.php(112): EcclesiaCRM\Base\Person->delete()
#10 /var/www/CRM/src/vendor/propel/propel/src/Propel/Runtime/Connection/TransactionTrait.php(35): Propel\Runtime\Collection\ObjectCollection->Propel\Runtime\Collection\{closure}()
#11 /var/www/CRM/src/vendor/propel/propel/src/Propel/Runtime/Collection/ObjectCollection.php(114): Propel\Runtime\Connection\ConnectionWrapper->transaction()
#12 /var/www/CRM/src/EcclesiaCRM/model/EcclesiaCRM/Family.php(34): Propel\Runtime\Collection\ObjectCollection->delete()
#13 /var/www/CRM/src/EcclesiaCRM/model/EcclesiaCRM/Base/Family.php(1717): EcclesiaCRM\Family->preDelete()
#14 /var/www/CRM/src/vendor/propel/propel/src/Propel/Runtime/Connection/TransactionTrait.php(35): EcclesiaCRM\Base\Family->EcclesiaCRM\Base\{closure}()
#15 /var/www/CRM/src/EcclesiaCRM/model/EcclesiaCRM/Base/Family.php(1723): Propel\Runtime\Connection\ConnectionWrapper->transaction()
#16 /var/www/CRM/src/EcclesiaCRM/APIControllers/SystemGDRPController.php(226): EcclesiaCRM\Base\Family->delete()
#17 /var/www/CRM/src/vendor/slim/slim/Slim/Handlers/Strategies/RequestResponse.php(43): EcclesiaCRM\APIControllers\SystemGDRPController->removeFamilyGdpr()
#18 /var/www/CRM/src/vendor/slim/slim/Slim/Routing/Route.php(384): Slim\Handlers\Strategies\RequestResponse->__invoke()
#19 /var/www/CRM/src/vendor/slim/slim/Slim/MiddlewareDispatcher.php(81): Slim\Routing\Route->handle()
#20 /var/www/CRM/src/vendor/slim/slim/Slim/MiddlewareDispatcher.php(81): Slim\MiddlewareDispatcher->handle()
#21 /var/www/CRM/src/vendor/slim/slim/Slim/Routing/Route.php(341): Slim\MiddlewareDispatcher->handle()
#22 /var/www/CRM/src/vendor/slim/slim/Slim/Routing/RouteRunner.php(84): Slim\Routing\Route->run()
#23 /var/www/CRM/src/EcclesiaCRM/Slim/Middleware/VersionMiddleware.php(17): Slim\Routing\RouteRunner->handle()
#24 /var/www/CRM/src/vendor/slim/slim/Slim/MiddlewareDispatcher.php(313): EcclesiaCRM\Slim\Middleware\VersionMiddleware->__invoke()
#25 /var/www/CRM/src/vendor/tuupola/slim-jwt-auth/src/JwtAuthentication.php(132): class@anonymous->handle()
#26 /var/www/CRM/src/vendor/slim/slim/Slim/MiddlewareDispatcher.php(147): Tuupola\Middleware\JwtAuthentication->process()
#27 /var/www/CRM/src/vendor/slim/slim/Slim/Middleware/ErrorMiddleware.php(107): class@anonymous->handle()
#28 /var/www/CRM/src/vendor/slim/slim/Slim/MiddlewareDispatcher.php(147): Slim\Middleware\ErrorMiddleware->process()
#29 /var/www/CRM/src/vendor/slim/slim/Slim/MiddlewareDispatcher.php(81): class@anonymous->handle()
#30 /var/www/CRM/src/vendor/slim/slim/Slim/App.php(215): Slim\MiddlewareDispatcher->handle()
#31 /var/www/CRM/src/vendor/slim/slim/Slim/App.php(199): Slim\App->handle()
#32 /var/www/CRM/src/api/index.php(134): Slim\App->run()
#33 {main}
[22-Dec-2021 10:07:24 Europe/Paris] Slim Application Error
Type: PDOException
Code: 42S02
Message: SQLSTATE[42S02]: Base table or view not found: 1146 Table 'crm.groupprop_1' doesn't exist
File: /var/www/CRM/src/vendor/propel/propel/src/Propel/Runtime/Connection/PdoConnection.php
Line: 134
Trace: #0 /var/www/CRM/src/vendor/propel/propel/src/Propel/Runtime/Connection/PdoConnection.php(134): PDO->query()
#1 /var/www/CRM/src/vendor/propel/propel/src/Propel/Runtime/Connection/StatementWrapper.php(96): Propel\Runtime\Connection\PdoConnection->query()
#2 /var/www/CRM/src/vendor/propel/propel/src/Propel/Runtime/Connection/ConnectionWrapper.php(439): Propel\Runtime\Connection\StatementWrapper->query()
#3 /var/www/CRM/src/EcclesiaCRM/Service/GroupService.php(41): Propel\Runtime\Connection\ConnectionWrapper->query()
#4 /var/www/CRM/src/EcclesiaCRM/Service/GroupService.php(86): EcclesiaCRM\Service\GroupService->tableExists()
#5 /var/www/CRM/src/EcclesiaCRM/model/EcclesiaCRM/Person.php(49): EcclesiaCRM\Service\GroupService->removeUserFromGroup()
#6 /var/www/CRM/src/EcclesiaCRM/model/EcclesiaCRM/Base/Person.php(2369): EcclesiaCRM\Person->preDelete()
#7 /var/www/CRM/src/vendor/propel/propel/src/Propel/Runtime/Connection/TransactionTrait.php(35): EcclesiaCRM\Base\Person->EcclesiaCRM\Base\{closure}()
#8 /var/www/CRM/src/EcclesiaCRM/model/EcclesiaCRM/Base/Person.php(2375): Propel\Runtime\Connection\ConnectionWrapper->transaction()
#9 /var/www/CRM/src/vendor/propel/propel/src/Propel/Runtime/Collection/ObjectCollection.php(112): EcclesiaCRM\Base\Person->delete()
#10 /var/www/CRM/src/vendor/propel/propel/src/Propel/Runtime/Connection/TransactionTrait.php(35): Propel\Runtime\Collection\ObjectCollection->Propel\Runtime\Collection\{closure}()
#11 /var/www/CRM/src/vendor/propel/propel/src/Propel/Runtime/Collection/ObjectCollection.php(114): Propel\Runtime\Connection\ConnectionWrapper->transaction()
#12 /var/www/CRM/src/EcclesiaCRM/model/EcclesiaCRM/Family.php(34): Propel\Runtime\Collection\ObjectCollection->delete()
#13 /var/www/CRM/src/EcclesiaCRM/model/EcclesiaCRM/Base/Family.php(1717): EcclesiaCRM\Family->preDelete()
#14 /var/www/CRM/src/vendor/propel/propel/src/Propel/Runtime/Connection/TransactionTrait.php(35): EcclesiaCRM\Base\Family->EcclesiaCRM\Base\{closure}()
#15 /var/www/CRM/src/EcclesiaCRM/model/EcclesiaCRM/Base/Family.php(1723): Propel\Runtime\Connection\ConnectionWrapper->transaction()
#16 /var/www/CRM/src/EcclesiaCRM/APIControllers/SystemGDRPController.php(226): EcclesiaCRM\Base\Family->delete()
#17 /var/www/CRM/src/vendor/slim/slim/Slim/Handlers/Strategies/RequestResponse.php(43): EcclesiaCRM\APIControllers\SystemGDRPController->removeFamilyGdpr()
#18 /var/www/CRM/src/vendor/slim/slim/Slim/Routing/Route.php(384): Slim\Handlers\Strategies\RequestResponse->__invoke()
#19 /var/www/CRM/src/vendor/slim/slim/Slim/MiddlewareDispatcher.php(81): Slim\Routing\Route->handle()
#20 /var/www/CRM/src/vendor/slim/slim/Slim/MiddlewareDispatcher.php(81): Slim\MiddlewareDispatcher->handle()
#21 /var/www/CRM/src/vendor/slim/slim/Slim/Routing/Route.php(341): Slim\MiddlewareDispatcher->handle()
#22 /var/www/CRM/src/vendor/slim/slim/Slim/Routing/RouteRunner.php(84): Slim\Routing\Route->run()
#23 /var/www/CRM/src/EcclesiaCRM/Slim/Middleware/VersionMiddleware.php(17): Slim\Routing\RouteRunner->handle()
#24 /var/www/CRM/src/vendor/slim/slim/Slim/MiddlewareDispatcher.php(313): EcclesiaCRM\Slim\Middleware\VersionMiddleware->__invoke()
#25 /var/www/CRM/src/vendor/tuupola/slim-jwt-auth/src/JwtAuthentication.php(132): class@anonymous->handle()
#26 /var/www/CRM/src/vendor/slim/slim/Slim/MiddlewareDispatcher.php(147): Tuupola\Middleware\JwtAuthentication->process()
#27 /var/www/CRM/src/vendor/slim/slim/Slim/Middleware/ErrorMiddleware.php(107): class@anonymous->handle()
#28 /var/www/CRM/src/vendor/slim/slim/Slim/MiddlewareDispatcher.php(147): Slim\Middleware\ErrorMiddleware->process()
#29 /var/www/CRM/src/vendor/slim/slim/Slim/MiddlewareDispatcher.php(81): class@anonymous->handle()
#30 /var/www/CRM/src/vendor/slim/slim/Slim/App.php(215): Slim\MiddlewareDispatcher->handle()
#31 /var/www/CRM/src/vendor/slim/slim/Slim/App.php(199): Slim\App->handle()
#32 /var/www/CRM/src/api/index.php(134): Slim\App->run()
#33 {main}
[22-Dec-2021 10:10:19 Europe/Paris] Slim Application Error
Type: Error
Code: 0
Message: Class 'EcclesiaCRM\Service\GroupService' not found
File: /var/www/CRM/src/EcclesiaCRM/model/EcclesiaCRM/Person.php
Line: 47
Trace: #0 /var/www/CRM/src/EcclesiaCRM/model/EcclesiaCRM/Base/Person.php(2369): EcclesiaCRM\Person->preDelete()
#1 /var/www/CRM/src/vendor/propel/propel/src/Propel/Runtime/Connection/TransactionTrait.php(35): EcclesiaCRM\Base\Person->EcclesiaCRM\Base\{closure}()
#2 /var/www/CRM/src/EcclesiaCRM/model/EcclesiaCRM/Base/Person.php(2375): Propel\Runtime\Connection\ConnectionWrapper->transaction()
#3 /var/www/CRM/src/vendor/propel/propel/src/Propel/Runtime/Collection/ObjectCollection.php(112): EcclesiaCRM\Base\Person->delete()
#4 /var/www/CRM/src/vendor/propel/propel/src/Propel/Runtime/Connection/TransactionTrait.php(35): Propel\Runtime\Collection\ObjectCollection->Propel\Runtime\Collection\{closure}()
#5 /var/www/CRM/src/vendor/propel/propel/src/Propel/Runtime/Collection/ObjectCollection.php(114): Propel\Runtime\Connection\ConnectionWrapper->transaction()
#6 /var/www/CRM/src/EcclesiaCRM/model/EcclesiaCRM/Family.php(34): Propel\Runtime\Collection\ObjectCollection->delete()
#7 /var/www/CRM/src/EcclesiaCRM/model/EcclesiaCRM/Base/Family.php(1717): EcclesiaCRM\Family->preDelete()
#8 /var/www/CRM/src/vendor/propel/propel/src/Propel/Runtime/Connection/TransactionTrait.php(35): EcclesiaCRM\Base\Family->EcclesiaCRM\Base\{closure}()
#9 /var/www/CRM/src/EcclesiaCRM/model/EcclesiaCRM/Base/Family.php(1723): Propel\Runtime\Connection\ConnectionWrapper->transaction()
#10 /var/www/CRM/src/EcclesiaCRM/APIControllers/SystemGDRPController.php(226): EcclesiaCRM\Base\Family->delete()
#11 /var/www/CRM/src/vendor/slim/slim/Slim/Handlers/Strategies/RequestResponse.php(43): EcclesiaCRM\APIControllers\SystemGDRPController->removeFamilyGdpr()
#12 /var/www/CRM/src/vendor/slim/slim/Slim/Routing/Route.php(384): Slim\Handlers\Strategies\RequestResponse->__invoke()
#13 /var/www/CRM/src/vendor/slim/slim/Slim/MiddlewareDispatcher.php(81): Slim\Routing\Route->handle()
#14 /var/www/CRM/src/vendor/slim/slim/Slim/MiddlewareDispatcher.php(81): Slim\MiddlewareDispatcher->handle()
#15 /var/www/CRM/src/vendor/slim/slim/Slim/Routing/Route.php(341): Slim\MiddlewareDispatcher->handle()
#16 /var/www/CRM/src/vendor/slim/slim/Slim/Routing/RouteRunner.php(84): Slim\Routing\Route->run()
#17 /var/www/CRM/src/EcclesiaCRM/Slim/Middleware/VersionMiddleware.php(17): Slim\Routing\RouteRunner->handle()
#18 /var/www/CRM/src/vendor/slim/slim/Slim/MiddlewareDispatcher.php(313): EcclesiaCRM\Slim\Middleware\VersionMiddleware->__invoke()
#19 /var/www/CRM/src/vendor/tuupola/slim-jwt-auth/src/JwtAuthentication.php(132): class@anonymous->handle()
#20 /var/www/CRM/src/vendor/slim/slim/Slim/MiddlewareDispatcher.php(147): Tuupola\Middleware\JwtAuthentication->process()
#21 /var/www/CRM/src/vendor/slim/slim/Slim/Middleware/ErrorMiddleware.php(107): class@anonymous->handle()
#22 /var/www/CRM/src/vendor/slim/slim/Slim/MiddlewareDispatcher.php(147): Slim\Middleware\ErrorMiddleware->process()
#23 /var/www/CRM/src/vendor/slim/slim/Slim/MiddlewareDispatcher.php(81): class@anonymous->handle()
#24 /var/www/CRM/src/vendor/slim/slim/Slim/App.php(215): Slim\MiddlewareDispatcher->handle()
#25 /var/www/CRM/src/vendor/slim/slim/Slim/App.php(199): Slim\App->handle()
#26 /var/www/CRM/src/api/index.php(134): Slim\App->run()
#27 {main}
[22-Dec-2021 10:11:26 Europe/Paris] Slim Application Error
Type: PDOException
Code: 42S02
Message: SQLSTATE[42S02]: Base table or view not found: 1146 Table 'crm.groupprop_1' doesn't exist
File: /var/www/CRM/src/vendor/propel/propel/src/Propel/Runtime/Connection/PdoConnection.php
Line: 134
Trace: #0 /var/www/CRM/src/vendor/propel/propel/src/Propel/Runtime/Connection/PdoConnection.php(134): PDO->query()
#1 /var/www/CRM/src/vendor/propel/propel/src/Propel/Runtime/Connection/StatementWrapper.php(96): Propel\Runtime\Connection\PdoConnection->query()
#2 /var/www/CRM/src/vendor/propel/propel/src/Propel/Runtime/Connection/ConnectionWrapper.php(439): Propel\Runtime\Connection\StatementWrapper->query()
#3 /var/www/CRM/src/EcclesiaCRM/Service/GroupService.php(40): Propel\Runtime\Connection\ConnectionWrapper->query()
#4 /var/www/CRM/src/EcclesiaCRM/Service/GroupService.php(85): EcclesiaCRM\Service\GroupService->tableExists()
#5 /var/www/CRM/src/EcclesiaCRM/model/EcclesiaCRM/Person.php(49): EcclesiaCRM\Service\GroupService->removeUserFromGroup()
#6 /var/www/CRM/src/EcclesiaCRM/model/EcclesiaCRM/Base/Person.php(2369): EcclesiaCRM\Person->preDelete()
#7 /var/www/CRM/src/vendor/propel/propel/src/Propel/Runtime/Connection/TransactionTrait.php(35): EcclesiaCRM\Base\Person->EcclesiaCRM\Base\{closure}()
#8 /var/www/CRM/src/EcclesiaCRM/model/EcclesiaCRM/Base/Person.php(2375): Propel\Runtime\Connection\ConnectionWrapper->transaction()
#9 /var/www/CRM/src/vendor/propel/propel/src/Propel/Runtime/Collection/ObjectCollection.php(112): EcclesiaCRM\Base\Person->delete()
#10 /var/www/CRM/src/vendor/propel/propel/src/Propel/Runtime/Connection/TransactionTrait.php(35): Propel\Runtime\Collection\ObjectCollection->Propel\Runtime\Collection\{closure}()
#11 /var/www/CRM/src/vendor/propel/propel/src/Propel/Runtime/Collection/ObjectCollection.php(114): Propel\Runtime\Connection\ConnectionWrapper->transaction()
#12 /var/www/CRM/src/EcclesiaCRM/model/EcclesiaCRM/Family.php(34): Propel\Runtime\Collection\ObjectCollection->delete()
#13 /var/www/CRM/src/EcclesiaCRM/model/EcclesiaCRM/Base/Family.php(1717): EcclesiaCRM\Family->preDelete()
#14 /var/www/CRM/src/vendor/propel/propel/src/Propel/Runtime/Connection/TransactionTrait.php(35): EcclesiaCRM\Base\Family->EcclesiaCRM\Base\{closure}()
#15 /var/www/CRM/src/EcclesiaCRM/model/EcclesiaCRM/Base/Family.php(1723): Propel\Runtime\Connection\ConnectionWrapper->transaction()
#16 /var/www/CRM/src/EcclesiaCRM/APIControllers/SystemGDRPController.php(226): EcclesiaCRM\Base\Family->delete()
#17 /var/www/CRM/src/vendor/slim/slim/Slim/Handlers/Strategies/RequestResponse.php(43): EcclesiaCRM\APIControllers\SystemGDRPController->removeFamilyGdpr()
#18 /var/www/CRM/src/vendor/slim/slim/Slim/Routing/Route.php(384): Slim\Handlers\Strategies\RequestResponse->__invoke()
#19 /var/www/CRM/src/vendor/slim/slim/Slim/MiddlewareDispatcher.php(81): Slim\Routing\Route->handle()
#20 /var/www/CRM/src/vendor/slim/slim/Slim/MiddlewareDispatcher.php(81): Slim\MiddlewareDispatcher->handle()
#21 /var/www/CRM/src/vendor/slim/slim/Slim/Routing/Route.php(341): Slim\MiddlewareDispatcher->handle()
#22 /var/www/CRM/src/vendor/slim/slim/Slim/Routing/RouteRunner.php(84): Slim\Routing\Route->run()
#23 /var/www/CRM/src/EcclesiaCRM/Slim/Middleware/VersionMiddleware.php(17): Slim\Routing\RouteRunner->handle()
#24 /var/www/CRM/src/vendor/slim/slim/Slim/MiddlewareDispatcher.php(313): EcclesiaCRM\Slim\Middleware\VersionMiddleware->__invoke()
#25 /var/www/CRM/src/vendor/tuupola/slim-jwt-auth/src/JwtAuthentication.php(132): class@anonymous->handle()
#26 /var/www/CRM/src/vendor/slim/slim/Slim/MiddlewareDispatcher.php(147): Tuupola\Middleware\JwtAuthentication->process()
#27 /var/www/CRM/src/vendor/slim/slim/Slim/Middleware/ErrorMiddleware.php(107): class@anonymous->handle()
#28 /var/www/CRM/src/vendor/slim/slim/Slim/MiddlewareDispatcher.php(147): Slim\Middleware\ErrorMiddleware->process()
#29 /var/www/CRM/src/vendor/slim/slim/Slim/MiddlewareDispatcher.php(81): class@anonymous->handle()
#30 /var/www/CRM/src/vendor/slim/slim/Slim/App.php(215): Slim\MiddlewareDispatcher->handle()
#31 /var/www/CRM/src/vendor/slim/slim/Slim/App.php(199): Slim\App->handle()
#32 /var/www/CRM/src/api/index.php(134): Slim\App->run()
#33 {main}
[22-Dec-2021 10:20:31 Europe/Paris] Slim Application Error
Type: PDOException
Code: 42S02
Message: SQLSTATE[42S02]: Base table or view not found: 1146 Table 'crm.groupprop_1' doesn't exist
File: /var/www/CRM/src/vendor/propel/propel/src/Propel/Runtime/Connection/StatementWrapper.php
Line: 215
Trace: #0 /var/www/CRM/src/vendor/propel/propel/src/Propel/Runtime/Connection/StatementWrapper.php(215): PDOStatement->execute()
#1 /var/www/CRM/src/EcclesiaCRM/Service/GroupService.php(65): Propel\Runtime\Connection\StatementWrapper->execute()
#2 /var/www/CRM/src/EcclesiaCRM/model/EcclesiaCRM/Person.php(49): EcclesiaCRM\Service\GroupService->removeUserFromGroup()
#3 /var/www/CRM/src/EcclesiaCRM/model/EcclesiaCRM/Base/Person.php(2369): EcclesiaCRM\Person->preDelete()
#4 /var/www/CRM/src/vendor/propel/propel/src/Propel/Runtime/Connection/TransactionTrait.php(35): EcclesiaCRM\Base\Person->EcclesiaCRM\Base\{closure}()
#5 /var/www/CRM/src/EcclesiaCRM/model/EcclesiaCRM/Base/Person.php(2375): Propel\Runtime\Connection\ConnectionWrapper->transaction()
#6 /var/www/CRM/src/vendor/propel/propel/src/Propel/Runtime/Collection/ObjectCollection.php(112): EcclesiaCRM\Base\Person->delete()
#7 /var/www/CRM/src/vendor/propel/propel/src/Propel/Runtime/Connection/TransactionTrait.php(35): Propel\Runtime\Collection\ObjectCollection->Propel\Runtime\Collection\{closure}()
#8 /var/www/CRM/src/vendor/propel/propel/src/Propel/Runtime/Collection/ObjectCollection.php(114): Propel\Runtime\Connection\ConnectionWrapper->transaction()
#9 /var/www/CRM/src/EcclesiaCRM/model/EcclesiaCRM/Family.php(34): Propel\Runtime\Collection\ObjectCollection->delete()
#10 /var/www/CRM/src/EcclesiaCRM/model/EcclesiaCRM/Base/Family.php(1717): EcclesiaCRM\Family->preDelete()
#11 /var/www/CRM/src/vendor/propel/propel/src/Propel/Runtime/Connection/TransactionTrait.php(35): EcclesiaCRM\Base\Family->EcclesiaCRM\Base\{closure}()
#12 /var/www/CRM/src/EcclesiaCRM/model/EcclesiaCRM/Base/Family.php(1723): Propel\Runtime\Connection\ConnectionWrapper->transaction()
#13 /var/www/CRM/src/EcclesiaCRM/APIControllers/SystemGDRPController.php(226): EcclesiaCRM\Base\Family->delete()
#14 /var/www/CRM/src/vendor/slim/slim/Slim/Handlers/Strategies/RequestResponse.php(43): EcclesiaCRM\APIControllers\SystemGDRPController->removeFamilyGdpr()
#15 /var/www/CRM/src/vendor/slim/slim/Slim/Routing/Route.php(384): Slim\Handlers\Strategies\RequestResponse->__invoke()
#16 /var/www/CRM/src/vendor/slim/slim/Slim/MiddlewareDispatcher.php(81): Slim\Routing\Route->handle()
#17 /var/www/CRM/src/vendor/slim/slim/Slim/MiddlewareDispatcher.php(81): Slim\MiddlewareDispatcher->handle()
#18 /var/www/CRM/src/vendor/slim/slim/Slim/Routing/Route.php(341): Slim\MiddlewareDispatcher->handle()
#19 /var/www/CRM/src/vendor/slim/slim/Slim/Routing/RouteRunner.php(84): Slim\Routing\Route->run()
#20 /var/www/CRM/src/EcclesiaCRM/Slim/Middleware/VersionMiddleware.php(17): Slim\Routing\RouteRunner->handle()
#21 /var/www/CRM/src/vendor/slim/slim/Slim/MiddlewareDispatcher.php(313): EcclesiaCRM\Slim\Middleware\VersionMiddleware->__invoke()
#22 /var/www/CRM/src/vendor/tuupola/slim-jwt-auth/src/JwtAuthentication.php(132): class@anonymous->handle()
#23 /var/www/CRM/src/vendor/slim/slim/Slim/MiddlewareDispatcher.php(147): Tuupola\Middleware\JwtAuthentication->process()
#24 /var/www/CRM/src/vendor/slim/slim/Slim/Middleware/ErrorMiddleware.php(107): class@anonymous->handle()
#25 /var/www/CRM/src/vendor/slim/slim/Slim/MiddlewareDispatcher.php(147): Slim\Middleware\ErrorMiddleware->process()
#26 /var/www/CRM/src/vendor/slim/slim/Slim/MiddlewareDispatcher.php(81): class@anonymous->handle()
#27 /var/www/CRM/src/vendor/slim/slim/Slim/App.php(215): Slim\MiddlewareDispatcher->handle()
#28 /var/www/CRM/src/vendor/slim/slim/Slim/App.php(199): Slim\App->handle()
#29 /var/www/CRM/src/api/index.php(134): Slim\App->run()
#30 {main}
[22-Dec-2021 10:23:23 Europe/Paris] Slim Application Error
Type: PDOException
Code: 42S02
Message: SQLSTATE[42S02]: Base table or view not found: 1146 Table 'crm.groupprop_1' doesn't exist
File: /var/www/CRM/src/vendor/propel/propel/src/Propel/Runtime/Connection/StatementWrapper.php
Line: 215
Trace: #0 /var/www/CRM/src/vendor/propel/propel/src/Propel/Runtime/Connection/StatementWrapper.php(215): PDOStatement->execute()
#1 /var/www/CRM/src/EcclesiaCRM/Service/GroupService.php(64): Propel\Runtime\Connection\StatementWrapper->execute()
#2 /var/www/CRM/src/EcclesiaCRM/model/EcclesiaCRM/Person.php(49): EcclesiaCRM\Service\GroupService->removeUserFromGroup()
#3 /var/www/CRM/src/EcclesiaCRM/model/EcclesiaCRM/Base/Person.php(2369): EcclesiaCRM\Person->preDelete()
#4 /var/www/CRM/src/vendor/propel/propel/src/Propel/Runtime/Connection/TransactionTrait.php(35): EcclesiaCRM\Base\Person->EcclesiaCRM\Base\{closure}()
#5 /var/www/CRM/src/EcclesiaCRM/model/EcclesiaCRM/Base/Person.php(2375): Propel\Runtime\Connection\ConnectionWrapper->transaction()
#6 /var/www/CRM/src/vendor/propel/propel/src/Propel/Runtime/Collection/ObjectCollection.php(112): EcclesiaCRM\Base\Person->delete()
#7 /var/www/CRM/src/vendor/propel/propel/src/Propel/Runtime/Connection/TransactionTrait.php(35): Propel\Runtime\Collection\ObjectCollection->Propel\Runtime\Collection\{closure}()
#8 /var/www/CRM/src/vendor/propel/propel/src/Propel/Runtime/Collection/ObjectCollection.php(114): Propel\Runtime\Connection\ConnectionWrapper->transaction()
#9 /var/www/CRM/src/EcclesiaCRM/model/EcclesiaCRM/Family.php(34): Propel\Runtime\Collection\ObjectCollection->delete()
#10 /var/www/CRM/src/EcclesiaCRM/model/EcclesiaCRM/Base/Family.php(1717): EcclesiaCRM\Family->preDelete()
#11 /var/www/CRM/src/vendor/propel/propel/src/Propel/Runtime/Connection/TransactionTrait.php(35): EcclesiaCRM\Base\Family->EcclesiaCRM\Base\{closure}()
#12 /var/www/CRM/src/EcclesiaCRM/model/EcclesiaCRM/Base/Family.php(1723): Propel\Runtime\Connection\ConnectionWrapper->transaction()
#13 /var/www/CRM/src/EcclesiaCRM/APIControllers/SystemGDRPController.php(226): EcclesiaCRM\Base\Family->delete()
#14 /var/www/CRM/src/vendor/slim/slim/Slim/Handlers/Strategies/RequestResponse.php(43): EcclesiaCRM\APIControllers\SystemGDRPController->removeFamilyGdpr()
#15 /var/www/CRM/src/vendor/slim/slim/Slim/Routing/Route.php(384): Slim\Handlers\Strategies\RequestResponse->__invoke()
#16 /var/www/CRM/src/vendor/slim/slim/Slim/MiddlewareDispatcher.php(81): Slim\Routing\Route->handle()
#17 /var/www/CRM/src/vendor/slim/slim/Slim/MiddlewareDispatcher.php(81): Slim\MiddlewareDispatcher->handle()
#18 /var/www/CRM/src/vendor/slim/slim/Slim/Routing/Route.php(341): Slim\MiddlewareDispatcher->handle()
#19 /var/www/CRM/src/vendor/slim/slim/Slim/Routing/RouteRunner.php(84): Slim\Routing\Route->run()
#20 /var/www/CRM/src/EcclesiaCRM/Slim/Middleware/VersionMiddleware.php(17): Slim\Routing\RouteRunner->handle()
#21 /var/www/CRM/src/vendor/slim/slim/Slim/MiddlewareDispatcher.php(313): EcclesiaCRM\Slim\Middleware\VersionMiddleware->__invoke()
#22 /var/www/CRM/src/vendor/tuupola/slim-jwt-auth/src/JwtAuthentication.php(132): class@anonymous->handle()
#23 /var/www/CRM/src/vendor/slim/slim/Slim/MiddlewareDispatcher.php(147): Tuupola\Middleware\JwtAuthentication->process()
#24 /var/www/CRM/src/vendor/slim/slim/Slim/Middleware/ErrorMiddleware.php(107): class@anonymous->handle()
#25 /var/www/CRM/src/vendor/slim/slim/Slim/MiddlewareDispatcher.php(147): Slim\Middleware\ErrorMiddleware->process()
#26 /var/www/CRM/src/vendor/slim/slim/Slim/MiddlewareDispatcher.php(81): class@anonymous->handle()
#27 /var/www/CRM/src/vendor/slim/slim/Slim/App.php(215): Slim\MiddlewareDispatcher->handle()
#28 /var/www/CRM/src/vendor/slim/slim/Slim/App.php(199): Slim\App->handle()
#29 /var/www/CRM/src/api/index.php(134): Slim\App->run()
#30 {main}
