[03-Nov-2021 08:59:41 Europe/Paris] PHP Fatal error:  Uncaught PDOException: SQLSTATE[42000]: Syntax error or access violation: 1064 You have an error in your SQL syntax; check the manual that corresponds to your MySQL server version for the right syntax to use near 'ORDER BY plg_date' at line 3 in /var/www/CRM/src/vendor/propel/propel/src/Propel/Runtime/Connection/StatementWrapper.php:215
Stack trace:
#0 /var/www/CRM/src/vendor/propel/propel/src/Propel/Runtime/Connection/StatementWrapper.php(215): PDOStatement->execute(NULL)
#1 /var/www/CRM/src/Reports/ReminderReport.php(250): Propel\Runtime\Connection\StatementWrapper->execute()
#2 {main}
  thrown in /var/www/CRM/src/vendor/propel/propel/src/Propel/Runtime/Connection/StatementWrapper.php on line 215
[03-Nov-2021 08:59:59 Europe/Paris] PHP Fatal error:  Uncaught PDOException: SQLSTATE[42000]: Syntax error or access violation: 1064 You have an error in your SQL syntax; check the manual that corresponds to your MySQL server version for the right syntax to use near 'ORDER BY plg_date' at line 3 in /var/www/CRM/src/vendor/propel/propel/src/Propel/Runtime/Connection/StatementWrapper.php:215
Stack trace:
#0 /var/www/CRM/src/vendor/propel/propel/src/Propel/Runtime/Connection/StatementWrapper.php(215): PDOStatement->execute(NULL)
#1 /var/www/CRM/src/Reports/ReminderReport.php(250): Propel\Runtime\Connection\StatementWrapper->execute()
#2 {main}
  thrown in /var/www/CRM/src/vendor/propel/propel/src/Propel/Runtime/Connection/StatementWrapper.php on line 215
[03-Nov-2021 09:00:07 Europe/Paris] PHP Fatal error:  Uncaught PDOException: SQLSTATE[42000]: Syntax error or access violation: 1064 You have an error in your SQL syntax; check the manual that corresponds to your MySQL server version for the right syntax to use near 'ORDER BY plg_date' at line 3 in /var/www/CRM/src/vendor/propel/propel/src/Propel/Runtime/Connection/StatementWrapper.php:215
Stack trace:
#0 /var/www/CRM/src/vendor/propel/propel/src/Propel/Runtime/Connection/StatementWrapper.php(215): PDOStatement->execute(NULL)
#1 /var/www/CRM/src/Reports/ReminderReport.php(250): Propel\Runtime\Connection\StatementWrapper->execute()
#2 {main}
  thrown in /var/www/CRM/src/vendor/propel/propel/src/Propel/Runtime/Connection/StatementWrapper.php on line 215
[03-Nov-2021 09:18:27 Europe/Paris] PHP Fatal error:  Uncaught Error: Call to undefined method EcclesiaCRM\Bootstrapper::getLocaleInfo() in /var/www/CRM/src/EcclesiaCRM/Bootstrapper.php:126
Stack trace:
#0 /var/www/CRM/src/EcclesiaCRM/Bootstrapper.php(81): EcclesiaCRM\Bootstrapper::ConfigureLocale()
#1 /var/www/CRM/src/Include/LoadConfigs.php(33): EcclesiaCRM\Bootstrapper::init('localhost', '3306', 'crm', '#Aliasdircat1', 'crm', '', false, Array, false)
#2 /var/www/CRM/src/Include/Config.php(62): require_once('/var/www/CRM/sr...')
#3 /var/www/CRM/src/api/index.php(4): require('/var/www/CRM/sr...')
#4 {main}
  thrown in /var/www/CRM/src/EcclesiaCRM/Bootstrapper.php on line 126
[03-Nov-2021 09:18:45 Europe/Paris] PHP Fatal error:  Uncaught Error: Call to undefined method EcclesiaCRM\Bootstrapper::getLocaleInfo() in /var/www/CRM/src/EcclesiaCRM/Bootstrapper.php:125
Stack trace:
#0 /var/www/CRM/src/EcclesiaCRM/Bootstrapper.php(81): EcclesiaCRM\Bootstrapper::ConfigureLocale()
#1 /var/www/CRM/src/Include/LoadConfigs.php(33): EcclesiaCRM\Bootstrapper::init('localhost', '3306', 'crm', '#Aliasdircat1', 'crm', '', false, Array, false)
#2 /var/www/CRM/src/Include/Config.php(62): require_once('/var/www/CRM/sr...')
#3 /var/www/CRM/src/api/index.php(4): require('/var/www/CRM/sr...')
#4 {main}
  thrown in /var/www/CRM/src/EcclesiaCRM/Bootstrapper.php on line 125
[03-Nov-2021 09:18:47 Europe/Paris] PHP Fatal error:  Uncaught Error: Call to undefined method EcclesiaCRM\Bootstrapper::getLocaleInfo() in /var/www/CRM/src/EcclesiaCRM/Bootstrapper.php:125
Stack trace:
#0 /var/www/CRM/src/EcclesiaCRM/Bootstrapper.php(81): EcclesiaCRM\Bootstrapper::ConfigureLocale()
#1 /var/www/CRM/src/Include/LoadConfigs.php(33): EcclesiaCRM\Bootstrapper::init('localhost', '3306', 'crm', '#Aliasdircat1', 'crm', '', false, Array, false)
#2 /var/www/CRM/src/Include/Config.php(62): require_once('/var/www/CRM/sr...')
#3 /var/www/CRM/src/Reports/PledgeSummary.php(11): require('/var/www/CRM/sr...')
#4 {main}
  thrown in /var/www/CRM/src/EcclesiaCRM/Bootstrapper.php on line 125
[03-Nov-2021 09:32:11 Europe/Paris] PHP Fatal error:  Uncaught Error: Call to a member function getCurrency() on array in /var/www/CRM/src/EcclesiaCRM/utils/OutputUtils.php:64
Stack trace:
#0 /var/www/CRM/src/EcclesiaCRM/utils/OutputUtils.php(94): EcclesiaCRM\Utils\OutputUtils::formatNumber('145.45', 'money')
#1 /var/www/CRM/src/Reports/ReminderReport.php(344): EcclesiaCRM\Utils\OutputUtils::money_localized('145.45')
#2 {main}
  thrown in /var/www/CRM/src/EcclesiaCRM/utils/OutputUtils.php on line 64
[03-Nov-2021 09:34:02 Europe/Paris] PHP Fatal error:  Uncaught Error: Call to undefined method EcclesiaCRM\Bootstrapper::getLocalInfo() in /var/www/CRM/src/EcclesiaCRM/utils/OutputUtils.php:62
Stack trace:
#0 /var/www/CRM/src/EcclesiaCRM/utils/OutputUtils.php(94): EcclesiaCRM\Utils\OutputUtils::formatNumber('145.45', 'money')
#1 /var/www/CRM/src/Reports/ReminderReport.php(344): EcclesiaCRM\Utils\OutputUtils::money_localized('145.45')
#2 {main}
  thrown in /var/www/CRM/src/EcclesiaCRM/utils/OutputUtils.php on line 62
[03-Nov-2021 09:34:17 Europe/Paris] PHP Fatal error:  Uncaught Error: Call to a member function getCurrency() on array in /var/www/CRM/src/EcclesiaCRM/utils/OutputUtils.php:64
Stack trace:
#0 /var/www/CRM/src/EcclesiaCRM/utils/OutputUtils.php(94): EcclesiaCRM\Utils\OutputUtils::formatNumber('145.45', 'money')
#1 /var/www/CRM/src/Reports/ReminderReport.php(344): EcclesiaCRM\Utils\OutputUtils::money_localized('145.45')
#2 {main}
  thrown in /var/www/CRM/src/EcclesiaCRM/utils/OutputUtils.php on line 64
[03-Nov-2021 20:10:54 Europe/Paris] PHP Fatal error:  Uncaught Error: Using $this when not in object context in /var/www/CRM/src/Reports/ConfirmReport.php:142
Stack trace:
#0 {main}
  thrown in /var/www/CRM/src/Reports/ConfirmReport.php on line 142
[03-Nov-2021 20:38:06 Europe/Paris] Slim Application Error
Type: Exception
Code: 0
Message: 
File: /var/www/CRM/src/EcclesiaCRM/APIControllers/PeopleFamilyController.php
Line: 202
Trace: #0 /var/www/CRM/src/vendor/slim/slim/Slim/Handlers/Strategies/RequestResponse.php(43): EcclesiaCRM\APIControllers\PeopleFamilyController->verifyFamily(Object(Slim\Http\ServerRequest), Object(Slim\Http\Response), Array)
#1 /var/www/CRM/src/vendor/slim/slim/Slim/Routing/Route.php(384): Slim\Handlers\Strategies\RequestResponse->__invoke(Array, Object(Slim\Http\ServerRequest), Object(Slim\Http\Response), Array)
#2 /var/www/CRM/src/vendor/slim/slim/Slim/MiddlewareDispatcher.php(81): Slim\Routing\Route->handle(Object(Slim\Http\ServerRequest))
#3 /var/www/CRM/src/vendor/slim/slim/Slim/MiddlewareDispatcher.php(81): Slim\MiddlewareDispatcher->handle(Object(Slim\Http\ServerRequest))
#4 /var/www/CRM/src/vendor/slim/slim/Slim/Routing/Route.php(341): Slim\MiddlewareDispatcher->handle(Object(Slim\Http\ServerRequest))
#5 /var/www/CRM/src/vendor/slim/slim/Slim/Routing/RouteRunner.php(84): Slim\Routing\Route->run(Object(Slim\Http\ServerRequest))
#6 /var/www/CRM/src/EcclesiaCRM/Slim/Middleware/VersionMiddleware.php(17): Slim\Routing\RouteRunner->handle(Object(Slim\Http\ServerRequest))
#7 /var/www/CRM/src/vendor/slim/slim/Slim/MiddlewareDispatcher.php(313): EcclesiaCRM\Slim\Middleware\VersionMiddleware->__invoke(Object(Slim\Http\ServerRequest), Object(Slim\Routing\RouteRunner))
#8 /var/www/CRM/src/vendor/tuupola/slim-jwt-auth/src/JwtAuthentication.php(132): class@anonymous->handle(Object(Slim\Http\ServerRequest))
#9 /var/www/CRM/src/vendor/slim/slim/Slim/MiddlewareDispatcher.php(147): Tuupola\Middleware\JwtAuthentication->process(Object(Slim\Http\ServerRequest), Object(class@anonymous))
#10 /var/www/CRM/src/vendor/slim/slim/Slim/Middleware/ErrorMiddleware.php(107): class@anonymous->handle(Object(Slim\Http\ServerRequest))
#11 /var/www/CRM/src/vendor/slim/slim/Slim/MiddlewareDispatcher.php(147): Slim\Middleware\ErrorMiddleware->process(Object(Slim\Http\ServerRequest), Object(class@anonymous))
#12 /var/www/CRM/src/vendor/slim/slim/Slim/MiddlewareDispatcher.php(81): class@anonymous->handle(Object(Slim\Http\ServerRequest))
#13 /var/www/CRM/src/vendor/slim/slim/Slim/App.php(215): Slim\MiddlewareDispatcher->handle(Object(Slim\Http\ServerRequest))
#14 /var/www/CRM/src/vendor/slim/slim/Slim/App.php(199): Slim\App->handle(Object(Slim\Http\ServerRequest))
#15 /var/www/CRM/src/api/index.php(134): Slim\App->run()
#16 {main}
[03-Nov-2021 20:38:16 Europe/Paris] 405 Method Not Allowed
Type: Slim\Exception\HttpMethodNotAllowedException
Code: 405
Message: Method not allowed. Must be one of: POST
File: /var/www/CRM/src/vendor/slim/slim/Slim/Middleware/RoutingMiddleware.php
Line: 94
Trace: #0 /var/www/CRM/src/vendor/slim/slim/Slim/Routing/RouteRunner.php(72): Slim\Middleware\RoutingMiddleware->performRouting(Object(Slim\Http\ServerRequest))
#1 /var/www/CRM/src/EcclesiaCRM/Slim/Middleware/VersionMiddleware.php(17): Slim\Routing\RouteRunner->handle(Object(Slim\Http\ServerRequest))
#2 /var/www/CRM/src/vendor/slim/slim/Slim/MiddlewareDispatcher.php(313): EcclesiaCRM\Slim\Middleware\VersionMiddleware->__invoke(Object(Slim\Http\ServerRequest), Object(Slim\Routing\RouteRunner))
#3 /var/www/CRM/src/vendor/tuupola/slim-jwt-auth/src/JwtAuthentication.php(132): class@anonymous->handle(Object(Slim\Http\ServerRequest))
#4 /var/www/CRM/src/vendor/slim/slim/Slim/MiddlewareDispatcher.php(147): Tuupola\Middleware\JwtAuthentication->process(Object(Slim\Http\ServerRequest), Object(class@anonymous))
#5 /var/www/CRM/src/vendor/slim/slim/Slim/Middleware/ErrorMiddleware.php(107): class@anonymous->handle(Object(Slim\Http\ServerRequest))
#6 /var/www/CRM/src/vendor/slim/slim/Slim/MiddlewareDispatcher.php(147): Slim\Middleware\ErrorMiddleware->process(Object(Slim\Http\ServerRequest), Object(class@anonymous))
#7 /var/www/CRM/src/vendor/slim/slim/Slim/MiddlewareDispatcher.php(81): class@anonymous->handle(Object(Slim\Http\ServerRequest))
#8 /var/www/CRM/src/vendor/slim/slim/Slim/App.php(215): Slim\MiddlewareDispatcher->handle(Object(Slim\Http\ServerRequest))
#9 /var/www/CRM/src/vendor/slim/slim/Slim/App.php(199): Slim\App->handle(Object(Slim\Http\ServerRequest))
#10 /var/www/CRM/src/api/index.php(134): Slim\App->run()
#11 {main}
[03-Nov-2021 20:38:35 Europe/Paris] Slim Application Error
Type: Exception
Code: 0
Message: 
File: /var/www/CRM/src/EcclesiaCRM/APIControllers/PeopleFamilyController.php
Line: 202
Trace: #0 /var/www/CRM/src/vendor/slim/slim/Slim/Handlers/Strategies/RequestResponse.php(43): EcclesiaCRM\APIControllers\PeopleFamilyController->verifyFamily(Object(Slim\Http\ServerRequest), Object(Slim\Http\Response), Array)
#1 /var/www/CRM/src/vendor/slim/slim/Slim/Routing/Route.php(384): Slim\Handlers\Strategies\RequestResponse->__invoke(Array, Object(Slim\Http\ServerRequest), Object(Slim\Http\Response), Array)
#2 /var/www/CRM/src/vendor/slim/slim/Slim/MiddlewareDispatcher.php(81): Slim\Routing\Route->handle(Object(Slim\Http\ServerRequest))
#3 /var/www/CRM/src/vendor/slim/slim/Slim/MiddlewareDispatcher.php(81): Slim\MiddlewareDispatcher->handle(Object(Slim\Http\ServerRequest))
#4 /var/www/CRM/src/vendor/slim/slim/Slim/Routing/Route.php(341): Slim\MiddlewareDispatcher->handle(Object(Slim\Http\ServerRequest))
#5 /var/www/CRM/src/vendor/slim/slim/Slim/Routing/RouteRunner.php(84): Slim\Routing\Route->run(Object(Slim\Http\ServerRequest))
#6 /var/www/CRM/src/EcclesiaCRM/Slim/Middleware/VersionMiddleware.php(17): Slim\Routing\RouteRunner->handle(Object(Slim\Http\ServerRequest))
#7 /var/www/CRM/src/vendor/slim/slim/Slim/MiddlewareDispatcher.php(313): EcclesiaCRM\Slim\Middleware\VersionMiddleware->__invoke(Object(Slim\Http\ServerRequest), Object(Slim\Routing\RouteRunner))
#8 /var/www/CRM/src/vendor/tuupola/slim-jwt-auth/src/JwtAuthentication.php(132): class@anonymous->handle(Object(Slim\Http\ServerRequest))
#9 /var/www/CRM/src/vendor/slim/slim/Slim/MiddlewareDispatcher.php(147): Tuupola\Middleware\JwtAuthentication->process(Object(Slim\Http\ServerRequest), Object(class@anonymous))
#10 /var/www/CRM/src/vendor/slim/slim/Slim/Middleware/ErrorMiddleware.php(107): class@anonymous->handle(Object(Slim\Http\ServerRequest))
#11 /var/www/CRM/src/vendor/slim/slim/Slim/MiddlewareDispatcher.php(147): Slim\Middleware\ErrorMiddleware->process(Object(Slim\Http\ServerRequest), Object(class@anonymous))
#12 /var/www/CRM/src/vendor/slim/slim/Slim/MiddlewareDispatcher.php(81): class@anonymous->handle(Object(Slim\Http\ServerRequest))
#13 /var/www/CRM/src/vendor/slim/slim/Slim/App.php(215): Slim\MiddlewareDispatcher->handle(Object(Slim\Http\ServerRequest))
#14 /var/www/CRM/src/vendor/slim/slim/Slim/App.php(199): Slim\App->handle(Object(Slim\Http\ServerRequest))
#15 /var/www/CRM/src/api/index.php(134): Slim\App->run()
#16 {main}
[03-Nov-2021 20:40:18 Europe/Paris] Slim Application Error
Type: Exception
Code: 0
Message: 
File: /var/www/CRM/src/EcclesiaCRM/APIControllers/PeopleFamilyController.php
Line: 202
Trace: #0 /var/www/CRM/src/vendor/slim/slim/Slim/Handlers/Strategies/RequestResponse.php(43): EcclesiaCRM\APIControllers\PeopleFamilyController->verifyFamily(Object(Slim\Http\ServerRequest), Object(Slim\Http\Response), Array)
#1 /var/www/CRM/src/vendor/slim/slim/Slim/Routing/Route.php(384): Slim\Handlers\Strategies\RequestResponse->__invoke(Array, Object(Slim\Http\ServerRequest), Object(Slim\Http\Response), Array)
#2 /var/www/CRM/src/vendor/slim/slim/Slim/MiddlewareDispatcher.php(81): Slim\Routing\Route->handle(Object(Slim\Http\ServerRequest))
#3 /var/www/CRM/src/vendor/slim/slim/Slim/MiddlewareDispatcher.php(81): Slim\MiddlewareDispatcher->handle(Object(Slim\Http\ServerRequest))
#4 /var/www/CRM/src/vendor/slim/slim/Slim/Routing/Route.php(341): Slim\MiddlewareDispatcher->handle(Object(Slim\Http\ServerRequest))
#5 /var/www/CRM/src/vendor/slim/slim/Slim/Routing/RouteRunner.php(84): Slim\Routing\Route->run(Object(Slim\Http\ServerRequest))
#6 /var/www/CRM/src/EcclesiaCRM/Slim/Middleware/VersionMiddleware.php(17): Slim\Routing\RouteRunner->handle(Object(Slim\Http\ServerRequest))
#7 /var/www/CRM/src/vendor/slim/slim/Slim/MiddlewareDispatcher.php(313): EcclesiaCRM\Slim\Middleware\VersionMiddleware->__invoke(Object(Slim\Http\ServerRequest), Object(Slim\Routing\RouteRunner))
#8 /var/www/CRM/src/vendor/tuupola/slim-jwt-auth/src/JwtAuthentication.php(132): class@anonymous->handle(Object(Slim\Http\ServerRequest))
#9 /var/www/CRM/src/vendor/slim/slim/Slim/MiddlewareDispatcher.php(147): Tuupola\Middleware\JwtAuthentication->process(Object(Slim\Http\ServerRequest), Object(class@anonymous))
#10 /var/www/CRM/src/vendor/slim/slim/Slim/Middleware/ErrorMiddleware.php(107): class@anonymous->handle(Object(Slim\Http\ServerRequest))
#11 /var/www/CRM/src/vendor/slim/slim/Slim/MiddlewareDispatcher.php(147): Slim\Middleware\ErrorMiddleware->process(Object(Slim\Http\ServerRequest), Object(class@anonymous))
#12 /var/www/CRM/src/vendor/slim/slim/Slim/MiddlewareDispatcher.php(81): class@anonymous->handle(Object(Slim\Http\ServerRequest))
#13 /var/www/CRM/src/vendor/slim/slim/Slim/App.php(215): Slim\MiddlewareDispatcher->handle(Object(Slim\Http\ServerRequest))
#14 /var/www/CRM/src/vendor/slim/slim/Slim/App.php(199): Slim\App->handle(Object(Slim\Http\ServerRequest))
#15 /var/www/CRM/src/api/index.php(134): Slim\App->run()
#16 {main}
[03-Nov-2021 21:00:25 Europe/Paris] PHP Fatal error:  Uncaught Error: Call to a member function format() on null in /var/www/CRM/src/Reports/ConfirmReportEmail.php:178
Stack trace:
#0 {main}
  thrown in /var/www/CRM/src/Reports/ConfirmReportEmail.php on line 178
[03-Nov-2021 21:01:25 Europe/Paris] PHP Fatal error:  Uncaught Propel\Runtime\Exception\BadMethodCallException: Call to undefined method: Address1. in /var/www/CRM/src/EcclesiaCRM/model/EcclesiaCRM/Base/Family.php:5255
Stack trace:
#0 /var/www/CRM/src/Reports/ConfirmReportEmail.php(334): EcclesiaCRM\Base\Family->__call('Address1', Array)
#1 {main}
  thrown in /var/www/CRM/src/EcclesiaCRM/model/EcclesiaCRM/Base/Family.php on line 5255
[03-Nov-2021 21:07:03 Europe/Paris] Slim Application Error
Type: Exception
Code: 0
Message: 
File: /var/www/CRM/src/EcclesiaCRM/APIControllers/PeopleFamilyController.php
Line: 202
Trace: #0 /var/www/CRM/src/vendor/slim/slim/Slim/Handlers/Strategies/RequestResponse.php(43): EcclesiaCRM\APIControllers\PeopleFamilyController->verifyFamily(Object(Slim\Http\ServerRequest), Object(Slim\Http\Response), Array)
#1 /var/www/CRM/src/vendor/slim/slim/Slim/Routing/Route.php(384): Slim\Handlers\Strategies\RequestResponse->__invoke(Array, Object(Slim\Http\ServerRequest), Object(Slim\Http\Response), Array)
#2 /var/www/CRM/src/vendor/slim/slim/Slim/MiddlewareDispatcher.php(81): Slim\Routing\Route->handle(Object(Slim\Http\ServerRequest))
#3 /var/www/CRM/src/vendor/slim/slim/Slim/MiddlewareDispatcher.php(81): Slim\MiddlewareDispatcher->handle(Object(Slim\Http\ServerRequest))
#4 /var/www/CRM/src/vendor/slim/slim/Slim/Routing/Route.php(341): Slim\MiddlewareDispatcher->handle(Object(Slim\Http\ServerRequest))
#5 /var/www/CRM/src/vendor/slim/slim/Slim/Routing/RouteRunner.php(84): Slim\Routing\Route->run(Object(Slim\Http\ServerRequest))
#6 /var/www/CRM/src/EcclesiaCRM/Slim/Middleware/VersionMiddleware.php(17): Slim\Routing\RouteRunner->handle(Object(Slim\Http\ServerRequest))
#7 /var/www/CRM/src/vendor/slim/slim/Slim/MiddlewareDispatcher.php(313): EcclesiaCRM\Slim\Middleware\VersionMiddleware->__invoke(Object(Slim\Http\ServerRequest), Object(Slim\Routing\RouteRunner))
#8 /var/www/CRM/src/vendor/tuupola/slim-jwt-auth/src/JwtAuthentication.php(132): class@anonymous->handle(Object(Slim\Http\ServerRequest))
#9 /var/www/CRM/src/vendor/slim/slim/Slim/MiddlewareDispatcher.php(147): Tuupola\Middleware\JwtAuthentication->process(Object(Slim\Http\ServerRequest), Object(class@anonymous))
#10 /var/www/CRM/src/vendor/slim/slim/Slim/Middleware/ErrorMiddleware.php(107): class@anonymous->handle(Object(Slim\Http\ServerRequest))
#11 /var/www/CRM/src/vendor/slim/slim/Slim/MiddlewareDispatcher.php(147): Slim\Middleware\ErrorMiddleware->process(Object(Slim\Http\ServerRequest), Object(class@anonymous))
#12 /var/www/CRM/src/vendor/slim/slim/Slim/MiddlewareDispatcher.php(81): class@anonymous->handle(Object(Slim\Http\ServerRequest))
#13 /var/www/CRM/src/vendor/slim/slim/Slim/App.php(215): Slim\MiddlewareDispatcher->handle(Object(Slim\Http\ServerRequest))
#14 /var/www/CRM/src/vendor/slim/slim/Slim/App.php(199): Slim\App->handle(Object(Slim\Http\ServerRequest))
#15 /var/www/CRM/src/api/index.php(134): Slim\App->run()
#16 {main}
[03-Nov-2021 21:07:10 Europe/Paris] 405 Method Not Allowed
Type: Slim\Exception\HttpMethodNotAllowedException
Code: 405
Message: Method not allowed. Must be one of: POST
File: /var/www/CRM/src/vendor/slim/slim/Slim/Middleware/RoutingMiddleware.php
Line: 94
Trace: #0 /var/www/CRM/src/vendor/slim/slim/Slim/Routing/RouteRunner.php(72): Slim\Middleware\RoutingMiddleware->performRouting(Object(Slim\Http\ServerRequest))
#1 /var/www/CRM/src/EcclesiaCRM/Slim/Middleware/VersionMiddleware.php(17): Slim\Routing\RouteRunner->handle(Object(Slim\Http\ServerRequest))
#2 /var/www/CRM/src/vendor/slim/slim/Slim/MiddlewareDispatcher.php(313): EcclesiaCRM\Slim\Middleware\VersionMiddleware->__invoke(Object(Slim\Http\ServerRequest), Object(Slim\Routing\RouteRunner))
#3 /var/www/CRM/src/vendor/tuupola/slim-jwt-auth/src/JwtAuthentication.php(132): class@anonymous->handle(Object(Slim\Http\ServerRequest))
#4 /var/www/CRM/src/vendor/slim/slim/Slim/MiddlewareDispatcher.php(147): Tuupola\Middleware\JwtAuthentication->process(Object(Slim\Http\ServerRequest), Object(class@anonymous))
#5 /var/www/CRM/src/vendor/slim/slim/Slim/Middleware/ErrorMiddleware.php(107): class@anonymous->handle(Object(Slim\Http\ServerRequest))
#6 /var/www/CRM/src/vendor/slim/slim/Slim/MiddlewareDispatcher.php(147): Slim\Middleware\ErrorMiddleware->process(Object(Slim\Http\ServerRequest), Object(class@anonymous))
#7 /var/www/CRM/src/vendor/slim/slim/Slim/MiddlewareDispatcher.php(81): class@anonymous->handle(Object(Slim\Http\ServerRequest))
#8 /var/www/CRM/src/vendor/slim/slim/Slim/App.php(215): Slim\MiddlewareDispatcher->handle(Object(Slim\Http\ServerRequest))
#9 /var/www/CRM/src/vendor/slim/slim/Slim/App.php(199): Slim\App->handle(Object(Slim\Http\ServerRequest))
#10 /var/www/CRM/src/api/index.php(134): Slim\App->run()
#11 {main}
[03-Nov-2021 21:07:19 Europe/Paris] Slim Application Error
Type: Exception
Code: 0
Message: 
File: /var/www/CRM/src/EcclesiaCRM/APIControllers/PeopleFamilyController.php
Line: 202
Trace: #0 /var/www/CRM/src/vendor/slim/slim/Slim/Handlers/Strategies/RequestResponse.php(43): EcclesiaCRM\APIControllers\PeopleFamilyController->verifyFamily(Object(Slim\Http\ServerRequest), Object(Slim\Http\Response), Array)
#1 /var/www/CRM/src/vendor/slim/slim/Slim/Routing/Route.php(384): Slim\Handlers\Strategies\RequestResponse->__invoke(Array, Object(Slim\Http\ServerRequest), Object(Slim\Http\Response), Array)
#2 /var/www/CRM/src/vendor/slim/slim/Slim/MiddlewareDispatcher.php(81): Slim\Routing\Route->handle(Object(Slim\Http\ServerRequest))
#3 /var/www/CRM/src/vendor/slim/slim/Slim/MiddlewareDispatcher.php(81): Slim\MiddlewareDispatcher->handle(Object(Slim\Http\ServerRequest))
#4 /var/www/CRM/src/vendor/slim/slim/Slim/Routing/Route.php(341): Slim\MiddlewareDispatcher->handle(Object(Slim\Http\ServerRequest))
#5 /var/www/CRM/src/vendor/slim/slim/Slim/Routing/RouteRunner.php(84): Slim\Routing\Route->run(Object(Slim\Http\ServerRequest))
#6 /var/www/CRM/src/EcclesiaCRM/Slim/Middleware/VersionMiddleware.php(17): Slim\Routing\RouteRunner->handle(Object(Slim\Http\ServerRequest))
#7 /var/www/CRM/src/vendor/slim/slim/Slim/MiddlewareDispatcher.php(313): EcclesiaCRM\Slim\Middleware\VersionMiddleware->__invoke(Object(Slim\Http\ServerRequest), Object(Slim\Routing\RouteRunner))
#8 /var/www/CRM/src/vendor/tuupola/slim-jwt-auth/src/JwtAuthentication.php(132): class@anonymous->handle(Object(Slim\Http\ServerRequest))
#9 /var/www/CRM/src/vendor/slim/slim/Slim/MiddlewareDispatcher.php(147): Tuupola\Middleware\JwtAuthentication->process(Object(Slim\Http\ServerRequest), Object(class@anonymous))
#10 /var/www/CRM/src/vendor/slim/slim/Slim/Middleware/ErrorMiddleware.php(107): class@anonymous->handle(Object(Slim\Http\ServerRequest))
#11 /var/www/CRM/src/vendor/slim/slim/Slim/MiddlewareDispatcher.php(147): Slim\Middleware\ErrorMiddleware->process(Object(Slim\Http\ServerRequest), Object(class@anonymous))
#12 /var/www/CRM/src/vendor/slim/slim/Slim/MiddlewareDispatcher.php(81): class@anonymous->handle(Object(Slim\Http\ServerRequest))
#13 /var/www/CRM/src/vendor/slim/slim/Slim/App.php(215): Slim\MiddlewareDispatcher->handle(Object(Slim\Http\ServerRequest))
#14 /var/www/CRM/src/vendor/slim/slim/Slim/App.php(199): Slim\App->handle(Object(Slim\Http\ServerRequest))
#15 /var/www/CRM/src/api/index.php(134): Slim\App->run()
#16 {main}
[03-Nov-2021 21:09:14 Europe/Paris] Slim Application Error
Type: TypeError
Code: 0
Message: Return value of EcclesiaCRM\APIControllers\PeopleFamilyController::verifyFamily() must implement interface Psr\Http\Message\ResponseInterface, int returned
File: /var/www/CRM/src/EcclesiaCRM/APIControllers/PeopleFamilyController.php
Line: 208
Trace: #0 /var/www/CRM/src/vendor/slim/slim/Slim/Handlers/Strategies/RequestResponse.php(43): EcclesiaCRM\APIControllers\PeopleFamilyController->verifyFamily(Object(Slim\Http\ServerRequest), 23, Array)
#1 /var/www/CRM/src/vendor/slim/slim/Slim/Routing/Route.php(384): Slim\Handlers\Strategies\RequestResponse->__invoke(Array, Object(Slim\Http\ServerRequest), Object(Slim\Http\Response), Array)
#2 /var/www/CRM/src/vendor/slim/slim/Slim/MiddlewareDispatcher.php(81): Slim\Routing\Route->handle(Object(Slim\Http\ServerRequest))
#3 /var/www/CRM/src/vendor/slim/slim/Slim/MiddlewareDispatcher.php(81): Slim\MiddlewareDispatcher->handle(Object(Slim\Http\ServerRequest))
#4 /var/www/CRM/src/vendor/slim/slim/Slim/Routing/Route.php(341): Slim\MiddlewareDispatcher->handle(Object(Slim\Http\ServerRequest))
#5 /var/www/CRM/src/vendor/slim/slim/Slim/Routing/RouteRunner.php(84): Slim\Routing\Route->run(Object(Slim\Http\ServerRequest))
#6 /var/www/CRM/src/EcclesiaCRM/Slim/Middleware/VersionMiddleware.php(17): Slim\Routing\RouteRunner->handle(Object(Slim\Http\ServerRequest))
#7 /var/www/CRM/src/vendor/slim/slim/Slim/MiddlewareDispatcher.php(313): EcclesiaCRM\Slim\Middleware\VersionMiddleware->__invoke(Object(Slim\Http\ServerRequest), Object(Slim\Routing\RouteRunner))
#8 /var/www/CRM/src/vendor/tuupola/slim-jwt-auth/src/JwtAuthentication.php(132): class@anonymous->handle(Object(Slim\Http\ServerRequest))
#9 /var/www/CRM/src/vendor/slim/slim/Slim/MiddlewareDispatcher.php(147): Tuupola\Middleware\JwtAuthentication->process(Object(Slim\Http\ServerRequest), Object(class@anonymous))
#10 /var/www/CRM/src/vendor/slim/slim/Slim/Middleware/ErrorMiddleware.php(107): class@anonymous->handle(Object(Slim\Http\ServerRequest))
#11 /var/www/CRM/src/vendor/slim/slim/Slim/MiddlewareDispatcher.php(147): Slim\Middleware\ErrorMiddleware->process(Object(Slim\Http\ServerRequest), Object(class@anonymous))
#12 /var/www/CRM/src/vendor/slim/slim/Slim/MiddlewareDispatcher.php(81): class@anonymous->handle(Object(Slim\Http\ServerRequest))
#13 /var/www/CRM/src/vendor/slim/slim/Slim/App.php(215): Slim\MiddlewareDispatcher->handle(Object(Slim\Http\ServerRequest))
#14 /var/www/CRM/src/vendor/slim/slim/Slim/App.php(199): Slim\App->handle(Object(Slim\Http\ServerRequest))
#15 /var/www/CRM/src/api/index.php(134): Slim\App->run()
#16 {main}
[03-Nov-2021 21:09:19 Europe/Paris] Slim Application Error
Type: TypeError
Code: 0
Message: Return value of EcclesiaCRM\APIControllers\PeopleFamilyController::verifyFamily() must implement interface Psr\Http\Message\ResponseInterface, int returned
File: /var/www/CRM/src/EcclesiaCRM/APIControllers/PeopleFamilyController.php
Line: 208
Trace: #0 /var/www/CRM/src/vendor/slim/slim/Slim/Handlers/Strategies/RequestResponse.php(43): EcclesiaCRM\APIControllers\PeopleFamilyController->verifyFamily(Object(Slim\Http\ServerRequest), 23, Array)
#1 /var/www/CRM/src/vendor/slim/slim/Slim/Routing/Route.php(384): Slim\Handlers\Strategies\RequestResponse->__invoke(Array, Object(Slim\Http\ServerRequest), Object(Slim\Http\Response), Array)
#2 /var/www/CRM/src/vendor/slim/slim/Slim/MiddlewareDispatcher.php(81): Slim\Routing\Route->handle(Object(Slim\Http\ServerRequest))
#3 /var/www/CRM/src/vendor/slim/slim/Slim/MiddlewareDispatcher.php(81): Slim\MiddlewareDispatcher->handle(Object(Slim\Http\ServerRequest))
#4 /var/www/CRM/src/vendor/slim/slim/Slim/Routing/Route.php(341): Slim\MiddlewareDispatcher->handle(Object(Slim\Http\ServerRequest))
#5 /var/www/CRM/src/vendor/slim/slim/Slim/Routing/RouteRunner.php(84): Slim\Routing\Route->run(Object(Slim\Http\ServerRequest))
#6 /var/www/CRM/src/EcclesiaCRM/Slim/Middleware/VersionMiddleware.php(17): Slim\Routing\RouteRunner->handle(Object(Slim\Http\ServerRequest))
#7 /var/www/CRM/src/vendor/slim/slim/Slim/MiddlewareDispatcher.php(313): EcclesiaCRM\Slim\Middleware\VersionMiddleware->__invoke(Object(Slim\Http\ServerRequest), Object(Slim\Routing\RouteRunner))
#8 /var/www/CRM/src/vendor/tuupola/slim-jwt-auth/src/JwtAuthentication.php(132): class@anonymous->handle(Object(Slim\Http\ServerRequest))
#9 /var/www/CRM/src/vendor/slim/slim/Slim/MiddlewareDispatcher.php(147): Tuupola\Middleware\JwtAuthentication->process(Object(Slim\Http\ServerRequest), Object(class@anonymous))
#10 /var/www/CRM/src/vendor/slim/slim/Slim/Middleware/ErrorMiddleware.php(107): class@anonymous->handle(Object(Slim\Http\ServerRequest))
#11 /var/www/CRM/src/vendor/slim/slim/Slim/MiddlewareDispatcher.php(147): Slim\Middleware\ErrorMiddleware->process(Object(Slim\Http\ServerRequest), Object(class@anonymous))
#12 /var/www/CRM/src/vendor/slim/slim/Slim/MiddlewareDispatcher.php(81): class@anonymous->handle(Object(Slim\Http\ServerRequest))
#13 /var/www/CRM/src/vendor/slim/slim/Slim/App.php(215): Slim\MiddlewareDispatcher->handle(Object(Slim\Http\ServerRequest))
#14 /var/www/CRM/src/vendor/slim/slim/Slim/App.php(199): Slim\App->handle(Object(Slim\Http\ServerRequest))
#15 /var/www/CRM/src/api/index.php(134): Slim\App->run()
#16 {main}
[03-Nov-2021 21:09:42 Europe/Paris] Slim Application Error
Type: TypeError
Code: 0
Message: Return value of EcclesiaCRM\APIControllers\PeopleFamilyController::verifyFamily() must implement interface Psr\Http\Message\ResponseInterface, int returned
File: /var/www/CRM/src/EcclesiaCRM/APIControllers/PeopleFamilyController.php
Line: 208
Trace: #0 /var/www/CRM/src/vendor/slim/slim/Slim/Handlers/Strategies/RequestResponse.php(43): EcclesiaCRM\APIControllers\PeopleFamilyController->verifyFamily(Object(Slim\Http\ServerRequest), 23, Array)
#1 /var/www/CRM/src/vendor/slim/slim/Slim/Routing/Route.php(384): Slim\Handlers\Strategies\RequestResponse->__invoke(Array, Object(Slim\Http\ServerRequest), Object(Slim\Http\Response), Array)
#2 /var/www/CRM/src/vendor/slim/slim/Slim/MiddlewareDispatcher.php(81): Slim\Routing\Route->handle(Object(Slim\Http\ServerRequest))
#3 /var/www/CRM/src/vendor/slim/slim/Slim/MiddlewareDispatcher.php(81): Slim\MiddlewareDispatcher->handle(Object(Slim\Http\ServerRequest))
#4 /var/www/CRM/src/vendor/slim/slim/Slim/Routing/Route.php(341): Slim\MiddlewareDispatcher->handle(Object(Slim\Http\ServerRequest))
#5 /var/www/CRM/src/vendor/slim/slim/Slim/Routing/RouteRunner.php(84): Slim\Routing\Route->run(Object(Slim\Http\ServerRequest))
#6 /var/www/CRM/src/EcclesiaCRM/Slim/Middleware/VersionMiddleware.php(17): Slim\Routing\RouteRunner->handle(Object(Slim\Http\ServerRequest))
#7 /var/www/CRM/src/vendor/slim/slim/Slim/MiddlewareDispatcher.php(313): EcclesiaCRM\Slim\Middleware\VersionMiddleware->__invoke(Object(Slim\Http\ServerRequest), Object(Slim\Routing\RouteRunner))
#8 /var/www/CRM/src/vendor/tuupola/slim-jwt-auth/src/JwtAuthentication.php(132): class@anonymous->handle(Object(Slim\Http\ServerRequest))
#9 /var/www/CRM/src/vendor/slim/slim/Slim/MiddlewareDispatcher.php(147): Tuupola\Middleware\JwtAuthentication->process(Object(Slim\Http\ServerRequest), Object(class@anonymous))
#10 /var/www/CRM/src/vendor/slim/slim/Slim/Middleware/ErrorMiddleware.php(107): class@anonymous->handle(Object(Slim\Http\ServerRequest))
#11 /var/www/CRM/src/vendor/slim/slim/Slim/MiddlewareDispatcher.php(147): Slim\Middleware\ErrorMiddleware->process(Object(Slim\Http\ServerRequest), Object(class@anonymous))
#12 /var/www/CRM/src/vendor/slim/slim/Slim/MiddlewareDispatcher.php(81): class@anonymous->handle(Object(Slim\Http\ServerRequest))
#13 /var/www/CRM/src/vendor/slim/slim/Slim/App.php(215): Slim\MiddlewareDispatcher->handle(Object(Slim\Http\ServerRequest))
#14 /var/www/CRM/src/vendor/slim/slim/Slim/App.php(199): Slim\App->handle(Object(Slim\Http\ServerRequest))
#15 /var/www/CRM/src/api/index.php(134): Slim\App->run()
#16 {main}
[03-Nov-2021 21:09:54 Europe/Paris] Slim Application Error
Type: TypeError
Code: 0
Message: Return value of EcclesiaCRM\APIControllers\PeopleFamilyController::verifyFamily() must implement interface Psr\Http\Message\ResponseInterface, int returned
File: /var/www/CRM/src/EcclesiaCRM/APIControllers/PeopleFamilyController.php
Line: 208
Trace: #0 /var/www/CRM/src/vendor/slim/slim/Slim/Handlers/Strategies/RequestResponse.php(43): EcclesiaCRM\APIControllers\PeopleFamilyController->verifyFamily(Object(Slim\Http\ServerRequest), 23, Array)
#1 /var/www/CRM/src/vendor/slim/slim/Slim/Routing/Route.php(384): Slim\Handlers\Strategies\RequestResponse->__invoke(Array, Object(Slim\Http\ServerRequest), Object(Slim\Http\Response), Array)
#2 /var/www/CRM/src/vendor/slim/slim/Slim/MiddlewareDispatcher.php(81): Slim\Routing\Route->handle(Object(Slim\Http\ServerRequest))
#3 /var/www/CRM/src/vendor/slim/slim/Slim/MiddlewareDispatcher.php(81): Slim\MiddlewareDispatcher->handle(Object(Slim\Http\ServerRequest))
#4 /var/www/CRM/src/vendor/slim/slim/Slim/Routing/Route.php(341): Slim\MiddlewareDispatcher->handle(Object(Slim\Http\ServerRequest))
#5 /var/www/CRM/src/vendor/slim/slim/Slim/Routing/RouteRunner.php(84): Slim\Routing\Route->run(Object(Slim\Http\ServerRequest))
#6 /var/www/CRM/src/EcclesiaCRM/Slim/Middleware/VersionMiddleware.php(17): Slim\Routing\RouteRunner->handle(Object(Slim\Http\ServerRequest))
#7 /var/www/CRM/src/vendor/slim/slim/Slim/MiddlewareDispatcher.php(313): EcclesiaCRM\Slim\Middleware\VersionMiddleware->__invoke(Object(Slim\Http\ServerRequest), Object(Slim\Routing\RouteRunner))
#8 /var/www/CRM/src/vendor/tuupola/slim-jwt-auth/src/JwtAuthentication.php(132): class@anonymous->handle(Object(Slim\Http\ServerRequest))
#9 /var/www/CRM/src/vendor/slim/slim/Slim/MiddlewareDispatcher.php(147): Tuupola\Middleware\JwtAuthentication->process(Object(Slim\Http\ServerRequest), Object(class@anonymous))
#10 /var/www/CRM/src/vendor/slim/slim/Slim/Middleware/ErrorMiddleware.php(107): class@anonymous->handle(Object(Slim\Http\ServerRequest))
#11 /var/www/CRM/src/vendor/slim/slim/Slim/MiddlewareDispatcher.php(147): Slim\Middleware\ErrorMiddleware->process(Object(Slim\Http\ServerRequest), Object(class@anonymous))
#12 /var/www/CRM/src/vendor/slim/slim/Slim/MiddlewareDispatcher.php(81): class@anonymous->handle(Object(Slim\Http\ServerRequest))
#13 /var/www/CRM/src/vendor/slim/slim/Slim/App.php(215): Slim\MiddlewareDispatcher->handle(Object(Slim\Http\ServerRequest))
#14 /var/www/CRM/src/vendor/slim/slim/Slim/App.php(199): Slim\App->handle(Object(Slim\Http\ServerRequest))
#15 /var/www/CRM/src/api/index.php(134): Slim\App->run()
#16 {main}
