[19-Jul-2022 20:02:33 Europe/Paris] Slim Application Error
Type: ArgumentCountError
Code: 0
Message: Too few arguments to function Propel\Runtime\Map\RelationMap::__construct(), 1 passed in /var/www/CRM/src/vendor/propel/propel/src/Propel/Runtime/Map/TableMap.php on line 723 and exactly 3 expected
File: /var/www/CRM/src/vendor/propel/propel/src/Propel/Runtime/Map/RelationMap.php
Line: 119
Trace: #0 /var/www/CRM/src/vendor/propel/propel/src/Propel/Runtime/Map/TableMap.php(723): Propel\Runtime\Map\RelationMap->__construct()
#1 /var/www/CRM/src/EcclesiaCRM/model/EcclesiaCRM/Map/DepositTableMap.php(242): Propel\Runtime\Map\TableMap->addRelation()
#2 /var/www/CRM/src/vendor/propel/propel/src/Propel/Runtime/Map/TableMap.php(809): EcclesiaCRM\Map\DepositTableMap->buildRelations()
#3 /var/www/CRM/src/vendor/propel/propel/src/Propel/Runtime/Map/TableMap.php(793): Propel\Runtime\Map\TableMap->getRelations()
#4 /var/www/CRM/src/EcclesiaCRM/model/EcclesiaCRM/Base/DepositQuery.php(707): Propel\Runtime\Map\TableMap->getRelation()
#5 /var/www/CRM/src/EcclesiaCRM/model/EcclesiaCRM/DepositQuery.php(20): EcclesiaCRM\Base\DepositQuery->joinPledge()
#6 /var/www/CRM/src/vendor/propel/propel/src/Propel/Runtime/ActiveQuery/ModelCriteria.php(1214): EcclesiaCRM\DepositQuery->preSelect()
#7 /var/www/CRM/src/vendor/propel/propel/src/Propel/Runtime/ActiveQuery/ModelCriteria.php(1241): Propel\Runtime\ActiveQuery\ModelCriteria->basePreSelect()
#8 /var/www/CRM/src/EcclesiaCRM/VIEWControllers/VIEWDashboardController.php(60): Propel\Runtime\ActiveQuery\ModelCriteria->find()
#9 /var/www/CRM/src/EcclesiaCRM/VIEWControllers/VIEWDashboardController.php(52): EcclesiaCRM\VIEWControllers\VIEWDashboardController->argumentsFashboardArray()
#10 /var/www/CRM/src/vendor/slim/slim/Slim/Handlers/Strategies/RequestResponse.php(43): EcclesiaCRM\VIEWControllers\VIEWDashboardController->renderDashboard()
#11 /var/www/CRM/src/vendor/slim/slim/Slim/Routing/Route.php(384): Slim\Handlers\Strategies\RequestResponse->__invoke()
#12 /var/www/CRM/src/vendor/slim/slim/Slim/MiddlewareDispatcher.php(81): Slim\Routing\Route->handle()
#13 /var/www/CRM/src/vendor/slim/slim/Slim/MiddlewareDispatcher.php(81): Slim\MiddlewareDispatcher->handle()
#14 /var/www/CRM/src/vendor/slim/slim/Slim/Routing/Route.php(341): Slim\MiddlewareDispatcher->handle()
#15 /var/www/CRM/src/vendor/slim/slim/Slim/Routing/RouteRunner.php(84): Slim\Routing\Route->run()
#16 /var/www/CRM/src/EcclesiaCRM/Slim/Middleware/VersionMiddleware.php(17): Slim\Routing\RouteRunner->handle()
#17 /var/www/CRM/src/vendor/slim/slim/Slim/MiddlewareDispatcher.php(313): EcclesiaCRM\Slim\Middleware\VersionMiddleware->__invoke()
#18 /var/www/CRM/src/vendor/tuupola/slim-jwt-auth/src/JwtAuthentication.php(132): class@anonymous->handle()
#19 /var/www/CRM/src/vendor/slim/slim/Slim/MiddlewareDispatcher.php(147): Tuupola\Middleware\JwtAuthentication->process()
#20 /var/www/CRM/src/vendor/slim/slim/Slim/Middleware/ErrorMiddleware.php(107): class@anonymous->handle()
#21 /var/www/CRM/src/vendor/slim/slim/Slim/MiddlewareDispatcher.php(147): Slim\Middleware\ErrorMiddleware->process()
#22 /var/www/CRM/src/vendor/slim/slim/Slim/MiddlewareDispatcher.php(81): class@anonymous->handle()
#23 /var/www/CRM/src/vendor/slim/slim/Slim/App.php(215): Slim\MiddlewareDispatcher->handle()
#24 /var/www/CRM/src/vendor/slim/slim/Slim/App.php(199): Slim\App->handle()
#25 /var/www/CRM/src/v2/index.php(124): Slim\App->run()
#26 {main}
[19-Jul-2022 20:02:55 Europe/Paris] Slim Application Error
Type: ArgumentCountError
Code: 0
Message: Too few arguments to function Propel\Runtime\Map\RelationMap::__construct(), 1 passed in /var/www/CRM/src/vendor/propel/propel/src/Propel/Runtime/Map/TableMap.php on line 723 and exactly 3 expected
File: /var/www/CRM/src/vendor/propel/propel/src/Propel/Runtime/Map/RelationMap.php
Line: 119
Trace: #0 /var/www/CRM/src/vendor/propel/propel/src/Propel/Runtime/Map/TableMap.php(723): Propel\Runtime\Map\RelationMap->__construct()
#1 /var/www/CRM/src/EcclesiaCRM/model/EcclesiaCRM/Map/DepositTableMap.php(242): Propel\Runtime\Map\TableMap->addRelation()
#2 /var/www/CRM/src/vendor/propel/propel/src/Propel/Runtime/Map/TableMap.php(809): EcclesiaCRM\Map\DepositTableMap->buildRelations()
#3 /var/www/CRM/src/vendor/propel/propel/src/Propel/Runtime/Map/TableMap.php(793): Propel\Runtime\Map\TableMap->getRelations()
#4 /var/www/CRM/src/EcclesiaCRM/model/EcclesiaCRM/Base/DepositQuery.php(707): Propel\Runtime\Map\TableMap->getRelation()
#5 /var/www/CRM/src/EcclesiaCRM/model/EcclesiaCRM/DepositQuery.php(20): EcclesiaCRM\Base\DepositQuery->joinPledge()
#6 /var/www/CRM/src/vendor/propel/propel/src/Propel/Runtime/ActiveQuery/ModelCriteria.php(1214): EcclesiaCRM\DepositQuery->preSelect()
#7 /var/www/CRM/src/vendor/propel/propel/src/Propel/Runtime/ActiveQuery/ModelCriteria.php(1241): Propel\Runtime\ActiveQuery\ModelCriteria->basePreSelect()
#8 /var/www/CRM/src/EcclesiaCRM/VIEWControllers/VIEWDashboardController.php(60): Propel\Runtime\ActiveQuery\ModelCriteria->find()
#9 /var/www/CRM/src/EcclesiaCRM/VIEWControllers/VIEWDashboardController.php(52): EcclesiaCRM\VIEWControllers\VIEWDashboardController->argumentsFashboardArray()
#10 /var/www/CRM/src/vendor/slim/slim/Slim/Handlers/Strategies/RequestResponse.php(43): EcclesiaCRM\VIEWControllers\VIEWDashboardController->renderDashboard()
#11 /var/www/CRM/src/vendor/slim/slim/Slim/Routing/Route.php(384): Slim\Handlers\Strategies\RequestResponse->__invoke()
#12 /var/www/CRM/src/vendor/slim/slim/Slim/MiddlewareDispatcher.php(81): Slim\Routing\Route->handle()
#13 /var/www/CRM/src/vendor/slim/slim/Slim/MiddlewareDispatcher.php(81): Slim\MiddlewareDispatcher->handle()
#14 /var/www/CRM/src/vendor/slim/slim/Slim/Routing/Route.php(341): Slim\MiddlewareDispatcher->handle()
#15 /var/www/CRM/src/vendor/slim/slim/Slim/Routing/RouteRunner.php(84): Slim\Routing\Route->run()
#16 /var/www/CRM/src/EcclesiaCRM/Slim/Middleware/VersionMiddleware.php(17): Slim\Routing\RouteRunner->handle()
#17 /var/www/CRM/src/vendor/slim/slim/Slim/MiddlewareDispatcher.php(313): EcclesiaCRM\Slim\Middleware\VersionMiddleware->__invoke()
#18 /var/www/CRM/src/vendor/tuupola/slim-jwt-auth/src/JwtAuthentication.php(132): class@anonymous->handle()
#19 /var/www/CRM/src/vendor/slim/slim/Slim/MiddlewareDispatcher.php(147): Tuupola\Middleware\JwtAuthentication->process()
#20 /var/www/CRM/src/vendor/slim/slim/Slim/Middleware/ErrorMiddleware.php(107): class@anonymous->handle()
#21 /var/www/CRM/src/vendor/slim/slim/Slim/MiddlewareDispatcher.php(147): Slim\Middleware\ErrorMiddleware->process()
#22 /var/www/CRM/src/vendor/slim/slim/Slim/MiddlewareDispatcher.php(81): class@anonymous->handle()
#23 /var/www/CRM/src/vendor/slim/slim/Slim/App.php(215): Slim\MiddlewareDispatcher->handle()
#24 /var/www/CRM/src/vendor/slim/slim/Slim/App.php(199): Slim\App->handle()
#25 /var/www/CRM/src/v2/index.php(124): Slim\App->run()
#26 {main}
[19-Jul-2022 20:02:57 Europe/Paris] Slim Application Error
Type: ArgumentCountError
Code: 0
Message: Too few arguments to function Propel\Runtime\Map\RelationMap::__construct(), 1 passed in /var/www/CRM/src/vendor/propel/propel/src/Propel/Runtime/Map/TableMap.php on line 723 and exactly 3 expected
File: /var/www/CRM/src/vendor/propel/propel/src/Propel/Runtime/Map/RelationMap.php
Line: 119
Trace: #0 /var/www/CRM/src/vendor/propel/propel/src/Propel/Runtime/Map/TableMap.php(723): Propel\Runtime\Map\RelationMap->__construct()
#1 /var/www/CRM/src/EcclesiaCRM/model/EcclesiaCRM/Map/DepositTableMap.php(242): Propel\Runtime\Map\TableMap->addRelation()
#2 /var/www/CRM/src/vendor/propel/propel/src/Propel/Runtime/Map/TableMap.php(809): EcclesiaCRM\Map\DepositTableMap->buildRelations()
#3 /var/www/CRM/src/vendor/propel/propel/src/Propel/Runtime/Map/TableMap.php(793): Propel\Runtime\Map\TableMap->getRelations()
#4 /var/www/CRM/src/EcclesiaCRM/model/EcclesiaCRM/Base/DepositQuery.php(707): Propel\Runtime\Map\TableMap->getRelation()
#5 /var/www/CRM/src/EcclesiaCRM/model/EcclesiaCRM/DepositQuery.php(20): EcclesiaCRM\Base\DepositQuery->joinPledge()
#6 /var/www/CRM/src/vendor/propel/propel/src/Propel/Runtime/ActiveQuery/ModelCriteria.php(1214): EcclesiaCRM\DepositQuery->preSelect()
#7 /var/www/CRM/src/vendor/propel/propel/src/Propel/Runtime/ActiveQuery/ModelCriteria.php(1241): Propel\Runtime\ActiveQuery\ModelCriteria->basePreSelect()
#8 /var/www/CRM/src/EcclesiaCRM/VIEWControllers/VIEWDashboardController.php(60): Propel\Runtime\ActiveQuery\ModelCriteria->find()
#9 /var/www/CRM/src/EcclesiaCRM/VIEWControllers/VIEWDashboardController.php(52): EcclesiaCRM\VIEWControllers\VIEWDashboardController->argumentsFashboardArray()
#10 /var/www/CRM/src/vendor/slim/slim/Slim/Handlers/Strategies/RequestResponse.php(43): EcclesiaCRM\VIEWControllers\VIEWDashboardController->renderDashboard()
#11 /var/www/CRM/src/vendor/slim/slim/Slim/Routing/Route.php(384): Slim\Handlers\Strategies\RequestResponse->__invoke()
#12 /var/www/CRM/src/vendor/slim/slim/Slim/MiddlewareDispatcher.php(81): Slim\Routing\Route->handle()
#13 /var/www/CRM/src/vendor/slim/slim/Slim/MiddlewareDispatcher.php(81): Slim\MiddlewareDispatcher->handle()
#14 /var/www/CRM/src/vendor/slim/slim/Slim/Routing/Route.php(341): Slim\MiddlewareDispatcher->handle()
#15 /var/www/CRM/src/vendor/slim/slim/Slim/Routing/RouteRunner.php(84): Slim\Routing\Route->run()
#16 /var/www/CRM/src/EcclesiaCRM/Slim/Middleware/VersionMiddleware.php(17): Slim\Routing\RouteRunner->handle()
#17 /var/www/CRM/src/vendor/slim/slim/Slim/MiddlewareDispatcher.php(313): EcclesiaCRM\Slim\Middleware\VersionMiddleware->__invoke()
#18 /var/www/CRM/src/vendor/tuupola/slim-jwt-auth/src/JwtAuthentication.php(132): class@anonymous->handle()
#19 /var/www/CRM/src/vendor/slim/slim/Slim/MiddlewareDispatcher.php(147): Tuupola\Middleware\JwtAuthentication->process()
#20 /var/www/CRM/src/vendor/slim/slim/Slim/Middleware/ErrorMiddleware.php(107): class@anonymous->handle()
#21 /var/www/CRM/src/vendor/slim/slim/Slim/MiddlewareDispatcher.php(147): Slim\Middleware\ErrorMiddleware->process()
#22 /var/www/CRM/src/vendor/slim/slim/Slim/MiddlewareDispatcher.php(81): class@anonymous->handle()
#23 /var/www/CRM/src/vendor/slim/slim/Slim/App.php(215): Slim\MiddlewareDispatcher->handle()
#24 /var/www/CRM/src/vendor/slim/slim/Slim/App.php(199): Slim\App->handle()
#25 /var/www/CRM/src/v2/index.php(124): Slim\App->run()
#26 {main}
