[07-Sep-2022 17:09:51 Europe/Paris] PHP Fatal error:  Uncaught PDOException: SQLSTATE[23000]: Integrity constraint violation: 1048 Column 'plgn_usr_rl_orientation' cannot be null in /var/www/CRM/src/vendor/propel/propel/src/Propel/Runtime/Connection/StatementWrapper.php:215
Stack trace:
#0 /var/www/CRM/src/vendor/propel/propel/src/Propel/Runtime/Connection/StatementWrapper.php(215): PDOStatement->execute()
#1 /var/www/CRM/src/vendor/propel/propel/src/Propel/Runtime/ActiveQuery/QueryExecutor/AbstractQueryExecutor.php(103): Propel\Runtime\Connection\StatementWrapper->execute()
#2 /var/www/CRM/src/vendor/propel/propel/src/Propel/Runtime/ActiveQuery/QueryExecutor/UpdateQueryExecutor.php(67): Propel\Runtime\ActiveQuery\QueryExecutor\AbstractQueryExecutor->executeStatement()
#3 /var/www/CRM/src/vendor/propel/propel/src/Propel/Runtime/ActiveQuery/QueryExecutor/UpdateQueryExecutor.php(28): Propel\Runtime\ActiveQuery\QueryExecutor\UpdateQueryExecutor->runUpdate()
#4 /var/www/CRM/src/vendor/propel/propel/src/Propel/Runtime/ActiveQuery/Criteria.php(2249): Propel\Runtime\Ac in /var/www/CRM/src/vendor/propel/propel/src/Propel/Runtime/ActiveQuery/QueryExecutor/AbstractQueryExecutor.php on line 136
[07-Sep-2022 17:11:47 Europe/Paris] PHP Fatal error:  Uncaught PDOException: SQLSTATE[23000]: Integrity constraint violation: 1048 Column 'plgn_usr_rl_orientation' cannot be null in /var/www/CRM/src/vendor/propel/propel/src/Propel/Runtime/Connection/StatementWrapper.php:215
Stack trace:
#0 /var/www/CRM/src/vendor/propel/propel/src/Propel/Runtime/Connection/StatementWrapper.php(215): PDOStatement->execute()
#1 /var/www/CRM/src/vendor/propel/propel/src/Propel/Runtime/ActiveQuery/QueryExecutor/AbstractQueryExecutor.php(103): Propel\Runtime\Connection\StatementWrapper->execute()
#2 /var/www/CRM/src/vendor/propel/propel/src/Propel/Runtime/ActiveQuery/QueryExecutor/UpdateQueryExecutor.php(67): Propel\Runtime\ActiveQuery\QueryExecutor\AbstractQueryExecutor->executeStatement()
#3 /var/www/CRM/src/vendor/propel/propel/src/Propel/Runtime/ActiveQuery/QueryExecutor/UpdateQueryExecutor.php(28): Propel\Runtime\ActiveQuery\QueryExecutor\UpdateQueryExecutor->runUpdate()
#4 /var/www/CRM/src/vendor/propel/propel/src/Propel/Runtime/ActiveQuery/Criteria.php(2249): Propel\Runtime\Ac in /var/www/CRM/src/vendor/propel/propel/src/Propel/Runtime/ActiveQuery/QueryExecutor/AbstractQueryExecutor.php on line 136
[07-Sep-2022 17:13:24 Europe/Paris] PHP Fatal error:  Uncaught PDOException: SQLSTATE[23000]: Integrity constraint violation: 1048 Column 'plgn_usr_rl_orientation' cannot be null in /var/www/CRM/src/vendor/propel/propel/src/Propel/Runtime/Connection/StatementWrapper.php:215
Stack trace:
#0 /var/www/CRM/src/vendor/propel/propel/src/Propel/Runtime/Connection/StatementWrapper.php(215): PDOStatement->execute()
#1 /var/www/CRM/src/vendor/propel/propel/src/Propel/Runtime/ActiveQuery/QueryExecutor/AbstractQueryExecutor.php(103): Propel\Runtime\Connection\StatementWrapper->execute()
#2 /var/www/CRM/src/vendor/propel/propel/src/Propel/Runtime/ActiveQuery/QueryExecutor/UpdateQueryExecutor.php(67): Propel\Runtime\ActiveQuery\QueryExecutor\AbstractQueryExecutor->executeStatement()
#3 /var/www/CRM/src/vendor/propel/propel/src/Propel/Runtime/ActiveQuery/QueryExecutor/UpdateQueryExecutor.php(28): Propel\Runtime\ActiveQuery\QueryExecutor\UpdateQueryExecutor->runUpdate()
#4 /var/www/CRM/src/vendor/propel/propel/src/Propel/Runtime/ActiveQuery/Criteria.php(2249): Propel\Runtime\Ac in /var/www/CRM/src/vendor/propel/propel/src/Propel/Runtime/ActiveQuery/QueryExecutor/AbstractQueryExecutor.php on line 136
[07-Sep-2022 17:13:52 Europe/Paris] PHP Fatal error:  Uncaught PDOException: SQLSTATE[23000]: Integrity constraint violation: 1048 Column 'plgn_usr_rl_orientation' cannot be null in /var/www/CRM/src/vendor/propel/propel/src/Propel/Runtime/Connection/StatementWrapper.php:215
Stack trace:
#0 /var/www/CRM/src/vendor/propel/propel/src/Propel/Runtime/Connection/StatementWrapper.php(215): PDOStatement->execute()
#1 /var/www/CRM/src/vendor/propel/propel/src/Propel/Runtime/ActiveQuery/QueryExecutor/AbstractQueryExecutor.php(103): Propel\Runtime\Connection\StatementWrapper->execute()
#2 /var/www/CRM/src/vendor/propel/propel/src/Propel/Runtime/ActiveQuery/QueryExecutor/UpdateQueryExecutor.php(67): Propel\Runtime\ActiveQuery\QueryExecutor\AbstractQueryExecutor->executeStatement()
#3 /var/www/CRM/src/vendor/propel/propel/src/Propel/Runtime/ActiveQuery/QueryExecutor/UpdateQueryExecutor.php(28): Propel\Runtime\ActiveQuery\QueryExecutor\UpdateQueryExecutor->runUpdate()
#4 /var/www/CRM/src/vendor/propel/propel/src/Propel/Runtime/ActiveQuery/Criteria.php(2249): Propel\Runtime\Ac in /var/www/CRM/src/vendor/propel/propel/src/Propel/Runtime/ActiveQuery/QueryExecutor/AbstractQueryExecutor.php on line 136
[07-Sep-2022 17:14:18 Europe/Paris] PHP Fatal error:  Uncaught PDOException: SQLSTATE[23000]: Integrity constraint violation: 1048 Column 'plgn_usr_rl_orientation' cannot be null in /var/www/CRM/src/vendor/propel/propel/src/Propel/Runtime/Connection/StatementWrapper.php:215
Stack trace:
#0 /var/www/CRM/src/vendor/propel/propel/src/Propel/Runtime/Connection/StatementWrapper.php(215): PDOStatement->execute()
#1 /var/www/CRM/src/vendor/propel/propel/src/Propel/Runtime/ActiveQuery/QueryExecutor/AbstractQueryExecutor.php(103): Propel\Runtime\Connection\StatementWrapper->execute()
#2 /var/www/CRM/src/vendor/propel/propel/src/Propel/Runtime/ActiveQuery/QueryExecutor/UpdateQueryExecutor.php(67): Propel\Runtime\ActiveQuery\QueryExecutor\AbstractQueryExecutor->executeStatement()
#3 /var/www/CRM/src/vendor/propel/propel/src/Propel/Runtime/ActiveQuery/QueryExecutor/UpdateQueryExecutor.php(28): Propel\Runtime\ActiveQuery\QueryExecutor\UpdateQueryExecutor->runUpdate()
#4 /var/www/CRM/src/vendor/propel/propel/src/Propel/Runtime/ActiveQuery/Criteria.php(2249): Propel\Runtime\Ac in /var/www/CRM/src/vendor/propel/propel/src/Propel/Runtime/ActiveQuery/QueryExecutor/AbstractQueryExecutor.php on line 136
[07-Sep-2022 17:16:25 Europe/Paris] PHP Fatal error:  Uncaught PDOException: SQLSTATE[23000]: Integrity constraint violation: 1048 Column 'plgn_usr_rl_orientation' cannot be null in /var/www/CRM/src/vendor/propel/propel/src/Propel/Runtime/Connection/StatementWrapper.php:215
Stack trace:
#0 /var/www/CRM/src/vendor/propel/propel/src/Propel/Runtime/Connection/StatementWrapper.php(215): PDOStatement->execute()
#1 /var/www/CRM/src/vendor/propel/propel/src/Propel/Runtime/ActiveQuery/QueryExecutor/AbstractQueryExecutor.php(103): Propel\Runtime\Connection\StatementWrapper->execute()
#2 /var/www/CRM/src/vendor/propel/propel/src/Propel/Runtime/ActiveQuery/QueryExecutor/UpdateQueryExecutor.php(67): Propel\Runtime\ActiveQuery\QueryExecutor\AbstractQueryExecutor->executeStatement()
#3 /var/www/CRM/src/vendor/propel/propel/src/Propel/Runtime/ActiveQuery/QueryExecutor/UpdateQueryExecutor.php(28): Propel\Runtime\ActiveQuery\QueryExecutor\UpdateQueryExecutor->runUpdate()
#4 /var/www/CRM/src/vendor/propel/propel/src/Propel/Runtime/ActiveQuery/Criteria.php(2249): Propel\Runtime\Ac in /var/www/CRM/src/vendor/propel/propel/src/Propel/Runtime/ActiveQuery/QueryExecutor/AbstractQueryExecutor.php on line 136
[07-Sep-2022 17:16:38 Europe/Paris] PHP Fatal error:  Uncaught PDOException: SQLSTATE[23000]: Integrity constraint violation: 1048 Column 'plgn_usr_rl_orientation' cannot be null in /var/www/CRM/src/vendor/propel/propel/src/Propel/Runtime/Connection/StatementWrapper.php:215
Stack trace:
#0 /var/www/CRM/src/vendor/propel/propel/src/Propel/Runtime/Connection/StatementWrapper.php(215): PDOStatement->execute()
#1 /var/www/CRM/src/vendor/propel/propel/src/Propel/Runtime/ActiveQuery/QueryExecutor/AbstractQueryExecutor.php(103): Propel\Runtime\Connection\StatementWrapper->execute()
#2 /var/www/CRM/src/vendor/propel/propel/src/Propel/Runtime/ActiveQuery/QueryExecutor/UpdateQueryExecutor.php(67): Propel\Runtime\ActiveQuery\QueryExecutor\AbstractQueryExecutor->executeStatement()
#3 /var/www/CRM/src/vendor/propel/propel/src/Propel/Runtime/ActiveQuery/QueryExecutor/UpdateQueryExecutor.php(28): Propel\Runtime\ActiveQuery\QueryExecutor\UpdateQueryExecutor->runUpdate()
#4 /var/www/CRM/src/vendor/propel/propel/src/Propel/Runtime/ActiveQuery/Criteria.php(2249): Propel\Runtime\Ac in /var/www/CRM/src/vendor/propel/propel/src/Propel/Runtime/ActiveQuery/QueryExecutor/AbstractQueryExecutor.php on line 136
[07-Sep-2022 17:16:43 Europe/Paris] PHP Fatal error:  Uncaught PDOException: SQLSTATE[23000]: Integrity constraint violation: 1048 Column 'plgn_usr_rl_orientation' cannot be null in /var/www/CRM/src/vendor/propel/propel/src/Propel/Runtime/Connection/StatementWrapper.php:215
Stack trace:
#0 /var/www/CRM/src/vendor/propel/propel/src/Propel/Runtime/Connection/StatementWrapper.php(215): PDOStatement->execute()
#1 /var/www/CRM/src/vendor/propel/propel/src/Propel/Runtime/ActiveQuery/QueryExecutor/AbstractQueryExecutor.php(103): Propel\Runtime\Connection\StatementWrapper->execute()
#2 /var/www/CRM/src/vendor/propel/propel/src/Propel/Runtime/ActiveQuery/QueryExecutor/UpdateQueryExecutor.php(67): Propel\Runtime\ActiveQuery\QueryExecutor\AbstractQueryExecutor->executeStatement()
#3 /var/www/CRM/src/vendor/propel/propel/src/Propel/Runtime/ActiveQuery/QueryExecutor/UpdateQueryExecutor.php(28): Propel\Runtime\ActiveQuery\QueryExecutor\UpdateQueryExecutor->runUpdate()
#4 /var/www/CRM/src/vendor/propel/propel/src/Propel/Runtime/ActiveQuery/Criteria.php(2249): Propel\Runtime\Ac in /var/www/CRM/src/vendor/propel/propel/src/Propel/Runtime/ActiveQuery/QueryExecutor/AbstractQueryExecutor.php on line 136
[07-Sep-2022 17:18:16 Europe/Paris] PHP Fatal error:  Uncaught PDOException: SQLSTATE[23000]: Integrity constraint violation: 1048 Column 'plgn_usr_rl_orientation' cannot be null in /var/www/CRM/src/vendor/propel/propel/src/Propel/Runtime/Connection/StatementWrapper.php:215
Stack trace:
#0 /var/www/CRM/src/vendor/propel/propel/src/Propel/Runtime/Connection/StatementWrapper.php(215): PDOStatement->execute()
#1 /var/www/CRM/src/vendor/propel/propel/src/Propel/Runtime/ActiveQuery/QueryExecutor/AbstractQueryExecutor.php(103): Propel\Runtime\Connection\StatementWrapper->execute()
#2 /var/www/CRM/src/vendor/propel/propel/src/Propel/Runtime/ActiveQuery/QueryExecutor/UpdateQueryExecutor.php(67): Propel\Runtime\ActiveQuery\QueryExecutor\AbstractQueryExecutor->executeStatement()
#3 /var/www/CRM/src/vendor/propel/propel/src/Propel/Runtime/ActiveQuery/QueryExecutor/UpdateQueryExecutor.php(28): Propel\Runtime\ActiveQuery\QueryExecutor\UpdateQueryExecutor->runUpdate()
#4 /var/www/CRM/src/vendor/propel/propel/src/Propel/Runtime/ActiveQuery/Criteria.php(2249): Propel\Runtime\Ac in /var/www/CRM/src/vendor/propel/propel/src/Propel/Runtime/ActiveQuery/QueryExecutor/AbstractQueryExecutor.php on line 136
[07-Sep-2022 17:18:20 Europe/Paris] PHP Fatal error:  Uncaught PDOException: SQLSTATE[23000]: Integrity constraint violation: 1048 Column 'plgn_usr_rl_orientation' cannot be null in /var/www/CRM/src/vendor/propel/propel/src/Propel/Runtime/Connection/StatementWrapper.php:215
Stack trace:
#0 /var/www/CRM/src/vendor/propel/propel/src/Propel/Runtime/Connection/StatementWrapper.php(215): PDOStatement->execute()
#1 /var/www/CRM/src/vendor/propel/propel/src/Propel/Runtime/ActiveQuery/QueryExecutor/AbstractQueryExecutor.php(103): Propel\Runtime\Connection\StatementWrapper->execute()
#2 /var/www/CRM/src/vendor/propel/propel/src/Propel/Runtime/ActiveQuery/QueryExecutor/UpdateQueryExecutor.php(67): Propel\Runtime\ActiveQuery\QueryExecutor\AbstractQueryExecutor->executeStatement()
#3 /var/www/CRM/src/vendor/propel/propel/src/Propel/Runtime/ActiveQuery/QueryExecutor/UpdateQueryExecutor.php(28): Propel\Runtime\ActiveQuery\QueryExecutor\UpdateQueryExecutor->runUpdate()
#4 /var/www/CRM/src/vendor/propel/propel/src/Propel/Runtime/ActiveQuery/Criteria.php(2249): Propel\Runtime\Ac in /var/www/CRM/src/vendor/propel/propel/src/Propel/Runtime/ActiveQuery/QueryExecutor/AbstractQueryExecutor.php on line 136
[07-Sep-2022 19:29:31 Europe/Paris] Slim Application Error
Type: Error
Code: 0
Message: Object of class stdClass could not be converted to string
File: /var/www/CRM/src/Plugins/ToDoListDashboard/core/APIControllers/ToDoListDashboardController.php
Line: 91
Trace: #0 /var/www/CRM/src/vendor/slim/slim/Slim/Handlers/Strategies/RequestResponse.php(43): Plugins\APIControllers\ToDoListDashboardController->modifyList()
#1 /var/www/CRM/src/vendor/slim/slim/Slim/Routing/Route.php(384): Slim\Handlers\Strategies\RequestResponse->__invoke()
#2 /var/www/CRM/src/vendor/slim/slim/Slim/MiddlewareDispatcher.php(81): Slim\Routing\Route->handle()
#3 /var/www/CRM/src/vendor/slim/slim/Slim/MiddlewareDispatcher.php(81): Slim\MiddlewareDispatcher->handle()
#4 /var/www/CRM/src/vendor/slim/slim/Slim/Routing/Route.php(341): Slim\MiddlewareDispatcher->handle()
#5 /var/www/CRM/src/vendor/slim/slim/Slim/Routing/RouteRunner.php(84): Slim\Routing\Route->run()
#6 /var/www/CRM/src/EcclesiaCRM/Slim/Middleware/VersionMiddleware.php(17): Slim\Routing\RouteRunner->handle()
#7 /var/www/CRM/src/vendor/slim/slim/Slim/MiddlewareDispatcher.php(313): EcclesiaCRM\Slim\Middleware\VersionMiddleware->__invoke()
#8 /var/www/CRM/src/vendor/tuupola/slim-jwt-auth/src/JwtAuthentication.php(132): class@anonymous->handle()
#9 /var/www/CRM/src/vendor/slim/slim/Slim/MiddlewareDispatcher.php(147): Tuupola\Middleware\JwtAuthentication->process()
#10 /var/www/CRM/src/vendor/slim/slim/Slim/Middleware/ErrorMiddleware.php(107): class@anonymous->handle()
#11 /var/www/CRM/src/vendor/slim/slim/Slim/MiddlewareDispatcher.php(147): Slim\Middleware\ErrorMiddleware->process()
#12 /var/www/CRM/src/vendor/slim/slim/Slim/MiddlewareDispatcher.php(81): class@anonymous->handle()
#13 /var/www/CRM/src/vendor/slim/slim/Slim/App.php(215): Slim\MiddlewareDispatcher->handle()
#14 /var/www/CRM/src/vendor/slim/slim/Slim/App.php(199): Slim\App->handle()
#15 /var/www/CRM/src/api/index.php(145): Slim\App->run()
#16 {main}
