[19-Jan-2022 09:14:24 Europe/Paris] PHP Fatal error:  Uncaught TypeError: Unsupported operand types: int + string in /var/www/CRM/src/EcclesiaCRM/Reports/PDF_RealAttendance.php:238
Stack trace:
#0 /var/www/CRM/src/Reports/ClassRealAttendance.php(44): EcclesiaCRM\Reports\PDF_RealAttendance->render()
#1 {main}
  thrown in /var/www/CRM/src/EcclesiaCRM/Reports/PDF_RealAttendance.php on line 238
[19-Jan-2022 09:14:26 Europe/Paris] PHP Fatal error:  Uncaught TypeError: Unsupported operand types: int + string in /var/www/CRM/src/EcclesiaCRM/Reports/PDF_RealAttendance.php:238
Stack trace:
#0 /var/www/CRM/src/Reports/ClassRealAttendance.php(44): EcclesiaCRM\Reports\PDF_RealAttendance->render()
#1 {main}
  thrown in /var/www/CRM/src/EcclesiaCRM/Reports/PDF_RealAttendance.php on line 238
[19-Jan-2022 09:14:38 Europe/Paris] PHP Fatal error:  Uncaught TypeError: Unsupported operand types: int + string in /var/www/CRM/src/EcclesiaCRM/Reports/PDF_RealAttendance.php:238
Stack trace:
#0 /var/www/CRM/src/Reports/ClassRealAttendance.php(44): EcclesiaCRM\Reports\PDF_RealAttendance->render()
#1 {main}
  thrown in /var/www/CRM/src/EcclesiaCRM/Reports/PDF_RealAttendance.php on line 238
[19-Jan-2022 09:14:44 Europe/Paris] PHP Fatal error:  Uncaught TypeError: Unsupported operand types: int + string in /var/www/CRM/src/EcclesiaCRM/Reports/PDF_RealAttendance.php:238
Stack trace:
#0 /var/www/CRM/src/Reports/ClassRealAttendance.php(44): EcclesiaCRM\Reports\PDF_RealAttendance->render()
#1 {main}
  thrown in /var/www/CRM/src/EcclesiaCRM/Reports/PDF_RealAttendance.php on line 238
[19-Jan-2022 09:15:04 Europe/Paris] PHP Fatal error:  Uncaught TypeError: Unsupported operand types: int + string in /var/www/CRM/src/EcclesiaCRM/Reports/PDF_RealAttendance.php:238
Stack trace:
#0 /var/www/CRM/src/Reports/ClassRealAttendance.php(44): EcclesiaCRM\Reports\PDF_RealAttendance->render()
#1 {main}
  thrown in /var/www/CRM/src/EcclesiaCRM/Reports/PDF_RealAttendance.php on line 238
[19-Jan-2022 09:16:46 Europe/Paris] PHP Fatal error:  Uncaught TypeError: Unsupported operand types: int + string in /var/www/CRM/src/EcclesiaCRM/Reports/PDF_RealAttendance.php:239
Stack trace:
#0 /var/www/CRM/src/Reports/ClassRealAttendance.php(44): EcclesiaCRM\Reports\PDF_RealAttendance->render()
#1 {main}
  thrown in /var/www/CRM/src/EcclesiaCRM/Reports/PDF_RealAttendance.php on line 239
[19-Jan-2022 09:16:48 Europe/Paris] PHP Fatal error:  Uncaught TypeError: Unsupported operand types: int + string in /var/www/CRM/src/EcclesiaCRM/Reports/PDF_RealAttendance.php:239
Stack trace:
#0 /var/www/CRM/src/Reports/ClassRealAttendance.php(44): EcclesiaCRM\Reports\PDF_RealAttendance->render()
#1 {main}
  thrown in /var/www/CRM/src/EcclesiaCRM/Reports/PDF_RealAttendance.php on line 239
[19-Jan-2022 16:24:47 Europe/Paris] PHP Fatal error:  Uncaught Error: Call to a member function getType() on null in /var/www/CRM/src/Checkin.php:124
Stack trace:
#0 {main}
  thrown in /var/www/CRM/src/Checkin.php on line 124
[19-Jan-2022 16:46:19 Europe/Paris] Slim Application Error
Type: Propel\Runtime\Exception\PropelException
Code: 0
Message: Unable to execute INSERT statement [INSERT INTO event_attend (attend_id, event_id, person_id, checkin_date, checkin_id) VALUES (:p0, :p1, :p2, :p3, :p4)]
File: /var/www/CRM/src/EcclesiaCRM/model/EcclesiaCRM/Base/EventAttend.php
Line: 981
Trace: #0 /var/www/CRM/src/EcclesiaCRM/model/EcclesiaCRM/Base/EventAttend.php(889): EcclesiaCRM\Base\EventAttend->doInsert()
#1 /var/www/CRM/src/EcclesiaCRM/model/EcclesiaCRM/Base/EventAttend.php(834): EcclesiaCRM\Base\EventAttend->doSave()
#2 /var/www/CRM/src/vendor/propel/propel/src/Propel/Runtime/Connection/TransactionTrait.php(35): EcclesiaCRM\Base\EventAttend->EcclesiaCRM\Base\{closure}()
#3 /var/www/CRM/src/EcclesiaCRM/model/EcclesiaCRM/Base/EventAttend.php(847): Propel\Runtime\Connection\ConnectionWrapper->transaction()
#4 /var/www/CRM/src/EcclesiaCRM/APIControllers/PeopleAttendeesController.php(215): EcclesiaCRM\Base\EventAttend->save()
#5 /var/www/CRM/src/vendor/slim/slim/Slim/Handlers/Strategies/RequestResponse.php(43): EcclesiaCRM\APIControllers\PeopleAttendeesController->addAttendeesPerson()
#6 /var/www/CRM/src/vendor/slim/slim/Slim/Routing/Route.php(384): Slim\Handlers\Strategies\RequestResponse->__invoke()
#7 /var/www/CRM/src/vendor/slim/slim/Slim/MiddlewareDispatcher.php(81): Slim\Routing\Route->handle()
#8 /var/www/CRM/src/vendor/slim/slim/Slim/MiddlewareDispatcher.php(81): Slim\MiddlewareDispatcher->handle()
#9 /var/www/CRM/src/vendor/slim/slim/Slim/Routing/Route.php(341): Slim\MiddlewareDispatcher->handle()
#10 /var/www/CRM/src/vendor/slim/slim/Slim/Routing/RouteRunner.php(84): Slim\Routing\Route->run()
#11 /var/www/CRM/src/EcclesiaCRM/Slim/Middleware/VersionMiddleware.php(17): Slim\Routing\RouteRunner->handle()
#12 /var/www/CRM/src/vendor/slim/slim/Slim/MiddlewareDispatcher.php(313): EcclesiaCRM\Slim\Middleware\VersionMiddleware->__invoke()
#13 /var/www/CRM/src/vendor/tuupola/slim-jwt-auth/src/JwtAuthentication.php(132): Psr\Http\Server\RequestHandlerInterface@anonymous->handle()
#14 /var/www/CRM/src/vendor/slim/slim/Slim/MiddlewareDispatcher.php(147): Tuupola\Middleware\JwtAuthentication->process()
#15 /var/www/CRM/src/vendor/slim/slim/Slim/Middleware/ErrorMiddleware.php(107): Psr\Http\Server\RequestHandlerInterface@anonymous->handle()
#16 /var/www/CRM/src/vendor/slim/slim/Slim/MiddlewareDispatcher.php(147): Slim\Middleware\ErrorMiddleware->process()
#17 /var/www/CRM/src/vendor/slim/slim/Slim/MiddlewareDispatcher.php(81): Psr\Http\Server\RequestHandlerInterface@anonymous->handle()
#18 /var/www/CRM/src/vendor/slim/slim/Slim/App.php(215): Slim\MiddlewareDispatcher->handle()
#19 /var/www/CRM/src/vendor/slim/slim/Slim/App.php(199): Slim\App->handle()
#20 /var/www/CRM/src/api/index.php(135): Slim\App->run()
#21 {main}
Previous Error:
Type: PDOException
Code: 23000
Message: SQLSTATE[23000]: Integrity constraint violation: 1062 Duplicate entry '819-375' for key 'event_attend.event_id'
File: /var/www/CRM/src/vendor/propel/propel/src/Propel/Runtime/Connection/StatementWrapper.php
Line: 215
Trace: #0 /var/www/CRM/src/vendor/propel/propel/src/Propel/Runtime/Connection/StatementWrapper.php(215): PDOStatement->execute()
#1 /var/www/CRM/src/EcclesiaCRM/model/EcclesiaCRM/Base/EventAttend.php(978): Propel\Runtime\Connection\StatementWrapper->execute()
#2 /var/www/CRM/src/EcclesiaCRM/model/EcclesiaCRM/Base/EventAttend.php(889): EcclesiaCRM\Base\EventAttend->doInsert()
#3 /var/www/CRM/src/EcclesiaCRM/model/EcclesiaCRM/Base/EventAttend.php(834): EcclesiaCRM\Base\EventAttend->doSave()
#4 /var/www/CRM/src/vendor/propel/propel/src/Propel/Runtime/Connection/TransactionTrait.php(35): EcclesiaCRM\Base\EventAttend->EcclesiaCRM\Base\{closure}()
#5 /var/www/CRM/src/EcclesiaCRM/model/EcclesiaCRM/Base/EventAttend.php(847): Propel\Runtime\Connection\ConnectionWrapper->transaction()
#6 /var/www/CRM/src/EcclesiaCRM/APIControllers/PeopleAttendeesController.php(215): EcclesiaCRM\Base\EventAttend->save()
#7 /var/www/CRM/src/vendor/slim/slim/Slim/Handlers/Strategies/RequestResponse.php(43): EcclesiaCRM\APIControllers\PeopleAttendeesController->addAttendeesPerson()
#8 /var/www/CRM/src/vendor/slim/slim/Slim/Routing/Route.php(384): Slim\Handlers\Strategies\RequestResponse->__invoke()
#9 /var/www/CRM/src/vendor/slim/slim/Slim/MiddlewareDispatcher.php(81): Slim\Routing\Route->handle()
#10 /var/www/CRM/src/vendor/slim/slim/Slim/MiddlewareDispatcher.php(81): Slim\MiddlewareDispatcher->handle()
#11 /var/www/CRM/src/vendor/slim/slim/Slim/Routing/Route.php(341): Slim\MiddlewareDispatcher->handle()
#12 /var/www/CRM/src/vendor/slim/slim/Slim/Routing/RouteRunner.php(84): Slim\Routing\Route->run()
#13 /var/www/CRM/src/EcclesiaCRM/Slim/Middleware/VersionMiddleware.php(17): Slim\Routing\RouteRunner->handle()
#14 /var/www/CRM/src/vendor/slim/slim/Slim/MiddlewareDispatcher.php(313): EcclesiaCRM\Slim\Middleware\VersionMiddleware->__invoke()
#15 /var/www/CRM/src/vendor/tuupola/slim-jwt-auth/src/JwtAuthentication.php(132): Psr\Http\Server\RequestHandlerInterface@anonymous->handle()
#16 /var/www/CRM/src/vendor/slim/slim/Slim/MiddlewareDispatcher.php(147): Tuupola\Middleware\JwtAuthentication->process()
#17 /var/www/CRM/src/vendor/slim/slim/Slim/Middleware/ErrorMiddleware.php(107): Psr\Http\Server\RequestHandlerInterface@anonymous->handle()
#18 /var/www/CRM/src/vendor/slim/slim/Slim/MiddlewareDispatcher.php(147): Slim\Middleware\ErrorMiddleware->process()
#19 /var/www/CRM/src/vendor/slim/slim/Slim/MiddlewareDispatcher.php(81): Psr\Http\Server\RequestHandlerInterface@anonymous->handle()
#20 /var/www/CRM/src/vendor/slim/slim/Slim/App.php(215): Slim\MiddlewareDispatcher->handle()
#21 /var/www/CRM/src/vendor/slim/slim/Slim/App.php(199): Slim\App->handle()
#22 /var/www/CRM/src/api/index.php(135): Slim\App->run()
#23 {main}
