[23-Aug-2022 20:36:59 Europe/Paris] Slim Application Error
Type: Propel\Runtime\ActiveQuery\QueryExecutor\QueryExecutionException
Code: 0
Message: Unable to execute statement [UPDATE plugin_user_role SET plgn_usr_rl_orientation=:p1 WHERE plugin_user_role.plgn_usr_rl_ID=:p2]
File: /var/www/CRM/src/vendor/propel/propel/src/Propel/Runtime/ActiveQuery/QueryExecutor/AbstractQueryExecutor.php
Line: 136
Trace: #0 /var/www/CRM/src/vendor/propel/propel/src/Propel/Runtime/ActiveQuery/QueryExecutor/AbstractQueryExecutor.php(105): Propel\Runtime\ActiveQuery\QueryExecutor\AbstractQueryExecutor->handleStatementException()
#1 /var/www/CRM/src/vendor/propel/propel/src/Propel/Runtime/ActiveQuery/QueryExecutor/UpdateQueryExecutor.php(67): Propel\Runtime\ActiveQuery\QueryExecutor\AbstractQueryExecutor->executeStatement()
#2 /var/www/CRM/src/vendor/propel/propel/src/Propel/Runtime/ActiveQuery/QueryExecutor/UpdateQueryExecutor.php(28): Propel\Runtime\ActiveQuery\QueryExecutor\UpdateQueryExecutor->runUpdate()
#3 /var/www/CRM/src/vendor/propel/propel/src/Propel/Runtime/ActiveQuery/Criteria.php(2249): Propel\Runtime\ActiveQuery\QueryExecutor\UpdateQueryExecutor::execute()
#4 /var/www/CRM/src/vendor/propel/propel/src/Propel/Runtime/ActiveQuery/ModelCriteria.php(1939): Propel\Runtime\ActiveQuery\Criteria->doUpdate()
#5 /var/www/CRM/src/EcclesiaCRM/model/EcclesiaCRM/Base/PluginUserRole.php(1069): Propel\Runtime\ActiveQuery\ModelCriteria->doUpdate()
#6 /var/www/CRM/src/EcclesiaCRM/model/EcclesiaCRM/Base/PluginUserRole.php(948): EcclesiaCRM\Base\PluginUserRole->doUpdate()
#7 /var/www/CRM/src/EcclesiaCRM/model/EcclesiaCRM/Base/PluginUserRole.php(890): EcclesiaCRM\Base\PluginUserRole->doSave()
#8 /var/www/CRM/src/vendor/propel/propel/src/Propel/Runtime/Connection/TransactionTrait.php(35): EcclesiaCRM\Base\PluginUserRole->EcclesiaCRM\Base\{closure}()
#9 /var/www/CRM/src/EcclesiaCRM/model/EcclesiaCRM/Base/PluginUserRole.php(903): Propel\Runtime\Connection\ConnectionWrapper->transaction()
#10 /var/www/CRM/src/EcclesiaCRM/APIControllers/PluginsController.php(150): EcclesiaCRM\Base\PluginUserRole->save()
#11 /var/www/CRM/src/vendor/slim/slim/Slim/Handlers/Strategies/RequestResponse.php(43): EcclesiaCRM\APIControllers\PluginsController->addDashboardPlaces()
#12 /var/www/CRM/src/vendor/slim/slim/Slim/Routing/Route.php(384): Slim\Handlers\Strategies\RequestResponse->__invoke()
#13 /var/www/CRM/src/vendor/slim/slim/Slim/MiddlewareDispatcher.php(81): Slim\Routing\Route->handle()
#14 /var/www/CRM/src/vendor/slim/slim/Slim/MiddlewareDispatcher.php(81): Slim\MiddlewareDispatcher->handle()
#15 /var/www/CRM/src/vendor/slim/slim/Slim/Routing/Route.php(341): Slim\MiddlewareDispatcher->handle()
#16 /var/www/CRM/src/vendor/slim/slim/Slim/Routing/RouteRunner.php(84): Slim\Routing\Route->run()
#17 /var/www/CRM/src/EcclesiaCRM/Slim/Middleware/VersionMiddleware.php(17): Slim\Routing\RouteRunner->handle()
#18 /var/www/CRM/src/vendor/slim/slim/Slim/MiddlewareDispatcher.php(313): EcclesiaCRM\Slim\Middleware\VersionMiddleware->__invoke()
#19 /var/www/CRM/src/vendor/tuupola/slim-jwt-auth/src/JwtAuthentication.php(132): class@anonymous->handle()
#20 /var/www/CRM/src/vendor/slim/slim/Slim/MiddlewareDispatcher.php(147): Tuupola\Middleware\JwtAuthentication->process()
#21 /var/www/CRM/src/vendor/slim/slim/Slim/Middleware/ErrorMiddleware.php(107): class@anonymous->handle()
#22 /var/www/CRM/src/vendor/slim/slim/Slim/MiddlewareDispatcher.php(147): Slim\Middleware\ErrorMiddleware->process()
#23 /var/www/CRM/src/vendor/slim/slim/Slim/MiddlewareDispatcher.php(81): class@anonymous->handle()
#24 /var/www/CRM/src/vendor/slim/slim/Slim/App.php(215): Slim\MiddlewareDispatcher->handle()
#25 /var/www/CRM/src/vendor/slim/slim/Slim/App.php(199): Slim\App->handle()
#26 /var/www/CRM/src/api/index.php(145): Slim\App->run()
#27 {main}
Previous Error:
Type: PDOException
Code: 01000
Message: SQLSTATE[01000]: Warning: 1265 Data truncated for column 'plgn_usr_rl_orientation' at row 1
File: /var/www/CRM/src/vendor/propel/propel/src/Propel/Runtime/Connection/StatementWrapper.php
Line: 215
Trace: #0 /var/www/CRM/src/vendor/propel/propel/src/Propel/Runtime/Connection/StatementWrapper.php(215): PDOStatement->execute()
#1 /var/www/CRM/src/vendor/propel/propel/src/Propel/Runtime/ActiveQuery/QueryExecutor/AbstractQueryExecutor.php(103): Propel\Runtime\Connection\StatementWrapper->execute()
#2 /var/www/CRM/src/vendor/propel/propel/src/Propel/Runtime/ActiveQuery/QueryExecutor/UpdateQueryExecutor.php(67): Propel\Runtime\ActiveQuery\QueryExecutor\AbstractQueryExecutor->executeStatement()
#3 /var/www/CRM/src/vendor/propel/propel/src/Propel/Runtime/ActiveQuery/QueryExecutor/UpdateQueryExecutor.php(28): Propel\Runtime\ActiveQuery\QueryExecutor\UpdateQueryExecutor->runUpdate()
#4 /var/www/CRM/src/vendor/propel/propel/src/Propel/Runtime/ActiveQuery/Criteria.php(2249): Propel\Runtime\ActiveQuery\QueryExecutor\UpdateQueryExecutor::execute()
#5 /var/www/CRM/src/vendor/propel/propel/src/Propel/Runtime/ActiveQuery/ModelCriteria.php(1939): Propel\Runtime\ActiveQuery\Criteria->doUpdate()
#6 /var/www/CRM/src/EcclesiaCRM/model/EcclesiaCRM/Base/PluginUserRole.php(1069): Propel\Runtime\ActiveQuery\ModelCriteria->doUpdate()
#7 /var/www/CRM/src/EcclesiaCRM/model/EcclesiaCRM/Base/PluginUserRole.php(948): EcclesiaCRM\Base\PluginUserRole->doUpdate()
#8 /var/www/CRM/src/EcclesiaCRM/model/EcclesiaCRM/Base/PluginUserRole.php(890): EcclesiaCRM\Base\PluginUserRole->doSave()
#9 /var/www/CRM/src/vendor/propel/propel/src/Propel/Runtime/Connection/TransactionTrait.php(35): EcclesiaCRM\Base\PluginUserRole->EcclesiaCRM\Base\{closure}()
#10 /var/www/CRM/src/EcclesiaCRM/model/EcclesiaCRM/Base/PluginUserRole.php(903): Propel\Runtime\Connection\ConnectionWrapper->transaction()
#11 /var/www/CRM/src/EcclesiaCRM/APIControllers/PluginsController.php(150): EcclesiaCRM\Base\PluginUserRole->save()
#12 /var/www/CRM/src/vendor/slim/slim/Slim/Handlers/Strategies/RequestResponse.php(43): EcclesiaCRM\APIControllers\PluginsController->addDashboardPlaces()
#13 /var/www/CRM/src/vendor/slim/slim/Slim/Routing/Route.php(384): Slim\Handlers\Strategies\RequestResponse->__invoke()
#14 /var/www/CRM/src/vendor/slim/slim/Slim/MiddlewareDispatcher.php(81): Slim\Routing\Route->handle()
#15 /var/www/CRM/src/vendor/slim/slim/Slim/MiddlewareDispatcher.php(81): Slim\MiddlewareDispatcher->handle()
#16 /var/www/CRM/src/vendor/slim/slim/Slim/Routing/Route.php(341): Slim\MiddlewareDispatcher->handle()
#17 /var/www/CRM/src/vendor/slim/slim/Slim/Routing/RouteRunner.php(84): Slim\Routing\Route->run()
#18 /var/www/CRM/src/EcclesiaCRM/Slim/Middleware/VersionMiddleware.php(17): Slim\Routing\RouteRunner->handle()
#19 /var/www/CRM/src/vendor/slim/slim/Slim/MiddlewareDispatcher.php(313): EcclesiaCRM\Slim\Middleware\VersionMiddleware->__invoke()
#20 /var/www/CRM/src/vendor/tuupola/slim-jwt-auth/src/JwtAuthentication.php(132): class@anonymous->handle()
#21 /var/www/CRM/src/vendor/slim/slim/Slim/MiddlewareDispatcher.php(147): Tuupola\Middleware\JwtAuthentication->process()
#22 /var/www/CRM/src/vendor/slim/slim/Slim/Middleware/ErrorMiddleware.php(107): class@anonymous->handle()
#23 /var/www/CRM/src/vendor/slim/slim/Slim/MiddlewareDispatcher.php(147): Slim\Middleware\ErrorMiddleware->process()
#24 /var/www/CRM/src/vendor/slim/slim/Slim/MiddlewareDispatcher.php(81): class@anonymous->handle()
#25 /var/www/CRM/src/vendor/slim/slim/Slim/App.php(215): Slim\MiddlewareDispatcher->handle()
#26 /var/www/CRM/src/vendor/slim/slim/Slim/App.php(199): Slim\App->handle()
#27 /var/www/CRM/src/api/index.php(145): Slim\App->run()
#28 {main}
[23-Aug-2022 20:37:43 Europe/Paris] Slim Application Error
Type: Propel\Runtime\ActiveQuery\QueryExecutor\QueryExecutionException
Code: 0
Message: Unable to execute statement [UPDATE plugin_user_role SET plgn_usr_rl_orientation=:p1 WHERE plugin_user_role.plgn_usr_rl_ID=:p2]
File: /var/www/CRM/src/vendor/propel/propel/src/Propel/Runtime/ActiveQuery/QueryExecutor/AbstractQueryExecutor.php
Line: 136
Trace: #0 /var/www/CRM/src/vendor/propel/propel/src/Propel/Runtime/ActiveQuery/QueryExecutor/AbstractQueryExecutor.php(105): Propel\Runtime\ActiveQuery\QueryExecutor\AbstractQueryExecutor->handleStatementException()
#1 /var/www/CRM/src/vendor/propel/propel/src/Propel/Runtime/ActiveQuery/QueryExecutor/UpdateQueryExecutor.php(67): Propel\Runtime\ActiveQuery\QueryExecutor\AbstractQueryExecutor->executeStatement()
#2 /var/www/CRM/src/vendor/propel/propel/src/Propel/Runtime/ActiveQuery/QueryExecutor/UpdateQueryExecutor.php(28): Propel\Runtime\ActiveQuery\QueryExecutor\UpdateQueryExecutor->runUpdate()
#3 /var/www/CRM/src/vendor/propel/propel/src/Propel/Runtime/ActiveQuery/Criteria.php(2249): Propel\Runtime\ActiveQuery\QueryExecutor\UpdateQueryExecutor::execute()
#4 /var/www/CRM/src/vendor/propel/propel/src/Propel/Runtime/ActiveQuery/ModelCriteria.php(1939): Propel\Runtime\ActiveQuery\Criteria->doUpdate()
#5 /var/www/CRM/src/EcclesiaCRM/model/EcclesiaCRM/Base/PluginUserRole.php(1069): Propel\Runtime\ActiveQuery\ModelCriteria->doUpdate()
#6 /var/www/CRM/src/EcclesiaCRM/model/EcclesiaCRM/Base/PluginUserRole.php(948): EcclesiaCRM\Base\PluginUserRole->doUpdate()
#7 /var/www/CRM/src/EcclesiaCRM/model/EcclesiaCRM/Base/PluginUserRole.php(890): EcclesiaCRM\Base\PluginUserRole->doSave()
#8 /var/www/CRM/src/vendor/propel/propel/src/Propel/Runtime/Connection/TransactionTrait.php(35): EcclesiaCRM\Base\PluginUserRole->EcclesiaCRM\Base\{closure}()
#9 /var/www/CRM/src/EcclesiaCRM/model/EcclesiaCRM/Base/PluginUserRole.php(903): Propel\Runtime\Connection\ConnectionWrapper->transaction()
#10 /var/www/CRM/src/EcclesiaCRM/APIControllers/PluginsController.php(150): EcclesiaCRM\Base\PluginUserRole->save()
#11 /var/www/CRM/src/vendor/slim/slim/Slim/Handlers/Strategies/RequestResponse.php(43): EcclesiaCRM\APIControllers\PluginsController->addDashboardPlaces()
#12 /var/www/CRM/src/vendor/slim/slim/Slim/Routing/Route.php(384): Slim\Handlers\Strategies\RequestResponse->__invoke()
#13 /var/www/CRM/src/vendor/slim/slim/Slim/MiddlewareDispatcher.php(81): Slim\Routing\Route->handle()
#14 /var/www/CRM/src/vendor/slim/slim/Slim/MiddlewareDispatcher.php(81): Slim\MiddlewareDispatcher->handle()
#15 /var/www/CRM/src/vendor/slim/slim/Slim/Routing/Route.php(341): Slim\MiddlewareDispatcher->handle()
#16 /var/www/CRM/src/vendor/slim/slim/Slim/Routing/RouteRunner.php(84): Slim\Routing\Route->run()
#17 /var/www/CRM/src/EcclesiaCRM/Slim/Middleware/VersionMiddleware.php(17): Slim\Routing\RouteRunner->handle()
#18 /var/www/CRM/src/vendor/slim/slim/Slim/MiddlewareDispatcher.php(313): EcclesiaCRM\Slim\Middleware\VersionMiddleware->__invoke()
#19 /var/www/CRM/src/vendor/tuupola/slim-jwt-auth/src/JwtAuthentication.php(132): class@anonymous->handle()
#20 /var/www/CRM/src/vendor/slim/slim/Slim/MiddlewareDispatcher.php(147): Tuupola\Middleware\JwtAuthentication->process()
#21 /var/www/CRM/src/vendor/slim/slim/Slim/Middleware/ErrorMiddleware.php(107): class@anonymous->handle()
#22 /var/www/CRM/src/vendor/slim/slim/Slim/MiddlewareDispatcher.php(147): Slim\Middleware\ErrorMiddleware->process()
#23 /var/www/CRM/src/vendor/slim/slim/Slim/MiddlewareDispatcher.php(81): class@anonymous->handle()
#24 /var/www/CRM/src/vendor/slim/slim/Slim/App.php(215): Slim\MiddlewareDispatcher->handle()
#25 /var/www/CRM/src/vendor/slim/slim/Slim/App.php(199): Slim\App->handle()
#26 /var/www/CRM/src/api/index.php(145): Slim\App->run()
#27 {main}
Previous Error:
Type: PDOException
Code: 01000
Message: SQLSTATE[01000]: Warning: 1265 Data truncated for column 'plgn_usr_rl_orientation' at row 1
File: /var/www/CRM/src/vendor/propel/propel/src/Propel/Runtime/Connection/StatementWrapper.php
Line: 215
Trace: #0 /var/www/CRM/src/vendor/propel/propel/src/Propel/Runtime/Connection/StatementWrapper.php(215): PDOStatement->execute()
#1 /var/www/CRM/src/vendor/propel/propel/src/Propel/Runtime/ActiveQuery/QueryExecutor/AbstractQueryExecutor.php(103): Propel\Runtime\Connection\StatementWrapper->execute()
#2 /var/www/CRM/src/vendor/propel/propel/src/Propel/Runtime/ActiveQuery/QueryExecutor/UpdateQueryExecutor.php(67): Propel\Runtime\ActiveQuery\QueryExecutor\AbstractQueryExecutor->executeStatement()
#3 /var/www/CRM/src/vendor/propel/propel/src/Propel/Runtime/ActiveQuery/QueryExecutor/UpdateQueryExecutor.php(28): Propel\Runtime\ActiveQuery\QueryExecutor\UpdateQueryExecutor->runUpdate()
#4 /var/www/CRM/src/vendor/propel/propel/src/Propel/Runtime/ActiveQuery/Criteria.php(2249): Propel\Runtime\ActiveQuery\QueryExecutor\UpdateQueryExecutor::execute()
#5 /var/www/CRM/src/vendor/propel/propel/src/Propel/Runtime/ActiveQuery/ModelCriteria.php(1939): Propel\Runtime\ActiveQuery\Criteria->doUpdate()
#6 /var/www/CRM/src/EcclesiaCRM/model/EcclesiaCRM/Base/PluginUserRole.php(1069): Propel\Runtime\ActiveQuery\ModelCriteria->doUpdate()
#7 /var/www/CRM/src/EcclesiaCRM/model/EcclesiaCRM/Base/PluginUserRole.php(948): EcclesiaCRM\Base\PluginUserRole->doUpdate()
#8 /var/www/CRM/src/EcclesiaCRM/model/EcclesiaCRM/Base/PluginUserRole.php(890): EcclesiaCRM\Base\PluginUserRole->doSave()
#9 /var/www/CRM/src/vendor/propel/propel/src/Propel/Runtime/Connection/TransactionTrait.php(35): EcclesiaCRM\Base\PluginUserRole->EcclesiaCRM\Base\{closure}()
#10 /var/www/CRM/src/EcclesiaCRM/model/EcclesiaCRM/Base/PluginUserRole.php(903): Propel\Runtime\Connection\ConnectionWrapper->transaction()
#11 /var/www/CRM/src/EcclesiaCRM/APIControllers/PluginsController.php(150): EcclesiaCRM\Base\PluginUserRole->save()
#12 /var/www/CRM/src/vendor/slim/slim/Slim/Handlers/Strategies/RequestResponse.php(43): EcclesiaCRM\APIControllers\PluginsController->addDashboardPlaces()
#13 /var/www/CRM/src/vendor/slim/slim/Slim/Routing/Route.php(384): Slim\Handlers\Strategies\RequestResponse->__invoke()
#14 /var/www/CRM/src/vendor/slim/slim/Slim/MiddlewareDispatcher.php(81): Slim\Routing\Route->handle()
#15 /var/www/CRM/src/vendor/slim/slim/Slim/MiddlewareDispatcher.php(81): Slim\MiddlewareDispatcher->handle()
#16 /var/www/CRM/src/vendor/slim/slim/Slim/Routing/Route.php(341): Slim\MiddlewareDispatcher->handle()
#17 /var/www/CRM/src/vendor/slim/slim/Slim/Routing/RouteRunner.php(84): Slim\Routing\Route->run()
#18 /var/www/CRM/src/EcclesiaCRM/Slim/Middleware/VersionMiddleware.php(17): Slim\Routing\RouteRunner->handle()
#19 /var/www/CRM/src/vendor/slim/slim/Slim/MiddlewareDispatcher.php(313): EcclesiaCRM\Slim\Middleware\VersionMiddleware->__invoke()
#20 /var/www/CRM/src/vendor/tuupola/slim-jwt-auth/src/JwtAuthentication.php(132): class@anonymous->handle()
#21 /var/www/CRM/src/vendor/slim/slim/Slim/MiddlewareDispatcher.php(147): Tuupola\Middleware\JwtAuthentication->process()
#22 /var/www/CRM/src/vendor/slim/slim/Slim/Middleware/ErrorMiddleware.php(107): class@anonymous->handle()
#23 /var/www/CRM/src/vendor/slim/slim/Slim/MiddlewareDispatcher.php(147): Slim\Middleware\ErrorMiddleware->process()
#24 /var/www/CRM/src/vendor/slim/slim/Slim/MiddlewareDispatcher.php(81): class@anonymous->handle()
#25 /var/www/CRM/src/vendor/slim/slim/Slim/App.php(215): Slim\MiddlewareDispatcher->handle()
#26 /var/www/CRM/src/vendor/slim/slim/Slim/App.php(199): Slim\App->handle()
#27 /var/www/CRM/src/api/index.php(145): Slim\App->run()
#28 {main}
[23-Aug-2022 20:45:10 Europe/Paris] Slim Application Error
Type: Propel\Runtime\ActiveQuery\Exception\UnknownColumnException
Code: 0
Message: Unknown column DashboardOrientation in model EcclesiaCRM\Plugin
File: /var/www/CRM/src/vendor/propel/propel/src/Propel/Runtime/ActiveQuery/ModelCriteria.php
Line: 2307
Trace: #0 /var/www/CRM/src/vendor/propel/propel/src/Propel/Runtime/ActiveQuery/ModelCriteria.php(148): Propel\Runtime\ActiveQuery\ModelCriteria->getRealColumnName()
#1 /var/www/CRM/src/vendor/propel/propel/src/Propel/Runtime/ActiveQuery/ModelCriteria.php(2426): Propel\Runtime\ActiveQuery\ModelCriteria->filterBy()
#2 /var/www/CRM/src/v2/templates/dashboard/maindashboardnew.php(251): Propel\Runtime\ActiveQuery\ModelCriteria->__call()
#3 /var/www/CRM/src/vendor/slim/php-view/src/PhpRenderer.php(188): include('/var/www/CRM/sr...')
#4 /var/www/CRM/src/vendor/slim/php-view/src/PhpRenderer.php(169): Slim\Views\PhpRenderer->protectedIncludeScope()
#5 /var/www/CRM/src/vendor/slim/php-view/src/PhpRenderer.php(62): Slim\Views\PhpRenderer->fetch()
#6 /var/www/CRM/src/EcclesiaCRM/VIEWControllers/VIEWDashboardController.php(52): Slim\Views\PhpRenderer->render()
#7 /var/www/CRM/src/vendor/slim/slim/Slim/Handlers/Strategies/RequestResponse.php(43): EcclesiaCRM\VIEWControllers\VIEWDashboardController->renderDashboardNew()
#8 /var/www/CRM/src/vendor/slim/slim/Slim/Routing/Route.php(384): Slim\Handlers\Strategies\RequestResponse->__invoke()
#9 /var/www/CRM/src/vendor/slim/slim/Slim/MiddlewareDispatcher.php(81): Slim\Routing\Route->handle()
#10 /var/www/CRM/src/vendor/slim/slim/Slim/MiddlewareDispatcher.php(81): Slim\MiddlewareDispatcher->handle()
#11 /var/www/CRM/src/vendor/slim/slim/Slim/Routing/Route.php(341): Slim\MiddlewareDispatcher->handle()
#12 /var/www/CRM/src/vendor/slim/slim/Slim/Routing/RouteRunner.php(84): Slim\Routing\Route->run()
#13 /var/www/CRM/src/vendor/slim/http-cache/src/Cache.php(67): Slim\Routing\RouteRunner->handle()
#14 /var/www/CRM/src/vendor/slim/slim/Slim/MiddlewareDispatcher.php(147): Slim\HttpCache\Cache->process()
#15 /var/www/CRM/src/EcclesiaCRM/Slim/Middleware/VersionMiddleware.php(17): class@anonymous->handle()
#16 /var/www/CRM/src/vendor/slim/slim/Slim/MiddlewareDispatcher.php(313): EcclesiaCRM\Slim\Middleware\VersionMiddleware->__invoke()
#17 /var/www/CRM/src/vendor/tuupola/slim-jwt-auth/src/JwtAuthentication.php(132): class@anonymous->handle()
#18 /var/www/CRM/src/vendor/slim/slim/Slim/MiddlewareDispatcher.php(147): Tuupola\Middleware\JwtAuthentication->process()
#19 /var/www/CRM/src/vendor/slim/slim/Slim/Middleware/ErrorMiddleware.php(107): class@anonymous->handle()
#20 /var/www/CRM/src/vendor/slim/slim/Slim/MiddlewareDispatcher.php(147): Slim\Middleware\ErrorMiddleware->process()
#21 /var/www/CRM/src/vendor/slim/slim/Slim/MiddlewareDispatcher.php(81): class@anonymous->handle()
#22 /var/www/CRM/src/vendor/slim/slim/Slim/App.php(215): Slim\MiddlewareDispatcher->handle()
#23 /var/www/CRM/src/vendor/slim/slim/Slim/App.php(199): Slim\App->handle()
#24 /var/www/CRM/src/v2/index.php(124): Slim\App->run()
#25 {main}
[23-Aug-2022 20:48:56 Europe/Paris] Slim Application Error
Type: Propel\Runtime\ActiveQuery\Exception\UnknownColumnException
Code: 0
Message: Unknown column &quot;place&quot; on model, alias or table &quot;EcclesiaCRM\Plugin&quot;
File: /var/www/CRM/src/vendor/propel/propel/src/Propel/Runtime/ActiveQuery/ModelCriteria.php
Line: 2178
Trace: #0 /var/www/CRM/src/vendor/propel/propel/src/Propel/Runtime/ActiveQuery/ModelCriteria.php(311): Propel\Runtime\ActiveQuery\ModelCriteria->getColumnFromName()
#1 /var/www/CRM/src/v2/templates/dashboard/maindashboardnew.php(254): Propel\Runtime\ActiveQuery\ModelCriteria->orderBy()
#2 /var/www/CRM/src/vendor/slim/php-view/src/PhpRenderer.php(188): include('/var/www/CRM/sr...')
#3 /var/www/CRM/src/vendor/slim/php-view/src/PhpRenderer.php(169): Slim\Views\PhpRenderer->protectedIncludeScope()
#4 /var/www/CRM/src/vendor/slim/php-view/src/PhpRenderer.php(62): Slim\Views\PhpRenderer->fetch()
#5 /var/www/CRM/src/EcclesiaCRM/VIEWControllers/VIEWDashboardController.php(52): Slim\Views\PhpRenderer->render()
#6 /var/www/CRM/src/vendor/slim/slim/Slim/Handlers/Strategies/RequestResponse.php(43): EcclesiaCRM\VIEWControllers\VIEWDashboardController->renderDashboardNew()
#7 /var/www/CRM/src/vendor/slim/slim/Slim/Routing/Route.php(384): Slim\Handlers\Strategies\RequestResponse->__invoke()
#8 /var/www/CRM/src/vendor/slim/slim/Slim/MiddlewareDispatcher.php(81): Slim\Routing\Route->handle()
#9 /var/www/CRM/src/vendor/slim/slim/Slim/MiddlewareDispatcher.php(81): Slim\MiddlewareDispatcher->handle()
#10 /var/www/CRM/src/vendor/slim/slim/Slim/Routing/Route.php(341): Slim\MiddlewareDispatcher->handle()
#11 /var/www/CRM/src/vendor/slim/slim/Slim/Routing/RouteRunner.php(84): Slim\Routing\Route->run()
#12 /var/www/CRM/src/vendor/slim/http-cache/src/Cache.php(67): Slim\Routing\RouteRunner->handle()
#13 /var/www/CRM/src/vendor/slim/slim/Slim/MiddlewareDispatcher.php(147): Slim\HttpCache\Cache->process()
#14 /var/www/CRM/src/EcclesiaCRM/Slim/Middleware/VersionMiddleware.php(17): class@anonymous->handle()
#15 /var/www/CRM/src/vendor/slim/slim/Slim/MiddlewareDispatcher.php(313): EcclesiaCRM\Slim\Middleware\VersionMiddleware->__invoke()
#16 /var/www/CRM/src/vendor/tuupola/slim-jwt-auth/src/JwtAuthentication.php(132): class@anonymous->handle()
#17 /var/www/CRM/src/vendor/slim/slim/Slim/MiddlewareDispatcher.php(147): Tuupola\Middleware\JwtAuthentication->process()
#18 /var/www/CRM/src/vendor/slim/slim/Slim/Middleware/ErrorMiddleware.php(107): class@anonymous->handle()
#19 /var/www/CRM/src/vendor/slim/slim/Slim/MiddlewareDispatcher.php(147): Slim\Middleware\ErrorMiddleware->process()
#20 /var/www/CRM/src/vendor/slim/slim/Slim/MiddlewareDispatcher.php(81): class@anonymous->handle()
#21 /var/www/CRM/src/vendor/slim/slim/Slim/App.php(215): Slim\MiddlewareDispatcher->handle()
#22 /var/www/CRM/src/vendor/slim/slim/Slim/App.php(199): Slim\App->handle()
#23 /var/www/CRM/src/v2/index.php(124): Slim\App->run()
#24 {main}
[23-Aug-2022 20:49:12 Europe/Paris] Slim Application Error
Type: Propel\Runtime\ActiveQuery\Exception\UnknownColumnException
Code: 0
Message: Unknown column &quot;place1&quot; on model, alias or table &quot;EcclesiaCRM\Plugin&quot;
File: /var/www/CRM/src/vendor/propel/propel/src/Propel/Runtime/ActiveQuery/ModelCriteria.php
Line: 2178
Trace: #0 /var/www/CRM/src/vendor/propel/propel/src/Propel/Runtime/ActiveQuery/ModelCriteria.php(311): Propel\Runtime\ActiveQuery\ModelCriteria->getColumnFromName()
#1 /var/www/CRM/src/v2/templates/dashboard/maindashboardnew.php(254): Propel\Runtime\ActiveQuery\ModelCriteria->orderBy()
#2 /var/www/CRM/src/vendor/slim/php-view/src/PhpRenderer.php(188): include('/var/www/CRM/sr...')
#3 /var/www/CRM/src/vendor/slim/php-view/src/PhpRenderer.php(169): Slim\Views\PhpRenderer->protectedIncludeScope()
#4 /var/www/CRM/src/vendor/slim/php-view/src/PhpRenderer.php(62): Slim\Views\PhpRenderer->fetch()
#5 /var/www/CRM/src/EcclesiaCRM/VIEWControllers/VIEWDashboardController.php(52): Slim\Views\PhpRenderer->render()
#6 /var/www/CRM/src/vendor/slim/slim/Slim/Handlers/Strategies/RequestResponse.php(43): EcclesiaCRM\VIEWControllers\VIEWDashboardController->renderDashboardNew()
#7 /var/www/CRM/src/vendor/slim/slim/Slim/Routing/Route.php(384): Slim\Handlers\Strategies\RequestResponse->__invoke()
#8 /var/www/CRM/src/vendor/slim/slim/Slim/MiddlewareDispatcher.php(81): Slim\Routing\Route->handle()
#9 /var/www/CRM/src/vendor/slim/slim/Slim/MiddlewareDispatcher.php(81): Slim\MiddlewareDispatcher->handle()
#10 /var/www/CRM/src/vendor/slim/slim/Slim/Routing/Route.php(341): Slim\MiddlewareDispatcher->handle()
#11 /var/www/CRM/src/vendor/slim/slim/Slim/Routing/RouteRunner.php(84): Slim\Routing\Route->run()
#12 /var/www/CRM/src/vendor/slim/http-cache/src/Cache.php(67): Slim\Routing\RouteRunner->handle()
#13 /var/www/CRM/src/vendor/slim/slim/Slim/MiddlewareDispatcher.php(147): Slim\HttpCache\Cache->process()
#14 /var/www/CRM/src/EcclesiaCRM/Slim/Middleware/VersionMiddleware.php(17): class@anonymous->handle()
#15 /var/www/CRM/src/vendor/slim/slim/Slim/MiddlewareDispatcher.php(313): EcclesiaCRM\Slim\Middleware\VersionMiddleware->__invoke()
#16 /var/www/CRM/src/vendor/tuupola/slim-jwt-auth/src/JwtAuthentication.php(132): class@anonymous->handle()
#17 /var/www/CRM/src/vendor/slim/slim/Slim/MiddlewareDispatcher.php(147): Tuupola\Middleware\JwtAuthentication->process()
#18 /var/www/CRM/src/vendor/slim/slim/Slim/Middleware/ErrorMiddleware.php(107): class@anonymous->handle()
#19 /var/www/CRM/src/vendor/slim/slim/Slim/MiddlewareDispatcher.php(147): Slim\Middleware\ErrorMiddleware->process()
#20 /var/www/CRM/src/vendor/slim/slim/Slim/MiddlewareDispatcher.php(81): class@anonymous->handle()
#21 /var/www/CRM/src/vendor/slim/slim/Slim/App.php(215): Slim\MiddlewareDispatcher->handle()
#22 /var/www/CRM/src/vendor/slim/slim/Slim/App.php(199): Slim\App->handle()
#23 /var/www/CRM/src/v2/index.php(124): Slim\App->run()
#24 {main}
[23-Aug-2022 20:52:35 Europe/Paris] Slim Application Error
Type: ParseError
Code: 0
Message: syntax error, unexpected 'usePluginUserRoleExistsQuery' (T_STRING)
File: /var/www/CRM/src/v2/templates/dashboard/maindashboardnew.php
Line: 250
Trace: #0 /var/www/CRM/src/vendor/slim/php-view/src/PhpRenderer.php(169): Slim\Views\PhpRenderer->protectedIncludeScope()
#1 /var/www/CRM/src/vendor/slim/php-view/src/PhpRenderer.php(62): Slim\Views\PhpRenderer->fetch()
#2 /var/www/CRM/src/EcclesiaCRM/VIEWControllers/VIEWDashboardController.php(52): Slim\Views\PhpRenderer->render()
#3 /var/www/CRM/src/vendor/slim/slim/Slim/Handlers/Strategies/RequestResponse.php(43): EcclesiaCRM\VIEWControllers\VIEWDashboardController->renderDashboardNew()
#4 /var/www/CRM/src/vendor/slim/slim/Slim/Routing/Route.php(384): Slim\Handlers\Strategies\RequestResponse->__invoke()
#5 /var/www/CRM/src/vendor/slim/slim/Slim/MiddlewareDispatcher.php(81): Slim\Routing\Route->handle()
#6 /var/www/CRM/src/vendor/slim/slim/Slim/MiddlewareDispatcher.php(81): Slim\MiddlewareDispatcher->handle()
#7 /var/www/CRM/src/vendor/slim/slim/Slim/Routing/Route.php(341): Slim\MiddlewareDispatcher->handle()
#8 /var/www/CRM/src/vendor/slim/slim/Slim/Routing/RouteRunner.php(84): Slim\Routing\Route->run()
#9 /var/www/CRM/src/vendor/slim/http-cache/src/Cache.php(67): Slim\Routing\RouteRunner->handle()
#10 /var/www/CRM/src/vendor/slim/slim/Slim/MiddlewareDispatcher.php(147): Slim\HttpCache\Cache->process()
#11 /var/www/CRM/src/EcclesiaCRM/Slim/Middleware/VersionMiddleware.php(17): class@anonymous->handle()
#12 /var/www/CRM/src/vendor/slim/slim/Slim/MiddlewareDispatcher.php(313): EcclesiaCRM\Slim\Middleware\VersionMiddleware->__invoke()
#13 /var/www/CRM/src/vendor/tuupola/slim-jwt-auth/src/JwtAuthentication.php(132): class@anonymous->handle()
#14 /var/www/CRM/src/vendor/slim/slim/Slim/MiddlewareDispatcher.php(147): Tuupola\Middleware\JwtAuthentication->process()
#15 /var/www/CRM/src/vendor/slim/slim/Slim/Middleware/ErrorMiddleware.php(107): class@anonymous->handle()
#16 /var/www/CRM/src/vendor/slim/slim/Slim/MiddlewareDispatcher.php(147): Slim\Middleware\ErrorMiddleware->process()
#17 /var/www/CRM/src/vendor/slim/slim/Slim/MiddlewareDispatcher.php(81): class@anonymous->handle()
#18 /var/www/CRM/src/vendor/slim/slim/Slim/App.php(215): Slim\MiddlewareDispatcher->handle()
#19 /var/www/CRM/src/vendor/slim/slim/Slim/App.php(199): Slim\App->handle()
#20 /var/www/CRM/src/v2/index.php(124): Slim\App->run()
#21 {main}
[23-Aug-2022 20:52:48 Europe/Paris] Slim Application Error
Type: ParseError
Code: 0
Message: syntax error, unexpected 'usePluginUserRoleExistsQuery' (T_STRING)
File: /var/www/CRM/src/v2/templates/dashboard/maindashboardnew.php
Line: 250
Trace: #0 /var/www/CRM/src/vendor/slim/php-view/src/PhpRenderer.php(169): Slim\Views\PhpRenderer->protectedIncludeScope()
#1 /var/www/CRM/src/vendor/slim/php-view/src/PhpRenderer.php(62): Slim\Views\PhpRenderer->fetch()
#2 /var/www/CRM/src/EcclesiaCRM/VIEWControllers/VIEWDashboardController.php(52): Slim\Views\PhpRenderer->render()
#3 /var/www/CRM/src/vendor/slim/slim/Slim/Handlers/Strategies/RequestResponse.php(43): EcclesiaCRM\VIEWControllers\VIEWDashboardController->renderDashboardNew()
#4 /var/www/CRM/src/vendor/slim/slim/Slim/Routing/Route.php(384): Slim\Handlers\Strategies\RequestResponse->__invoke()
#5 /var/www/CRM/src/vendor/slim/slim/Slim/MiddlewareDispatcher.php(81): Slim\Routing\Route->handle()
#6 /var/www/CRM/src/vendor/slim/slim/Slim/MiddlewareDispatcher.php(81): Slim\MiddlewareDispatcher->handle()
#7 /var/www/CRM/src/vendor/slim/slim/Slim/Routing/Route.php(341): Slim\MiddlewareDispatcher->handle()
#8 /var/www/CRM/src/vendor/slim/slim/Slim/Routing/RouteRunner.php(84): Slim\Routing\Route->run()
#9 /var/www/CRM/src/vendor/slim/http-cache/src/Cache.php(67): Slim\Routing\RouteRunner->handle()
#10 /var/www/CRM/src/vendor/slim/slim/Slim/MiddlewareDispatcher.php(147): Slim\HttpCache\Cache->process()
#11 /var/www/CRM/src/EcclesiaCRM/Slim/Middleware/VersionMiddleware.php(17): class@anonymous->handle()
#12 /var/www/CRM/src/vendor/slim/slim/Slim/MiddlewareDispatcher.php(313): EcclesiaCRM\Slim\Middleware\VersionMiddleware->__invoke()
#13 /var/www/CRM/src/vendor/tuupola/slim-jwt-auth/src/JwtAuthentication.php(132): class@anonymous->handle()
#14 /var/www/CRM/src/vendor/slim/slim/Slim/MiddlewareDispatcher.php(147): Tuupola\Middleware\JwtAuthentication->process()
#15 /var/www/CRM/src/vendor/slim/slim/Slim/Middleware/ErrorMiddleware.php(107): class@anonymous->handle()
#16 /var/www/CRM/src/vendor/slim/slim/Slim/MiddlewareDispatcher.php(147): Slim\Middleware\ErrorMiddleware->process()
#17 /var/www/CRM/src/vendor/slim/slim/Slim/MiddlewareDispatcher.php(81): class@anonymous->handle()
#18 /var/www/CRM/src/vendor/slim/slim/Slim/App.php(215): Slim\MiddlewareDispatcher->handle()
#19 /var/www/CRM/src/vendor/slim/slim/Slim/App.php(199): Slim\App->handle()
#20 /var/www/CRM/src/v2/index.php(124): Slim\App->run()
#21 {main}
[23-Aug-2022 20:53:45 Europe/Paris] Slim Application Error
Type: Propel\Runtime\ActiveQuery\Exception\UnknownColumnException
Code: 0
Message: Unknown column DashboardOrientation in model EcclesiaCRM\Plugin
File: /var/www/CRM/src/vendor/propel/propel/src/Propel/Runtime/ActiveQuery/ModelCriteria.php
Line: 2307
Trace: #0 /var/www/CRM/src/vendor/propel/propel/src/Propel/Runtime/ActiveQuery/ModelCriteria.php(148): Propel\Runtime\ActiveQuery\ModelCriteria->getRealColumnName()
#1 /var/www/CRM/src/vendor/propel/propel/src/Propel/Runtime/ActiveQuery/ModelCriteria.php(2426): Propel\Runtime\ActiveQuery\ModelCriteria->filterBy()
#2 /var/www/CRM/src/v2/templates/dashboard/maindashboardnew.php(252): Propel\Runtime\ActiveQuery\ModelCriteria->__call()
#3 /var/www/CRM/src/vendor/slim/php-view/src/PhpRenderer.php(188): include('/var/www/CRM/sr...')
#4 /var/www/CRM/src/vendor/slim/php-view/src/PhpRenderer.php(169): Slim\Views\PhpRenderer->protectedIncludeScope()
#5 /var/www/CRM/src/vendor/slim/php-view/src/PhpRenderer.php(62): Slim\Views\PhpRenderer->fetch()
#6 /var/www/CRM/src/EcclesiaCRM/VIEWControllers/VIEWDashboardController.php(52): Slim\Views\PhpRenderer->render()
#7 /var/www/CRM/src/vendor/slim/slim/Slim/Handlers/Strategies/RequestResponse.php(43): EcclesiaCRM\VIEWControllers\VIEWDashboardController->renderDashboardNew()
#8 /var/www/CRM/src/vendor/slim/slim/Slim/Routing/Route.php(384): Slim\Handlers\Strategies\RequestResponse->__invoke()
#9 /var/www/CRM/src/vendor/slim/slim/Slim/MiddlewareDispatcher.php(81): Slim\Routing\Route->handle()
#10 /var/www/CRM/src/vendor/slim/slim/Slim/MiddlewareDispatcher.php(81): Slim\MiddlewareDispatcher->handle()
#11 /var/www/CRM/src/vendor/slim/slim/Slim/Routing/Route.php(341): Slim\MiddlewareDispatcher->handle()
#12 /var/www/CRM/src/vendor/slim/slim/Slim/Routing/RouteRunner.php(84): Slim\Routing\Route->run()
#13 /var/www/CRM/src/vendor/slim/http-cache/src/Cache.php(67): Slim\Routing\RouteRunner->handle()
#14 /var/www/CRM/src/vendor/slim/slim/Slim/MiddlewareDispatcher.php(147): Slim\HttpCache\Cache->process()
#15 /var/www/CRM/src/EcclesiaCRM/Slim/Middleware/VersionMiddleware.php(17): class@anonymous->handle()
#16 /var/www/CRM/src/vendor/slim/slim/Slim/MiddlewareDispatcher.php(313): EcclesiaCRM\Slim\Middleware\VersionMiddleware->__invoke()
#17 /var/www/CRM/src/vendor/tuupola/slim-jwt-auth/src/JwtAuthentication.php(132): class@anonymous->handle()
#18 /var/www/CRM/src/vendor/slim/slim/Slim/MiddlewareDispatcher.php(147): Tuupola\Middleware\JwtAuthentication->process()
#19 /var/www/CRM/src/vendor/slim/slim/Slim/Middleware/ErrorMiddleware.php(107): class@anonymous->handle()
#20 /var/www/CRM/src/vendor/slim/slim/Slim/MiddlewareDispatcher.php(147): Slim\Middleware\ErrorMiddleware->process()
#21 /var/www/CRM/src/vendor/slim/slim/Slim/MiddlewareDispatcher.php(81): class@anonymous->handle()
#22 /var/www/CRM/src/vendor/slim/slim/Slim/App.php(215): Slim\MiddlewareDispatcher->handle()
#23 /var/www/CRM/src/vendor/slim/slim/Slim/App.php(199): Slim\App->handle()
#24 /var/www/CRM/src/v2/index.php(124): Slim\App->run()
#25 {main}
[23-Aug-2022 20:56:28 Europe/Paris] Slim Application Error
Type: Propel\Runtime\ActiveQuery\Exception\UnknownColumnException
Code: 0
Message: Unknown column DashboardOrientation in model EcclesiaCRM\Plugin
File: /var/www/CRM/src/vendor/propel/propel/src/Propel/Runtime/ActiveQuery/ModelCriteria.php
Line: 2307
Trace: #0 /var/www/CRM/src/vendor/propel/propel/src/Propel/Runtime/ActiveQuery/ModelCriteria.php(148): Propel\Runtime\ActiveQuery\ModelCriteria->getRealColumnName()
#1 /var/www/CRM/src/vendor/propel/propel/src/Propel/Runtime/ActiveQuery/ModelCriteria.php(2426): Propel\Runtime\ActiveQuery\ModelCriteria->filterBy()
#2 /var/www/CRM/src/v2/templates/dashboard/maindashboardnew.php(252): Propel\Runtime\ActiveQuery\ModelCriteria->__call()
#3 /var/www/CRM/src/vendor/slim/php-view/src/PhpRenderer.php(188): include('/var/www/CRM/sr...')
#4 /var/www/CRM/src/vendor/slim/php-view/src/PhpRenderer.php(169): Slim\Views\PhpRenderer->protectedIncludeScope()
#5 /var/www/CRM/src/vendor/slim/php-view/src/PhpRenderer.php(62): Slim\Views\PhpRenderer->fetch()
#6 /var/www/CRM/src/EcclesiaCRM/VIEWControllers/VIEWDashboardController.php(52): Slim\Views\PhpRenderer->render()
#7 /var/www/CRM/src/vendor/slim/slim/Slim/Handlers/Strategies/RequestResponse.php(43): EcclesiaCRM\VIEWControllers\VIEWDashboardController->renderDashboardNew()
#8 /var/www/CRM/src/vendor/slim/slim/Slim/Routing/Route.php(384): Slim\Handlers\Strategies\RequestResponse->__invoke()
#9 /var/www/CRM/src/vendor/slim/slim/Slim/MiddlewareDispatcher.php(81): Slim\Routing\Route->handle()
#10 /var/www/CRM/src/vendor/slim/slim/Slim/MiddlewareDispatcher.php(81): Slim\MiddlewareDispatcher->handle()
#11 /var/www/CRM/src/vendor/slim/slim/Slim/Routing/Route.php(341): Slim\MiddlewareDispatcher->handle()
#12 /var/www/CRM/src/vendor/slim/slim/Slim/Routing/RouteRunner.php(84): Slim\Routing\Route->run()
#13 /var/www/CRM/src/vendor/slim/http-cache/src/Cache.php(67): Slim\Routing\RouteRunner->handle()
#14 /var/www/CRM/src/vendor/slim/slim/Slim/MiddlewareDispatcher.php(147): Slim\HttpCache\Cache->process()
#15 /var/www/CRM/src/EcclesiaCRM/Slim/Middleware/VersionMiddleware.php(17): class@anonymous->handle()
#16 /var/www/CRM/src/vendor/slim/slim/Slim/MiddlewareDispatcher.php(313): EcclesiaCRM\Slim\Middleware\VersionMiddleware->__invoke()
#17 /var/www/CRM/src/vendor/tuupola/slim-jwt-auth/src/JwtAuthentication.php(132): class@anonymous->handle()
#18 /var/www/CRM/src/vendor/slim/slim/Slim/MiddlewareDispatcher.php(147): Tuupola\Middleware\JwtAuthentication->process()
#19 /var/www/CRM/src/vendor/slim/slim/Slim/Middleware/ErrorMiddleware.php(107): class@anonymous->handle()
#20 /var/www/CRM/src/vendor/slim/slim/Slim/MiddlewareDispatcher.php(147): Slim\Middleware\ErrorMiddleware->process()
#21 /var/www/CRM/src/vendor/slim/slim/Slim/MiddlewareDispatcher.php(81): class@anonymous->handle()
#22 /var/www/CRM/src/vendor/slim/slim/Slim/App.php(215): Slim\MiddlewareDispatcher->handle()
#23 /var/www/CRM/src/vendor/slim/slim/Slim/App.php(199): Slim\App->handle()
#24 /var/www/CRM/src/v2/index.php(124): Slim\App->run()
#25 {main}
[23-Aug-2022 20:57:20 Europe/Paris] Slim Application Error
Type: Propel\Runtime\ActiveQuery\Exception\UnknownColumnException
Code: 0
Message: Unknown column DashboardOrientation in model EcclesiaCRM\Plugin
File: /var/www/CRM/src/vendor/propel/propel/src/Propel/Runtime/ActiveQuery/ModelCriteria.php
Line: 2307
Trace: #0 /var/www/CRM/src/vendor/propel/propel/src/Propel/Runtime/ActiveQuery/ModelCriteria.php(148): Propel\Runtime\ActiveQuery\ModelCriteria->getRealColumnName()
#1 /var/www/CRM/src/vendor/propel/propel/src/Propel/Runtime/ActiveQuery/ModelCriteria.php(2426): Propel\Runtime\ActiveQuery\ModelCriteria->filterBy()
#2 /var/www/CRM/src/v2/templates/dashboard/maindashboardnew.php(252): Propel\Runtime\ActiveQuery\ModelCriteria->__call()
#3 /var/www/CRM/src/vendor/slim/php-view/src/PhpRenderer.php(188): include('/var/www/CRM/sr...')
#4 /var/www/CRM/src/vendor/slim/php-view/src/PhpRenderer.php(169): Slim\Views\PhpRenderer->protectedIncludeScope()
#5 /var/www/CRM/src/vendor/slim/php-view/src/PhpRenderer.php(62): Slim\Views\PhpRenderer->fetch()
#6 /var/www/CRM/src/EcclesiaCRM/VIEWControllers/VIEWDashboardController.php(52): Slim\Views\PhpRenderer->render()
#7 /var/www/CRM/src/vendor/slim/slim/Slim/Handlers/Strategies/RequestResponse.php(43): EcclesiaCRM\VIEWControllers\VIEWDashboardController->renderDashboardNew()
#8 /var/www/CRM/src/vendor/slim/slim/Slim/Routing/Route.php(384): Slim\Handlers\Strategies\RequestResponse->__invoke()
#9 /var/www/CRM/src/vendor/slim/slim/Slim/MiddlewareDispatcher.php(81): Slim\Routing\Route->handle()
#10 /var/www/CRM/src/vendor/slim/slim/Slim/MiddlewareDispatcher.php(81): Slim\MiddlewareDispatcher->handle()
#11 /var/www/CRM/src/vendor/slim/slim/Slim/Routing/Route.php(341): Slim\MiddlewareDispatcher->handle()
#12 /var/www/CRM/src/vendor/slim/slim/Slim/Routing/RouteRunner.php(84): Slim\Routing\Route->run()
#13 /var/www/CRM/src/vendor/slim/http-cache/src/Cache.php(67): Slim\Routing\RouteRunner->handle()
#14 /var/www/CRM/src/vendor/slim/slim/Slim/MiddlewareDispatcher.php(147): Slim\HttpCache\Cache->process()
#15 /var/www/CRM/src/EcclesiaCRM/Slim/Middleware/VersionMiddleware.php(17): class@anonymous->handle()
#16 /var/www/CRM/src/vendor/slim/slim/Slim/MiddlewareDispatcher.php(313): EcclesiaCRM\Slim\Middleware\VersionMiddleware->__invoke()
#17 /var/www/CRM/src/vendor/tuupola/slim-jwt-auth/src/JwtAuthentication.php(132): class@anonymous->handle()
#18 /var/www/CRM/src/vendor/slim/slim/Slim/MiddlewareDispatcher.php(147): Tuupola\Middleware\JwtAuthentication->process()
#19 /var/www/CRM/src/vendor/slim/slim/Slim/Middleware/ErrorMiddleware.php(107): class@anonymous->handle()
#20 /var/www/CRM/src/vendor/slim/slim/Slim/MiddlewareDispatcher.php(147): Slim\Middleware\ErrorMiddleware->process()
#21 /var/www/CRM/src/vendor/slim/slim/Slim/MiddlewareDispatcher.php(81): class@anonymous->handle()
#22 /var/www/CRM/src/vendor/slim/slim/Slim/App.php(215): Slim\MiddlewareDispatcher->handle()
#23 /var/www/CRM/src/vendor/slim/slim/Slim/App.php(199): Slim\App->handle()
#24 /var/www/CRM/src/v2/index.php(124): Slim\App->run()
#25 {main}
[23-Aug-2022 20:57:37 Europe/Paris] Slim Application Error
Type: Propel\Runtime\ActiveQuery\Exception\UnknownColumnException
Code: 0
Message: Unknown column DashboardOrientation in model EcclesiaCRM\Plugin
File: /var/www/CRM/src/vendor/propel/propel/src/Propel/Runtime/ActiveQuery/ModelCriteria.php
Line: 2307
Trace: #0 /var/www/CRM/src/vendor/propel/propel/src/Propel/Runtime/ActiveQuery/ModelCriteria.php(148): Propel\Runtime\ActiveQuery\ModelCriteria->getRealColumnName()
#1 /var/www/CRM/src/vendor/propel/propel/src/Propel/Runtime/ActiveQuery/ModelCriteria.php(2426): Propel\Runtime\ActiveQuery\ModelCriteria->filterBy()
#2 /var/www/CRM/src/v2/templates/dashboard/maindashboardnew.php(252): Propel\Runtime\ActiveQuery\ModelCriteria->__call()
#3 /var/www/CRM/src/vendor/slim/php-view/src/PhpRenderer.php(188): include('/var/www/CRM/sr...')
#4 /var/www/CRM/src/vendor/slim/php-view/src/PhpRenderer.php(169): Slim\Views\PhpRenderer->protectedIncludeScope()
#5 /var/www/CRM/src/vendor/slim/php-view/src/PhpRenderer.php(62): Slim\Views\PhpRenderer->fetch()
#6 /var/www/CRM/src/EcclesiaCRM/VIEWControllers/VIEWDashboardController.php(52): Slim\Views\PhpRenderer->render()
#7 /var/www/CRM/src/vendor/slim/slim/Slim/Handlers/Strategies/RequestResponse.php(43): EcclesiaCRM\VIEWControllers\VIEWDashboardController->renderDashboardNew()
#8 /var/www/CRM/src/vendor/slim/slim/Slim/Routing/Route.php(384): Slim\Handlers\Strategies\RequestResponse->__invoke()
#9 /var/www/CRM/src/vendor/slim/slim/Slim/MiddlewareDispatcher.php(81): Slim\Routing\Route->handle()
#10 /var/www/CRM/src/vendor/slim/slim/Slim/MiddlewareDispatcher.php(81): Slim\MiddlewareDispatcher->handle()
#11 /var/www/CRM/src/vendor/slim/slim/Slim/Routing/Route.php(341): Slim\MiddlewareDispatcher->handle()
#12 /var/www/CRM/src/vendor/slim/slim/Slim/Routing/RouteRunner.php(84): Slim\Routing\Route->run()
#13 /var/www/CRM/src/vendor/slim/http-cache/src/Cache.php(67): Slim\Routing\RouteRunner->handle()
#14 /var/www/CRM/src/vendor/slim/slim/Slim/MiddlewareDispatcher.php(147): Slim\HttpCache\Cache->process()
#15 /var/www/CRM/src/EcclesiaCRM/Slim/Middleware/VersionMiddleware.php(17): class@anonymous->handle()
#16 /var/www/CRM/src/vendor/slim/slim/Slim/MiddlewareDispatcher.php(313): EcclesiaCRM\Slim\Middleware\VersionMiddleware->__invoke()
#17 /var/www/CRM/src/vendor/tuupola/slim-jwt-auth/src/JwtAuthentication.php(132): class@anonymous->handle()
#18 /var/www/CRM/src/vendor/slim/slim/Slim/MiddlewareDispatcher.php(147): Tuupola\Middleware\JwtAuthentication->process()
#19 /var/www/CRM/src/vendor/slim/slim/Slim/Middleware/ErrorMiddleware.php(107): class@anonymous->handle()
#20 /var/www/CRM/src/vendor/slim/slim/Slim/MiddlewareDispatcher.php(147): Slim\Middleware\ErrorMiddleware->process()
#21 /var/www/CRM/src/vendor/slim/slim/Slim/MiddlewareDispatcher.php(81): class@anonymous->handle()
#22 /var/www/CRM/src/vendor/slim/slim/Slim/App.php(215): Slim\MiddlewareDispatcher->handle()
#23 /var/www/CRM/src/vendor/slim/slim/Slim/App.php(199): Slim\App->handle()
#24 /var/www/CRM/src/v2/index.php(124): Slim\App->run()
#25 {main}
