[2022-08-23 20:24:44] defaultLogger.INFO: Updating MailChimp List Cache [] []
[2022-08-23 20:24:50] defaultLogger.INFO: Updating MailChimp List Cache [] []
[2022-08-23 20:25:18] defaultLogger.INFO: Updating MailChimp Campaigns Cache [] []
[2022-08-23 20:25:32] defaultLogger.INFO: Updating MailChimp Campaigns Cache [] []
[2022-08-23 20:25:36] defaultLogger.WARNING: {     "csp-report": {         "document-uri": "https:\/\/dev.ecclesiacrm.com\/v2\/dashboard\/new",         "referrer": "",         "violated-directive": "script-src-elem",         "effective-directive": "script-src-elem",         "original-policy": "default-src 'self';script-src 'self' 'unsafe-eval' 'nonce-BsvW9QmOeeedTfLy6Uibag==' sidecar.gitter.im browser-update.org maps.googleapis.com www.bing.com  dev.virtualearth.net t.ssl.ak.dynamic.tiles.virtualearth.net cdnjs.cloudflare.com meet.jit.si;object-src 'self' 'nonce-BsvW9QmOeeedTfLy6Uibag==';style-src 'self' 'unsafe-inline' fonts.googleapis.com www.bing.com;img-src 'self' 'nonce-BsvW9QmOeeedTfLy6Uibag==' www.google.com d maps.gstatic.com maps.googleapis.com a.tile.openstreetmap.org b.tile.openstreetmap.org c.tile.openstreetmap.org www.bing.com t.ssl.ak.dynamic.tiles.virtualearth.net data:;media-src 'self';frame-src 'self' www.youtube.com;font-src 'self' fonts.gstatic.com;connect-src 'self' www.bing.com  nominatim.openstreetmap.org;report-uri https:\/\/dev.ecclesiacrm.com\/api\/system\/csp-report",         "disposition": "report",         "blocked-uri": "inline",         "line-number": 1553,         "source-file": "https:\/\/dev.ecclesiacrm.com\/v2\/dashboard\/new",         "status-code": 200,         "script-sample": ""     } } [] []
[2022-08-23 20:26:22] defaultLogger.INFO: Array (     [0] => left     [1] => 0     [2] =>  )  [] []
[2022-08-23 20:26:22] defaultLogger.INFO: Array (     [0] => left     [1] => 1     [2] => PastoralCare )  [] []
[2022-08-23 20:26:22] defaultLogger.INFO: Array (     [0] => right     [1] => 0     [2] =>  )  [] []
[2022-08-23 20:26:22] defaultLogger.INFO: Array (     [0] => right     [1] => 1     [2] =>  )  [] []
[2022-08-23 20:26:22] defaultLogger.INFO: Array (     [0] => right     [1] => 2     [2] =>  )  [] []
[2022-08-23 20:26:22] defaultLogger.INFO: Array (     [0] => center     [1] => 0     [2] => BirthdayAnniversary )  [] []
[2022-08-23 20:29:37] defaultLogger.WARNING: {     "csp-report": {         "document-uri": "https:\/\/dev.ecclesiacrm.com\/v2\/dashboard\/new",         "referrer": "",         "violated-directive": "script-src-elem",         "effective-directive": "script-src-elem",         "original-policy": "default-src 'self';script-src 'self' 'unsafe-eval' 'nonce-6ucVwtfY7oTRIQns6ekjLQ==' sidecar.gitter.im browser-update.org maps.googleapis.com www.bing.com  dev.virtualearth.net t.ssl.ak.dynamic.tiles.virtualearth.net cdnjs.cloudflare.com meet.jit.si;object-src 'self' 'nonce-6ucVwtfY7oTRIQns6ekjLQ==';style-src 'self' 'unsafe-inline' fonts.googleapis.com www.bing.com;img-src 'self' 'nonce-6ucVwtfY7oTRIQns6ekjLQ==' www.google.com d maps.gstatic.com maps.googleapis.com a.tile.openstreetmap.org b.tile.openstreetmap.org c.tile.openstreetmap.org www.bing.com t.ssl.ak.dynamic.tiles.virtualearth.net data:;media-src 'self';frame-src 'self' www.youtube.com;font-src 'self' fonts.gstatic.com;connect-src 'self' www.bing.com  nominatim.openstreetmap.org;report-uri https:\/\/dev.ecclesiacrm.com\/api\/system\/csp-report",         "disposition": "report",         "blocked-uri": "inline",         "line-number": 1687,         "source-file": "https:\/\/dev.ecclesiacrm.com\/v2\/dashboard\/new",         "status-code": 200,         "script-sample": ""     } } [] []
[2022-08-23 20:30:04] defaultLogger.WARNING: {     "csp-report": {         "document-uri": "https:\/\/dev.ecclesiacrm.com\/v2\/dashboard\/new",         "referrer": "",         "violated-directive": "script-src-elem",         "effective-directive": "script-src-elem",         "original-policy": "default-src 'self';script-src 'self' 'unsafe-eval' 'nonce-vCzmcMzsoBWyA7oXE7jDLA==' sidecar.gitter.im browser-update.org maps.googleapis.com www.bing.com  dev.virtualearth.net t.ssl.ak.dynamic.tiles.virtualearth.net cdnjs.cloudflare.com meet.jit.si;object-src 'self' 'nonce-vCzmcMzsoBWyA7oXE7jDLA==';style-src 'self' 'unsafe-inline' fonts.googleapis.com www.bing.com;img-src 'self' 'nonce-vCzmcMzsoBWyA7oXE7jDLA==' www.google.com d maps.gstatic.com maps.googleapis.com a.tile.openstreetmap.org b.tile.openstreetmap.org c.tile.openstreetmap.org www.bing.com t.ssl.ak.dynamic.tiles.virtualearth.net data:;media-src 'self';frame-src 'self' www.youtube.com;font-src 'self' fonts.gstatic.com;connect-src 'self' www.bing.com  nominatim.openstreetmap.org;report-uri https:\/\/dev.ecclesiacrm.com\/api\/system\/csp-report",         "disposition": "report",         "blocked-uri": "inline",         "line-number": 1687,         "source-file": "https:\/\/dev.ecclesiacrm.com\/v2\/dashboard\/new",         "status-code": 200,         "script-sample": ""     } } [] []
[2022-08-23 20:30:16] defaultLogger.INFO: Array (     [0] => left     [1] => 0     [2] => BirthdayAnniversary )  [] []
[2022-08-23 20:30:16] defaultLogger.INFO: Array (     [0] => left     [1] => 1     [2] => PastoralCare )  [] []
[2022-08-23 20:30:16] defaultLogger.INFO: Array (     [0] => left     [1] => 2     [2] =>  )  [] []
[2022-08-23 20:30:16] defaultLogger.INFO: Array (     [0] => right     [1] => 0     [2] =>  )  [] []
[2022-08-23 20:30:16] defaultLogger.INFO: Array (     [0] => right     [1] => 1     [2] =>  )  [] []
[2022-08-23 20:30:16] defaultLogger.INFO: Array (     [0] => right     [1] => 2     [2] =>  )  [] []
[2022-08-23 20:30:16] defaultLogger.INFO: Array (     [0] => center     [1] => 0     [2] => PastoralCare )  [] []
[2022-08-23 20:30:22] defaultLogger.WARNING: {     "csp-report": {         "document-uri": "https:\/\/dev.ecclesiacrm.com\/v2\/dashboard\/new",         "referrer": "",         "violated-directive": "script-src-elem",         "effective-directive": "script-src-elem",         "original-policy": "default-src 'self';script-src 'self' 'unsafe-eval' 'nonce-M\/DPCKTMQvxHXI0wUin1DA==' sidecar.gitter.im browser-update.org maps.googleapis.com www.bing.com  dev.virtualearth.net t.ssl.ak.dynamic.tiles.virtualearth.net cdnjs.cloudflare.com meet.jit.si;object-src 'self' 'nonce-M\/DPCKTMQvxHXI0wUin1DA==';style-src 'self' 'unsafe-inline' fonts.googleapis.com www.bing.com;img-src 'self' 'nonce-M\/DPCKTMQvxHXI0wUin1DA==' www.google.com d maps.gstatic.com maps.googleapis.com a.tile.openstreetmap.org b.tile.openstreetmap.org c.tile.openstreetmap.org www.bing.com t.ssl.ak.dynamic.tiles.virtualearth.net data:;media-src 'self';frame-src 'self' www.youtube.com;font-src 'self' fonts.gstatic.com;connect-src 'self' www.bing.com  nominatim.openstreetmap.org;report-uri https:\/\/dev.ecclesiacrm.com\/api\/system\/csp-report",         "disposition": "report",         "blocked-uri": "inline",         "line-number": 1701,         "source-file": "https:\/\/dev.ecclesiacrm.com\/v2\/dashboard\/new",         "status-code": 200,         "script-sample": ""     } } [] []
[2022-08-23 20:31:50] defaultLogger.INFO: Array (     [0] => left     [1] => 0     [2] => BirthdayAnniversary )  [] []
[2022-08-23 20:31:50] defaultLogger.INFO: Array (     [0] => left     [1] => 1     [2] => BirthdayAnniversary )  [] []
[2022-08-23 20:31:50] defaultLogger.INFO: Array (     [0] => left     [1] => 2     [2] => PastoralCare )  [] []
[2022-08-23 20:31:50] defaultLogger.INFO: Array (     [0] => left     [1] => 3     [2] =>  )  [] []
[2022-08-23 20:31:50] defaultLogger.INFO: Array (     [0] => right     [1] => 0     [2] =>  )  [] []
[2022-08-23 20:31:50] defaultLogger.INFO: Array (     [0] => right     [1] => 1     [2] =>  )  [] []
[2022-08-23 20:31:50] defaultLogger.INFO: Array (     [0] => right     [1] => 2     [2] =>  )  [] []
[2022-08-23 20:31:50] defaultLogger.INFO: Array (     [0] => center     [1] => 0     [2] => PastoralCare )  [] []
[2022-08-23 20:31:54] defaultLogger.WARNING: {     "csp-report": {         "document-uri": "https:\/\/dev.ecclesiacrm.com\/v2\/dashboard\/new",         "referrer": "",         "violated-directive": "script-src-elem",         "effective-directive": "script-src-elem",         "original-policy": "default-src 'self';script-src 'self' 'unsafe-eval' 'nonce-1LtlFB2MHOuF4aEsaEtmYA==' sidecar.gitter.im browser-update.org maps.googleapis.com www.bing.com  dev.virtualearth.net t.ssl.ak.dynamic.tiles.virtualearth.net cdnjs.cloudflare.com meet.jit.si;object-src 'self' 'nonce-1LtlFB2MHOuF4aEsaEtmYA==';style-src 'self' 'unsafe-inline' fonts.googleapis.com www.bing.com;img-src 'self' 'nonce-1LtlFB2MHOuF4aEsaEtmYA==' www.google.com d maps.gstatic.com maps.googleapis.com a.tile.openstreetmap.org b.tile.openstreetmap.org c.tile.openstreetmap.org www.bing.com t.ssl.ak.dynamic.tiles.virtualearth.net data:;media-src 'self';frame-src 'self' www.youtube.com;font-src 'self' fonts.gstatic.com;connect-src 'self' www.bing.com  nominatim.openstreetmap.org;report-uri https:\/\/dev.ecclesiacrm.com\/api\/system\/csp-report",         "disposition": "report",         "blocked-uri": "inline",         "line-number": 1701,         "source-file": "https:\/\/dev.ecclesiacrm.com\/v2\/dashboard\/new",         "status-code": 200,         "script-sample": ""     } } [] []
[2022-08-23 20:32:57] defaultLogger.INFO: Array (     [0] => left     [1] => 0     [2] => PastoralCare )  [] []
[2022-08-23 20:32:57] defaultLogger.INFO: Array (     [0] => left     [1] => 1     [2] =>  )  [] []
[2022-08-23 20:32:57] defaultLogger.INFO: Array (     [0] => right     [1] => 0     [2] => BirthdayAnniversary )  [] []
[2022-08-23 20:32:57] defaultLogger.INFO: Array (     [0] => right     [1] => 1     [2] =>  )  [] []
[2022-08-23 20:32:57] defaultLogger.INFO: Array (     [0] => right     [1] => 2     [2] =>  )  [] []
[2022-08-23 20:32:57] defaultLogger.INFO: Array (     [0] => right     [1] => 3     [2] =>  )  [] []
[2022-08-23 20:32:57] defaultLogger.INFO: Array (     [0] => center     [1] => 0     [2] => BirthdayAnniversary )  [] []
[2022-08-23 20:32:57] defaultLogger.INFO: Array (     [0] => center     [1] => 1     [2] => PastoralCare )  [] []
[2022-08-23 20:33:01] defaultLogger.WARNING: {     "csp-report": {         "document-uri": "https:\/\/dev.ecclesiacrm.com\/v2\/dashboard\/new",         "referrer": "",         "violated-directive": "script-src-elem",         "effective-directive": "script-src-elem",         "original-policy": "default-src 'self';script-src 'self' 'unsafe-eval' 'nonce-JelDIQEPO8St6XZx2Q10YQ==' sidecar.gitter.im browser-update.org maps.googleapis.com www.bing.com  dev.virtualearth.net t.ssl.ak.dynamic.tiles.virtualearth.net cdnjs.cloudflare.com meet.jit.si;object-src 'self' 'nonce-JelDIQEPO8St6XZx2Q10YQ==';style-src 'self' 'unsafe-inline' fonts.googleapis.com www.bing.com;img-src 'self' 'nonce-JelDIQEPO8St6XZx2Q10YQ==' www.google.com d maps.gstatic.com maps.googleapis.com a.tile.openstreetmap.org b.tile.openstreetmap.org c.tile.openstreetmap.org www.bing.com t.ssl.ak.dynamic.tiles.virtualearth.net data:;media-src 'self';frame-src 'self' www.youtube.com;font-src 'self' fonts.gstatic.com;connect-src 'self' www.bing.com  nominatim.openstreetmap.org;report-uri https:\/\/dev.ecclesiacrm.com\/api\/system\/csp-report",         "disposition": "report",         "blocked-uri": "inline",         "line-number": 1701,         "source-file": "https:\/\/dev.ecclesiacrm.com\/v2\/dashboard\/new",         "status-code": 200,         "script-sample": ""     } } [] []
[2022-08-23 20:34:31] defaultLogger.WARNING: {     "csp-report": {         "document-uri": "https:\/\/dev.ecclesiacrm.com\/v2\/dashboard\/new",         "referrer": "",         "violated-directive": "script-src-elem",         "effective-directive": "script-src-elem",         "original-policy": "default-src 'self';script-src 'self' 'unsafe-eval' 'nonce-vn66VKPq7DzNIPGX\/9zcCw==' sidecar.gitter.im browser-update.org maps.googleapis.com www.bing.com  dev.virtualearth.net t.ssl.ak.dynamic.tiles.virtualearth.net cdnjs.cloudflare.com meet.jit.si;object-src 'self' 'nonce-vn66VKPq7DzNIPGX\/9zcCw==';style-src 'self' 'unsafe-inline' fonts.googleapis.com www.bing.com;img-src 'self' 'nonce-vn66VKPq7DzNIPGX\/9zcCw==' www.google.com d maps.gstatic.com maps.googleapis.com a.tile.openstreetmap.org b.tile.openstreetmap.org c.tile.openstreetmap.org www.bing.com t.ssl.ak.dynamic.tiles.virtualearth.net data:;media-src 'self';frame-src 'self' www.youtube.com;font-src 'self' fonts.gstatic.com;connect-src 'self' www.bing.com  nominatim.openstreetmap.org;report-uri https:\/\/dev.ecclesiacrm.com\/api\/system\/csp-report",         "disposition": "report",         "blocked-uri": "inline",         "line-number": 1553,         "source-file": "https:\/\/dev.ecclesiacrm.com\/v2\/dashboard\/new",         "status-code": 200,         "script-sample": ""     } } [] []
[2022-08-23 20:35:33] defaultLogger.INFO: Array (     [0] => left     [1] => 0     [2] =>  )  [] []
[2022-08-23 20:35:33] defaultLogger.INFO: Array (     [0] => right     [1] => 0     [2] => BirthdayAnniversary )  [] []
[2022-08-23 20:35:33] defaultLogger.INFO: Array (     [0] => right     [1] => 1     [2] =>  )  [] []
[2022-08-23 20:35:33] defaultLogger.INFO: Array (     [0] => right     [1] => 2     [2] =>  )  [] []
[2022-08-23 20:35:33] defaultLogger.INFO: Array (     [0] => right     [1] => 3     [2] =>  )  [] []
[2022-08-23 20:35:33] defaultLogger.INFO: Array (     [0] => center     [1] => 0     [2] => PastoralCare )  [] []
[2022-08-23 20:35:36] defaultLogger.WARNING: {     "csp-report": {         "document-uri": "https:\/\/dev.ecclesiacrm.com\/v2\/dashboard\/new",         "referrer": "",         "violated-directive": "script-src-elem",         "effective-directive": "script-src-elem",         "original-policy": "default-src 'self';script-src 'self' 'unsafe-eval' 'nonce-mqiBt7N\/CGN9qO0ShHyGnQ==' sidecar.gitter.im browser-update.org maps.googleapis.com www.bing.com  dev.virtualearth.net t.ssl.ak.dynamic.tiles.virtualearth.net cdnjs.cloudflare.com meet.jit.si;object-src 'self' 'nonce-mqiBt7N\/CGN9qO0ShHyGnQ==';style-src 'self' 'unsafe-inline' fonts.googleapis.com www.bing.com;img-src 'self' 'nonce-mqiBt7N\/CGN9qO0ShHyGnQ==' www.google.com d maps.gstatic.com maps.googleapis.com a.tile.openstreetmap.org b.tile.openstreetmap.org c.tile.openstreetmap.org www.bing.com t.ssl.ak.dynamic.tiles.virtualearth.net data:;media-src 'self';frame-src 'self' www.youtube.com;font-src 'self' fonts.gstatic.com;connect-src 'self' www.bing.com  nominatim.openstreetmap.org;report-uri https:\/\/dev.ecclesiacrm.com\/api\/system\/csp-report",         "disposition": "report",         "blocked-uri": "inline",         "line-number": 1553,         "source-file": "https:\/\/dev.ecclesiacrm.com\/v2\/dashboard\/new",         "status-code": 200,         "script-sample": ""     } } [] []
[2022-08-23 20:35:42] defaultLogger.INFO: Array (     [0] => left     [1] => 0     [2] => PastoralCare )  [] []
[2022-08-23 20:35:42] defaultLogger.INFO: Array (     [0] => left     [1] => 1     [2] =>  )  [] []
[2022-08-23 20:35:42] defaultLogger.INFO: Array (     [0] => right     [1] => 0     [2] => BirthdayAnniversary )  [] []
[2022-08-23 20:35:42] defaultLogger.INFO: Array (     [0] => right     [1] => 1     [2] =>  )  [] []
[2022-08-23 20:35:42] defaultLogger.INFO: Array (     [0] => right     [1] => 2     [2] =>  )  [] []
[2022-08-23 20:35:42] defaultLogger.INFO: Array (     [0] => right     [1] => 3     [2] =>  )  [] []
[2022-08-23 20:35:46] defaultLogger.WARNING: {     "csp-report": {         "document-uri": "https:\/\/dev.ecclesiacrm.com\/v2\/dashboard\/new",         "referrer": "",         "violated-directive": "script-src-elem",         "effective-directive": "script-src-elem",         "original-policy": "default-src 'self';script-src 'self' 'unsafe-eval' 'nonce-BrQLTxNsq\/BSU4puBEndeA==' sidecar.gitter.im browser-update.org maps.googleapis.com www.bing.com  dev.virtualearth.net t.ssl.ak.dynamic.tiles.virtualearth.net cdnjs.cloudflare.com meet.jit.si;object-src 'self' 'nonce-BrQLTxNsq\/BSU4puBEndeA==';style-src 'self' 'unsafe-inline' fonts.googleapis.com www.bing.com;img-src 'self' 'nonce-BrQLTxNsq\/BSU4puBEndeA==' www.google.com d maps.gstatic.com maps.googleapis.com a.tile.openstreetmap.org b.tile.openstreetmap.org c.tile.openstreetmap.org www.bing.com t.ssl.ak.dynamic.tiles.virtualearth.net data:;media-src 'self';frame-src 'self' www.youtube.com;font-src 'self' fonts.gstatic.com;connect-src 'self' www.bing.com  nominatim.openstreetmap.org;report-uri https:\/\/dev.ecclesiacrm.com\/api\/system\/csp-report",         "disposition": "report",         "blocked-uri": "inline",         "line-number": 1553,         "source-file": "https:\/\/dev.ecclesiacrm.com\/v2\/dashboard\/new",         "status-code": 200,         "script-sample": ""     } } [] []
[2022-08-23 20:35:56] defaultLogger.INFO: Array (     [0] => left     [1] => 0     [2] => BirthdayAnniversary )  [] []
[2022-08-23 20:35:56] defaultLogger.INFO: Array (     [0] => left     [1] => 1     [2] => PastoralCare )  [] []
[2022-08-23 20:35:56] defaultLogger.INFO: Array (     [0] => left     [1] => 2     [2] =>  )  [] []
[2022-08-23 20:35:56] defaultLogger.INFO: Array (     [0] => right     [1] => 0     [2] =>  )  [] []
[2022-08-23 20:35:56] defaultLogger.INFO: Array (     [0] => right     [1] => 1     [2] =>  )  [] []
[2022-08-23 20:35:56] defaultLogger.INFO: Array (     [0] => right     [1] => 2     [2] =>  )  [] []
[2022-08-23 20:36:03] defaultLogger.WARNING: {     "csp-report": {         "document-uri": "https:\/\/dev.ecclesiacrm.com\/v2\/dashboard\/new",         "referrer": "",         "violated-directive": "script-src-elem",         "effective-directive": "script-src-elem",         "original-policy": "default-src 'self';script-src 'self' 'unsafe-eval' 'nonce-H5FXOQ\/+8LHMgidxGNP3lA==' sidecar.gitter.im browser-update.org maps.googleapis.com www.bing.com  dev.virtualearth.net t.ssl.ak.dynamic.tiles.virtualearth.net cdnjs.cloudflare.com meet.jit.si;object-src 'self' 'nonce-H5FXOQ\/+8LHMgidxGNP3lA==';style-src 'self' 'unsafe-inline' fonts.googleapis.com www.bing.com;img-src 'self' 'nonce-H5FXOQ\/+8LHMgidxGNP3lA==' www.google.com d maps.gstatic.com maps.googleapis.com a.tile.openstreetmap.org b.tile.openstreetmap.org c.tile.openstreetmap.org www.bing.com t.ssl.ak.dynamic.tiles.virtualearth.net data:;media-src 'self';frame-src 'self' www.youtube.com;font-src 'self' fonts.gstatic.com;connect-src 'self' www.bing.com  nominatim.openstreetmap.org;report-uri https:\/\/dev.ecclesiacrm.com\/api\/system\/csp-report",         "disposition": "report",         "blocked-uri": "inline",         "line-number": 1553,         "source-file": "https:\/\/dev.ecclesiacrm.com\/v2\/dashboard\/new",         "status-code": 200,         "script-sample": ""     } } [] []
[2022-08-23 20:36:11] defaultLogger.INFO: Array (     [0] => left     [1] => 0     [2] => BirthdayAnniversary )  [] []
[2022-08-23 20:36:11] defaultLogger.INFO: Array (     [0] => left     [1] => 1     [2] =>  )  [] []
[2022-08-23 20:36:11] defaultLogger.INFO: Array (     [0] => right     [1] => 0     [2] =>  )  [] []
[2022-08-23 20:36:11] defaultLogger.INFO: Array (     [0] => right     [1] => 1     [2] =>  )  [] []
[2022-08-23 20:36:11] defaultLogger.INFO: Array (     [0] => right     [1] => 2     [2] =>  )  [] []
[2022-08-23 20:36:11] defaultLogger.INFO: Array (     [0] => center     [1] => 0     [2] => PastoralCare )  [] []
[2022-08-23 20:36:15] defaultLogger.WARNING: {     "csp-report": {         "document-uri": "https:\/\/dev.ecclesiacrm.com\/v2\/dashboard\/new",         "referrer": "",         "violated-directive": "script-src-elem",         "effective-directive": "script-src-elem",         "original-policy": "default-src 'self';script-src 'self' 'unsafe-eval' 'nonce-Cqnzq6U3n38anMMFK\/YV3A==' sidecar.gitter.im browser-update.org maps.googleapis.com www.bing.com  dev.virtualearth.net t.ssl.ak.dynamic.tiles.virtualearth.net cdnjs.cloudflare.com meet.jit.si;object-src 'self' 'nonce-Cqnzq6U3n38anMMFK\/YV3A==';style-src 'self' 'unsafe-inline' fonts.googleapis.com www.bing.com;img-src 'self' 'nonce-Cqnzq6U3n38anMMFK\/YV3A==' www.google.com d maps.gstatic.com maps.googleapis.com a.tile.openstreetmap.org b.tile.openstreetmap.org c.tile.openstreetmap.org www.bing.com t.ssl.ak.dynamic.tiles.virtualearth.net data:;media-src 'self';frame-src 'self' www.youtube.com;font-src 'self' fonts.gstatic.com;connect-src 'self' www.bing.com  nominatim.openstreetmap.org;report-uri https:\/\/dev.ecclesiacrm.com\/api\/system\/csp-report",         "disposition": "report",         "blocked-uri": "inline",         "line-number": 1553,         "source-file": "https:\/\/dev.ecclesiacrm.com\/v2\/dashboard\/new",         "status-code": 200,         "script-sample": ""     } } [] []
[2022-08-23 20:36:59] defaultLogger.INFO: Array (     [0] => left     [1] => 0     [2] => PastoralCare )  [] []
[2022-08-23 20:36:59] defaultLogger.INFO: Array (     [0] => left     [1] => 1     [2] =>  )  [] []
[2022-08-23 20:36:59] defaultLogger.INFO: Array (     [0] => right     [1] => 0     [2] =>  )  [] []
[2022-08-23 20:36:59] defaultLogger.INFO: Array (     [0] => right     [1] => 1     [2] =>  )  [] []
[2022-08-23 20:36:59] defaultLogger.INFO: Array (     [0] => right     [1] => 2     [2] =>  )  [] []
[2022-08-23 20:36:59] defaultLogger.INFO: Array (     [0] => center     [1] => 0     [2] => BirthdayAnniversary )  [] []
[2022-08-23 20:37:02] defaultLogger.WARNING: {     "csp-report": {         "document-uri": "https:\/\/dev.ecclesiacrm.com\/v2\/dashboard\/new",         "referrer": "",         "violated-directive": "script-src-elem",         "effective-directive": "script-src-elem",         "original-policy": "default-src 'self';script-src 'self' 'unsafe-eval' 'nonce-co1PoL21yV6nj\/TuiNKOAQ==' sidecar.gitter.im browser-update.org maps.googleapis.com www.bing.com  dev.virtualearth.net t.ssl.ak.dynamic.tiles.virtualearth.net cdnjs.cloudflare.com meet.jit.si;object-src 'self' 'nonce-co1PoL21yV6nj\/TuiNKOAQ==';style-src 'self' 'unsafe-inline' fonts.googleapis.com www.bing.com;img-src 'self' 'nonce-co1PoL21yV6nj\/TuiNKOAQ==' www.google.com d maps.gstatic.com maps.googleapis.com a.tile.openstreetmap.org b.tile.openstreetmap.org c.tile.openstreetmap.org www.bing.com t.ssl.ak.dynamic.tiles.virtualearth.net data:;media-src 'self';frame-src 'self' www.youtube.com;font-src 'self' fonts.gstatic.com;connect-src 'self' www.bing.com  nominatim.openstreetmap.org;report-uri https:\/\/dev.ecclesiacrm.com\/api\/system\/csp-report",         "disposition": "report",         "blocked-uri": "inline",         "line-number": 1553,         "source-file": "https:\/\/dev.ecclesiacrm.com\/v2\/dashboard\/new",         "status-code": 200,         "script-sample": ""     } } [] []
[2022-08-23 20:37:07] defaultLogger.INFO: Array (     [0] => left     [1] => 0     [2] => BirthdayAnniversary )  [] []
[2022-08-23 20:37:07] defaultLogger.INFO: Array (     [0] => left     [1] => 1     [2] =>  )  [] []
[2022-08-23 20:37:07] defaultLogger.INFO: Array (     [0] => right     [1] => 0     [2] => PastoralCare )  [] []
[2022-08-23 20:37:07] defaultLogger.INFO: Array (     [0] => right     [1] => 1     [2] =>  )  [] []
[2022-08-23 20:37:07] defaultLogger.INFO: Array (     [0] => right     [1] => 2     [2] =>  )  [] []
[2022-08-23 20:37:07] defaultLogger.INFO: Array (     [0] => right     [1] => 3     [2] =>  )  [] []
[2022-08-23 20:37:11] defaultLogger.WARNING: {     "csp-report": {         "document-uri": "https:\/\/dev.ecclesiacrm.com\/v2\/dashboard\/new",         "referrer": "",         "violated-directive": "script-src-elem",         "effective-directive": "script-src-elem",         "original-policy": "default-src 'self';script-src 'self' 'unsafe-eval' 'nonce-r6im\/vt395Gv1mfwTTuniQ==' sidecar.gitter.im browser-update.org maps.googleapis.com www.bing.com  dev.virtualearth.net t.ssl.ak.dynamic.tiles.virtualearth.net cdnjs.cloudflare.com meet.jit.si;object-src 'self' 'nonce-r6im\/vt395Gv1mfwTTuniQ==';style-src 'self' 'unsafe-inline' fonts.googleapis.com www.bing.com;img-src 'self' 'nonce-r6im\/vt395Gv1mfwTTuniQ==' www.google.com d maps.gstatic.com maps.googleapis.com a.tile.openstreetmap.org b.tile.openstreetmap.org c.tile.openstreetmap.org www.bing.com t.ssl.ak.dynamic.tiles.virtualearth.net data:;media-src 'self';frame-src 'self' www.youtube.com;font-src 'self' fonts.gstatic.com;connect-src 'self' www.bing.com  nominatim.openstreetmap.org;report-uri https:\/\/dev.ecclesiacrm.com\/api\/system\/csp-report",         "disposition": "report",         "blocked-uri": "inline",         "line-number": 1553,         "source-file": "https:\/\/dev.ecclesiacrm.com\/v2\/dashboard\/new",         "status-code": 200,         "script-sample": ""     } } [] []
[2022-08-23 20:37:43] defaultLogger.INFO: Array (     [0] => left     [1] => 0     [2] => BirthdayAnniversary )  [] []
[2022-08-23 20:37:43] defaultLogger.INFO: Array (     [0] => left     [1] => 1     [2] =>  )  [] []
[2022-08-23 20:37:43] defaultLogger.INFO: Array (     [0] => right     [1] => 0     [2] =>  )  [] []
[2022-08-23 20:37:43] defaultLogger.INFO: Array (     [0] => right     [1] => 1     [2] =>  )  [] []
[2022-08-23 20:37:43] defaultLogger.INFO: Array (     [0] => right     [1] => 2     [2] =>  )  [] []
[2022-08-23 20:37:43] defaultLogger.INFO: Array (     [0] => center     [1] => 0     [2] => PastoralCare )  [] []
[2022-08-23 20:37:47] defaultLogger.WARNING: {     "csp-report": {         "document-uri": "https:\/\/dev.ecclesiacrm.com\/v2\/dashboard\/new",         "referrer": "",         "violated-directive": "script-src-elem",         "effective-directive": "script-src-elem",         "original-policy": "default-src 'self';script-src 'self' 'unsafe-eval' 'nonce-iqSxeEBlUey4nJouen1AVg==' sidecar.gitter.im browser-update.org maps.googleapis.com www.bing.com  dev.virtualearth.net t.ssl.ak.dynamic.tiles.virtualearth.net cdnjs.cloudflare.com meet.jit.si;object-src 'self' 'nonce-iqSxeEBlUey4nJouen1AVg==';style-src 'self' 'unsafe-inline' fonts.googleapis.com www.bing.com;img-src 'self' 'nonce-iqSxeEBlUey4nJouen1AVg==' www.google.com d maps.gstatic.com maps.googleapis.com a.tile.openstreetmap.org b.tile.openstreetmap.org c.tile.openstreetmap.org www.bing.com t.ssl.ak.dynamic.tiles.virtualearth.net data:;media-src 'self';frame-src 'self' www.youtube.com;font-src 'self' fonts.gstatic.com;connect-src 'self' www.bing.com  nominatim.openstreetmap.org;report-uri https:\/\/dev.ecclesiacrm.com\/api\/system\/csp-report",         "disposition": "report",         "blocked-uri": "inline",         "line-number": 1553,         "source-file": "https:\/\/dev.ecclesiacrm.com\/v2\/dashboard\/new",         "status-code": 200,         "script-sample": ""     } } [] []
[2022-08-23 20:38:32] defaultLogger.WARNING: {     "csp-report": {         "document-uri": "https:\/\/dev.ecclesiacrm.com\/v2\/dashboard\/new",         "referrer": "",         "violated-directive": "script-src-elem",         "effective-directive": "script-src-elem",         "original-policy": "default-src 'self';script-src 'self' 'unsafe-eval' 'nonce-E\/W5wrRv\/AMMUggGhJ4X4g==' sidecar.gitter.im browser-update.org maps.googleapis.com www.bing.com  dev.virtualearth.net t.ssl.ak.dynamic.tiles.virtualearth.net cdnjs.cloudflare.com meet.jit.si;object-src 'self' 'nonce-E\/W5wrRv\/AMMUggGhJ4X4g==';style-src 'self' 'unsafe-inline' fonts.googleapis.com www.bing.com;img-src 'self' 'nonce-E\/W5wrRv\/AMMUggGhJ4X4g==' www.google.com d maps.gstatic.com maps.googleapis.com a.tile.openstreetmap.org b.tile.openstreetmap.org c.tile.openstreetmap.org www.bing.com t.ssl.ak.dynamic.tiles.virtualearth.net data:;media-src 'self';frame-src 'self' www.youtube.com;font-src 'self' fonts.gstatic.com;connect-src 'self' www.bing.com  nominatim.openstreetmap.org;report-uri https:\/\/dev.ecclesiacrm.com\/api\/system\/csp-report",         "disposition": "report",         "blocked-uri": "inline",         "line-number": 1553,         "source-file": "https:\/\/dev.ecclesiacrm.com\/v2\/dashboard\/new",         "status-code": 200,         "script-sample": ""     } } [] []
[2022-08-23 20:39:08] defaultLogger.INFO: Array (     [0] => left     [1] => 0     [2] => BirthdayAnniversary )  [] []
[2022-08-23 20:39:08] defaultLogger.INFO: Array (     [0] => left     [1] => 1     [2] =>  )  [] []
[2022-08-23 20:39:08] defaultLogger.INFO: Array (     [0] => right     [1] => 0     [2] => PastoralCare )  [] []
[2022-08-23 20:39:08] defaultLogger.INFO: Array (     [0] => right     [1] => 1     [2] =>  )  [] []
[2022-08-23 20:39:08] defaultLogger.INFO: Array (     [0] => right     [1] => 2     [2] =>  )  [] []
[2022-08-23 20:39:08] defaultLogger.INFO: Array (     [0] => right     [1] => 3     [2] =>  )  [] []
[2022-08-23 20:39:33] defaultLogger.INFO: Array (     [0] => left     [1] => 0     [2] =>  )  [] []
[2022-08-23 20:39:33] defaultLogger.INFO: Array (     [0] => right     [1] => 0     [2] => PastoralCare )  [] []
[2022-08-23 20:39:33] defaultLogger.INFO: Array (     [0] => right     [1] => 1     [2] =>  )  [] []
[2022-08-23 20:39:33] defaultLogger.INFO: Array (     [0] => right     [1] => 2     [2] =>  )  [] []
[2022-08-23 20:39:33] defaultLogger.INFO: Array (     [0] => right     [1] => 3     [2] =>  )  [] []
[2022-08-23 20:39:33] defaultLogger.INFO: Array (     [0] => top     [1] => 0     [2] => BirthdayAnniversary )  [] []
[2022-08-23 20:39:46] defaultLogger.WARNING: {     "csp-report": {         "document-uri": "https:\/\/dev.ecclesiacrm.com\/v2\/dashboard\/new",         "referrer": "",         "violated-directive": "script-src-elem",         "effective-directive": "script-src-elem",         "original-policy": "default-src 'self';script-src 'self' 'unsafe-eval' 'nonce-lhqdkrDTjQd6MC4hAbp8LQ==' sidecar.gitter.im browser-update.org maps.googleapis.com www.bing.com  dev.virtualearth.net t.ssl.ak.dynamic.tiles.virtualearth.net cdnjs.cloudflare.com meet.jit.si;object-src 'self' 'nonce-lhqdkrDTjQd6MC4hAbp8LQ==';style-src 'self' 'unsafe-inline' fonts.googleapis.com www.bing.com;img-src 'self' 'nonce-lhqdkrDTjQd6MC4hAbp8LQ==' www.google.com d maps.gstatic.com maps.googleapis.com a.tile.openstreetmap.org b.tile.openstreetmap.org c.tile.openstreetmap.org www.bing.com t.ssl.ak.dynamic.tiles.virtualearth.net data:;media-src 'self';frame-src 'self' www.youtube.com;font-src 'self' fonts.gstatic.com;connect-src 'self' www.bing.com  nominatim.openstreetmap.org;report-uri https:\/\/dev.ecclesiacrm.com\/api\/system\/csp-report",         "disposition": "report",         "blocked-uri": "inline",         "line-number": 1553,         "source-file": "https:\/\/dev.ecclesiacrm.com\/v2\/dashboard\/new",         "status-code": 200,         "script-sample": ""     } } [] []
[2022-08-23 20:39:52] defaultLogger.INFO: Array (     [0] => left     [1] => 0     [2] =>  )  [] []
[2022-08-23 20:39:52] defaultLogger.INFO: Array (     [0] => right     [1] => 0     [2] => PastoralCare )  [] []
[2022-08-23 20:39:52] defaultLogger.INFO: Array (     [0] => right     [1] => 1     [2] =>  )  [] []
[2022-08-23 20:39:52] defaultLogger.INFO: Array (     [0] => right     [1] => 2     [2] =>  )  [] []
[2022-08-23 20:39:52] defaultLogger.INFO: Array (     [0] => right     [1] => 3     [2] =>  )  [] []
[2022-08-23 20:39:52] defaultLogger.INFO: Array (     [0] => top     [1] => 0     [2] => BirthdayAnniversary )  [] []
[2022-08-23 20:39:59] defaultLogger.INFO: Array (     [0] => left     [1] => 0     [2] =>  )  [] []
[2022-08-23 20:39:59] defaultLogger.INFO: Array (     [0] => right     [1] => 0     [2] =>  )  [] []
[2022-08-23 20:39:59] defaultLogger.INFO: Array (     [0] => right     [1] => 1     [2] =>  )  [] []
[2022-08-23 20:39:59] defaultLogger.INFO: Array (     [0] => right     [1] => 2     [2] =>  )  [] []
[2022-08-23 20:39:59] defaultLogger.INFO: Array (     [0] => top     [1] => 0     [2] => BirthdayAnniversary )  [] []
[2022-08-23 20:39:59] defaultLogger.INFO: Array (     [0] => top     [1] => 1     [2] => PastoralCare )  [] []
[2022-08-23 20:40:11] defaultLogger.INFO: Array (     [0] => left     [1] => 0     [2] => PastoralCare )  [] []
[2022-08-23 20:40:11] defaultLogger.INFO: Array (     [0] => left     [1] => 1     [2] =>  )  [] []
[2022-08-23 20:40:11] defaultLogger.INFO: Array (     [0] => right     [1] => 0     [2] =>  )  [] []
[2022-08-23 20:40:11] defaultLogger.INFO: Array (     [0] => right     [1] => 1     [2] =>  )  [] []
[2022-08-23 20:40:11] defaultLogger.INFO: Array (     [0] => right     [1] => 2     [2] =>  )  [] []
[2022-08-23 20:40:11] defaultLogger.INFO: Array (     [0] => top     [1] => 0     [2] => BirthdayAnniversary )  [] []
[2022-08-23 20:41:05] defaultLogger.WARNING: {     "csp-report": {         "document-uri": "https:\/\/dev.ecclesiacrm.com\/v2\/dashboard\/new",         "referrer": "",         "violated-directive": "script-src-elem",         "effective-directive": "script-src-elem",         "original-policy": "default-src 'self';script-src 'self' 'unsafe-eval' 'nonce-ltzeBwaUhCbaS1TY5AIV3w==' sidecar.gitter.im browser-update.org maps.googleapis.com www.bing.com  dev.virtualearth.net t.ssl.ak.dynamic.tiles.virtualearth.net cdnjs.cloudflare.com meet.jit.si;object-src 'self' 'nonce-ltzeBwaUhCbaS1TY5AIV3w==';style-src 'self' 'unsafe-inline' fonts.googleapis.com www.bing.com;img-src 'self' 'nonce-ltzeBwaUhCbaS1TY5AIV3w==' www.google.com d maps.gstatic.com maps.googleapis.com a.tile.openstreetmap.org b.tile.openstreetmap.org c.tile.openstreetmap.org www.bing.com t.ssl.ak.dynamic.tiles.virtualearth.net data:;media-src 'self';frame-src 'self' www.youtube.com;font-src 'self' fonts.gstatic.com;connect-src 'self' www.bing.com  nominatim.openstreetmap.org;report-uri https:\/\/dev.ecclesiacrm.com\/api\/system\/csp-report",         "disposition": "report",         "blocked-uri": "inline",         "line-number": 1553,         "source-file": "https:\/\/dev.ecclesiacrm.com\/v2\/dashboard\/new",         "status-code": 200,         "script-sample": ""     } } [] []
[2022-08-23 20:41:08] defaultLogger.INFO: Array (     [0] => left     [1] => 0     [2] =>  )  [] []
[2022-08-23 20:41:08] defaultLogger.INFO: Array (     [0] => right     [1] => 0     [2] => PastoralCare )  [] []
[2022-08-23 20:41:08] defaultLogger.INFO: Array (     [0] => right     [1] => 1     [2] =>  )  [] []
[2022-08-23 20:41:08] defaultLogger.INFO: Array (     [0] => right     [1] => 2     [2] =>  )  [] []
[2022-08-23 20:41:08] defaultLogger.INFO: Array (     [0] => right     [1] => 3     [2] =>  )  [] []
[2022-08-23 20:41:08] defaultLogger.INFO: Array (     [0] => top     [1] => 0     [2] => BirthdayAnniversary )  [] []
[2022-08-23 20:41:13] defaultLogger.INFO: Array (     [0] => left     [1] => 0     [2] => PastoralCare )  [] []
[2022-08-23 20:41:13] defaultLogger.INFO: Array (     [0] => left     [1] => 1     [2] =>  )  [] []
[2022-08-23 20:41:13] defaultLogger.INFO: Array (     [0] => right     [1] => 0     [2] =>  )  [] []
[2022-08-23 20:41:13] defaultLogger.INFO: Array (     [0] => right     [1] => 1     [2] =>  )  [] []
[2022-08-23 20:41:13] defaultLogger.INFO: Array (     [0] => right     [1] => 2     [2] =>  )  [] []
[2022-08-23 20:41:13] defaultLogger.INFO: Array (     [0] => top     [1] => 0     [2] => BirthdayAnniversary )  [] []
[2022-08-23 20:41:17] defaultLogger.INFO: Array (     [0] => left     [1] => 0     [2] => PastoralCare )  [] []
[2022-08-23 20:41:17] defaultLogger.INFO: Array (     [0] => left     [1] => 1     [2] =>  )  [] []
[2022-08-23 20:41:17] defaultLogger.INFO: Array (     [0] => right     [1] => 0     [2] => BirthdayAnniversary )  [] []
[2022-08-23 20:41:17] defaultLogger.INFO: Array (     [0] => right     [1] => 1     [2] =>  )  [] []
[2022-08-23 20:41:17] defaultLogger.INFO: Array (     [0] => right     [1] => 2     [2] =>  )  [] []
[2022-08-23 20:41:17] defaultLogger.INFO: Array (     [0] => right     [1] => 3     [2] =>  )  [] []
[2022-08-23 20:41:22] defaultLogger.WARNING: {     "csp-report": {         "document-uri": "https:\/\/dev.ecclesiacrm.com\/v2\/dashboard\/new",         "referrer": "",         "violated-directive": "script-src-elem",         "effective-directive": "script-src-elem",         "original-policy": "default-src 'self';script-src 'self' 'unsafe-eval' 'nonce-CNdXwHcAygD4c\/hfVq\/Fpw==' sidecar.gitter.im browser-update.org maps.googleapis.com www.bing.com  dev.virtualearth.net t.ssl.ak.dynamic.tiles.virtualearth.net cdnjs.cloudflare.com meet.jit.si;object-src 'self' 'nonce-CNdXwHcAygD4c\/hfVq\/Fpw==';style-src 'self' 'unsafe-inline' fonts.googleapis.com www.bing.com;img-src 'self' 'nonce-CNdXwHcAygD4c\/hfVq\/Fpw==' www.google.com d maps.gstatic.com maps.googleapis.com a.tile.openstreetmap.org b.tile.openstreetmap.org c.tile.openstreetmap.org www.bing.com t.ssl.ak.dynamic.tiles.virtualearth.net data:;media-src 'self';frame-src 'self' www.youtube.com;font-src 'self' fonts.gstatic.com;connect-src 'self' www.bing.com  nominatim.openstreetmap.org;report-uri https:\/\/dev.ecclesiacrm.com\/api\/system\/csp-report",         "disposition": "report",         "blocked-uri": "inline",         "line-number": 1553,         "source-file": "https:\/\/dev.ecclesiacrm.com\/v2\/dashboard\/new",         "status-code": 200,         "script-sample": ""     } } [] []
[2022-08-23 20:41:44] defaultLogger.INFO: Array (     [0] => left     [1] => 0     [2] => PastoralCare )  [] []
[2022-08-23 20:41:44] defaultLogger.INFO: Array (     [0] => left     [1] => 1     [2] => BirthdayAnniversary )  [] []
[2022-08-23 20:41:44] defaultLogger.INFO: Array (     [0] => left     [1] => 2     [2] =>  )  [] []
[2022-08-23 20:41:44] defaultLogger.INFO: Array (     [0] => right     [1] => 0     [2] =>  )  [] []
[2022-08-23 20:41:44] defaultLogger.INFO: Array (     [0] => right     [1] => 1     [2] =>  )  [] []
[2022-08-23 20:41:44] defaultLogger.INFO: Array (     [0] => right     [1] => 2     [2] =>  )  [] []
[2022-08-23 20:41:48] defaultLogger.WARNING: {     "csp-report": {         "document-uri": "https:\/\/dev.ecclesiacrm.com\/v2\/dashboard\/new",         "referrer": "",         "violated-directive": "script-src-elem",         "effective-directive": "script-src-elem",         "original-policy": "default-src 'self';script-src 'self' 'unsafe-eval' 'nonce-MTX4kvEjt0aNE7MkrT50ZA==' sidecar.gitter.im browser-update.org maps.googleapis.com www.bing.com  dev.virtualearth.net t.ssl.ak.dynamic.tiles.virtualearth.net cdnjs.cloudflare.com meet.jit.si;object-src 'self' 'nonce-MTX4kvEjt0aNE7MkrT50ZA==';style-src 'self' 'unsafe-inline' fonts.googleapis.com www.bing.com;img-src 'self' 'nonce-MTX4kvEjt0aNE7MkrT50ZA==' www.google.com d maps.gstatic.com maps.googleapis.com a.tile.openstreetmap.org b.tile.openstreetmap.org c.tile.openstreetmap.org www.bing.com t.ssl.ak.dynamic.tiles.virtualearth.net data:;media-src 'self';frame-src 'self' www.youtube.com;font-src 'self' fonts.gstatic.com;connect-src 'self' www.bing.com  nominatim.openstreetmap.org;report-uri https:\/\/dev.ecclesiacrm.com\/api\/system\/csp-report",         "disposition": "report",         "blocked-uri": "inline",         "line-number": 1553,         "source-file": "https:\/\/dev.ecclesiacrm.com\/v2\/dashboard\/new",         "status-code": 200,         "script-sample": ""     } } [] []
[2022-08-23 20:41:53] defaultLogger.INFO: Array (     [0] => left     [1] => 0     [2] => PastoralCare )  [] []
[2022-08-23 20:41:53] defaultLogger.INFO: Array (     [0] => left     [1] => 1     [2] => BirthdayAnniversary )  [] []
[2022-08-23 20:41:53] defaultLogger.INFO: Array (     [0] => left     [1] => 2     [2] =>  )  [] []
[2022-08-23 20:41:53] defaultLogger.INFO: Array (     [0] => right     [1] => 0     [2] =>  )  [] []
[2022-08-23 20:41:53] defaultLogger.INFO: Array (     [0] => right     [1] => 1     [2] =>  )  [] []
[2022-08-23 20:41:53] defaultLogger.INFO: Array (     [0] => right     [1] => 2     [2] =>  )  [] []
[2022-08-23 20:42:01] defaultLogger.WARNING: {     "csp-report": {         "document-uri": "https:\/\/dev.ecclesiacrm.com\/v2\/dashboard\/new",         "referrer": "",         "violated-directive": "script-src-elem",         "effective-directive": "script-src-elem",         "original-policy": "default-src 'self';script-src 'self' 'unsafe-eval' 'nonce-xg1V4gk6Ao55k18jAk8pbA==' sidecar.gitter.im browser-update.org maps.googleapis.com www.bing.com  dev.virtualearth.net t.ssl.ak.dynamic.tiles.virtualearth.net cdnjs.cloudflare.com meet.jit.si;object-src 'self' 'nonce-xg1V4gk6Ao55k18jAk8pbA==';style-src 'self' 'unsafe-inline' fonts.googleapis.com www.bing.com;img-src 'self' 'nonce-xg1V4gk6Ao55k18jAk8pbA==' www.google.com d maps.gstatic.com maps.googleapis.com a.tile.openstreetmap.org b.tile.openstreetmap.org c.tile.openstreetmap.org www.bing.com t.ssl.ak.dynamic.tiles.virtualearth.net data:;media-src 'self';frame-src 'self' www.youtube.com;font-src 'self' fonts.gstatic.com;connect-src 'self' www.bing.com  nominatim.openstreetmap.org;report-uri https:\/\/dev.ecclesiacrm.com\/api\/system\/csp-report",         "disposition": "report",         "blocked-uri": "inline",         "line-number": 1553,         "source-file": "https:\/\/dev.ecclesiacrm.com\/v2\/dashboard\/new",         "status-code": 200,         "script-sample": ""     } } [] []
[2022-08-23 20:42:06] defaultLogger.INFO: Array (     [0] => left     [1] => 0     [2] => PastoralCare )  [] []
[2022-08-23 20:42:06] defaultLogger.INFO: Array (     [0] => left     [1] => 1     [2] => BirthdayAnniversary )  [] []
[2022-08-23 20:42:06] defaultLogger.INFO: Array (     [0] => left     [1] => 2     [2] =>  )  [] []
[2022-08-23 20:42:06] defaultLogger.INFO: Array (     [0] => right     [1] => 0     [2] =>  )  [] []
[2022-08-23 20:42:06] defaultLogger.INFO: Array (     [0] => right     [1] => 1     [2] =>  )  [] []
[2022-08-23 20:42:06] defaultLogger.INFO: Array (     [0] => right     [1] => 2     [2] =>  )  [] []
[2022-08-23 20:42:12] defaultLogger.WARNING: {     "csp-report": {         "document-uri": "https:\/\/dev.ecclesiacrm.com\/v2\/dashboard\/new",         "referrer": "",         "violated-directive": "script-src-elem",         "effective-directive": "script-src-elem",         "original-policy": "default-src 'self';script-src 'self' 'unsafe-eval' 'nonce-aaqUO9UURfatGBGcplXZ1A==' sidecar.gitter.im browser-update.org maps.googleapis.com www.bing.com  dev.virtualearth.net t.ssl.ak.dynamic.tiles.virtualearth.net cdnjs.cloudflare.com meet.jit.si;object-src 'self' 'nonce-aaqUO9UURfatGBGcplXZ1A==';style-src 'self' 'unsafe-inline' fonts.googleapis.com www.bing.com;img-src 'self' 'nonce-aaqUO9UURfatGBGcplXZ1A==' www.google.com d maps.gstatic.com maps.googleapis.com a.tile.openstreetmap.org b.tile.openstreetmap.org c.tile.openstreetmap.org www.bing.com t.ssl.ak.dynamic.tiles.virtualearth.net data:;media-src 'self';frame-src 'self' www.youtube.com;font-src 'self' fonts.gstatic.com;connect-src 'self' www.bing.com  nominatim.openstreetmap.org;report-uri https:\/\/dev.ecclesiacrm.com\/api\/system\/csp-report",         "disposition": "report",         "blocked-uri": "inline",         "line-number": 1553,         "source-file": "https:\/\/dev.ecclesiacrm.com\/v2\/dashboard\/new",         "status-code": 200,         "script-sample": ""     } } [] []
[2022-08-23 20:42:55] defaultLogger.INFO: Array (     [0] => left     [1] => 0     [2] => PastoralCare )  [] []
[2022-08-23 20:42:55] defaultLogger.INFO: Array (     [0] => left     [1] => 1     [2] =>  )  [] []
[2022-08-23 20:42:55] defaultLogger.INFO: Array (     [0] => left     [1] => 2     [2] => BirthdayAnniversary )  [] []
[2022-08-23 20:42:55] defaultLogger.INFO: Array (     [0] => right     [1] => 0     [2] =>  )  [] []
[2022-08-23 20:42:55] defaultLogger.INFO: Array (     [0] => right     [1] => 1     [2] =>  )  [] []
[2022-08-23 20:42:55] defaultLogger.INFO: Array (     [0] => right     [1] => 2     [2] =>  )  [] []
[2022-08-23 20:55:42] defaultLogger.WARNING: {     "csp-report": {         "document-uri": "https:\/\/dev.ecclesiacrm.com\/v2\/dashboard\/new",         "referrer": "",         "violated-directive": "script-src-elem",         "effective-directive": "script-src-elem",         "original-policy": "default-src 'self';script-src 'self' 'unsafe-eval' 'nonce-19RvmiqO4jb7jLgBMjHAxQ==' sidecar.gitter.im browser-update.org maps.googleapis.com www.bing.com  dev.virtualearth.net t.ssl.ak.dynamic.tiles.virtualearth.net cdnjs.cloudflare.com meet.jit.si;object-src 'self' 'nonce-19RvmiqO4jb7jLgBMjHAxQ==';style-src 'self' 'unsafe-inline' fonts.googleapis.com www.bing.com;img-src 'self' 'nonce-19RvmiqO4jb7jLgBMjHAxQ==' www.google.com d maps.gstatic.com maps.googleapis.com a.tile.openstreetmap.org b.tile.openstreetmap.org c.tile.openstreetmap.org www.bing.com t.ssl.ak.dynamic.tiles.virtualearth.net data:;media-src 'self';frame-src 'self' www.youtube.com;font-src 'self' fonts.gstatic.com;connect-src 'self' www.bing.com  nominatim.openstreetmap.org;report-uri https:\/\/dev.ecclesiacrm.com\/api\/system\/csp-report",         "disposition": "report",         "blocked-uri": "inline",         "line-number": 1553,         "source-file": "https:\/\/dev.ecclesiacrm.com\/v2\/dashboard\/new",         "status-code": 200,         "script-sample": ""     } } [] []
[2022-08-23 20:56:21] defaultLogger.WARNING: {     "csp-report": {         "document-uri": "https:\/\/dev.ecclesiacrm.com\/v2\/dashboard\/new",         "referrer": "",         "violated-directive": "script-src-elem",         "effective-directive": "script-src-elem",         "original-policy": "default-src 'self';script-src 'self' 'unsafe-eval' 'nonce-NK2iv2AlkKOQk+aaGfEPxg==' sidecar.gitter.im browser-update.org maps.googleapis.com www.bing.com  dev.virtualearth.net t.ssl.ak.dynamic.tiles.virtualearth.net cdnjs.cloudflare.com meet.jit.si;object-src 'self' 'nonce-NK2iv2AlkKOQk+aaGfEPxg==';style-src 'self' 'unsafe-inline' fonts.googleapis.com www.bing.com;img-src 'self' 'nonce-NK2iv2AlkKOQk+aaGfEPxg==' www.google.com d maps.gstatic.com maps.googleapis.com a.tile.openstreetmap.org b.tile.openstreetmap.org c.tile.openstreetmap.org www.bing.com t.ssl.ak.dynamic.tiles.virtualearth.net data:;media-src 'self';frame-src 'self' www.youtube.com;font-src 'self' fonts.gstatic.com;connect-src 'self' www.bing.com  nominatim.openstreetmap.org;report-uri https:\/\/dev.ecclesiacrm.com\/api\/system\/csp-report",         "disposition": "report",         "blocked-uri": "inline",         "line-number": 1553,         "source-file": "https:\/\/dev.ecclesiacrm.com\/v2\/dashboard\/new",         "status-code": 200,         "script-sample": ""     } } [] []
[2022-08-23 20:57:57] defaultLogger.WARNING: {     "csp-report": {         "document-uri": "https:\/\/dev.ecclesiacrm.com\/v2\/dashboard\/new",         "referrer": "",         "violated-directive": "script-src-elem",         "effective-directive": "script-src-elem",         "original-policy": "default-src 'self';script-src 'self' 'unsafe-eval' 'nonce-5tkzz7kdjhKpv2DAZ\/s+7A==' sidecar.gitter.im browser-update.org maps.googleapis.com www.bing.com  dev.virtualearth.net t.ssl.ak.dynamic.tiles.virtualearth.net cdnjs.cloudflare.com meet.jit.si;object-src 'self' 'nonce-5tkzz7kdjhKpv2DAZ\/s+7A==';style-src 'self' 'unsafe-inline' fonts.googleapis.com www.bing.com;img-src 'self' 'nonce-5tkzz7kdjhKpv2DAZ\/s+7A==' www.google.com d maps.gstatic.com maps.googleapis.com a.tile.openstreetmap.org b.tile.openstreetmap.org c.tile.openstreetmap.org www.bing.com t.ssl.ak.dynamic.tiles.virtualearth.net data:;media-src 'self';frame-src 'self' www.youtube.com;font-src 'self' fonts.gstatic.com;connect-src 'self' www.bing.com  nominatim.openstreetmap.org;report-uri https:\/\/dev.ecclesiacrm.com\/api\/system\/csp-report",         "disposition": "report",         "blocked-uri": "inline",         "line-number": 1553,         "source-file": "https:\/\/dev.ecclesiacrm.com\/v2\/dashboard\/new",         "status-code": 200,         "script-sample": ""     } } [] []
[2022-08-23 20:58:09] defaultLogger.INFO: Array (     [0] => left     [1] => 0     [2] => BirthdayAnniversary )  [] []
[2022-08-23 20:58:09] defaultLogger.INFO: Array (     [0] => left     [1] => 1     [2] => PastoralCare )  [] []
[2022-08-23 20:58:09] defaultLogger.INFO: Array (     [0] => left     [1] => 2     [2] =>  )  [] []
[2022-08-23 20:58:09] defaultLogger.INFO: Array (     [0] => right     [1] => 0     [2] =>  )  [] []
[2022-08-23 20:58:09] defaultLogger.INFO: Array (     [0] => right     [1] => 1     [2] =>  )  [] []
[2022-08-23 20:58:09] defaultLogger.INFO: Array (     [0] => right     [1] => 2     [2] =>  )  [] []
[2022-08-23 20:58:13] defaultLogger.WARNING: {     "csp-report": {         "document-uri": "https:\/\/dev.ecclesiacrm.com\/v2\/dashboard\/new",         "referrer": "",         "violated-directive": "script-src-elem",         "effective-directive": "script-src-elem",         "original-policy": "default-src 'self';script-src 'self' 'unsafe-eval' 'nonce-sVoe1wNOkLxsi+6tYXU9hg==' sidecar.gitter.im browser-update.org maps.googleapis.com www.bing.com  dev.virtualearth.net t.ssl.ak.dynamic.tiles.virtualearth.net cdnjs.cloudflare.com meet.jit.si;object-src 'self' 'nonce-sVoe1wNOkLxsi+6tYXU9hg==';style-src 'self' 'unsafe-inline' fonts.googleapis.com www.bing.com;img-src 'self' 'nonce-sVoe1wNOkLxsi+6tYXU9hg==' www.google.com d maps.gstatic.com maps.googleapis.com a.tile.openstreetmap.org b.tile.openstreetmap.org c.tile.openstreetmap.org www.bing.com t.ssl.ak.dynamic.tiles.virtualearth.net data:;media-src 'self';frame-src 'self' www.youtube.com;font-src 'self' fonts.gstatic.com;connect-src 'self' www.bing.com  nominatim.openstreetmap.org;report-uri https:\/\/dev.ecclesiacrm.com\/api\/system\/csp-report",         "disposition": "report",         "blocked-uri": "inline",         "line-number": 1553,         "source-file": "https:\/\/dev.ecclesiacrm.com\/v2\/dashboard\/new",         "status-code": 200,         "script-sample": ""     } } [] []
[2022-08-23 20:58:15] defaultLogger.INFO: Array (     [0] => left     [1] => 0     [2] => PastoralCare )  [] []
[2022-08-23 20:58:15] defaultLogger.INFO: Array (     [0] => left     [1] => 1     [2] => BirthdayAnniversary )  [] []
[2022-08-23 20:58:15] defaultLogger.INFO: Array (     [0] => left     [1] => 2     [2] =>  )  [] []
[2022-08-23 20:58:15] defaultLogger.INFO: Array (     [0] => right     [1] => 0     [2] =>  )  [] []
[2022-08-23 20:58:15] defaultLogger.INFO: Array (     [0] => right     [1] => 1     [2] =>  )  [] []
[2022-08-23 20:58:15] defaultLogger.INFO: Array (     [0] => right     [1] => 2     [2] =>  )  [] []
[2022-08-23 20:58:20] defaultLogger.WARNING: {     "csp-report": {         "document-uri": "https:\/\/dev.ecclesiacrm.com\/v2\/dashboard\/new",         "referrer": "",         "violated-directive": "script-src-elem",         "effective-directive": "script-src-elem",         "original-policy": "default-src 'self';script-src 'self' 'unsafe-eval' 'nonce-wBbw4giAei3DFTvEq\/9xhQ==' sidecar.gitter.im browser-update.org maps.googleapis.com www.bing.com  dev.virtualearth.net t.ssl.ak.dynamic.tiles.virtualearth.net cdnjs.cloudflare.com meet.jit.si;object-src 'self' 'nonce-wBbw4giAei3DFTvEq\/9xhQ==';style-src 'self' 'unsafe-inline' fonts.googleapis.com www.bing.com;img-src 'self' 'nonce-wBbw4giAei3DFTvEq\/9xhQ==' www.google.com d maps.gstatic.com maps.googleapis.com a.tile.openstreetmap.org b.tile.openstreetmap.org c.tile.openstreetmap.org www.bing.com t.ssl.ak.dynamic.tiles.virtualearth.net data:;media-src 'self';frame-src 'self' www.youtube.com;font-src 'self' fonts.gstatic.com;connect-src 'self' www.bing.com  nominatim.openstreetmap.org;report-uri https:\/\/dev.ecclesiacrm.com\/api\/system\/csp-report",         "disposition": "report",         "blocked-uri": "inline",         "line-number": 1553,         "source-file": "https:\/\/dev.ecclesiacrm.com\/v2\/dashboard\/new",         "status-code": 200,         "script-sample": ""     } } [] []
[2022-08-23 20:59:27] defaultLogger.WARNING: {     "csp-report": {         "document-uri": "https:\/\/dev.ecclesiacrm.com\/v2\/dashboard\/new",         "referrer": "",         "violated-directive": "script-src-elem",         "effective-directive": "script-src-elem",         "original-policy": "default-src 'self';script-src 'self' 'unsafe-eval' 'nonce-iKw+ZA2kwHYQrd5WVg93FQ==' sidecar.gitter.im browser-update.org maps.googleapis.com www.bing.com  dev.virtualearth.net t.ssl.ak.dynamic.tiles.virtualearth.net cdnjs.cloudflare.com meet.jit.si;object-src 'self' 'nonce-iKw+ZA2kwHYQrd5WVg93FQ==';style-src 'self' 'unsafe-inline' fonts.googleapis.com www.bing.com;img-src 'self' 'nonce-iKw+ZA2kwHYQrd5WVg93FQ==' www.google.com d maps.gstatic.com maps.googleapis.com a.tile.openstreetmap.org b.tile.openstreetmap.org c.tile.openstreetmap.org www.bing.com t.ssl.ak.dynamic.tiles.virtualearth.net data:;media-src 'self';frame-src 'self' www.youtube.com;font-src 'self' fonts.gstatic.com;connect-src 'self' www.bing.com  nominatim.openstreetmap.org;report-uri https:\/\/dev.ecclesiacrm.com\/api\/system\/csp-report",         "disposition": "report",         "blocked-uri": "inline",         "line-number": 1553,         "source-file": "https:\/\/dev.ecclesiacrm.com\/v2\/dashboard\/new",         "status-code": 200,         "script-sample": ""     } } [] []
[2022-08-23 20:59:33] defaultLogger.INFO: Array (     [0] => left     [1] => 0     [2] => BirthdayAnniversary )  [] []
[2022-08-23 20:59:33] defaultLogger.INFO: Array (     [0] => left     [1] => 1     [2] =>  )  [] []
[2022-08-23 20:59:33] defaultLogger.INFO: Array (     [0] => right     [1] => 0     [2] =>  )  [] []
[2022-08-23 20:59:33] defaultLogger.INFO: Array (     [0] => right     [1] => 1     [2] =>  )  [] []
[2022-08-23 20:59:33] defaultLogger.INFO: Array (     [0] => right     [1] => 2     [2] =>  )  [] []
[2022-08-23 20:59:33] defaultLogger.INFO: Array (     [0] => top     [1] => 0     [2] => PastoralCare )  [] []
[2022-08-23 20:59:36] defaultLogger.INFO: Array (     [0] => left     [1] => 0     [2] =>  )  [] []
[2022-08-23 20:59:36] defaultLogger.INFO: Array (     [0] => right     [1] => 0     [2] =>  )  [] []
[2022-08-23 20:59:36] defaultLogger.INFO: Array (     [0] => right     [1] => 1     [2] =>  )  [] []
[2022-08-23 20:59:36] defaultLogger.INFO: Array (     [0] => right     [1] => 2     [2] =>  )  [] []
[2022-08-23 20:59:36] defaultLogger.INFO: Array (     [0] => top     [1] => 0     [2] => PastoralCare )  [] []
[2022-08-23 20:59:36] defaultLogger.INFO: Array (     [0] => top     [1] => 1     [2] => BirthdayAnniversary )  [] []
[2022-08-23 20:59:40] defaultLogger.WARNING: {     "csp-report": {         "document-uri": "https:\/\/dev.ecclesiacrm.com\/v2\/dashboard\/new",         "referrer": "",         "violated-directive": "script-src-elem",         "effective-directive": "script-src-elem",         "original-policy": "default-src 'self';script-src 'self' 'unsafe-eval' 'nonce-vRENWDO7INMZVMxtLrM2Ng==' sidecar.gitter.im browser-update.org maps.googleapis.com www.bing.com  dev.virtualearth.net t.ssl.ak.dynamic.tiles.virtualearth.net cdnjs.cloudflare.com meet.jit.si;object-src 'self' 'nonce-vRENWDO7INMZVMxtLrM2Ng==';style-src 'self' 'unsafe-inline' fonts.googleapis.com www.bing.com;img-src 'self' 'nonce-vRENWDO7INMZVMxtLrM2Ng==' www.google.com d maps.gstatic.com maps.googleapis.com a.tile.openstreetmap.org b.tile.openstreetmap.org c.tile.openstreetmap.org www.bing.com t.ssl.ak.dynamic.tiles.virtualearth.net data:;media-src 'self';frame-src 'self' www.youtube.com;font-src 'self' fonts.gstatic.com;connect-src 'self' www.bing.com  nominatim.openstreetmap.org;report-uri https:\/\/dev.ecclesiacrm.com\/api\/system\/csp-report",         "disposition": "report",         "blocked-uri": "inline",         "line-number": 1553,         "source-file": "https:\/\/dev.ecclesiacrm.com\/v2\/dashboard\/new",         "status-code": 200,         "script-sample": ""     } } [] []
[2022-08-23 20:59:46] defaultLogger.INFO: Array (     [0] => left     [1] => 0     [2] =>  )  [] []
[2022-08-23 20:59:46] defaultLogger.INFO: Array (     [0] => right     [1] => 0     [2] =>  )  [] []
[2022-08-23 20:59:46] defaultLogger.INFO: Array (     [0] => right     [1] => 1     [2] =>  )  [] []
[2022-08-23 20:59:46] defaultLogger.INFO: Array (     [0] => right     [1] => 2     [2] =>  )  [] []
[2022-08-23 20:59:46] defaultLogger.INFO: Array (     [0] => top     [1] => 0     [2] => BirthdayAnniversary )  [] []
[2022-08-23 20:59:46] defaultLogger.INFO: Array (     [0] => top     [1] => 1     [2] => PastoralCare )  [] []
[2022-08-23 20:59:48] defaultLogger.WARNING: {     "csp-report": {         "document-uri": "https:\/\/dev.ecclesiacrm.com\/v2\/dashboard\/new",         "referrer": "",         "violated-directive": "script-src-elem",         "effective-directive": "script-src-elem",         "original-policy": "default-src 'self';script-src 'self' 'unsafe-eval' 'nonce-ndn89ZGVmupEinPCx4U7zQ==' sidecar.gitter.im browser-update.org maps.googleapis.com www.bing.com  dev.virtualearth.net t.ssl.ak.dynamic.tiles.virtualearth.net cdnjs.cloudflare.com meet.jit.si;object-src 'self' 'nonce-ndn89ZGVmupEinPCx4U7zQ==';style-src 'self' 'unsafe-inline' fonts.googleapis.com www.bing.com;img-src 'self' 'nonce-ndn89ZGVmupEinPCx4U7zQ==' www.google.com d maps.gstatic.com maps.googleapis.com a.tile.openstreetmap.org b.tile.openstreetmap.org c.tile.openstreetmap.org www.bing.com t.ssl.ak.dynamic.tiles.virtualearth.net data:;media-src 'self';frame-src 'self' www.youtube.com;font-src 'self' fonts.gstatic.com;connect-src 'self' www.bing.com  nominatim.openstreetmap.org;report-uri https:\/\/dev.ecclesiacrm.com\/api\/system\/csp-report",         "disposition": "report",         "blocked-uri": "inline",         "line-number": 1553,         "source-file": "https:\/\/dev.ecclesiacrm.com\/v2\/dashboard\/new",         "status-code": 200,         "script-sample": ""     } } [] []
[2022-08-23 21:00:11] defaultLogger.INFO: Array (     [0] => left     [1] => 0     [2] =>  )  [] []
[2022-08-23 21:00:11] defaultLogger.INFO: Array (     [0] => right     [1] => 0     [2] => PastoralCare )  [] []
[2022-08-23 21:00:11] defaultLogger.INFO: Array (     [0] => right     [1] => 1     [2] =>  )  [] []
[2022-08-23 21:00:11] defaultLogger.INFO: Array (     [0] => right     [1] => 2     [2] =>  )  [] []
[2022-08-23 21:00:11] defaultLogger.INFO: Array (     [0] => right     [1] => 3     [2] =>  )  [] []
[2022-08-23 21:00:11] defaultLogger.INFO: Array (     [0] => top     [1] => 0     [2] => BirthdayAnniversary )  [] []
[2022-08-23 21:00:11] defaultLogger.INFO: Array (     [0] => left     [1] => 0     [2] =>  )  [] []
[2022-08-23 21:00:11] defaultLogger.INFO: Array (     [0] => right     [1] => 0     [2] => BirthdayAnniversary )  [] []
[2022-08-23 21:00:11] defaultLogger.INFO: Array (     [0] => right     [1] => 1     [2] => PastoralCare )  [] []
[2022-08-23 21:00:11] defaultLogger.INFO: Array (     [0] => right     [1] => 2     [2] =>  )  [] []
[2022-08-23 21:00:11] defaultLogger.INFO: Array (     [0] => right     [1] => 3     [2] =>  )  [] []
[2022-08-23 21:00:11] defaultLogger.INFO: Array (     [0] => right     [1] => 4     [2] =>  )  [] []
[2022-08-23 21:00:11] defaultLogger.WARNING: {     "csp-report": {         "document-uri": "https:\/\/dev.ecclesiacrm.com\/v2\/dashboard\/new",         "referrer": "",         "violated-directive": "script-src-elem",         "effective-directive": "script-src-elem",         "original-policy": "default-src 'self';script-src 'self' 'unsafe-eval' 'nonce-90wfxLcbHuasa6VJEq1zfg==' sidecar.gitter.im browser-update.org maps.googleapis.com www.bing.com  dev.virtualearth.net t.ssl.ak.dynamic.tiles.virtualearth.net cdnjs.cloudflare.com meet.jit.si;object-src 'self' 'nonce-90wfxLcbHuasa6VJEq1zfg==';style-src 'self' 'unsafe-inline' fonts.googleapis.com www.bing.com;img-src 'self' 'nonce-90wfxLcbHuasa6VJEq1zfg==' www.google.com d maps.gstatic.com maps.googleapis.com a.tile.openstreetmap.org b.tile.openstreetmap.org c.tile.openstreetmap.org www.bing.com t.ssl.ak.dynamic.tiles.virtualearth.net data:;media-src 'self';frame-src 'self' www.youtube.com;font-src 'self' fonts.gstatic.com;connect-src 'self' www.bing.com  nominatim.openstreetmap.org;report-uri https:\/\/dev.ecclesiacrm.com\/api\/system\/csp-report",         "disposition": "report",         "blocked-uri": "inline",         "line-number": 1553,         "source-file": "https:\/\/dev.ecclesiacrm.com\/v2\/dashboard\/new",         "status-code": 200,         "script-sample": ""     } } [] []
[2022-08-23 21:00:15] defaultLogger.INFO: Array (     [0] => left     [1] => 0     [2] =>  )  [] []
[2022-08-23 21:00:15] defaultLogger.INFO: Array (     [0] => right     [1] => 0     [2] => PastoralCare )  [] []
[2022-08-23 21:00:15] defaultLogger.INFO: Array (     [0] => right     [1] => 1     [2] =>  )  [] []
[2022-08-23 21:00:15] defaultLogger.INFO: Array (     [0] => right     [1] => 2     [2] =>  )  [] []
[2022-08-23 21:00:15] defaultLogger.INFO: Array (     [0] => right     [1] => 3     [2] =>  )  [] []
[2022-08-23 21:00:15] defaultLogger.INFO: Array (     [0] => top     [1] => 0     [2] => BirthdayAnniversary )  [] []
[2022-08-23 21:00:20] defaultLogger.WARNING: {     "csp-report": {         "document-uri": "https:\/\/dev.ecclesiacrm.com\/v2\/dashboard\/new",         "referrer": "",         "violated-directive": "script-src-elem",         "effective-directive": "script-src-elem",         "original-policy": "default-src 'self';script-src 'self' 'unsafe-eval' 'nonce-glwYR+KmnJ345YzLZoSR7Q==' sidecar.gitter.im browser-update.org maps.googleapis.com www.bing.com  dev.virtualearth.net t.ssl.ak.dynamic.tiles.virtualearth.net cdnjs.cloudflare.com meet.jit.si;object-src 'self' 'nonce-glwYR+KmnJ345YzLZoSR7Q==';style-src 'self' 'unsafe-inline' fonts.googleapis.com www.bing.com;img-src 'self' 'nonce-glwYR+KmnJ345YzLZoSR7Q==' www.google.com d maps.gstatic.com maps.googleapis.com a.tile.openstreetmap.org b.tile.openstreetmap.org c.tile.openstreetmap.org www.bing.com t.ssl.ak.dynamic.tiles.virtualearth.net data:;media-src 'self';frame-src 'self' www.youtube.com;font-src 'self' fonts.gstatic.com;connect-src 'self' www.bing.com  nominatim.openstreetmap.org;report-uri https:\/\/dev.ecclesiacrm.com\/api\/system\/csp-report",         "disposition": "report",         "blocked-uri": "inline",         "line-number": 1553,         "source-file": "https:\/\/dev.ecclesiacrm.com\/v2\/dashboard\/new",         "status-code": 200,         "script-sample": ""     } } [] []
[2022-08-23 21:00:23] defaultLogger.INFO: Array (     [0] => left     [1] => 0     [2] =>  )  [] []
[2022-08-23 21:00:23] defaultLogger.INFO: Array (     [0] => right     [1] => 0     [2] => BirthdayAnniversary )  [] []
[2022-08-23 21:00:23] defaultLogger.INFO: Array (     [0] => right     [1] => 1     [2] => PastoralCare )  [] []
[2022-08-23 21:00:23] defaultLogger.INFO: Array (     [0] => right     [1] => 2     [2] =>  )  [] []
[2022-08-23 21:00:23] defaultLogger.INFO: Array (     [0] => right     [1] => 3     [2] =>  )  [] []
[2022-08-23 21:00:23] defaultLogger.INFO: Array (     [0] => right     [1] => 4     [2] =>  )  [] []
[2022-08-23 21:00:26] defaultLogger.WARNING: {     "csp-report": {         "document-uri": "https:\/\/dev.ecclesiacrm.com\/v2\/dashboard\/new",         "referrer": "",         "violated-directive": "script-src-elem",         "effective-directive": "script-src-elem",         "original-policy": "default-src 'self';script-src 'self' 'unsafe-eval' 'nonce-5NPME3HVDxAiM2bI3cStVg==' sidecar.gitter.im browser-update.org maps.googleapis.com www.bing.com  dev.virtualearth.net t.ssl.ak.dynamic.tiles.virtualearth.net cdnjs.cloudflare.com meet.jit.si;object-src 'self' 'nonce-5NPME3HVDxAiM2bI3cStVg==';style-src 'self' 'unsafe-inline' fonts.googleapis.com www.bing.com;img-src 'self' 'nonce-5NPME3HVDxAiM2bI3cStVg==' www.google.com d maps.gstatic.com maps.googleapis.com a.tile.openstreetmap.org b.tile.openstreetmap.org c.tile.openstreetmap.org www.bing.com t.ssl.ak.dynamic.tiles.virtualearth.net data:;media-src 'self';frame-src 'self' www.youtube.com;font-src 'self' fonts.gstatic.com;connect-src 'self' www.bing.com  nominatim.openstreetmap.org;report-uri https:\/\/dev.ecclesiacrm.com\/api\/system\/csp-report",         "disposition": "report",         "blocked-uri": "inline",         "line-number": 1553,         "source-file": "https:\/\/dev.ecclesiacrm.com\/v2\/dashboard\/new",         "status-code": 200,         "script-sample": ""     } } [] []
[2022-08-23 21:00:32] defaultLogger.INFO: Array (     [0] => left     [1] => 0     [2] =>  )  [] []
[2022-08-23 21:00:32] defaultLogger.INFO: Array (     [0] => right     [1] => 0     [2] => PastoralCare )  [] []
[2022-08-23 21:00:32] defaultLogger.INFO: Array (     [0] => right     [1] => 1     [2] => BirthdayAnniversary )  [] []
[2022-08-23 21:00:32] defaultLogger.INFO: Array (     [0] => right     [1] => 2     [2] =>  )  [] []
[2022-08-23 21:00:32] defaultLogger.INFO: Array (     [0] => right     [1] => 3     [2] =>  )  [] []
[2022-08-23 21:00:32] defaultLogger.INFO: Array (     [0] => right     [1] => 4     [2] =>  )  [] []
[2022-08-23 21:00:37] defaultLogger.WARNING: {     "csp-report": {         "document-uri": "https:\/\/dev.ecclesiacrm.com\/v2\/dashboard\/new",         "referrer": "",         "violated-directive": "script-src-elem",         "effective-directive": "script-src-elem",         "original-policy": "default-src 'self';script-src 'self' 'unsafe-eval' 'nonce-wqetMQaKx+Ie0cHh8svp3g==' sidecar.gitter.im browser-update.org maps.googleapis.com www.bing.com  dev.virtualearth.net t.ssl.ak.dynamic.tiles.virtualearth.net cdnjs.cloudflare.com meet.jit.si;object-src 'self' 'nonce-wqetMQaKx+Ie0cHh8svp3g==';style-src 'self' 'unsafe-inline' fonts.googleapis.com www.bing.com;img-src 'self' 'nonce-wqetMQaKx+Ie0cHh8svp3g==' www.google.com d maps.gstatic.com maps.googleapis.com a.tile.openstreetmap.org b.tile.openstreetmap.org c.tile.openstreetmap.org www.bing.com t.ssl.ak.dynamic.tiles.virtualearth.net data:;media-src 'self';frame-src 'self' www.youtube.com;font-src 'self' fonts.gstatic.com;connect-src 'self' www.bing.com  nominatim.openstreetmap.org;report-uri https:\/\/dev.ecclesiacrm.com\/api\/system\/csp-report",         "disposition": "report",         "blocked-uri": "inline",         "line-number": 1553,         "source-file": "https:\/\/dev.ecclesiacrm.com\/v2\/dashboard\/new",         "status-code": 200,         "script-sample": ""     } } [] []
[2022-08-23 21:00:40] defaultLogger.INFO: Array (     [0] => right     [1] => 0     [2] =>  )  [] []
[2022-08-23 21:00:40] defaultLogger.INFO: Array (     [0] => right     [1] => 1     [2] => PastoralCare )  [] []
[2022-08-23 21:00:40] defaultLogger.INFO: Array (     [0] => right     [1] => 2     [2] => BirthdayAnniversary )  [] []
[2022-08-23 21:00:40] defaultLogger.INFO: Array (     [0] => right     [1] => 3     [2] =>  )  [] []
[2022-08-23 21:00:40] defaultLogger.INFO: Array (     [0] => right     [1] => 4     [2] =>  )  [] []
[2022-08-23 21:00:40] defaultLogger.INFO: Array (     [0] => right     [1] => 5     [2] =>  )  [] []
[2022-08-23 21:00:45] defaultLogger.INFO: Array (     [0] => left     [1] => 0     [2] => PastoralCare )  [] []
[2022-08-23 21:00:45] defaultLogger.INFO: Array (     [0] => right     [1] => 0     [2] =>  )  [] []
[2022-08-23 21:00:45] defaultLogger.INFO: Array (     [0] => right     [1] => 1     [2] => BirthdayAnniversary )  [] []
[2022-08-23 21:00:45] defaultLogger.INFO: Array (     [0] => right     [1] => 2     [2] =>  )  [] []
[2022-08-23 21:00:45] defaultLogger.INFO: Array (     [0] => right     [1] => 3     [2] =>  )  [] []
[2022-08-23 21:00:45] defaultLogger.INFO: Array (     [0] => right     [1] => 4     [2] =>  )  [] []
[2022-08-23 21:00:54] defaultLogger.WARNING: {     "csp-report": {         "document-uri": "https:\/\/dev.ecclesiacrm.com\/v2\/dashboard\/new",         "referrer": "",         "violated-directive": "script-src-elem",         "effective-directive": "script-src-elem",         "original-policy": "default-src 'self';script-src 'self' 'unsafe-eval' 'nonce-ZPMu98Kz1GQOxVUut0YAPA==' sidecar.gitter.im browser-update.org maps.googleapis.com www.bing.com  dev.virtualearth.net t.ssl.ak.dynamic.tiles.virtualearth.net cdnjs.cloudflare.com meet.jit.si;object-src 'self' 'nonce-ZPMu98Kz1GQOxVUut0YAPA==';style-src 'self' 'unsafe-inline' fonts.googleapis.com www.bing.com;img-src 'self' 'nonce-ZPMu98Kz1GQOxVUut0YAPA==' www.google.com d maps.gstatic.com maps.googleapis.com a.tile.openstreetmap.org b.tile.openstreetmap.org c.tile.openstreetmap.org www.bing.com t.ssl.ak.dynamic.tiles.virtualearth.net data:;media-src 'self';frame-src 'self' www.youtube.com;font-src 'self' fonts.gstatic.com;connect-src 'self' www.bing.com  nominatim.openstreetmap.org;report-uri https:\/\/dev.ecclesiacrm.com\/api\/system\/csp-report",         "disposition": "report",         "blocked-uri": "inline",         "line-number": 1553,         "source-file": "https:\/\/dev.ecclesiacrm.com\/v2\/dashboard\/new",         "status-code": 200,         "script-sample": ""     } } [] []
