[2022-09-08 18:10:25] defaultLogger.INFO: Updating MailChimp List Cache [] []
[2022-09-08 18:10:40] defaultLogger.INFO: Updating MailChimp Campaigns Cache [] []
[2022-09-08 18:10:47] defaultLogger.INFO: res = '' [] []
[2022-09-08 18:10:47] defaultLogger.INFO: res = '1' [] []
[2022-09-08 18:10:47] defaultLogger.WARNING: {     "csp-report": {         "document-uri": "https:\/\/dev.ecclesiacrm.com\/v2\/dashboard",         "referrer": "https:\/\/dev.ecclesiacrm.com\/v2\/dashboard",         "violated-directive": "script-src-elem",         "effective-directive": "script-src-elem",         "original-policy": "default-src 'self';script-src 'self' 'unsafe-eval' 'nonce-Gdlqqm6uxMZeWxN7iaCxxA==' sidecar.gitter.im browser-update.org maps.googleapis.com www.bing.com  dev.virtualearth.net t.ssl.ak.dynamic.tiles.virtualearth.net cdnjs.cloudflare.com meet.jit.si;object-src 'self' 'nonce-Gdlqqm6uxMZeWxN7iaCxxA==';style-src 'self' 'unsafe-inline' fonts.googleapis.com www.bing.com;img-src 'self' 'nonce-Gdlqqm6uxMZeWxN7iaCxxA==' www.google.com d maps.gstatic.com maps.googleapis.com a.tile.openstreetmap.org b.tile.openstreetmap.org c.tile.openstreetmap.org www.bing.com t.ssl.ak.dynamic.tiles.virtualearth.net data:;media-src 'self';frame-src 'self' www.youtube.com;font-src 'self' fonts.gstatic.com;connect-src 'self' www.bing.com  nominatim.openstreetmap.org;report-uri https:\/\/dev.ecclesiacrm.com\/api\/system\/csp-report",         "disposition": "report",         "blocked-uri": "inline",         "line-number": 869,         "source-file": "https:\/\/dev.ecclesiacrm.com\/v2\/dashboard",         "status-code": 200,         "script-sample": ""     } } [] []
[2022-09-08 18:11:30] defaultLogger.INFO: res = '' [] []
[2022-09-08 18:11:43] defaultLogger.INFO: res = '' [] []
[2022-09-08 18:11:43] defaultLogger.INFO: res = '1' [] []
[2022-09-08 18:11:54] defaultLogger.INFO: res = '' [] []
[2022-09-08 18:11:54] defaultLogger.INFO: res = '1' [] []
[2022-09-08 18:11:56] defaultLogger.INFO: res = '' [] []
[2022-09-08 18:11:56] defaultLogger.INFO: res = '1' [] []
[2022-09-08 18:11:58] defaultLogger.INFO: res = '' [] []
[2022-09-08 18:11:58] defaultLogger.INFO: res = '1' [] []
[2022-09-08 18:15:35] defaultLogger.INFO: res = '' [] []
[2022-09-08 18:15:35] defaultLogger.INFO: res = '1' [] []
[2022-09-08 18:15:36] defaultLogger.WARNING: {     "csp-report": {         "document-uri": "https:\/\/dev.ecclesiacrm.com\/v2\/dashboard",         "referrer": "https:\/\/dev.ecclesiacrm.com\/v2\/dashboard",         "violated-directive": "script-src-elem",         "effective-directive": "script-src-elem",         "original-policy": "default-src 'self';script-src 'self' 'unsafe-eval' 'nonce-EFDZ9yJqRmvu+BeyEzUtOA==' sidecar.gitter.im browser-update.org maps.googleapis.com www.bing.com  dev.virtualearth.net t.ssl.ak.dynamic.tiles.virtualearth.net cdnjs.cloudflare.com meet.jit.si;object-src 'self' 'nonce-EFDZ9yJqRmvu+BeyEzUtOA==';style-src 'self' 'unsafe-inline' fonts.googleapis.com www.bing.com;img-src 'self' 'nonce-EFDZ9yJqRmvu+BeyEzUtOA==' www.google.com d maps.gstatic.com maps.googleapis.com a.tile.openstreetmap.org b.tile.openstreetmap.org c.tile.openstreetmap.org www.bing.com t.ssl.ak.dynamic.tiles.virtualearth.net data:;media-src 'self';frame-src 'self' www.youtube.com;font-src 'self' fonts.gstatic.com;connect-src 'self' www.bing.com  nominatim.openstreetmap.org;report-uri https:\/\/dev.ecclesiacrm.com\/api\/system\/csp-report",         "disposition": "report",         "blocked-uri": "inline",         "line-number": 870,         "source-file": "https:\/\/dev.ecclesiacrm.com\/v2\/dashboard",         "status-code": 200,         "script-sample": ""     } } [] []
[2022-09-08 18:15:41] defaultLogger.INFO: res = '' [] []
[2022-09-08 18:15:41] defaultLogger.INFO: res = '1' [] []
[2022-09-08 18:15:42] defaultLogger.WARNING: {     "csp-report": {         "document-uri": "https:\/\/dev.ecclesiacrm.com\/v2\/dashboard?ListName=toto",         "referrer": "https:\/\/dev.ecclesiacrm.com\/v2\/dashboard",         "violated-directive": "script-src-elem",         "effective-directive": "script-src-elem",         "original-policy": "default-src 'self';script-src 'self' 'unsafe-eval' 'nonce-YXJst09PKWava448yhX6JA==' sidecar.gitter.im browser-update.org maps.googleapis.com www.bing.com  dev.virtualearth.net t.ssl.ak.dynamic.tiles.virtualearth.net cdnjs.cloudflare.com meet.jit.si;object-src 'self' 'nonce-YXJst09PKWava448yhX6JA==';style-src 'self' 'unsafe-inline' fonts.googleapis.com www.bing.com;img-src 'self' 'nonce-YXJst09PKWava448yhX6JA==' www.google.com d maps.gstatic.com maps.googleapis.com a.tile.openstreetmap.org b.tile.openstreetmap.org c.tile.openstreetmap.org www.bing.com t.ssl.ak.dynamic.tiles.virtualearth.net data:;media-src 'self';frame-src 'self' www.youtube.com;font-src 'self' fonts.gstatic.com;connect-src 'self' www.bing.com  nominatim.openstreetmap.org;report-uri https:\/\/dev.ecclesiacrm.com\/api\/system\/csp-report",         "disposition": "report",         "blocked-uri": "inline",         "line-number": 870,         "source-file": "https:\/\/dev.ecclesiacrm.com\/v2\/dashboard",         "status-code": 200,         "script-sample": ""     } } [] []
[2022-09-08 18:15:49] defaultLogger.INFO: res = '' [] []
[2022-09-08 18:15:49] defaultLogger.INFO: res = '1' [] []
[2022-09-08 18:15:49] defaultLogger.INFO: res = '' [] []
[2022-09-08 18:15:53] defaultLogger.INFO: res = '' [] []
[2022-09-08 18:15:53] defaultLogger.INFO: res = '1' [] []
[2022-09-08 18:15:53] defaultLogger.INFO: res = '' [] []
[2022-09-08 18:15:53] defaultLogger.INFO: res = '' [] []
[2022-09-08 18:15:58] defaultLogger.INFO: res = '' [] []
[2022-09-08 18:15:58] defaultLogger.INFO: res = '1' [] []
[2022-09-08 18:15:58] defaultLogger.INFO: res = '' [] []
[2022-09-08 18:15:58] defaultLogger.INFO: res = '' [] []
[2022-09-08 18:15:58] defaultLogger.INFO: res = '' [] []
[2022-09-08 18:16:02] defaultLogger.INFO: res = '' [] []
[2022-09-08 18:16:02] defaultLogger.INFO: res = '1' [] []
[2022-09-08 18:16:02] defaultLogger.INFO: res = '' [] []
[2022-09-08 18:16:02] defaultLogger.INFO: res = '' [] []
[2022-09-08 18:16:02] defaultLogger.INFO: res = '' [] []
[2022-09-08 18:16:02] defaultLogger.WARNING: {     "csp-report": {         "document-uri": "https:\/\/dev.ecclesiacrm.com\/v2\/dashboard?ListName=toto",         "referrer": "https:\/\/dev.ecclesiacrm.com\/v2\/dashboard",         "violated-directive": "script-src-elem",         "effective-directive": "script-src-elem",         "original-policy": "default-src 'self';script-src 'self' 'unsafe-eval' 'nonce-eZJZMJHdDV2azwWFUY\/bpA==' sidecar.gitter.im browser-update.org maps.googleapis.com www.bing.com  dev.virtualearth.net t.ssl.ak.dynamic.tiles.virtualearth.net cdnjs.cloudflare.com meet.jit.si;object-src 'self' 'nonce-eZJZMJHdDV2azwWFUY\/bpA==';style-src 'self' 'unsafe-inline' fonts.googleapis.com www.bing.com;img-src 'self' 'nonce-eZJZMJHdDV2azwWFUY\/bpA==' www.google.com d maps.gstatic.com maps.googleapis.com a.tile.openstreetmap.org b.tile.openstreetmap.org c.tile.openstreetmap.org www.bing.com t.ssl.ak.dynamic.tiles.virtualearth.net data:;media-src 'self';frame-src 'self' www.youtube.com;font-src 'self' fonts.gstatic.com;connect-src 'self' www.bing.com  nominatim.openstreetmap.org;report-uri https:\/\/dev.ecclesiacrm.com\/api\/system\/csp-report",         "disposition": "report",         "blocked-uri": "inline",         "line-number": 930,         "source-file": "https:\/\/dev.ecclesiacrm.com\/v2\/dashboard",         "status-code": 200,         "script-sample": ""     } } [] []
[2022-09-08 18:16:53] defaultLogger.INFO: res = '' [] []
[2022-09-08 18:16:53] defaultLogger.INFO: res = '1' [] []
[2022-09-08 18:16:53] defaultLogger.INFO: res = '' [] []
[2022-09-08 18:16:53] defaultLogger.INFO: res = '' [] []
[2022-09-08 18:16:53] defaultLogger.INFO: res = '' [] []
[2022-09-08 18:16:53] defaultLogger.WARNING: {     "csp-report": {         "document-uri": "https:\/\/dev.ecclesiacrm.com\/v2\/dashboard?ListName=toto",         "referrer": "https:\/\/dev.ecclesiacrm.com\/v2\/dashboard",         "violated-directive": "script-src-elem",         "effective-directive": "script-src-elem",         "original-policy": "default-src 'self';script-src 'self' 'unsafe-eval' 'nonce-HjgSGAbwObaNELSvsbkFsA==' sidecar.gitter.im browser-update.org maps.googleapis.com www.bing.com  dev.virtualearth.net t.ssl.ak.dynamic.tiles.virtualearth.net cdnjs.cloudflare.com meet.jit.si;object-src 'self' 'nonce-HjgSGAbwObaNELSvsbkFsA==';style-src 'self' 'unsafe-inline' fonts.googleapis.com www.bing.com;img-src 'self' 'nonce-HjgSGAbwObaNELSvsbkFsA==' www.google.com d maps.gstatic.com maps.googleapis.com a.tile.openstreetmap.org b.tile.openstreetmap.org c.tile.openstreetmap.org www.bing.com t.ssl.ak.dynamic.tiles.virtualearth.net data:;media-src 'self';frame-src 'self' www.youtube.com;font-src 'self' fonts.gstatic.com;connect-src 'self' www.bing.com  nominatim.openstreetmap.org;report-uri https:\/\/dev.ecclesiacrm.com\/api\/system\/csp-report",         "disposition": "report",         "blocked-uri": "inline",         "line-number": 930,         "source-file": "https:\/\/dev.ecclesiacrm.com\/v2\/dashboard",         "status-code": 200,         "script-sample": ""     } } [] []
[2022-09-08 18:17:01] defaultLogger.INFO: res = '' [] []
[2022-09-08 18:17:01] defaultLogger.INFO: res = '1' [] []
[2022-09-08 18:17:01] defaultLogger.INFO: res = '' [] []
[2022-09-08 18:17:01] defaultLogger.INFO: res = '' [] []
[2022-09-08 18:17:01] defaultLogger.INFO: res = '' [] []
[2022-09-08 18:17:01] defaultLogger.INFO: res = '' [] []
[2022-09-08 18:17:05] defaultLogger.INFO: res = '' [] []
[2022-09-08 18:17:05] defaultLogger.INFO: res = '1' [] []
[2022-09-08 18:17:05] defaultLogger.INFO: res = '' [] []
[2022-09-08 18:17:05] defaultLogger.INFO: res = '' [] []
[2022-09-08 18:17:05] defaultLogger.INFO: res = '' [] []
[2022-09-08 18:17:05] defaultLogger.INFO: res = '' [] []
[2022-09-08 18:17:05] defaultLogger.INFO: res = '' [] []
[2022-09-08 18:17:08] defaultLogger.INFO: res = '' [] []
[2022-09-08 18:17:08] defaultLogger.INFO: res = '1' [] []
[2022-09-08 18:17:08] defaultLogger.INFO: res = '' [] []
[2022-09-08 18:17:08] defaultLogger.INFO: res = '' [] []
[2022-09-08 18:17:08] defaultLogger.INFO: res = '' [] []
[2022-09-08 18:17:08] defaultLogger.INFO: res = '' [] []
[2022-09-08 18:17:08] defaultLogger.INFO: res = '' [] []
[2022-09-08 18:17:08] defaultLogger.INFO: res = '' [] []
[2022-09-08 18:17:10] defaultLogger.INFO: res = '' [] []
[2022-09-08 18:17:10] defaultLogger.INFO: res = '1' [] []
[2022-09-08 18:17:10] defaultLogger.INFO: res = '' [] []
[2022-09-08 18:17:10] defaultLogger.INFO: res = '' [] []
[2022-09-08 18:17:10] defaultLogger.INFO: res = '' [] []
[2022-09-08 18:17:10] defaultLogger.INFO: res = '' [] []
[2022-09-08 18:17:10] defaultLogger.INFO: res = '' [] []
[2022-09-08 18:17:10] defaultLogger.INFO: res = '' [] []
[2022-09-08 18:17:10] defaultLogger.WARNING: {     "csp-report": {         "document-uri": "https:\/\/dev.ecclesiacrm.com\/v2\/dashboard?ListName=toto",         "referrer": "https:\/\/dev.ecclesiacrm.com\/v2\/dashboard",         "violated-directive": "script-src-elem",         "effective-directive": "script-src-elem",         "original-policy": "default-src 'self';script-src 'self' 'unsafe-eval' 'nonce-x2NpNcoD6MVsSDJLXbIQ0Q==' sidecar.gitter.im browser-update.org maps.googleapis.com www.bing.com  dev.virtualearth.net t.ssl.ak.dynamic.tiles.virtualearth.net cdnjs.cloudflare.com meet.jit.si;object-src 'self' 'nonce-x2NpNcoD6MVsSDJLXbIQ0Q==';style-src 'self' 'unsafe-inline' fonts.googleapis.com www.bing.com;img-src 'self' 'nonce-x2NpNcoD6MVsSDJLXbIQ0Q==' www.google.com d maps.gstatic.com maps.googleapis.com a.tile.openstreetmap.org b.tile.openstreetmap.org c.tile.openstreetmap.org www.bing.com t.ssl.ak.dynamic.tiles.virtualearth.net data:;media-src 'self';frame-src 'self' www.youtube.com;font-src 'self' fonts.gstatic.com;connect-src 'self' www.bing.com  nominatim.openstreetmap.org;report-uri https:\/\/dev.ecclesiacrm.com\/api\/system\/csp-report",         "disposition": "report",         "blocked-uri": "inline",         "line-number": 990,         "source-file": "https:\/\/dev.ecclesiacrm.com\/v2\/dashboard",         "status-code": 200,         "script-sample": ""     } } [] []
[2022-09-08 18:17:15] defaultLogger.INFO: res = '' [] []
[2022-09-08 18:17:15] defaultLogger.INFO: res = '1' [] []
[2022-09-08 18:17:15] defaultLogger.INFO: res = '' [] []
[2022-09-08 18:17:15] defaultLogger.INFO: res = '' [] []
[2022-09-08 18:17:15] defaultLogger.INFO: res = '' [] []
[2022-09-08 18:17:15] defaultLogger.INFO: res = '' [] []
[2022-09-08 18:17:15] defaultLogger.INFO: res = '' [] []
[2022-09-08 18:17:17] defaultLogger.INFO: res = '' [] []
[2022-09-08 18:17:17] defaultLogger.INFO: res = '1' [] []
[2022-09-08 18:17:17] defaultLogger.INFO: res = '' [] []
[2022-09-08 18:17:17] defaultLogger.INFO: res = '' [] []
[2022-09-08 18:17:17] defaultLogger.INFO: res = '' [] []
[2022-09-08 18:17:17] defaultLogger.INFO: res = '' [] []
[2022-09-08 18:17:17] defaultLogger.INFO: res = '' [] []
[2022-09-08 18:17:17] defaultLogger.WARNING: {     "csp-report": {         "document-uri": "https:\/\/dev.ecclesiacrm.com\/v2\/dashboard?ListName=toto",         "referrer": "https:\/\/dev.ecclesiacrm.com\/v2\/dashboard",         "violated-directive": "script-src-elem",         "effective-directive": "script-src-elem",         "original-policy": "default-src 'self';script-src 'self' 'unsafe-eval' 'nonce-vVJi3\/BXYCtF58oGgOscDg==' sidecar.gitter.im browser-update.org maps.googleapis.com www.bing.com  dev.virtualearth.net t.ssl.ak.dynamic.tiles.virtualearth.net cdnjs.cloudflare.com meet.jit.si;object-src 'self' 'nonce-vVJi3\/BXYCtF58oGgOscDg==';style-src 'self' 'unsafe-inline' fonts.googleapis.com www.bing.com;img-src 'self' 'nonce-vVJi3\/BXYCtF58oGgOscDg==' www.google.com d maps.gstatic.com maps.googleapis.com a.tile.openstreetmap.org b.tile.openstreetmap.org c.tile.openstreetmap.org www.bing.com t.ssl.ak.dynamic.tiles.virtualearth.net data:;media-src 'self';frame-src 'self' www.youtube.com;font-src 'self' fonts.gstatic.com;connect-src 'self' www.bing.com  nominatim.openstreetmap.org;report-uri https:\/\/dev.ecclesiacrm.com\/api\/system\/csp-report",         "disposition": "report",         "blocked-uri": "inline",         "line-number": 970,         "source-file": "https:\/\/dev.ecclesiacrm.com\/v2\/dashboard",         "status-code": 200,         "script-sample": ""     } } [] []
[2022-09-08 18:20:21] defaultLogger.INFO: res = '' [] []
[2022-09-08 18:20:21] defaultLogger.INFO: res = '1' [] []
[2022-09-08 18:20:21] defaultLogger.INFO: res = '' [] []
[2022-09-08 18:20:21] defaultLogger.INFO: res = '' [] []
[2022-09-08 18:20:21] defaultLogger.INFO: res = '' [] []
[2022-09-08 18:20:21] defaultLogger.INFO: res = '' [] []
[2022-09-08 18:20:21] defaultLogger.INFO: res = '' [] []
[2022-09-08 18:20:21] defaultLogger.WARNING: {     "csp-report": {         "document-uri": "https:\/\/dev.ecclesiacrm.com\/v2\/dashboard?ListName=toto",         "referrer": "https:\/\/dev.ecclesiacrm.com\/v2\/dashboard",         "violated-directive": "script-src-elem",         "effective-directive": "script-src-elem",         "original-policy": "default-src 'self';script-src 'self' 'unsafe-eval' 'nonce-nfwxxiSHeiLUuncpErxZJQ==' sidecar.gitter.im browser-update.org maps.googleapis.com www.bing.com  dev.virtualearth.net t.ssl.ak.dynamic.tiles.virtualearth.net cdnjs.cloudflare.com meet.jit.si;object-src 'self' 'nonce-nfwxxiSHeiLUuncpErxZJQ==';style-src 'self' 'unsafe-inline' fonts.googleapis.com www.bing.com;img-src 'self' 'nonce-nfwxxiSHeiLUuncpErxZJQ==' www.google.com d maps.gstatic.com maps.googleapis.com a.tile.openstreetmap.org b.tile.openstreetmap.org c.tile.openstreetmap.org www.bing.com t.ssl.ak.dynamic.tiles.virtualearth.net data:;media-src 'self';frame-src 'self' www.youtube.com;font-src 'self' fonts.gstatic.com;connect-src 'self' www.bing.com  nominatim.openstreetmap.org;report-uri https:\/\/dev.ecclesiacrm.com\/api\/system\/csp-report",         "disposition": "report",         "blocked-uri": "inline",         "line-number": 970,         "source-file": "https:\/\/dev.ecclesiacrm.com\/v2\/dashboard",         "status-code": 200,         "script-sample": ""     } } [] []
[2022-09-08 18:20:28] defaultLogger.INFO: res = '' [] []
[2022-09-08 18:20:28] defaultLogger.INFO: res = '1' [] []
[2022-09-08 18:20:28] defaultLogger.INFO: res = '' [] []
[2022-09-08 18:20:28] defaultLogger.INFO: res = '' [] []
[2022-09-08 18:20:28] defaultLogger.INFO: res = '' [] []
[2022-09-08 18:20:28] defaultLogger.INFO: res = '' [] []
[2022-09-08 18:20:28] defaultLogger.INFO: res = '' [] []
[2022-09-08 18:20:31] defaultLogger.WARNING: {     "csp-report": {         "document-uri": "https:\/\/dev.ecclesiacrm.com\/v2\/dashboard?ListName=toto",         "referrer": "https:\/\/dev.ecclesiacrm.com\/v2\/dashboard",         "violated-directive": "script-src-elem",         "effective-directive": "script-src-elem",         "original-policy": "default-src 'self';script-src 'self' 'unsafe-eval' 'nonce-hKQUy2fBauw9A+8i6XTxyg==' sidecar.gitter.im browser-update.org maps.googleapis.com www.bing.com  dev.virtualearth.net t.ssl.ak.dynamic.tiles.virtualearth.net cdnjs.cloudflare.com meet.jit.si;object-src 'self' 'nonce-hKQUy2fBauw9A+8i6XTxyg==';style-src 'self' 'unsafe-inline' fonts.googleapis.com www.bing.com;img-src 'self' 'nonce-hKQUy2fBauw9A+8i6XTxyg==' www.google.com d maps.gstatic.com maps.googleapis.com a.tile.openstreetmap.org b.tile.openstreetmap.org c.tile.openstreetmap.org www.bing.com t.ssl.ak.dynamic.tiles.virtualearth.net data:;media-src 'self';frame-src 'self' www.youtube.com;font-src 'self' fonts.gstatic.com;connect-src 'self' www.bing.com  nominatim.openstreetmap.org;report-uri https:\/\/dev.ecclesiacrm.com\/api\/system\/csp-report",         "disposition": "report",         "blocked-uri": "inline",         "line-number": 970,         "source-file": "https:\/\/dev.ecclesiacrm.com\/v2\/dashboard",         "status-code": 200,         "script-sample": ""     } } [] []
[2022-09-08 18:20:57] defaultLogger.INFO: res = '' [] []
[2022-09-08 18:20:57] defaultLogger.INFO: res = '1' [] []
[2022-09-08 18:20:57] defaultLogger.INFO: res = '' [] []
[2022-09-08 18:20:57] defaultLogger.INFO: res = '' [] []
[2022-09-08 18:20:57] defaultLogger.INFO: res = '' [] []
[2022-09-08 18:20:57] defaultLogger.INFO: res = '' [] []
[2022-09-08 18:20:57] defaultLogger.INFO: res = '' [] []
[2022-09-08 18:20:57] defaultLogger.INFO: res = '' [] []
[2022-09-08 18:21:02] defaultLogger.INFO: res = '' [] []
[2022-09-08 18:21:02] defaultLogger.INFO: res = '1' [] []
[2022-09-08 18:21:02] defaultLogger.INFO: res = '' [] []
[2022-09-08 18:21:02] defaultLogger.INFO: res = '' [] []
[2022-09-08 18:21:02] defaultLogger.INFO: res = '' [] []
[2022-09-08 18:21:02] defaultLogger.INFO: res = '' [] []
[2022-09-08 18:21:02] defaultLogger.INFO: res = '' [] []
[2022-09-08 18:21:08] defaultLogger.INFO: res = '' [] []
[2022-09-08 18:21:08] defaultLogger.INFO: res = '1' [] []
[2022-09-08 18:21:30] defaultLogger.INFO: res = '' [] []
[2022-09-08 18:21:40] defaultLogger.INFO: id :  [] []
[2022-09-08 18:21:40] defaultLogger.INFO: res = '1' [] []
[2022-09-08 18:31:03] defaultLogger.WARNING: {     "csp-report": {         "document-uri": "https:\/\/dev.ecclesiacrm.com\/v2\/dashboard?ListName=toto",         "referrer": "https:\/\/dev.ecclesiacrm.com\/v2\/dashboard",         "violated-directive": "script-src-elem",         "effective-directive": "script-src-elem",         "original-policy": "default-src 'self';script-src 'self' 'unsafe-eval' 'nonce-C35\/qAwK4lbj5XJpf6b5wg==' sidecar.gitter.im browser-update.org maps.googleapis.com www.bing.com  dev.virtualearth.net t.ssl.ak.dynamic.tiles.virtualearth.net cdnjs.cloudflare.com meet.jit.si;object-src 'self' 'nonce-C35\/qAwK4lbj5XJpf6b5wg==';style-src 'self' 'unsafe-inline' fonts.googleapis.com www.bing.com;img-src 'self' 'nonce-C35\/qAwK4lbj5XJpf6b5wg==' www.google.com d maps.gstatic.com maps.googleapis.com a.tile.openstreetmap.org b.tile.openstreetmap.org c.tile.openstreetmap.org www.bing.com t.ssl.ak.dynamic.tiles.virtualearth.net data:;media-src 'self';frame-src 'self' www.youtube.com;font-src 'self' fonts.gstatic.com;connect-src 'self' www.bing.com  nominatim.openstreetmap.org;report-uri https:\/\/dev.ecclesiacrm.com\/api\/system\/csp-report",         "disposition": "report",         "blocked-uri": "inline",         "line-number": 869,         "source-file": "https:\/\/dev.ecclesiacrm.com\/v2\/dashboard",         "status-code": 200,         "script-sample": ""     } } [] []
[2022-09-08 18:44:39] defaultLogger.WARNING: {     "csp-report": {         "document-uri": "https:\/\/dev.ecclesiacrm.com\/v2\/dashboard?ListName=toto",         "referrer": "https:\/\/dev.ecclesiacrm.com\/v2\/dashboard",         "violated-directive": "script-src-elem",         "effective-directive": "script-src-elem",         "original-policy": "default-src 'self';script-src 'self' 'unsafe-eval' 'nonce-ChPVsuiFMxj2Nt7geoQMkA==' sidecar.gitter.im browser-update.org maps.googleapis.com www.bing.com  dev.virtualearth.net t.ssl.ak.dynamic.tiles.virtualearth.net cdnjs.cloudflare.com meet.jit.si;object-src 'self' 'nonce-ChPVsuiFMxj2Nt7geoQMkA==';style-src 'self' 'unsafe-inline' fonts.googleapis.com www.bing.com;img-src 'self' 'nonce-ChPVsuiFMxj2Nt7geoQMkA==' www.google.com d maps.gstatic.com maps.googleapis.com a.tile.openstreetmap.org b.tile.openstreetmap.org c.tile.openstreetmap.org www.bing.com t.ssl.ak.dynamic.tiles.virtualearth.net data:;media-src 'self';frame-src 'self' www.youtube.com;font-src 'self' fonts.gstatic.com;connect-src 'self' www.bing.com  nominatim.openstreetmap.org;report-uri https:\/\/dev.ecclesiacrm.com\/api\/system\/csp-report",         "disposition": "report",         "blocked-uri": "inline",         "line-number": 869,         "source-file": "https:\/\/dev.ecclesiacrm.com\/v2\/dashboard",         "status-code": 200,         "script-sample": ""     } } [] []
[2022-09-08 18:50:35] defaultLogger.WARNING: {     "csp-report": {         "document-uri": "https:\/\/dev.ecclesiacrm.com\/v2\/dashboard?ListName=toto",         "referrer": "https:\/\/dev.ecclesiacrm.com\/v2\/dashboard",         "violated-directive": "script-src-elem",         "effective-directive": "script-src-elem",         "original-policy": "default-src 'self';script-src 'self' 'unsafe-eval' 'nonce-Fpg91j3x6LlitLnOJJPwDg==' sidecar.gitter.im browser-update.org maps.googleapis.com www.bing.com  dev.virtualearth.net t.ssl.ak.dynamic.tiles.virtualearth.net cdnjs.cloudflare.com meet.jit.si;object-src 'self' 'nonce-Fpg91j3x6LlitLnOJJPwDg==';style-src 'self' 'unsafe-inline' fonts.googleapis.com www.bing.com;img-src 'self' 'nonce-Fpg91j3x6LlitLnOJJPwDg==' www.google.com d maps.gstatic.com maps.googleapis.com a.tile.openstreetmap.org b.tile.openstreetmap.org c.tile.openstreetmap.org www.bing.com t.ssl.ak.dynamic.tiles.virtualearth.net data:;media-src 'self';frame-src 'self' www.youtube.com;font-src 'self' fonts.gstatic.com;connect-src 'self' www.bing.com  nominatim.openstreetmap.org;report-uri https:\/\/dev.ecclesiacrm.com\/api\/system\/csp-report",         "disposition": "report",         "blocked-uri": "inline",         "line-number": 869,         "source-file": "https:\/\/dev.ecclesiacrm.com\/v2\/dashboard",         "status-code": 200,         "script-sample": ""     } } [] []
[2022-09-08 18:52:39] defaultLogger.WARNING: {     "csp-report": {         "document-uri": "https:\/\/dev.ecclesiacrm.com\/v2\/dashboard?ListName=toto",         "referrer": "https:\/\/dev.ecclesiacrm.com\/v2\/dashboard",         "violated-directive": "script-src-elem",         "effective-directive": "script-src-elem",         "original-policy": "default-src 'self';script-src 'self' 'unsafe-eval' 'nonce-pP5uhhprTw4g+y+wrQPmsA==' sidecar.gitter.im browser-update.org maps.googleapis.com www.bing.com  dev.virtualearth.net t.ssl.ak.dynamic.tiles.virtualearth.net cdnjs.cloudflare.com meet.jit.si;object-src 'self' 'nonce-pP5uhhprTw4g+y+wrQPmsA==';style-src 'self' 'unsafe-inline' fonts.googleapis.com www.bing.com;img-src 'self' 'nonce-pP5uhhprTw4g+y+wrQPmsA==' www.google.com d maps.gstatic.com maps.googleapis.com a.tile.openstreetmap.org b.tile.openstreetmap.org c.tile.openstreetmap.org www.bing.com t.ssl.ak.dynamic.tiles.virtualearth.net data:;media-src 'self';frame-src 'self' www.youtube.com;font-src 'self' fonts.gstatic.com;connect-src 'self' www.bing.com  nominatim.openstreetmap.org;report-uri https:\/\/dev.ecclesiacrm.com\/api\/system\/csp-report",         "disposition": "report",         "blocked-uri": "inline",         "line-number": 869,         "source-file": "https:\/\/dev.ecclesiacrm.com\/v2\/dashboard",         "status-code": 200,         "script-sample": ""     } } [] []
[2022-09-08 18:57:37] defaultLogger.WARNING: {     "csp-report": {         "document-uri": "https:\/\/dev.ecclesiacrm.com\/v2\/dashboard?ListName=toto",         "referrer": "https:\/\/dev.ecclesiacrm.com\/v2\/dashboard",         "violated-directive": "script-src-elem",         "effective-directive": "script-src-elem",         "original-policy": "default-src 'self';script-src 'self' 'unsafe-eval' 'nonce-OllG3S794PX\/GZEUrU4lTA==' sidecar.gitter.im browser-update.org maps.googleapis.com www.bing.com  dev.virtualearth.net t.ssl.ak.dynamic.tiles.virtualearth.net cdnjs.cloudflare.com meet.jit.si;object-src 'self' 'nonce-OllG3S794PX\/GZEUrU4lTA==';style-src 'self' 'unsafe-inline' fonts.googleapis.com www.bing.com;img-src 'self' 'nonce-OllG3S794PX\/GZEUrU4lTA==' www.google.com d maps.gstatic.com maps.googleapis.com a.tile.openstreetmap.org b.tile.openstreetmap.org c.tile.openstreetmap.org www.bing.com t.ssl.ak.dynamic.tiles.virtualearth.net data:;media-src 'self';frame-src 'self' www.youtube.com;font-src 'self' fonts.gstatic.com;connect-src 'self' www.bing.com  nominatim.openstreetmap.org;report-uri https:\/\/dev.ecclesiacrm.com\/api\/system\/csp-report",         "disposition": "report",         "blocked-uri": "inline",         "line-number": 876,         "source-file": "https:\/\/dev.ecclesiacrm.com\/v2\/dashboard",         "status-code": 200,         "script-sample": ""     } } [] []
[2022-09-08 18:58:07] defaultLogger.WARNING: {     "csp-report": {         "document-uri": "https:\/\/dev.ecclesiacrm.com\/v2\/dashboard",         "referrer": "https:\/\/dev.ecclesiacrm.com\/SettingsIndividual.php",         "violated-directive": "script-src-elem",         "effective-directive": "script-src-elem",         "original-policy": "default-src 'self';script-src 'self' 'unsafe-eval' 'nonce-EN+Rsm2DCL0eM5MajfdoDg==' sidecar.gitter.im browser-update.org maps.googleapis.com www.bing.com  dev.virtualearth.net t.ssl.ak.dynamic.tiles.virtualearth.net cdnjs.cloudflare.com meet.jit.si;object-src 'self' 'nonce-EN+Rsm2DCL0eM5MajfdoDg==';style-src 'self' 'unsafe-inline' fonts.googleapis.com www.bing.com;img-src 'self' 'nonce-EN+Rsm2DCL0eM5MajfdoDg==' www.google.com d maps.gstatic.com maps.googleapis.com a.tile.openstreetmap.org b.tile.openstreetmap.org c.tile.openstreetmap.org www.bing.com t.ssl.ak.dynamic.tiles.virtualearth.net data:;media-src 'self';frame-src 'self' www.youtube.com;font-src 'self' fonts.gstatic.com;connect-src 'self' www.bing.com  nominatim.openstreetmap.org;report-uri https:\/\/dev.ecclesiacrm.com\/api\/system\/csp-report",         "disposition": "report",         "blocked-uri": "inline",         "line-number": 1116,         "source-file": "https:\/\/dev.ecclesiacrm.com\/v2\/dashboard",         "status-code": 200,         "script-sample": ""     } } [] []
[2022-09-08 18:58:36] defaultLogger.WARNING: {     "csp-report": {         "document-uri": "https:\/\/dev.ecclesiacrm.com\/v2\/dashboard",         "referrer": "https:\/\/dev.ecclesiacrm.com\/SettingsIndividual.php",         "violated-directive": "script-src-elem",         "effective-directive": "script-src-elem",         "original-policy": "default-src 'self';script-src 'self' 'unsafe-eval' 'nonce-rcEPGKWIT25ORkGGLFYa6w==' sidecar.gitter.im browser-update.org maps.googleapis.com www.bing.com  dev.virtualearth.net t.ssl.ak.dynamic.tiles.virtualearth.net cdnjs.cloudflare.com meet.jit.si;object-src 'self' 'nonce-rcEPGKWIT25ORkGGLFYa6w==';style-src 'self' 'unsafe-inline' fonts.googleapis.com www.bing.com;img-src 'self' 'nonce-rcEPGKWIT25ORkGGLFYa6w==' www.google.com d maps.gstatic.com maps.googleapis.com a.tile.openstreetmap.org b.tile.openstreetmap.org c.tile.openstreetmap.org www.bing.com t.ssl.ak.dynamic.tiles.virtualearth.net data:;media-src 'self';frame-src 'self' www.youtube.com;font-src 'self' fonts.gstatic.com;connect-src 'self' www.bing.com  nominatim.openstreetmap.org;report-uri https:\/\/dev.ecclesiacrm.com\/api\/system\/csp-report",         "disposition": "report",         "blocked-uri": "inline",         "line-number": 1116,         "source-file": "https:\/\/dev.ecclesiacrm.com\/v2\/dashboard",         "status-code": 200,         "script-sample": ""     } } [] []
[2022-09-08 19:04:08] defaultLogger.WARNING: {     "csp-report": {         "document-uri": "https:\/\/dev.ecclesiacrm.com\/v2\/dashboard",         "referrer": "https:\/\/dev.ecclesiacrm.com\/SettingsIndividual.php",         "violated-directive": "script-src-elem",         "effective-directive": "script-src-elem",         "original-policy": "default-src 'self';script-src 'self' 'unsafe-eval' 'nonce-2eBI7dMVqvIZzYf7pL8kiw==' sidecar.gitter.im browser-update.org maps.googleapis.com www.bing.com  dev.virtualearth.net t.ssl.ak.dynamic.tiles.virtualearth.net cdnjs.cloudflare.com meet.jit.si;object-src 'self' 'nonce-2eBI7dMVqvIZzYf7pL8kiw==';style-src 'self' 'unsafe-inline' fonts.googleapis.com www.bing.com;img-src 'self' 'nonce-2eBI7dMVqvIZzYf7pL8kiw==' www.google.com d maps.gstatic.com maps.googleapis.com a.tile.openstreetmap.org b.tile.openstreetmap.org c.tile.openstreetmap.org www.bing.com t.ssl.ak.dynamic.tiles.virtualearth.net data:;media-src 'self';frame-src 'self' www.youtube.com;font-src 'self' fonts.gstatic.com;connect-src 'self' www.bing.com  nominatim.openstreetmap.org;report-uri https:\/\/dev.ecclesiacrm.com\/api\/system\/csp-report",         "disposition": "report",         "blocked-uri": "inline",         "line-number": 1054,         "source-file": "https:\/\/dev.ecclesiacrm.com\/v2\/dashboard",         "status-code": 200,         "script-sample": ""     } } [] []
[2022-09-08 19:04:57] defaultLogger.WARNING: {     "csp-report": {         "document-uri": "https:\/\/dev.ecclesiacrm.com\/v2\/dashboard",         "referrer": "https:\/\/dev.ecclesiacrm.com\/SettingsIndividual.php",         "violated-directive": "script-src-elem",         "effective-directive": "script-src-elem",         "original-policy": "default-src 'self';script-src 'self' 'unsafe-eval' 'nonce-Raf3VhxJsBEO6W3KL8VYqg==' sidecar.gitter.im browser-update.org maps.googleapis.com www.bing.com  dev.virtualearth.net t.ssl.ak.dynamic.tiles.virtualearth.net cdnjs.cloudflare.com meet.jit.si;object-src 'self' 'nonce-Raf3VhxJsBEO6W3KL8VYqg==';style-src 'self' 'unsafe-inline' fonts.googleapis.com www.bing.com;img-src 'self' 'nonce-Raf3VhxJsBEO6W3KL8VYqg==' www.google.com d maps.gstatic.com maps.googleapis.com a.tile.openstreetmap.org b.tile.openstreetmap.org c.tile.openstreetmap.org www.bing.com t.ssl.ak.dynamic.tiles.virtualearth.net data:;media-src 'self';frame-src 'self' www.youtube.com;font-src 'self' fonts.gstatic.com;connect-src 'self' www.bing.com  nominatim.openstreetmap.org;report-uri https:\/\/dev.ecclesiacrm.com\/api\/system\/csp-report",         "disposition": "report",         "blocked-uri": "inline",         "line-number": 1055,         "source-file": "https:\/\/dev.ecclesiacrm.com\/v2\/dashboard",         "status-code": 200,         "script-sample": ""     } } [] []
[2022-09-08 19:06:43] defaultLogger.WARNING: {     "csp-report": {         "document-uri": "https:\/\/dev.ecclesiacrm.com\/v2\/dashboard",         "referrer": "https:\/\/dev.ecclesiacrm.com\/SettingsIndividual.php",         "violated-directive": "script-src-elem",         "effective-directive": "script-src-elem",         "original-policy": "default-src 'self';script-src 'self' 'unsafe-eval' 'nonce-Y1lj3HdpSHJP8NflGuksow==' sidecar.gitter.im browser-update.org maps.googleapis.com www.bing.com  dev.virtualearth.net t.ssl.ak.dynamic.tiles.virtualearth.net cdnjs.cloudflare.com meet.jit.si;object-src 'self' 'nonce-Y1lj3HdpSHJP8NflGuksow==';style-src 'self' 'unsafe-inline' fonts.googleapis.com www.bing.com;img-src 'self' 'nonce-Y1lj3HdpSHJP8NflGuksow==' www.google.com d maps.gstatic.com maps.googleapis.com a.tile.openstreetmap.org b.tile.openstreetmap.org c.tile.openstreetmap.org www.bing.com t.ssl.ak.dynamic.tiles.virtualearth.net data:;media-src 'self';frame-src 'self' www.youtube.com;font-src 'self' fonts.gstatic.com;connect-src 'self' www.bing.com  nominatim.openstreetmap.org;report-uri https:\/\/dev.ecclesiacrm.com\/api\/system\/csp-report",         "disposition": "report",         "blocked-uri": "inline",         "line-number": 1055,         "source-file": "https:\/\/dev.ecclesiacrm.com\/v2\/dashboard",         "status-code": 200,         "script-sample": ""     } } [] []
[2022-09-08 19:07:32] defaultLogger.WARNING: {     "csp-report": {         "document-uri": "https:\/\/dev.ecclesiacrm.com\/v2\/dashboard",         "referrer": "https:\/\/dev.ecclesiacrm.com\/SettingsIndividual.php",         "violated-directive": "script-src-elem",         "effective-directive": "script-src-elem",         "original-policy": "default-src 'self';script-src 'self' 'unsafe-eval' 'nonce-gOwfKjzsZ8YufU8b2ziEjQ==' sidecar.gitter.im browser-update.org maps.googleapis.com www.bing.com  dev.virtualearth.net t.ssl.ak.dynamic.tiles.virtualearth.net cdnjs.cloudflare.com meet.jit.si;object-src 'self' 'nonce-gOwfKjzsZ8YufU8b2ziEjQ==';style-src 'self' 'unsafe-inline' fonts.googleapis.com www.bing.com;img-src 'self' 'nonce-gOwfKjzsZ8YufU8b2ziEjQ==' www.google.com d maps.gstatic.com maps.googleapis.com a.tile.openstreetmap.org b.tile.openstreetmap.org c.tile.openstreetmap.org www.bing.com t.ssl.ak.dynamic.tiles.virtualearth.net data:;media-src 'self';frame-src 'self' www.youtube.com;font-src 'self' fonts.gstatic.com;connect-src 'self' www.bing.com  nominatim.openstreetmap.org;report-uri https:\/\/dev.ecclesiacrm.com\/api\/system\/csp-report",         "disposition": "report",         "blocked-uri": "inline",         "line-number": 1055,         "source-file": "https:\/\/dev.ecclesiacrm.com\/v2\/dashboard",         "status-code": 200,         "script-sample": ""     } } [] []
[2022-09-08 19:09:16] defaultLogger.WARNING: {     "csp-report": {         "document-uri": "https:\/\/dev.ecclesiacrm.com\/v2\/dashboard",         "referrer": "https:\/\/dev.ecclesiacrm.com\/SettingsIndividual.php",         "violated-directive": "script-src-elem",         "effective-directive": "script-src-elem",         "original-policy": "default-src 'self';script-src 'self' 'unsafe-eval' 'nonce-dKwKp4zDwoa5Ue55Wosvrg==' sidecar.gitter.im browser-update.org maps.googleapis.com www.bing.com  dev.virtualearth.net t.ssl.ak.dynamic.tiles.virtualearth.net cdnjs.cloudflare.com meet.jit.si;object-src 'self' 'nonce-dKwKp4zDwoa5Ue55Wosvrg==';style-src 'self' 'unsafe-inline' fonts.googleapis.com www.bing.com;img-src 'self' 'nonce-dKwKp4zDwoa5Ue55Wosvrg==' www.google.com d maps.gstatic.com maps.googleapis.com a.tile.openstreetmap.org b.tile.openstreetmap.org c.tile.openstreetmap.org www.bing.com t.ssl.ak.dynamic.tiles.virtualearth.net data:;media-src 'self';frame-src 'self' www.youtube.com;font-src 'self' fonts.gstatic.com;connect-src 'self' www.bing.com  nominatim.openstreetmap.org;report-uri https:\/\/dev.ecclesiacrm.com\/api\/system\/csp-report",         "disposition": "report",         "blocked-uri": "inline",         "line-number": 1055,         "source-file": "https:\/\/dev.ecclesiacrm.com\/v2\/dashboard",         "status-code": 200,         "script-sample": ""     } } [] []
[2022-09-08 19:14:01] defaultLogger.WARNING: {     "csp-report": {         "document-uri": "https:\/\/dev.ecclesiacrm.com\/v2\/dashboard",         "referrer": "https:\/\/dev.ecclesiacrm.com\/SettingsIndividual.php",         "violated-directive": "script-src-elem",         "effective-directive": "script-src-elem",         "original-policy": "default-src 'self';script-src 'self' 'unsafe-eval' 'nonce-QugZ5ojHXM9GMyaslnpqlA==' sidecar.gitter.im browser-update.org maps.googleapis.com www.bing.com  dev.virtualearth.net t.ssl.ak.dynamic.tiles.virtualearth.net cdnjs.cloudflare.com meet.jit.si;object-src 'self' 'nonce-QugZ5ojHXM9GMyaslnpqlA==';style-src 'self' 'unsafe-inline' fonts.googleapis.com www.bing.com;img-src 'self' 'nonce-QugZ5ojHXM9GMyaslnpqlA==' www.google.com d maps.gstatic.com maps.googleapis.com a.tile.openstreetmap.org b.tile.openstreetmap.org c.tile.openstreetmap.org www.bing.com t.ssl.ak.dynamic.tiles.virtualearth.net data:;media-src 'self';frame-src 'self' www.youtube.com;font-src 'self' fonts.gstatic.com;connect-src 'self' www.bing.com  nominatim.openstreetmap.org;report-uri https:\/\/dev.ecclesiacrm.com\/api\/system\/csp-report",         "disposition": "report",         "blocked-uri": "inline",         "line-number": 1055,         "source-file": "https:\/\/dev.ecclesiacrm.com\/v2\/dashboard",         "status-code": 200,         "script-sample": ""     } } [] []
[2022-09-08 19:14:16] defaultLogger.WARNING: {     "csp-report": {         "document-uri": "https:\/\/dev.ecclesiacrm.com\/v2\/dashboard",         "referrer": "https:\/\/dev.ecclesiacrm.com\/SettingsIndividual.php",         "violated-directive": "script-src-elem",         "effective-directive": "script-src-elem",         "original-policy": "default-src 'self';script-src 'self' 'unsafe-eval' 'nonce-BOMiYMhp4VZJKSdMNiTssQ==' sidecar.gitter.im browser-update.org maps.googleapis.com www.bing.com  dev.virtualearth.net t.ssl.ak.dynamic.tiles.virtualearth.net cdnjs.cloudflare.com meet.jit.si;object-src 'self' 'nonce-BOMiYMhp4VZJKSdMNiTssQ==';style-src 'self' 'unsafe-inline' fonts.googleapis.com www.bing.com;img-src 'self' 'nonce-BOMiYMhp4VZJKSdMNiTssQ==' www.google.com d maps.gstatic.com maps.googleapis.com a.tile.openstreetmap.org b.tile.openstreetmap.org c.tile.openstreetmap.org www.bing.com t.ssl.ak.dynamic.tiles.virtualearth.net data:;media-src 'self';frame-src 'self' www.youtube.com;font-src 'self' fonts.gstatic.com;connect-src 'self' www.bing.com  nominatim.openstreetmap.org;report-uri https:\/\/dev.ecclesiacrm.com\/api\/system\/csp-report",         "disposition": "report",         "blocked-uri": "inline",         "line-number": 1055,         "source-file": "https:\/\/dev.ecclesiacrm.com\/v2\/dashboard",         "status-code": 200,         "script-sample": ""     } } [] []
[2022-09-08 19:15:22] defaultLogger.WARNING: {     "csp-report": {         "document-uri": "https:\/\/dev.ecclesiacrm.com\/v2\/dashboard",         "referrer": "https:\/\/dev.ecclesiacrm.com\/SettingsIndividual.php",         "violated-directive": "script-src-elem",         "effective-directive": "script-src-elem",         "original-policy": "default-src 'self';script-src 'self' 'unsafe-eval' 'nonce-y9nTgbXawCZgckYdpr0wtg==' sidecar.gitter.im browser-update.org maps.googleapis.com www.bing.com  dev.virtualearth.net t.ssl.ak.dynamic.tiles.virtualearth.net cdnjs.cloudflare.com meet.jit.si;object-src 'self' 'nonce-y9nTgbXawCZgckYdpr0wtg==';style-src 'self' 'unsafe-inline' fonts.googleapis.com www.bing.com;img-src 'self' 'nonce-y9nTgbXawCZgckYdpr0wtg==' www.google.com d maps.gstatic.com maps.googleapis.com a.tile.openstreetmap.org b.tile.openstreetmap.org c.tile.openstreetmap.org www.bing.com t.ssl.ak.dynamic.tiles.virtualearth.net data:;media-src 'self';frame-src 'self' www.youtube.com;font-src 'self' fonts.gstatic.com;connect-src 'self' www.bing.com  nominatim.openstreetmap.org;report-uri https:\/\/dev.ecclesiacrm.com\/api\/system\/csp-report",         "disposition": "report",         "blocked-uri": "inline",         "line-number": 1055,         "source-file": "https:\/\/dev.ecclesiacrm.com\/v2\/dashboard",         "status-code": 200,         "script-sample": ""     } } [] []
[2022-09-08 19:15:40] defaultLogger.WARNING: {     "csp-report": {         "document-uri": "https:\/\/dev.ecclesiacrm.com\/v2\/dashboard",         "referrer": "https:\/\/dev.ecclesiacrm.com\/SettingsIndividual.php",         "violated-directive": "script-src-elem",         "effective-directive": "script-src-elem",         "original-policy": "default-src 'self';script-src 'self' 'unsafe-eval' 'nonce-Xj8ag+Rh0a77Pnl+zhXuTw==' sidecar.gitter.im browser-update.org maps.googleapis.com www.bing.com  dev.virtualearth.net t.ssl.ak.dynamic.tiles.virtualearth.net cdnjs.cloudflare.com meet.jit.si;object-src 'self' 'nonce-Xj8ag+Rh0a77Pnl+zhXuTw==';style-src 'self' 'unsafe-inline' fonts.googleapis.com www.bing.com;img-src 'self' 'nonce-Xj8ag+Rh0a77Pnl+zhXuTw==' www.google.com d maps.gstatic.com maps.googleapis.com a.tile.openstreetmap.org b.tile.openstreetmap.org c.tile.openstreetmap.org www.bing.com t.ssl.ak.dynamic.tiles.virtualearth.net data:;media-src 'self';frame-src 'self' www.youtube.com;font-src 'self' fonts.gstatic.com;connect-src 'self' www.bing.com  nominatim.openstreetmap.org;report-uri https:\/\/dev.ecclesiacrm.com\/api\/system\/csp-report",         "disposition": "report",         "blocked-uri": "inline",         "line-number": 1055,         "source-file": "https:\/\/dev.ecclesiacrm.com\/v2\/dashboard",         "status-code": 200,         "script-sample": ""     } } [] []
[2022-09-08 20:46:03] defaultLogger.INFO: Updating MailChimp List Cache [] []
[2022-09-08 20:46:19] defaultLogger.INFO: Updating MailChimp Campaigns Cache [] []
[2022-09-08 20:46:26] defaultLogger.WARNING: {     "csp-report": {         "document-uri": "https:\/\/dev.ecclesiacrm.com\/v2\/dashboard",         "referrer": "https:\/\/dev.ecclesiacrm.com\/v2\/dashboard",         "violated-directive": "script-src-elem",         "effective-directive": "script-src-elem",         "original-policy": "default-src 'self';script-src 'self' 'unsafe-eval' 'nonce-wlVd2FnOuCRgYDTjJ6qOoA==' sidecar.gitter.im browser-update.org maps.googleapis.com www.bing.com  dev.virtualearth.net t.ssl.ak.dynamic.tiles.virtualearth.net cdnjs.cloudflare.com meet.jit.si;object-src 'self' 'nonce-wlVd2FnOuCRgYDTjJ6qOoA==';style-src 'self' 'unsafe-inline' fonts.googleapis.com www.bing.com;img-src 'self' 'nonce-wlVd2FnOuCRgYDTjJ6qOoA==' www.google.com d maps.gstatic.com maps.googleapis.com a.tile.openstreetmap.org b.tile.openstreetmap.org c.tile.openstreetmap.org www.bing.com t.ssl.ak.dynamic.tiles.virtualearth.net data:;media-src 'self';frame-src 'self' www.youtube.com;font-src 'self' fonts.gstatic.com;connect-src 'self' www.bing.com  nominatim.openstreetmap.org;report-uri https:\/\/dev.ecclesiacrm.com\/api\/system\/csp-report",         "disposition": "report",         "blocked-uri": "inline",         "line-number": 1055,         "source-file": "https:\/\/dev.ecclesiacrm.com\/v2\/dashboard",         "status-code": 200,         "script-sample": ""     } } [] []
[2022-09-08 20:46:32] defaultLogger.WARNING: {     "csp-report": {         "document-uri": "https:\/\/dev.ecclesiacrm.com\/v2\/dashboard",         "referrer": "https:\/\/dev.ecclesiacrm.com\/v2\/dashboard",         "violated-directive": "script-src-elem",         "effective-directive": "script-src-elem",         "original-policy": "default-src 'self';script-src 'self' 'unsafe-eval' 'nonce-uxv2xi3jjs3bPlLfup4WvQ==' sidecar.gitter.im browser-update.org maps.googleapis.com www.bing.com  dev.virtualearth.net t.ssl.ak.dynamic.tiles.virtualearth.net cdnjs.cloudflare.com meet.jit.si;object-src 'self' 'nonce-uxv2xi3jjs3bPlLfup4WvQ==';style-src 'self' 'unsafe-inline' fonts.googleapis.com www.bing.com;img-src 'self' 'nonce-uxv2xi3jjs3bPlLfup4WvQ==' www.google.com d maps.gstatic.com maps.googleapis.com a.tile.openstreetmap.org b.tile.openstreetmap.org c.tile.openstreetmap.org www.bing.com t.ssl.ak.dynamic.tiles.virtualearth.net data:;media-src 'self';frame-src 'self' www.youtube.com;font-src 'self' fonts.gstatic.com;connect-src 'self' www.bing.com  nominatim.openstreetmap.org;report-uri https:\/\/dev.ecclesiacrm.com\/api\/system\/csp-report",         "disposition": "report",         "blocked-uri": "inline",         "line-number": 1055,         "source-file": "https:\/\/dev.ecclesiacrm.com\/v2\/dashboard",         "status-code": 200,         "script-sample": ""     } } [] []
[2022-09-08 20:49:15] defaultLogger.WARNING: {     "csp-report": {         "document-uri": "https:\/\/dev.ecclesiacrm.com\/v2\/dashboard",         "referrer": "https:\/\/dev.ecclesiacrm.com\/v2\/dashboard",         "violated-directive": "script-src-elem",         "effective-directive": "script-src-elem",         "original-policy": "default-src 'self';script-src 'self' 'unsafe-eval' 'nonce-eY7Wp1pfvaXS3utTqHsCcw==' sidecar.gitter.im browser-update.org maps.googleapis.com www.bing.com  dev.virtualearth.net t.ssl.ak.dynamic.tiles.virtualearth.net cdnjs.cloudflare.com meet.jit.si;object-src 'self' 'nonce-eY7Wp1pfvaXS3utTqHsCcw==';style-src 'self' 'unsafe-inline' fonts.googleapis.com www.bing.com;img-src 'self' 'nonce-eY7Wp1pfvaXS3utTqHsCcw==' www.google.com d maps.gstatic.com maps.googleapis.com a.tile.openstreetmap.org b.tile.openstreetmap.org c.tile.openstreetmap.org www.bing.com t.ssl.ak.dynamic.tiles.virtualearth.net data:;media-src 'self';frame-src 'self' www.youtube.com;font-src 'self' fonts.gstatic.com;connect-src 'self' www.bing.com  nominatim.openstreetmap.org;report-uri https:\/\/dev.ecclesiacrm.com\/api\/system\/csp-report",         "disposition": "report",         "blocked-uri": "inline",         "line-number": 1055,         "source-file": "https:\/\/dev.ecclesiacrm.com\/v2\/dashboard",         "status-code": 200,         "script-sample": ""     } } [] []
[2022-09-08 20:50:23] defaultLogger.WARNING: {     "csp-report": {         "document-uri": "https:\/\/dev.ecclesiacrm.com\/v2\/dashboard",         "referrer": "https:\/\/dev.ecclesiacrm.com\/v2\/dashboard",         "violated-directive": "script-src-elem",         "effective-directive": "script-src-elem",         "original-policy": "default-src 'self';script-src 'self' 'unsafe-eval' 'nonce-14u2m8UvrEZ56qUGZ5Vdiw==' sidecar.gitter.im browser-update.org maps.googleapis.com www.bing.com  dev.virtualearth.net t.ssl.ak.dynamic.tiles.virtualearth.net cdnjs.cloudflare.com meet.jit.si;object-src 'self' 'nonce-14u2m8UvrEZ56qUGZ5Vdiw==';style-src 'self' 'unsafe-inline' fonts.googleapis.com www.bing.com;img-src 'self' 'nonce-14u2m8UvrEZ56qUGZ5Vdiw==' www.google.com d maps.gstatic.com maps.googleapis.com a.tile.openstreetmap.org b.tile.openstreetmap.org c.tile.openstreetmap.org www.bing.com t.ssl.ak.dynamic.tiles.virtualearth.net data:;media-src 'self';frame-src 'self' www.youtube.com;font-src 'self' fonts.gstatic.com;connect-src 'self' www.bing.com  nominatim.openstreetmap.org;report-uri https:\/\/dev.ecclesiacrm.com\/api\/system\/csp-report",         "disposition": "report",         "blocked-uri": "inline",         "line-number": 907,         "source-file": "https:\/\/dev.ecclesiacrm.com\/v2\/dashboard",         "status-code": 200,         "script-sample": ""     } } [] []
[2022-09-08 20:54:15] defaultLogger.WARNING: {     "csp-report": {         "document-uri": "https:\/\/dev.ecclesiacrm.com\/v2\/dashboard",         "referrer": "https:\/\/dev.ecclesiacrm.com\/v2\/dashboard",         "violated-directive": "script-src-elem",         "effective-directive": "script-src-elem",         "original-policy": "default-src 'self';script-src 'self' 'unsafe-eval' 'nonce-\/0iImpuy4Gj6nnO5cMh6Eg==' sidecar.gitter.im browser-update.org maps.googleapis.com www.bing.com  dev.virtualearth.net t.ssl.ak.dynamic.tiles.virtualearth.net cdnjs.cloudflare.com meet.jit.si;object-src 'self' 'nonce-\/0iImpuy4Gj6nnO5cMh6Eg==';style-src 'self' 'unsafe-inline' fonts.googleapis.com www.bing.com;img-src 'self' 'nonce-\/0iImpuy4Gj6nnO5cMh6Eg==' www.google.com d maps.gstatic.com maps.googleapis.com a.tile.openstreetmap.org b.tile.openstreetmap.org c.tile.openstreetmap.org www.bing.com t.ssl.ak.dynamic.tiles.virtualearth.net data:;media-src 'self';frame-src 'self' www.youtube.com;font-src 'self' fonts.gstatic.com;connect-src 'self' www.bing.com  nominatim.openstreetmap.org;report-uri https:\/\/dev.ecclesiacrm.com\/api\/system\/csp-report",         "disposition": "report",         "blocked-uri": "inline",         "line-number": 907,         "source-file": "https:\/\/dev.ecclesiacrm.com\/v2\/dashboard",         "status-code": 200,         "script-sample": ""     } } [] []
[2022-09-08 20:54:25] defaultLogger.WARNING: {     "csp-report": {         "document-uri": "https:\/\/dev.ecclesiacrm.com\/v2\/dashboard",         "referrer": "https:\/\/dev.ecclesiacrm.com\/v2\/dashboard",         "violated-directive": "script-src-elem",         "effective-directive": "script-src-elem",         "original-policy": "default-src 'self';script-src 'self' 'unsafe-eval' 'nonce-Fg\/mii1NlBRDlWxNx5bocg==' sidecar.gitter.im browser-update.org maps.googleapis.com www.bing.com  dev.virtualearth.net t.ssl.ak.dynamic.tiles.virtualearth.net cdnjs.cloudflare.com meet.jit.si;object-src 'self' 'nonce-Fg\/mii1NlBRDlWxNx5bocg==';style-src 'self' 'unsafe-inline' fonts.googleapis.com www.bing.com;img-src 'self' 'nonce-Fg\/mii1NlBRDlWxNx5bocg==' www.google.com d maps.gstatic.com maps.googleapis.com a.tile.openstreetmap.org b.tile.openstreetmap.org c.tile.openstreetmap.org www.bing.com t.ssl.ak.dynamic.tiles.virtualearth.net data:;media-src 'self';frame-src 'self' www.youtube.com;font-src 'self' fonts.gstatic.com;connect-src 'self' www.bing.com  nominatim.openstreetmap.org;report-uri https:\/\/dev.ecclesiacrm.com\/api\/system\/csp-report",         "disposition": "report",         "blocked-uri": "inline",         "line-number": 907,         "source-file": "https:\/\/dev.ecclesiacrm.com\/v2\/dashboard",         "status-code": 200,         "script-sample": ""     } } [] []
[2022-09-08 20:55:52] defaultLogger.WARNING: {     "csp-report": {         "document-uri": "https:\/\/dev.ecclesiacrm.com\/v2\/dashboard",         "referrer": "https:\/\/dev.ecclesiacrm.com\/v2\/dashboard",         "violated-directive": "script-src-elem",         "effective-directive": "script-src-elem",         "original-policy": "default-src 'self';script-src 'self' 'unsafe-eval' 'nonce-VkhEd9sewY0C\/\/LWmNKXIw==' sidecar.gitter.im browser-update.org maps.googleapis.com www.bing.com  dev.virtualearth.net t.ssl.ak.dynamic.tiles.virtualearth.net cdnjs.cloudflare.com meet.jit.si;object-src 'self' 'nonce-VkhEd9sewY0C\/\/LWmNKXIw==';style-src 'self' 'unsafe-inline' fonts.googleapis.com www.bing.com;img-src 'self' 'nonce-VkhEd9sewY0C\/\/LWmNKXIw==' www.google.com d maps.gstatic.com maps.googleapis.com a.tile.openstreetmap.org b.tile.openstreetmap.org c.tile.openstreetmap.org www.bing.com t.ssl.ak.dynamic.tiles.virtualearth.net data:;media-src 'self';frame-src 'self' www.youtube.com;font-src 'self' fonts.gstatic.com;connect-src 'self' www.bing.com  nominatim.openstreetmap.org;report-uri https:\/\/dev.ecclesiacrm.com\/api\/system\/csp-report",         "disposition": "report",         "blocked-uri": "inline",         "line-number": 907,         "source-file": "https:\/\/dev.ecclesiacrm.com\/v2\/dashboard",         "status-code": 200,         "script-sample": ""     } } [] []
[2022-09-08 21:01:07] defaultLogger.WARNING: {     "csp-report": {         "document-uri": "https:\/\/dev.ecclesiacrm.com\/v2\/dashboard",         "referrer": "https:\/\/dev.ecclesiacrm.com\/v2\/dashboard",         "violated-directive": "script-src-elem",         "effective-directive": "script-src-elem",         "original-policy": "default-src 'self';script-src 'self' 'unsafe-eval' 'nonce-RY75geywzMF2bfA6oGrPxw==' sidecar.gitter.im browser-update.org maps.googleapis.com www.bing.com  dev.virtualearth.net t.ssl.ak.dynamic.tiles.virtualearth.net cdnjs.cloudflare.com meet.jit.si;object-src 'self' 'nonce-RY75geywzMF2bfA6oGrPxw==';style-src 'self' 'unsafe-inline' fonts.googleapis.com www.bing.com;img-src 'self' 'nonce-RY75geywzMF2bfA6oGrPxw==' www.google.com d maps.gstatic.com maps.googleapis.com a.tile.openstreetmap.org b.tile.openstreetmap.org c.tile.openstreetmap.org www.bing.com t.ssl.ak.dynamic.tiles.virtualearth.net data:;media-src 'self';frame-src 'self' www.youtube.com;font-src 'self' fonts.gstatic.com;connect-src 'self' www.bing.com  nominatim.openstreetmap.org;report-uri https:\/\/dev.ecclesiacrm.com\/api\/system\/csp-report",         "disposition": "report",         "blocked-uri": "inline",         "line-number": 907,         "source-file": "https:\/\/dev.ecclesiacrm.com\/v2\/dashboard",         "status-code": 200,         "script-sample": ""     } } [] []
