[22-Feb-2022 08:28:04 Europe/Paris] PHP Fatal error:  Uncaught Error: Class "PluginQuery" not found in /var/www/CRM/src/v2/index.php:116
Stack trace:
#0 {main}
  thrown in /var/www/CRM/src/v2/index.php on line 116
[22-Feb-2022 08:28:05 Europe/Paris] PHP Fatal error:  Uncaught Error: Class "PluginQuery" not found in /var/www/CRM/src/v2/index.php:116
Stack trace:
#0 {main}
  thrown in /var/www/CRM/src/v2/index.php on line 116
[22-Feb-2022 08:28:18 Europe/Paris] PHP Fatal error:  Uncaught Error: Class "PluginQuery" not found in /var/www/CRM/src/v2/index.php:116
Stack trace:
#0 {main}
  thrown in /var/www/CRM/src/v2/index.php on line 116
[22-Feb-2022 08:28:19 Europe/Paris] PHP Fatal error:  Uncaught Error: Class "PluginQuery" not found in /var/www/CRM/src/v2/index.php:116
Stack trace:
#0 {main}
  thrown in /var/www/CRM/src/v2/index.php on line 116
[22-Feb-2022 08:29:11 Europe/Paris] PHP Fatal error:  Uncaught Error: Class "PluginQuery" not found in /var/www/CRM/src/v2/index.php:116
Stack trace:
#0 {main}
  thrown in /var/www/CRM/src/v2/index.php on line 116
[22-Feb-2022 08:29:11 Europe/Paris] PHP Fatal error:  Uncaught Error: Class "PluginQuery" not found in /var/www/CRM/src/v2/index.php:116
Stack trace:
#0 {main}
  thrown in /var/www/CRM/src/v2/index.php on line 116
[22-Feb-2022 08:29:12 Europe/Paris] PHP Fatal error:  Uncaught Error: Class "PluginQuery" not found in /var/www/CRM/src/v2/index.php:116
Stack trace:
#0 {main}
  thrown in /var/www/CRM/src/v2/index.php on line 116
[22-Feb-2022 08:32:44 Europe/Paris] Slim Application Error
Type: Error
Code: 0
Message: Class &quot;EcclesiaCRM\Base\PluginQuery&quot; not found
File: /var/www/CRM/src/EcclesiaCRM/model/EcclesiaCRM/PluginQuery.php
Line: 18
Trace: #0 /var/www/CRM/src/vendor/composer/ClassLoader.php(444): include()
#1 /var/www/CRM/src/vendor/composer/ClassLoader.php(322): Composer\Autoload\includeFile()
#2 /var/www/CRM/src/Include/Footer.php(399): Composer\Autoload\ClassLoader->loadClass()
#3 /var/www/CRM/src/v2/templates/dashboard/maindashboard.php(742): require('...')
#4 /var/www/CRM/src/vendor/slim/php-view/src/PhpRenderer.php(188): include('...')
#5 /var/www/CRM/src/vendor/slim/php-view/src/PhpRenderer.php(169): Slim\Views\PhpRenderer->protectedIncludeScope()
#6 /var/www/CRM/src/vendor/slim/php-view/src/PhpRenderer.php(62): Slim\Views\PhpRenderer->fetch()
#7 /var/www/CRM/src/EcclesiaCRM/VIEWControllers/VIEWDashboardController.php(50): Slim\Views\PhpRenderer->render()
#8 /var/www/CRM/src/vendor/slim/slim/Slim/Handlers/Strategies/RequestResponse.php(43): EcclesiaCRM\VIEWControllers\VIEWDashboardController->renderDashboard()
#9 /var/www/CRM/src/vendor/slim/slim/Slim/Routing/Route.php(384): Slim\Handlers\Strategies\RequestResponse->__invoke()
#10 /var/www/CRM/src/vendor/slim/slim/Slim/MiddlewareDispatcher.php(81): Slim\Routing\Route->handle()
#11 /var/www/CRM/src/vendor/slim/slim/Slim/MiddlewareDispatcher.php(81): Slim\MiddlewareDispatcher->handle()
#12 /var/www/CRM/src/vendor/slim/slim/Slim/Routing/Route.php(341): Slim\MiddlewareDispatcher->handle()
#13 /var/www/CRM/src/vendor/slim/slim/Slim/Routing/RouteRunner.php(84): Slim\Routing\Route->run()
#14 /var/www/CRM/src/vendor/slim/http-cache/src/Cache.php(67): Slim\Routing\RouteRunner->handle()
#15 /var/www/CRM/src/vendor/slim/slim/Slim/MiddlewareDispatcher.php(147): Slim\HttpCache\Cache->process()
#16 /var/www/CRM/src/EcclesiaCRM/Slim/Middleware/VersionMiddleware.php(17): Psr\Http\Server\RequestHandlerInterface@anonymous->handle()
#17 /var/www/CRM/src/vendor/slim/slim/Slim/MiddlewareDispatcher.php(313): EcclesiaCRM\Slim\Middleware\VersionMiddleware->__invoke()
#18 /var/www/CRM/src/vendor/tuupola/slim-jwt-auth/src/JwtAuthentication.php(132): Psr\Http\Server\RequestHandlerInterface@anonymous->handle()
#19 /var/www/CRM/src/vendor/slim/slim/Slim/MiddlewareDispatcher.php(147): Tuupola\Middleware\JwtAuthentication->process()
#20 /var/www/CRM/src/vendor/slim/slim/Slim/Middleware/ErrorMiddleware.php(107): Psr\Http\Server\RequestHandlerInterface@anonymous->handle()
#21 /var/www/CRM/src/vendor/slim/slim/Slim/MiddlewareDispatcher.php(147): Slim\Middleware\ErrorMiddleware->process()
#22 /var/www/CRM/src/vendor/slim/slim/Slim/MiddlewareDispatcher.php(81): Psr\Http\Server\RequestHandlerInterface@anonymous->handle()
#23 /var/www/CRM/src/vendor/slim/slim/Slim/App.php(215): Slim\MiddlewareDispatcher->handle()
#24 /var/www/CRM/src/vendor/slim/slim/Slim/App.php(199): Slim\App->handle()
#25 /var/www/CRM/src/v2/index.php(125): Slim\App->run()
#26 {main}
[22-Feb-2022 08:34:16 Europe/Paris] Slim Application Error
Type: Error
Code: 0
Message: Class &quot;EcclesiaCRM\PluginQuery&quot; not found
File: /var/www/CRM/src/Include/Footer.php
Line: 399
Trace: #0 /var/www/CRM/src/v2/templates/dashboard/maindashboard.php(742): require()
#1 /var/www/CRM/src/vendor/slim/php-view/src/PhpRenderer.php(188): include('...')
#2 /var/www/CRM/src/vendor/slim/php-view/src/PhpRenderer.php(169): Slim\Views\PhpRenderer->protectedIncludeScope()
#3 /var/www/CRM/src/vendor/slim/php-view/src/PhpRenderer.php(62): Slim\Views\PhpRenderer->fetch()
#4 /var/www/CRM/src/EcclesiaCRM/VIEWControllers/VIEWDashboardController.php(50): Slim\Views\PhpRenderer->render()
#5 /var/www/CRM/src/vendor/slim/slim/Slim/Handlers/Strategies/RequestResponse.php(43): EcclesiaCRM\VIEWControllers\VIEWDashboardController->renderDashboard()
#6 /var/www/CRM/src/vendor/slim/slim/Slim/Routing/Route.php(384): Slim\Handlers\Strategies\RequestResponse->__invoke()
#7 /var/www/CRM/src/vendor/slim/slim/Slim/MiddlewareDispatcher.php(81): Slim\Routing\Route->handle()
#8 /var/www/CRM/src/vendor/slim/slim/Slim/MiddlewareDispatcher.php(81): Slim\MiddlewareDispatcher->handle()
#9 /var/www/CRM/src/vendor/slim/slim/Slim/Routing/Route.php(341): Slim\MiddlewareDispatcher->handle()
#10 /var/www/CRM/src/vendor/slim/slim/Slim/Routing/RouteRunner.php(84): Slim\Routing\Route->run()
#11 /var/www/CRM/src/vendor/slim/http-cache/src/Cache.php(67): Slim\Routing\RouteRunner->handle()
#12 /var/www/CRM/src/vendor/slim/slim/Slim/MiddlewareDispatcher.php(147): Slim\HttpCache\Cache->process()
#13 /var/www/CRM/src/EcclesiaCRM/Slim/Middleware/VersionMiddleware.php(17): Psr\Http\Server\RequestHandlerInterface@anonymous->handle()
#14 /var/www/CRM/src/vendor/slim/slim/Slim/MiddlewareDispatcher.php(313): EcclesiaCRM\Slim\Middleware\VersionMiddleware->__invoke()
#15 /var/www/CRM/src/vendor/tuupola/slim-jwt-auth/src/JwtAuthentication.php(132): Psr\Http\Server\RequestHandlerInterface@anonymous->handle()
#16 /var/www/CRM/src/vendor/slim/slim/Slim/MiddlewareDispatcher.php(147): Tuupola\Middleware\JwtAuthentication->process()
#17 /var/www/CRM/src/vendor/slim/slim/Slim/Middleware/ErrorMiddleware.php(107): Psr\Http\Server\RequestHandlerInterface@anonymous->handle()
#18 /var/www/CRM/src/vendor/slim/slim/Slim/MiddlewareDispatcher.php(147): Slim\Middleware\ErrorMiddleware->process()
#19 /var/www/CRM/src/vendor/slim/slim/Slim/MiddlewareDispatcher.php(81): Psr\Http\Server\RequestHandlerInterface@anonymous->handle()
#20 /var/www/CRM/src/vendor/slim/slim/Slim/App.php(215): Slim\MiddlewareDispatcher->handle()
#21 /var/www/CRM/src/vendor/slim/slim/Slim/App.php(199): Slim\App->handle()
#22 /var/www/CRM/src/v2/index.php(125): Slim\App->run()
#23 {main}
[22-Feb-2022 08:34:56 Europe/Paris] PHP Fatal error:  Uncaught Error: Class "EcclesiaCRM\PluginQuery" not found in /var/www/CRM/src/api/index.php:134
Stack trace:
#0 {main}
  thrown in /var/www/CRM/src/api/index.php on line 134
[22-Feb-2022 08:34:56 Europe/Paris] PHP Fatal error:  Uncaught Error: Class "EcclesiaCRM\PluginQuery" not found in /var/www/CRM/src/api/index.php:134
Stack trace:
#0 {main}
  thrown in /var/www/CRM/src/api/index.php on line 134
[22-Feb-2022 08:34:56 Europe/Paris] PHP Fatal error:  Uncaught Error: Class "EcclesiaCRM\PluginQuery" not found in /var/www/CRM/src/api/index.php:134
Stack trace:
#0 {main}
  thrown in /var/www/CRM/src/api/index.php on line 134
[22-Feb-2022 08:34:56 Europe/Paris] PHP Fatal error:  Uncaught Error: Class "EcclesiaCRM\PluginQuery" not found in /var/www/CRM/src/api/index.php:134
Stack trace:
#0 {main}
  thrown in /var/www/CRM/src/api/index.php on line 134
[22-Feb-2022 08:34:56 Europe/Paris] PHP Fatal error:  Uncaught Error: Class "EcclesiaCRM\PluginQuery" not found in /var/www/CRM/src/api/index.php:134
Stack trace:
#0 {main}
  thrown in /var/www/CRM/src/api/index.php on line 134
[22-Feb-2022 08:34:56 Europe/Paris] PHP Fatal error:  Uncaught Error: Class "EcclesiaCRM\PluginQuery" not found in /var/www/CRM/src/api/index.php:134
Stack trace:
#0 {main}
  thrown in /var/www/CRM/src/api/index.php on line 134
[22-Feb-2022 08:35:13 Europe/Paris] PHP Fatal error:  Uncaught Error: Class "EcclesiaCRM\PluginQuery" not found in /var/www/CRM/src/api/index.php:134
Stack trace:
#0 {main}
  thrown in /var/www/CRM/src/api/index.php on line 134
[22-Feb-2022 08:35:28 Europe/Paris] PHP Fatal error:  Uncaught Error: Class "EcclesiaCRM\PluginQuery" not found in /var/www/CRM/src/api/index.php:134
Stack trace:
#0 {main}
  thrown in /var/www/CRM/src/api/index.php on line 134
[22-Feb-2022 08:35:28 Europe/Paris] PHP Fatal error:  Uncaught Error: Class "EcclesiaCRM\PluginQuery" not found in /var/www/CRM/src/api/index.php:134
Stack trace:
#0 {main}
  thrown in /var/www/CRM/src/api/index.php on line 134
[22-Feb-2022 08:35:28 Europe/Paris] PHP Fatal error:  Uncaught Error: Class "EcclesiaCRM\PluginQuery" not found in /var/www/CRM/src/api/index.php:134
Stack trace:
#0 {main}
  thrown in /var/www/CRM/src/api/index.php on line 134
[22-Feb-2022 08:35:28 Europe/Paris] PHP Fatal error:  Uncaught Error: Class "EcclesiaCRM\PluginQuery" not found in /var/www/CRM/src/api/index.php:134
Stack trace:
#0 {main}
  thrown in /var/www/CRM/src/api/index.php on line 134
[22-Feb-2022 08:35:28 Europe/Paris] PHP Fatal error:  Uncaught Error: Class "EcclesiaCRM\PluginQuery" not found in /var/www/CRM/src/api/index.php:134
Stack trace:
#0 {main}
  thrown in /var/www/CRM/src/api/index.php on line 134
[22-Feb-2022 08:35:28 Europe/Paris] PHP Fatal error:  Uncaught Error: Class "EcclesiaCRM\PluginQuery" not found in /var/www/CRM/src/api/index.php:134
Stack trace:
#0 {main}
  thrown in /var/www/CRM/src/api/index.php on line 134
[22-Feb-2022 08:36:23 Europe/Paris] PHP Fatal error:  Uncaught Error: Class "EcclesiaCRM\PluginQuery" not found in /var/www/CRM/src/api/index.php:134
Stack trace:
#0 {main}
  thrown in /var/www/CRM/src/api/index.php on line 134
[22-Feb-2022 08:36:23 Europe/Paris] PHP Fatal error:  Uncaught Error: Class "EcclesiaCRM\PluginQuery" not found in /var/www/CRM/src/api/index.php:134
Stack trace:
#0 {main}
  thrown in /var/www/CRM/src/api/index.php on line 134
[22-Feb-2022 08:36:23 Europe/Paris] PHP Fatal error:  Uncaught Error: Class "EcclesiaCRM\PluginQuery" not found in /var/www/CRM/src/api/index.php:134
Stack trace:
#0 {main}
  thrown in /var/www/CRM/src/api/index.php on line 134
[22-Feb-2022 08:36:23 Europe/Paris] PHP Fatal error:  Uncaught Error: Class "EcclesiaCRM\PluginQuery" not found in /var/www/CRM/src/api/index.php:134
Stack trace:
#0 {main}
  thrown in /var/www/CRM/src/api/index.php on line 134
[22-Feb-2022 08:36:23 Europe/Paris] PHP Fatal error:  Uncaught Error: Class "EcclesiaCRM\PluginQuery" not found in /var/www/CRM/src/api/index.php:134
Stack trace:
#0 {main}
  thrown in /var/www/CRM/src/api/index.php on line 134
[22-Feb-2022 08:36:23 Europe/Paris] PHP Fatal error:  Uncaught Error: Class "EcclesiaCRM\PluginQuery" not found in /var/www/CRM/src/api/index.php:134
Stack trace:
#0 {main}
  thrown in /var/www/CRM/src/api/index.php on line 134
[22-Feb-2022 08:36:23 Europe/Paris] PHP Fatal error:  Uncaught Error: Class "EcclesiaCRM\PluginQuery" not found in /var/www/CRM/src/api/index.php:134
Stack trace:
#0 {main}
  thrown in /var/www/CRM/src/api/index.php on line 134
