[02-Jan-2022 18:05:37 Europe/Paris] Slim Application Error
Type: Sabre\VObject\InvalidDataException
Code: 0
Message: Unknown value for FREQ=MONTHLY UNTIL
File: /var/www/CRM/src/vendor/sabre/vobject/lib/Recur/RRuleIterator.php
Line: 714
Trace: #0 /var/www/CRM/src/vendor/sabre/vobject/lib/Recur/RRuleIterator.php(35): Sabre\VObject\Recur\RRuleIterator->parseRRule()
#1 /var/www/CRM/src/vendor/sabre/vobject/lib/Recur/EventIterator.php(178): Sabre\VObject\Recur\RRuleIterator->__construct()
#2 /var/www/CRM/src/EcclesiaCRM/sabre/VObjectExtract.php(135): Sabre\VObject\Recur\EventIterator->__construct()
#3 /var/www/CRM/src/EcclesiaCRM/sabre/CalDavPDO.php(780): EcclesiaCRM\MyPDO\VObjectExtract::calendarData()
#4 /var/www/CRM/src/EcclesiaCRM/APIControllers/CalendarEventV2Controller.php(1011): EcclesiaCRM\MyPDO\CalDavPDO->updateCalendarObject()
#5 /var/www/CRM/src/vendor/slim/slim/Slim/Handlers/Strategies/RequestResponse.php(43): EcclesiaCRM\APIControllers\CalendarEventV2Controller->manageEvent()
#6 /var/www/CRM/src/vendor/slim/slim/Slim/Routing/Route.php(384): Slim\Handlers\Strategies\RequestResponse->__invoke()
#7 /var/www/CRM/src/vendor/slim/slim/Slim/MiddlewareDispatcher.php(81): Slim\Routing\Route->handle()
#8 /var/www/CRM/src/vendor/slim/slim/Slim/MiddlewareDispatcher.php(81): Slim\MiddlewareDispatcher->handle()
#9 /var/www/CRM/src/vendor/slim/slim/Slim/Routing/Route.php(341): Slim\MiddlewareDispatcher->handle()
#10 /var/www/CRM/src/vendor/slim/slim/Slim/Routing/RouteRunner.php(84): Slim\Routing\Route->run()
#11 /var/www/CRM/src/EcclesiaCRM/Slim/Middleware/VersionMiddleware.php(17): Slim\Routing\RouteRunner->handle()
#12 /var/www/CRM/src/vendor/slim/slim/Slim/MiddlewareDispatcher.php(313): EcclesiaCRM\Slim\Middleware\VersionMiddleware->__invoke()
#13 /var/www/CRM/src/vendor/tuupola/slim-jwt-auth/src/JwtAuthentication.php(132): class@anonymous->handle()
#14 /var/www/CRM/src/vendor/slim/slim/Slim/MiddlewareDispatcher.php(147): Tuupola\Middleware\JwtAuthentication->process()
#15 /var/www/CRM/src/vendor/slim/slim/Slim/Middleware/ErrorMiddleware.php(107): class@anonymous->handle()
#16 /var/www/CRM/src/vendor/slim/slim/Slim/MiddlewareDispatcher.php(147): Slim\Middleware\ErrorMiddleware->process()
#17 /var/www/CRM/src/vendor/slim/slim/Slim/MiddlewareDispatcher.php(81): class@anonymous->handle()
#18 /var/www/CRM/src/vendor/slim/slim/Slim/App.php(215): Slim\MiddlewareDispatcher->handle()
#19 /var/www/CRM/src/vendor/slim/slim/Slim/App.php(199): Slim\App->handle()
#20 /var/www/CRM/src/api/index.php(135): Slim\App->run()
#21 {main}
[02-Jan-2022 18:11:03 Europe/Paris] Slim Application Error
Type: Sabre\VObject\InvalidDataException
Code: 0
Message: Unknown value for FREQ=MONTHLYUNTIL
File: /var/www/CRM/src/vendor/sabre/vobject/lib/Recur/RRuleIterator.php
Line: 714
Trace: #0 /var/www/CRM/src/vendor/sabre/vobject/lib/Recur/RRuleIterator.php(35): Sabre\VObject\Recur\RRuleIterator->parseRRule()
#1 /var/www/CRM/src/vendor/sabre/vobject/lib/Recur/EventIterator.php(178): Sabre\VObject\Recur\RRuleIterator->__construct()
#2 /var/www/CRM/src/EcclesiaCRM/sabre/VObjectExtract.php(135): Sabre\VObject\Recur\EventIterator->__construct()
#3 /var/www/CRM/src/EcclesiaCRM/sabre/CalDavPDO.php(780): EcclesiaCRM\MyPDO\VObjectExtract::calendarData()
#4 /var/www/CRM/src/EcclesiaCRM/APIControllers/CalendarEventV2Controller.php(1007): EcclesiaCRM\MyPDO\CalDavPDO->updateCalendarObject()
#5 /var/www/CRM/src/vendor/slim/slim/Slim/Handlers/Strategies/RequestResponse.php(43): EcclesiaCRM\APIControllers\CalendarEventV2Controller->manageEvent()
#6 /var/www/CRM/src/vendor/slim/slim/Slim/Routing/Route.php(384): Slim\Handlers\Strategies\RequestResponse->__invoke()
#7 /var/www/CRM/src/vendor/slim/slim/Slim/MiddlewareDispatcher.php(81): Slim\Routing\Route->handle()
#8 /var/www/CRM/src/vendor/slim/slim/Slim/MiddlewareDispatcher.php(81): Slim\MiddlewareDispatcher->handle()
#9 /var/www/CRM/src/vendor/slim/slim/Slim/Routing/Route.php(341): Slim\MiddlewareDispatcher->handle()
#10 /var/www/CRM/src/vendor/slim/slim/Slim/Routing/RouteRunner.php(84): Slim\Routing\Route->run()
#11 /var/www/CRM/src/EcclesiaCRM/Slim/Middleware/VersionMiddleware.php(17): Slim\Routing\RouteRunner->handle()
#12 /var/www/CRM/src/vendor/slim/slim/Slim/MiddlewareDispatcher.php(313): EcclesiaCRM\Slim\Middleware\VersionMiddleware->__invoke()
#13 /var/www/CRM/src/vendor/tuupola/slim-jwt-auth/src/JwtAuthentication.php(132): class@anonymous->handle()
#14 /var/www/CRM/src/vendor/slim/slim/Slim/MiddlewareDispatcher.php(147): Tuupola\Middleware\JwtAuthentication->process()
#15 /var/www/CRM/src/vendor/slim/slim/Slim/Middleware/ErrorMiddleware.php(107): class@anonymous->handle()
#16 /var/www/CRM/src/vendor/slim/slim/Slim/MiddlewareDispatcher.php(147): Slim\Middleware\ErrorMiddleware->process()
#17 /var/www/CRM/src/vendor/slim/slim/Slim/MiddlewareDispatcher.php(81): class@anonymous->handle()
#18 /var/www/CRM/src/vendor/slim/slim/Slim/App.php(215): Slim\MiddlewareDispatcher->handle()
#19 /var/www/CRM/src/vendor/slim/slim/Slim/App.php(199): Slim\App->handle()
#20 /var/www/CRM/src/api/index.php(135): Slim\App->run()
#21 {main}
[02-Jan-2022 18:11:58 Europe/Paris] Slim Application Error
Type: Sabre\VObject\InvalidDataException
Code: 0
Message: Unknown value for FREQ=MONTHLY UNTIL
File: /var/www/CRM/src/vendor/sabre/vobject/lib/Recur/RRuleIterator.php
Line: 714
Trace: #0 /var/www/CRM/src/vendor/sabre/vobject/lib/Recur/RRuleIterator.php(35): Sabre\VObject\Recur\RRuleIterator->parseRRule()
#1 /var/www/CRM/src/vendor/sabre/vobject/lib/Recur/EventIterator.php(178): Sabre\VObject\Recur\RRuleIterator->__construct()
#2 /var/www/CRM/src/EcclesiaCRM/sabre/VObjectExtract.php(135): Sabre\VObject\Recur\EventIterator->__construct()
#3 /var/www/CRM/src/EcclesiaCRM/sabre/CalDavPDO.php(780): EcclesiaCRM\MyPDO\VObjectExtract::calendarData()
#4 /var/www/CRM/src/EcclesiaCRM/APIControllers/CalendarEventV2Controller.php(1007): EcclesiaCRM\MyPDO\CalDavPDO->updateCalendarObject()
#5 /var/www/CRM/src/vendor/slim/slim/Slim/Handlers/Strategies/RequestResponse.php(43): EcclesiaCRM\APIControllers\CalendarEventV2Controller->manageEvent()
#6 /var/www/CRM/src/vendor/slim/slim/Slim/Routing/Route.php(384): Slim\Handlers\Strategies\RequestResponse->__invoke()
#7 /var/www/CRM/src/vendor/slim/slim/Slim/MiddlewareDispatcher.php(81): Slim\Routing\Route->handle()
#8 /var/www/CRM/src/vendor/slim/slim/Slim/MiddlewareDispatcher.php(81): Slim\MiddlewareDispatcher->handle()
#9 /var/www/CRM/src/vendor/slim/slim/Slim/Routing/Route.php(341): Slim\MiddlewareDispatcher->handle()
#10 /var/www/CRM/src/vendor/slim/slim/Slim/Routing/RouteRunner.php(84): Slim\Routing\Route->run()
#11 /var/www/CRM/src/EcclesiaCRM/Slim/Middleware/VersionMiddleware.php(17): Slim\Routing\RouteRunner->handle()
#12 /var/www/CRM/src/vendor/slim/slim/Slim/MiddlewareDispatcher.php(313): EcclesiaCRM\Slim\Middleware\VersionMiddleware->__invoke()
#13 /var/www/CRM/src/vendor/tuupola/slim-jwt-auth/src/JwtAuthentication.php(132): class@anonymous->handle()
#14 /var/www/CRM/src/vendor/slim/slim/Slim/MiddlewareDispatcher.php(147): Tuupola\Middleware\JwtAuthentication->process()
#15 /var/www/CRM/src/vendor/slim/slim/Slim/Middleware/ErrorMiddleware.php(107): class@anonymous->handle()
#16 /var/www/CRM/src/vendor/slim/slim/Slim/MiddlewareDispatcher.php(147): Slim\Middleware\ErrorMiddleware->process()
#17 /var/www/CRM/src/vendor/slim/slim/Slim/MiddlewareDispatcher.php(81): class@anonymous->handle()
#18 /var/www/CRM/src/vendor/slim/slim/Slim/App.php(215): Slim\MiddlewareDispatcher->handle()
#19 /var/www/CRM/src/vendor/slim/slim/Slim/App.php(199): Slim\App->handle()
#20 /var/www/CRM/src/api/index.php(135): Slim\App->run()
#21 {main}
[02-Jan-2022 18:12:34 Europe/Paris] Slim Application Error
Type: Sabre\VObject\InvalidDataException
Code: 0
Message: Unknown value for FREQ=MONTHLY UNTIL
File: /var/www/CRM/src/vendor/sabre/vobject/lib/Recur/RRuleIterator.php
Line: 714
Trace: #0 /var/www/CRM/src/vendor/sabre/vobject/lib/Recur/RRuleIterator.php(35): Sabre\VObject\Recur\RRuleIterator->parseRRule()
#1 /var/www/CRM/src/vendor/sabre/vobject/lib/Recur/EventIterator.php(178): Sabre\VObject\Recur\RRuleIterator->__construct()
#2 /var/www/CRM/src/EcclesiaCRM/sabre/VObjectExtract.php(135): Sabre\VObject\Recur\EventIterator->__construct()
#3 /var/www/CRM/src/EcclesiaCRM/sabre/CalDavPDO.php(780): EcclesiaCRM\MyPDO\VObjectExtract::calendarData()
#4 /var/www/CRM/src/EcclesiaCRM/APIControllers/CalendarEventV2Controller.php(1007): EcclesiaCRM\MyPDO\CalDavPDO->updateCalendarObject()
#5 /var/www/CRM/src/vendor/slim/slim/Slim/Handlers/Strategies/RequestResponse.php(43): EcclesiaCRM\APIControllers\CalendarEventV2Controller->manageEvent()
#6 /var/www/CRM/src/vendor/slim/slim/Slim/Routing/Route.php(384): Slim\Handlers\Strategies\RequestResponse->__invoke()
#7 /var/www/CRM/src/vendor/slim/slim/Slim/MiddlewareDispatcher.php(81): Slim\Routing\Route->handle()
#8 /var/www/CRM/src/vendor/slim/slim/Slim/MiddlewareDispatcher.php(81): Slim\MiddlewareDispatcher->handle()
#9 /var/www/CRM/src/vendor/slim/slim/Slim/Routing/Route.php(341): Slim\MiddlewareDispatcher->handle()
#10 /var/www/CRM/src/vendor/slim/slim/Slim/Routing/RouteRunner.php(84): Slim\Routing\Route->run()
#11 /var/www/CRM/src/EcclesiaCRM/Slim/Middleware/VersionMiddleware.php(17): Slim\Routing\RouteRunner->handle()
#12 /var/www/CRM/src/vendor/slim/slim/Slim/MiddlewareDispatcher.php(313): EcclesiaCRM\Slim\Middleware\VersionMiddleware->__invoke()
#13 /var/www/CRM/src/vendor/tuupola/slim-jwt-auth/src/JwtAuthentication.php(132): class@anonymous->handle()
#14 /var/www/CRM/src/vendor/slim/slim/Slim/MiddlewareDispatcher.php(147): Tuupola\Middleware\JwtAuthentication->process()
#15 /var/www/CRM/src/vendor/slim/slim/Slim/Middleware/ErrorMiddleware.php(107): class@anonymous->handle()
#16 /var/www/CRM/src/vendor/slim/slim/Slim/MiddlewareDispatcher.php(147): Slim\Middleware\ErrorMiddleware->process()
#17 /var/www/CRM/src/vendor/slim/slim/Slim/MiddlewareDispatcher.php(81): class@anonymous->handle()
#18 /var/www/CRM/src/vendor/slim/slim/Slim/App.php(215): Slim\MiddlewareDispatcher->handle()
#19 /var/www/CRM/src/vendor/slim/slim/Slim/App.php(199): Slim\App->handle()
#20 /var/www/CRM/src/api/index.php(135): Slim\App->run()
#21 {main}
[02-Jan-2022 18:14:02 Europe/Paris] Slim Application Error
Type: Sabre\VObject\Recur\NoInstancesException
Code: 0
Message: This recurrence rule does not generate any valid instances
File: /var/www/CRM/src/vendor/sabre/vobject/lib/Recur/EventIterator.php
Line: 192
Trace: #0 /var/www/CRM/src/EcclesiaCRM/sabre/VObjectExtract.php(135): Sabre\VObject\Recur\EventIterator->__construct()
#1 /var/www/CRM/src/EcclesiaCRM/sabre/CalDavPDO.php(780): EcclesiaCRM\MyPDO\VObjectExtract::calendarData()
#2 /var/www/CRM/src/EcclesiaCRM/APIControllers/CalendarEventV2Controller.php(1007): EcclesiaCRM\MyPDO\CalDavPDO->updateCalendarObject()
#3 /var/www/CRM/src/vendor/slim/slim/Slim/Handlers/Strategies/RequestResponse.php(43): EcclesiaCRM\APIControllers\CalendarEventV2Controller->manageEvent()
#4 /var/www/CRM/src/vendor/slim/slim/Slim/Routing/Route.php(384): Slim\Handlers\Strategies\RequestResponse->__invoke()
#5 /var/www/CRM/src/vendor/slim/slim/Slim/MiddlewareDispatcher.php(81): Slim\Routing\Route->handle()
#6 /var/www/CRM/src/vendor/slim/slim/Slim/MiddlewareDispatcher.php(81): Slim\MiddlewareDispatcher->handle()
#7 /var/www/CRM/src/vendor/slim/slim/Slim/Routing/Route.php(341): Slim\MiddlewareDispatcher->handle()
#8 /var/www/CRM/src/vendor/slim/slim/Slim/Routing/RouteRunner.php(84): Slim\Routing\Route->run()
#9 /var/www/CRM/src/EcclesiaCRM/Slim/Middleware/VersionMiddleware.php(17): Slim\Routing\RouteRunner->handle()
#10 /var/www/CRM/src/vendor/slim/slim/Slim/MiddlewareDispatcher.php(313): EcclesiaCRM\Slim\Middleware\VersionMiddleware->__invoke()
#11 /var/www/CRM/src/vendor/tuupola/slim-jwt-auth/src/JwtAuthentication.php(132): class@anonymous->handle()
#12 /var/www/CRM/src/vendor/slim/slim/Slim/MiddlewareDispatcher.php(147): Tuupola\Middleware\JwtAuthentication->process()
#13 /var/www/CRM/src/vendor/slim/slim/Slim/Middleware/ErrorMiddleware.php(107): class@anonymous->handle()
#14 /var/www/CRM/src/vendor/slim/slim/Slim/MiddlewareDispatcher.php(147): Slim\Middleware\ErrorMiddleware->process()
#15 /var/www/CRM/src/vendor/slim/slim/Slim/MiddlewareDispatcher.php(81): class@anonymous->handle()
#16 /var/www/CRM/src/vendor/slim/slim/Slim/App.php(215): Slim\MiddlewareDispatcher->handle()
#17 /var/www/CRM/src/vendor/slim/slim/Slim/App.php(199): Slim\App->handle()
#18 /var/www/CRM/src/api/index.php(135): Slim\App->run()
#19 {main}
[02-Jan-2022 18:14:04 Europe/Paris] Slim Application Error
Type: Sabre\VObject\Recur\NoInstancesException
Code: 0
Message: This recurrence rule does not generate any valid instances
File: /var/www/CRM/src/vendor/sabre/vobject/lib/Recur/EventIterator.php
Line: 192
Trace: #0 /var/www/CRM/src/EcclesiaCRM/sabre/VObjectExtract.php(135): Sabre\VObject\Recur\EventIterator->__construct()
#1 /var/www/CRM/src/EcclesiaCRM/sabre/CalDavPDO.php(780): EcclesiaCRM\MyPDO\VObjectExtract::calendarData()
#2 /var/www/CRM/src/EcclesiaCRM/APIControllers/CalendarEventV2Controller.php(1007): EcclesiaCRM\MyPDO\CalDavPDO->updateCalendarObject()
#3 /var/www/CRM/src/vendor/slim/slim/Slim/Handlers/Strategies/RequestResponse.php(43): EcclesiaCRM\APIControllers\CalendarEventV2Controller->manageEvent()
#4 /var/www/CRM/src/vendor/slim/slim/Slim/Routing/Route.php(384): Slim\Handlers\Strategies\RequestResponse->__invoke()
#5 /var/www/CRM/src/vendor/slim/slim/Slim/MiddlewareDispatcher.php(81): Slim\Routing\Route->handle()
#6 /var/www/CRM/src/vendor/slim/slim/Slim/MiddlewareDispatcher.php(81): Slim\MiddlewareDispatcher->handle()
#7 /var/www/CRM/src/vendor/slim/slim/Slim/Routing/Route.php(341): Slim\MiddlewareDispatcher->handle()
#8 /var/www/CRM/src/vendor/slim/slim/Slim/Routing/RouteRunner.php(84): Slim\Routing\Route->run()
#9 /var/www/CRM/src/EcclesiaCRM/Slim/Middleware/VersionMiddleware.php(17): Slim\Routing\RouteRunner->handle()
#10 /var/www/CRM/src/vendor/slim/slim/Slim/MiddlewareDispatcher.php(313): EcclesiaCRM\Slim\Middleware\VersionMiddleware->__invoke()
#11 /var/www/CRM/src/vendor/tuupola/slim-jwt-auth/src/JwtAuthentication.php(132): class@anonymous->handle()
#12 /var/www/CRM/src/vendor/slim/slim/Slim/MiddlewareDispatcher.php(147): Tuupola\Middleware\JwtAuthentication->process()
#13 /var/www/CRM/src/vendor/slim/slim/Slim/Middleware/ErrorMiddleware.php(107): class@anonymous->handle()
#14 /var/www/CRM/src/vendor/slim/slim/Slim/MiddlewareDispatcher.php(147): Slim\Middleware\ErrorMiddleware->process()
#15 /var/www/CRM/src/vendor/slim/slim/Slim/MiddlewareDispatcher.php(81): class@anonymous->handle()
#16 /var/www/CRM/src/vendor/slim/slim/Slim/App.php(215): Slim\MiddlewareDispatcher->handle()
#17 /var/www/CRM/src/vendor/slim/slim/Slim/App.php(199): Slim\App->handle()
#18 /var/www/CRM/src/api/index.php(135): Slim\App->run()
#19 {main}
[02-Jan-2022 18:18:15 Europe/Paris] Slim Application Error
Type: Sabre\VObject\Recur\NoInstancesException
Code: 0
Message: This recurrence rule does not generate any valid instances
File: /var/www/CRM/src/vendor/sabre/vobject/lib/Recur/EventIterator.php
Line: 192
Trace: #0 /var/www/CRM/src/EcclesiaCRM/sabre/VObjectExtract.php(135): Sabre\VObject\Recur\EventIterator->__construct()
#1 /var/www/CRM/src/EcclesiaCRM/sabre/CalDavPDO.php(780): EcclesiaCRM\MyPDO\VObjectExtract::calendarData()
#2 /var/www/CRM/src/EcclesiaCRM/APIControllers/CalendarEventV2Controller.php(1003): EcclesiaCRM\MyPDO\CalDavPDO->updateCalendarObject()
#3 /var/www/CRM/src/vendor/slim/slim/Slim/Handlers/Strategies/RequestResponse.php(43): EcclesiaCRM\APIControllers\CalendarEventV2Controller->manageEvent()
#4 /var/www/CRM/src/vendor/slim/slim/Slim/Routing/Route.php(384): Slim\Handlers\Strategies\RequestResponse->__invoke()
#5 /var/www/CRM/src/vendor/slim/slim/Slim/MiddlewareDispatcher.php(81): Slim\Routing\Route->handle()
#6 /var/www/CRM/src/vendor/slim/slim/Slim/MiddlewareDispatcher.php(81): Slim\MiddlewareDispatcher->handle()
#7 /var/www/CRM/src/vendor/slim/slim/Slim/Routing/Route.php(341): Slim\MiddlewareDispatcher->handle()
#8 /var/www/CRM/src/vendor/slim/slim/Slim/Routing/RouteRunner.php(84): Slim\Routing\Route->run()
#9 /var/www/CRM/src/EcclesiaCRM/Slim/Middleware/VersionMiddleware.php(17): Slim\Routing\RouteRunner->handle()
#10 /var/www/CRM/src/vendor/slim/slim/Slim/MiddlewareDispatcher.php(313): EcclesiaCRM\Slim\Middleware\VersionMiddleware->__invoke()
#11 /var/www/CRM/src/vendor/tuupola/slim-jwt-auth/src/JwtAuthentication.php(132): class@anonymous->handle()
#12 /var/www/CRM/src/vendor/slim/slim/Slim/MiddlewareDispatcher.php(147): Tuupola\Middleware\JwtAuthentication->process()
#13 /var/www/CRM/src/vendor/slim/slim/Slim/Middleware/ErrorMiddleware.php(107): class@anonymous->handle()
#14 /var/www/CRM/src/vendor/slim/slim/Slim/MiddlewareDispatcher.php(147): Slim\Middleware\ErrorMiddleware->process()
#15 /var/www/CRM/src/vendor/slim/slim/Slim/MiddlewareDispatcher.php(81): class@anonymous->handle()
#16 /var/www/CRM/src/vendor/slim/slim/Slim/App.php(215): Slim\MiddlewareDispatcher->handle()
#17 /var/www/CRM/src/vendor/slim/slim/Slim/App.php(199): Slim\App->handle()
#18 /var/www/CRM/src/api/index.php(135): Slim\App->run()
#19 {main}
[02-Jan-2022 18:18:18 Europe/Paris] Slim Application Error
Type: Sabre\VObject\Recur\NoInstancesException
Code: 0
Message: This recurrence rule does not generate any valid instances
File: /var/www/CRM/src/vendor/sabre/vobject/lib/Recur/EventIterator.php
Line: 192
Trace: #0 /var/www/CRM/src/EcclesiaCRM/sabre/VObjectExtract.php(135): Sabre\VObject\Recur\EventIterator->__construct()
#1 /var/www/CRM/src/EcclesiaCRM/sabre/CalDavPDO.php(780): EcclesiaCRM\MyPDO\VObjectExtract::calendarData()
#2 /var/www/CRM/src/EcclesiaCRM/APIControllers/CalendarEventV2Controller.php(1003): EcclesiaCRM\MyPDO\CalDavPDO->updateCalendarObject()
#3 /var/www/CRM/src/vendor/slim/slim/Slim/Handlers/Strategies/RequestResponse.php(43): EcclesiaCRM\APIControllers\CalendarEventV2Controller->manageEvent()
#4 /var/www/CRM/src/vendor/slim/slim/Slim/Routing/Route.php(384): Slim\Handlers\Strategies\RequestResponse->__invoke()
#5 /var/www/CRM/src/vendor/slim/slim/Slim/MiddlewareDispatcher.php(81): Slim\Routing\Route->handle()
#6 /var/www/CRM/src/vendor/slim/slim/Slim/MiddlewareDispatcher.php(81): Slim\MiddlewareDispatcher->handle()
#7 /var/www/CRM/src/vendor/slim/slim/Slim/Routing/Route.php(341): Slim\MiddlewareDispatcher->handle()
#8 /var/www/CRM/src/vendor/slim/slim/Slim/Routing/RouteRunner.php(84): Slim\Routing\Route->run()
#9 /var/www/CRM/src/EcclesiaCRM/Slim/Middleware/VersionMiddleware.php(17): Slim\Routing\RouteRunner->handle()
#10 /var/www/CRM/src/vendor/slim/slim/Slim/MiddlewareDispatcher.php(313): EcclesiaCRM\Slim\Middleware\VersionMiddleware->__invoke()
#11 /var/www/CRM/src/vendor/tuupola/slim-jwt-auth/src/JwtAuthentication.php(132): class@anonymous->handle()
#12 /var/www/CRM/src/vendor/slim/slim/Slim/MiddlewareDispatcher.php(147): Tuupola\Middleware\JwtAuthentication->process()
#13 /var/www/CRM/src/vendor/slim/slim/Slim/Middleware/ErrorMiddleware.php(107): class@anonymous->handle()
#14 /var/www/CRM/src/vendor/slim/slim/Slim/MiddlewareDispatcher.php(147): Slim\Middleware\ErrorMiddleware->process()
#15 /var/www/CRM/src/vendor/slim/slim/Slim/MiddlewareDispatcher.php(81): class@anonymous->handle()
#16 /var/www/CRM/src/vendor/slim/slim/Slim/App.php(215): Slim\MiddlewareDispatcher->handle()
#17 /var/www/CRM/src/vendor/slim/slim/Slim/App.php(199): Slim\App->handle()
#18 /var/www/CRM/src/api/index.php(135): Slim\App->run()
#19 {main}
