[02-Jul-2022 15:28:34 Europe/Paris] Slim Application Error
Type: Propel\Runtime\ActiveQuery\QueryExecutor\QueryExecutionException
Code: 0
Message: Unable to execute statement [SELECT DISTINCT res.r2p_id, res.r2p_pro_ID, res.r2p_record_ID, res.r2p_Value, COALESCE(cls.lst_OptionName, 'Unassigned') AS ClassName FROM person_per CROSS JOIN (SELECT property_pro.pro_Name AS ProName, propertytype_prt.prt_Name AS ProTypeName FROM record2property_r2p LEFT JOIN property_pro ON (record2property_r2p.r2p_pro_ID=property_pro.pro_ID) LEFT JOIN propertytype_prt ON (property_pro.pro_prt_ID=propertytype_prt.prt_ID) LEFT JOIN a ON (record2property_r2p.r2p_record_ID=a.per_ID) WHERE property_pro.pro_Class='p' ORDER BY ProName ASC,ProTypeName ASC) AS res LEFT JOIN list_lst cls ON (person_per.per_cls_ID=cls.lst_OptionID AND cls.lst_ID=1) LEFT JOIN list_lst fmr ON (person_per.per_fam_ID=fmr.lst_OptionID AND fmr.lst_ID=2) WHERE person_per.per_DateDeactivated IS NULL ]
File: /var/www/CRM/src/vendor/propel/propel/src/Propel/Runtime/ActiveQuery/QueryExecutor/AbstractQueryExecutor.php
Line: 136
Trace: #0 /var/www/CRM/src/vendor/propel/propel/src/Propel/Runtime/ActiveQuery/QueryExecutor/AbstractQueryExecutor.php(105): Propel\Runtime\ActiveQuery\QueryExecutor\AbstractQueryExecutor->handleStatementException()
#1 /var/www/CRM/src/vendor/propel/propel/src/Propel/Runtime/ActiveQuery/QueryExecutor/SelectQueryExecutor.php(49): Propel\Runtime\ActiveQuery\QueryExecutor\AbstractQueryExecutor->executeStatement()
#2 /var/www/CRM/src/vendor/propel/propel/src/Propel/Runtime/ActiveQuery/QueryExecutor/SelectQueryExecutor.php(37): Propel\Runtime\ActiveQuery\QueryExecutor\SelectQueryExecutor->runSelect()
#3 /var/www/CRM/src/vendor/propel/propel/src/Propel/Runtime/ActiveQuery/Criteria.php(2322): Propel\Runtime\ActiveQuery\QueryExecutor\SelectQueryExecutor::execute()
#4 /var/www/CRM/src/vendor/propel/propel/src/Propel/Runtime/ActiveQuery/ModelCriteria.php(2211): Propel\Runtime\ActiveQuery\Criteria->doSelect()
#5 /var/www/CRM/src/vendor/propel/propel/src/Propel/Runtime/ActiveQuery/ModelCriteria.php(1243): Propel\Runtime\ActiveQuery\ModelCriteria->doSelect()
#6 /var/www/CRM/src/EcclesiaCRM/Search/PersonSearchRes.php(242): Propel\Runtime\ActiveQuery\ModelCriteria->find()
#7 /var/www/CRM/src/EcclesiaCRM/Search/BaseSearchRes.php(53): EcclesiaCRM\Search\PersonSearchRes->buildSearch()
#8 /var/www/CRM/src/EcclesiaCRM/APIControllers/SearchController.php(178): EcclesiaCRM\Search\BaseSearchRes->getRes()
#9 /var/www/CRM/src/vendor/slim/slim/Slim/Handlers/Strategies/RequestResponse.php(43): EcclesiaCRM\APIControllers\SearchController->getSearchResult()
#10 /var/www/CRM/src/vendor/slim/slim/Slim/Routing/Route.php(384): Slim\Handlers\Strategies\RequestResponse->__invoke()
#11 /var/www/CRM/src/vendor/slim/slim/Slim/MiddlewareDispatcher.php(81): Slim\Routing\Route->handle()
#12 /var/www/CRM/src/vendor/slim/slim/Slim/MiddlewareDispatcher.php(81): Slim\MiddlewareDispatcher->handle()
#13 /var/www/CRM/src/vendor/slim/slim/Slim/Routing/Route.php(341): Slim\MiddlewareDispatcher->handle()
#14 /var/www/CRM/src/vendor/slim/slim/Slim/Routing/RouteRunner.php(84): Slim\Routing\Route->run()
#15 /var/www/CRM/src/EcclesiaCRM/Slim/Middleware/VersionMiddleware.php(17): Slim\Routing\RouteRunner->handle()
#16 /var/www/CRM/src/vendor/slim/slim/Slim/MiddlewareDispatcher.php(313): EcclesiaCRM\Slim\Middleware\VersionMiddleware->__invoke()
#17 /var/www/CRM/src/vendor/tuupola/slim-jwt-auth/src/JwtAuthentication.php(132): class@anonymous->handle()
#18 /var/www/CRM/src/vendor/slim/slim/Slim/MiddlewareDispatcher.php(147): Tuupola\Middleware\JwtAuthentication->process()
#19 /var/www/CRM/src/vendor/slim/slim/Slim/Middleware/ErrorMiddleware.php(107): class@anonymous->handle()
#20 /var/www/CRM/src/vendor/slim/slim/Slim/MiddlewareDispatcher.php(147): Slim\Middleware\ErrorMiddleware->process()
#21 /var/www/CRM/src/vendor/slim/slim/Slim/MiddlewareDispatcher.php(81): class@anonymous->handle()
#22 /var/www/CRM/src/vendor/slim/slim/Slim/App.php(215): Slim\MiddlewareDispatcher->handle()
#23 /var/www/CRM/src/vendor/slim/slim/Slim/App.php(199): Slim\App->handle()
#24 /var/www/CRM/src/api/index.php(145): Slim\App->run()
#25 {main}
Previous Error:
Type: PDOException
Code: 42S02
Message: SQLSTATE[42S02]: Base table or view not found: 1146 Table 'crm.a' doesn't exist
File: /var/www/CRM/src/vendor/propel/propel/src/Propel/Runtime/Connection/StatementWrapper.php
Line: 215
Trace: #0 /var/www/CRM/src/vendor/propel/propel/src/Propel/Runtime/Connection/StatementWrapper.php(215): PDOStatement->execute()
#1 /var/www/CRM/src/vendor/propel/propel/src/Propel/Runtime/ActiveQuery/QueryExecutor/AbstractQueryExecutor.php(103): Propel\Runtime\Connection\StatementWrapper->execute()
#2 /var/www/CRM/src/vendor/propel/propel/src/Propel/Runtime/ActiveQuery/QueryExecutor/SelectQueryExecutor.php(49): Propel\Runtime\ActiveQuery\QueryExecutor\AbstractQueryExecutor->executeStatement()
#3 /var/www/CRM/src/vendor/propel/propel/src/Propel/Runtime/ActiveQuery/QueryExecutor/SelectQueryExecutor.php(37): Propel\Runtime\ActiveQuery\QueryExecutor\SelectQueryExecutor->runSelect()
#4 /var/www/CRM/src/vendor/propel/propel/src/Propel/Runtime/ActiveQuery/Criteria.php(2322): Propel\Runtime\ActiveQuery\QueryExecutor\SelectQueryExecutor::execute()
#5 /var/www/CRM/src/vendor/propel/propel/src/Propel/Runtime/ActiveQuery/ModelCriteria.php(2211): Propel\Runtime\ActiveQuery\Criteria->doSelect()
#6 /var/www/CRM/src/vendor/propel/propel/src/Propel/Runtime/ActiveQuery/ModelCriteria.php(1243): Propel\Runtime\ActiveQuery\ModelCriteria->doSelect()
#7 /var/www/CRM/src/EcclesiaCRM/Search/PersonSearchRes.php(242): Propel\Runtime\ActiveQuery\ModelCriteria->find()
#8 /var/www/CRM/src/EcclesiaCRM/Search/BaseSearchRes.php(53): EcclesiaCRM\Search\PersonSearchRes->buildSearch()
#9 /var/www/CRM/src/EcclesiaCRM/APIControllers/SearchController.php(178): EcclesiaCRM\Search\BaseSearchRes->getRes()
#10 /var/www/CRM/src/vendor/slim/slim/Slim/Handlers/Strategies/RequestResponse.php(43): EcclesiaCRM\APIControllers\SearchController->getSearchResult()
#11 /var/www/CRM/src/vendor/slim/slim/Slim/Routing/Route.php(384): Slim\Handlers\Strategies\RequestResponse->__invoke()
#12 /var/www/CRM/src/vendor/slim/slim/Slim/MiddlewareDispatcher.php(81): Slim\Routing\Route->handle()
#13 /var/www/CRM/src/vendor/slim/slim/Slim/MiddlewareDispatcher.php(81): Slim\MiddlewareDispatcher->handle()
#14 /var/www/CRM/src/vendor/slim/slim/Slim/Routing/Route.php(341): Slim\MiddlewareDispatcher->handle()
#15 /var/www/CRM/src/vendor/slim/slim/Slim/Routing/RouteRunner.php(84): Slim\Routing\Route->run()
#16 /var/www/CRM/src/EcclesiaCRM/Slim/Middleware/VersionMiddleware.php(17): Slim\Routing\RouteRunner->handle()
#17 /var/www/CRM/src/vendor/slim/slim/Slim/MiddlewareDispatcher.php(313): EcclesiaCRM\Slim\Middleware\VersionMiddleware->__invoke()
#18 /var/www/CRM/src/vendor/tuupola/slim-jwt-auth/src/JwtAuthentication.php(132): class@anonymous->handle()
#19 /var/www/CRM/src/vendor/slim/slim/Slim/MiddlewareDispatcher.php(147): Tuupola\Middleware\JwtAuthentication->process()
#20 /var/www/CRM/src/vendor/slim/slim/Slim/Middleware/ErrorMiddleware.php(107): class@anonymous->handle()
#21 /var/www/CRM/src/vendor/slim/slim/Slim/MiddlewareDispatcher.php(147): Slim\Middleware\ErrorMiddleware->process()
#22 /var/www/CRM/src/vendor/slim/slim/Slim/MiddlewareDispatcher.php(81): class@anonymous->handle()
#23 /var/www/CRM/src/vendor/slim/slim/Slim/App.php(215): Slim\MiddlewareDispatcher->handle()
#24 /var/www/CRM/src/vendor/slim/slim/Slim/App.php(199): Slim\App->handle()
#25 /var/www/CRM/src/api/index.php(145): Slim\App->run()
#26 {main}
[02-Jul-2022 15:28:34 Europe/Paris] Slim Application Error
Type: Propel\Runtime\ActiveQuery\QueryExecutor\QueryExecutionException
Code: 0
Message: Unable to execute statement [SELECT DISTINCT res.r2p_id, res.r2p_pro_ID, res.r2p_record_ID, res.r2p_Value, COALESCE(cls.lst_OptionName, 'Unassigned') AS ClassName FROM person_per CROSS JOIN (SELECT property_pro.pro_Name AS ProName, propertytype_prt.prt_Name AS ProTypeName FROM record2property_r2p LEFT JOIN property_pro ON (record2property_r2p.r2p_pro_ID=property_pro.pro_ID) LEFT JOIN propertytype_prt ON (property_pro.pro_prt_ID=propertytype_prt.prt_ID) LEFT JOIN a ON (record2property_r2p.r2p_record_ID=a.per_ID) WHERE property_pro.pro_Class='p' ORDER BY ProName ASC,ProTypeName ASC) AS res LEFT JOIN list_lst cls ON (person_per.per_cls_ID=cls.lst_OptionID AND cls.lst_ID=1) LEFT JOIN list_lst fmr ON (person_per.per_fam_ID=fmr.lst_OptionID AND fmr.lst_ID=2) WHERE person_per.per_DateDeactivated IS NULL ]
File: /var/www/CRM/src/vendor/propel/propel/src/Propel/Runtime/ActiveQuery/QueryExecutor/AbstractQueryExecutor.php
Line: 136
Trace: #0 /var/www/CRM/src/vendor/propel/propel/src/Propel/Runtime/ActiveQuery/QueryExecutor/AbstractQueryExecutor.php(105): Propel\Runtime\ActiveQuery\QueryExecutor\AbstractQueryExecutor->handleStatementException()
#1 /var/www/CRM/src/vendor/propel/propel/src/Propel/Runtime/ActiveQuery/QueryExecutor/SelectQueryExecutor.php(49): Propel\Runtime\ActiveQuery\QueryExecutor\AbstractQueryExecutor->executeStatement()
#2 /var/www/CRM/src/vendor/propel/propel/src/Propel/Runtime/ActiveQuery/QueryExecutor/SelectQueryExecutor.php(37): Propel\Runtime\ActiveQuery\QueryExecutor\SelectQueryExecutor->runSelect()
#3 /var/www/CRM/src/vendor/propel/propel/src/Propel/Runtime/ActiveQuery/Criteria.php(2322): Propel\Runtime\ActiveQuery\QueryExecutor\SelectQueryExecutor::execute()
#4 /var/www/CRM/src/vendor/propel/propel/src/Propel/Runtime/ActiveQuery/ModelCriteria.php(2211): Propel\Runtime\ActiveQuery\Criteria->doSelect()
#5 /var/www/CRM/src/vendor/propel/propel/src/Propel/Runtime/ActiveQuery/ModelCriteria.php(1243): Propel\Runtime\ActiveQuery\ModelCriteria->doSelect()
#6 /var/www/CRM/src/EcclesiaCRM/Search/PersonSearchRes.php(242): Propel\Runtime\ActiveQuery\ModelCriteria->find()
#7 /var/www/CRM/src/EcclesiaCRM/Search/BaseSearchRes.php(53): EcclesiaCRM\Search\PersonSearchRes->buildSearch()
#8 /var/www/CRM/src/EcclesiaCRM/APIControllers/SearchController.php(178): EcclesiaCRM\Search\BaseSearchRes->getRes()
#9 /var/www/CRM/src/vendor/slim/slim/Slim/Handlers/Strategies/RequestResponse.php(43): EcclesiaCRM\APIControllers\SearchController->getSearchResult()
#10 /var/www/CRM/src/vendor/slim/slim/Slim/Routing/Route.php(384): Slim\Handlers\Strategies\RequestResponse->__invoke()
#11 /var/www/CRM/src/vendor/slim/slim/Slim/MiddlewareDispatcher.php(81): Slim\Routing\Route->handle()
#12 /var/www/CRM/src/vendor/slim/slim/Slim/MiddlewareDispatcher.php(81): Slim\MiddlewareDispatcher->handle()
#13 /var/www/CRM/src/vendor/slim/slim/Slim/Routing/Route.php(341): Slim\MiddlewareDispatcher->handle()
#14 /var/www/CRM/src/vendor/slim/slim/Slim/Routing/RouteRunner.php(84): Slim\Routing\Route->run()
#15 /var/www/CRM/src/EcclesiaCRM/Slim/Middleware/VersionMiddleware.php(17): Slim\Routing\RouteRunner->handle()
#16 /var/www/CRM/src/vendor/slim/slim/Slim/MiddlewareDispatcher.php(313): EcclesiaCRM\Slim\Middleware\VersionMiddleware->__invoke()
#17 /var/www/CRM/src/vendor/tuupola/slim-jwt-auth/src/JwtAuthentication.php(132): class@anonymous->handle()
#18 /var/www/CRM/src/vendor/slim/slim/Slim/MiddlewareDispatcher.php(147): Tuupola\Middleware\JwtAuthentication->process()
#19 /var/www/CRM/src/vendor/slim/slim/Slim/Middleware/ErrorMiddleware.php(107): class@anonymous->handle()
#20 /var/www/CRM/src/vendor/slim/slim/Slim/MiddlewareDispatcher.php(147): Slim\Middleware\ErrorMiddleware->process()
#21 /var/www/CRM/src/vendor/slim/slim/Slim/MiddlewareDispatcher.php(81): class@anonymous->handle()
#22 /var/www/CRM/src/vendor/slim/slim/Slim/App.php(215): Slim\MiddlewareDispatcher->handle()
#23 /var/www/CRM/src/vendor/slim/slim/Slim/App.php(199): Slim\App->handle()
#24 /var/www/CRM/src/api/index.php(145): Slim\App->run()
#25 {main}
Previous Error:
Type: PDOException
Code: 42S02
Message: SQLSTATE[42S02]: Base table or view not found: 1146 Table 'crm.a' doesn't exist
File: /var/www/CRM/src/vendor/propel/propel/src/Propel/Runtime/Connection/StatementWrapper.php
Line: 215
Trace: #0 /var/www/CRM/src/vendor/propel/propel/src/Propel/Runtime/Connection/StatementWrapper.php(215): PDOStatement->execute()
#1 /var/www/CRM/src/vendor/propel/propel/src/Propel/Runtime/ActiveQuery/QueryExecutor/AbstractQueryExecutor.php(103): Propel\Runtime\Connection\StatementWrapper->execute()
#2 /var/www/CRM/src/vendor/propel/propel/src/Propel/Runtime/ActiveQuery/QueryExecutor/SelectQueryExecutor.php(49): Propel\Runtime\ActiveQuery\QueryExecutor\AbstractQueryExecutor->executeStatement()
#3 /var/www/CRM/src/vendor/propel/propel/src/Propel/Runtime/ActiveQuery/QueryExecutor/SelectQueryExecutor.php(37): Propel\Runtime\ActiveQuery\QueryExecutor\SelectQueryExecutor->runSelect()
#4 /var/www/CRM/src/vendor/propel/propel/src/Propel/Runtime/ActiveQuery/Criteria.php(2322): Propel\Runtime\ActiveQuery\QueryExecutor\SelectQueryExecutor::execute()
#5 /var/www/CRM/src/vendor/propel/propel/src/Propel/Runtime/ActiveQuery/ModelCriteria.php(2211): Propel\Runtime\ActiveQuery\Criteria->doSelect()
#6 /var/www/CRM/src/vendor/propel/propel/src/Propel/Runtime/ActiveQuery/ModelCriteria.php(1243): Propel\Runtime\ActiveQuery\ModelCriteria->doSelect()
#7 /var/www/CRM/src/EcclesiaCRM/Search/PersonSearchRes.php(242): Propel\Runtime\ActiveQuery\ModelCriteria->find()
#8 /var/www/CRM/src/EcclesiaCRM/Search/BaseSearchRes.php(53): EcclesiaCRM\Search\PersonSearchRes->buildSearch()
#9 /var/www/CRM/src/EcclesiaCRM/APIControllers/SearchController.php(178): EcclesiaCRM\Search\BaseSearchRes->getRes()
#10 /var/www/CRM/src/vendor/slim/slim/Slim/Handlers/Strategies/RequestResponse.php(43): EcclesiaCRM\APIControllers\SearchController->getSearchResult()
#11 /var/www/CRM/src/vendor/slim/slim/Slim/Routing/Route.php(384): Slim\Handlers\Strategies\RequestResponse->__invoke()
#12 /var/www/CRM/src/vendor/slim/slim/Slim/MiddlewareDispatcher.php(81): Slim\Routing\Route->handle()
#13 /var/www/CRM/src/vendor/slim/slim/Slim/MiddlewareDispatcher.php(81): Slim\MiddlewareDispatcher->handle()
#14 /var/www/CRM/src/vendor/slim/slim/Slim/Routing/Route.php(341): Slim\MiddlewareDispatcher->handle()
#15 /var/www/CRM/src/vendor/slim/slim/Slim/Routing/RouteRunner.php(84): Slim\Routing\Route->run()
#16 /var/www/CRM/src/EcclesiaCRM/Slim/Middleware/VersionMiddleware.php(17): Slim\Routing\RouteRunner->handle()
#17 /var/www/CRM/src/vendor/slim/slim/Slim/MiddlewareDispatcher.php(313): EcclesiaCRM\Slim\Middleware\VersionMiddleware->__invoke()
#18 /var/www/CRM/src/vendor/tuupola/slim-jwt-auth/src/JwtAuthentication.php(132): class@anonymous->handle()
#19 /var/www/CRM/src/vendor/slim/slim/Slim/MiddlewareDispatcher.php(147): Tuupola\Middleware\JwtAuthentication->process()
#20 /var/www/CRM/src/vendor/slim/slim/Slim/Middleware/ErrorMiddleware.php(107): class@anonymous->handle()
#21 /var/www/CRM/src/vendor/slim/slim/Slim/MiddlewareDispatcher.php(147): Slim\Middleware\ErrorMiddleware->process()
#22 /var/www/CRM/src/vendor/slim/slim/Slim/MiddlewareDispatcher.php(81): class@anonymous->handle()
#23 /var/www/CRM/src/vendor/slim/slim/Slim/App.php(215): Slim\MiddlewareDispatcher->handle()
#24 /var/www/CRM/src/vendor/slim/slim/Slim/App.php(199): Slim\App->handle()
#25 /var/www/CRM/src/api/index.php(145): Slim\App->run()
#26 {main}
[02-Jul-2022 15:30:05 Europe/Paris] Slim Application Error
Type: ParseError
Code: 0
Message: syntax error, unexpected '-&gt;' (T_OBJECT_OPERATOR)
File: /var/www/CRM/src/EcclesiaCRM/Search/PersonSearchRes.php
Line: 230
Trace: #0 /var/www/CRM/src/vendor/composer/ClassLoader.php(322): Composer\Autoload\includeFile()
#1 [internal function]: Composer\Autoload\ClassLoader->loadClass()
#2 /var/www/CRM/src/EcclesiaCRM/APIControllers/SearchController.php(173): spl_autoload_call()
#3 /var/www/CRM/src/vendor/slim/slim/Slim/Handlers/Strategies/RequestResponse.php(43): EcclesiaCRM\APIControllers\SearchController->getSearchResult()
#4 /var/www/CRM/src/vendor/slim/slim/Slim/Routing/Route.php(384): Slim\Handlers\Strategies\RequestResponse->__invoke()
#5 /var/www/CRM/src/vendor/slim/slim/Slim/MiddlewareDispatcher.php(81): Slim\Routing\Route->handle()
#6 /var/www/CRM/src/vendor/slim/slim/Slim/MiddlewareDispatcher.php(81): Slim\MiddlewareDispatcher->handle()
#7 /var/www/CRM/src/vendor/slim/slim/Slim/Routing/Route.php(341): Slim\MiddlewareDispatcher->handle()
#8 /var/www/CRM/src/vendor/slim/slim/Slim/Routing/RouteRunner.php(84): Slim\Routing\Route->run()
#9 /var/www/CRM/src/EcclesiaCRM/Slim/Middleware/VersionMiddleware.php(17): Slim\Routing\RouteRunner->handle()
#10 /var/www/CRM/src/vendor/slim/slim/Slim/MiddlewareDispatcher.php(313): EcclesiaCRM\Slim\Middleware\VersionMiddleware->__invoke()
#11 /var/www/CRM/src/vendor/tuupola/slim-jwt-auth/src/JwtAuthentication.php(132): class@anonymous->handle()
#12 /var/www/CRM/src/vendor/slim/slim/Slim/MiddlewareDispatcher.php(147): Tuupola\Middleware\JwtAuthentication->process()
#13 /var/www/CRM/src/vendor/slim/slim/Slim/Middleware/ErrorMiddleware.php(107): class@anonymous->handle()
#14 /var/www/CRM/src/vendor/slim/slim/Slim/MiddlewareDispatcher.php(147): Slim\Middleware\ErrorMiddleware->process()
#15 /var/www/CRM/src/vendor/slim/slim/Slim/MiddlewareDispatcher.php(81): class@anonymous->handle()
#16 /var/www/CRM/src/vendor/slim/slim/Slim/App.php(215): Slim\MiddlewareDispatcher->handle()
#17 /var/www/CRM/src/vendor/slim/slim/Slim/App.php(199): Slim\App->handle()
#18 /var/www/CRM/src/api/index.php(145): Slim\App->run()
#19 {main}
[02-Jul-2022 15:30:28 Europe/Paris] Slim Application Error
Type: ParseError
Code: 0
Message: syntax error, unexpected '$people' (T_VARIABLE)
File: /var/www/CRM/src/EcclesiaCRM/Search/PersonSearchRes.php
Line: 240
Trace: #0 /var/www/CRM/src/vendor/composer/ClassLoader.php(322): Composer\Autoload\includeFile()
#1 [internal function]: Composer\Autoload\ClassLoader->loadClass()
#2 /var/www/CRM/src/EcclesiaCRM/APIControllers/SearchController.php(173): spl_autoload_call()
#3 /var/www/CRM/src/vendor/slim/slim/Slim/Handlers/Strategies/RequestResponse.php(43): EcclesiaCRM\APIControllers\SearchController->getSearchResult()
#4 /var/www/CRM/src/vendor/slim/slim/Slim/Routing/Route.php(384): Slim\Handlers\Strategies\RequestResponse->__invoke()
#5 /var/www/CRM/src/vendor/slim/slim/Slim/MiddlewareDispatcher.php(81): Slim\Routing\Route->handle()
#6 /var/www/CRM/src/vendor/slim/slim/Slim/MiddlewareDispatcher.php(81): Slim\MiddlewareDispatcher->handle()
#7 /var/www/CRM/src/vendor/slim/slim/Slim/Routing/Route.php(341): Slim\MiddlewareDispatcher->handle()
#8 /var/www/CRM/src/vendor/slim/slim/Slim/Routing/RouteRunner.php(84): Slim\Routing\Route->run()
#9 /var/www/CRM/src/EcclesiaCRM/Slim/Middleware/VersionMiddleware.php(17): Slim\Routing\RouteRunner->handle()
#10 /var/www/CRM/src/vendor/slim/slim/Slim/MiddlewareDispatcher.php(313): EcclesiaCRM\Slim\Middleware\VersionMiddleware->__invoke()
#11 /var/www/CRM/src/vendor/tuupola/slim-jwt-auth/src/JwtAuthentication.php(132): class@anonymous->handle()
#12 /var/www/CRM/src/vendor/slim/slim/Slim/MiddlewareDispatcher.php(147): Tuupola\Middleware\JwtAuthentication->process()
#13 /var/www/CRM/src/vendor/slim/slim/Slim/Middleware/ErrorMiddleware.php(107): class@anonymous->handle()
#14 /var/www/CRM/src/vendor/slim/slim/Slim/MiddlewareDispatcher.php(147): Slim\Middleware\ErrorMiddleware->process()
#15 /var/www/CRM/src/vendor/slim/slim/Slim/MiddlewareDispatcher.php(81): class@anonymous->handle()
#16 /var/www/CRM/src/vendor/slim/slim/Slim/App.php(215): Slim\MiddlewareDispatcher->handle()
#17 /var/www/CRM/src/vendor/slim/slim/Slim/App.php(199): Slim\App->handle()
#18 /var/www/CRM/src/api/index.php(145): Slim\App->run()
#19 {main}
[02-Jul-2022 15:31:29 Europe/Paris] Slim Application Error
Type: Propel\Runtime\ActiveQuery\QueryExecutor\QueryExecutionException
Code: 0
Message: Unable to execute statement [SELECT DISTINCT res.r2p_id, res.r2p_pro_ID, res.r2p_record_ID, res.r2p_Value, COALESCE(cls.lst_OptionName, 'Unassigned') AS ClassName FROM person_per CROSS JOIN (SELECT property_pro.pro_Name AS ProName, propertytype_prt.prt_Name AS ProTypeName FROM record2property_r2p LEFT JOIN person_per ON (record2property_r2p.r2p_record_ID=person_per.per_ID) LEFT JOIN property_pro ON (record2property_r2p.r2p_pro_ID=property_pro.pro_ID) LEFT JOIN propertytype_prt ON (property_pro.pro_prt_ID=propertytype_prt.prt_ID) WHERE property_pro.pro_Class='p' ORDER BY ProName ASC,ProTypeName ASC) AS res LEFT JOIN list_lst cls ON (person_per.per_cls_ID=cls.lst_OptionID AND cls.lst_ID=1) LEFT JOIN list_lst fmr ON (person_per.per_fam_ID=fmr.lst_OptionID AND fmr.lst_ID=2) WHERE person_per.per_DateDeactivated IS NULL ]
File: /var/www/CRM/src/vendor/propel/propel/src/Propel/Runtime/ActiveQuery/QueryExecutor/AbstractQueryExecutor.php
Line: 136
Trace: #0 /var/www/CRM/src/vendor/propel/propel/src/Propel/Runtime/ActiveQuery/QueryExecutor/AbstractQueryExecutor.php(105): Propel\Runtime\ActiveQuery\QueryExecutor\AbstractQueryExecutor->handleStatementException()
#1 /var/www/CRM/src/vendor/propel/propel/src/Propel/Runtime/ActiveQuery/QueryExecutor/SelectQueryExecutor.php(49): Propel\Runtime\ActiveQuery\QueryExecutor\AbstractQueryExecutor->executeStatement()
#2 /var/www/CRM/src/vendor/propel/propel/src/Propel/Runtime/ActiveQuery/QueryExecutor/SelectQueryExecutor.php(37): Propel\Runtime\ActiveQuery\QueryExecutor\SelectQueryExecutor->runSelect()
#3 /var/www/CRM/src/vendor/propel/propel/src/Propel/Runtime/ActiveQuery/Criteria.php(2322): Propel\Runtime\ActiveQuery\QueryExecutor\SelectQueryExecutor::execute()
#4 /var/www/CRM/src/vendor/propel/propel/src/Propel/Runtime/ActiveQuery/ModelCriteria.php(2211): Propel\Runtime\ActiveQuery\Criteria->doSelect()
#5 /var/www/CRM/src/vendor/propel/propel/src/Propel/Runtime/ActiveQuery/ModelCriteria.php(1243): Propel\Runtime\ActiveQuery\ModelCriteria->doSelect()
#6 /var/www/CRM/src/EcclesiaCRM/Search/PersonSearchRes.php(241): Propel\Runtime\ActiveQuery\ModelCriteria->find()
#7 /var/www/CRM/src/EcclesiaCRM/Search/BaseSearchRes.php(53): EcclesiaCRM\Search\PersonSearchRes->buildSearch()
#8 /var/www/CRM/src/EcclesiaCRM/APIControllers/SearchController.php(178): EcclesiaCRM\Search\BaseSearchRes->getRes()
#9 /var/www/CRM/src/vendor/slim/slim/Slim/Handlers/Strategies/RequestResponse.php(43): EcclesiaCRM\APIControllers\SearchController->getSearchResult()
#10 /var/www/CRM/src/vendor/slim/slim/Slim/Routing/Route.php(384): Slim\Handlers\Strategies\RequestResponse->__invoke()
#11 /var/www/CRM/src/vendor/slim/slim/Slim/MiddlewareDispatcher.php(81): Slim\Routing\Route->handle()
#12 /var/www/CRM/src/vendor/slim/slim/Slim/MiddlewareDispatcher.php(81): Slim\MiddlewareDispatcher->handle()
#13 /var/www/CRM/src/vendor/slim/slim/Slim/Routing/Route.php(341): Slim\MiddlewareDispatcher->handle()
#14 /var/www/CRM/src/vendor/slim/slim/Slim/Routing/RouteRunner.php(84): Slim\Routing\Route->run()
#15 /var/www/CRM/src/EcclesiaCRM/Slim/Middleware/VersionMiddleware.php(17): Slim\Routing\RouteRunner->handle()
#16 /var/www/CRM/src/vendor/slim/slim/Slim/MiddlewareDispatcher.php(313): EcclesiaCRM\Slim\Middleware\VersionMiddleware->__invoke()
#17 /var/www/CRM/src/vendor/tuupola/slim-jwt-auth/src/JwtAuthentication.php(132): class@anonymous->handle()
#18 /var/www/CRM/src/vendor/slim/slim/Slim/MiddlewareDispatcher.php(147): Tuupola\Middleware\JwtAuthentication->process()
#19 /var/www/CRM/src/vendor/slim/slim/Slim/Middleware/ErrorMiddleware.php(107): class@anonymous->handle()
#20 /var/www/CRM/src/vendor/slim/slim/Slim/MiddlewareDispatcher.php(147): Slim\Middleware\ErrorMiddleware->process()
#21 /var/www/CRM/src/vendor/slim/slim/Slim/MiddlewareDispatcher.php(81): class@anonymous->handle()
#22 /var/www/CRM/src/vendor/slim/slim/Slim/App.php(215): Slim\MiddlewareDispatcher->handle()
#23 /var/www/CRM/src/vendor/slim/slim/Slim/App.php(199): Slim\App->handle()
#24 /var/www/CRM/src/api/index.php(145): Slim\App->run()
#25 {main}
Previous Error:
Type: PDOException
Code: 42S22
Message: SQLSTATE[42S22]: Column not found: 1054 Unknown column 'res.r2p_id' in 'field list'
File: /var/www/CRM/src/vendor/propel/propel/src/Propel/Runtime/Connection/StatementWrapper.php
Line: 215
Trace: #0 /var/www/CRM/src/vendor/propel/propel/src/Propel/Runtime/Connection/StatementWrapper.php(215): PDOStatement->execute()
#1 /var/www/CRM/src/vendor/propel/propel/src/Propel/Runtime/ActiveQuery/QueryExecutor/AbstractQueryExecutor.php(103): Propel\Runtime\Connection\StatementWrapper->execute()
#2 /var/www/CRM/src/vendor/propel/propel/src/Propel/Runtime/ActiveQuery/QueryExecutor/SelectQueryExecutor.php(49): Propel\Runtime\ActiveQuery\QueryExecutor\AbstractQueryExecutor->executeStatement()
#3 /var/www/CRM/src/vendor/propel/propel/src/Propel/Runtime/ActiveQuery/QueryExecutor/SelectQueryExecutor.php(37): Propel\Runtime\ActiveQuery\QueryExecutor\SelectQueryExecutor->runSelect()
#4 /var/www/CRM/src/vendor/propel/propel/src/Propel/Runtime/ActiveQuery/Criteria.php(2322): Propel\Runtime\ActiveQuery\QueryExecutor\SelectQueryExecutor::execute()
#5 /var/www/CRM/src/vendor/propel/propel/src/Propel/Runtime/ActiveQuery/ModelCriteria.php(2211): Propel\Runtime\ActiveQuery\Criteria->doSelect()
#6 /var/www/CRM/src/vendor/propel/propel/src/Propel/Runtime/ActiveQuery/ModelCriteria.php(1243): Propel\Runtime\ActiveQuery\ModelCriteria->doSelect()
#7 /var/www/CRM/src/EcclesiaCRM/Search/PersonSearchRes.php(241): Propel\Runtime\ActiveQuery\ModelCriteria->find()
#8 /var/www/CRM/src/EcclesiaCRM/Search/BaseSearchRes.php(53): EcclesiaCRM\Search\PersonSearchRes->buildSearch()
#9 /var/www/CRM/src/EcclesiaCRM/APIControllers/SearchController.php(178): EcclesiaCRM\Search\BaseSearchRes->getRes()
#10 /var/www/CRM/src/vendor/slim/slim/Slim/Handlers/Strategies/RequestResponse.php(43): EcclesiaCRM\APIControllers\SearchController->getSearchResult()
#11 /var/www/CRM/src/vendor/slim/slim/Slim/Routing/Route.php(384): Slim\Handlers\Strategies\RequestResponse->__invoke()
#12 /var/www/CRM/src/vendor/slim/slim/Slim/MiddlewareDispatcher.php(81): Slim\Routing\Route->handle()
#13 /var/www/CRM/src/vendor/slim/slim/Slim/MiddlewareDispatcher.php(81): Slim\MiddlewareDispatcher->handle()
#14 /var/www/CRM/src/vendor/slim/slim/Slim/Routing/Route.php(341): Slim\MiddlewareDispatcher->handle()
#15 /var/www/CRM/src/vendor/slim/slim/Slim/Routing/RouteRunner.php(84): Slim\Routing\Route->run()
#16 /var/www/CRM/src/EcclesiaCRM/Slim/Middleware/VersionMiddleware.php(17): Slim\Routing\RouteRunner->handle()
#17 /var/www/CRM/src/vendor/slim/slim/Slim/MiddlewareDispatcher.php(313): EcclesiaCRM\Slim\Middleware\VersionMiddleware->__invoke()
#18 /var/www/CRM/src/vendor/tuupola/slim-jwt-auth/src/JwtAuthentication.php(132): class@anonymous->handle()
#19 /var/www/CRM/src/vendor/slim/slim/Slim/MiddlewareDispatcher.php(147): Tuupola\Middleware\JwtAuthentication->process()
#20 /var/www/CRM/src/vendor/slim/slim/Slim/Middleware/ErrorMiddleware.php(107): class@anonymous->handle()
#21 /var/www/CRM/src/vendor/slim/slim/Slim/MiddlewareDispatcher.php(147): Slim\Middleware\ErrorMiddleware->process()
#22 /var/www/CRM/src/vendor/slim/slim/Slim/MiddlewareDispatcher.php(81): class@anonymous->handle()
#23 /var/www/CRM/src/vendor/slim/slim/Slim/App.php(215): Slim\MiddlewareDispatcher->handle()
#24 /var/www/CRM/src/vendor/slim/slim/Slim/App.php(199): Slim\App->handle()
#25 /var/www/CRM/src/api/index.php(145): Slim\App->run()
#26 {main}
[02-Jul-2022 15:32:08 Europe/Paris] Slim Application Error
Type: Propel\Runtime\ActiveQuery\QueryExecutor\QueryExecutionException
Code: 0
Message: Unable to execute statement [SELECT DISTINCT res.r2p_id, res.r2p_pro_ID, res.r2p_record_ID, res.r2p_Value, COALESCE(cls.lst_OptionName, 'Unassigned') AS ClassName FROM person_per CROSS JOIN (SELECT property_pro.pro_Name AS ProName, propertytype_prt.prt_Name AS ProTypeName FROM person_per LEFT JOIN record2property_r2p ON (person_per.per_ID=record2property_r2p.r2p_record_ID) LEFT JOIN property_pro ON (record2property_r2p.r2p_pro_ID=property_pro.pro_ID) LEFT JOIN propertytype_prt ON (property_pro.pro_prt_ID=propertytype_prt.prt_ID) WHERE property_pro.pro_Class='p' ORDER BY ProName ASC,ProTypeName ASC) AS res LEFT JOIN list_lst cls ON (person_per.per_cls_ID=cls.lst_OptionID AND cls.lst_ID=1) LEFT JOIN list_lst fmr ON (person_per.per_fam_ID=fmr.lst_OptionID AND fmr.lst_ID=2) WHERE person_per.per_DateDeactivated IS NULL ]
File: /var/www/CRM/src/vendor/propel/propel/src/Propel/Runtime/ActiveQuery/QueryExecutor/AbstractQueryExecutor.php
Line: 136
Trace: #0 /var/www/CRM/src/vendor/propel/propel/src/Propel/Runtime/ActiveQuery/QueryExecutor/AbstractQueryExecutor.php(105): Propel\Runtime\ActiveQuery\QueryExecutor\AbstractQueryExecutor->handleStatementException()
#1 /var/www/CRM/src/vendor/propel/propel/src/Propel/Runtime/ActiveQuery/QueryExecutor/SelectQueryExecutor.php(49): Propel\Runtime\ActiveQuery\QueryExecutor\AbstractQueryExecutor->executeStatement()
#2 /var/www/CRM/src/vendor/propel/propel/src/Propel/Runtime/ActiveQuery/QueryExecutor/SelectQueryExecutor.php(37): Propel\Runtime\ActiveQuery\QueryExecutor\SelectQueryExecutor->runSelect()
#3 /var/www/CRM/src/vendor/propel/propel/src/Propel/Runtime/ActiveQuery/Criteria.php(2322): Propel\Runtime\ActiveQuery\QueryExecutor\SelectQueryExecutor::execute()
#4 /var/www/CRM/src/vendor/propel/propel/src/Propel/Runtime/ActiveQuery/ModelCriteria.php(2211): Propel\Runtime\ActiveQuery\Criteria->doSelect()
#5 /var/www/CRM/src/vendor/propel/propel/src/Propel/Runtime/ActiveQuery/ModelCriteria.php(1243): Propel\Runtime\ActiveQuery\ModelCriteria->doSelect()
#6 /var/www/CRM/src/EcclesiaCRM/Search/PersonSearchRes.php(241): Propel\Runtime\ActiveQuery\ModelCriteria->find()
#7 /var/www/CRM/src/EcclesiaCRM/Search/BaseSearchRes.php(53): EcclesiaCRM\Search\PersonSearchRes->buildSearch()
#8 /var/www/CRM/src/EcclesiaCRM/APIControllers/SearchController.php(178): EcclesiaCRM\Search\BaseSearchRes->getRes()
#9 /var/www/CRM/src/vendor/slim/slim/Slim/Handlers/Strategies/RequestResponse.php(43): EcclesiaCRM\APIControllers\SearchController->getSearchResult()
#10 /var/www/CRM/src/vendor/slim/slim/Slim/Routing/Route.php(384): Slim\Handlers\Strategies\RequestResponse->__invoke()
#11 /var/www/CRM/src/vendor/slim/slim/Slim/MiddlewareDispatcher.php(81): Slim\Routing\Route->handle()
#12 /var/www/CRM/src/vendor/slim/slim/Slim/MiddlewareDispatcher.php(81): Slim\MiddlewareDispatcher->handle()
#13 /var/www/CRM/src/vendor/slim/slim/Slim/Routing/Route.php(341): Slim\MiddlewareDispatcher->handle()
#14 /var/www/CRM/src/vendor/slim/slim/Slim/Routing/RouteRunner.php(84): Slim\Routing\Route->run()
#15 /var/www/CRM/src/EcclesiaCRM/Slim/Middleware/VersionMiddleware.php(17): Slim\Routing\RouteRunner->handle()
#16 /var/www/CRM/src/vendor/slim/slim/Slim/MiddlewareDispatcher.php(313): EcclesiaCRM\Slim\Middleware\VersionMiddleware->__invoke()
#17 /var/www/CRM/src/vendor/tuupola/slim-jwt-auth/src/JwtAuthentication.php(132): class@anonymous->handle()
#18 /var/www/CRM/src/vendor/slim/slim/Slim/MiddlewareDispatcher.php(147): Tuupola\Middleware\JwtAuthentication->process()
#19 /var/www/CRM/src/vendor/slim/slim/Slim/Middleware/ErrorMiddleware.php(107): class@anonymous->handle()
#20 /var/www/CRM/src/vendor/slim/slim/Slim/MiddlewareDispatcher.php(147): Slim\Middleware\ErrorMiddleware->process()
#21 /var/www/CRM/src/vendor/slim/slim/Slim/MiddlewareDispatcher.php(81): class@anonymous->handle()
#22 /var/www/CRM/src/vendor/slim/slim/Slim/App.php(215): Slim\MiddlewareDispatcher->handle()
#23 /var/www/CRM/src/vendor/slim/slim/Slim/App.php(199): Slim\App->handle()
#24 /var/www/CRM/src/api/index.php(145): Slim\App->run()
#25 {main}
Previous Error:
Type: PDOException
Code: 42S22
Message: SQLSTATE[42S22]: Column not found: 1054 Unknown column 'res.r2p_id' in 'field list'
File: /var/www/CRM/src/vendor/propel/propel/src/Propel/Runtime/Connection/StatementWrapper.php
Line: 215
Trace: #0 /var/www/CRM/src/vendor/propel/propel/src/Propel/Runtime/Connection/StatementWrapper.php(215): PDOStatement->execute()
#1 /var/www/CRM/src/vendor/propel/propel/src/Propel/Runtime/ActiveQuery/QueryExecutor/AbstractQueryExecutor.php(103): Propel\Runtime\Connection\StatementWrapper->execute()
#2 /var/www/CRM/src/vendor/propel/propel/src/Propel/Runtime/ActiveQuery/QueryExecutor/SelectQueryExecutor.php(49): Propel\Runtime\ActiveQuery\QueryExecutor\AbstractQueryExecutor->executeStatement()
#3 /var/www/CRM/src/vendor/propel/propel/src/Propel/Runtime/ActiveQuery/QueryExecutor/SelectQueryExecutor.php(37): Propel\Runtime\ActiveQuery\QueryExecutor\SelectQueryExecutor->runSelect()
#4 /var/www/CRM/src/vendor/propel/propel/src/Propel/Runtime/ActiveQuery/Criteria.php(2322): Propel\Runtime\ActiveQuery\QueryExecutor\SelectQueryExecutor::execute()
#5 /var/www/CRM/src/vendor/propel/propel/src/Propel/Runtime/ActiveQuery/ModelCriteria.php(2211): Propel\Runtime\ActiveQuery\Criteria->doSelect()
#6 /var/www/CRM/src/vendor/propel/propel/src/Propel/Runtime/ActiveQuery/ModelCriteria.php(1243): Propel\Runtime\ActiveQuery\ModelCriteria->doSelect()
#7 /var/www/CRM/src/EcclesiaCRM/Search/PersonSearchRes.php(241): Propel\Runtime\ActiveQuery\ModelCriteria->find()
#8 /var/www/CRM/src/EcclesiaCRM/Search/BaseSearchRes.php(53): EcclesiaCRM\Search\PersonSearchRes->buildSearch()
#9 /var/www/CRM/src/EcclesiaCRM/APIControllers/SearchController.php(178): EcclesiaCRM\Search\BaseSearchRes->getRes()
#10 /var/www/CRM/src/vendor/slim/slim/Slim/Handlers/Strategies/RequestResponse.php(43): EcclesiaCRM\APIControllers\SearchController->getSearchResult()
#11 /var/www/CRM/src/vendor/slim/slim/Slim/Routing/Route.php(384): Slim\Handlers\Strategies\RequestResponse->__invoke()
#12 /var/www/CRM/src/vendor/slim/slim/Slim/MiddlewareDispatcher.php(81): Slim\Routing\Route->handle()
#13 /var/www/CRM/src/vendor/slim/slim/Slim/MiddlewareDispatcher.php(81): Slim\MiddlewareDispatcher->handle()
#14 /var/www/CRM/src/vendor/slim/slim/Slim/Routing/Route.php(341): Slim\MiddlewareDispatcher->handle()
#15 /var/www/CRM/src/vendor/slim/slim/Slim/Routing/RouteRunner.php(84): Slim\Routing\Route->run()
#16 /var/www/CRM/src/EcclesiaCRM/Slim/Middleware/VersionMiddleware.php(17): Slim\Routing\RouteRunner->handle()
#17 /var/www/CRM/src/vendor/slim/slim/Slim/MiddlewareDispatcher.php(313): EcclesiaCRM\Slim\Middleware\VersionMiddleware->__invoke()
#18 /var/www/CRM/src/vendor/tuupola/slim-jwt-auth/src/JwtAuthentication.php(132): class@anonymous->handle()
#19 /var/www/CRM/src/vendor/slim/slim/Slim/MiddlewareDispatcher.php(147): Tuupola\Middleware\JwtAuthentication->process()
#20 /var/www/CRM/src/vendor/slim/slim/Slim/Middleware/ErrorMiddleware.php(107): class@anonymous->handle()
#21 /var/www/CRM/src/vendor/slim/slim/Slim/MiddlewareDispatcher.php(147): Slim\Middleware\ErrorMiddleware->process()
#22 /var/www/CRM/src/vendor/slim/slim/Slim/MiddlewareDispatcher.php(81): class@anonymous->handle()
#23 /var/www/CRM/src/vendor/slim/slim/Slim/App.php(215): Slim\MiddlewareDispatcher->handle()
#24 /var/www/CRM/src/vendor/slim/slim/Slim/App.php(199): Slim\App->handle()
#25 /var/www/CRM/src/api/index.php(145): Slim\App->run()
#26 {main}
[02-Jul-2022 15:33:27 Europe/Paris] Slim Application Error
Type: Propel\Runtime\ActiveQuery\QueryExecutor\QueryExecutionException
Code: 0
Message: Unable to execute statement [SELECT DISTINCT res.r2p_id, res.r2p_pro_ID, res.r2p_record_ID, res.r2p_Value, COALESCE(cls.lst_OptionName, 'Unassigned') AS ClassName FROM person_per CROSS JOIN (SELECT property_pro.pro_Name AS ProName, propertytype_prt.prt_Name AS ProTypeName FROM person_per LEFT JOIN record2property_r2p ON (person_per.per_ID=record2property_r2p.r2p_record_ID) LEFT JOIN property_pro ON (record2property_r2p.r2p_pro_ID=property_pro.pro_ID) LEFT JOIN propertytype_prt ON (property_pro.pro_prt_ID=propertytype_prt.prt_ID) WHERE property_pro.pro_Class='p' ORDER BY ProName ASC,ProTypeName ASC) AS res LEFT JOIN list_lst cls ON (person_per.per_cls_ID=cls.lst_OptionID AND cls.lst_ID=1) LEFT JOIN list_lst fmr ON (person_per.per_fam_ID=fmr.lst_OptionID AND fmr.lst_ID=2) WHERE person_per.per_DateDeactivated IS NULL ]
File: /var/www/CRM/src/vendor/propel/propel/src/Propel/Runtime/ActiveQuery/QueryExecutor/AbstractQueryExecutor.php
Line: 136
Trace: #0 /var/www/CRM/src/vendor/propel/propel/src/Propel/Runtime/ActiveQuery/QueryExecutor/AbstractQueryExecutor.php(105): Propel\Runtime\ActiveQuery\QueryExecutor\AbstractQueryExecutor->handleStatementException()
#1 /var/www/CRM/src/vendor/propel/propel/src/Propel/Runtime/ActiveQuery/QueryExecutor/SelectQueryExecutor.php(49): Propel\Runtime\ActiveQuery\QueryExecutor\AbstractQueryExecutor->executeStatement()
#2 /var/www/CRM/src/vendor/propel/propel/src/Propel/Runtime/ActiveQuery/QueryExecutor/SelectQueryExecutor.php(37): Propel\Runtime\ActiveQuery\QueryExecutor\SelectQueryExecutor->runSelect()
#3 /var/www/CRM/src/vendor/propel/propel/src/Propel/Runtime/ActiveQuery/Criteria.php(2322): Propel\Runtime\ActiveQuery\QueryExecutor\SelectQueryExecutor::execute()
#4 /var/www/CRM/src/vendor/propel/propel/src/Propel/Runtime/ActiveQuery/ModelCriteria.php(2211): Propel\Runtime\ActiveQuery\Criteria->doSelect()
#5 /var/www/CRM/src/vendor/propel/propel/src/Propel/Runtime/ActiveQuery/ModelCriteria.php(1243): Propel\Runtime\ActiveQuery\ModelCriteria->doSelect()
#6 /var/www/CRM/src/EcclesiaCRM/Search/PersonSearchRes.php(243): Propel\Runtime\ActiveQuery\ModelCriteria->find()
#7 /var/www/CRM/src/EcclesiaCRM/Search/BaseSearchRes.php(53): EcclesiaCRM\Search\PersonSearchRes->buildSearch()
#8 /var/www/CRM/src/EcclesiaCRM/APIControllers/SearchController.php(178): EcclesiaCRM\Search\BaseSearchRes->getRes()
#9 /var/www/CRM/src/vendor/slim/slim/Slim/Handlers/Strategies/RequestResponse.php(43): EcclesiaCRM\APIControllers\SearchController->getSearchResult()
#10 /var/www/CRM/src/vendor/slim/slim/Slim/Routing/Route.php(384): Slim\Handlers\Strategies\RequestResponse->__invoke()
#11 /var/www/CRM/src/vendor/slim/slim/Slim/MiddlewareDispatcher.php(81): Slim\Routing\Route->handle()
#12 /var/www/CRM/src/vendor/slim/slim/Slim/MiddlewareDispatcher.php(81): Slim\MiddlewareDispatcher->handle()
#13 /var/www/CRM/src/vendor/slim/slim/Slim/Routing/Route.php(341): Slim\MiddlewareDispatcher->handle()
#14 /var/www/CRM/src/vendor/slim/slim/Slim/Routing/RouteRunner.php(84): Slim\Routing\Route->run()
#15 /var/www/CRM/src/EcclesiaCRM/Slim/Middleware/VersionMiddleware.php(17): Slim\Routing\RouteRunner->handle()
#16 /var/www/CRM/src/vendor/slim/slim/Slim/MiddlewareDispatcher.php(313): EcclesiaCRM\Slim\Middleware\VersionMiddleware->__invoke()
#17 /var/www/CRM/src/vendor/tuupola/slim-jwt-auth/src/JwtAuthentication.php(132): class@anonymous->handle()
#18 /var/www/CRM/src/vendor/slim/slim/Slim/MiddlewareDispatcher.php(147): Tuupola\Middleware\JwtAuthentication->process()
#19 /var/www/CRM/src/vendor/slim/slim/Slim/Middleware/ErrorMiddleware.php(107): class@anonymous->handle()
#20 /var/www/CRM/src/vendor/slim/slim/Slim/MiddlewareDispatcher.php(147): Slim\Middleware\ErrorMiddleware->process()
#21 /var/www/CRM/src/vendor/slim/slim/Slim/MiddlewareDispatcher.php(81): class@anonymous->handle()
#22 /var/www/CRM/src/vendor/slim/slim/Slim/App.php(215): Slim\MiddlewareDispatcher->handle()
#23 /var/www/CRM/src/vendor/slim/slim/Slim/App.php(199): Slim\App->handle()
#24 /var/www/CRM/src/api/index.php(145): Slim\App->run()
#25 {main}
Previous Error:
Type: PDOException
Code: 42S22
Message: SQLSTATE[42S22]: Column not found: 1054 Unknown column 'res.r2p_id' in 'field list'
File: /var/www/CRM/src/vendor/propel/propel/src/Propel/Runtime/Connection/StatementWrapper.php
Line: 215
Trace: #0 /var/www/CRM/src/vendor/propel/propel/src/Propel/Runtime/Connection/StatementWrapper.php(215): PDOStatement->execute()
#1 /var/www/CRM/src/vendor/propel/propel/src/Propel/Runtime/ActiveQuery/QueryExecutor/AbstractQueryExecutor.php(103): Propel\Runtime\Connection\StatementWrapper->execute()
#2 /var/www/CRM/src/vendor/propel/propel/src/Propel/Runtime/ActiveQuery/QueryExecutor/SelectQueryExecutor.php(49): Propel\Runtime\ActiveQuery\QueryExecutor\AbstractQueryExecutor->executeStatement()
#3 /var/www/CRM/src/vendor/propel/propel/src/Propel/Runtime/ActiveQuery/QueryExecutor/SelectQueryExecutor.php(37): Propel\Runtime\ActiveQuery\QueryExecutor\SelectQueryExecutor->runSelect()
#4 /var/www/CRM/src/vendor/propel/propel/src/Propel/Runtime/ActiveQuery/Criteria.php(2322): Propel\Runtime\ActiveQuery\QueryExecutor\SelectQueryExecutor::execute()
#5 /var/www/CRM/src/vendor/propel/propel/src/Propel/Runtime/ActiveQuery/ModelCriteria.php(2211): Propel\Runtime\ActiveQuery\Criteria->doSelect()
#6 /var/www/CRM/src/vendor/propel/propel/src/Propel/Runtime/ActiveQuery/ModelCriteria.php(1243): Propel\Runtime\ActiveQuery\ModelCriteria->doSelect()
#7 /var/www/CRM/src/EcclesiaCRM/Search/PersonSearchRes.php(243): Propel\Runtime\ActiveQuery\ModelCriteria->find()
#8 /var/www/CRM/src/EcclesiaCRM/Search/BaseSearchRes.php(53): EcclesiaCRM\Search\PersonSearchRes->buildSearch()
#9 /var/www/CRM/src/EcclesiaCRM/APIControllers/SearchController.php(178): EcclesiaCRM\Search\BaseSearchRes->getRes()
#10 /var/www/CRM/src/vendor/slim/slim/Slim/Handlers/Strategies/RequestResponse.php(43): EcclesiaCRM\APIControllers\SearchController->getSearchResult()
#11 /var/www/CRM/src/vendor/slim/slim/Slim/Routing/Route.php(384): Slim\Handlers\Strategies\RequestResponse->__invoke()
#12 /var/www/CRM/src/vendor/slim/slim/Slim/MiddlewareDispatcher.php(81): Slim\Routing\Route->handle()
#13 /var/www/CRM/src/vendor/slim/slim/Slim/MiddlewareDispatcher.php(81): Slim\MiddlewareDispatcher->handle()
#14 /var/www/CRM/src/vendor/slim/slim/Slim/Routing/Route.php(341): Slim\MiddlewareDispatcher->handle()
#15 /var/www/CRM/src/vendor/slim/slim/Slim/Routing/RouteRunner.php(84): Slim\Routing\Route->run()
#16 /var/www/CRM/src/EcclesiaCRM/Slim/Middleware/VersionMiddleware.php(17): Slim\Routing\RouteRunner->handle()
#17 /var/www/CRM/src/vendor/slim/slim/Slim/MiddlewareDispatcher.php(313): EcclesiaCRM\Slim\Middleware\VersionMiddleware->__invoke()
#18 /var/www/CRM/src/vendor/tuupola/slim-jwt-auth/src/JwtAuthentication.php(132): class@anonymous->handle()
#19 /var/www/CRM/src/vendor/slim/slim/Slim/MiddlewareDispatcher.php(147): Tuupola\Middleware\JwtAuthentication->process()
#20 /var/www/CRM/src/vendor/slim/slim/Slim/Middleware/ErrorMiddleware.php(107): class@anonymous->handle()
#21 /var/www/CRM/src/vendor/slim/slim/Slim/MiddlewareDispatcher.php(147): Slim\Middleware\ErrorMiddleware->process()
#22 /var/www/CRM/src/vendor/slim/slim/Slim/MiddlewareDispatcher.php(81): class@anonymous->handle()
#23 /var/www/CRM/src/vendor/slim/slim/Slim/App.php(215): Slim\MiddlewareDispatcher->handle()
#24 /var/www/CRM/src/vendor/slim/slim/Slim/App.php(199): Slim\App->handle()
#25 /var/www/CRM/src/api/index.php(145): Slim\App->run()
#26 {main}
[02-Jul-2022 16:40:51 Europe/Paris] Slim Application Error
Type: Propel\Runtime\ActiveQuery\QueryExecutor\QueryExecutionException
Code: 0
Message: Unable to execute statement [SELECT res.r2p_id, res.r2p_pro_ID, res.r2p_record_ID, res.r2p_Value, COALESCE(cls.lst_OptionName, 'Unassigned') AS ClassName FROM person_per CROSS JOIN (SELECT property_pro.pro_Name AS ProName, propertytype_prt.prt_Name AS ProTypeName FROM person_per LEFT JOIN record2property_r2p ON (person_per.per_ID=record2property_r2p.r2p_record_ID) LEFT JOIN property_pro ON (record2property_r2p.r2p_pro_ID=property_pro.pro_ID) LEFT JOIN propertytype_prt ON (property_pro.pro_prt_ID=propertytype_prt.prt_ID) WHERE property_pro.pro_Class='p' ORDER BY ProName ASC,ProTypeName ASC) AS res LEFT JOIN list_lst cls ON (person_per.per_cls_ID=cls.lst_OptionID AND cls.lst_ID=1) LEFT JOIN list_lst fmr ON (person_per.per_fam_ID=fmr.lst_OptionID AND fmr.lst_ID=2) WHERE person_per.per_DateDeactivated IS NULL ]
File: /var/www/CRM/src/vendor/propel/propel/src/Propel/Runtime/ActiveQuery/QueryExecutor/AbstractQueryExecutor.php
Line: 136
Trace: #0 /var/www/CRM/src/vendor/propel/propel/src/Propel/Runtime/ActiveQuery/QueryExecutor/AbstractQueryExecutor.php(105): Propel\Runtime\ActiveQuery\QueryExecutor\AbstractQueryExecutor->handleStatementException()
#1 /var/www/CRM/src/vendor/propel/propel/src/Propel/Runtime/ActiveQuery/QueryExecutor/SelectQueryExecutor.php(49): Propel\Runtime\ActiveQuery\QueryExecutor\AbstractQueryExecutor->executeStatement()
#2 /var/www/CRM/src/vendor/propel/propel/src/Propel/Runtime/ActiveQuery/QueryExecutor/SelectQueryExecutor.php(37): Propel\Runtime\ActiveQuery\QueryExecutor\SelectQueryExecutor->runSelect()
#3 /var/www/CRM/src/vendor/propel/propel/src/Propel/Runtime/ActiveQuery/Criteria.php(2322): Propel\Runtime\ActiveQuery\QueryExecutor\SelectQueryExecutor::execute()
#4 /var/www/CRM/src/vendor/propel/propel/src/Propel/Runtime/ActiveQuery/ModelCriteria.php(2211): Propel\Runtime\ActiveQuery\Criteria->doSelect()
#5 /var/www/CRM/src/vendor/propel/propel/src/Propel/Runtime/ActiveQuery/ModelCriteria.php(1243): Propel\Runtime\ActiveQuery\ModelCriteria->doSelect()
#6 /var/www/CRM/src/EcclesiaCRM/Search/PersonSearchRes.php(243): Propel\Runtime\ActiveQuery\ModelCriteria->find()
#7 /var/www/CRM/src/EcclesiaCRM/Search/BaseSearchRes.php(53): EcclesiaCRM\Search\PersonSearchRes->buildSearch()
#8 /var/www/CRM/src/EcclesiaCRM/APIControllers/SearchController.php(178): EcclesiaCRM\Search\BaseSearchRes->getRes()
#9 /var/www/CRM/src/vendor/slim/slim/Slim/Handlers/Strategies/RequestResponse.php(43): EcclesiaCRM\APIControllers\SearchController->getSearchResult()
#10 /var/www/CRM/src/vendor/slim/slim/Slim/Routing/Route.php(384): Slim\Handlers\Strategies\RequestResponse->__invoke()
#11 /var/www/CRM/src/vendor/slim/slim/Slim/MiddlewareDispatcher.php(81): Slim\Routing\Route->handle()
#12 /var/www/CRM/src/vendor/slim/slim/Slim/MiddlewareDispatcher.php(81): Slim\MiddlewareDispatcher->handle()
#13 /var/www/CRM/src/vendor/slim/slim/Slim/Routing/Route.php(341): Slim\MiddlewareDispatcher->handle()
#14 /var/www/CRM/src/vendor/slim/slim/Slim/Routing/RouteRunner.php(84): Slim\Routing\Route->run()
#15 /var/www/CRM/src/EcclesiaCRM/Slim/Middleware/VersionMiddleware.php(17): Slim\Routing\RouteRunner->handle()
#16 /var/www/CRM/src/vendor/slim/slim/Slim/MiddlewareDispatcher.php(313): EcclesiaCRM\Slim\Middleware\VersionMiddleware->__invoke()
#17 /var/www/CRM/src/vendor/tuupola/slim-jwt-auth/src/JwtAuthentication.php(132): class@anonymous->handle()
#18 /var/www/CRM/src/vendor/slim/slim/Slim/MiddlewareDispatcher.php(147): Tuupola\Middleware\JwtAuthentication->process()
#19 /var/www/CRM/src/vendor/slim/slim/Slim/Middleware/ErrorMiddleware.php(107): class@anonymous->handle()
#20 /var/www/CRM/src/vendor/slim/slim/Slim/MiddlewareDispatcher.php(147): Slim\Middleware\ErrorMiddleware->process()
#21 /var/www/CRM/src/vendor/slim/slim/Slim/MiddlewareDispatcher.php(81): class@anonymous->handle()
#22 /var/www/CRM/src/vendor/slim/slim/Slim/App.php(215): Slim\MiddlewareDispatcher->handle()
#23 /var/www/CRM/src/vendor/slim/slim/Slim/App.php(199): Slim\App->handle()
#24 /var/www/CRM/src/api/index.php(145): Slim\App->run()
#25 {main}
Previous Error:
Type: PDOException
Code: 42S22
Message: SQLSTATE[42S22]: Column not found: 1054 Unknown column 'res.r2p_id' in 'field list'
File: /var/www/CRM/src/vendor/propel/propel/src/Propel/Runtime/Connection/StatementWrapper.php
Line: 215
Trace: #0 /var/www/CRM/src/vendor/propel/propel/src/Propel/Runtime/Connection/StatementWrapper.php(215): PDOStatement->execute()
#1 /var/www/CRM/src/vendor/propel/propel/src/Propel/Runtime/ActiveQuery/QueryExecutor/AbstractQueryExecutor.php(103): Propel\Runtime\Connection\StatementWrapper->execute()
#2 /var/www/CRM/src/vendor/propel/propel/src/Propel/Runtime/ActiveQuery/QueryExecutor/SelectQueryExecutor.php(49): Propel\Runtime\ActiveQuery\QueryExecutor\AbstractQueryExecutor->executeStatement()
#3 /var/www/CRM/src/vendor/propel/propel/src/Propel/Runtime/ActiveQuery/QueryExecutor/SelectQueryExecutor.php(37): Propel\Runtime\ActiveQuery\QueryExecutor\SelectQueryExecutor->runSelect()
#4 /var/www/CRM/src/vendor/propel/propel/src/Propel/Runtime/ActiveQuery/Criteria.php(2322): Propel\Runtime\ActiveQuery\QueryExecutor\SelectQueryExecutor::execute()
#5 /var/www/CRM/src/vendor/propel/propel/src/Propel/Runtime/ActiveQuery/ModelCriteria.php(2211): Propel\Runtime\ActiveQuery\Criteria->doSelect()
#6 /var/www/CRM/src/vendor/propel/propel/src/Propel/Runtime/ActiveQuery/ModelCriteria.php(1243): Propel\Runtime\ActiveQuery\ModelCriteria->doSelect()
#7 /var/www/CRM/src/EcclesiaCRM/Search/PersonSearchRes.php(243): Propel\Runtime\ActiveQuery\ModelCriteria->find()
#8 /var/www/CRM/src/EcclesiaCRM/Search/BaseSearchRes.php(53): EcclesiaCRM\Search\PersonSearchRes->buildSearch()
#9 /var/www/CRM/src/EcclesiaCRM/APIControllers/SearchController.php(178): EcclesiaCRM\Search\BaseSearchRes->getRes()
#10 /var/www/CRM/src/vendor/slim/slim/Slim/Handlers/Strategies/RequestResponse.php(43): EcclesiaCRM\APIControllers\SearchController->getSearchResult()
#11 /var/www/CRM/src/vendor/slim/slim/Slim/Routing/Route.php(384): Slim\Handlers\Strategies\RequestResponse->__invoke()
#12 /var/www/CRM/src/vendor/slim/slim/Slim/MiddlewareDispatcher.php(81): Slim\Routing\Route->handle()
#13 /var/www/CRM/src/vendor/slim/slim/Slim/MiddlewareDispatcher.php(81): Slim\MiddlewareDispatcher->handle()
#14 /var/www/CRM/src/vendor/slim/slim/Slim/Routing/Route.php(341): Slim\MiddlewareDispatcher->handle()
#15 /var/www/CRM/src/vendor/slim/slim/Slim/Routing/RouteRunner.php(84): Slim\Routing\Route->run()
#16 /var/www/CRM/src/EcclesiaCRM/Slim/Middleware/VersionMiddleware.php(17): Slim\Routing\RouteRunner->handle()
#17 /var/www/CRM/src/vendor/slim/slim/Slim/MiddlewareDispatcher.php(313): EcclesiaCRM\Slim\Middleware\VersionMiddleware->__invoke()
#18 /var/www/CRM/src/vendor/tuupola/slim-jwt-auth/src/JwtAuthentication.php(132): class@anonymous->handle()
#19 /var/www/CRM/src/vendor/slim/slim/Slim/MiddlewareDispatcher.php(147): Tuupola\Middleware\JwtAuthentication->process()
#20 /var/www/CRM/src/vendor/slim/slim/Slim/Middleware/ErrorMiddleware.php(107): class@anonymous->handle()
#21 /var/www/CRM/src/vendor/slim/slim/Slim/MiddlewareDispatcher.php(147): Slim\Middleware\ErrorMiddleware->process()
#22 /var/www/CRM/src/vendor/slim/slim/Slim/MiddlewareDispatcher.php(81): class@anonymous->handle()
#23 /var/www/CRM/src/vendor/slim/slim/Slim/App.php(215): Slim\MiddlewareDispatcher->handle()
#24 /var/www/CRM/src/vendor/slim/slim/Slim/App.php(199): Slim\App->handle()
#25 /var/www/CRM/src/api/index.php(145): Slim\App->run()
#26 {main}
[02-Jul-2022 16:41:48 Europe/Paris] Slim Application Error
Type: Propel\Runtime\ActiveQuery\QueryExecutor\QueryExecutionException
Code: 0
Message: Unable to execute statement [SELECT res.r2p_id, res.r2p_pro_ID, res.r2p_record_ID, res.r2p_Value, COALESCE(cls.lst_OptionName, 'Unassigned') AS ClassName FROM person_per CROSS JOIN (SELECT property_pro.pro_Name AS ProName, propertytype_prt.prt_Name AS ProTypeName FROM record2property_r2p LEFT JOIN person_per ON (record2property_r2p.r2p_record_ID=person_per.per_ID) LEFT JOIN property_pro ON (record2property_r2p.r2p_pro_ID=property_pro.pro_ID) LEFT JOIN propertytype_prt ON (property_pro.pro_prt_ID=propertytype_prt.prt_ID) WHERE property_pro.pro_Class='p' ORDER BY ProName ASC,ProTypeName ASC) AS res LEFT JOIN list_lst cls ON (person_per.per_cls_ID=cls.lst_OptionID AND cls.lst_ID=1) LEFT JOIN list_lst fmr ON (person_per.per_fam_ID=fmr.lst_OptionID AND fmr.lst_ID=2) WHERE person_per.per_DateDeactivated IS NULL ]
File: /var/www/CRM/src/vendor/propel/propel/src/Propel/Runtime/ActiveQuery/QueryExecutor/AbstractQueryExecutor.php
Line: 136
Trace: #0 /var/www/CRM/src/vendor/propel/propel/src/Propel/Runtime/ActiveQuery/QueryExecutor/AbstractQueryExecutor.php(105): Propel\Runtime\ActiveQuery\QueryExecutor\AbstractQueryExecutor->handleStatementException()
#1 /var/www/CRM/src/vendor/propel/propel/src/Propel/Runtime/ActiveQuery/QueryExecutor/SelectQueryExecutor.php(49): Propel\Runtime\ActiveQuery\QueryExecutor\AbstractQueryExecutor->executeStatement()
#2 /var/www/CRM/src/vendor/propel/propel/src/Propel/Runtime/ActiveQuery/QueryExecutor/SelectQueryExecutor.php(37): Propel\Runtime\ActiveQuery\QueryExecutor\SelectQueryExecutor->runSelect()
#3 /var/www/CRM/src/vendor/propel/propel/src/Propel/Runtime/ActiveQuery/Criteria.php(2322): Propel\Runtime\ActiveQuery\QueryExecutor\SelectQueryExecutor::execute()
#4 /var/www/CRM/src/vendor/propel/propel/src/Propel/Runtime/ActiveQuery/ModelCriteria.php(2211): Propel\Runtime\ActiveQuery\Criteria->doSelect()
#5 /var/www/CRM/src/vendor/propel/propel/src/Propel/Runtime/ActiveQuery/ModelCriteria.php(1243): Propel\Runtime\ActiveQuery\ModelCriteria->doSelect()
#6 /var/www/CRM/src/EcclesiaCRM/Search/PersonSearchRes.php(243): Propel\Runtime\ActiveQuery\ModelCriteria->find()
#7 /var/www/CRM/src/EcclesiaCRM/Search/BaseSearchRes.php(53): EcclesiaCRM\Search\PersonSearchRes->buildSearch()
#8 /var/www/CRM/src/EcclesiaCRM/APIControllers/SearchController.php(178): EcclesiaCRM\Search\BaseSearchRes->getRes()
#9 /var/www/CRM/src/vendor/slim/slim/Slim/Handlers/Strategies/RequestResponse.php(43): EcclesiaCRM\APIControllers\SearchController->getSearchResult()
#10 /var/www/CRM/src/vendor/slim/slim/Slim/Routing/Route.php(384): Slim\Handlers\Strategies\RequestResponse->__invoke()
#11 /var/www/CRM/src/vendor/slim/slim/Slim/MiddlewareDispatcher.php(81): Slim\Routing\Route->handle()
#12 /var/www/CRM/src/vendor/slim/slim/Slim/MiddlewareDispatcher.php(81): Slim\MiddlewareDispatcher->handle()
#13 /var/www/CRM/src/vendor/slim/slim/Slim/Routing/Route.php(341): Slim\MiddlewareDispatcher->handle()
#14 /var/www/CRM/src/vendor/slim/slim/Slim/Routing/RouteRunner.php(84): Slim\Routing\Route->run()
#15 /var/www/CRM/src/EcclesiaCRM/Slim/Middleware/VersionMiddleware.php(17): Slim\Routing\RouteRunner->handle()
#16 /var/www/CRM/src/vendor/slim/slim/Slim/MiddlewareDispatcher.php(313): EcclesiaCRM\Slim\Middleware\VersionMiddleware->__invoke()
#17 /var/www/CRM/src/vendor/tuupola/slim-jwt-auth/src/JwtAuthentication.php(132): class@anonymous->handle()
#18 /var/www/CRM/src/vendor/slim/slim/Slim/MiddlewareDispatcher.php(147): Tuupola\Middleware\JwtAuthentication->process()
#19 /var/www/CRM/src/vendor/slim/slim/Slim/Middleware/ErrorMiddleware.php(107): class@anonymous->handle()
#20 /var/www/CRM/src/vendor/slim/slim/Slim/MiddlewareDispatcher.php(147): Slim\Middleware\ErrorMiddleware->process()
#21 /var/www/CRM/src/vendor/slim/slim/Slim/MiddlewareDispatcher.php(81): class@anonymous->handle()
#22 /var/www/CRM/src/vendor/slim/slim/Slim/App.php(215): Slim\MiddlewareDispatcher->handle()
#23 /var/www/CRM/src/vendor/slim/slim/Slim/App.php(199): Slim\App->handle()
#24 /var/www/CRM/src/api/index.php(145): Slim\App->run()
#25 {main}
Previous Error:
Type: PDOException
Code: 42S22
Message: SQLSTATE[42S22]: Column not found: 1054 Unknown column 'res.r2p_id' in 'field list'
File: /var/www/CRM/src/vendor/propel/propel/src/Propel/Runtime/Connection/StatementWrapper.php
Line: 215
Trace: #0 /var/www/CRM/src/vendor/propel/propel/src/Propel/Runtime/Connection/StatementWrapper.php(215): PDOStatement->execute()
#1 /var/www/CRM/src/vendor/propel/propel/src/Propel/Runtime/ActiveQuery/QueryExecutor/AbstractQueryExecutor.php(103): Propel\Runtime\Connection\StatementWrapper->execute()
#2 /var/www/CRM/src/vendor/propel/propel/src/Propel/Runtime/ActiveQuery/QueryExecutor/SelectQueryExecutor.php(49): Propel\Runtime\ActiveQuery\QueryExecutor\AbstractQueryExecutor->executeStatement()
#3 /var/www/CRM/src/vendor/propel/propel/src/Propel/Runtime/ActiveQuery/QueryExecutor/SelectQueryExecutor.php(37): Propel\Runtime\ActiveQuery\QueryExecutor\SelectQueryExecutor->runSelect()
#4 /var/www/CRM/src/vendor/propel/propel/src/Propel/Runtime/ActiveQuery/Criteria.php(2322): Propel\Runtime\ActiveQuery\QueryExecutor\SelectQueryExecutor::execute()
#5 /var/www/CRM/src/vendor/propel/propel/src/Propel/Runtime/ActiveQuery/ModelCriteria.php(2211): Propel\Runtime\ActiveQuery\Criteria->doSelect()
#6 /var/www/CRM/src/vendor/propel/propel/src/Propel/Runtime/ActiveQuery/ModelCriteria.php(1243): Propel\Runtime\ActiveQuery\ModelCriteria->doSelect()
#7 /var/www/CRM/src/EcclesiaCRM/Search/PersonSearchRes.php(243): Propel\Runtime\ActiveQuery\ModelCriteria->find()
#8 /var/www/CRM/src/EcclesiaCRM/Search/BaseSearchRes.php(53): EcclesiaCRM\Search\PersonSearchRes->buildSearch()
#9 /var/www/CRM/src/EcclesiaCRM/APIControllers/SearchController.php(178): EcclesiaCRM\Search\BaseSearchRes->getRes()
#10 /var/www/CRM/src/vendor/slim/slim/Slim/Handlers/Strategies/RequestResponse.php(43): EcclesiaCRM\APIControllers\SearchController->getSearchResult()
#11 /var/www/CRM/src/vendor/slim/slim/Slim/Routing/Route.php(384): Slim\Handlers\Strategies\RequestResponse->__invoke()
#12 /var/www/CRM/src/vendor/slim/slim/Slim/MiddlewareDispatcher.php(81): Slim\Routing\Route->handle()
#13 /var/www/CRM/src/vendor/slim/slim/Slim/MiddlewareDispatcher.php(81): Slim\MiddlewareDispatcher->handle()
#14 /var/www/CRM/src/vendor/slim/slim/Slim/Routing/Route.php(341): Slim\MiddlewareDispatcher->handle()
#15 /var/www/CRM/src/vendor/slim/slim/Slim/Routing/RouteRunner.php(84): Slim\Routing\Route->run()
#16 /var/www/CRM/src/EcclesiaCRM/Slim/Middleware/VersionMiddleware.php(17): Slim\Routing\RouteRunner->handle()
#17 /var/www/CRM/src/vendor/slim/slim/Slim/MiddlewareDispatcher.php(313): EcclesiaCRM\Slim\Middleware\VersionMiddleware->__invoke()
#18 /var/www/CRM/src/vendor/tuupola/slim-jwt-auth/src/JwtAuthentication.php(132): class@anonymous->handle()
#19 /var/www/CRM/src/vendor/slim/slim/Slim/MiddlewareDispatcher.php(147): Tuupola\Middleware\JwtAuthentication->process()
#20 /var/www/CRM/src/vendor/slim/slim/Slim/Middleware/ErrorMiddleware.php(107): class@anonymous->handle()
#21 /var/www/CRM/src/vendor/slim/slim/Slim/MiddlewareDispatcher.php(147): Slim\Middleware\ErrorMiddleware->process()
#22 /var/www/CRM/src/vendor/slim/slim/Slim/MiddlewareDispatcher.php(81): class@anonymous->handle()
#23 /var/www/CRM/src/vendor/slim/slim/Slim/App.php(215): Slim\MiddlewareDispatcher->handle()
#24 /var/www/CRM/src/vendor/slim/slim/Slim/App.php(199): Slim\App->handle()
#25 /var/www/CRM/src/api/index.php(145): Slim\App->run()
#26 {main}
[02-Jul-2022 16:43:59 Europe/Paris] Slim Application Error
Type: Propel\Runtime\ActiveQuery\QueryExecutor\QueryExecutionException
Code: 0
Message: Unable to execute statement [SELECT alias_1.r2p_id, alias_1.r2p_pro_ID, alias_1.r2p_record_ID, alias_1.r2p_Value, COALESCE(cls.lst_OptionName, 'Unassigned') AS ClassName FROM person_per CROSS JOIN (SELECT property_pro.pro_Name AS ProName, propertytype_prt.prt_Name AS ProTypeName FROM record2property_r2p LEFT JOIN person_per ON (record2property_r2p.r2p_record_ID=person_per.per_ID) LEFT JOIN property_pro ON (record2property_r2p.r2p_pro_ID=property_pro.pro_ID) LEFT JOIN propertytype_prt ON (property_pro.pro_prt_ID=propertytype_prt.prt_ID) WHERE property_pro.pro_Class='p' ORDER BY ProName ASC,ProTypeName ASC) AS alias_1 LEFT JOIN list_lst cls ON (person_per.per_cls_ID=cls.lst_OptionID AND cls.lst_ID=1) LEFT JOIN list_lst fmr ON (person_per.per_fam_ID=fmr.lst_OptionID AND fmr.lst_ID=2) WHERE person_per.per_DateDeactivated IS NULL ]
File: /var/www/CRM/src/vendor/propel/propel/src/Propel/Runtime/ActiveQuery/QueryExecutor/AbstractQueryExecutor.php
Line: 136
Trace: #0 /var/www/CRM/src/vendor/propel/propel/src/Propel/Runtime/ActiveQuery/QueryExecutor/AbstractQueryExecutor.php(105): Propel\Runtime\ActiveQuery\QueryExecutor\AbstractQueryExecutor->handleStatementException()
#1 /var/www/CRM/src/vendor/propel/propel/src/Propel/Runtime/ActiveQuery/QueryExecutor/SelectQueryExecutor.php(49): Propel\Runtime\ActiveQuery\QueryExecutor\AbstractQueryExecutor->executeStatement()
#2 /var/www/CRM/src/vendor/propel/propel/src/Propel/Runtime/ActiveQuery/QueryExecutor/SelectQueryExecutor.php(37): Propel\Runtime\ActiveQuery\QueryExecutor\SelectQueryExecutor->runSelect()
#3 /var/www/CRM/src/vendor/propel/propel/src/Propel/Runtime/ActiveQuery/Criteria.php(2322): Propel\Runtime\ActiveQuery\QueryExecutor\SelectQueryExecutor::execute()
#4 /var/www/CRM/src/vendor/propel/propel/src/Propel/Runtime/ActiveQuery/ModelCriteria.php(2211): Propel\Runtime\ActiveQuery\Criteria->doSelect()
#5 /var/www/CRM/src/vendor/propel/propel/src/Propel/Runtime/ActiveQuery/ModelCriteria.php(1243): Propel\Runtime\ActiveQuery\ModelCriteria->doSelect()
#6 /var/www/CRM/src/EcclesiaCRM/Search/PersonSearchRes.php(243): Propel\Runtime\ActiveQuery\ModelCriteria->find()
#7 /var/www/CRM/src/EcclesiaCRM/Search/BaseSearchRes.php(53): EcclesiaCRM\Search\PersonSearchRes->buildSearch()
#8 /var/www/CRM/src/EcclesiaCRM/APIControllers/SearchController.php(178): EcclesiaCRM\Search\BaseSearchRes->getRes()
#9 /var/www/CRM/src/vendor/slim/slim/Slim/Handlers/Strategies/RequestResponse.php(43): EcclesiaCRM\APIControllers\SearchController->getSearchResult()
#10 /var/www/CRM/src/vendor/slim/slim/Slim/Routing/Route.php(384): Slim\Handlers\Strategies\RequestResponse->__invoke()
#11 /var/www/CRM/src/vendor/slim/slim/Slim/MiddlewareDispatcher.php(81): Slim\Routing\Route->handle()
#12 /var/www/CRM/src/vendor/slim/slim/Slim/MiddlewareDispatcher.php(81): Slim\MiddlewareDispatcher->handle()
#13 /var/www/CRM/src/vendor/slim/slim/Slim/Routing/Route.php(341): Slim\MiddlewareDispatcher->handle()
#14 /var/www/CRM/src/vendor/slim/slim/Slim/Routing/RouteRunner.php(84): Slim\Routing\Route->run()
#15 /var/www/CRM/src/EcclesiaCRM/Slim/Middleware/VersionMiddleware.php(17): Slim\Routing\RouteRunner->handle()
#16 /var/www/CRM/src/vendor/slim/slim/Slim/MiddlewareDispatcher.php(313): EcclesiaCRM\Slim\Middleware\VersionMiddleware->__invoke()
#17 /var/www/CRM/src/vendor/tuupola/slim-jwt-auth/src/JwtAuthentication.php(132): class@anonymous->handle()
#18 /var/www/CRM/src/vendor/slim/slim/Slim/MiddlewareDispatcher.php(147): Tuupola\Middleware\JwtAuthentication->process()
#19 /var/www/CRM/src/vendor/slim/slim/Slim/Middleware/ErrorMiddleware.php(107): class@anonymous->handle()
#20 /var/www/CRM/src/vendor/slim/slim/Slim/MiddlewareDispatcher.php(147): Slim\Middleware\ErrorMiddleware->process()
#21 /var/www/CRM/src/vendor/slim/slim/Slim/MiddlewareDispatcher.php(81): class@anonymous->handle()
#22 /var/www/CRM/src/vendor/slim/slim/Slim/App.php(215): Slim\MiddlewareDispatcher->handle()
#23 /var/www/CRM/src/vendor/slim/slim/Slim/App.php(199): Slim\App->handle()
#24 /var/www/CRM/src/api/index.php(145): Slim\App->run()
#25 {main}
Previous Error:
Type: PDOException
Code: 42S22
Message: SQLSTATE[42S22]: Column not found: 1054 Unknown column 'alias_1.r2p_id' in 'field list'
File: /var/www/CRM/src/vendor/propel/propel/src/Propel/Runtime/Connection/StatementWrapper.php
Line: 215
Trace: #0 /var/www/CRM/src/vendor/propel/propel/src/Propel/Runtime/Connection/StatementWrapper.php(215): PDOStatement->execute()
#1 /var/www/CRM/src/vendor/propel/propel/src/Propel/Runtime/ActiveQuery/QueryExecutor/AbstractQueryExecutor.php(103): Propel\Runtime\Connection\StatementWrapper->execute()
#2 /var/www/CRM/src/vendor/propel/propel/src/Propel/Runtime/ActiveQuery/QueryExecutor/SelectQueryExecutor.php(49): Propel\Runtime\ActiveQuery\QueryExecutor\AbstractQueryExecutor->executeStatement()
#3 /var/www/CRM/src/vendor/propel/propel/src/Propel/Runtime/ActiveQuery/QueryExecutor/SelectQueryExecutor.php(37): Propel\Runtime\ActiveQuery\QueryExecutor\SelectQueryExecutor->runSelect()
#4 /var/www/CRM/src/vendor/propel/propel/src/Propel/Runtime/ActiveQuery/Criteria.php(2322): Propel\Runtime\ActiveQuery\QueryExecutor\SelectQueryExecutor::execute()
#5 /var/www/CRM/src/vendor/propel/propel/src/Propel/Runtime/ActiveQuery/ModelCriteria.php(2211): Propel\Runtime\ActiveQuery\Criteria->doSelect()
#6 /var/www/CRM/src/vendor/propel/propel/src/Propel/Runtime/ActiveQuery/ModelCriteria.php(1243): Propel\Runtime\ActiveQuery\ModelCriteria->doSelect()
#7 /var/www/CRM/src/EcclesiaCRM/Search/PersonSearchRes.php(243): Propel\Runtime\ActiveQuery\ModelCriteria->find()
#8 /var/www/CRM/src/EcclesiaCRM/Search/BaseSearchRes.php(53): EcclesiaCRM\Search\PersonSearchRes->buildSearch()
#9 /var/www/CRM/src/EcclesiaCRM/APIControllers/SearchController.php(178): EcclesiaCRM\Search\BaseSearchRes->getRes()
#10 /var/www/CRM/src/vendor/slim/slim/Slim/Handlers/Strategies/RequestResponse.php(43): EcclesiaCRM\APIControllers\SearchController->getSearchResult()
#11 /var/www/CRM/src/vendor/slim/slim/Slim/Routing/Route.php(384): Slim\Handlers\Strategies\RequestResponse->__invoke()
#12 /var/www/CRM/src/vendor/slim/slim/Slim/MiddlewareDispatcher.php(81): Slim\Routing\Route->handle()
#13 /var/www/CRM/src/vendor/slim/slim/Slim/MiddlewareDispatcher.php(81): Slim\MiddlewareDispatcher->handle()
#14 /var/www/CRM/src/vendor/slim/slim/Slim/Routing/Route.php(341): Slim\MiddlewareDispatcher->handle()
#15 /var/www/CRM/src/vendor/slim/slim/Slim/Routing/RouteRunner.php(84): Slim\Routing\Route->run()
#16 /var/www/CRM/src/EcclesiaCRM/Slim/Middleware/VersionMiddleware.php(17): Slim\Routing\RouteRunner->handle()
#17 /var/www/CRM/src/vendor/slim/slim/Slim/MiddlewareDispatcher.php(313): EcclesiaCRM\Slim\Middleware\VersionMiddleware->__invoke()
#18 /var/www/CRM/src/vendor/tuupola/slim-jwt-auth/src/JwtAuthentication.php(132): class@anonymous->handle()
#19 /var/www/CRM/src/vendor/slim/slim/Slim/MiddlewareDispatcher.php(147): Tuupola\Middleware\JwtAuthentication->process()
#20 /var/www/CRM/src/vendor/slim/slim/Slim/Middleware/ErrorMiddleware.php(107): class@anonymous->handle()
#21 /var/www/CRM/src/vendor/slim/slim/Slim/MiddlewareDispatcher.php(147): Slim\Middleware\ErrorMiddleware->process()
#22 /var/www/CRM/src/vendor/slim/slim/Slim/MiddlewareDispatcher.php(81): class@anonymous->handle()
#23 /var/www/CRM/src/vendor/slim/slim/Slim/App.php(215): Slim\MiddlewareDispatcher->handle()
#24 /var/www/CRM/src/vendor/slim/slim/Slim/App.php(199): Slim\App->handle()
#25 /var/www/CRM/src/api/index.php(145): Slim\App->run()
#26 {main}
