[12-Feb-2022 07:02:06 Europe/Paris] PHP Fatal error:  Uncaught Error: Call to a member function getTitle() on null in /var/www/CRM/src/Checkin.php:112
Stack trace:
#0 {main}
  thrown in /var/www/CRM/src/Checkin.php on line 112
[12-Feb-2022 07:03:44 Europe/Paris] PHP Fatal error:  Uncaught Error: Call to a member function getTitle() on null in /var/www/CRM/src/Checkin.php:124
Stack trace:
#0 {main}
  thrown in /var/www/CRM/src/Checkin.php on line 124
[12-Feb-2022 09:39:21 Europe/Paris] PHP Fatal error:  Uncaught Error: Call to a member function getTitle() on null in /var/www/CRM/src/Checkin.php:112
Stack trace:
#0 {main}
  thrown in /var/www/CRM/src/Checkin.php on line 112
[12-Feb-2022 12:29:32 Europe/Paris] Slim Application Error
Type: RuntimeException
Code: 0
Message: Plugins\VIEWControllers\VIEWMeetingController:renderSettings is not resolvable
File: /var/www/CRM/src/vendor/slim/slim/Slim/CallableResolver.php
Line: 165
Trace: #0 /var/www/CRM/src/vendor/slim/slim/Slim/CallableResolver.php(107): Slim\CallableResolver->assertCallable()
#1 /var/www/CRM/src/vendor/slim/slim/Slim/CallableResolver.php(71): Slim\CallableResolver->resolveByPredicate()
#2 /var/www/CRM/src/vendor/slim/slim/Slim/Routing/Route.php(366): Slim\CallableResolver->resolveRoute()
#3 /var/www/CRM/src/vendor/slim/slim/Slim/MiddlewareDispatcher.php(81): Slim\Routing\Route->handle()
#4 /var/www/CRM/src/vendor/slim/slim/Slim/MiddlewareDispatcher.php(81): Slim\MiddlewareDispatcher->handle()
#5 /var/www/CRM/src/vendor/slim/slim/Slim/Routing/Route.php(341): Slim\MiddlewareDispatcher->handle()
#6 /var/www/CRM/src/vendor/slim/slim/Slim/Routing/RouteRunner.php(84): Slim\Routing\Route->run()
#7 /var/www/CRM/src/vendor/slim/http-cache/src/Cache.php(67): Slim\Routing\RouteRunner->handle()
#8 /var/www/CRM/src/vendor/slim/slim/Slim/MiddlewareDispatcher.php(147): Slim\HttpCache\Cache->process()
#9 /var/www/CRM/src/EcclesiaCRM/Slim/Middleware/VersionMiddleware.php(17): class@anonymous->handle()
#10 /var/www/CRM/src/vendor/slim/slim/Slim/MiddlewareDispatcher.php(313): EcclesiaCRM\Slim\Middleware\VersionMiddleware->__invoke()
#11 /var/www/CRM/src/vendor/tuupola/slim-jwt-auth/src/JwtAuthentication.php(132): class@anonymous->handle()
#12 /var/www/CRM/src/vendor/slim/slim/Slim/MiddlewareDispatcher.php(147): Tuupola\Middleware\JwtAuthentication->process()
#13 /var/www/CRM/src/vendor/slim/slim/Slim/Middleware/ErrorMiddleware.php(107): class@anonymous->handle()
#14 /var/www/CRM/src/vendor/slim/slim/Slim/MiddlewareDispatcher.php(147): Slim\Middleware\ErrorMiddleware->process()
#15 /var/www/CRM/src/vendor/slim/slim/Slim/MiddlewareDispatcher.php(81): class@anonymous->handle()
#16 /var/www/CRM/src/vendor/slim/slim/Slim/App.php(215): Slim\MiddlewareDispatcher->handle()
#17 /var/www/CRM/src/vendor/slim/slim/Slim/App.php(199): Slim\App->handle()
#18 /var/www/CRM/src/v2/index.php(124): Slim\App->run()
#19 {main}
