[2022-11-11 05:40:22] defaultLogger.INFO: Installing EcclesiaCRM Schema [] []
[2022-11-11 05:42:06] defaultLogger.INFO: Step1 : SystemService  [] []
[2022-11-11 05:42:06] defaultLogger.INFO: Step2 : Install.sql  [] []
[2022-11-11 05:42:06] defaultLogger.INFO: filename sql :  /var/www/CRM/src/mysql/install/Install.sql [] []
[2022-11-11 05:42:07] defaultLogger.INFO: Step3 : Version  [] []
[2022-11-11 05:42:07] defaultLogger.INFO: Step4 : configuration INSERT INTO `version_ver` (`ver_version`, `ver_update_start`, `ver_update_end`) VALUES ('8.0.0', '2022-11-11 05:42:06', '2022-11-11 05:42:06'); [] []
[2022-11-11 05:42:07] defaultLogger.INFO: Step5 : language  sql : INSERT INTO `config_cfg` (`cfg_id`, `cfg_name`, `cfg_value`) VALUES (23, 'sDefaultCountry', 'France'), (39,'sLanguage', 'fr_FR'), (2057, 'bGDPR', '0'), (1003, 'sChurchName', 'Epis'), (1004, 'sChurchAddress', '1 rue Robert Kieffer'), (1005, 'sChurchCity', 'BISCHHEIM'), (1007, 'sChurchZip', '67800'), (1008, 'sChurchPhone', '0388626475'), (1009, 'sChurchEmail', 'philippelogel@free.fr'),(1047, 'sChurchCountry', 'France'), (1025, 'sConfirmSigner', '1'), (2013, 'sChurchWebSite', ''), (1016, 'sReminderSigner', '2'), (1014, 'sTaxSigner', '3'), (2014, 'sChurchFB', ''), (2015, 'sChurchTwitter', ''), (2056, 'sGdprDpoSigner', ''), (2058, 'sGdprDpoSignerEmail', ''), (27, 'sSMTPHost', ''), (28, 'bSMTPAuth', '1'), (29, 'sSMTPUser', ''), (30, 'sSMTPPass', ''), (24, 'iSMTPTimeout', '10'), (26, 'sToEmailAddress', ''), (2045, 'bPHPMailerAutoTLS', '0'), (2055, 'sTimeZone', 'Europe/Paris'), (2046, 'sPHPMailerSMTPSecure', '') ON DUPLICATE KEY UPDATE cfg_id=VALUES(cfg_id) [] []
[2022-11-11 05:42:07] defaultLogger.INFO: filename language :  /var/www/CRM/src/mysql/install/languages/fr_FR.sql [] []
[2022-11-11 05:42:07] defaultLogger.INFO: Step6 : Dashboard plugins  sql : INSERT INTO `config_cfg` (`cfg_id`, `cfg_name`, `cfg_value`) VALUES (23, 'sDefaultCountry', 'France'), (39,'sLanguage', 'fr_FR'), (2057, 'bGDPR', '0'), (1003, 'sChurchName', 'Epis'), (1004, 'sChurchAddress', '1 rue Robert Kieffer'), (1005, 'sChurchCity', 'BISCHHEIM'), (1007, 'sChurchZip', '67800'), (1008, 'sChurchPhone', '0388626475'), (1009, 'sChurchEmail', 'philippelogel@free.fr'),(1047, 'sChurchCountry', 'France'), (1025, 'sConfirmSigner', '1'), (2013, 'sChurchWebSite', ''), (1016, 'sReminderSigner', '2'), (1014, 'sTaxSigner', '3'), (2014, 'sChurchFB', ''), (2015, 'sChurchTwitter', ''), (2056, 'sGdprDpoSigner', ''), (2058, 'sGdprDpoSignerEmail', ''), (27, 'sSMTPHost', ''), (28, 'bSMTPAuth', '1'), (29, 'sSMTPUser', ''), (30, 'sSMTPPass', ''), (24, 'iSMTPTimeout', '10'), (26, 'sToEmailAddress', ''), (2045, 'bPHPMailerAutoTLS', '0'), (2055, 'sTimeZone', 'Europe/Paris'), (2046, 'sPHPMailerSMTPSecure', '') ON DUPLICATE KEY UPDATE cfg_id=VALUES(cfg_id) [] []
[2022-11-11 05:42:07] defaultLogger.INFO: filename sql :  /var/www/CRM/src/Plugins/BirthdayAnniversaryDashboard/mysql/Install.sql [] []
[2022-11-11 05:42:07] defaultLogger.INFO: filename sql :  /var/www/CRM/src/Plugins/CurrentUsersDashboard/mysql/Install.sql [] []
[2022-11-11 05:42:07] defaultLogger.INFO: filename sql :  /var/www/CRM/src/Plugins/EventWorkflow/mysql/Install.sql [] []
[2022-11-11 05:42:07] defaultLogger.INFO: filename sql :  /var/www/CRM/src/Plugins/FamilyInfosDashboard/mysql/Install.sql [] []
[2022-11-11 05:42:07] defaultLogger.INFO: filename sql :  /var/www/CRM/src/Plugins/FinanceDashboard/mysql/Install.sql [] []
[2022-11-11 05:42:07] defaultLogger.INFO: filename sql :  /var/www/CRM/src/Plugins/MeetingJitsi/mysql/Install.sql [] []
[2022-11-11 05:42:07] defaultLogger.INFO: filename sql :  /var/www/CRM/src/Plugins/NewsDashboard/mysql/Install.sql [] []
[2022-11-11 05:42:07] defaultLogger.INFO: filename sql :  /var/www/CRM/src/Plugins/NoteDashboard/mysql/Install.sql [] []
[2022-11-11 05:42:07] defaultLogger.INFO: filename sql :  /var/www/CRM/src/Plugins/PastoralCareDashboard/mysql/Install.sql [] []
[2022-11-11 05:42:07] defaultLogger.INFO: filename sql :  /var/www/CRM/src/Plugins/PersonInfosDashboard/mysql/Install.sql [] []
[2022-11-11 05:42:07] defaultLogger.INFO: filename sql :  /var/www/CRM/src/Plugins/ToDoListDashboard/mysql/Install.sql [] []
[2022-11-11 05:42:07] defaultLogger.INFO: Setup : End [] []
[2022-11-11 06:42:07] defaultLogger.DEBUG: Database version matches installed version: 8.0.0 == 8.0.0 [] []
[2022-11-11 06:42:14] defaultLogger.DEBUG: Database version matches installed version: 8.0.0 == 8.0.0 [] []
[2022-11-11 06:42:14] defaultLogger.DEBUG: Database version matches installed version: 8.0.0 == 8.0.0 [] []
[2022-11-11 06:42:27] defaultLogger.DEBUG: Database version matches installed version: 8.0.0 == 8.0.0 [] []
[2022-11-11 06:42:55] defaultLogger.DEBUG: Database version matches installed version: 8.0.0 == 8.0.0 [] []
[2022-11-11 06:42:58] defaultLogger.DEBUG: Database version matches installed version: 8.0.0 == 8.0.0 [] []
[2022-11-11 06:43:08] defaultLogger.DEBUG: Database version matches installed version: 8.0.0 == 8.0.0 [] []
[2022-11-11 06:43:16] defaultLogger.DEBUG: Database version matches installed version: 8.0.0 == 8.0.0 [] []
[2022-11-11 06:43:22] defaultLogger.DEBUG: Database version matches installed version: 8.0.0 == 8.0.0 [] []
[2022-11-11 06:44:51] defaultLogger.DEBUG: Database version matches installed version: 8.0.0 == 8.0.0 [] []
[2022-11-11 06:44:55] defaultLogger.DEBUG: Database version matches installed version: 8.0.0 == 8.0.0 [] []
[2022-11-11 06:45:00] defaultLogger.DEBUG: Database version matches installed version: 8.0.0 == 8.0.0 [] []
[2022-11-11 06:45:03] defaultLogger.DEBUG: Database version matches installed version: 8.0.0 == 8.0.0 [] []
[2022-11-11 06:45:13] defaultLogger.DEBUG: Database version matches installed version: 8.0.0 == 8.0.0 [] []
[2022-11-11 06:45:18] defaultLogger.DEBUG: Using: Geo Provider -  nominatim [] []
[2022-11-11 06:45:19] defaultLogger.DEBUG: We have 1 results [] []
[2022-11-11 06:45:19] defaultLogger.DEBUG: Using: Geo Provider -  nominatim [] []
[2022-11-11 06:45:19] defaultLogger.DEBUG: We have 1 results [] []
[2022-11-11 06:45:19] defaultLogger.DEBUG: Database version matches installed version: 8.0.0 == 8.0.0 [] []
[2022-11-11 06:45:20] defaultLogger.WARNING: {     "csp-report": {         "document-uri": "http:\/\/dev.ecclesiacrm.com\/v2\/calendar",         "referrer": "http:\/\/dev.ecclesiacrm.com\/v2\/volunteeropportunityeditor",         "violated-directive": "font-src",         "effective-directive": "font-src",         "original-policy": "default-src 'self';script-src 'self' 'unsafe-eval' 'nonce-z28WvZaY5qYAAP9c4pcP2Q==' sidecar.gitter.im browser-update.org maps.googleapis.com www.bing.com  dev.virtualearth.net t.ssl.ak.dynamic.tiles.virtualearth.net cdnjs.cloudflare.com meet.jit.si;object-src 'self' 'nonce-z28WvZaY5qYAAP9c4pcP2Q==';style-src 'self' 'unsafe-inline' fonts.googleapis.com www.bing.com;img-src 'self' 'nonce-z28WvZaY5qYAAP9c4pcP2Q==' www.google.com d maps.gstatic.com maps.googleapis.com a.tile.openstreetmap.org b.tile.openstreetmap.org c.tile.openstreetmap.org www.bing.com t.ssl.ak.dynamic.tiles.virtualearth.net data:;media-src 'self';frame-src 'self' www.youtube.com;font-src 'self' fonts.gstatic.com;connect-src 'self' www.bing.com  nominatim.openstreetmap.org;report-uri http:\/\/dev.ecclesiacrm.com\/api\/system\/csp-report",         "blocked-uri": "data",         "status-code": 200     } } [] []
[2022-11-11 06:45:43] defaultLogger.WARNING: {     "csp-report": {         "document-uri": "http:\/\/dev.ecclesiacrm.com\/v2\/calendar",         "referrer": "http:\/\/dev.ecclesiacrm.com\/",         "violated-directive": "script-src-elem",         "effective-directive": "script-src-elem",         "original-policy": "default-src 'self';script-src 'self' 'unsafe-eval' 'nonce-z28WvZaY5qYAAP9c4pcP2Q==' sidecar.gitter.im browser-update.org maps.googleapis.com www.bing.com  dev.virtualearth.net t.ssl.ak.dynamic.tiles.virtualearth.net cdnjs.cloudflare.com meet.jit.si;object-src 'self' 'nonce-z28WvZaY5qYAAP9c4pcP2Q==';style-src 'self' 'unsafe-inline' fonts.googleapis.com www.bing.com;img-src 'self' 'nonce-z28WvZaY5qYAAP9c4pcP2Q==' www.google.com d maps.gstatic.com maps.googleapis.com a.tile.openstreetmap.org b.tile.openstreetmap.org c.tile.openstreetmap.org www.bing.com t.ssl.ak.dynamic.tiles.virtualearth.net data:;media-src 'self';frame-src 'self' www.youtube.com;font-src 'self' fonts.gstatic.com;connect-src 'self' www.bing.com  nominatim.openstreetmap.org;report-uri http:\/\/dev.ecclesiacrm.com\/api\/system\/csp-report",         "blocked-uri": "inline",         "status-code": 0     } } [] []
[2022-11-11 06:46:09] defaultLogger.WARNING: {     "csp-report": {         "document-uri": "http:\/\/dev.ecclesiacrm.com\/v2\/calendar",         "referrer": "http:\/\/dev.ecclesiacrm.com\/",         "violated-directive": "script-src-elem",         "effective-directive": "script-src-elem",         "original-policy": "default-src 'self';script-src 'self' 'unsafe-eval' 'nonce-z28WvZaY5qYAAP9c4pcP2Q==' sidecar.gitter.im browser-update.org maps.googleapis.com www.bing.com  dev.virtualearth.net t.ssl.ak.dynamic.tiles.virtualearth.net cdnjs.cloudflare.com meet.jit.si;object-src 'self' 'nonce-z28WvZaY5qYAAP9c4pcP2Q==';style-src 'self' 'unsafe-inline' fonts.googleapis.com www.bing.com;img-src 'self' 'nonce-z28WvZaY5qYAAP9c4pcP2Q==' www.google.com d maps.gstatic.com maps.googleapis.com a.tile.openstreetmap.org b.tile.openstreetmap.org c.tile.openstreetmap.org www.bing.com t.ssl.ak.dynamic.tiles.virtualearth.net data:;media-src 'self';frame-src 'self' www.youtube.com;font-src 'self' fonts.gstatic.com;connect-src 'self' www.bing.com  nominatim.openstreetmap.org;report-uri http:\/\/dev.ecclesiacrm.com\/api\/system\/csp-report",         "blocked-uri": "inline",         "status-code": 0,         "source-file": "http:\/\/dev.ecclesiacrm.com\/skin\/external\/ckeditor\/ckeditor.js",         "line-number": 87,         "column-number": 315     } } [] []
[2022-11-11 06:46:49] defaultLogger.DEBUG: Database version matches installed version: 8.0.0 == 8.0.0 [] []
[2022-11-11 06:46:51] defaultLogger.DEBUG: Database version matches installed version: 8.0.0 == 8.0.0 [] []
[2022-11-11 06:46:52] defaultLogger.DEBUG: Database version matches installed version: 8.0.0 == 8.0.0 [] []
[2022-11-11 06:47:09] defaultLogger.DEBUG: Database version matches installed version: 8.0.0 == 8.0.0 [] []
[2022-11-11 06:47:13] defaultLogger.DEBUG: Using: Geo Provider -  nominatim [] []
[2022-11-11 06:47:14] defaultLogger.DEBUG: We have 1 results [] []
[2022-11-11 06:47:14] defaultLogger.DEBUG: Using: Geo Provider -  nominatim [] []
[2022-11-11 06:47:14] defaultLogger.DEBUG: We have 1 results [] []
[2022-11-11 06:47:22] defaultLogger.DEBUG: Using: Geo Provider -  nominatim [] []
[2022-11-11 06:47:22] defaultLogger.DEBUG: We have 1 results [] []
[2022-11-11 06:47:22] defaultLogger.DEBUG: Using: Geo Provider -  nominatim [] []
[2022-11-11 06:47:22] defaultLogger.DEBUG: We have 1 results [] []
[2022-11-11 06:47:22] defaultLogger.DEBUG: Database version matches installed version: 8.0.0 == 8.0.0 [] []
[2022-11-11 06:47:23] defaultLogger.WARNING: {     "csp-report": {         "document-uri": "https:\/\/dev.ecclesiacrm.com\/v2\/calendar",         "referrer": "https:\/\/dev.ecclesiacrm.com\/v2\/meeting\/dashboard",         "violated-directive": "font-src",         "effective-directive": "font-src",         "original-policy": "default-src 'self';script-src 'self' 'unsafe-eval' 'nonce-XzlvTBphWapeXBkxcA6gDA==' sidecar.gitter.im browser-update.org maps.googleapis.com www.bing.com  dev.virtualearth.net t.ssl.ak.dynamic.tiles.virtualearth.net cdnjs.cloudflare.com meet.jit.si;object-src 'self' 'nonce-XzlvTBphWapeXBkxcA6gDA==';style-src 'self' 'unsafe-inline' fonts.googleapis.com www.bing.com;img-src 'self' 'nonce-XzlvTBphWapeXBkxcA6gDA==' www.google.com d maps.gstatic.com maps.googleapis.com a.tile.openstreetmap.org b.tile.openstreetmap.org c.tile.openstreetmap.org www.bing.com t.ssl.ak.dynamic.tiles.virtualearth.net data:;media-src 'self';frame-src 'self' www.youtube.com;font-src 'self' fonts.gstatic.com;connect-src 'self' www.bing.com  nominatim.openstreetmap.org;report-uri https:\/\/dev.ecclesiacrm.com\/api\/system\/csp-report",         "disposition": "report",         "blocked-uri": "data",         "line-number": 101,         "column-number": 18,         "source-file": "https:\/\/dev.ecclesiacrm.com\/skin\/external\/ckeditor\/ckeditor.js",         "status-code": 200,         "script-sample": ""     } } [] []
[2022-11-11 06:47:29] defaultLogger.WARNING: {     "csp-report": {         "document-uri": "https:\/\/dev.ecclesiacrm.com\/v2\/calendar",         "referrer": "https:\/\/dev.ecclesiacrm.com\/v2\/calendar",         "violated-directive": "script-src-elem",         "effective-directive": "script-src-elem",         "original-policy": "default-src 'self';script-src 'self' 'unsafe-eval' 'nonce-XzlvTBphWapeXBkxcA6gDA==' sidecar.gitter.im browser-update.org maps.googleapis.com www.bing.com  dev.virtualearth.net t.ssl.ak.dynamic.tiles.virtualearth.net cdnjs.cloudflare.com meet.jit.si;object-src 'self' 'nonce-XzlvTBphWapeXBkxcA6gDA==';style-src 'self' 'unsafe-inline' fonts.googleapis.com www.bing.com;img-src 'self' 'nonce-XzlvTBphWapeXBkxcA6gDA==' www.google.com d maps.gstatic.com maps.googleapis.com a.tile.openstreetmap.org b.tile.openstreetmap.org c.tile.openstreetmap.org www.bing.com t.ssl.ak.dynamic.tiles.virtualearth.net data:;media-src 'self';frame-src 'self' www.youtube.com;font-src 'self' fonts.gstatic.com;connect-src 'self' www.bing.com  nominatim.openstreetmap.org;report-uri https:\/\/dev.ecclesiacrm.com\/api\/system\/csp-report",         "disposition": "report",         "blocked-uri": "inline",         "line-number": 87,         "column-number": 310,         "source-file": "https:\/\/dev.ecclesiacrm.com\/skin\/external\/ckeditor\/ckeditor.js",         "status-code": 0,         "script-sample": ""     } } [] []
[2022-11-11 06:48:37] defaultLogger.DEBUG: Using: Geo Provider -  nominatim [] []
[2022-11-11 06:48:37] defaultLogger.DEBUG: We have 1 results [] []
[2022-11-11 06:48:37] defaultLogger.DEBUG: Using: Geo Provider -  nominatim [] []
[2022-11-11 06:48:38] defaultLogger.DEBUG: We have 1 results [] []
[2022-11-11 06:48:38] defaultLogger.DEBUG: Database version matches installed version: 8.0.0 == 8.0.0 [] []
[2022-11-11 06:48:39] defaultLogger.WARNING: {     "csp-report": {         "document-uri": "https:\/\/dev.ecclesiacrm.com\/v2\/calendar",         "referrer": "https:\/\/dev.ecclesiacrm.com\/v2\/meeting\/dashboard",         "violated-directive": "font-src",         "effective-directive": "font-src",         "original-policy": "default-src 'self';script-src 'self' 'unsafe-eval' 'nonce-KGFn4hhLwVH\/rO+tnTJKbg==' sidecar.gitter.im browser-update.org maps.googleapis.com www.bing.com  dev.virtualearth.net t.ssl.ak.dynamic.tiles.virtualearth.net cdnjs.cloudflare.com meet.jit.si;object-src 'self' 'nonce-KGFn4hhLwVH\/rO+tnTJKbg==';style-src 'self' 'unsafe-inline' fonts.googleapis.com www.bing.com;img-src 'self' 'nonce-KGFn4hhLwVH\/rO+tnTJKbg==' www.google.com d maps.gstatic.com maps.googleapis.com a.tile.openstreetmap.org b.tile.openstreetmap.org c.tile.openstreetmap.org www.bing.com t.ssl.ak.dynamic.tiles.virtualearth.net data:;media-src 'self';frame-src 'self' www.youtube.com;font-src 'self' fonts.gstatic.com;connect-src 'self' www.bing.com  nominatim.openstreetmap.org;report-uri https:\/\/dev.ecclesiacrm.com\/api\/system\/csp-report",         "disposition": "report",         "blocked-uri": "data",         "status-code": 200,         "script-sample": ""     } } [] []
[2022-11-11 06:48:42] defaultLogger.WARNING: {     "csp-report": {         "document-uri": "https:\/\/dev.ecclesiacrm.com\/v2\/calendar",         "referrer": "https:\/\/dev.ecclesiacrm.com\/v2\/calendar",         "violated-directive": "script-src-elem",         "effective-directive": "script-src-elem",         "original-policy": "default-src 'self';script-src 'self' 'unsafe-eval' 'nonce-KGFn4hhLwVH\/rO+tnTJKbg==' sidecar.gitter.im browser-update.org maps.googleapis.com www.bing.com  dev.virtualearth.net t.ssl.ak.dynamic.tiles.virtualearth.net cdnjs.cloudflare.com meet.jit.si;object-src 'self' 'nonce-KGFn4hhLwVH\/rO+tnTJKbg==';style-src 'self' 'unsafe-inline' fonts.googleapis.com www.bing.com;img-src 'self' 'nonce-KGFn4hhLwVH\/rO+tnTJKbg==' www.google.com d maps.gstatic.com maps.googleapis.com a.tile.openstreetmap.org b.tile.openstreetmap.org c.tile.openstreetmap.org www.bing.com t.ssl.ak.dynamic.tiles.virtualearth.net data:;media-src 'self';frame-src 'self' www.youtube.com;font-src 'self' fonts.gstatic.com;connect-src 'self' www.bing.com  nominatim.openstreetmap.org;report-uri https:\/\/dev.ecclesiacrm.com\/api\/system\/csp-report",         "disposition": "report",         "blocked-uri": "inline",         "line-number": 87,         "column-number": 310,         "source-file": "https:\/\/dev.ecclesiacrm.com\/skin\/external\/ckeditor\/ckeditor.js",         "status-code": 0,         "script-sample": ""     } } [] []
[2022-11-11 06:49:44] defaultLogger.DEBUG: Using: Geo Provider -  nominatim [] []
[2022-11-11 06:49:44] defaultLogger.DEBUG: We have 1 results [] []
[2022-11-11 06:49:44] defaultLogger.DEBUG: Using: Geo Provider -  nominatim [] []
[2022-11-11 06:49:45] defaultLogger.DEBUG: We have 1 results [] []
[2022-11-11 06:49:45] defaultLogger.DEBUG: Database version matches installed version: 8.0.0 == 8.0.0 [] []
[2022-11-11 06:49:46] defaultLogger.WARNING: {     "csp-report": {         "document-uri": "https:\/\/dev.ecclesiacrm.com\/v2\/calendar",         "referrer": "https:\/\/dev.ecclesiacrm.com\/v2\/meeting\/dashboard",         "violated-directive": "font-src",         "effective-directive": "font-src",         "original-policy": "default-src 'self';script-src 'self' 'unsafe-eval' 'nonce-IgjuoDlOuIwzVz\/ZloHhjA==' sidecar.gitter.im browser-update.org maps.googleapis.com www.bing.com  dev.virtualearth.net t.ssl.ak.dynamic.tiles.virtualearth.net cdnjs.cloudflare.com meet.jit.si;object-src 'self' 'nonce-IgjuoDlOuIwzVz\/ZloHhjA==';style-src 'self' 'unsafe-inline' fonts.googleapis.com www.bing.com;img-src 'self' 'nonce-IgjuoDlOuIwzVz\/ZloHhjA==' www.google.com d maps.gstatic.com maps.googleapis.com a.tile.openstreetmap.org b.tile.openstreetmap.org c.tile.openstreetmap.org www.bing.com t.ssl.ak.dynamic.tiles.virtualearth.net data:;media-src 'self';frame-src 'self' www.youtube.com;font-src 'self' fonts.gstatic.com;connect-src 'self' www.bing.com  nominatim.openstreetmap.org;report-uri https:\/\/dev.ecclesiacrm.com\/api\/system\/csp-report",         "disposition": "report",         "blocked-uri": "data",         "line-number": 1097,         "source-file": "https:\/\/dev.ecclesiacrm.com\/v2\/calendar",         "status-code": 200,         "script-sample": ""     } } [] []
[2022-11-11 06:50:27] defaultLogger.WARNING: {     "csp-report": {         "document-uri": "https:\/\/dev.ecclesiacrm.com\/v2\/calendar",         "referrer": "https:\/\/dev.ecclesiacrm.com\/v2\/calendar",         "violated-directive": "script-src-elem",         "effective-directive": "script-src-elem",         "original-policy": "default-src 'self';script-src 'self' 'unsafe-eval' 'nonce-IgjuoDlOuIwzVz\/ZloHhjA==' sidecar.gitter.im browser-update.org maps.googleapis.com www.bing.com  dev.virtualearth.net t.ssl.ak.dynamic.tiles.virtualearth.net cdnjs.cloudflare.com meet.jit.si;object-src 'self' 'nonce-IgjuoDlOuIwzVz\/ZloHhjA==';style-src 'self' 'unsafe-inline' fonts.googleapis.com www.bing.com;img-src 'self' 'nonce-IgjuoDlOuIwzVz\/ZloHhjA==' www.google.com d maps.gstatic.com maps.googleapis.com a.tile.openstreetmap.org b.tile.openstreetmap.org c.tile.openstreetmap.org www.bing.com t.ssl.ak.dynamic.tiles.virtualearth.net data:;media-src 'self';frame-src 'self' www.youtube.com;font-src 'self' fonts.gstatic.com;connect-src 'self' www.bing.com  nominatim.openstreetmap.org;report-uri https:\/\/dev.ecclesiacrm.com\/api\/system\/csp-report",         "disposition": "report",         "blocked-uri": "inline",         "line-number": 87,         "column-number": 310,         "source-file": "https:\/\/dev.ecclesiacrm.com\/skin\/external\/ckeditor\/ckeditor.js",         "status-code": 0,         "script-sample": ""     } } [] []
[2022-11-11 06:50:59] defaultLogger.DEBUG: Database version matches installed version: 8.0.0 == 8.0.0 [] []
[2022-11-11 06:55:18] defaultLogger.WARNING: {     "csp-report": {         "document-uri": "https:\/\/dev.ecclesiacrm.com\/v2\/calendar",         "referrer": "https:\/\/dev.ecclesiacrm.com\/v2\/calendar",         "violated-directive": "script-src-elem",         "effective-directive": "script-src-elem",         "original-policy": "default-src 'self';script-src 'self' 'unsafe-eval' 'nonce-IgjuoDlOuIwzVz\/ZloHhjA==' sidecar.gitter.im browser-update.org maps.googleapis.com www.bing.com  dev.virtualearth.net t.ssl.ak.dynamic.tiles.virtualearth.net cdnjs.cloudflare.com meet.jit.si;object-src 'self' 'nonce-IgjuoDlOuIwzVz\/ZloHhjA==';style-src 'self' 'unsafe-inline' fonts.googleapis.com www.bing.com;img-src 'self' 'nonce-IgjuoDlOuIwzVz\/ZloHhjA==' www.google.com d maps.gstatic.com maps.googleapis.com a.tile.openstreetmap.org b.tile.openstreetmap.org c.tile.openstreetmap.org www.bing.com t.ssl.ak.dynamic.tiles.virtualearth.net data:;media-src 'self';frame-src 'self' www.youtube.com;font-src 'self' fonts.gstatic.com;connect-src 'self' www.bing.com  nominatim.openstreetmap.org;report-uri https:\/\/dev.ecclesiacrm.com\/api\/system\/csp-report",         "disposition": "report",         "blocked-uri": "inline",         "line-number": 87,         "column-number": 310,         "source-file": "https:\/\/dev.ecclesiacrm.com\/skin\/external\/ckeditor\/ckeditor.js",         "status-code": 0,         "script-sample": ""     } } [] []
[2022-11-11 06:55:39] defaultLogger.DEBUG: Database version matches installed version: 8.0.0 == 8.0.0 [] []
[2022-11-11 06:56:34] defaultLogger.DEBUG: Using: Geo Provider -  nominatim [] []
[2022-11-11 06:56:34] defaultLogger.DEBUG: We have 1 results [] []
[2022-11-11 06:56:34] defaultLogger.DEBUG: Using: Geo Provider -  nominatim [] []
[2022-11-11 06:56:34] defaultLogger.DEBUG: We have 1 results [] []
[2022-11-11 06:56:34] defaultLogger.DEBUG: Database version matches installed version: 8.0.0 == 8.0.0 [] []
[2022-11-11 06:56:37] defaultLogger.WARNING: {     "csp-report": {         "document-uri": "https:\/\/dev.ecclesiacrm.com\/v2\/calendar",         "referrer": "https:\/\/dev.ecclesiacrm.com\/v2\/meeting\/dashboard",         "violated-directive": "font-src",         "effective-directive": "font-src",         "original-policy": "default-src 'self';script-src 'self' 'unsafe-eval' 'nonce-Wdc9qjoNxdMsqqT\/UVcxvA==' sidecar.gitter.im browser-update.org maps.googleapis.com www.bing.com  dev.virtualearth.net t.ssl.ak.dynamic.tiles.virtualearth.net cdnjs.cloudflare.com meet.jit.si;object-src 'self' 'nonce-Wdc9qjoNxdMsqqT\/UVcxvA==';style-src 'self' 'unsafe-inline' fonts.googleapis.com www.bing.com;img-src 'self' 'nonce-Wdc9qjoNxdMsqqT\/UVcxvA==' www.google.com d maps.gstatic.com maps.googleapis.com a.tile.openstreetmap.org b.tile.openstreetmap.org c.tile.openstreetmap.org www.bing.com t.ssl.ak.dynamic.tiles.virtualearth.net data:;media-src 'self';frame-src 'self' www.youtube.com;font-src 'self' fonts.gstatic.com;connect-src 'self' www.bing.com  nominatim.openstreetmap.org;report-uri https:\/\/dev.ecclesiacrm.com\/api\/system\/csp-report",         "disposition": "report",         "blocked-uri": "data",         "line-number": 1097,         "source-file": "https:\/\/dev.ecclesiacrm.com\/v2\/calendar",         "status-code": 200,         "script-sample": ""     } } [] []
[2022-11-11 06:56:44] defaultLogger.DEBUG: Using: Geo Provider -  nominatim [] []
[2022-11-11 06:56:44] defaultLogger.DEBUG: We have 1 results [] []
[2022-11-11 06:56:44] defaultLogger.DEBUG: Using: Geo Provider -  nominatim [] []
[2022-11-11 06:56:45] defaultLogger.DEBUG: We have 1 results [] []
[2022-11-11 06:56:45] defaultLogger.DEBUG: Database version matches installed version: 8.0.0 == 8.0.0 [] []
[2022-11-11 06:56:46] defaultLogger.WARNING: {     "csp-report": {         "document-uri": "https:\/\/dev.ecclesiacrm.com\/v2\/calendar",         "referrer": "https:\/\/dev.ecclesiacrm.com\/v2\/meeting\/dashboard",         "violated-directive": "font-src",         "effective-directive": "font-src",         "original-policy": "default-src 'self';script-src 'self' 'unsafe-eval' 'nonce-2Jnbp3hspyX8BtxVVnOGcA==' sidecar.gitter.im browser-update.org maps.googleapis.com www.bing.com  dev.virtualearth.net t.ssl.ak.dynamic.tiles.virtualearth.net cdnjs.cloudflare.com meet.jit.si;object-src 'self' 'nonce-2Jnbp3hspyX8BtxVVnOGcA==';style-src 'self' 'unsafe-inline' fonts.googleapis.com www.bing.com;img-src 'self' 'nonce-2Jnbp3hspyX8BtxVVnOGcA==' www.google.com d maps.gstatic.com maps.googleapis.com a.tile.openstreetmap.org b.tile.openstreetmap.org c.tile.openstreetmap.org www.bing.com t.ssl.ak.dynamic.tiles.virtualearth.net data:;media-src 'self';frame-src 'self' www.youtube.com;font-src 'self' fonts.gstatic.com;connect-src 'self' www.bing.com  nominatim.openstreetmap.org;report-uri https:\/\/dev.ecclesiacrm.com\/api\/system\/csp-report",         "disposition": "report",         "blocked-uri": "data",         "status-code": 200,         "script-sample": ""     } } [] []
[2022-11-11 06:56:56] defaultLogger.WARNING: {     "csp-report": {         "document-uri": "https:\/\/dev.ecclesiacrm.com\/v2\/calendar",         "referrer": "https:\/\/dev.ecclesiacrm.com\/v2\/calendar",         "violated-directive": "script-src-elem",         "effective-directive": "script-src-elem",         "original-policy": "default-src 'self';script-src 'self' 'unsafe-eval' 'nonce-2Jnbp3hspyX8BtxVVnOGcA==' sidecar.gitter.im browser-update.org maps.googleapis.com www.bing.com  dev.virtualearth.net t.ssl.ak.dynamic.tiles.virtualearth.net cdnjs.cloudflare.com meet.jit.si;object-src 'self' 'nonce-2Jnbp3hspyX8BtxVVnOGcA==';style-src 'self' 'unsafe-inline' fonts.googleapis.com www.bing.com;img-src 'self' 'nonce-2Jnbp3hspyX8BtxVVnOGcA==' www.google.com d maps.gstatic.com maps.googleapis.com a.tile.openstreetmap.org b.tile.openstreetmap.org c.tile.openstreetmap.org www.bing.com t.ssl.ak.dynamic.tiles.virtualearth.net data:;media-src 'self';frame-src 'self' www.youtube.com;font-src 'self' fonts.gstatic.com;connect-src 'self' www.bing.com  nominatim.openstreetmap.org;report-uri https:\/\/dev.ecclesiacrm.com\/api\/system\/csp-report",         "disposition": "report",         "blocked-uri": "inline",         "line-number": 87,         "column-number": 310,         "source-file": "https:\/\/dev.ecclesiacrm.com\/skin\/external\/ckeditor\/ckeditor.js",         "status-code": 0,         "script-sample": ""     } } [] []
[2022-11-11 06:57:34] defaultLogger.DEBUG: Using: Geo Provider -  nominatim [] []
[2022-11-11 06:57:34] defaultLogger.WARNING: issue creating geoCoder Geocode query cannot be empty [] []
[2022-11-11 06:58:41] defaultLogger.WARNING: {     "csp-report": {         "document-uri": "https:\/\/dev.ecclesiacrm.com\/v2\/calendar",         "referrer": "https:\/\/dev.ecclesiacrm.com\/v2\/calendar",         "violated-directive": "script-src-elem",         "effective-directive": "script-src-elem",         "original-policy": "default-src 'self';script-src 'self' 'unsafe-eval' 'nonce-2Jnbp3hspyX8BtxVVnOGcA==' sidecar.gitter.im browser-update.org maps.googleapis.com www.bing.com  dev.virtualearth.net t.ssl.ak.dynamic.tiles.virtualearth.net cdnjs.cloudflare.com meet.jit.si;object-src 'self' 'nonce-2Jnbp3hspyX8BtxVVnOGcA==';style-src 'self' 'unsafe-inline' fonts.googleapis.com www.bing.com;img-src 'self' 'nonce-2Jnbp3hspyX8BtxVVnOGcA==' www.google.com d maps.gstatic.com maps.googleapis.com a.tile.openstreetmap.org b.tile.openstreetmap.org c.tile.openstreetmap.org www.bing.com t.ssl.ak.dynamic.tiles.virtualearth.net data:;media-src 'self';frame-src 'self' www.youtube.com;font-src 'self' fonts.gstatic.com;connect-src 'self' www.bing.com  nominatim.openstreetmap.org;report-uri https:\/\/dev.ecclesiacrm.com\/api\/system\/csp-report",         "disposition": "report",         "blocked-uri": "inline",         "line-number": 87,         "column-number": 310,         "source-file": "https:\/\/dev.ecclesiacrm.com\/skin\/external\/ckeditor\/ckeditor.js",         "status-code": 0,         "script-sample": ""     } } [] []
[2022-11-11 07:00:29] defaultLogger.WARNING: {     "csp-report": {         "document-uri": "https:\/\/dev.ecclesiacrm.com\/v2\/calendar",         "referrer": "https:\/\/dev.ecclesiacrm.com\/v2\/calendar",         "violated-directive": "script-src-elem",         "effective-directive": "script-src-elem",         "original-policy": "default-src 'self';script-src 'self' 'unsafe-eval' 'nonce-2Jnbp3hspyX8BtxVVnOGcA==' sidecar.gitter.im browser-update.org maps.googleapis.com www.bing.com  dev.virtualearth.net t.ssl.ak.dynamic.tiles.virtualearth.net cdnjs.cloudflare.com meet.jit.si;object-src 'self' 'nonce-2Jnbp3hspyX8BtxVVnOGcA==';style-src 'self' 'unsafe-inline' fonts.googleapis.com www.bing.com;img-src 'self' 'nonce-2Jnbp3hspyX8BtxVVnOGcA==' www.google.com d maps.gstatic.com maps.googleapis.com a.tile.openstreetmap.org b.tile.openstreetmap.org c.tile.openstreetmap.org www.bing.com t.ssl.ak.dynamic.tiles.virtualearth.net data:;media-src 'self';frame-src 'self' www.youtube.com;font-src 'self' fonts.gstatic.com;connect-src 'self' www.bing.com  nominatim.openstreetmap.org;report-uri https:\/\/dev.ecclesiacrm.com\/api\/system\/csp-report",         "disposition": "report",         "blocked-uri": "inline",         "line-number": 87,         "column-number": 310,         "source-file": "https:\/\/dev.ecclesiacrm.com\/skin\/external\/ckeditor\/ckeditor.js",         "status-code": 0,         "script-sample": ""     } } [] []
[2022-11-11 07:00:58] defaultLogger.DEBUG: Database version matches installed version: 8.0.0 == 8.0.0 [] []
[2022-11-11 07:00:58] defaultLogger.DEBUG: Using: Geo Provider -  nominatim [] []
[2022-11-11 07:00:59] defaultLogger.DEBUG: We have 1 results [] []
[2022-11-11 07:00:59] defaultLogger.DEBUG: Using: Geo Provider -  nominatim [] []
[2022-11-11 07:01:00] defaultLogger.DEBUG: We have 1 results [] []
[2022-11-11 07:01:15] defaultLogger.DEBUG: Database version matches installed version: 8.0.0 == 8.0.0 [] []
[2022-11-11 07:01:15] defaultLogger.DEBUG: Using: Geo Provider -  nominatim [] []
[2022-11-11 07:01:15] defaultLogger.DEBUG: We have 1 results [] []
[2022-11-11 07:01:15] defaultLogger.DEBUG: Using: Geo Provider -  nominatim [] []
[2022-11-11 07:01:15] defaultLogger.DEBUG: We have 1 results [] []
[2022-11-11 07:01:18] defaultLogger.DEBUG: Using: Geo Provider -  nominatim [] []
[2022-11-11 07:01:18] defaultLogger.DEBUG: We have 1 results [] []
[2022-11-11 07:01:18] defaultLogger.DEBUG: Using: Geo Provider -  nominatim [] []
[2022-11-11 07:01:19] defaultLogger.DEBUG: We have 1 results [] []
[2022-11-11 07:01:19] defaultLogger.DEBUG: Database version matches installed version: 8.0.0 == 8.0.0 [] []
[2022-11-11 07:01:19] defaultLogger.DEBUG: Using: Geo Provider -  nominatim [] []
[2022-11-11 07:01:19] defaultLogger.DEBUG: We have 1 results [] []
[2022-11-11 07:01:19] defaultLogger.DEBUG: Using: Geo Provider -  nominatim [] []
[2022-11-11 07:01:20] defaultLogger.DEBUG: We have 1 results [] []
[2022-11-11 07:01:23] defaultLogger.DEBUG: Using: Geo Provider -  nominatim [] []
[2022-11-11 07:01:23] defaultLogger.DEBUG: We have 1 results [] []
[2022-11-11 07:01:23] defaultLogger.DEBUG: Using: Geo Provider -  nominatim [] []
[2022-11-11 07:01:24] defaultLogger.DEBUG: We have 1 results [] []
[2022-11-11 07:01:24] defaultLogger.DEBUG: Database version matches installed version: 8.0.0 == 8.0.0 [] []
[2022-11-11 07:01:24] defaultLogger.DEBUG: Using: Geo Provider -  nominatim [] []
[2022-11-11 07:01:24] defaultLogger.DEBUG: We have 1 results [] []
[2022-11-11 07:01:24] defaultLogger.DEBUG: Using: Geo Provider -  nominatim [] []
[2022-11-11 07:01:25] defaultLogger.DEBUG: We have 1 results [] []
[2022-11-11 07:01:29] defaultLogger.DEBUG: Using: Geo Provider -  nominatim [] []
[2022-11-11 07:01:29] defaultLogger.DEBUG: We have 1 results [] []
[2022-11-11 07:01:29] defaultLogger.DEBUG: Using: Geo Provider -  nominatim [] []
[2022-11-11 07:01:30] defaultLogger.DEBUG: We have 1 results [] []
[2022-11-11 07:01:30] defaultLogger.DEBUG: Database version matches installed version: 8.0.0 == 8.0.0 [] []
[2022-11-11 07:01:30] defaultLogger.WARNING: {     "csp-report": {         "document-uri": "https:\/\/dev.ecclesiacrm.com\/v2\/calendar",         "referrer": "https:\/\/dev.ecclesiacrm.com\/v2\/calendar\/events\/list",         "violated-directive": "font-src",         "effective-directive": "font-src",         "original-policy": "default-src 'self';script-src 'self' 'unsafe-eval' 'nonce-aepV+FFxZeXTyt6GysAjzA==' sidecar.gitter.im browser-update.org maps.googleapis.com www.bing.com  dev.virtualearth.net t.ssl.ak.dynamic.tiles.virtualearth.net cdnjs.cloudflare.com meet.jit.si;object-src 'self' 'nonce-aepV+FFxZeXTyt6GysAjzA==';style-src 'self' 'unsafe-inline' fonts.googleapis.com www.bing.com;img-src 'self' 'nonce-aepV+FFxZeXTyt6GysAjzA==' www.google.com d maps.gstatic.com maps.googleapis.com a.tile.openstreetmap.org b.tile.openstreetmap.org c.tile.openstreetmap.org www.bing.com t.ssl.ak.dynamic.tiles.virtualearth.net data:;media-src 'self';frame-src 'self' www.youtube.com;font-src 'self' fonts.gstatic.com;connect-src 'self' www.bing.com  nominatim.openstreetmap.org;report-uri https:\/\/dev.ecclesiacrm.com\/api\/system\/csp-report",         "disposition": "report",         "blocked-uri": "data",         "line-number": 1097,         "source-file": "https:\/\/dev.ecclesiacrm.com\/v2\/calendar",         "status-code": 200,         "script-sample": ""     } } [] []
[2022-11-11 07:04:14] defaultLogger.DEBUG: Using: Geo Provider -  nominatim [] []
[2022-11-11 07:04:15] defaultLogger.DEBUG: We have 1 results [] []
[2022-11-11 07:04:15] defaultLogger.DEBUG: Using: Geo Provider -  nominatim [] []
[2022-11-11 07:04:15] defaultLogger.DEBUG: We have 1 results [] []
[2022-11-11 07:04:15] defaultLogger.DEBUG: Database version matches installed version: 8.0.0 == 8.0.0 [] []
[2022-11-11 07:04:16] defaultLogger.WARNING: {     "csp-report": {         "document-uri": "https:\/\/dev.ecclesiacrm.com\/v2\/calendar",         "referrer": "https:\/\/dev.ecclesiacrm.com\/v2\/calendar\/events\/list",         "violated-directive": "font-src",         "effective-directive": "font-src",         "original-policy": "default-src 'self';script-src 'self' 'unsafe-eval' 'nonce-gYLq+p\/wBgf35rsbstL8vQ==' sidecar.gitter.im browser-update.org maps.googleapis.com www.bing.com  dev.virtualearth.net t.ssl.ak.dynamic.tiles.virtualearth.net cdnjs.cloudflare.com meet.jit.si;object-src 'self' 'nonce-gYLq+p\/wBgf35rsbstL8vQ==';style-src 'self' 'unsafe-inline' fonts.googleapis.com www.bing.com;img-src 'self' 'nonce-gYLq+p\/wBgf35rsbstL8vQ==' www.google.com d maps.gstatic.com maps.googleapis.com a.tile.openstreetmap.org b.tile.openstreetmap.org c.tile.openstreetmap.org www.bing.com t.ssl.ak.dynamic.tiles.virtualearth.net data:;media-src 'self';frame-src 'self' www.youtube.com;font-src 'self' fonts.gstatic.com;connect-src 'self' www.bing.com  nominatim.openstreetmap.org;report-uri https:\/\/dev.ecclesiacrm.com\/api\/system\/csp-report",         "disposition": "report",         "blocked-uri": "data",         "line-number": 101,         "column-number": 18,         "source-file": "https:\/\/dev.ecclesiacrm.com\/skin\/external\/ckeditor\/ckeditor.js",         "status-code": 200,         "script-sample": ""     } } [] []
[2022-11-11 07:04:31] defaultLogger.DEBUG: Database version matches installed version: 8.0.0 == 8.0.0 [] []
[2022-11-11 07:04:31] defaultLogger.DEBUG: Using: Geo Provider -  nominatim [] []
[2022-11-11 07:04:31] defaultLogger.DEBUG: We have 1 results [] []
[2022-11-11 07:04:31] defaultLogger.DEBUG: Using: Geo Provider -  nominatim [] []
[2022-11-11 07:04:32] defaultLogger.DEBUG: We have 1 results [] []
[2022-11-11 07:04:35] defaultLogger.DEBUG: Database version matches installed version: 8.0.0 == 8.0.0 [] []
[2022-11-11 07:04:45] defaultLogger.DEBUG: Database version matches installed version: 8.0.0 == 8.0.0 [] []
[2022-11-11 07:04:47] defaultLogger.DEBUG: Using: Geo Provider -  nominatim [] []
[2022-11-11 07:04:48] defaultLogger.DEBUG: We have 1 results [] []
[2022-11-11 07:04:48] defaultLogger.DEBUG: Using: Geo Provider -  nominatim [] []
[2022-11-11 07:04:48] defaultLogger.DEBUG: We have 1 results [] []
[2022-11-11 07:04:48] defaultLogger.DEBUG: Database version matches installed version: 8.0.0 == 8.0.0 [] []
[2022-11-11 07:04:49] defaultLogger.WARNING: {     "csp-report": {         "document-uri": "https:\/\/dev.ecclesiacrm.com\/v2\/calendar",         "referrer": "https:\/\/dev.ecclesiacrm.com\/EditEventTypes.php",         "violated-directive": "font-src",         "effective-directive": "font-src",         "original-policy": "default-src 'self';script-src 'self' 'unsafe-eval' 'nonce-ebeKHcKsoWr6Z1dQzWXahA==' sidecar.gitter.im browser-update.org maps.googleapis.com www.bing.com  dev.virtualearth.net t.ssl.ak.dynamic.tiles.virtualearth.net cdnjs.cloudflare.com meet.jit.si;object-src 'self' 'nonce-ebeKHcKsoWr6Z1dQzWXahA==';style-src 'self' 'unsafe-inline' fonts.googleapis.com www.bing.com;img-src 'self' 'nonce-ebeKHcKsoWr6Z1dQzWXahA==' www.google.com d maps.gstatic.com maps.googleapis.com a.tile.openstreetmap.org b.tile.openstreetmap.org c.tile.openstreetmap.org www.bing.com t.ssl.ak.dynamic.tiles.virtualearth.net data:;media-src 'self';frame-src 'self' www.youtube.com;font-src 'self' fonts.gstatic.com;connect-src 'self' www.bing.com  nominatim.openstreetmap.org;report-uri https:\/\/dev.ecclesiacrm.com\/api\/system\/csp-report",         "disposition": "report",         "blocked-uri": "data",         "line-number": 101,         "column-number": 18,         "source-file": "https:\/\/dev.ecclesiacrm.com\/skin\/external\/ckeditor\/ckeditor.js",         "status-code": 200,         "script-sample": ""     } } [] []
[2022-11-11 07:04:53] defaultLogger.WARNING: {     "csp-report": {         "document-uri": "https:\/\/dev.ecclesiacrm.com\/v2\/calendar",         "referrer": "https:\/\/dev.ecclesiacrm.com\/v2\/calendar",         "violated-directive": "script-src-elem",         "effective-directive": "script-src-elem",         "original-policy": "default-src 'self';script-src 'self' 'unsafe-eval' 'nonce-ebeKHcKsoWr6Z1dQzWXahA==' sidecar.gitter.im browser-update.org maps.googleapis.com www.bing.com  dev.virtualearth.net t.ssl.ak.dynamic.tiles.virtualearth.net cdnjs.cloudflare.com meet.jit.si;object-src 'self' 'nonce-ebeKHcKsoWr6Z1dQzWXahA==';style-src 'self' 'unsafe-inline' fonts.googleapis.com www.bing.com;img-src 'self' 'nonce-ebeKHcKsoWr6Z1dQzWXahA==' www.google.com d maps.gstatic.com maps.googleapis.com a.tile.openstreetmap.org b.tile.openstreetmap.org c.tile.openstreetmap.org www.bing.com t.ssl.ak.dynamic.tiles.virtualearth.net data:;media-src 'self';frame-src 'self' www.youtube.com;font-src 'self' fonts.gstatic.com;connect-src 'self' www.bing.com  nominatim.openstreetmap.org;report-uri https:\/\/dev.ecclesiacrm.com\/api\/system\/csp-report",         "disposition": "report",         "blocked-uri": "inline",         "line-number": 87,         "column-number": 310,         "source-file": "https:\/\/dev.ecclesiacrm.com\/skin\/external\/ckeditor\/ckeditor.js",         "status-code": 0,         "script-sample": ""     } } [] []
[2022-11-11 07:05:07] defaultLogger.WARNING: {     "csp-report": {         "document-uri": "https:\/\/dev.ecclesiacrm.com\/v2\/calendar",         "referrer": "https:\/\/dev.ecclesiacrm.com\/v2\/calendar",         "violated-directive": "script-src-elem",         "effective-directive": "script-src-elem",         "original-policy": "default-src 'self';script-src 'self' 'unsafe-eval' 'nonce-ebeKHcKsoWr6Z1dQzWXahA==' sidecar.gitter.im browser-update.org maps.googleapis.com www.bing.com  dev.virtualearth.net t.ssl.ak.dynamic.tiles.virtualearth.net cdnjs.cloudflare.com meet.jit.si;object-src 'self' 'nonce-ebeKHcKsoWr6Z1dQzWXahA==';style-src 'self' 'unsafe-inline' fonts.googleapis.com www.bing.com;img-src 'self' 'nonce-ebeKHcKsoWr6Z1dQzWXahA==' www.google.com d maps.gstatic.com maps.googleapis.com a.tile.openstreetmap.org b.tile.openstreetmap.org c.tile.openstreetmap.org www.bing.com t.ssl.ak.dynamic.tiles.virtualearth.net data:;media-src 'self';frame-src 'self' www.youtube.com;font-src 'self' fonts.gstatic.com;connect-src 'self' www.bing.com  nominatim.openstreetmap.org;report-uri https:\/\/dev.ecclesiacrm.com\/api\/system\/csp-report",         "disposition": "report",         "blocked-uri": "inline",         "line-number": 87,         "column-number": 310,         "source-file": "https:\/\/dev.ecclesiacrm.com\/skin\/external\/ckeditor\/ckeditor.js",         "status-code": 0,         "script-sample": ""     } } [] []
[2022-11-11 07:05:14] defaultLogger.DEBUG: Database version matches installed version: 8.0.0 == 8.0.0 [] []
[2022-11-11 07:05:14] defaultLogger.DEBUG: Using: Geo Provider -  nominatim [] []
[2022-11-11 07:05:14] defaultLogger.DEBUG: We have 1 results [] []
[2022-11-11 07:05:14] defaultLogger.DEBUG: Using: Geo Provider -  nominatim [] []
[2022-11-11 07:05:14] defaultLogger.DEBUG: We have 1 results [] []
[2022-11-11 07:05:30] defaultLogger.DEBUG: Using: Geo Provider -  nominatim [] []
[2022-11-11 07:05:30] defaultLogger.DEBUG: We have 1 results [] []
[2022-11-11 07:05:30] defaultLogger.DEBUG: Using: Geo Provider -  nominatim [] []
[2022-11-11 07:05:31] defaultLogger.DEBUG: We have 1 results [] []
[2022-11-11 07:05:31] defaultLogger.DEBUG: Database version matches installed version: 8.0.0 == 8.0.0 [] []
[2022-11-11 07:05:31] defaultLogger.WARNING: {     "csp-report": {         "document-uri": "https:\/\/dev.ecclesiacrm.com\/v2\/calendar",         "referrer": "https:\/\/dev.ecclesiacrm.com\/EventNames.php",         "violated-directive": "font-src",         "effective-directive": "font-src",         "original-policy": "default-src 'self';script-src 'self' 'unsafe-eval' 'nonce-GHCcdHFMixXXhKu74I09dw==' sidecar.gitter.im browser-update.org maps.googleapis.com www.bing.com  dev.virtualearth.net t.ssl.ak.dynamic.tiles.virtualearth.net cdnjs.cloudflare.com meet.jit.si;object-src 'self' 'nonce-GHCcdHFMixXXhKu74I09dw==';style-src 'self' 'unsafe-inline' fonts.googleapis.com www.bing.com;img-src 'self' 'nonce-GHCcdHFMixXXhKu74I09dw==' www.google.com d maps.gstatic.com maps.googleapis.com a.tile.openstreetmap.org b.tile.openstreetmap.org c.tile.openstreetmap.org www.bing.com t.ssl.ak.dynamic.tiles.virtualearth.net data:;media-src 'self';frame-src 'self' www.youtube.com;font-src 'self' fonts.gstatic.com;connect-src 'self' www.bing.com  nominatim.openstreetmap.org;report-uri https:\/\/dev.ecclesiacrm.com\/api\/system\/csp-report",         "disposition": "report",         "blocked-uri": "data",         "line-number": 1100,         "source-file": "https:\/\/dev.ecclesiacrm.com\/v2\/calendar",         "status-code": 200,         "script-sample": ""     } } [] []
[2022-11-11 07:06:17] defaultLogger.DEBUG: Database version matches installed version: 8.0.0 == 8.0.0 [] []
[2022-11-11 07:06:17] defaultLogger.DEBUG: Using: Geo Provider -  nominatim [] []
[2022-11-11 07:06:18] defaultLogger.DEBUG: We have 1 results [] []
[2022-11-11 07:06:18] defaultLogger.DEBUG: Using: Geo Provider -  nominatim [] []
[2022-11-11 07:06:18] defaultLogger.DEBUG: We have 1 results [] []
[2022-11-11 07:06:18] defaultLogger.DEBUG: Database version matches installed version: 8.0.0 == 8.0.0 [] []
[2022-11-11 07:06:18] defaultLogger.DEBUG: Using: Geo Provider -  nominatim [] []
[2022-11-11 07:06:19] defaultLogger.DEBUG: We have 1 results [] []
[2022-11-11 07:06:19] defaultLogger.DEBUG: Using: Geo Provider -  nominatim [] []
[2022-11-11 07:06:19] defaultLogger.DEBUG: We have 1 results [] []
[2022-11-11 07:06:20] defaultLogger.DEBUG: Database version matches installed version: 8.0.0 == 8.0.0 [] []
[2022-11-11 07:06:20] defaultLogger.DEBUG: Using: Geo Provider -  nominatim [] []
[2022-11-11 07:06:20] defaultLogger.DEBUG: We have 1 results [] []
[2022-11-11 07:06:20] defaultLogger.DEBUG: Using: Geo Provider -  nominatim [] []
[2022-11-11 07:06:21] defaultLogger.DEBUG: We have 1 results [] []
[2022-11-11 07:06:24] defaultLogger.WARNING: {     "csp-report": {         "document-uri": "https:\/\/dev.ecclesiacrm.com\/EventNames.php",         "referrer": "https:\/\/dev.ecclesiacrm.com\/EventNames.php",         "violated-directive": "script-src-elem",         "effective-directive": "script-src-elem",         "original-policy": "default-src 'self';script-src 'self' 'unsafe-eval' 'nonce-LFB8xH8iH6K7abXHhQHgIQ==' sidecar.gitter.im browser-update.org maps.googleapis.com www.bing.com  dev.virtualearth.net t.ssl.ak.dynamic.tiles.virtualearth.net cdnjs.cloudflare.com meet.jit.si;object-src 'self' 'nonce-LFB8xH8iH6K7abXHhQHgIQ==';style-src 'self' 'unsafe-inline' fonts.googleapis.com www.bing.com;img-src 'self' 'nonce-LFB8xH8iH6K7abXHhQHgIQ==' www.google.com d maps.gstatic.com maps.googleapis.com a.tile.openstreetmap.org b.tile.openstreetmap.org c.tile.openstreetmap.org www.bing.com t.ssl.ak.dynamic.tiles.virtualearth.net data:;media-src 'self';frame-src 'self' www.youtube.com;font-src 'self' fonts.gstatic.com;connect-src 'self' www.bing.com  nominatim.openstreetmap.org;report-uri https:\/\/dev.ecclesiacrm.com\/api\/system\/csp-report",         "disposition": "report",         "blocked-uri": "inline",         "line-number": 87,         "column-number": 310,         "source-file": "https:\/\/dev.ecclesiacrm.com\/skin\/external\/ckeditor\/ckeditor.js",         "status-code": 0,         "script-sample": ""     } } [] []
[2022-11-11 07:06:26] defaultLogger.DEBUG: Database version matches installed version: 8.0.0 == 8.0.0 [] []
[2022-11-11 07:06:33] defaultLogger.DEBUG: Database version matches installed version: 8.0.0 == 8.0.0 [] []
[2022-11-11 07:06:44] defaultLogger.DEBUG: Using: Geo Provider -  nominatim [] []
[2022-11-11 07:06:44] defaultLogger.DEBUG: We have 1 results [] []
[2022-11-11 07:06:44] defaultLogger.DEBUG: Using: Geo Provider -  nominatim [] []
[2022-11-11 07:06:44] defaultLogger.DEBUG: We have 1 results [] []
[2022-11-11 07:06:44] defaultLogger.DEBUG: Database version matches installed version: 8.0.0 == 8.0.0 [] []
[2022-11-11 07:06:45] defaultLogger.WARNING: {     "csp-report": {         "document-uri": "https:\/\/dev.ecclesiacrm.com\/v2\/calendar",         "referrer": "https:\/\/dev.ecclesiacrm.com\/EditEventTypes.php",         "violated-directive": "font-src",         "effective-directive": "font-src",         "original-policy": "default-src 'self';script-src 'self' 'unsafe-eval' 'nonce-F8mpRaRAnW7VBekeXbKgpA==' sidecar.gitter.im browser-update.org maps.googleapis.com www.bing.com  dev.virtualearth.net t.ssl.ak.dynamic.tiles.virtualearth.net cdnjs.cloudflare.com meet.jit.si;object-src 'self' 'nonce-F8mpRaRAnW7VBekeXbKgpA==';style-src 'self' 'unsafe-inline' fonts.googleapis.com www.bing.com;img-src 'self' 'nonce-F8mpRaRAnW7VBekeXbKgpA==' www.google.com d maps.gstatic.com maps.googleapis.com a.tile.openstreetmap.org b.tile.openstreetmap.org c.tile.openstreetmap.org www.bing.com t.ssl.ak.dynamic.tiles.virtualearth.net data:;media-src 'self';frame-src 'self' www.youtube.com;font-src 'self' fonts.gstatic.com;connect-src 'self' www.bing.com  nominatim.openstreetmap.org;report-uri https:\/\/dev.ecclesiacrm.com\/api\/system\/csp-report",         "disposition": "report",         "blocked-uri": "data",         "line-number": 1097,         "source-file": "https:\/\/dev.ecclesiacrm.com\/v2\/calendar",         "status-code": 200,         "script-sample": ""     } } [] []
[2022-11-11 07:06:48] defaultLogger.DEBUG: Database version matches installed version: 8.0.0 == 8.0.0 [] []
[2022-11-11 07:06:48] defaultLogger.DEBUG: Using: Geo Provider -  nominatim [] []
[2022-11-11 07:06:49] defaultLogger.DEBUG: We have 1 results [] []
[2022-11-11 07:06:49] defaultLogger.DEBUG: Using: Geo Provider -  nominatim [] []
[2022-11-11 07:06:49] defaultLogger.DEBUG: We have 1 results [] []
[2022-11-11 07:06:51] defaultLogger.DEBUG: Database version matches installed version: 8.0.0 == 8.0.0 [] []
[2022-11-11 07:07:04] defaultLogger.DEBUG: Database version matches installed version: 8.0.0 == 8.0.0 [] []
[2022-11-11 07:07:07] defaultLogger.DEBUG: Using: Geo Provider -  nominatim [] []
[2022-11-11 07:07:08] defaultLogger.DEBUG: We have 1 results [] []
[2022-11-11 07:07:08] defaultLogger.DEBUG: Using: Geo Provider -  nominatim [] []
[2022-11-11 07:07:08] defaultLogger.DEBUG: We have 1 results [] []
[2022-11-11 07:07:08] defaultLogger.DEBUG: Database version matches installed version: 8.0.0 == 8.0.0 [] []
[2022-11-11 07:07:08] defaultLogger.WARNING: {     "csp-report": {         "document-uri": "https:\/\/dev.ecclesiacrm.com\/v2\/calendar",         "referrer": "https:\/\/dev.ecclesiacrm.com\/EditEventTypes.php",         "violated-directive": "font-src",         "effective-directive": "font-src",         "original-policy": "default-src 'self';script-src 'self' 'unsafe-eval' 'nonce-aNxr11fQK6fHzkEmY9HvQQ==' sidecar.gitter.im browser-update.org maps.googleapis.com www.bing.com  dev.virtualearth.net t.ssl.ak.dynamic.tiles.virtualearth.net cdnjs.cloudflare.com meet.jit.si;object-src 'self' 'nonce-aNxr11fQK6fHzkEmY9HvQQ==';style-src 'self' 'unsafe-inline' fonts.googleapis.com www.bing.com;img-src 'self' 'nonce-aNxr11fQK6fHzkEmY9HvQQ==' www.google.com d maps.gstatic.com maps.googleapis.com a.tile.openstreetmap.org b.tile.openstreetmap.org c.tile.openstreetmap.org www.bing.com t.ssl.ak.dynamic.tiles.virtualearth.net data:;media-src 'self';frame-src 'self' www.youtube.com;font-src 'self' fonts.gstatic.com;connect-src 'self' www.bing.com  nominatim.openstreetmap.org;report-uri https:\/\/dev.ecclesiacrm.com\/api\/system\/csp-report",         "disposition": "report",         "blocked-uri": "data",         "line-number": 1100,         "source-file": "https:\/\/dev.ecclesiacrm.com\/v2\/calendar",         "status-code": 200,         "script-sample": ""     } } [] []
[2022-11-11 07:07:15] defaultLogger.DEBUG: Database version matches installed version: 8.0.0 == 8.0.0 [] []
[2022-11-11 07:07:15] defaultLogger.DEBUG: Using: Geo Provider -  nominatim [] []
[2022-11-11 07:07:15] defaultLogger.DEBUG: We have 1 results [] []
[2022-11-11 07:07:15] defaultLogger.DEBUG: Using: Geo Provider -  nominatim [] []
[2022-11-11 07:07:15] defaultLogger.DEBUG: We have 1 results [] []
[2022-11-11 07:07:18] defaultLogger.DEBUG: Database version matches installed version: 8.0.0 == 8.0.0 [] []
[2022-11-11 07:07:25] defaultLogger.DEBUG: Database version matches installed version: 8.0.0 == 8.0.0 [] []
[2022-11-11 07:07:32] defaultLogger.DEBUG: Using: Geo Provider -  nominatim [] []
[2022-11-11 07:07:32] defaultLogger.DEBUG: We have 1 results [] []
[2022-11-11 07:07:32] defaultLogger.DEBUG: Using: Geo Provider -  nominatim [] []
[2022-11-11 07:07:33] defaultLogger.DEBUG: We have 1 results [] []
[2022-11-11 07:07:33] defaultLogger.DEBUG: Database version matches installed version: 8.0.0 == 8.0.0 [] []
[2022-11-11 07:07:33] defaultLogger.WARNING: {     "csp-report": {         "document-uri": "https:\/\/dev.ecclesiacrm.com\/v2\/calendar",         "referrer": "https:\/\/dev.ecclesiacrm.com\/EditEventTypes.php",         "violated-directive": "font-src",         "effective-directive": "font-src",         "original-policy": "default-src 'self';script-src 'self' 'unsafe-eval' 'nonce-8FYMR+ep8Xas3FrwrDQ\/MQ==' sidecar.gitter.im browser-update.org maps.googleapis.com www.bing.com  dev.virtualearth.net t.ssl.ak.dynamic.tiles.virtualearth.net cdnjs.cloudflare.com meet.jit.si;object-src 'self' 'nonce-8FYMR+ep8Xas3FrwrDQ\/MQ==';style-src 'self' 'unsafe-inline' fonts.googleapis.com www.bing.com;img-src 'self' 'nonce-8FYMR+ep8Xas3FrwrDQ\/MQ==' www.google.com d maps.gstatic.com maps.googleapis.com a.tile.openstreetmap.org b.tile.openstreetmap.org c.tile.openstreetmap.org www.bing.com t.ssl.ak.dynamic.tiles.virtualearth.net data:;media-src 'self';frame-src 'self' www.youtube.com;font-src 'self' fonts.gstatic.com;connect-src 'self' www.bing.com  nominatim.openstreetmap.org;report-uri https:\/\/dev.ecclesiacrm.com\/api\/system\/csp-report",         "disposition": "report",         "blocked-uri": "data",         "line-number": 1101,         "source-file": "https:\/\/dev.ecclesiacrm.com\/v2\/calendar",         "status-code": 200,         "script-sample": ""     } } [] []
[2022-11-11 07:11:55] defaultLogger.DEBUG: Database version matches installed version: 8.0.0 == 8.0.0 [] []
[2022-11-11 07:16:26] defaultLogger.DEBUG: Using: Geo Provider -  nominatim [] []
[2022-11-11 07:16:26] defaultLogger.DEBUG: We have 1 results [] []
[2022-11-11 07:16:26] defaultLogger.DEBUG: Using: Geo Provider -  nominatim [] []
[2022-11-11 07:16:27] defaultLogger.DEBUG: We have 1 results [] []
[2022-11-11 07:16:27] defaultLogger.DEBUG: Database version matches installed version: 8.0.0 == 8.0.0 [] []
[2022-11-11 07:16:27] defaultLogger.WARNING: {     "csp-report": {         "document-uri": "https:\/\/dev.ecclesiacrm.com\/v2\/calendar",         "referrer": "https:\/\/dev.ecclesiacrm.com\/EditEventTypes.php",         "violated-directive": "font-src",         "effective-directive": "font-src",         "original-policy": "default-src 'self';script-src 'self' 'unsafe-eval' 'nonce-chrhdYUDnqDt5tmFa7IPIw==' sidecar.gitter.im browser-update.org maps.googleapis.com www.bing.com  dev.virtualearth.net t.ssl.ak.dynamic.tiles.virtualearth.net cdnjs.cloudflare.com meet.jit.si;object-src 'self' 'nonce-chrhdYUDnqDt5tmFa7IPIw==';style-src 'self' 'unsafe-inline' fonts.googleapis.com www.bing.com;img-src 'self' 'nonce-chrhdYUDnqDt5tmFa7IPIw==' www.google.com d maps.gstatic.com maps.googleapis.com a.tile.openstreetmap.org b.tile.openstreetmap.org c.tile.openstreetmap.org www.bing.com t.ssl.ak.dynamic.tiles.virtualearth.net data:;media-src 'self';frame-src 'self' www.youtube.com;font-src 'self' fonts.gstatic.com;connect-src 'self' www.bing.com  nominatim.openstreetmap.org;report-uri https:\/\/dev.ecclesiacrm.com\/api\/system\/csp-report",         "disposition": "report",         "blocked-uri": "data",         "line-number": 1101,         "source-file": "https:\/\/dev.ecclesiacrm.com\/v2\/calendar",         "status-code": 200,         "script-sample": ""     } } [] []
[2022-11-11 07:24:26] defaultLogger.DEBUG: Database version matches installed version: 8.0.0 == 8.0.0 [] []
[2022-11-11 07:25:32] defaultLogger.DEBUG: Database version matches installed version: 8.0.0 == 8.0.0 [] []
[2022-11-11 07:29:48] defaultLogger.DEBUG: Database version matches installed version: 8.0.0 == 8.0.0 [] []
[2022-11-11 07:29:49] defaultLogger.DEBUG: Database version matches installed version: 8.0.0 == 8.0.0 [] []
[2022-11-11 07:29:50] defaultLogger.DEBUG: Database version matches installed version: 8.0.0 == 8.0.0 [] []
[2022-11-11 07:29:50] defaultLogger.DEBUG: Database version matches installed version: 8.0.0 == 8.0.0 [] []
[2022-11-11 07:45:16] defaultLogger.DEBUG: Database version matches installed version: 8.0.0 == 8.0.0 [] []
[2022-11-11 07:56:29] defaultLogger.DEBUG: Database version matches installed version: 8.0.0 == 8.0.0 [] []
[2022-11-11 08:04:34] defaultLogger.DEBUG: Database version matches installed version: 8.0.0 == 8.0.0 [] []
[2022-11-11 08:16:34] defaultLogger.DEBUG: Database version matches installed version: 8.0.0 == 8.0.0 [] []
[2022-11-11 08:19:19] defaultLogger.DEBUG: Database version matches installed version: 8.0.0 == 8.0.0 [] []
[2022-11-11 08:29:53] defaultLogger.DEBUG: Database version matches installed version: 8.0.0 == 8.0.0 [] []
[2022-11-11 08:29:53] defaultLogger.DEBUG: Database version matches installed version: 8.0.0 == 8.0.0 [] []
[2022-11-11 09:04:27] defaultLogger.DEBUG: Database version matches installed version: 8.0.0 == 8.0.0 [] []
[2022-11-11 09:30:39] defaultLogger.DEBUG: Database version matches installed version: 8.0.0 == 8.0.0 [] []
[2022-11-11 09:57:56] defaultLogger.DEBUG: Database version matches installed version: 8.0.0 == 8.0.0 [] []
[2022-11-11 09:58:49] defaultLogger.DEBUG: Database version matches installed version: 8.0.0 == 8.0.0 [] []
[2022-11-11 10:02:25] defaultLogger.DEBUG: Database version matches installed version: 8.0.0 == 8.0.0 [] []
[2022-11-11 10:02:26] defaultLogger.DEBUG: Database version matches installed version: 8.0.0 == 8.0.0 [] []
[2022-11-11 10:16:06] defaultLogger.WARNING: {     "csp-report": {         "document-uri": "https:\/\/dev.ecclesiacrm.com\/v2\/calendar",         "referrer": "https:\/\/dev.ecclesiacrm.com\/v2\/dashboard",         "violated-directive": "font-src",         "effective-directive": "font-src",         "original-policy": "default-src 'self';script-src 'self' 'unsafe-eval' 'nonce-+4Kc09Eht79YZj\/rEFYIUw==' sidecar.gitter.im browser-update.org maps.googleapis.com www.bing.com  dev.virtualearth.net t.ssl.ak.dynamic.tiles.virtualearth.net cdnjs.cloudflare.com meet.jit.si;object-src 'self' 'nonce-+4Kc09Eht79YZj\/rEFYIUw==';style-src 'self' 'unsafe-inline' fonts.googleapis.com www.bing.com;img-src 'self' 'nonce-+4Kc09Eht79YZj\/rEFYIUw==' www.google.com d maps.gstatic.com maps.googleapis.com a.tile.openstreetmap.org b.tile.openstreetmap.org c.tile.openstreetmap.org www.bing.com t.ssl.ak.dynamic.tiles.virtualearth.net data:;media-src 'self';frame-src 'self' www.youtube.com;font-src 'self' fonts.gstatic.com;connect-src 'self' www.bing.com  nominatim.openstreetmap.org;report-uri https:\/\/dev.ecclesiacrm.com\/api\/system\/csp-report",         "disposition": "report",         "blocked-uri": "data",         "line-number": 101,         "column-number": 18,         "source-file": "https:\/\/dev.ecclesiacrm.com\/skin\/external\/ckeditor\/ckeditor.js",         "status-code": 200,         "script-sample": ""     } } [] []
[2022-11-11 10:16:09] defaultLogger.WARNING: {     "csp-report": {         "document-uri": "https:\/\/dev.ecclesiacrm.com\/PersonView.php?PersonID=375",         "referrer": "https:\/\/dev.ecclesiacrm.com\/v2\/calendar",         "violated-directive": "img-src",         "effective-directive": "img-src",         "original-policy": "default-src 'self';script-src 'self' 'unsafe-eval' 'nonce-KM+\/iVwuuqYXJSfatw2TWA==' sidecar.gitter.im browser-update.org maps.googleapis.com www.bing.com  dev.virtualearth.net t.ssl.ak.dynamic.tiles.virtualearth.net cdnjs.cloudflare.com meet.jit.si;object-src 'self' 'nonce-KM+\/iVwuuqYXJSfatw2TWA==';style-src 'self' 'unsafe-inline' fonts.googleapis.com www.bing.com;img-src 'self' 'nonce-KM+\/iVwuuqYXJSfatw2TWA==' www.google.com d maps.gstatic.com maps.googleapis.com a.tile.openstreetmap.org b.tile.openstreetmap.org c.tile.openstreetmap.org www.bing.com t.ssl.ak.dynamic.tiles.virtualearth.net data:;media-src 'self';frame-src 'self' www.youtube.com;font-src 'self' fonts.gstatic.com;connect-src 'self' www.bing.com  nominatim.openstreetmap.org;report-uri https:\/\/dev.ecclesiacrm.com\/api\/system\/csp-report",         "disposition": "report",         "blocked-uri": "https:\/\/www.imathgeo.com\/local\/cache-vignettes\/L520xH371\/capture_d_ecran_2014-11-03_a_09.00.11-06d4f.png?1489776917",         "line-number": 2043,         "source-file": "https:\/\/dev.ecclesiacrm.com\/PersonView.php",         "status-code": 200,         "script-sample": ""     } } [] []
[2022-11-11 10:16:09] defaultLogger.WARNING: {     "csp-report": {         "document-uri": "https:\/\/dev.ecclesiacrm.com\/PersonView.php?PersonID=375",         "referrer": "https:\/\/dev.ecclesiacrm.com\/v2\/calendar",         "violated-directive": "img-src",         "effective-directive": "img-src",         "original-policy": "default-src 'self';script-src 'self' 'unsafe-eval' 'nonce-KM+\/iVwuuqYXJSfatw2TWA==' sidecar.gitter.im browser-update.org maps.googleapis.com www.bing.com  dev.virtualearth.net t.ssl.ak.dynamic.tiles.virtualearth.net cdnjs.cloudflare.com meet.jit.si;object-src 'self' 'nonce-KM+\/iVwuuqYXJSfatw2TWA==';style-src 'self' 'unsafe-inline' fonts.googleapis.com www.bing.com;img-src 'self' 'nonce-KM+\/iVwuuqYXJSfatw2TWA==' www.google.com d maps.gstatic.com maps.googleapis.com a.tile.openstreetmap.org b.tile.openstreetmap.org c.tile.openstreetmap.org www.bing.com t.ssl.ak.dynamic.tiles.virtualearth.net data:;media-src 'self';frame-src 'self' www.youtube.com;font-src 'self' fonts.gstatic.com;connect-src 'self' www.bing.com  nominatim.openstreetmap.org;report-uri https:\/\/dev.ecclesiacrm.com\/api\/system\/csp-report",         "disposition": "report",         "blocked-uri": "https:\/\/erp.epis-strasbourg.eu\/skin\/external\/ckeditor\/plugins\/smiley\/images\/sad_smile.png",         "line-number": 2043,         "source-file": "https:\/\/dev.ecclesiacrm.com\/PersonView.php",         "status-code": 200,         "script-sample": ""     } } [] []
[2022-11-11 10:16:09] defaultLogger.INFO: Updating MailChimp List Cache [] []
[2022-11-11 10:16:25] defaultLogger.INFO: Updating MailChimp Campaigns Cache [] []
[2022-11-11 10:16:44] defaultLogger.WARNING: {     "csp-report": {         "document-uri": "https:\/\/dev.ecclesiacrm.com\/PersonView.php?PersonID=375",         "referrer": "https:\/\/dev.ecclesiacrm.com\/PersonEditor.php?PersonID=375",         "violated-directive": "img-src",         "effective-directive": "img-src",         "original-policy": "default-src 'self';script-src 'self' 'unsafe-eval' 'nonce-Q\/\/rgZSF7SjLqQNGkDuE5w==' sidecar.gitter.im browser-update.org maps.googleapis.com www.bing.com  dev.virtualearth.net t.ssl.ak.dynamic.tiles.virtualearth.net cdnjs.cloudflare.com meet.jit.si;object-src 'self' 'nonce-Q\/\/rgZSF7SjLqQNGkDuE5w==';style-src 'self' 'unsafe-inline' fonts.googleapis.com www.bing.com;img-src 'self' 'nonce-Q\/\/rgZSF7SjLqQNGkDuE5w==' www.google.com d maps.gstatic.com maps.googleapis.com a.tile.openstreetmap.org b.tile.openstreetmap.org c.tile.openstreetmap.org www.bing.com t.ssl.ak.dynamic.tiles.virtualearth.net data:;media-src 'self';frame-src 'self' www.youtube.com;font-src 'self' fonts.gstatic.com;connect-src 'self' www.bing.com  nominatim.openstreetmap.org;report-uri https:\/\/dev.ecclesiacrm.com\/api\/system\/csp-report",         "disposition": "report",         "blocked-uri": "https:\/\/www.imathgeo.com\/local\/cache-vignettes\/L520xH371\/capture_d_ecran_2014-11-03_a_09.00.11-06d4f.png?1489776917",         "line-number": 2043,         "source-file": "https:\/\/dev.ecclesiacrm.com\/PersonView.php",         "status-code": 200,         "script-sample": ""     } } [] []
[2022-11-11 10:16:44] defaultLogger.WARNING: {     "csp-report": {         "document-uri": "https:\/\/dev.ecclesiacrm.com\/PersonView.php?PersonID=375",         "referrer": "https:\/\/dev.ecclesiacrm.com\/PersonEditor.php?PersonID=375",         "violated-directive": "img-src",         "effective-directive": "img-src",         "original-policy": "default-src 'self';script-src 'self' 'unsafe-eval' 'nonce-Q\/\/rgZSF7SjLqQNGkDuE5w==' sidecar.gitter.im browser-update.org maps.googleapis.com www.bing.com  dev.virtualearth.net t.ssl.ak.dynamic.tiles.virtualearth.net cdnjs.cloudflare.com meet.jit.si;object-src 'self' 'nonce-Q\/\/rgZSF7SjLqQNGkDuE5w==';style-src 'self' 'unsafe-inline' fonts.googleapis.com www.bing.com;img-src 'self' 'nonce-Q\/\/rgZSF7SjLqQNGkDuE5w==' www.google.com d maps.gstatic.com maps.googleapis.com a.tile.openstreetmap.org b.tile.openstreetmap.org c.tile.openstreetmap.org www.bing.com t.ssl.ak.dynamic.tiles.virtualearth.net data:;media-src 'self';frame-src 'self' www.youtube.com;font-src 'self' fonts.gstatic.com;connect-src 'self' www.bing.com  nominatim.openstreetmap.org;report-uri https:\/\/dev.ecclesiacrm.com\/api\/system\/csp-report",         "disposition": "report",         "blocked-uri": "https:\/\/erp.epis-strasbourg.eu\/skin\/external\/ckeditor\/plugins\/smiley\/images\/sad_smile.png",         "line-number": 2043,         "source-file": "https:\/\/dev.ecclesiacrm.com\/PersonView.php",         "status-code": 200,         "script-sample": ""     } } [] []
[2022-11-11 11:36:10] defaultLogger.WARNING: {     "csp-report": {         "document-uri": "https:\/\/dev.ecclesiacrm.com\/PersonView.php?PersonID=1",         "referrer": "https:\/\/dev.ecclesiacrm.com\/v2\/dashboard",         "violated-directive": "img-src",         "effective-directive": "img-src",         "original-policy": "default-src 'self';script-src 'self' 'unsafe-eval' 'nonce-N0YwM8\/NMCwfzG\/1rb5s0g==' sidecar.gitter.im browser-update.org maps.googleapis.com www.bing.com  dev.virtualearth.net t.ssl.ak.dynamic.tiles.virtualearth.net cdnjs.cloudflare.com meet.jit.si;object-src 'self' 'nonce-N0YwM8\/NMCwfzG\/1rb5s0g==';style-src 'self' 'unsafe-inline' fonts.googleapis.com www.bing.com;img-src 'self' 'nonce-N0YwM8\/NMCwfzG\/1rb5s0g==' www.google.com d maps.gstatic.com maps.googleapis.com a.tile.openstreetmap.org b.tile.openstreetmap.org c.tile.openstreetmap.org www.bing.com t.ssl.ak.dynamic.tiles.virtualearth.net data:;media-src 'self';frame-src 'self' www.youtube.com;font-src 'self' fonts.gstatic.com;connect-src 'self' www.bing.com  nominatim.openstreetmap.org;report-uri https:\/\/dev.ecclesiacrm.com\/api\/system\/csp-report",         "disposition": "report",         "blocked-uri": "https:\/\/erp.epis-strasbourg.eu\/public\/userdir\/114EDC23-7781-4373-B18C-F877A935D6D7\/Nouveau_logo.jpg",         "line-number": 1607,         "source-file": "https:\/\/dev.ecclesiacrm.com\/PersonView.php",         "status-code": 200,         "script-sample": ""     } } [] []
[2022-11-11 11:36:10] defaultLogger.WARNING: {     "csp-report": {         "document-uri": "https:\/\/dev.ecclesiacrm.com\/PersonView.php?PersonID=1",         "referrer": "https:\/\/dev.ecclesiacrm.com\/v2\/dashboard",         "violated-directive": "img-src",         "effective-directive": "img-src",         "original-policy": "default-src 'self';script-src 'self' 'unsafe-eval' 'nonce-N0YwM8\/NMCwfzG\/1rb5s0g==' sidecar.gitter.im browser-update.org maps.googleapis.com www.bing.com  dev.virtualearth.net t.ssl.ak.dynamic.tiles.virtualearth.net cdnjs.cloudflare.com meet.jit.si;object-src 'self' 'nonce-N0YwM8\/NMCwfzG\/1rb5s0g==';style-src 'self' 'unsafe-inline' fonts.googleapis.com www.bing.com;img-src 'self' 'nonce-N0YwM8\/NMCwfzG\/1rb5s0g==' www.google.com d maps.gstatic.com maps.googleapis.com a.tile.openstreetmap.org b.tile.openstreetmap.org c.tile.openstreetmap.org www.bing.com t.ssl.ak.dynamic.tiles.virtualearth.net data:;media-src 'self';frame-src 'self' www.youtube.com;font-src 'self' fonts.gstatic.com;connect-src 'self' www.bing.com  nominatim.openstreetmap.org;report-uri https:\/\/dev.ecclesiacrm.com\/api\/system\/csp-report",         "disposition": "report",         "blocked-uri": "https:\/\/erp.epis-strasbourg.eu\/public\/userdir\/114EDC23-7781-4373-B18C-F877A935D6D7\/Equivalence_%C3%A9quation.png",         "line-number": 1607,         "source-file": "https:\/\/dev.ecclesiacrm.com\/PersonView.php",         "status-code": 200,         "script-sample": ""     } } [] []
[2022-11-11 11:36:10] defaultLogger.WARNING: {     "csp-report": {         "document-uri": "https:\/\/dev.ecclesiacrm.com\/PersonView.php?PersonID=1",         "referrer": "https:\/\/dev.ecclesiacrm.com\/v2\/dashboard",         "violated-directive": "img-src",         "effective-directive": "img-src",         "original-policy": "default-src 'self';script-src 'self' 'unsafe-eval' 'nonce-N0YwM8\/NMCwfzG\/1rb5s0g==' sidecar.gitter.im browser-update.org maps.googleapis.com www.bing.com  dev.virtualearth.net t.ssl.ak.dynamic.tiles.virtualearth.net cdnjs.cloudflare.com meet.jit.si;object-src 'self' 'nonce-N0YwM8\/NMCwfzG\/1rb5s0g==';style-src 'self' 'unsafe-inline' fonts.googleapis.com www.bing.com;img-src 'self' 'nonce-N0YwM8\/NMCwfzG\/1rb5s0g==' www.google.com d maps.gstatic.com maps.googleapis.com a.tile.openstreetmap.org b.tile.openstreetmap.org c.tile.openstreetmap.org www.bing.com t.ssl.ak.dynamic.tiles.virtualearth.net data:;media-src 'self';frame-src 'self' www.youtube.com;font-src 'self' fonts.gstatic.com;connect-src 'self' www.bing.com  nominatim.openstreetmap.org;report-uri https:\/\/dev.ecclesiacrm.com\/api\/system\/csp-report",         "disposition": "report",         "blocked-uri": "https:\/\/erp.epis-strasbourg.eu\/api\/filemanager\/getFile\/1\/admin\/Seul%20sur%20Mars%20-%20Bande%20annonce%20VF%20(2015).mp4",         "line-number": 1607,         "source-file": "https:\/\/dev.ecclesiacrm.com\/PersonView.php",         "status-code": 200,         "script-sample": ""     } } [] []
[2022-11-11 11:36:10] defaultLogger.WARNING: {     "csp-report": {         "document-uri": "https:\/\/dev.ecclesiacrm.com\/PersonView.php?PersonID=1",         "referrer": "https:\/\/dev.ecclesiacrm.com\/v2\/dashboard",         "violated-directive": "img-src",         "effective-directive": "img-src",         "original-policy": "default-src 'self';script-src 'self' 'unsafe-eval' 'nonce-N0YwM8\/NMCwfzG\/1rb5s0g==' sidecar.gitter.im browser-update.org maps.googleapis.com www.bing.com  dev.virtualearth.net t.ssl.ak.dynamic.tiles.virtualearth.net cdnjs.cloudflare.com meet.jit.si;object-src 'self' 'nonce-N0YwM8\/NMCwfzG\/1rb5s0g==';style-src 'self' 'unsafe-inline' fonts.googleapis.com www.bing.com;img-src 'self' 'nonce-N0YwM8\/NMCwfzG\/1rb5s0g==' www.google.com d maps.gstatic.com maps.googleapis.com a.tile.openstreetmap.org b.tile.openstreetmap.org c.tile.openstreetmap.org www.bing.com t.ssl.ak.dynamic.tiles.virtualearth.net data:;media-src 'self';frame-src 'self' www.youtube.com;font-src 'self' fonts.gstatic.com;connect-src 'self' www.bing.com  nominatim.openstreetmap.org;report-uri https:\/\/dev.ecclesiacrm.com\/api\/system\/csp-report",         "disposition": "report",         "blocked-uri": "https:\/\/erp.epis-strasbourg.eu\/api\/filemanager\/getFile\/1\/admin\/Seul%20sur%20Mars%20-%20Bande%20annonce%20VF%20(2015).mp4",         "line-number": 2069,         "source-file": "https:\/\/dev.ecclesiacrm.com\/PersonView.php",         "status-code": 200,         "script-sample": ""     } } [] []
[2022-11-11 11:36:10] defaultLogger.INFO: Updating MailChimp List Cache [] []
[2022-11-11 11:36:28] defaultLogger.INFO: Updating MailChimp Campaigns Cache [] []
