[14-Dec-2022 16:26:42 Europe/Paris] Slim Application Error
Type: ParseError
Code: 0
Message: syntax error, unexpected '&amp;&amp;' (T_BOOLEAN_AND)
File: /var/www/CRM/src/v2/templates/user/userlist.php
Line: 160
Trace: #0 /var/www/CRM/src/vendor/slim/php-view/src/PhpRenderer.php(169): Slim\Views\PhpRenderer->protectedIncludeScope()
#1 /var/www/CRM/src/vendor/slim/php-view/src/PhpRenderer.php(62): Slim\Views\PhpRenderer->fetch()
#2 /var/www/CRM/src/EcclesiaCRM/VIEWControllers/VIEWUserController.php(42): Slim\Views\PhpRenderer->render()
#3 /var/www/CRM/src/vendor/slim/slim/Slim/Handlers/Strategies/RequestResponse.php(43): EcclesiaCRM\VIEWControllers\VIEWUserController->renderUserList()
#4 /var/www/CRM/src/vendor/slim/slim/Slim/Routing/Route.php(384): Slim\Handlers\Strategies\RequestResponse->__invoke()
#5 /var/www/CRM/src/vendor/slim/slim/Slim/MiddlewareDispatcher.php(81): Slim\Routing\Route->handle()
#6 /var/www/CRM/src/vendor/slim/slim/Slim/MiddlewareDispatcher.php(81): Slim\MiddlewareDispatcher->handle()
#7 /var/www/CRM/src/vendor/slim/slim/Slim/Routing/Route.php(341): Slim\MiddlewareDispatcher->handle()
#8 /var/www/CRM/src/vendor/slim/slim/Slim/Routing/RouteRunner.php(84): Slim\Routing\Route->run()
#9 /var/www/CRM/src/vendor/slim/slim/Slim/Middleware/ContentLengthMiddleware.php(27): Slim\Routing\RouteRunner->handle()
#10 /var/www/CRM/src/vendor/slim/slim/Slim/MiddlewareDispatcher.php(147): Slim\Middleware\ContentLengthMiddleware->process()
#11 /var/www/CRM/src/vendor/slim/http-cache/src/Cache.php(67): class@anonymous->handle()
#12 /var/www/CRM/src/vendor/slim/slim/Slim/MiddlewareDispatcher.php(147): Slim\HttpCache\Cache->process()
#13 /var/www/CRM/src/EcclesiaCRM/Slim/Middleware/VersionMiddleware.php(17): class@anonymous->handle()
#14 /var/www/CRM/src/vendor/slim/slim/Slim/MiddlewareDispatcher.php(313): EcclesiaCRM\Slim\Middleware\VersionMiddleware->__invoke()
#15 /var/www/CRM/src/vendor/tuupola/slim-jwt-auth/src/JwtAuthentication.php(132): class@anonymous->handle()
#16 /var/www/CRM/src/vendor/slim/slim/Slim/MiddlewareDispatcher.php(147): Tuupola\Middleware\JwtAuthentication->process()
#17 /var/www/CRM/src/vendor/slim/slim/Slim/Middleware/ErrorMiddleware.php(107): class@anonymous->handle()
#18 /var/www/CRM/src/vendor/slim/slim/Slim/MiddlewareDispatcher.php(147): Slim\Middleware\ErrorMiddleware->process()
#19 /var/www/CRM/src/vendor/slim/slim/Slim/MiddlewareDispatcher.php(81): class@anonymous->handle()
#20 /var/www/CRM/src/vendor/slim/slim/Slim/App.php(215): Slim\MiddlewareDispatcher->handle()
#21 /var/www/CRM/src/vendor/slim/slim/Slim/App.php(199): Slim\App->handle()
#22 /var/www/CRM/src/v2/index.php(142): Slim\App->run()
#23 {main}
[14-Dec-2022 17:40:14 Europe/Paris] PHP Fatal error:  Uncaught Error: Class 'Sabre\DAV\SharingPlugin' not found in /var/www/CRM/src/server.php:72
Stack trace:
#0 {main}
  thrown in /var/www/CRM/src/server.php on line 72
[14-Dec-2022 17:44:04 Europe/Paris] PHP Fatal error:  Uncaught Error: Class 'DAVACL\Plugin' not found in /var/www/CRM/src/server.php:73
Stack trace:
#0 {main}
  thrown in /var/www/CRM/src/server.php on line 73
[14-Dec-2022 17:44:05 Europe/Paris] PHP Fatal error:  Uncaught Error: Class 'DAVACL\Plugin' not found in /var/www/CRM/src/server.php:73
Stack trace:
#0 {main}
  thrown in /var/www/CRM/src/server.php on line 73
