[14-Jan-2022 20:29:59 Europe/Paris] Slim Application Error
Type: BadMethodCallException
Code: 0
Message: Cannot add TextRun in TextRun.
File: /var/www/CRM/src/vendor/phpoffice/phpword/src/PhpWord/Element/AbstractContainer.php
Line: 266
Trace: #0 /var/www/CRM/src/vendor/phpoffice/phpword/src/PhpWord/Element/AbstractContainer.php(131): PhpOffice\PhpWord\Element\AbstractContainer->checkValidity()
#1 [internal function]: PhpOffice\PhpWord\Element\AbstractContainer->addElement()
#2 /var/www/CRM/src/vendor/phpoffice/phpword/src/PhpWord/Element/AbstractContainer.php(113): call_user_func_array()
#3 /var/www/CRM/src/EcclesiaCRM/utils/PhpWordHTMLExtension.php(273): PhpOffice\PhpWord\Element\AbstractContainer->__call()
#4 [internal function]: PhpOffice\PhpWord\Shared\PhpWordHTMLExtension::parseParagraph()
#5 /var/www/CRM/src/EcclesiaCRM/utils/PhpWordHTMLExtension.php(223): call_user_func_array()
#6 /var/www/CRM/src/EcclesiaCRM/utils/PhpWordHTMLExtension.php(255): PhpOffice\PhpWord\Shared\PhpWordHTMLExtension::parseNode()
#7 /var/www/CRM/src/EcclesiaCRM/utils/PhpWordHTMLExtension.php(237): PhpOffice\PhpWord\Shared\PhpWordHTMLExtension::parseChildNodes()
#8 /var/www/CRM/src/EcclesiaCRM/utils/PhpWordHTMLExtension.php(255): PhpOffice\PhpWord\Shared\PhpWordHTMLExtension::parseNode()
#9 /var/www/CRM/src/EcclesiaCRM/utils/PhpWordHTMLExtension.php(237): PhpOffice\PhpWord\Shared\PhpWordHTMLExtension::parseChildNodes()
#10 /var/www/CRM/src/EcclesiaCRM/utils/PhpWordHTMLExtension.php(255): PhpOffice\PhpWord\Shared\PhpWordHTMLExtension::parseNode()
#11 /var/www/CRM/src/EcclesiaCRM/utils/PhpWordHTMLExtension.php(237): PhpOffice\PhpWord\Shared\PhpWordHTMLExtension::parseChildNodes()
#12 /var/www/CRM/src/EcclesiaCRM/utils/PhpWordHTMLExtension.php(255): PhpOffice\PhpWord\Shared\PhpWordHTMLExtension::parseNode()
#13 /var/www/CRM/src/EcclesiaCRM/utils/PhpWordHTMLExtension.php(237): PhpOffice\PhpWord\Shared\PhpWordHTMLExtension::parseChildNodes()
#14 /var/www/CRM/src/EcclesiaCRM/utils/PhpWordHTMLExtension.php(255): PhpOffice\PhpWord\Shared\PhpWordHTMLExtension::parseNode()
#15 /var/www/CRM/src/EcclesiaCRM/utils/PhpWordHTMLExtension.php(237): PhpOffice\PhpWord\Shared\PhpWordHTMLExtension::parseChildNodes()
#16 /var/www/CRM/src/EcclesiaCRM/utils/PhpWordHTMLExtension.php(255): PhpOffice\PhpWord\Shared\PhpWordHTMLExtension::parseNode()
#17 /var/www/CRM/src/EcclesiaCRM/utils/PhpWordHTMLExtension.php(237): PhpOffice\PhpWord\Shared\PhpWordHTMLExtension::parseChildNodes()
#18 /var/www/CRM/src/EcclesiaCRM/utils/PhpWordHTMLExtension.php(255): PhpOffice\PhpWord\Shared\PhpWordHTMLExtension::parseNode()
#19 /var/www/CRM/src/EcclesiaCRM/utils/PhpWordHTMLExtension.php(237): PhpOffice\PhpWord\Shared\PhpWordHTMLExtension::parseChildNodes()
#20 /var/www/CRM/src/EcclesiaCRM/utils/PhpWordHTMLExtension.php(255): PhpOffice\PhpWord\Shared\PhpWordHTMLExtension::parseNode()
#21 /var/www/CRM/src/EcclesiaCRM/utils/PhpWordHTMLExtension.php(237): PhpOffice\PhpWord\Shared\PhpWordHTMLExtension::parseChildNodes()
#22 /var/www/CRM/src/EcclesiaCRM/utils/PhpWordHTMLExtension.php(255): PhpOffice\PhpWord\Shared\PhpWordHTMLExtension::parseNode()
#23 /var/www/CRM/src/EcclesiaCRM/utils/PhpWordHTMLExtension.php(237): PhpOffice\PhpWord\Shared\PhpWordHTMLExtension::parseChildNodes()
#24 /var/www/CRM/src/EcclesiaCRM/utils/PhpWordHTMLExtension.php(255): PhpOffice\PhpWord\Shared\PhpWordHTMLExtension::parseNode()
#25 /var/www/CRM/src/EcclesiaCRM/utils/PhpWordHTMLExtension.php(237): PhpOffice\PhpWord\Shared\PhpWordHTMLExtension::parseChildNodes()
#26 /var/www/CRM/src/EcclesiaCRM/utils/PhpWordHTMLExtension.php(255): PhpOffice\PhpWord\Shared\PhpWordHTMLExtension::parseNode()
#27 /var/www/CRM/src/EcclesiaCRM/utils/PhpWordHTMLExtension.php(237): PhpOffice\PhpWord\Shared\PhpWordHTMLExtension::parseChildNodes()
#28 /var/www/CRM/src/EcclesiaCRM/utils/PhpWordHTMLExtension.php(255): PhpOffice\PhpWord\Shared\PhpWordHTMLExtension::parseNode()
#29 /var/www/CRM/src/EcclesiaCRM/utils/PhpWordHTMLExtension.php(237): PhpOffice\PhpWord\Shared\PhpWordHTMLExtension::parseChildNodes()
#30 /var/www/CRM/src/EcclesiaCRM/utils/PhpWordHTMLExtension.php(255): PhpOffice\PhpWord\Shared\PhpWordHTMLExtension::parseNode()
#31 /var/www/CRM/src/EcclesiaCRM/utils/PhpWordHTMLExtension.php(237): PhpOffice\PhpWord\Shared\PhpWordHTMLExtension::parseChildNodes()
#32 /var/www/CRM/src/EcclesiaCRM/utils/PhpWordHTMLExtension.php(255): PhpOffice\PhpWord\Shared\PhpWordHTMLExtension::parseNode()
#33 /var/www/CRM/src/EcclesiaCRM/utils/PhpWordHTMLExtension.php(237): PhpOffice\PhpWord\Shared\PhpWordHTMLExtension::parseChildNodes()
#34 /var/www/CRM/src/EcclesiaCRM/utils/PhpWordHTMLExtension.php(255): PhpOffice\PhpWord\Shared\PhpWordHTMLExtension::parseNode()
#35 /var/www/CRM/src/EcclesiaCRM/utils/PhpWordHTMLExtension.php(237): PhpOffice\PhpWord\Shared\PhpWordHTMLExtension::parseChildNodes()
#36 /var/www/CRM/src/EcclesiaCRM/utils/PhpWordHTMLExtension.php(255): PhpOffice\PhpWord\Shared\PhpWordHTMLExtension::parseNode()
#37 /var/www/CRM/src/EcclesiaCRM/utils/PhpWordHTMLExtension.php(237): PhpOffice\PhpWord\Shared\PhpWordHTMLExtension::parseChildNodes()
#38 /var/www/CRM/src/EcclesiaCRM/utils/PhpWordHTMLExtension.php(255): PhpOffice\PhpWord\Shared\PhpWordHTMLExtension::parseNode()
#39 /var/www/CRM/src/EcclesiaCRM/utils/PhpWordHTMLExtension.php(237): PhpOffice\PhpWord\Shared\PhpWordHTMLExtension::parseChildNodes()
#40 /var/www/CRM/src/EcclesiaCRM/utils/PhpWordHTMLExtension.php(255): PhpOffice\PhpWord\Shared\PhpWordHTMLExtension::parseNode()
#41 /var/www/CRM/src/EcclesiaCRM/utils/PhpWordHTMLExtension.php(237): PhpOffice\PhpWord\Shared\PhpWordHTMLExtension::parseChildNodes()
#42 /var/www/CRM/src/EcclesiaCRM/utils/PhpWordHTMLExtension.php(92): PhpOffice\PhpWord\Shared\PhpWordHTMLExtension::parseNode()
#43 /var/www/CRM/src/EcclesiaCRM/utils/MiscUtils.php(1549): PhpOffice\PhpWord\Shared\PhpWordHTMLExtension::addHtml()
#44 /var/www/CRM/src/EcclesiaCRM/APIControllers/DocumentCKEditorController.php(153): EcclesiaCRM\Utils\MiscUtils::saveHtmlAsWordFilePhpWord()
#45 /var/www/CRM/src/vendor/slim/slim/Slim/Handlers/Strategies/RequestResponse.php(43): EcclesiaCRM\APIControllers\DocumentCKEditorController->saveAsWordFile()
#46 /var/www/CRM/src/vendor/slim/slim/Slim/Routing/Route.php(384): Slim\Handlers\Strategies\RequestResponse->__invoke()
#47 /var/www/CRM/src/vendor/slim/slim/Slim/MiddlewareDispatcher.php(81): Slim\Routing\Route->handle()
#48 /var/www/CRM/src/vendor/slim/slim/Slim/MiddlewareDispatcher.php(81): Slim\MiddlewareDispatcher->handle()
#49 /var/www/CRM/src/vendor/slim/slim/Slim/Routing/Route.php(341): Slim\MiddlewareDispatcher->handle()
#50 /var/www/CRM/src/vendor/slim/slim/Slim/Routing/RouteRunner.php(84): Slim\Routing\Route->run()
#51 /var/www/CRM/src/EcclesiaCRM/Slim/Middleware/VersionMiddleware.php(17): Slim\Routing\RouteRunner->handle()
#52 /var/www/CRM/src/vendor/slim/slim/Slim/MiddlewareDispatcher.php(313): EcclesiaCRM\Slim\Middleware\VersionMiddleware->__invoke()
#53 /var/www/CRM/src/vendor/tuupola/slim-jwt-auth/src/JwtAuthentication.php(132): Psr\Http\Server\RequestHandlerInterface@anonymous->handle()
#54 /var/www/CRM/src/vendor/slim/slim/Slim/MiddlewareDispatcher.php(147): Tuupola\Middleware\JwtAuthentication->process()
#55 /var/www/CRM/src/vendor/slim/slim/Slim/Middleware/ErrorMiddleware.php(107): Psr\Http\Server\RequestHandlerInterface@anonymous->handle()
#56 /var/www/CRM/src/vendor/slim/slim/Slim/MiddlewareDispatcher.php(147): Slim\Middleware\ErrorMiddleware->process()
#57 /var/www/CRM/src/vendor/slim/slim/Slim/MiddlewareDispatcher.php(81): Psr\Http\Server\RequestHandlerInterface@anonymous->handle()
#58 /var/www/CRM/src/vendor/slim/slim/Slim/App.php(215): Slim\MiddlewareDispatcher->handle()
#59 /var/www/CRM/src/vendor/slim/slim/Slim/App.php(199): Slim\App->handle()
#60 /var/www/CRM/src/api/index.php(135): Slim\App->run()
#61 {main}
[14-Jan-2022 20:30:20 Europe/Paris] Slim Application Error
Type: BadMethodCallException
Code: 0
Message: Cannot add TextRun in TextRun.
File: /var/www/CRM/src/vendor/phpoffice/phpword/src/PhpWord/Element/AbstractContainer.php
Line: 266
Trace: #0 /var/www/CRM/src/vendor/phpoffice/phpword/src/PhpWord/Element/AbstractContainer.php(131): PhpOffice\PhpWord\Element\AbstractContainer->checkValidity()
#1 [internal function]: PhpOffice\PhpWord\Element\AbstractContainer->addElement()
#2 /var/www/CRM/src/vendor/phpoffice/phpword/src/PhpWord/Element/AbstractContainer.php(113): call_user_func_array()
#3 /var/www/CRM/src/EcclesiaCRM/utils/PhpWordHTMLExtension.php(273): PhpOffice\PhpWord\Element\AbstractContainer->__call()
#4 [internal function]: PhpOffice\PhpWord\Shared\PhpWordHTMLExtension::parseParagraph()
#5 /var/www/CRM/src/EcclesiaCRM/utils/PhpWordHTMLExtension.php(223): call_user_func_array()
#6 /var/www/CRM/src/EcclesiaCRM/utils/PhpWordHTMLExtension.php(255): PhpOffice\PhpWord\Shared\PhpWordHTMLExtension::parseNode()
#7 /var/www/CRM/src/EcclesiaCRM/utils/PhpWordHTMLExtension.php(237): PhpOffice\PhpWord\Shared\PhpWordHTMLExtension::parseChildNodes()
#8 /var/www/CRM/src/EcclesiaCRM/utils/PhpWordHTMLExtension.php(255): PhpOffice\PhpWord\Shared\PhpWordHTMLExtension::parseNode()
#9 /var/www/CRM/src/EcclesiaCRM/utils/PhpWordHTMLExtension.php(237): PhpOffice\PhpWord\Shared\PhpWordHTMLExtension::parseChildNodes()
#10 /var/www/CRM/src/EcclesiaCRM/utils/PhpWordHTMLExtension.php(255): PhpOffice\PhpWord\Shared\PhpWordHTMLExtension::parseNode()
#11 /var/www/CRM/src/EcclesiaCRM/utils/PhpWordHTMLExtension.php(237): PhpOffice\PhpWord\Shared\PhpWordHTMLExtension::parseChildNodes()
#12 /var/www/CRM/src/EcclesiaCRM/utils/PhpWordHTMLExtension.php(255): PhpOffice\PhpWord\Shared\PhpWordHTMLExtension::parseNode()
#13 /var/www/CRM/src/EcclesiaCRM/utils/PhpWordHTMLExtension.php(237): PhpOffice\PhpWord\Shared\PhpWordHTMLExtension::parseChildNodes()
#14 /var/www/CRM/src/EcclesiaCRM/utils/PhpWordHTMLExtension.php(255): PhpOffice\PhpWord\Shared\PhpWordHTMLExtension::parseNode()
#15 /var/www/CRM/src/EcclesiaCRM/utils/PhpWordHTMLExtension.php(237): PhpOffice\PhpWord\Shared\PhpWordHTMLExtension::parseChildNodes()
#16 /var/www/CRM/src/EcclesiaCRM/utils/PhpWordHTMLExtension.php(255): PhpOffice\PhpWord\Shared\PhpWordHTMLExtension::parseNode()
#17 /var/www/CRM/src/EcclesiaCRM/utils/PhpWordHTMLExtension.php(237): PhpOffice\PhpWord\Shared\PhpWordHTMLExtension::parseChildNodes()
#18 /var/www/CRM/src/EcclesiaCRM/utils/PhpWordHTMLExtension.php(255): PhpOffice\PhpWord\Shared\PhpWordHTMLExtension::parseNode()
#19 /var/www/CRM/src/EcclesiaCRM/utils/PhpWordHTMLExtension.php(237): PhpOffice\PhpWord\Shared\PhpWordHTMLExtension::parseChildNodes()
#20 /var/www/CRM/src/EcclesiaCRM/utils/PhpWordHTMLExtension.php(255): PhpOffice\PhpWord\Shared\PhpWordHTMLExtension::parseNode()
#21 /var/www/CRM/src/EcclesiaCRM/utils/PhpWordHTMLExtension.php(237): PhpOffice\PhpWord\Shared\PhpWordHTMLExtension::parseChildNodes()
#22 /var/www/CRM/src/EcclesiaCRM/utils/PhpWordHTMLExtension.php(255): PhpOffice\PhpWord\Shared\PhpWordHTMLExtension::parseNode()
#23 /var/www/CRM/src/EcclesiaCRM/utils/PhpWordHTMLExtension.php(237): PhpOffice\PhpWord\Shared\PhpWordHTMLExtension::parseChildNodes()
#24 /var/www/CRM/src/EcclesiaCRM/utils/PhpWordHTMLExtension.php(255): PhpOffice\PhpWord\Shared\PhpWordHTMLExtension::parseNode()
#25 /var/www/CRM/src/EcclesiaCRM/utils/PhpWordHTMLExtension.php(237): PhpOffice\PhpWord\Shared\PhpWordHTMLExtension::parseChildNodes()
#26 /var/www/CRM/src/EcclesiaCRM/utils/PhpWordHTMLExtension.php(255): PhpOffice\PhpWord\Shared\PhpWordHTMLExtension::parseNode()
#27 /var/www/CRM/src/EcclesiaCRM/utils/PhpWordHTMLExtension.php(237): PhpOffice\PhpWord\Shared\PhpWordHTMLExtension::parseChildNodes()
#28 /var/www/CRM/src/EcclesiaCRM/utils/PhpWordHTMLExtension.php(255): PhpOffice\PhpWord\Shared\PhpWordHTMLExtension::parseNode()
#29 /var/www/CRM/src/EcclesiaCRM/utils/PhpWordHTMLExtension.php(237): PhpOffice\PhpWord\Shared\PhpWordHTMLExtension::parseChildNodes()
#30 /var/www/CRM/src/EcclesiaCRM/utils/PhpWordHTMLExtension.php(255): PhpOffice\PhpWord\Shared\PhpWordHTMLExtension::parseNode()
#31 /var/www/CRM/src/EcclesiaCRM/utils/PhpWordHTMLExtension.php(237): PhpOffice\PhpWord\Shared\PhpWordHTMLExtension::parseChildNodes()
#32 /var/www/CRM/src/EcclesiaCRM/utils/PhpWordHTMLExtension.php(255): PhpOffice\PhpWord\Shared\PhpWordHTMLExtension::parseNode()
#33 /var/www/CRM/src/EcclesiaCRM/utils/PhpWordHTMLExtension.php(237): PhpOffice\PhpWord\Shared\PhpWordHTMLExtension::parseChildNodes()
#34 /var/www/CRM/src/EcclesiaCRM/utils/PhpWordHTMLExtension.php(255): PhpOffice\PhpWord\Shared\PhpWordHTMLExtension::parseNode()
#35 /var/www/CRM/src/EcclesiaCRM/utils/PhpWordHTMLExtension.php(237): PhpOffice\PhpWord\Shared\PhpWordHTMLExtension::parseChildNodes()
#36 /var/www/CRM/src/EcclesiaCRM/utils/PhpWordHTMLExtension.php(255): PhpOffice\PhpWord\Shared\PhpWordHTMLExtension::parseNode()
#37 /var/www/CRM/src/EcclesiaCRM/utils/PhpWordHTMLExtension.php(237): PhpOffice\PhpWord\Shared\PhpWordHTMLExtension::parseChildNodes()
#38 /var/www/CRM/src/EcclesiaCRM/utils/PhpWordHTMLExtension.php(255): PhpOffice\PhpWord\Shared\PhpWordHTMLExtension::parseNode()
#39 /var/www/CRM/src/EcclesiaCRM/utils/PhpWordHTMLExtension.php(237): PhpOffice\PhpWord\Shared\PhpWordHTMLExtension::parseChildNodes()
#40 /var/www/CRM/src/EcclesiaCRM/utils/PhpWordHTMLExtension.php(255): PhpOffice\PhpWord\Shared\PhpWordHTMLExtension::parseNode()
#41 /var/www/CRM/src/EcclesiaCRM/utils/PhpWordHTMLExtension.php(237): PhpOffice\PhpWord\Shared\PhpWordHTMLExtension::parseChildNodes()
#42 /var/www/CRM/src/EcclesiaCRM/utils/PhpWordHTMLExtension.php(92): PhpOffice\PhpWord\Shared\PhpWordHTMLExtension::parseNode()
#43 /var/www/CRM/src/EcclesiaCRM/utils/MiscUtils.php(1549): PhpOffice\PhpWord\Shared\PhpWordHTMLExtension::addHtml()
#44 /var/www/CRM/src/EcclesiaCRM/APIControllers/DocumentCKEditorController.php(153): EcclesiaCRM\Utils\MiscUtils::saveHtmlAsWordFilePhpWord()
#45 /var/www/CRM/src/vendor/slim/slim/Slim/Handlers/Strategies/RequestResponse.php(43): EcclesiaCRM\APIControllers\DocumentCKEditorController->saveAsWordFile()
#46 /var/www/CRM/src/vendor/slim/slim/Slim/Routing/Route.php(384): Slim\Handlers\Strategies\RequestResponse->__invoke()
#47 /var/www/CRM/src/vendor/slim/slim/Slim/MiddlewareDispatcher.php(81): Slim\Routing\Route->handle()
#48 /var/www/CRM/src/vendor/slim/slim/Slim/MiddlewareDispatcher.php(81): Slim\MiddlewareDispatcher->handle()
#49 /var/www/CRM/src/vendor/slim/slim/Slim/Routing/Route.php(341): Slim\MiddlewareDispatcher->handle()
#50 /var/www/CRM/src/vendor/slim/slim/Slim/Routing/RouteRunner.php(84): Slim\Routing\Route->run()
#51 /var/www/CRM/src/EcclesiaCRM/Slim/Middleware/VersionMiddleware.php(17): Slim\Routing\RouteRunner->handle()
#52 /var/www/CRM/src/vendor/slim/slim/Slim/MiddlewareDispatcher.php(313): EcclesiaCRM\Slim\Middleware\VersionMiddleware->__invoke()
#53 /var/www/CRM/src/vendor/tuupola/slim-jwt-auth/src/JwtAuthentication.php(132): Psr\Http\Server\RequestHandlerInterface@anonymous->handle()
#54 /var/www/CRM/src/vendor/slim/slim/Slim/MiddlewareDispatcher.php(147): Tuupola\Middleware\JwtAuthentication->process()
#55 /var/www/CRM/src/vendor/slim/slim/Slim/Middleware/ErrorMiddleware.php(107): Psr\Http\Server\RequestHandlerInterface@anonymous->handle()
#56 /var/www/CRM/src/vendor/slim/slim/Slim/MiddlewareDispatcher.php(147): Slim\Middleware\ErrorMiddleware->process()
#57 /var/www/CRM/src/vendor/slim/slim/Slim/MiddlewareDispatcher.php(81): Psr\Http\Server\RequestHandlerInterface@anonymous->handle()
#58 /var/www/CRM/src/vendor/slim/slim/Slim/App.php(215): Slim\MiddlewareDispatcher->handle()
#59 /var/www/CRM/src/vendor/slim/slim/Slim/App.php(199): Slim\App->handle()
#60 /var/www/CRM/src/api/index.php(135): Slim\App->run()
#61 {main}
[14-Jan-2022 20:49:00 Europe/Paris] Slim Application Error
Type: TypeError
Code: 0
Message: call_user_func_array(): Argument #1 ($callback) must be a valid callback, cannot access protected method PhpOffice\PhpWord\Shared\PhpWordHTMLExtension::parseHeading()
File: /var/www/CRM/src/vendor/phpoffice/phpword/src/PhpWord/Shared/Html.php
Line: 222
Trace: #0 /var/www/CRM/src/vendor/phpoffice/phpword/src/PhpWord/Shared/Html.php(222): call_user_func_array()
#1 /var/www/CRM/src/vendor/phpoffice/phpword/src/PhpWord/Shared/Html.php(254): PhpOffice\PhpWord\Shared\Html::parseNode()
#2 /var/www/CRM/src/vendor/phpoffice/phpword/src/PhpWord/Shared/Html.php(236): PhpOffice\PhpWord\Shared\Html::parseChildNodes()
#3 /var/www/CRM/src/vendor/phpoffice/phpword/src/PhpWord/Shared/Html.php(91): PhpOffice\PhpWord\Shared\Html::parseNode()
#4 /var/www/CRM/src/EcclesiaCRM/utils/MiscUtils.php(1551): PhpOffice\PhpWord\Shared\Html::addHtml()
#5 /var/www/CRM/src/EcclesiaCRM/APIControllers/PeoplePersonController.php(589): EcclesiaCRM\Utils\MiscUtils::saveHtmlAsWordFilePhpWord()
#6 /var/www/CRM/src/vendor/slim/slim/Slim/Handlers/Strategies/RequestResponse.php(43): EcclesiaCRM\APIControllers\PeoplePersonController->saveNoteAsWordFile()
#7 /var/www/CRM/src/vendor/slim/slim/Slim/Routing/Route.php(384): Slim\Handlers\Strategies\RequestResponse->__invoke()
#8 /var/www/CRM/src/vendor/slim/slim/Slim/MiddlewareDispatcher.php(81): Slim\Routing\Route->handle()
#9 /var/www/CRM/src/vendor/slim/slim/Slim/MiddlewareDispatcher.php(81): Slim\MiddlewareDispatcher->handle()
#10 /var/www/CRM/src/vendor/slim/slim/Slim/Routing/Route.php(341): Slim\MiddlewareDispatcher->handle()
#11 /var/www/CRM/src/vendor/slim/slim/Slim/Routing/RouteRunner.php(84): Slim\Routing\Route->run()
#12 /var/www/CRM/src/EcclesiaCRM/Slim/Middleware/VersionMiddleware.php(17): Slim\Routing\RouteRunner->handle()
#13 /var/www/CRM/src/vendor/slim/slim/Slim/MiddlewareDispatcher.php(313): EcclesiaCRM\Slim\Middleware\VersionMiddleware->__invoke()
#14 /var/www/CRM/src/vendor/tuupola/slim-jwt-auth/src/JwtAuthentication.php(132): Psr\Http\Server\RequestHandlerInterface@anonymous->handle()
#15 /var/www/CRM/src/vendor/slim/slim/Slim/MiddlewareDispatcher.php(147): Tuupola\Middleware\JwtAuthentication->process()
#16 /var/www/CRM/src/vendor/slim/slim/Slim/Middleware/ErrorMiddleware.php(107): Psr\Http\Server\RequestHandlerInterface@anonymous->handle()
#17 /var/www/CRM/src/vendor/slim/slim/Slim/MiddlewareDispatcher.php(147): Slim\Middleware\ErrorMiddleware->process()
#18 /var/www/CRM/src/vendor/slim/slim/Slim/MiddlewareDispatcher.php(81): Psr\Http\Server\RequestHandlerInterface@anonymous->handle()
#19 /var/www/CRM/src/vendor/slim/slim/Slim/App.php(215): Slim\MiddlewareDispatcher->handle()
#20 /var/www/CRM/src/vendor/slim/slim/Slim/App.php(199): Slim\App->handle()
#21 /var/www/CRM/src/api/index.php(135): Slim\App->run()
#22 {main}
[14-Jan-2022 21:32:41 Europe/Paris] Slim Application Error
Type: BadMethodCallException
Code: 0
Message: Cannot add TextRun in TextRun.
File: /var/www/CRM/src/vendor/phpoffice/phpword/src/PhpWord/Element/AbstractContainer.php
Line: 266
Trace: #0 /var/www/CRM/src/vendor/phpoffice/phpword/src/PhpWord/Element/AbstractContainer.php(131): PhpOffice\PhpWord\Element\AbstractContainer->checkValidity()
#1 [internal function]: PhpOffice\PhpWord\Element\AbstractContainer->addElement()
#2 /var/www/CRM/src/vendor/phpoffice/phpword/src/PhpWord/Element/AbstractContainer.php(113): call_user_func_array()
#3 /var/www/CRM/src/vendor/phpoffice/phpword/src/PhpWord/Shared/Html.php(271): PhpOffice\PhpWord\Element\AbstractContainer->__call()
#4 [internal function]: PhpOffice\PhpWord\Shared\Html::parseParagraph()
#5 /var/www/CRM/src/vendor/phpoffice/phpword/src/PhpWord/Shared/Html.php(221): call_user_func_array()
#6 /var/www/CRM/src/vendor/phpoffice/phpword/src/PhpWord/Shared/Html.php(253): PhpOffice\PhpWord\Shared\Html::parseNode()
#7 /var/www/CRM/src/vendor/phpoffice/phpword/src/PhpWord/Shared/Html.php(235): PhpOffice\PhpWord\Shared\Html::parseChildNodes()
#8 /var/www/CRM/src/vendor/phpoffice/phpword/src/PhpWord/Shared/Html.php(253): PhpOffice\PhpWord\Shared\Html::parseNode()
#9 /var/www/CRM/src/vendor/phpoffice/phpword/src/PhpWord/Shared/Html.php(235): PhpOffice\PhpWord\Shared\Html::parseChildNodes()
#10 /var/www/CRM/src/vendor/phpoffice/phpword/src/PhpWord/Shared/Html.php(253): PhpOffice\PhpWord\Shared\Html::parseNode()
#11 /var/www/CRM/src/vendor/phpoffice/phpword/src/PhpWord/Shared/Html.php(235): PhpOffice\PhpWord\Shared\Html::parseChildNodes()
#12 /var/www/CRM/src/vendor/phpoffice/phpword/src/PhpWord/Shared/Html.php(253): PhpOffice\PhpWord\Shared\Html::parseNode()
#13 /var/www/CRM/src/vendor/phpoffice/phpword/src/PhpWord/Shared/Html.php(235): PhpOffice\PhpWord\Shared\Html::parseChildNodes()
#14 /var/www/CRM/src/vendor/phpoffice/phpword/src/PhpWord/Shared/Html.php(253): PhpOffice\PhpWord\Shared\Html::parseNode()
#15 /var/www/CRM/src/vendor/phpoffice/phpword/src/PhpWord/Shared/Html.php(235): PhpOffice\PhpWord\Shared\Html::parseChildNodes()
#16 /var/www/CRM/src/vendor/phpoffice/phpword/src/PhpWord/Shared/Html.php(253): PhpOffice\PhpWord\Shared\Html::parseNode()
#17 /var/www/CRM/src/vendor/phpoffice/phpword/src/PhpWord/Shared/Html.php(235): PhpOffice\PhpWord\Shared\Html::parseChildNodes()
#18 /var/www/CRM/src/vendor/phpoffice/phpword/src/PhpWord/Shared/Html.php(253): PhpOffice\PhpWord\Shared\Html::parseNode()
#19 /var/www/CRM/src/vendor/phpoffice/phpword/src/PhpWord/Shared/Html.php(235): PhpOffice\PhpWord\Shared\Html::parseChildNodes()
#20 /var/www/CRM/src/vendor/phpoffice/phpword/src/PhpWord/Shared/Html.php(253): PhpOffice\PhpWord\Shared\Html::parseNode()
#21 /var/www/CRM/src/vendor/phpoffice/phpword/src/PhpWord/Shared/Html.php(235): PhpOffice\PhpWord\Shared\Html::parseChildNodes()
#22 /var/www/CRM/src/vendor/phpoffice/phpword/src/PhpWord/Shared/Html.php(253): PhpOffice\PhpWord\Shared\Html::parseNode()
#23 /var/www/CRM/src/vendor/phpoffice/phpword/src/PhpWord/Shared/Html.php(235): PhpOffice\PhpWord\Shared\Html::parseChildNodes()
#24 /var/www/CRM/src/vendor/phpoffice/phpword/src/PhpWord/Shared/Html.php(253): PhpOffice\PhpWord\Shared\Html::parseNode()
#25 /var/www/CRM/src/vendor/phpoffice/phpword/src/PhpWord/Shared/Html.php(235): PhpOffice\PhpWord\Shared\Html::parseChildNodes()
#26 /var/www/CRM/src/vendor/phpoffice/phpword/src/PhpWord/Shared/Html.php(253): PhpOffice\PhpWord\Shared\Html::parseNode()
#27 /var/www/CRM/src/vendor/phpoffice/phpword/src/PhpWord/Shared/Html.php(235): PhpOffice\PhpWord\Shared\Html::parseChildNodes()
#28 /var/www/CRM/src/vendor/phpoffice/phpword/src/PhpWord/Shared/Html.php(253): PhpOffice\PhpWord\Shared\Html::parseNode()
#29 /var/www/CRM/src/vendor/phpoffice/phpword/src/PhpWord/Shared/Html.php(235): PhpOffice\PhpWord\Shared\Html::parseChildNodes()
#30 /var/www/CRM/src/vendor/phpoffice/phpword/src/PhpWord/Shared/Html.php(253): PhpOffice\PhpWord\Shared\Html::parseNode()
#31 /var/www/CRM/src/vendor/phpoffice/phpword/src/PhpWord/Shared/Html.php(235): PhpOffice\PhpWord\Shared\Html::parseChildNodes()
#32 /var/www/CRM/src/vendor/phpoffice/phpword/src/PhpWord/Shared/Html.php(253): PhpOffice\PhpWord\Shared\Html::parseNode()
#33 /var/www/CRM/src/vendor/phpoffice/phpword/src/PhpWord/Shared/Html.php(235): PhpOffice\PhpWord\Shared\Html::parseChildNodes()
#34 /var/www/CRM/src/vendor/phpoffice/phpword/src/PhpWord/Shared/Html.php(253): PhpOffice\PhpWord\Shared\Html::parseNode()
#35 /var/www/CRM/src/vendor/phpoffice/phpword/src/PhpWord/Shared/Html.php(235): PhpOffice\PhpWord\Shared\Html::parseChildNodes()
#36 /var/www/CRM/src/vendor/phpoffice/phpword/src/PhpWord/Shared/Html.php(253): PhpOffice\PhpWord\Shared\Html::parseNode()
#37 /var/www/CRM/src/vendor/phpoffice/phpword/src/PhpWord/Shared/Html.php(235): PhpOffice\PhpWord\Shared\Html::parseChildNodes()
#38 /var/www/CRM/src/vendor/phpoffice/phpword/src/PhpWord/Shared/Html.php(253): PhpOffice\PhpWord\Shared\Html::parseNode()
#39 /var/www/CRM/src/vendor/phpoffice/phpword/src/PhpWord/Shared/Html.php(235): PhpOffice\PhpWord\Shared\Html::parseChildNodes()
#40 /var/www/CRM/src/vendor/phpoffice/phpword/src/PhpWord/Shared/Html.php(253): PhpOffice\PhpWord\Shared\Html::parseNode()
#41 /var/www/CRM/src/vendor/phpoffice/phpword/src/PhpWord/Shared/Html.php(235): PhpOffice\PhpWord\Shared\Html::parseChildNodes()
#42 /var/www/CRM/src/vendor/phpoffice/phpword/src/PhpWord/Shared/Html.php(90): PhpOffice\PhpWord\Shared\Html::parseNode()
#43 /var/www/CRM/src/EcclesiaCRM/utils/MiscUtils.php(1551): PhpOffice\PhpWord\Shared\Html::addHtml()
#44 /var/www/CRM/src/EcclesiaCRM/APIControllers/DocumentCKEditorController.php(153): EcclesiaCRM\Utils\MiscUtils::saveHtmlAsWordFilePhpWord()
#45 /var/www/CRM/src/vendor/slim/slim/Slim/Handlers/Strategies/RequestResponse.php(43): EcclesiaCRM\APIControllers\DocumentCKEditorController->saveAsWordFile()
#46 /var/www/CRM/src/vendor/slim/slim/Slim/Routing/Route.php(384): Slim\Handlers\Strategies\RequestResponse->__invoke()
#47 /var/www/CRM/src/vendor/slim/slim/Slim/MiddlewareDispatcher.php(81): Slim\Routing\Route->handle()
#48 /var/www/CRM/src/vendor/slim/slim/Slim/MiddlewareDispatcher.php(81): Slim\MiddlewareDispatcher->handle()
#49 /var/www/CRM/src/vendor/slim/slim/Slim/Routing/Route.php(341): Slim\MiddlewareDispatcher->handle()
#50 /var/www/CRM/src/vendor/slim/slim/Slim/Routing/RouteRunner.php(84): Slim\Routing\Route->run()
#51 /var/www/CRM/src/EcclesiaCRM/Slim/Middleware/VersionMiddleware.php(17): Slim\Routing\RouteRunner->handle()
#52 /var/www/CRM/src/vendor/slim/slim/Slim/MiddlewareDispatcher.php(313): EcclesiaCRM\Slim\Middleware\VersionMiddleware->__invoke()
#53 /var/www/CRM/src/vendor/tuupola/slim-jwt-auth/src/JwtAuthentication.php(132): Psr\Http\Server\RequestHandlerInterface@anonymous->handle()
#54 /var/www/CRM/src/vendor/slim/slim/Slim/MiddlewareDispatcher.php(147): Tuupola\Middleware\JwtAuthentication->process()
#55 /var/www/CRM/src/vendor/slim/slim/Slim/Middleware/ErrorMiddleware.php(107): Psr\Http\Server\RequestHandlerInterface@anonymous->handle()
#56 /var/www/CRM/src/vendor/slim/slim/Slim/MiddlewareDispatcher.php(147): Slim\Middleware\ErrorMiddleware->process()
#57 /var/www/CRM/src/vendor/slim/slim/Slim/MiddlewareDispatcher.php(81): Psr\Http\Server\RequestHandlerInterface@anonymous->handle()
#58 /var/www/CRM/src/vendor/slim/slim/Slim/App.php(215): Slim\MiddlewareDispatcher->handle()
#59 /var/www/CRM/src/vendor/slim/slim/Slim/App.php(199): Slim\App->handle()
#60 /var/www/CRM/src/api/index.php(135): Slim\App->run()
#61 {main}
[14-Jan-2022 21:45:26 Europe/Paris] Slim Application Error
Type: BadMethodCallException
Code: 0
Message: Cannot add TextRun in TextRun.
File: /var/www/CRM/src/vendor/phpoffice/phpword/src/PhpWord/Element/AbstractContainer.php
Line: 266
Trace: #0 /var/www/CRM/src/vendor/phpoffice/phpword/src/PhpWord/Element/AbstractContainer.php(131): PhpOffice\PhpWord\Element\AbstractContainer->checkValidity()
#1 [internal function]: PhpOffice\PhpWord\Element\AbstractContainer->addElement()
#2 /var/www/CRM/src/vendor/phpoffice/phpword/src/PhpWord/Element/AbstractContainer.php(113): call_user_func_array()
#3 /var/www/CRM/src/vendor/phpoffice/phpword/src/PhpWord/Shared/Html.php(278): PhpOffice\PhpWord\Element\AbstractContainer->__call()
#4 [internal function]: PhpOffice\PhpWord\Shared\Html::parseParagraph()
#5 /var/www/CRM/src/vendor/phpoffice/phpword/src/PhpWord/Shared/Html.php(228): call_user_func_array()
#6 /var/www/CRM/src/vendor/phpoffice/phpword/src/PhpWord/Shared/Html.php(260): PhpOffice\PhpWord\Shared\Html::parseNode()
#7 /var/www/CRM/src/vendor/phpoffice/phpword/src/PhpWord/Shared/Html.php(242): PhpOffice\PhpWord\Shared\Html::parseChildNodes()
#8 /var/www/CRM/src/vendor/phpoffice/phpword/src/PhpWord/Shared/Html.php(260): PhpOffice\PhpWord\Shared\Html::parseNode()
#9 /var/www/CRM/src/vendor/phpoffice/phpword/src/PhpWord/Shared/Html.php(242): PhpOffice\PhpWord\Shared\Html::parseChildNodes()
#10 /var/www/CRM/src/vendor/phpoffice/phpword/src/PhpWord/Shared/Html.php(260): PhpOffice\PhpWord\Shared\Html::parseNode()
#11 /var/www/CRM/src/vendor/phpoffice/phpword/src/PhpWord/Shared/Html.php(242): PhpOffice\PhpWord\Shared\Html::parseChildNodes()
#12 /var/www/CRM/src/vendor/phpoffice/phpword/src/PhpWord/Shared/Html.php(260): PhpOffice\PhpWord\Shared\Html::parseNode()
#13 /var/www/CRM/src/vendor/phpoffice/phpword/src/PhpWord/Shared/Html.php(242): PhpOffice\PhpWord\Shared\Html::parseChildNodes()
#14 /var/www/CRM/src/vendor/phpoffice/phpword/src/PhpWord/Shared/Html.php(260): PhpOffice\PhpWord\Shared\Html::parseNode()
#15 /var/www/CRM/src/vendor/phpoffice/phpword/src/PhpWord/Shared/Html.php(242): PhpOffice\PhpWord\Shared\Html::parseChildNodes()
#16 /var/www/CRM/src/vendor/phpoffice/phpword/src/PhpWord/Shared/Html.php(260): PhpOffice\PhpWord\Shared\Html::parseNode()
#17 /var/www/CRM/src/vendor/phpoffice/phpword/src/PhpWord/Shared/Html.php(242): PhpOffice\PhpWord\Shared\Html::parseChildNodes()
#18 /var/www/CRM/src/vendor/phpoffice/phpword/src/PhpWord/Shared/Html.php(260): PhpOffice\PhpWord\Shared\Html::parseNode()
#19 /var/www/CRM/src/vendor/phpoffice/phpword/src/PhpWord/Shared/Html.php(242): PhpOffice\PhpWord\Shared\Html::parseChildNodes()
#20 /var/www/CRM/src/vendor/phpoffice/phpword/src/PhpWord/Shared/Html.php(260): PhpOffice\PhpWord\Shared\Html::parseNode()
#21 /var/www/CRM/src/vendor/phpoffice/phpword/src/PhpWord/Shared/Html.php(242): PhpOffice\PhpWord\Shared\Html::parseChildNodes()
#22 /var/www/CRM/src/vendor/phpoffice/phpword/src/PhpWord/Shared/Html.php(260): PhpOffice\PhpWord\Shared\Html::parseNode()
#23 /var/www/CRM/src/vendor/phpoffice/phpword/src/PhpWord/Shared/Html.php(242): PhpOffice\PhpWord\Shared\Html::parseChildNodes()
#24 /var/www/CRM/src/vendor/phpoffice/phpword/src/PhpWord/Shared/Html.php(260): PhpOffice\PhpWord\Shared\Html::parseNode()
#25 /var/www/CRM/src/vendor/phpoffice/phpword/src/PhpWord/Shared/Html.php(242): PhpOffice\PhpWord\Shared\Html::parseChildNodes()
#26 /var/www/CRM/src/vendor/phpoffice/phpword/src/PhpWord/Shared/Html.php(260): PhpOffice\PhpWord\Shared\Html::parseNode()
#27 /var/www/CRM/src/vendor/phpoffice/phpword/src/PhpWord/Shared/Html.php(242): PhpOffice\PhpWord\Shared\Html::parseChildNodes()
#28 /var/www/CRM/src/vendor/phpoffice/phpword/src/PhpWord/Shared/Html.php(260): PhpOffice\PhpWord\Shared\Html::parseNode()
#29 /var/www/CRM/src/vendor/phpoffice/phpword/src/PhpWord/Shared/Html.php(242): PhpOffice\PhpWord\Shared\Html::parseChildNodes()
#30 /var/www/CRM/src/vendor/phpoffice/phpword/src/PhpWord/Shared/Html.php(260): PhpOffice\PhpWord\Shared\Html::parseNode()
#31 /var/www/CRM/src/vendor/phpoffice/phpword/src/PhpWord/Shared/Html.php(242): PhpOffice\PhpWord\Shared\Html::parseChildNodes()
#32 /var/www/CRM/src/vendor/phpoffice/phpword/src/PhpWord/Shared/Html.php(260): PhpOffice\PhpWord\Shared\Html::parseNode()
#33 /var/www/CRM/src/vendor/phpoffice/phpword/src/PhpWord/Shared/Html.php(242): PhpOffice\PhpWord\Shared\Html::parseChildNodes()
#34 /var/www/CRM/src/vendor/phpoffice/phpword/src/PhpWord/Shared/Html.php(260): PhpOffice\PhpWord\Shared\Html::parseNode()
#35 /var/www/CRM/src/vendor/phpoffice/phpword/src/PhpWord/Shared/Html.php(242): PhpOffice\PhpWord\Shared\Html::parseChildNodes()
#36 /var/www/CRM/src/vendor/phpoffice/phpword/src/PhpWord/Shared/Html.php(260): PhpOffice\PhpWord\Shared\Html::parseNode()
#37 /var/www/CRM/src/vendor/phpoffice/phpword/src/PhpWord/Shared/Html.php(242): PhpOffice\PhpWord\Shared\Html::parseChildNodes()
#38 /var/www/CRM/src/vendor/phpoffice/phpword/src/PhpWord/Shared/Html.php(260): PhpOffice\PhpWord\Shared\Html::parseNode()
#39 /var/www/CRM/src/vendor/phpoffice/phpword/src/PhpWord/Shared/Html.php(242): PhpOffice\PhpWord\Shared\Html::parseChildNodes()
#40 /var/www/CRM/src/vendor/phpoffice/phpword/src/PhpWord/Shared/Html.php(260): PhpOffice\PhpWord\Shared\Html::parseNode()
#41 /var/www/CRM/src/vendor/phpoffice/phpword/src/PhpWord/Shared/Html.php(242): PhpOffice\PhpWord\Shared\Html::parseChildNodes()
#42 /var/www/CRM/src/vendor/phpoffice/phpword/src/PhpWord/Shared/Html.php(97): PhpOffice\PhpWord\Shared\Html::parseNode()
#43 /var/www/CRM/src/EcclesiaCRM/utils/MiscUtils.php(1551): PhpOffice\PhpWord\Shared\Html::addHtml()
#44 /var/www/CRM/src/EcclesiaCRM/APIControllers/DocumentCKEditorController.php(153): EcclesiaCRM\Utils\MiscUtils::saveHtmlAsWordFilePhpWord()
#45 /var/www/CRM/src/vendor/slim/slim/Slim/Handlers/Strategies/RequestResponse.php(43): EcclesiaCRM\APIControllers\DocumentCKEditorController->saveAsWordFile()
#46 /var/www/CRM/src/vendor/slim/slim/Slim/Routing/Route.php(384): Slim\Handlers\Strategies\RequestResponse->__invoke()
#47 /var/www/CRM/src/vendor/slim/slim/Slim/MiddlewareDispatcher.php(81): Slim\Routing\Route->handle()
#48 /var/www/CRM/src/vendor/slim/slim/Slim/MiddlewareDispatcher.php(81): Slim\MiddlewareDispatcher->handle()
#49 /var/www/CRM/src/vendor/slim/slim/Slim/Routing/Route.php(341): Slim\MiddlewareDispatcher->handle()
#50 /var/www/CRM/src/vendor/slim/slim/Slim/Routing/RouteRunner.php(84): Slim\Routing\Route->run()
#51 /var/www/CRM/src/EcclesiaCRM/Slim/Middleware/VersionMiddleware.php(17): Slim\Routing\RouteRunner->handle()
#52 /var/www/CRM/src/vendor/slim/slim/Slim/MiddlewareDispatcher.php(313): EcclesiaCRM\Slim\Middleware\VersionMiddleware->__invoke()
#53 /var/www/CRM/src/vendor/tuupola/slim-jwt-auth/src/JwtAuthentication.php(132): Psr\Http\Server\RequestHandlerInterface@anonymous->handle()
#54 /var/www/CRM/src/vendor/slim/slim/Slim/MiddlewareDispatcher.php(147): Tuupola\Middleware\JwtAuthentication->process()
#55 /var/www/CRM/src/vendor/slim/slim/Slim/Middleware/ErrorMiddleware.php(107): Psr\Http\Server\RequestHandlerInterface@anonymous->handle()
#56 /var/www/CRM/src/vendor/slim/slim/Slim/MiddlewareDispatcher.php(147): Slim\Middleware\ErrorMiddleware->process()
#57 /var/www/CRM/src/vendor/slim/slim/Slim/MiddlewareDispatcher.php(81): Psr\Http\Server\RequestHandlerInterface@anonymous->handle()
#58 /var/www/CRM/src/vendor/slim/slim/Slim/App.php(215): Slim\MiddlewareDispatcher->handle()
#59 /var/www/CRM/src/vendor/slim/slim/Slim/App.php(199): Slim\App->handle()
#60 /var/www/CRM/src/api/index.php(135): Slim\App->run()
#61 {main}
