[21-Jun-2022 08:21:01 Europe/Paris] Slim Application Error
Type: Propel\Runtime\ActiveQuery\QueryExecutor\QueryExecutionException
Code: 0
Message: Unable to execute statement [SELECT wfe_container_content.wf_cc_id, wfe_container_content.wf_cc_time, wfe_container_content.wf_cc_date, wfe_container_content.wf_cc_name, wfe_container_content.wf_cc_container_id, wfe_container_content.wf_cc_note_title, wfe_container_content.wf_cc_note FROM wfe_container_content WHERE wfe_container_content.wf_cc_time=:p1 LIMIT 1]
File: /var/www/CRM/src/vendor/propel/propel/src/Propel/Runtime/ActiveQuery/QueryExecutor/AbstractQueryExecutor.php
Line: 136
Trace: #0 /var/www/CRM/src/vendor/propel/propel/src/Propel/Runtime/ActiveQuery/QueryExecutor/AbstractQueryExecutor.php(105): Propel\Runtime\ActiveQuery\QueryExecutor\AbstractQueryExecutor->handleStatementException()
#1 /var/www/CRM/src/vendor/propel/propel/src/Propel/Runtime/ActiveQuery/QueryExecutor/SelectQueryExecutor.php(49): Propel\Runtime\ActiveQuery\QueryExecutor\AbstractQueryExecutor->executeStatement()
#2 /var/www/CRM/src/vendor/propel/propel/src/Propel/Runtime/ActiveQuery/QueryExecutor/SelectQueryExecutor.php(37): Propel\Runtime\ActiveQuery\QueryExecutor\SelectQueryExecutor->runSelect()
#3 /var/www/CRM/src/vendor/propel/propel/src/Propel/Runtime/ActiveQuery/Criteria.php(2322): Propel\Runtime\ActiveQuery\QueryExecutor\SelectQueryExecutor::execute()
#4 /var/www/CRM/src/vendor/propel/propel/src/Propel/Runtime/ActiveQuery/ModelCriteria.php(2211): Propel\Runtime\ActiveQuery\Criteria->doSelect()
#5 /var/www/CRM/src/vendor/propel/propel/src/Propel/Runtime/ActiveQuery/ModelCriteria.php(1270): Propel\Runtime\ActiveQuery\ModelCriteria->doSelect()
#6 /var/www/eventworkflow/src/core/APIControllers/EventWorkflowController.php(564): Propel\Runtime\ActiveQuery\ModelCriteria->findOne()
#7 /var/www/CRM/src/vendor/slim/slim/Slim/Handlers/Strategies/RequestResponse.php(43): Plugins\APIControllers\EventWorkflowController->addContent()
#8 /var/www/CRM/src/vendor/slim/slim/Slim/Routing/Route.php(384): Slim\Handlers\Strategies\RequestResponse->__invoke()
#9 /var/www/CRM/src/vendor/slim/slim/Slim/MiddlewareDispatcher.php(81): Slim\Routing\Route->handle()
#10 /var/www/CRM/src/vendor/slim/slim/Slim/MiddlewareDispatcher.php(81): Slim\MiddlewareDispatcher->handle()
#11 /var/www/CRM/src/vendor/slim/slim/Slim/Routing/Route.php(341): Slim\MiddlewareDispatcher->handle()
#12 /var/www/CRM/src/vendor/slim/slim/Slim/Routing/RouteRunner.php(84): Slim\Routing\Route->run()
#13 /var/www/CRM/src/EcclesiaCRM/Slim/Middleware/VersionMiddleware.php(17): Slim\Routing\RouteRunner->handle()
#14 /var/www/CRM/src/vendor/slim/slim/Slim/MiddlewareDispatcher.php(313): EcclesiaCRM\Slim\Middleware\VersionMiddleware->__invoke()
#15 /var/www/CRM/src/vendor/tuupola/slim-jwt-auth/src/JwtAuthentication.php(132): class@anonymous->handle()
#16 /var/www/CRM/src/vendor/slim/slim/Slim/MiddlewareDispatcher.php(147): Tuupola\Middleware\JwtAuthentication->process()
#17 /var/www/CRM/src/vendor/slim/slim/Slim/Middleware/ErrorMiddleware.php(107): class@anonymous->handle()
#18 /var/www/CRM/src/vendor/slim/slim/Slim/MiddlewareDispatcher.php(147): Slim\Middleware\ErrorMiddleware->process()
#19 /var/www/CRM/src/vendor/slim/slim/Slim/MiddlewareDispatcher.php(81): class@anonymous->handle()
#20 /var/www/CRM/src/vendor/slim/slim/Slim/App.php(215): Slim\MiddlewareDispatcher->handle()
#21 /var/www/CRM/src/vendor/slim/slim/Slim/App.php(199): Slim\App->handle()
#22 /var/www/CRM/src/api/index.php(145): Slim\App->run()
#23 {main}
Previous Error:
Type: Propel\Runtime\Exception\PropelException
Code: 0
Message: Error parsing date/time value: '12:00 PM:10'
File: /var/www/CRM/src/vendor/propel/propel/src/Propel/Runtime/Util/PropelDateTime.php
Line: 139
Trace: #0 /var/www/CRM/src/vendor/propel/propel/src/Propel/Runtime/Adapter/Pdo/PdoAdapter.php(328): Propel\Runtime\Util\PropelDateTime::newInstance()
#1 /var/www/CRM/src/vendor/propel/propel/src/Propel/Runtime/Adapter/Pdo/MysqlAdapter.php(175): Propel\Runtime\Adapter\Pdo\PdoAdapter->formatTemporalValue()
#2 /var/www/CRM/src/vendor/propel/propel/src/Propel/Runtime/Adapter/Pdo/PdoAdapter.php(584): Propel\Runtime\Adapter\Pdo\MysqlAdapter->bindValue()
#3 /var/www/CRM/src/vendor/propel/propel/src/Propel/Runtime/ActiveQuery/QueryExecutor/AbstractQueryExecutor.php(101): Propel\Runtime\Adapter\Pdo\PdoAdapter->bindValues()
#4 /var/www/CRM/src/vendor/propel/propel/src/Propel/Runtime/ActiveQuery/QueryExecutor/SelectQueryExecutor.php(49): Propel\Runtime\ActiveQuery\QueryExecutor\AbstractQueryExecutor->executeStatement()
#5 /var/www/CRM/src/vendor/propel/propel/src/Propel/Runtime/ActiveQuery/QueryExecutor/SelectQueryExecutor.php(37): Propel\Runtime\ActiveQuery\QueryExecutor\SelectQueryExecutor->runSelect()
#6 /var/www/CRM/src/vendor/propel/propel/src/Propel/Runtime/ActiveQuery/Criteria.php(2322): Propel\Runtime\ActiveQuery\QueryExecutor\SelectQueryExecutor::execute()
#7 /var/www/CRM/src/vendor/propel/propel/src/Propel/Runtime/ActiveQuery/ModelCriteria.php(2211): Propel\Runtime\ActiveQuery\Criteria->doSelect()
#8 /var/www/CRM/src/vendor/propel/propel/src/Propel/Runtime/ActiveQuery/ModelCriteria.php(1270): Propel\Runtime\ActiveQuery\ModelCriteria->doSelect()
#9 /var/www/eventworkflow/src/core/APIControllers/EventWorkflowController.php(564): Propel\Runtime\ActiveQuery\ModelCriteria->findOne()
#10 /var/www/CRM/src/vendor/slim/slim/Slim/Handlers/Strategies/RequestResponse.php(43): Plugins\APIControllers\EventWorkflowController->addContent()
#11 /var/www/CRM/src/vendor/slim/slim/Slim/Routing/Route.php(384): Slim\Handlers\Strategies\RequestResponse->__invoke()
#12 /var/www/CRM/src/vendor/slim/slim/Slim/MiddlewareDispatcher.php(81): Slim\Routing\Route->handle()
#13 /var/www/CRM/src/vendor/slim/slim/Slim/MiddlewareDispatcher.php(81): Slim\MiddlewareDispatcher->handle()
#14 /var/www/CRM/src/vendor/slim/slim/Slim/Routing/Route.php(341): Slim\MiddlewareDispatcher->handle()
#15 /var/www/CRM/src/vendor/slim/slim/Slim/Routing/RouteRunner.php(84): Slim\Routing\Route->run()
#16 /var/www/CRM/src/EcclesiaCRM/Slim/Middleware/VersionMiddleware.php(17): Slim\Routing\RouteRunner->handle()
#17 /var/www/CRM/src/vendor/slim/slim/Slim/MiddlewareDispatcher.php(313): EcclesiaCRM\Slim\Middleware\VersionMiddleware->__invoke()
#18 /var/www/CRM/src/vendor/tuupola/slim-jwt-auth/src/JwtAuthentication.php(132): class@anonymous->handle()
#19 /var/www/CRM/src/vendor/slim/slim/Slim/MiddlewareDispatcher.php(147): Tuupola\Middleware\JwtAuthentication->process()
#20 /var/www/CRM/src/vendor/slim/slim/Slim/Middleware/ErrorMiddleware.php(107): class@anonymous->handle()
#21 /var/www/CRM/src/vendor/slim/slim/Slim/MiddlewareDispatcher.php(147): Slim\Middleware\ErrorMiddleware->process()
#22 /var/www/CRM/src/vendor/slim/slim/Slim/MiddlewareDispatcher.php(81): class@anonymous->handle()
#23 /var/www/CRM/src/vendor/slim/slim/Slim/App.php(215): Slim\MiddlewareDispatcher->handle()
#24 /var/www/CRM/src/vendor/slim/slim/Slim/App.php(199): Slim\App->handle()
#25 /var/www/CRM/src/api/index.php(145): Slim\App->run()
#26 {main}
Previous Error:
Type: Exception
Code: 0
Message: DateTime::__construct(): Failed to parse time string (12:00 PM:10) at position 6 (P): The timezone could not be found in the database
File: /var/www/CRM/src/vendor/propel/propel/src/Propel/Runtime/Util/PropelDateTime.php
Line: 133
Trace: #0 /var/www/CRM/src/vendor/propel/propel/src/Propel/Runtime/Util/PropelDateTime.php(133): DateTime->__construct()
#1 /var/www/CRM/src/vendor/propel/propel/src/Propel/Runtime/Adapter/Pdo/PdoAdapter.php(328): Propel\Runtime\Util\PropelDateTime::newInstance()
#2 /var/www/CRM/src/vendor/propel/propel/src/Propel/Runtime/Adapter/Pdo/MysqlAdapter.php(175): Propel\Runtime\Adapter\Pdo\PdoAdapter->formatTemporalValue()
#3 /var/www/CRM/src/vendor/propel/propel/src/Propel/Runtime/Adapter/Pdo/PdoAdapter.php(584): Propel\Runtime\Adapter\Pdo\MysqlAdapter->bindValue()
#4 /var/www/CRM/src/vendor/propel/propel/src/Propel/Runtime/ActiveQuery/QueryExecutor/AbstractQueryExecutor.php(101): Propel\Runtime\Adapter\Pdo\PdoAdapter->bindValues()
#5 /var/www/CRM/src/vendor/propel/propel/src/Propel/Runtime/ActiveQuery/QueryExecutor/SelectQueryExecutor.php(49): Propel\Runtime\ActiveQuery\QueryExecutor\AbstractQueryExecutor->executeStatement()
#6 /var/www/CRM/src/vendor/propel/propel/src/Propel/Runtime/ActiveQuery/QueryExecutor/SelectQueryExecutor.php(37): Propel\Runtime\ActiveQuery\QueryExecutor\SelectQueryExecutor->runSelect()
#7 /var/www/CRM/src/vendor/propel/propel/src/Propel/Runtime/ActiveQuery/Criteria.php(2322): Propel\Runtime\ActiveQuery\QueryExecutor\SelectQueryExecutor::execute()
#8 /var/www/CRM/src/vendor/propel/propel/src/Propel/Runtime/ActiveQuery/ModelCriteria.php(2211): Propel\Runtime\ActiveQuery\Criteria->doSelect()
#9 /var/www/CRM/src/vendor/propel/propel/src/Propel/Runtime/ActiveQuery/ModelCriteria.php(1270): Propel\Runtime\ActiveQuery\ModelCriteria->doSelect()
#10 /var/www/eventworkflow/src/core/APIControllers/EventWorkflowController.php(564): Propel\Runtime\ActiveQuery\ModelCriteria->findOne()
#11 /var/www/CRM/src/vendor/slim/slim/Slim/Handlers/Strategies/RequestResponse.php(43): Plugins\APIControllers\EventWorkflowController->addContent()
#12 /var/www/CRM/src/vendor/slim/slim/Slim/Routing/Route.php(384): Slim\Handlers\Strategies\RequestResponse->__invoke()
#13 /var/www/CRM/src/vendor/slim/slim/Slim/MiddlewareDispatcher.php(81): Slim\Routing\Route->handle()
#14 /var/www/CRM/src/vendor/slim/slim/Slim/MiddlewareDispatcher.php(81): Slim\MiddlewareDispatcher->handle()
#15 /var/www/CRM/src/vendor/slim/slim/Slim/Routing/Route.php(341): Slim\MiddlewareDispatcher->handle()
#16 /var/www/CRM/src/vendor/slim/slim/Slim/Routing/RouteRunner.php(84): Slim\Routing\Route->run()
#17 /var/www/CRM/src/EcclesiaCRM/Slim/Middleware/VersionMiddleware.php(17): Slim\Routing\RouteRunner->handle()
#18 /var/www/CRM/src/vendor/slim/slim/Slim/MiddlewareDispatcher.php(313): EcclesiaCRM\Slim\Middleware\VersionMiddleware->__invoke()
#19 /var/www/CRM/src/vendor/tuupola/slim-jwt-auth/src/JwtAuthentication.php(132): class@anonymous->handle()
#20 /var/www/CRM/src/vendor/slim/slim/Slim/MiddlewareDispatcher.php(147): Tuupola\Middleware\JwtAuthentication->process()
#21 /var/www/CRM/src/vendor/slim/slim/Slim/Middleware/ErrorMiddleware.php(107): class@anonymous->handle()
#22 /var/www/CRM/src/vendor/slim/slim/Slim/MiddlewareDispatcher.php(147): Slim\Middleware\ErrorMiddleware->process()
#23 /var/www/CRM/src/vendor/slim/slim/Slim/MiddlewareDispatcher.php(81): class@anonymous->handle()
#24 /var/www/CRM/src/vendor/slim/slim/Slim/App.php(215): Slim\MiddlewareDispatcher->handle()
#25 /var/www/CRM/src/vendor/slim/slim/Slim/App.php(199): Slim\App->handle()
#26 /var/www/CRM/src/api/index.php(145): Slim\App->run()
#27 {main}
[21-Jun-2022 08:30:54 Europe/Paris] Slim Application Error
Type: Propel\Runtime\ActiveQuery\QueryExecutor\QueryExecutionException
Code: 0
Message: Unable to execute statement [SELECT wfe_container_content.wf_cc_id, wfe_container_content.wf_cc_time, wfe_container_content.wf_cc_date, wfe_container_content.wf_cc_name, wfe_container_content.wf_cc_container_id, wfe_container_content.wf_cc_note_title, wfe_container_content.wf_cc_note FROM wfe_container_content WHERE wfe_container_content.wf_cc_time=:p1 LIMIT 1]
File: /var/www/CRM/src/vendor/propel/propel/src/Propel/Runtime/ActiveQuery/QueryExecutor/AbstractQueryExecutor.php
Line: 136
Trace: #0 /var/www/CRM/src/vendor/propel/propel/src/Propel/Runtime/ActiveQuery/QueryExecutor/AbstractQueryExecutor.php(105): Propel\Runtime\ActiveQuery\QueryExecutor\AbstractQueryExecutor->handleStatementException()
#1 /var/www/CRM/src/vendor/propel/propel/src/Propel/Runtime/ActiveQuery/QueryExecutor/SelectQueryExecutor.php(49): Propel\Runtime\ActiveQuery\QueryExecutor\AbstractQueryExecutor->executeStatement()
#2 /var/www/CRM/src/vendor/propel/propel/src/Propel/Runtime/ActiveQuery/QueryExecutor/SelectQueryExecutor.php(37): Propel\Runtime\ActiveQuery\QueryExecutor\SelectQueryExecutor->runSelect()
#3 /var/www/CRM/src/vendor/propel/propel/src/Propel/Runtime/ActiveQuery/Criteria.php(2322): Propel\Runtime\ActiveQuery\QueryExecutor\SelectQueryExecutor::execute()
#4 /var/www/CRM/src/vendor/propel/propel/src/Propel/Runtime/ActiveQuery/ModelCriteria.php(2211): Propel\Runtime\ActiveQuery\Criteria->doSelect()
#5 /var/www/CRM/src/vendor/propel/propel/src/Propel/Runtime/ActiveQuery/ModelCriteria.php(1270): Propel\Runtime\ActiveQuery\ModelCriteria->doSelect()
#6 /var/www/eventworkflow/src/core/APIControllers/EventWorkflowController.php(564): Propel\Runtime\ActiveQuery\ModelCriteria->findOne()
#7 /var/www/CRM/src/vendor/slim/slim/Slim/Handlers/Strategies/RequestResponse.php(43): Plugins\APIControllers\EventWorkflowController->addContent()
#8 /var/www/CRM/src/vendor/slim/slim/Slim/Routing/Route.php(384): Slim\Handlers\Strategies\RequestResponse->__invoke()
#9 /var/www/CRM/src/vendor/slim/slim/Slim/MiddlewareDispatcher.php(81): Slim\Routing\Route->handle()
#10 /var/www/CRM/src/vendor/slim/slim/Slim/MiddlewareDispatcher.php(81): Slim\MiddlewareDispatcher->handle()
#11 /var/www/CRM/src/vendor/slim/slim/Slim/Routing/Route.php(341): Slim\MiddlewareDispatcher->handle()
#12 /var/www/CRM/src/vendor/slim/slim/Slim/Routing/RouteRunner.php(84): Slim\Routing\Route->run()
#13 /var/www/CRM/src/EcclesiaCRM/Slim/Middleware/VersionMiddleware.php(17): Slim\Routing\RouteRunner->handle()
#14 /var/www/CRM/src/vendor/slim/slim/Slim/MiddlewareDispatcher.php(313): EcclesiaCRM\Slim\Middleware\VersionMiddleware->__invoke()
#15 /var/www/CRM/src/vendor/tuupola/slim-jwt-auth/src/JwtAuthentication.php(132): class@anonymous->handle()
#16 /var/www/CRM/src/vendor/slim/slim/Slim/MiddlewareDispatcher.php(147): Tuupola\Middleware\JwtAuthentication->process()
#17 /var/www/CRM/src/vendor/slim/slim/Slim/Middleware/ErrorMiddleware.php(107): class@anonymous->handle()
#18 /var/www/CRM/src/vendor/slim/slim/Slim/MiddlewareDispatcher.php(147): Slim\Middleware\ErrorMiddleware->process()
#19 /var/www/CRM/src/vendor/slim/slim/Slim/MiddlewareDispatcher.php(81): class@anonymous->handle()
#20 /var/www/CRM/src/vendor/slim/slim/Slim/App.php(215): Slim\MiddlewareDispatcher->handle()
#21 /var/www/CRM/src/vendor/slim/slim/Slim/App.php(199): Slim\App->handle()
#22 /var/www/CRM/src/api/index.php(145): Slim\App->run()
#23 {main}
Previous Error:
Type: Propel\Runtime\Exception\PropelException
Code: 0
Message: Error parsing date/time value: 'Invalid date:10'
File: /var/www/CRM/src/vendor/propel/propel/src/Propel/Runtime/Util/PropelDateTime.php
Line: 139
Trace: #0 /var/www/CRM/src/vendor/propel/propel/src/Propel/Runtime/Adapter/Pdo/PdoAdapter.php(328): Propel\Runtime\Util\PropelDateTime::newInstance()
#1 /var/www/CRM/src/vendor/propel/propel/src/Propel/Runtime/Adapter/Pdo/MysqlAdapter.php(175): Propel\Runtime\Adapter\Pdo\PdoAdapter->formatTemporalValue()
#2 /var/www/CRM/src/vendor/propel/propel/src/Propel/Runtime/Adapter/Pdo/PdoAdapter.php(584): Propel\Runtime\Adapter\Pdo\MysqlAdapter->bindValue()
#3 /var/www/CRM/src/vendor/propel/propel/src/Propel/Runtime/ActiveQuery/QueryExecutor/AbstractQueryExecutor.php(101): Propel\Runtime\Adapter\Pdo\PdoAdapter->bindValues()
#4 /var/www/CRM/src/vendor/propel/propel/src/Propel/Runtime/ActiveQuery/QueryExecutor/SelectQueryExecutor.php(49): Propel\Runtime\ActiveQuery\QueryExecutor\AbstractQueryExecutor->executeStatement()
#5 /var/www/CRM/src/vendor/propel/propel/src/Propel/Runtime/ActiveQuery/QueryExecutor/SelectQueryExecutor.php(37): Propel\Runtime\ActiveQuery\QueryExecutor\SelectQueryExecutor->runSelect()
#6 /var/www/CRM/src/vendor/propel/propel/src/Propel/Runtime/ActiveQuery/Criteria.php(2322): Propel\Runtime\ActiveQuery\QueryExecutor\SelectQueryExecutor::execute()
#7 /var/www/CRM/src/vendor/propel/propel/src/Propel/Runtime/ActiveQuery/ModelCriteria.php(2211): Propel\Runtime\ActiveQuery\Criteria->doSelect()
#8 /var/www/CRM/src/vendor/propel/propel/src/Propel/Runtime/ActiveQuery/ModelCriteria.php(1270): Propel\Runtime\ActiveQuery\ModelCriteria->doSelect()
#9 /var/www/eventworkflow/src/core/APIControllers/EventWorkflowController.php(564): Propel\Runtime\ActiveQuery\ModelCriteria->findOne()
#10 /var/www/CRM/src/vendor/slim/slim/Slim/Handlers/Strategies/RequestResponse.php(43): Plugins\APIControllers\EventWorkflowController->addContent()
#11 /var/www/CRM/src/vendor/slim/slim/Slim/Routing/Route.php(384): Slim\Handlers\Strategies\RequestResponse->__invoke()
#12 /var/www/CRM/src/vendor/slim/slim/Slim/MiddlewareDispatcher.php(81): Slim\Routing\Route->handle()
#13 /var/www/CRM/src/vendor/slim/slim/Slim/MiddlewareDispatcher.php(81): Slim\MiddlewareDispatcher->handle()
#14 /var/www/CRM/src/vendor/slim/slim/Slim/Routing/Route.php(341): Slim\MiddlewareDispatcher->handle()
#15 /var/www/CRM/src/vendor/slim/slim/Slim/Routing/RouteRunner.php(84): Slim\Routing\Route->run()
#16 /var/www/CRM/src/EcclesiaCRM/Slim/Middleware/VersionMiddleware.php(17): Slim\Routing\RouteRunner->handle()
#17 /var/www/CRM/src/vendor/slim/slim/Slim/MiddlewareDispatcher.php(313): EcclesiaCRM\Slim\Middleware\VersionMiddleware->__invoke()
#18 /var/www/CRM/src/vendor/tuupola/slim-jwt-auth/src/JwtAuthentication.php(132): class@anonymous->handle()
#19 /var/www/CRM/src/vendor/slim/slim/Slim/MiddlewareDispatcher.php(147): Tuupola\Middleware\JwtAuthentication->process()
#20 /var/www/CRM/src/vendor/slim/slim/Slim/Middleware/ErrorMiddleware.php(107): class@anonymous->handle()
#21 /var/www/CRM/src/vendor/slim/slim/Slim/MiddlewareDispatcher.php(147): Slim\Middleware\ErrorMiddleware->process()
#22 /var/www/CRM/src/vendor/slim/slim/Slim/MiddlewareDispatcher.php(81): class@anonymous->handle()
#23 /var/www/CRM/src/vendor/slim/slim/Slim/App.php(215): Slim\MiddlewareDispatcher->handle()
#24 /var/www/CRM/src/vendor/slim/slim/Slim/App.php(199): Slim\App->handle()
#25 /var/www/CRM/src/api/index.php(145): Slim\App->run()
#26 {main}
Previous Error:
Type: Exception
Code: 0
Message: DateTime::__construct(): Failed to parse time string (Invalid date:10) at position 0 (I): The timezone could not be found in the database
File: /var/www/CRM/src/vendor/propel/propel/src/Propel/Runtime/Util/PropelDateTime.php
Line: 133
Trace: #0 /var/www/CRM/src/vendor/propel/propel/src/Propel/Runtime/Util/PropelDateTime.php(133): DateTime->__construct()
#1 /var/www/CRM/src/vendor/propel/propel/src/Propel/Runtime/Adapter/Pdo/PdoAdapter.php(328): Propel\Runtime\Util\PropelDateTime::newInstance()
#2 /var/www/CRM/src/vendor/propel/propel/src/Propel/Runtime/Adapter/Pdo/MysqlAdapter.php(175): Propel\Runtime\Adapter\Pdo\PdoAdapter->formatTemporalValue()
#3 /var/www/CRM/src/vendor/propel/propel/src/Propel/Runtime/Adapter/Pdo/PdoAdapter.php(584): Propel\Runtime\Adapter\Pdo\MysqlAdapter->bindValue()
#4 /var/www/CRM/src/vendor/propel/propel/src/Propel/Runtime/ActiveQuery/QueryExecutor/AbstractQueryExecutor.php(101): Propel\Runtime\Adapter\Pdo\PdoAdapter->bindValues()
#5 /var/www/CRM/src/vendor/propel/propel/src/Propel/Runtime/ActiveQuery/QueryExecutor/SelectQueryExecutor.php(49): Propel\Runtime\ActiveQuery\QueryExecutor\AbstractQueryExecutor->executeStatement()
#6 /var/www/CRM/src/vendor/propel/propel/src/Propel/Runtime/ActiveQuery/QueryExecutor/SelectQueryExecutor.php(37): Propel\Runtime\ActiveQuery\QueryExecutor\SelectQueryExecutor->runSelect()
#7 /var/www/CRM/src/vendor/propel/propel/src/Propel/Runtime/ActiveQuery/Criteria.php(2322): Propel\Runtime\ActiveQuery\QueryExecutor\SelectQueryExecutor::execute()
#8 /var/www/CRM/src/vendor/propel/propel/src/Propel/Runtime/ActiveQuery/ModelCriteria.php(2211): Propel\Runtime\ActiveQuery\Criteria->doSelect()
#9 /var/www/CRM/src/vendor/propel/propel/src/Propel/Runtime/ActiveQuery/ModelCriteria.php(1270): Propel\Runtime\ActiveQuery\ModelCriteria->doSelect()
#10 /var/www/eventworkflow/src/core/APIControllers/EventWorkflowController.php(564): Propel\Runtime\ActiveQuery\ModelCriteria->findOne()
#11 /var/www/CRM/src/vendor/slim/slim/Slim/Handlers/Strategies/RequestResponse.php(43): Plugins\APIControllers\EventWorkflowController->addContent()
#12 /var/www/CRM/src/vendor/slim/slim/Slim/Routing/Route.php(384): Slim\Handlers\Strategies\RequestResponse->__invoke()
#13 /var/www/CRM/src/vendor/slim/slim/Slim/MiddlewareDispatcher.php(81): Slim\Routing\Route->handle()
#14 /var/www/CRM/src/vendor/slim/slim/Slim/MiddlewareDispatcher.php(81): Slim\MiddlewareDispatcher->handle()
#15 /var/www/CRM/src/vendor/slim/slim/Slim/Routing/Route.php(341): Slim\MiddlewareDispatcher->handle()
#16 /var/www/CRM/src/vendor/slim/slim/Slim/Routing/RouteRunner.php(84): Slim\Routing\Route->run()
#17 /var/www/CRM/src/EcclesiaCRM/Slim/Middleware/VersionMiddleware.php(17): Slim\Routing\RouteRunner->handle()
#18 /var/www/CRM/src/vendor/slim/slim/Slim/MiddlewareDispatcher.php(313): EcclesiaCRM\Slim\Middleware\VersionMiddleware->__invoke()
#19 /var/www/CRM/src/vendor/tuupola/slim-jwt-auth/src/JwtAuthentication.php(132): class@anonymous->handle()
#20 /var/www/CRM/src/vendor/slim/slim/Slim/MiddlewareDispatcher.php(147): Tuupola\Middleware\JwtAuthentication->process()
#21 /var/www/CRM/src/vendor/slim/slim/Slim/Middleware/ErrorMiddleware.php(107): class@anonymous->handle()
#22 /var/www/CRM/src/vendor/slim/slim/Slim/MiddlewareDispatcher.php(147): Slim\Middleware\ErrorMiddleware->process()
#23 /var/www/CRM/src/vendor/slim/slim/Slim/MiddlewareDispatcher.php(81): class@anonymous->handle()
#24 /var/www/CRM/src/vendor/slim/slim/Slim/App.php(215): Slim\MiddlewareDispatcher->handle()
#25 /var/www/CRM/src/vendor/slim/slim/Slim/App.php(199): Slim\App->handle()
#26 /var/www/CRM/src/api/index.php(145): Slim\App->run()
#27 {main}
[21-Jun-2022 08:41:03 Europe/Paris] Slim Application Error
Type: Propel\Runtime\ActiveQuery\QueryExecutor\QueryExecutionException
Code: 0
Message: Unable to execute statement [SELECT wfe_container_content.wf_cc_id, wfe_container_content.wf_cc_time, wfe_container_content.wf_cc_date, wfe_container_content.wf_cc_name, wfe_container_content.wf_cc_container_id, wfe_container_content.wf_cc_note_title, wfe_container_content.wf_cc_note FROM wfe_container_content WHERE wfe_container_content.wf_cc_date=:p1 LIMIT 1]
File: /var/www/CRM/src/vendor/propel/propel/src/Propel/Runtime/ActiveQuery/QueryExecutor/AbstractQueryExecutor.php
Line: 136
Trace: #0 /var/www/CRM/src/vendor/propel/propel/src/Propel/Runtime/ActiveQuery/QueryExecutor/AbstractQueryExecutor.php(105): Propel\Runtime\ActiveQuery\QueryExecutor\AbstractQueryExecutor->handleStatementException()
#1 /var/www/CRM/src/vendor/propel/propel/src/Propel/Runtime/ActiveQuery/QueryExecutor/SelectQueryExecutor.php(49): Propel\Runtime\ActiveQuery\QueryExecutor\AbstractQueryExecutor->executeStatement()
#2 /var/www/CRM/src/vendor/propel/propel/src/Propel/Runtime/ActiveQuery/QueryExecutor/SelectQueryExecutor.php(37): Propel\Runtime\ActiveQuery\QueryExecutor\SelectQueryExecutor->runSelect()
#3 /var/www/CRM/src/vendor/propel/propel/src/Propel/Runtime/ActiveQuery/Criteria.php(2322): Propel\Runtime\ActiveQuery\QueryExecutor\SelectQueryExecutor::execute()
#4 /var/www/CRM/src/vendor/propel/propel/src/Propel/Runtime/ActiveQuery/ModelCriteria.php(2211): Propel\Runtime\ActiveQuery\Criteria->doSelect()
#5 /var/www/CRM/src/vendor/propel/propel/src/Propel/Runtime/ActiveQuery/ModelCriteria.php(1270): Propel\Runtime\ActiveQuery\ModelCriteria->doSelect()
#6 /var/www/eventworkflow/src/core/APIControllers/EventWorkflowController.php(554): Propel\Runtime\ActiveQuery\ModelCriteria->findOne()
#7 /var/www/CRM/src/vendor/slim/slim/Slim/Handlers/Strategies/RequestResponse.php(43): Plugins\APIControllers\EventWorkflowController->addContent()
#8 /var/www/CRM/src/vendor/slim/slim/Slim/Routing/Route.php(384): Slim\Handlers\Strategies\RequestResponse->__invoke()
#9 /var/www/CRM/src/vendor/slim/slim/Slim/MiddlewareDispatcher.php(81): Slim\Routing\Route->handle()
#10 /var/www/CRM/src/vendor/slim/slim/Slim/MiddlewareDispatcher.php(81): Slim\MiddlewareDispatcher->handle()
#11 /var/www/CRM/src/vendor/slim/slim/Slim/Routing/Route.php(341): Slim\MiddlewareDispatcher->handle()
#12 /var/www/CRM/src/vendor/slim/slim/Slim/Routing/RouteRunner.php(84): Slim\Routing\Route->run()
#13 /var/www/CRM/src/EcclesiaCRM/Slim/Middleware/VersionMiddleware.php(17): Slim\Routing\RouteRunner->handle()
#14 /var/www/CRM/src/vendor/slim/slim/Slim/MiddlewareDispatcher.php(313): EcclesiaCRM\Slim\Middleware\VersionMiddleware->__invoke()
#15 /var/www/CRM/src/vendor/tuupola/slim-jwt-auth/src/JwtAuthentication.php(132): class@anonymous->handle()
#16 /var/www/CRM/src/vendor/slim/slim/Slim/MiddlewareDispatcher.php(147): Tuupola\Middleware\JwtAuthentication->process()
#17 /var/www/CRM/src/vendor/slim/slim/Slim/Middleware/ErrorMiddleware.php(107): class@anonymous->handle()
#18 /var/www/CRM/src/vendor/slim/slim/Slim/MiddlewareDispatcher.php(147): Slim\Middleware\ErrorMiddleware->process()
#19 /var/www/CRM/src/vendor/slim/slim/Slim/MiddlewareDispatcher.php(81): class@anonymous->handle()
#20 /var/www/CRM/src/vendor/slim/slim/Slim/App.php(215): Slim\MiddlewareDispatcher->handle()
#21 /var/www/CRM/src/vendor/slim/slim/Slim/App.php(199): Slim\App->handle()
#22 /var/www/CRM/src/api/index.php(145): Slim\App->run()
#23 {main}
Previous Error:
Type: Propel\Runtime\Exception\PropelException
Code: 0
Message: Error parsing date/time value: '2022-05-17 11:00 AM:10'
File: /var/www/CRM/src/vendor/propel/propel/src/Propel/Runtime/Util/PropelDateTime.php
Line: 139
Trace: #0 /var/www/CRM/src/vendor/propel/propel/src/Propel/Runtime/Adapter/Pdo/PdoAdapter.php(328): Propel\Runtime\Util\PropelDateTime::newInstance()
#1 /var/www/CRM/src/vendor/propel/propel/src/Propel/Runtime/Adapter/Pdo/MysqlAdapter.php(175): Propel\Runtime\Adapter\Pdo\PdoAdapter->formatTemporalValue()
#2 /var/www/CRM/src/vendor/propel/propel/src/Propel/Runtime/Adapter/Pdo/PdoAdapter.php(584): Propel\Runtime\Adapter\Pdo\MysqlAdapter->bindValue()
#3 /var/www/CRM/src/vendor/propel/propel/src/Propel/Runtime/ActiveQuery/QueryExecutor/AbstractQueryExecutor.php(101): Propel\Runtime\Adapter\Pdo\PdoAdapter->bindValues()
#4 /var/www/CRM/src/vendor/propel/propel/src/Propel/Runtime/ActiveQuery/QueryExecutor/SelectQueryExecutor.php(49): Propel\Runtime\ActiveQuery\QueryExecutor\AbstractQueryExecutor->executeStatement()
#5 /var/www/CRM/src/vendor/propel/propel/src/Propel/Runtime/ActiveQuery/QueryExecutor/SelectQueryExecutor.php(37): Propel\Runtime\ActiveQuery\QueryExecutor\SelectQueryExecutor->runSelect()
#6 /var/www/CRM/src/vendor/propel/propel/src/Propel/Runtime/ActiveQuery/Criteria.php(2322): Propel\Runtime\ActiveQuery\QueryExecutor\SelectQueryExecutor::execute()
#7 /var/www/CRM/src/vendor/propel/propel/src/Propel/Runtime/ActiveQuery/ModelCriteria.php(2211): Propel\Runtime\ActiveQuery\Criteria->doSelect()
#8 /var/www/CRM/src/vendor/propel/propel/src/Propel/Runtime/ActiveQuery/ModelCriteria.php(1270): Propel\Runtime\ActiveQuery\ModelCriteria->doSelect()
#9 /var/www/eventworkflow/src/core/APIControllers/EventWorkflowController.php(554): Propel\Runtime\ActiveQuery\ModelCriteria->findOne()
#10 /var/www/CRM/src/vendor/slim/slim/Slim/Handlers/Strategies/RequestResponse.php(43): Plugins\APIControllers\EventWorkflowController->addContent()
#11 /var/www/CRM/src/vendor/slim/slim/Slim/Routing/Route.php(384): Slim\Handlers\Strategies\RequestResponse->__invoke()
#12 /var/www/CRM/src/vendor/slim/slim/Slim/MiddlewareDispatcher.php(81): Slim\Routing\Route->handle()
#13 /var/www/CRM/src/vendor/slim/slim/Slim/MiddlewareDispatcher.php(81): Slim\MiddlewareDispatcher->handle()
#14 /var/www/CRM/src/vendor/slim/slim/Slim/Routing/Route.php(341): Slim\MiddlewareDispatcher->handle()
#15 /var/www/CRM/src/vendor/slim/slim/Slim/Routing/RouteRunner.php(84): Slim\Routing\Route->run()
#16 /var/www/CRM/src/EcclesiaCRM/Slim/Middleware/VersionMiddleware.php(17): Slim\Routing\RouteRunner->handle()
#17 /var/www/CRM/src/vendor/slim/slim/Slim/MiddlewareDispatcher.php(313): EcclesiaCRM\Slim\Middleware\VersionMiddleware->__invoke()
#18 /var/www/CRM/src/vendor/tuupola/slim-jwt-auth/src/JwtAuthentication.php(132): class@anonymous->handle()
#19 /var/www/CRM/src/vendor/slim/slim/Slim/MiddlewareDispatcher.php(147): Tuupola\Middleware\JwtAuthentication->process()
#20 /var/www/CRM/src/vendor/slim/slim/Slim/Middleware/ErrorMiddleware.php(107): class@anonymous->handle()
#21 /var/www/CRM/src/vendor/slim/slim/Slim/MiddlewareDispatcher.php(147): Slim\Middleware\ErrorMiddleware->process()
#22 /var/www/CRM/src/vendor/slim/slim/Slim/MiddlewareDispatcher.php(81): class@anonymous->handle()
#23 /var/www/CRM/src/vendor/slim/slim/Slim/App.php(215): Slim\MiddlewareDispatcher->handle()
#24 /var/www/CRM/src/vendor/slim/slim/Slim/App.php(199): Slim\App->handle()
#25 /var/www/CRM/src/api/index.php(145): Slim\App->run()
#26 {main}
Previous Error:
Type: Exception
Code: 0
Message: DateTime::__construct(): Failed to parse time string (2022-05-17 11:00 AM:10) at position 17 (A): The timezone could not be found in the database
File: /var/www/CRM/src/vendor/propel/propel/src/Propel/Runtime/Util/PropelDateTime.php
Line: 133
Trace: #0 /var/www/CRM/src/vendor/propel/propel/src/Propel/Runtime/Util/PropelDateTime.php(133): DateTime->__construct()
#1 /var/www/CRM/src/vendor/propel/propel/src/Propel/Runtime/Adapter/Pdo/PdoAdapter.php(328): Propel\Runtime\Util\PropelDateTime::newInstance()
#2 /var/www/CRM/src/vendor/propel/propel/src/Propel/Runtime/Adapter/Pdo/MysqlAdapter.php(175): Propel\Runtime\Adapter\Pdo\PdoAdapter->formatTemporalValue()
#3 /var/www/CRM/src/vendor/propel/propel/src/Propel/Runtime/Adapter/Pdo/PdoAdapter.php(584): Propel\Runtime\Adapter\Pdo\MysqlAdapter->bindValue()
#4 /var/www/CRM/src/vendor/propel/propel/src/Propel/Runtime/ActiveQuery/QueryExecutor/AbstractQueryExecutor.php(101): Propel\Runtime\Adapter\Pdo\PdoAdapter->bindValues()
#5 /var/www/CRM/src/vendor/propel/propel/src/Propel/Runtime/ActiveQuery/QueryExecutor/SelectQueryExecutor.php(49): Propel\Runtime\ActiveQuery\QueryExecutor\AbstractQueryExecutor->executeStatement()
#6 /var/www/CRM/src/vendor/propel/propel/src/Propel/Runtime/ActiveQuery/QueryExecutor/SelectQueryExecutor.php(37): Propel\Runtime\ActiveQuery\QueryExecutor\SelectQueryExecutor->runSelect()
#7 /var/www/CRM/src/vendor/propel/propel/src/Propel/Runtime/ActiveQuery/Criteria.php(2322): Propel\Runtime\ActiveQuery\QueryExecutor\SelectQueryExecutor::execute()
#8 /var/www/CRM/src/vendor/propel/propel/src/Propel/Runtime/ActiveQuery/ModelCriteria.php(2211): Propel\Runtime\ActiveQuery\Criteria->doSelect()
#9 /var/www/CRM/src/vendor/propel/propel/src/Propel/Runtime/ActiveQuery/ModelCriteria.php(1270): Propel\Runtime\ActiveQuery\ModelCriteria->doSelect()
#10 /var/www/eventworkflow/src/core/APIControllers/EventWorkflowController.php(554): Propel\Runtime\ActiveQuery\ModelCriteria->findOne()
#11 /var/www/CRM/src/vendor/slim/slim/Slim/Handlers/Strategies/RequestResponse.php(43): Plugins\APIControllers\EventWorkflowController->addContent()
#12 /var/www/CRM/src/vendor/slim/slim/Slim/Routing/Route.php(384): Slim\Handlers\Strategies\RequestResponse->__invoke()
#13 /var/www/CRM/src/vendor/slim/slim/Slim/MiddlewareDispatcher.php(81): Slim\Routing\Route->handle()
#14 /var/www/CRM/src/vendor/slim/slim/Slim/MiddlewareDispatcher.php(81): Slim\MiddlewareDispatcher->handle()
#15 /var/www/CRM/src/vendor/slim/slim/Slim/Routing/Route.php(341): Slim\MiddlewareDispatcher->handle()
#16 /var/www/CRM/src/vendor/slim/slim/Slim/Routing/RouteRunner.php(84): Slim\Routing\Route->run()
#17 /var/www/CRM/src/EcclesiaCRM/Slim/Middleware/VersionMiddleware.php(17): Slim\Routing\RouteRunner->handle()
#18 /var/www/CRM/src/vendor/slim/slim/Slim/MiddlewareDispatcher.php(313): EcclesiaCRM\Slim\Middleware\VersionMiddleware->__invoke()
#19 /var/www/CRM/src/vendor/tuupola/slim-jwt-auth/src/JwtAuthentication.php(132): class@anonymous->handle()
#20 /var/www/CRM/src/vendor/slim/slim/Slim/MiddlewareDispatcher.php(147): Tuupola\Middleware\JwtAuthentication->process()
#21 /var/www/CRM/src/vendor/slim/slim/Slim/Middleware/ErrorMiddleware.php(107): class@anonymous->handle()
#22 /var/www/CRM/src/vendor/slim/slim/Slim/MiddlewareDispatcher.php(147): Slim\Middleware\ErrorMiddleware->process()
#23 /var/www/CRM/src/vendor/slim/slim/Slim/MiddlewareDispatcher.php(81): class@anonymous->handle()
#24 /var/www/CRM/src/vendor/slim/slim/Slim/App.php(215): Slim\MiddlewareDispatcher->handle()
#25 /var/www/CRM/src/vendor/slim/slim/Slim/App.php(199): Slim\App->handle()
#26 /var/www/CRM/src/api/index.php(145): Slim\App->run()
#27 {main}
