[2022-02-01 17:55:13] ormLogger.ERROR: SQLSTATE[23000]: Integrity constraint violation: 1062 Duplicate entry '757-41' for key 'event_attend.event_id' [] []
[2022-02-01 17:55:13] ormLogger.ERROR: SQLSTATE[23000]: Integrity constraint violation: 1062 Duplicate entry '757-83' for key 'event_attend.event_id' [] []
[2022-02-01 17:55:13] ormLogger.ERROR: SQLSTATE[23000]: Integrity constraint violation: 1062 Duplicate entry '757-187' for key 'event_attend.event_id' [] []
[2022-02-01 17:55:13] ormLogger.ERROR: SQLSTATE[23000]: Integrity constraint violation: 1062 Duplicate entry '757-188' for key 'event_attend.event_id' [] []
[2022-02-01 17:55:13] ormLogger.ERROR: SQLSTATE[23000]: Integrity constraint violation: 1062 Duplicate entry '757-375' for key 'event_attend.event_id' [] []
[2022-02-01 17:55:13] ormLogger.ERROR: SQLSTATE[23000]: Integrity constraint violation: 1062 Duplicate entry '757-376' for key 'event_attend.event_id' [] []
[2022-02-01 17:55:13] ormLogger.ERROR: SQLSTATE[23000]: Integrity constraint violation: 1062 Duplicate entry '757-832' for key 'event_attend.event_id' [] []
[2022-02-01 17:55:13] ormLogger.ERROR: SQLSTATE[23000]: Integrity constraint violation: 1062 Duplicate entry '757-1285' for key 'event_attend.event_id' [] []
[2022-02-01 17:55:13] ormLogger.ERROR: SQLSTATE[23000]: Integrity constraint violation: 1062 Duplicate entry '757-1363' for key 'event_attend.event_id' [] []
[2022-02-01 17:55:13] ormLogger.ERROR: SQLSTATE[23000]: Integrity constraint violation: 1062 Duplicate entry '757-1401' for key 'event_attend.event_id' [] []
[2022-02-01 17:55:13] ormLogger.ERROR: SQLSTATE[23000]: Integrity constraint violation: 1062 Duplicate entry '757-1695' for key 'event_attend.event_id' [] []
[2022-02-01 17:55:13] ormLogger.ERROR: SQLSTATE[23000]: Integrity constraint violation: 1062 Duplicate entry '757-1698' for key 'event_attend.event_id' [] []
[2022-02-01 17:55:13] ormLogger.ERROR: SQLSTATE[23000]: Integrity constraint violation: 1062 Duplicate entry '757-1702' for key 'event_attend.event_id' [] []
[2022-02-01 17:55:13] ormLogger.ERROR: SQLSTATE[23000]: Integrity constraint violation: 1062 Duplicate entry '757-1703' for key 'event_attend.event_id' [] []
[2022-02-01 17:55:13] ormLogger.ERROR: SQLSTATE[23000]: Integrity constraint violation: 1062 Duplicate entry '757-1704' for key 'event_attend.event_id' [] []
[2022-02-01 17:55:13] ormLogger.ERROR: SQLSTATE[23000]: Integrity constraint violation: 1062 Duplicate entry '757-2520' for key 'event_attend.event_id' [] []
[2022-02-01 17:55:13] ormLogger.ERROR: SQLSTATE[23000]: Integrity constraint violation: 1062 Duplicate entry '757-2526' for key 'event_attend.event_id' [] []
[2022-02-01 17:55:13] ormLogger.ERROR: SQLSTATE[23000]: Integrity constraint violation: 1062 Duplicate entry '757-2528' for key 'event_attend.event_id' [] []
[2022-02-01 17:55:13] ormLogger.ERROR: SQLSTATE[23000]: Integrity constraint violation: 1062 Duplicate entry '757-2529' for key 'event_attend.event_id' [] []
[2022-02-01 17:55:13] ormLogger.ERROR: SQLSTATE[23000]: Integrity constraint violation: 1062 Duplicate entry '757-2533' for key 'event_attend.event_id' [] []
[2022-02-01 17:55:13] ormLogger.ERROR: SQLSTATE[23000]: Integrity constraint violation: 1062 Duplicate entry '757-2753' for key 'event_attend.event_id' [] []
[2022-02-01 17:55:13] ormLogger.ERROR: SQLSTATE[23000]: Integrity constraint violation: 1062 Duplicate entry '757-2754' for key 'event_attend.event_id' [] []
[2022-02-01 20:53:41] ormLogger.ERROR: SQLSTATE[HY000]: General error: 1364 Field 'pro_Comment' doesn't have a default value [] []
[2022-02-01 20:54:28] ormLogger.ERROR: SQLSTATE[HY000]: General error: 1364 Field 'pro_Comment' doesn't have a default value [] []
[2022-02-01 20:56:58] ormLogger.ERROR: SQLSTATE[HY000]: General error: 1364 Field 'pro_Comment' doesn't have a default value [] []
[2022-02-01 21:04:26] ormLogger.ERROR: SQLSTATE[HY000]: General error: 1364 Field 'pro_Comment' doesn't have a default value [] []
[2022-02-01 21:31:45] ormLogger.ERROR: SQLSTATE[HY000]: General error: 1364 Field 'pro_Comment' doesn't have a default value [] []
[2022-02-01 21:33:39] ormLogger.ERROR: SQLSTATE[HY000]: General error: 1364 Field 'pro_Comment' doesn't have a default value [] []
[2022-02-01 21:35:56] ormLogger.ERROR: SQLSTATE[HY000]: General error: 1364 Field 'pro_Comment' doesn't have a default value [] []
[2022-02-01 21:36:33] ormLogger.ERROR: SQLSTATE[HY000]: General error: 1364 Field 'pro_Comment' doesn't have a default value [] []
[2022-02-01 21:39:07] ormLogger.ERROR: SQLSTATE[HY000]: General error: 1364 Field 'pst_cr_tp_comment' doesn't have a default value [] []
[2022-02-01 21:45:01] ormLogger.ERROR: SQLSTATE[HY000]: General error: 1364 Field 'fam_custom_comment' doesn't have a default value [] []
[2022-02-01 21:46:59] ormLogger.ERROR: SQLSTATE[HY000]: General error: 1364 Field 'fam_custom_comment' doesn't have a default value [] []
[2022-02-01 21:47:02] ormLogger.ERROR: SQLSTATE[HY000]: General error: 1364 Field 'fam_custom_comment' doesn't have a default value [] []
[2022-02-01 21:47:06] ormLogger.ERROR: SQLSTATE[HY000]: General error: 1364 Field 'fam_custom_comment' doesn't have a default value [] []
[2022-02-01 21:49:05] ormLogger.ERROR: SQLSTATE[HY000]: General error: 1364 Field 'custom_comment' doesn't have a default value [] []
[2022-02-01 22:36:47] ormLogger.ERROR: SQLSTATE[01000]: Warning: 1265 Data truncated for column 'vol_Active' at row 1 [] []
[2022-02-01 22:41:36] ormLogger.ERROR: SQLSTATE[01000]: Warning: 1265 Data truncated for column 'fun_Active' at row 1 [] []
[2022-02-01 22:42:55] ormLogger.ERROR: SQLSTATE[01000]: Warning: 1265 Data truncated for column 'fun_Active' at row 1 [] []
[2022-02-01 22:42:58] ormLogger.ERROR: SQLSTATE[01000]: Warning: 1265 Data truncated for column 'fun_Active' at row 1 [] []
[2022-02-01 22:43:16] ormLogger.ERROR: SQLSTATE[01000]: Warning: 1265 Data truncated for column 'fun_Active' at row 1 [] []
[2022-02-01 22:43:24] ormLogger.ERROR: SQLSTATE[01000]: Warning: 1265 Data truncated for column 'fun_Active' at row 1 [] []
[2022-02-01 22:43:31] ormLogger.ERROR: SQLSTATE[01000]: Warning: 1265 Data truncated for column 'fun_Active' at row 1 [] []
[2022-02-01 22:43:55] ormLogger.ERROR: SQLSTATE[01000]: Warning: 1265 Data truncated for column 'vol_Active' at row 1 [] []
[2022-02-01 22:44:01] ormLogger.ERROR: SQLSTATE[01000]: Warning: 1265 Data truncated for column 'vol_Active' at row 1 [] []
