[22-Mar-2022 14:10:29 Europe/Paris] Slim Application Error
Type: ParseError
Code: 0
Message: syntax error, unexpected ':'
File: /var/www/CRM/src/v2/templates/sidebar/volunteeropportunityeditor.php
Line: 17
Trace: #0 /var/www/CRM/src/vendor/slim/php-view/src/PhpRenderer.php(169): Slim\Views\PhpRenderer->protectedIncludeScope()
#1 /var/www/CRM/src/vendor/slim/php-view/src/PhpRenderer.php(62): Slim\Views\PhpRenderer->fetch()
#2 /var/www/CRM/src/EcclesiaCRM/VIEWControllers/Sidebar/VIEWVolunteerOpportunityEditorController.php(38): Slim\Views\PhpRenderer->render()
#3 /var/www/CRM/src/vendor/slim/slim/Slim/Handlers/Strategies/RequestResponse.php(43): EcclesiaCRM\VIEWControllers\VIEWVolunteerOpportunityEditorController->renderVolunteerOpportunityEditor()
#4 /var/www/CRM/src/vendor/slim/slim/Slim/Routing/Route.php(384): Slim\Handlers\Strategies\RequestResponse->__invoke()
#5 /var/www/CRM/src/vendor/slim/slim/Slim/MiddlewareDispatcher.php(81): Slim\Routing\Route->handle()
#6 /var/www/CRM/src/vendor/slim/slim/Slim/MiddlewareDispatcher.php(81): Slim\MiddlewareDispatcher->handle()
#7 /var/www/CRM/src/vendor/slim/slim/Slim/Routing/Route.php(341): Slim\MiddlewareDispatcher->handle()
#8 /var/www/CRM/src/vendor/slim/slim/Slim/Routing/RouteRunner.php(84): Slim\Routing\Route->run()
#9 /var/www/CRM/src/vendor/slim/http-cache/src/Cache.php(67): Slim\Routing\RouteRunner->handle()
#10 /var/www/CRM/src/vendor/slim/slim/Slim/MiddlewareDispatcher.php(147): Slim\HttpCache\Cache->process()
#11 /var/www/CRM/src/EcclesiaCRM/Slim/Middleware/VersionMiddleware.php(17): class@anonymous->handle()
#12 /var/www/CRM/src/vendor/slim/slim/Slim/MiddlewareDispatcher.php(313): EcclesiaCRM\Slim\Middleware\VersionMiddleware->__invoke()
#13 /var/www/CRM/src/vendor/tuupola/slim-jwt-auth/src/JwtAuthentication.php(132): class@anonymous->handle()
#14 /var/www/CRM/src/vendor/slim/slim/Slim/MiddlewareDispatcher.php(147): Tuupola\Middleware\JwtAuthentication->process()
#15 /var/www/CRM/src/vendor/slim/slim/Slim/Middleware/ErrorMiddleware.php(107): class@anonymous->handle()
#16 /var/www/CRM/src/vendor/slim/slim/Slim/MiddlewareDispatcher.php(147): Slim\Middleware\ErrorMiddleware->process()
#17 /var/www/CRM/src/vendor/slim/slim/Slim/MiddlewareDispatcher.php(81): class@anonymous->handle()
#18 /var/www/CRM/src/vendor/slim/slim/Slim/App.php(215): Slim\MiddlewareDispatcher->handle()
#19 /var/www/CRM/src/vendor/slim/slim/Slim/App.php(199): Slim\App->handle()
#20 /var/www/CRM/src/v2/index.php(124): Slim\App->run()
#21 {main}
[22-Mar-2022 14:10:41 Europe/Paris] Slim Application Error
Type: Error
Code: 0
Message: Cannot use object of type Propel\Runtime\DataFetcher\PDODataFetcher as array
File: /var/www/CRM/src/v2/templates/sidebar/volunteeropportunityeditor.php
Line: 20
Trace: #0 /var/www/CRM/src/vendor/slim/php-view/src/PhpRenderer.php(188): include()
#1 /var/www/CRM/src/vendor/slim/php-view/src/PhpRenderer.php(169): Slim\Views\PhpRenderer->protectedIncludeScope()
#2 /var/www/CRM/src/vendor/slim/php-view/src/PhpRenderer.php(62): Slim\Views\PhpRenderer->fetch()
#3 /var/www/CRM/src/EcclesiaCRM/VIEWControllers/Sidebar/VIEWVolunteerOpportunityEditorController.php(38): Slim\Views\PhpRenderer->render()
#4 /var/www/CRM/src/vendor/slim/slim/Slim/Handlers/Strategies/RequestResponse.php(43): EcclesiaCRM\VIEWControllers\VIEWVolunteerOpportunityEditorController->renderVolunteerOpportunityEditor()
#5 /var/www/CRM/src/vendor/slim/slim/Slim/Routing/Route.php(384): Slim\Handlers\Strategies\RequestResponse->__invoke()
#6 /var/www/CRM/src/vendor/slim/slim/Slim/MiddlewareDispatcher.php(81): Slim\Routing\Route->handle()
#7 /var/www/CRM/src/vendor/slim/slim/Slim/MiddlewareDispatcher.php(81): Slim\MiddlewareDispatcher->handle()
#8 /var/www/CRM/src/vendor/slim/slim/Slim/Routing/Route.php(341): Slim\MiddlewareDispatcher->handle()
#9 /var/www/CRM/src/vendor/slim/slim/Slim/Routing/RouteRunner.php(84): Slim\Routing\Route->run()
#10 /var/www/CRM/src/vendor/slim/http-cache/src/Cache.php(67): Slim\Routing\RouteRunner->handle()
#11 /var/www/CRM/src/vendor/slim/slim/Slim/MiddlewareDispatcher.php(147): Slim\HttpCache\Cache->process()
#12 /var/www/CRM/src/EcclesiaCRM/Slim/Middleware/VersionMiddleware.php(17): class@anonymous->handle()
#13 /var/www/CRM/src/vendor/slim/slim/Slim/MiddlewareDispatcher.php(313): EcclesiaCRM\Slim\Middleware\VersionMiddleware->__invoke()
#14 /var/www/CRM/src/vendor/tuupola/slim-jwt-auth/src/JwtAuthentication.php(132): class@anonymous->handle()
#15 /var/www/CRM/src/vendor/slim/slim/Slim/MiddlewareDispatcher.php(147): Tuupola\Middleware\JwtAuthentication->process()
#16 /var/www/CRM/src/vendor/slim/slim/Slim/Middleware/ErrorMiddleware.php(107): class@anonymous->handle()
#17 /var/www/CRM/src/vendor/slim/slim/Slim/MiddlewareDispatcher.php(147): Slim\Middleware\ErrorMiddleware->process()
#18 /var/www/CRM/src/vendor/slim/slim/Slim/MiddlewareDispatcher.php(81): class@anonymous->handle()
#19 /var/www/CRM/src/vendor/slim/slim/Slim/App.php(215): Slim\MiddlewareDispatcher->handle()
#20 /var/www/CRM/src/vendor/slim/slim/Slim/App.php(199): Slim\App->handle()
#21 /var/www/CRM/src/v2/index.php(124): Slim\App->run()
#22 {main}
[22-Mar-2022 14:10:42 Europe/Paris] Slim Application Error
Type: Error
Code: 0
Message: Cannot use object of type Propel\Runtime\DataFetcher\PDODataFetcher as array
File: /var/www/CRM/src/v2/templates/sidebar/volunteeropportunityeditor.php
Line: 20
Trace: #0 /var/www/CRM/src/vendor/slim/php-view/src/PhpRenderer.php(188): include()
#1 /var/www/CRM/src/vendor/slim/php-view/src/PhpRenderer.php(169): Slim\Views\PhpRenderer->protectedIncludeScope()
#2 /var/www/CRM/src/vendor/slim/php-view/src/PhpRenderer.php(62): Slim\Views\PhpRenderer->fetch()
#3 /var/www/CRM/src/EcclesiaCRM/VIEWControllers/Sidebar/VIEWVolunteerOpportunityEditorController.php(38): Slim\Views\PhpRenderer->render()
#4 /var/www/CRM/src/vendor/slim/slim/Slim/Handlers/Strategies/RequestResponse.php(43): EcclesiaCRM\VIEWControllers\VIEWVolunteerOpportunityEditorController->renderVolunteerOpportunityEditor()
#5 /var/www/CRM/src/vendor/slim/slim/Slim/Routing/Route.php(384): Slim\Handlers\Strategies\RequestResponse->__invoke()
#6 /var/www/CRM/src/vendor/slim/slim/Slim/MiddlewareDispatcher.php(81): Slim\Routing\Route->handle()
#7 /var/www/CRM/src/vendor/slim/slim/Slim/MiddlewareDispatcher.php(81): Slim\MiddlewareDispatcher->handle()
#8 /var/www/CRM/src/vendor/slim/slim/Slim/Routing/Route.php(341): Slim\MiddlewareDispatcher->handle()
#9 /var/www/CRM/src/vendor/slim/slim/Slim/Routing/RouteRunner.php(84): Slim\Routing\Route->run()
#10 /var/www/CRM/src/vendor/slim/http-cache/src/Cache.php(67): Slim\Routing\RouteRunner->handle()
#11 /var/www/CRM/src/vendor/slim/slim/Slim/MiddlewareDispatcher.php(147): Slim\HttpCache\Cache->process()
#12 /var/www/CRM/src/EcclesiaCRM/Slim/Middleware/VersionMiddleware.php(17): class@anonymous->handle()
#13 /var/www/CRM/src/vendor/slim/slim/Slim/MiddlewareDispatcher.php(313): EcclesiaCRM\Slim\Middleware\VersionMiddleware->__invoke()
#14 /var/www/CRM/src/vendor/tuupola/slim-jwt-auth/src/JwtAuthentication.php(132): class@anonymous->handle()
#15 /var/www/CRM/src/vendor/slim/slim/Slim/MiddlewareDispatcher.php(147): Tuupola\Middleware\JwtAuthentication->process()
#16 /var/www/CRM/src/vendor/slim/slim/Slim/Middleware/ErrorMiddleware.php(107): class@anonymous->handle()
#17 /var/www/CRM/src/vendor/slim/slim/Slim/MiddlewareDispatcher.php(147): Slim\Middleware\ErrorMiddleware->process()
#18 /var/www/CRM/src/vendor/slim/slim/Slim/MiddlewareDispatcher.php(81): class@anonymous->handle()
#19 /var/www/CRM/src/vendor/slim/slim/Slim/App.php(215): Slim\MiddlewareDispatcher->handle()
#20 /var/www/CRM/src/vendor/slim/slim/Slim/App.php(199): Slim\App->handle()
#21 /var/www/CRM/src/v2/index.php(124): Slim\App->run()
#22 {main}
[22-Mar-2022 16:09:04 Europe/Paris] Slim Application Error
Type: ParseError
Code: 0
Message: syntax error, unexpected ';', expecting ')'
File: /var/www/CRM/src/v2/templates/sidebar/volunteeropportunityeditor.php
Line: 20
Trace: #0 /var/www/CRM/src/vendor/slim/php-view/src/PhpRenderer.php(169): Slim\Views\PhpRenderer->protectedIncludeScope()
#1 /var/www/CRM/src/vendor/slim/php-view/src/PhpRenderer.php(62): Slim\Views\PhpRenderer->fetch()
#2 /var/www/CRM/src/EcclesiaCRM/VIEWControllers/Sidebar/VIEWVolunteerOpportunityEditorController.php(38): Slim\Views\PhpRenderer->render()
#3 /var/www/CRM/src/vendor/slim/slim/Slim/Handlers/Strategies/RequestResponse.php(43): EcclesiaCRM\VIEWControllers\VIEWVolunteerOpportunityEditorController->renderVolunteerOpportunityEditor()
#4 /var/www/CRM/src/vendor/slim/slim/Slim/Routing/Route.php(384): Slim\Handlers\Strategies\RequestResponse->__invoke()
#5 /var/www/CRM/src/vendor/slim/slim/Slim/MiddlewareDispatcher.php(81): Slim\Routing\Route->handle()
#6 /var/www/CRM/src/vendor/slim/slim/Slim/MiddlewareDispatcher.php(81): Slim\MiddlewareDispatcher->handle()
#7 /var/www/CRM/src/vendor/slim/slim/Slim/Routing/Route.php(341): Slim\MiddlewareDispatcher->handle()
#8 /var/www/CRM/src/vendor/slim/slim/Slim/Routing/RouteRunner.php(84): Slim\Routing\Route->run()
#9 /var/www/CRM/src/vendor/slim/http-cache/src/Cache.php(67): Slim\Routing\RouteRunner->handle()
#10 /var/www/CRM/src/vendor/slim/slim/Slim/MiddlewareDispatcher.php(147): Slim\HttpCache\Cache->process()
#11 /var/www/CRM/src/EcclesiaCRM/Slim/Middleware/VersionMiddleware.php(17): class@anonymous->handle()
#12 /var/www/CRM/src/vendor/slim/slim/Slim/MiddlewareDispatcher.php(313): EcclesiaCRM\Slim\Middleware\VersionMiddleware->__invoke()
#13 /var/www/CRM/src/vendor/tuupola/slim-jwt-auth/src/JwtAuthentication.php(132): class@anonymous->handle()
#14 /var/www/CRM/src/vendor/slim/slim/Slim/MiddlewareDispatcher.php(147): Tuupola\Middleware\JwtAuthentication->process()
#15 /var/www/CRM/src/vendor/slim/slim/Slim/Middleware/ErrorMiddleware.php(107): class@anonymous->handle()
#16 /var/www/CRM/src/vendor/slim/slim/Slim/MiddlewareDispatcher.php(147): Slim\Middleware\ErrorMiddleware->process()
#17 /var/www/CRM/src/vendor/slim/slim/Slim/MiddlewareDispatcher.php(81): class@anonymous->handle()
#18 /var/www/CRM/src/vendor/slim/slim/Slim/App.php(215): Slim\MiddlewareDispatcher->handle()
#19 /var/www/CRM/src/vendor/slim/slim/Slim/App.php(199): Slim\App->handle()
#20 /var/www/CRM/src/v2/index.php(124): Slim\App->run()
#21 {main}
[22-Mar-2022 16:09:14 Europe/Paris] Slim Application Error
Type: Error
Code: 0
Message: Object of class stdClass could not be converted to string
File: /var/www/CRM/src/v2/templates/sidebar/volunteeropportunityeditor.php
Line: 20
Trace: #0 /var/www/CRM/src/v2/templates/sidebar/volunteeropportunityeditor.php(20): preg_replace()
#1 /var/www/CRM/src/vendor/slim/php-view/src/PhpRenderer.php(188): include('/var/www/CRM/sr...')
#2 /var/www/CRM/src/vendor/slim/php-view/src/PhpRenderer.php(169): Slim\Views\PhpRenderer->protectedIncludeScope()
#3 /var/www/CRM/src/vendor/slim/php-view/src/PhpRenderer.php(62): Slim\Views\PhpRenderer->fetch()
#4 /var/www/CRM/src/EcclesiaCRM/VIEWControllers/Sidebar/VIEWVolunteerOpportunityEditorController.php(38): Slim\Views\PhpRenderer->render()
#5 /var/www/CRM/src/vendor/slim/slim/Slim/Handlers/Strategies/RequestResponse.php(43): EcclesiaCRM\VIEWControllers\VIEWVolunteerOpportunityEditorController->renderVolunteerOpportunityEditor()
#6 /var/www/CRM/src/vendor/slim/slim/Slim/Routing/Route.php(384): Slim\Handlers\Strategies\RequestResponse->__invoke()
#7 /var/www/CRM/src/vendor/slim/slim/Slim/MiddlewareDispatcher.php(81): Slim\Routing\Route->handle()
#8 /var/www/CRM/src/vendor/slim/slim/Slim/MiddlewareDispatcher.php(81): Slim\MiddlewareDispatcher->handle()
#9 /var/www/CRM/src/vendor/slim/slim/Slim/Routing/Route.php(341): Slim\MiddlewareDispatcher->handle()
#10 /var/www/CRM/src/vendor/slim/slim/Slim/Routing/RouteRunner.php(84): Slim\Routing\Route->run()
#11 /var/www/CRM/src/vendor/slim/http-cache/src/Cache.php(67): Slim\Routing\RouteRunner->handle()
#12 /var/www/CRM/src/vendor/slim/slim/Slim/MiddlewareDispatcher.php(147): Slim\HttpCache\Cache->process()
#13 /var/www/CRM/src/EcclesiaCRM/Slim/Middleware/VersionMiddleware.php(17): class@anonymous->handle()
#14 /var/www/CRM/src/vendor/slim/slim/Slim/MiddlewareDispatcher.php(313): EcclesiaCRM\Slim\Middleware\VersionMiddleware->__invoke()
#15 /var/www/CRM/src/vendor/tuupola/slim-jwt-auth/src/JwtAuthentication.php(132): class@anonymous->handle()
#16 /var/www/CRM/src/vendor/slim/slim/Slim/MiddlewareDispatcher.php(147): Tuupola\Middleware\JwtAuthentication->process()
#17 /var/www/CRM/src/vendor/slim/slim/Slim/Middleware/ErrorMiddleware.php(107): class@anonymous->handle()
#18 /var/www/CRM/src/vendor/slim/slim/Slim/MiddlewareDispatcher.php(147): Slim\Middleware\ErrorMiddleware->process()
#19 /var/www/CRM/src/vendor/slim/slim/Slim/MiddlewareDispatcher.php(81): class@anonymous->handle()
#20 /var/www/CRM/src/vendor/slim/slim/Slim/App.php(215): Slim\MiddlewareDispatcher->handle()
#21 /var/www/CRM/src/vendor/slim/slim/Slim/App.php(199): Slim\App->handle()
#22 /var/www/CRM/src/v2/index.php(124): Slim\App->run()
#23 {main}
[22-Mar-2022 16:09:44 Europe/Paris] Slim Application Error
Type: Error
Code: 0
Message: Object of class stdClass could not be converted to string
File: /var/www/CRM/src/v2/templates/sidebar/volunteeropportunityeditor.php
Line: 20
Trace: #0 /var/www/CRM/src/vendor/slim/php-view/src/PhpRenderer.php(188): include()
#1 /var/www/CRM/src/vendor/slim/php-view/src/PhpRenderer.php(169): Slim\Views\PhpRenderer->protectedIncludeScope()
#2 /var/www/CRM/src/vendor/slim/php-view/src/PhpRenderer.php(62): Slim\Views\PhpRenderer->fetch()
#3 /var/www/CRM/src/EcclesiaCRM/VIEWControllers/Sidebar/VIEWVolunteerOpportunityEditorController.php(38): Slim\Views\PhpRenderer->render()
#4 /var/www/CRM/src/vendor/slim/slim/Slim/Handlers/Strategies/RequestResponse.php(43): EcclesiaCRM\VIEWControllers\VIEWVolunteerOpportunityEditorController->renderVolunteerOpportunityEditor()
#5 /var/www/CRM/src/vendor/slim/slim/Slim/Routing/Route.php(384): Slim\Handlers\Strategies\RequestResponse->__invoke()
#6 /var/www/CRM/src/vendor/slim/slim/Slim/MiddlewareDispatcher.php(81): Slim\Routing\Route->handle()
#7 /var/www/CRM/src/vendor/slim/slim/Slim/MiddlewareDispatcher.php(81): Slim\MiddlewareDispatcher->handle()
#8 /var/www/CRM/src/vendor/slim/slim/Slim/Routing/Route.php(341): Slim\MiddlewareDispatcher->handle()
#9 /var/www/CRM/src/vendor/slim/slim/Slim/Routing/RouteRunner.php(84): Slim\Routing\Route->run()
#10 /var/www/CRM/src/vendor/slim/http-cache/src/Cache.php(67): Slim\Routing\RouteRunner->handle()
#11 /var/www/CRM/src/vendor/slim/slim/Slim/MiddlewareDispatcher.php(147): Slim\HttpCache\Cache->process()
#12 /var/www/CRM/src/EcclesiaCRM/Slim/Middleware/VersionMiddleware.php(17): class@anonymous->handle()
#13 /var/www/CRM/src/vendor/slim/slim/Slim/MiddlewareDispatcher.php(313): EcclesiaCRM\Slim\Middleware\VersionMiddleware->__invoke()
#14 /var/www/CRM/src/vendor/tuupola/slim-jwt-auth/src/JwtAuthentication.php(132): class@anonymous->handle()
#15 /var/www/CRM/src/vendor/slim/slim/Slim/MiddlewareDispatcher.php(147): Tuupola\Middleware\JwtAuthentication->process()
#16 /var/www/CRM/src/vendor/slim/slim/Slim/Middleware/ErrorMiddleware.php(107): class@anonymous->handle()
#17 /var/www/CRM/src/vendor/slim/slim/Slim/MiddlewareDispatcher.php(147): Slim\Middleware\ErrorMiddleware->process()
#18 /var/www/CRM/src/vendor/slim/slim/Slim/MiddlewareDispatcher.php(81): class@anonymous->handle()
#19 /var/www/CRM/src/vendor/slim/slim/Slim/App.php(215): Slim\MiddlewareDispatcher->handle()
#20 /var/www/CRM/src/vendor/slim/slim/Slim/App.php(199): Slim\App->handle()
#21 /var/www/CRM/src/v2/index.php(124): Slim\App->run()
#22 {main}
[22-Mar-2022 16:14:15 Europe/Paris] Slim Application Error
Type: Error
Code: 0
Message: Call to undefined method Propel\Runtime\DataFetcher\PDODataFetcher::fetchRow()
File: /var/www/CRM/src/v2/templates/sidebar/volunteeropportunityeditor.php
Line: 20
Trace: #0 /var/www/CRM/src/vendor/slim/php-view/src/PhpRenderer.php(188): include()
#1 /var/www/CRM/src/vendor/slim/php-view/src/PhpRenderer.php(169): Slim\Views\PhpRenderer->protectedIncludeScope()
#2 /var/www/CRM/src/vendor/slim/php-view/src/PhpRenderer.php(62): Slim\Views\PhpRenderer->fetch()
#3 /var/www/CRM/src/EcclesiaCRM/VIEWControllers/Sidebar/VIEWVolunteerOpportunityEditorController.php(38): Slim\Views\PhpRenderer->render()
#4 /var/www/CRM/src/vendor/slim/slim/Slim/Handlers/Strategies/RequestResponse.php(43): EcclesiaCRM\VIEWControllers\VIEWVolunteerOpportunityEditorController->renderVolunteerOpportunityEditor()
#5 /var/www/CRM/src/vendor/slim/slim/Slim/Routing/Route.php(384): Slim\Handlers\Strategies\RequestResponse->__invoke()
#6 /var/www/CRM/src/vendor/slim/slim/Slim/MiddlewareDispatcher.php(81): Slim\Routing\Route->handle()
#7 /var/www/CRM/src/vendor/slim/slim/Slim/MiddlewareDispatcher.php(81): Slim\MiddlewareDispatcher->handle()
#8 /var/www/CRM/src/vendor/slim/slim/Slim/Routing/Route.php(341): Slim\MiddlewareDispatcher->handle()
#9 /var/www/CRM/src/vendor/slim/slim/Slim/Routing/RouteRunner.php(84): Slim\Routing\Route->run()
#10 /var/www/CRM/src/vendor/slim/http-cache/src/Cache.php(67): Slim\Routing\RouteRunner->handle()
#11 /var/www/CRM/src/vendor/slim/slim/Slim/MiddlewareDispatcher.php(147): Slim\HttpCache\Cache->process()
#12 /var/www/CRM/src/EcclesiaCRM/Slim/Middleware/VersionMiddleware.php(17): class@anonymous->handle()
#13 /var/www/CRM/src/vendor/slim/slim/Slim/MiddlewareDispatcher.php(313): EcclesiaCRM\Slim\Middleware\VersionMiddleware->__invoke()
#14 /var/www/CRM/src/vendor/tuupola/slim-jwt-auth/src/JwtAuthentication.php(132): class@anonymous->handle()
#15 /var/www/CRM/src/vendor/slim/slim/Slim/MiddlewareDispatcher.php(147): Tuupola\Middleware\JwtAuthentication->process()
#16 /var/www/CRM/src/vendor/slim/slim/Slim/Middleware/ErrorMiddleware.php(107): class@anonymous->handle()
#17 /var/www/CRM/src/vendor/slim/slim/Slim/MiddlewareDispatcher.php(147): Slim\Middleware\ErrorMiddleware->process()
#18 /var/www/CRM/src/vendor/slim/slim/Slim/MiddlewareDispatcher.php(81): class@anonymous->handle()
#19 /var/www/CRM/src/vendor/slim/slim/Slim/App.php(215): Slim\MiddlewareDispatcher->handle()
#20 /var/www/CRM/src/vendor/slim/slim/Slim/App.php(199): Slim\App->handle()
#21 /var/www/CRM/src/v2/index.php(124): Slim\App->run()
#22 {main}
[22-Mar-2022 16:14:47 Europe/Paris] Slim Application Error
Type: Error
Code: 0
Message: Call to undefined method Propel\Runtime\DataFetcher\PDODataFetcher::fetch_array()
File: /var/www/CRM/src/v2/templates/sidebar/volunteeropportunityeditor.php
Line: 18
Trace: #0 /var/www/CRM/src/vendor/slim/php-view/src/PhpRenderer.php(188): include()
#1 /var/www/CRM/src/vendor/slim/php-view/src/PhpRenderer.php(169): Slim\Views\PhpRenderer->protectedIncludeScope()
#2 /var/www/CRM/src/vendor/slim/php-view/src/PhpRenderer.php(62): Slim\Views\PhpRenderer->fetch()
#3 /var/www/CRM/src/EcclesiaCRM/VIEWControllers/Sidebar/VIEWVolunteerOpportunityEditorController.php(38): Slim\Views\PhpRenderer->render()
#4 /var/www/CRM/src/vendor/slim/slim/Slim/Handlers/Strategies/RequestResponse.php(43): EcclesiaCRM\VIEWControllers\VIEWVolunteerOpportunityEditorController->renderVolunteerOpportunityEditor()
#5 /var/www/CRM/src/vendor/slim/slim/Slim/Routing/Route.php(384): Slim\Handlers\Strategies\RequestResponse->__invoke()
#6 /var/www/CRM/src/vendor/slim/slim/Slim/MiddlewareDispatcher.php(81): Slim\Routing\Route->handle()
#7 /var/www/CRM/src/vendor/slim/slim/Slim/MiddlewareDispatcher.php(81): Slim\MiddlewareDispatcher->handle()
#8 /var/www/CRM/src/vendor/slim/slim/Slim/Routing/Route.php(341): Slim\MiddlewareDispatcher->handle()
#9 /var/www/CRM/src/vendor/slim/slim/Slim/Routing/RouteRunner.php(84): Slim\Routing\Route->run()
#10 /var/www/CRM/src/vendor/slim/http-cache/src/Cache.php(67): Slim\Routing\RouteRunner->handle()
#11 /var/www/CRM/src/vendor/slim/slim/Slim/MiddlewareDispatcher.php(147): Slim\HttpCache\Cache->process()
#12 /var/www/CRM/src/EcclesiaCRM/Slim/Middleware/VersionMiddleware.php(17): class@anonymous->handle()
#13 /var/www/CRM/src/vendor/slim/slim/Slim/MiddlewareDispatcher.php(313): EcclesiaCRM\Slim\Middleware\VersionMiddleware->__invoke()
#14 /var/www/CRM/src/vendor/tuupola/slim-jwt-auth/src/JwtAuthentication.php(132): class@anonymous->handle()
#15 /var/www/CRM/src/vendor/slim/slim/Slim/MiddlewareDispatcher.php(147): Tuupola\Middleware\JwtAuthentication->process()
#16 /var/www/CRM/src/vendor/slim/slim/Slim/Middleware/ErrorMiddleware.php(107): class@anonymous->handle()
#17 /var/www/CRM/src/vendor/slim/slim/Slim/MiddlewareDispatcher.php(147): Slim\Middleware\ErrorMiddleware->process()
#18 /var/www/CRM/src/vendor/slim/slim/Slim/MiddlewareDispatcher.php(81): class@anonymous->handle()
#19 /var/www/CRM/src/vendor/slim/slim/Slim/App.php(215): Slim\MiddlewareDispatcher->handle()
#20 /var/www/CRM/src/vendor/slim/slim/Slim/App.php(199): Slim\App->handle()
#21 /var/www/CRM/src/v2/index.php(124): Slim\App->run()
#22 {main}
[22-Mar-2022 16:15:27 Europe/Paris] Slim Application Error
Type: Error
Code: 0
Message: Object of class Propel\Runtime\DataFetcher\PDODataFetcher could not be converted to string
File: /var/www/CRM/src/v2/templates/sidebar/volunteeropportunityeditor.php
Line: 20
Trace: #0 /var/www/CRM/src/vendor/slim/php-view/src/PhpRenderer.php(188): include()
#1 /var/www/CRM/src/vendor/slim/php-view/src/PhpRenderer.php(169): Slim\Views\PhpRenderer->protectedIncludeScope()
#2 /var/www/CRM/src/vendor/slim/php-view/src/PhpRenderer.php(62): Slim\Views\PhpRenderer->fetch()
#3 /var/www/CRM/src/EcclesiaCRM/VIEWControllers/Sidebar/VIEWVolunteerOpportunityEditorController.php(38): Slim\Views\PhpRenderer->render()
#4 /var/www/CRM/src/vendor/slim/slim/Slim/Handlers/Strategies/RequestResponse.php(43): EcclesiaCRM\VIEWControllers\VIEWVolunteerOpportunityEditorController->renderVolunteerOpportunityEditor()
#5 /var/www/CRM/src/vendor/slim/slim/Slim/Routing/Route.php(384): Slim\Handlers\Strategies\RequestResponse->__invoke()
#6 /var/www/CRM/src/vendor/slim/slim/Slim/MiddlewareDispatcher.php(81): Slim\Routing\Route->handle()
#7 /var/www/CRM/src/vendor/slim/slim/Slim/MiddlewareDispatcher.php(81): Slim\MiddlewareDispatcher->handle()
#8 /var/www/CRM/src/vendor/slim/slim/Slim/Routing/Route.php(341): Slim\MiddlewareDispatcher->handle()
#9 /var/www/CRM/src/vendor/slim/slim/Slim/Routing/RouteRunner.php(84): Slim\Routing\Route->run()
#10 /var/www/CRM/src/vendor/slim/http-cache/src/Cache.php(67): Slim\Routing\RouteRunner->handle()
#11 /var/www/CRM/src/vendor/slim/slim/Slim/MiddlewareDispatcher.php(147): Slim\HttpCache\Cache->process()
#12 /var/www/CRM/src/EcclesiaCRM/Slim/Middleware/VersionMiddleware.php(17): class@anonymous->handle()
#13 /var/www/CRM/src/vendor/slim/slim/Slim/MiddlewareDispatcher.php(313): EcclesiaCRM\Slim\Middleware\VersionMiddleware->__invoke()
#14 /var/www/CRM/src/vendor/tuupola/slim-jwt-auth/src/JwtAuthentication.php(132): class@anonymous->handle()
#15 /var/www/CRM/src/vendor/slim/slim/Slim/MiddlewareDispatcher.php(147): Tuupola\Middleware\JwtAuthentication->process()
#16 /var/www/CRM/src/vendor/slim/slim/Slim/Middleware/ErrorMiddleware.php(107): class@anonymous->handle()
#17 /var/www/CRM/src/vendor/slim/slim/Slim/MiddlewareDispatcher.php(147): Slim\Middleware\ErrorMiddleware->process()
#18 /var/www/CRM/src/vendor/slim/slim/Slim/MiddlewareDispatcher.php(81): class@anonymous->handle()
#19 /var/www/CRM/src/vendor/slim/slim/Slim/App.php(215): Slim\MiddlewareDispatcher->handle()
#20 /var/www/CRM/src/vendor/slim/slim/Slim/App.php(199): Slim\App->handle()
#21 /var/www/CRM/src/v2/index.php(124): Slim\App->run()
#22 {main}
[22-Mar-2022 16:15:28 Europe/Paris] Slim Application Error
Type: Error
Code: 0
Message: Object of class Propel\Runtime\DataFetcher\PDODataFetcher could not be converted to string
File: /var/www/CRM/src/v2/templates/sidebar/volunteeropportunityeditor.php
Line: 20
Trace: #0 /var/www/CRM/src/vendor/slim/php-view/src/PhpRenderer.php(188): include()
#1 /var/www/CRM/src/vendor/slim/php-view/src/PhpRenderer.php(169): Slim\Views\PhpRenderer->protectedIncludeScope()
#2 /var/www/CRM/src/vendor/slim/php-view/src/PhpRenderer.php(62): Slim\Views\PhpRenderer->fetch()
#3 /var/www/CRM/src/EcclesiaCRM/VIEWControllers/Sidebar/VIEWVolunteerOpportunityEditorController.php(38): Slim\Views\PhpRenderer->render()
#4 /var/www/CRM/src/vendor/slim/slim/Slim/Handlers/Strategies/RequestResponse.php(43): EcclesiaCRM\VIEWControllers\VIEWVolunteerOpportunityEditorController->renderVolunteerOpportunityEditor()
#5 /var/www/CRM/src/vendor/slim/slim/Slim/Routing/Route.php(384): Slim\Handlers\Strategies\RequestResponse->__invoke()
#6 /var/www/CRM/src/vendor/slim/slim/Slim/MiddlewareDispatcher.php(81): Slim\Routing\Route->handle()
#7 /var/www/CRM/src/vendor/slim/slim/Slim/MiddlewareDispatcher.php(81): Slim\MiddlewareDispatcher->handle()
#8 /var/www/CRM/src/vendor/slim/slim/Slim/Routing/Route.php(341): Slim\MiddlewareDispatcher->handle()
#9 /var/www/CRM/src/vendor/slim/slim/Slim/Routing/RouteRunner.php(84): Slim\Routing\Route->run()
#10 /var/www/CRM/src/vendor/slim/http-cache/src/Cache.php(67): Slim\Routing\RouteRunner->handle()
#11 /var/www/CRM/src/vendor/slim/slim/Slim/MiddlewareDispatcher.php(147): Slim\HttpCache\Cache->process()
#12 /var/www/CRM/src/EcclesiaCRM/Slim/Middleware/VersionMiddleware.php(17): class@anonymous->handle()
#13 /var/www/CRM/src/vendor/slim/slim/Slim/MiddlewareDispatcher.php(313): EcclesiaCRM\Slim\Middleware\VersionMiddleware->__invoke()
#14 /var/www/CRM/src/vendor/tuupola/slim-jwt-auth/src/JwtAuthentication.php(132): class@anonymous->handle()
#15 /var/www/CRM/src/vendor/slim/slim/Slim/MiddlewareDispatcher.php(147): Tuupola\Middleware\JwtAuthentication->process()
#16 /var/www/CRM/src/vendor/slim/slim/Slim/Middleware/ErrorMiddleware.php(107): class@anonymous->handle()
#17 /var/www/CRM/src/vendor/slim/slim/Slim/MiddlewareDispatcher.php(147): Slim\Middleware\ErrorMiddleware->process()
#18 /var/www/CRM/src/vendor/slim/slim/Slim/MiddlewareDispatcher.php(81): class@anonymous->handle()
#19 /var/www/CRM/src/vendor/slim/slim/Slim/App.php(215): Slim\MiddlewareDispatcher->handle()
#20 /var/www/CRM/src/vendor/slim/slim/Slim/App.php(199): Slim\App->handle()
#21 /var/www/CRM/src/v2/index.php(124): Slim\App->run()
#22 {main}
[22-Mar-2022 16:24:40 Europe/Paris] Slim Application Error
Type: Error
Code: 0
Message: Class 'EcclesiaCRM\APIControllers\PDO' not found
File: /var/www/CRM/src/EcclesiaCRM/APIControllers/SidebarVolunteerOpportunityController.php
Line: 59
Trace: #0 /var/www/CRM/src/EcclesiaCRM/APIControllers/SidebarVolunteerOpportunityController.php(95): EcclesiaCRM\APIControllers\SidebarVolunteerOpportunityController->selectMenuIcons()
#1 /var/www/CRM/src/vendor/slim/slim/Slim/Handlers/Strategies/RequestResponse.php(43): EcclesiaCRM\APIControllers\SidebarVolunteerOpportunityController->getAllVolunteerOpportunities()
#2 /var/www/CRM/src/vendor/slim/slim/Slim/Routing/Route.php(384): Slim\Handlers\Strategies\RequestResponse->__invoke()
#3 /var/www/CRM/src/vendor/slim/slim/Slim/MiddlewareDispatcher.php(81): Slim\Routing\Route->handle()
#4 /var/www/CRM/src/vendor/slim/slim/Slim/MiddlewareDispatcher.php(81): Slim\MiddlewareDispatcher->handle()
#5 /var/www/CRM/src/vendor/slim/slim/Slim/Routing/Route.php(341): Slim\MiddlewareDispatcher->handle()
#6 /var/www/CRM/src/vendor/slim/slim/Slim/Routing/RouteRunner.php(84): Slim\Routing\Route->run()
#7 /var/www/CRM/src/EcclesiaCRM/Slim/Middleware/VersionMiddleware.php(17): Slim\Routing\RouteRunner->handle()
#8 /var/www/CRM/src/vendor/slim/slim/Slim/MiddlewareDispatcher.php(313): EcclesiaCRM\Slim\Middleware\VersionMiddleware->__invoke()
#9 /var/www/CRM/src/vendor/tuupola/slim-jwt-auth/src/JwtAuthentication.php(132): class@anonymous->handle()
#10 /var/www/CRM/src/vendor/slim/slim/Slim/MiddlewareDispatcher.php(147): Tuupola\Middleware\JwtAuthentication->process()
#11 /var/www/CRM/src/vendor/slim/slim/Slim/Middleware/ErrorMiddleware.php(107): class@anonymous->handle()
#12 /var/www/CRM/src/vendor/slim/slim/Slim/MiddlewareDispatcher.php(147): Slim\Middleware\ErrorMiddleware->process()
#13 /var/www/CRM/src/vendor/slim/slim/Slim/MiddlewareDispatcher.php(81): class@anonymous->handle()
#14 /var/www/CRM/src/vendor/slim/slim/Slim/App.php(215): Slim\MiddlewareDispatcher->handle()
#15 /var/www/CRM/src/vendor/slim/slim/Slim/App.php(199): Slim\App->handle()
#16 /var/www/CRM/src/api/index.php(145): Slim\App->run()
#17 {main}
[22-Mar-2022 16:25:12 Europe/Paris] Slim Application Error
Type: Error
Code: 0
Message: Class 'EcclesiaCRM\APIControllers\PDO' not found
File: /var/www/CRM/src/EcclesiaCRM/APIControllers/SidebarVolunteerOpportunityController.php
Line: 59
Trace: #0 /var/www/CRM/src/EcclesiaCRM/APIControllers/SidebarVolunteerOpportunityController.php(95): EcclesiaCRM\APIControllers\SidebarVolunteerOpportunityController->selectMenuIcons()
#1 /var/www/CRM/src/vendor/slim/slim/Slim/Handlers/Strategies/RequestResponse.php(43): EcclesiaCRM\APIControllers\SidebarVolunteerOpportunityController->getAllVolunteerOpportunities()
#2 /var/www/CRM/src/vendor/slim/slim/Slim/Routing/Route.php(384): Slim\Handlers\Strategies\RequestResponse->__invoke()
#3 /var/www/CRM/src/vendor/slim/slim/Slim/MiddlewareDispatcher.php(81): Slim\Routing\Route->handle()
#4 /var/www/CRM/src/vendor/slim/slim/Slim/MiddlewareDispatcher.php(81): Slim\MiddlewareDispatcher->handle()
#5 /var/www/CRM/src/vendor/slim/slim/Slim/Routing/Route.php(341): Slim\MiddlewareDispatcher->handle()
#6 /var/www/CRM/src/vendor/slim/slim/Slim/Routing/RouteRunner.php(84): Slim\Routing\Route->run()
#7 /var/www/CRM/src/EcclesiaCRM/Slim/Middleware/VersionMiddleware.php(17): Slim\Routing\RouteRunner->handle()
#8 /var/www/CRM/src/vendor/slim/slim/Slim/MiddlewareDispatcher.php(313): EcclesiaCRM\Slim\Middleware\VersionMiddleware->__invoke()
#9 /var/www/CRM/src/vendor/tuupola/slim-jwt-auth/src/JwtAuthentication.php(132): class@anonymous->handle()
#10 /var/www/CRM/src/vendor/slim/slim/Slim/MiddlewareDispatcher.php(147): Tuupola\Middleware\JwtAuthentication->process()
#11 /var/www/CRM/src/vendor/slim/slim/Slim/Middleware/ErrorMiddleware.php(107): class@anonymous->handle()
#12 /var/www/CRM/src/vendor/slim/slim/Slim/MiddlewareDispatcher.php(147): Slim\Middleware\ErrorMiddleware->process()
#13 /var/www/CRM/src/vendor/slim/slim/Slim/MiddlewareDispatcher.php(81): class@anonymous->handle()
#14 /var/www/CRM/src/vendor/slim/slim/Slim/App.php(215): Slim\MiddlewareDispatcher->handle()
#15 /var/www/CRM/src/vendor/slim/slim/Slim/App.php(199): Slim\App->handle()
#16 /var/www/CRM/src/api/index.php(145): Slim\App->run()
#17 {main}
[22-Mar-2022 16:25:31 Europe/Paris] Slim Application Error
Type: Error
Code: 0
Message: Class 'EcclesiaCRM\APIControllers\PDO' not found
File: /var/www/CRM/src/EcclesiaCRM/APIControllers/SidebarVolunteerOpportunityController.php
Line: 59
Trace: #0 /var/www/CRM/src/EcclesiaCRM/APIControllers/SidebarVolunteerOpportunityController.php(95): EcclesiaCRM\APIControllers\SidebarVolunteerOpportunityController->selectMenuIcons()
#1 /var/www/CRM/src/vendor/slim/slim/Slim/Handlers/Strategies/RequestResponse.php(43): EcclesiaCRM\APIControllers\SidebarVolunteerOpportunityController->getAllVolunteerOpportunities()
#2 /var/www/CRM/src/vendor/slim/slim/Slim/Routing/Route.php(384): Slim\Handlers\Strategies\RequestResponse->__invoke()
#3 /var/www/CRM/src/vendor/slim/slim/Slim/MiddlewareDispatcher.php(81): Slim\Routing\Route->handle()
#4 /var/www/CRM/src/vendor/slim/slim/Slim/MiddlewareDispatcher.php(81): Slim\MiddlewareDispatcher->handle()
#5 /var/www/CRM/src/vendor/slim/slim/Slim/Routing/Route.php(341): Slim\MiddlewareDispatcher->handle()
#6 /var/www/CRM/src/vendor/slim/slim/Slim/Routing/RouteRunner.php(84): Slim\Routing\Route->run()
#7 /var/www/CRM/src/EcclesiaCRM/Slim/Middleware/VersionMiddleware.php(17): Slim\Routing\RouteRunner->handle()
#8 /var/www/CRM/src/vendor/slim/slim/Slim/MiddlewareDispatcher.php(313): EcclesiaCRM\Slim\Middleware\VersionMiddleware->__invoke()
#9 /var/www/CRM/src/vendor/tuupola/slim-jwt-auth/src/JwtAuthentication.php(132): class@anonymous->handle()
#10 /var/www/CRM/src/vendor/slim/slim/Slim/MiddlewareDispatcher.php(147): Tuupola\Middleware\JwtAuthentication->process()
#11 /var/www/CRM/src/vendor/slim/slim/Slim/Middleware/ErrorMiddleware.php(107): class@anonymous->handle()
#12 /var/www/CRM/src/vendor/slim/slim/Slim/MiddlewareDispatcher.php(147): Slim\Middleware\ErrorMiddleware->process()
#13 /var/www/CRM/src/vendor/slim/slim/Slim/MiddlewareDispatcher.php(81): class@anonymous->handle()
#14 /var/www/CRM/src/vendor/slim/slim/Slim/App.php(215): Slim\MiddlewareDispatcher->handle()
#15 /var/www/CRM/src/vendor/slim/slim/Slim/App.php(199): Slim\App->handle()
#16 /var/www/CRM/src/api/index.php(145): Slim\App->run()
#17 {main}
[22-Mar-2022 16:25:49 Europe/Paris] Slim Application Error
Type: Error
Code: 0
Message: Class 'EcclesiaCRM\APIControllers\PDO' not found
File: /var/www/CRM/src/EcclesiaCRM/APIControllers/SidebarVolunteerOpportunityController.php
Line: 59
Trace: #0 /var/www/CRM/src/EcclesiaCRM/APIControllers/SidebarVolunteerOpportunityController.php(95): EcclesiaCRM\APIControllers\SidebarVolunteerOpportunityController->selectMenuIcons()
#1 /var/www/CRM/src/vendor/slim/slim/Slim/Handlers/Strategies/RequestResponse.php(43): EcclesiaCRM\APIControllers\SidebarVolunteerOpportunityController->getAllVolunteerOpportunities()
#2 /var/www/CRM/src/vendor/slim/slim/Slim/Routing/Route.php(384): Slim\Handlers\Strategies\RequestResponse->__invoke()
#3 /var/www/CRM/src/vendor/slim/slim/Slim/MiddlewareDispatcher.php(81): Slim\Routing\Route->handle()
#4 /var/www/CRM/src/vendor/slim/slim/Slim/MiddlewareDispatcher.php(81): Slim\MiddlewareDispatcher->handle()
#5 /var/www/CRM/src/vendor/slim/slim/Slim/Routing/Route.php(341): Slim\MiddlewareDispatcher->handle()
#6 /var/www/CRM/src/vendor/slim/slim/Slim/Routing/RouteRunner.php(84): Slim\Routing\Route->run()
#7 /var/www/CRM/src/EcclesiaCRM/Slim/Middleware/VersionMiddleware.php(17): Slim\Routing\RouteRunner->handle()
#8 /var/www/CRM/src/vendor/slim/slim/Slim/MiddlewareDispatcher.php(313): EcclesiaCRM\Slim\Middleware\VersionMiddleware->__invoke()
#9 /var/www/CRM/src/vendor/tuupola/slim-jwt-auth/src/JwtAuthentication.php(132): class@anonymous->handle()
#10 /var/www/CRM/src/vendor/slim/slim/Slim/MiddlewareDispatcher.php(147): Tuupola\Middleware\JwtAuthentication->process()
#11 /var/www/CRM/src/vendor/slim/slim/Slim/Middleware/ErrorMiddleware.php(107): class@anonymous->handle()
#12 /var/www/CRM/src/vendor/slim/slim/Slim/MiddlewareDispatcher.php(147): Slim\Middleware\ErrorMiddleware->process()
#13 /var/www/CRM/src/vendor/slim/slim/Slim/MiddlewareDispatcher.php(81): class@anonymous->handle()
#14 /var/www/CRM/src/vendor/slim/slim/Slim/App.php(215): Slim\MiddlewareDispatcher->handle()
#15 /var/www/CRM/src/vendor/slim/slim/Slim/App.php(199): Slim\App->handle()
#16 /var/www/CRM/src/api/index.php(145): Slim\App->run()
#17 {main}
[22-Mar-2022 16:36:05 Europe/Paris] Slim Application Error
Type: Propel\Runtime\Exception\BadMethodCallException
Code: 0
Message: Call to undefined method: colId.
File: /var/www/CRM/src/EcclesiaCRM/model/EcclesiaCRM/Base/VolunteerOpportunity.php
Line: 2221
Trace: #0 /var/www/CRM/src/EcclesiaCRM/APIControllers/SidebarVolunteerOpportunityController.php(242): EcclesiaCRM\Base\VolunteerOpportunity->__call()
#1 /var/www/CRM/src/vendor/slim/slim/Slim/Handlers/Strategies/RequestResponse.php(43): EcclesiaCRM\APIControllers\SidebarVolunteerOpportunityController->changeColorVolunteerOpportunity()
#2 /var/www/CRM/src/vendor/slim/slim/Slim/Routing/Route.php(384): Slim\Handlers\Strategies\RequestResponse->__invoke()
#3 /var/www/CRM/src/vendor/slim/slim/Slim/MiddlewareDispatcher.php(81): Slim\Routing\Route->handle()
#4 /var/www/CRM/src/vendor/slim/slim/Slim/MiddlewareDispatcher.php(81): Slim\MiddlewareDispatcher->handle()
#5 /var/www/CRM/src/vendor/slim/slim/Slim/Routing/Route.php(341): Slim\MiddlewareDispatcher->handle()
#6 /var/www/CRM/src/vendor/slim/slim/Slim/Routing/RouteRunner.php(84): Slim\Routing\Route->run()
#7 /var/www/CRM/src/EcclesiaCRM/Slim/Middleware/VersionMiddleware.php(17): Slim\Routing\RouteRunner->handle()
#8 /var/www/CRM/src/vendor/slim/slim/Slim/MiddlewareDispatcher.php(313): EcclesiaCRM\Slim\Middleware\VersionMiddleware->__invoke()
#9 /var/www/CRM/src/vendor/tuupola/slim-jwt-auth/src/JwtAuthentication.php(132): class@anonymous->handle()
#10 /var/www/CRM/src/vendor/slim/slim/Slim/MiddlewareDispatcher.php(147): Tuupola\Middleware\JwtAuthentication->process()
#11 /var/www/CRM/src/vendor/slim/slim/Slim/Middleware/ErrorMiddleware.php(107): class@anonymous->handle()
#12 /var/www/CRM/src/vendor/slim/slim/Slim/MiddlewareDispatcher.php(147): Slim\Middleware\ErrorMiddleware->process()
#13 /var/www/CRM/src/vendor/slim/slim/Slim/MiddlewareDispatcher.php(81): class@anonymous->handle()
#14 /var/www/CRM/src/vendor/slim/slim/Slim/App.php(215): Slim\MiddlewareDispatcher->handle()
#15 /var/www/CRM/src/vendor/slim/slim/Slim/App.php(199): Slim\App->handle()
#16 /var/www/CRM/src/api/index.php(145): Slim\App->run()
#17 {main}
[22-Mar-2022 16:36:43 Europe/Paris] Slim Application Error
Type: Propel\Runtime\Exception\BadMethodCallException
Code: 0
Message: Call to undefined method: colId.
File: /var/www/CRM/src/EcclesiaCRM/model/EcclesiaCRM/Base/VolunteerOpportunity.php
Line: 2221
Trace: #0 /var/www/CRM/src/EcclesiaCRM/APIControllers/SidebarVolunteerOpportunityController.php(242): EcclesiaCRM\Base\VolunteerOpportunity->__call()
#1 /var/www/CRM/src/vendor/slim/slim/Slim/Handlers/Strategies/RequestResponse.php(43): EcclesiaCRM\APIControllers\SidebarVolunteerOpportunityController->changeColorVolunteerOpportunity()
#2 /var/www/CRM/src/vendor/slim/slim/Slim/Routing/Route.php(384): Slim\Handlers\Strategies\RequestResponse->__invoke()
#3 /var/www/CRM/src/vendor/slim/slim/Slim/MiddlewareDispatcher.php(81): Slim\Routing\Route->handle()
#4 /var/www/CRM/src/vendor/slim/slim/Slim/MiddlewareDispatcher.php(81): Slim\MiddlewareDispatcher->handle()
#5 /var/www/CRM/src/vendor/slim/slim/Slim/Routing/Route.php(341): Slim\MiddlewareDispatcher->handle()
#6 /var/www/CRM/src/vendor/slim/slim/Slim/Routing/RouteRunner.php(84): Slim\Routing\Route->run()
#7 /var/www/CRM/src/EcclesiaCRM/Slim/Middleware/VersionMiddleware.php(17): Slim\Routing\RouteRunner->handle()
#8 /var/www/CRM/src/vendor/slim/slim/Slim/MiddlewareDispatcher.php(313): EcclesiaCRM\Slim\Middleware\VersionMiddleware->__invoke()
#9 /var/www/CRM/src/vendor/tuupola/slim-jwt-auth/src/JwtAuthentication.php(132): class@anonymous->handle()
#10 /var/www/CRM/src/vendor/slim/slim/Slim/MiddlewareDispatcher.php(147): Tuupola\Middleware\JwtAuthentication->process()
#11 /var/www/CRM/src/vendor/slim/slim/Slim/Middleware/ErrorMiddleware.php(107): class@anonymous->handle()
#12 /var/www/CRM/src/vendor/slim/slim/Slim/MiddlewareDispatcher.php(147): Slim\Middleware\ErrorMiddleware->process()
#13 /var/www/CRM/src/vendor/slim/slim/Slim/MiddlewareDispatcher.php(81): class@anonymous->handle()
#14 /var/www/CRM/src/vendor/slim/slim/Slim/App.php(215): Slim\MiddlewareDispatcher->handle()
#15 /var/www/CRM/src/vendor/slim/slim/Slim/App.php(199): Slim\App->handle()
#16 /var/www/CRM/src/api/index.php(145): Slim\App->run()
#17 {main}
[22-Mar-2022 16:38:22 Europe/Paris] Slim Application Error
Type: Propel\Runtime\Exception\BadMethodCallException
Code: 0
Message: Call to undefined method: colId.
File: /var/www/CRM/src/EcclesiaCRM/model/EcclesiaCRM/Base/VolunteerOpportunity.php
Line: 2221
Trace: #0 /var/www/CRM/src/EcclesiaCRM/APIControllers/SidebarVolunteerOpportunityController.php(235): EcclesiaCRM\Base\VolunteerOpportunity->__call()
#1 /var/www/CRM/src/vendor/slim/slim/Slim/Handlers/Strategies/RequestResponse.php(43): EcclesiaCRM\APIControllers\SidebarVolunteerOpportunityController->changeColorVolunteerOpportunity()
#2 /var/www/CRM/src/vendor/slim/slim/Slim/Routing/Route.php(384): Slim\Handlers\Strategies\RequestResponse->__invoke()
#3 /var/www/CRM/src/vendor/slim/slim/Slim/MiddlewareDispatcher.php(81): Slim\Routing\Route->handle()
#4 /var/www/CRM/src/vendor/slim/slim/Slim/MiddlewareDispatcher.php(81): Slim\MiddlewareDispatcher->handle()
#5 /var/www/CRM/src/vendor/slim/slim/Slim/Routing/Route.php(341): Slim\MiddlewareDispatcher->handle()
#6 /var/www/CRM/src/vendor/slim/slim/Slim/Routing/RouteRunner.php(84): Slim\Routing\Route->run()
#7 /var/www/CRM/src/EcclesiaCRM/Slim/Middleware/VersionMiddleware.php(17): Slim\Routing\RouteRunner->handle()
#8 /var/www/CRM/src/vendor/slim/slim/Slim/MiddlewareDispatcher.php(313): EcclesiaCRM\Slim\Middleware\VersionMiddleware->__invoke()
#9 /var/www/CRM/src/vendor/tuupola/slim-jwt-auth/src/JwtAuthentication.php(132): class@anonymous->handle()
#10 /var/www/CRM/src/vendor/slim/slim/Slim/MiddlewareDispatcher.php(147): Tuupola\Middleware\JwtAuthentication->process()
#11 /var/www/CRM/src/vendor/slim/slim/Slim/Middleware/ErrorMiddleware.php(107): class@anonymous->handle()
#12 /var/www/CRM/src/vendor/slim/slim/Slim/MiddlewareDispatcher.php(147): Slim\Middleware\ErrorMiddleware->process()
#13 /var/www/CRM/src/vendor/slim/slim/Slim/MiddlewareDispatcher.php(81): class@anonymous->handle()
#14 /var/www/CRM/src/vendor/slim/slim/Slim/App.php(215): Slim\MiddlewareDispatcher->handle()
#15 /var/www/CRM/src/vendor/slim/slim/Slim/App.php(199): Slim\App->handle()
#16 /var/www/CRM/src/api/index.php(145): Slim\App->run()
#17 {main}
[22-Mar-2022 17:01:42 Europe/Paris] Slim Application Error
Type: RuntimeException
Code: 0
Message: View cannot render `meetingsettings.php` because the template does not exist
File: /var/www/CRM/src/vendor/slim/php-view/src/PhpRenderer.php
Line: 154
Trace: #0 /var/www/CRM/src/vendor/slim/php-view/src/PhpRenderer.php(62): Slim\Views\PhpRenderer->fetch()
#1 /var/www/eventworkflow/src/core/VIEWControllers/VIEWEventWorkflowController.php(72): Slim\Views\PhpRenderer->render()
#2 /var/www/CRM/src/vendor/slim/slim/Slim/Handlers/Strategies/RequestResponse.php(43): Plugins\VIEWControllers\VIEWEventWorkflowController->renderSettings()
#3 /var/www/CRM/src/vendor/slim/slim/Slim/Routing/Route.php(384): Slim\Handlers\Strategies\RequestResponse->__invoke()
#4 /var/www/CRM/src/vendor/slim/slim/Slim/MiddlewareDispatcher.php(81): Slim\Routing\Route->handle()
#5 /var/www/CRM/src/vendor/slim/slim/Slim/MiddlewareDispatcher.php(81): Slim\MiddlewareDispatcher->handle()
#6 /var/www/CRM/src/vendor/slim/slim/Slim/Routing/Route.php(341): Slim\MiddlewareDispatcher->handle()
#7 /var/www/CRM/src/vendor/slim/slim/Slim/Routing/RouteRunner.php(84): Slim\Routing\Route->run()
#8 /var/www/CRM/src/vendor/slim/http-cache/src/Cache.php(67): Slim\Routing\RouteRunner->handle()
#9 /var/www/CRM/src/vendor/slim/slim/Slim/MiddlewareDispatcher.php(147): Slim\HttpCache\Cache->process()
#10 /var/www/CRM/src/EcclesiaCRM/Slim/Middleware/VersionMiddleware.php(17): class@anonymous->handle()
#11 /var/www/CRM/src/vendor/slim/slim/Slim/MiddlewareDispatcher.php(313): EcclesiaCRM\Slim\Middleware\VersionMiddleware->__invoke()
#12 /var/www/CRM/src/vendor/tuupola/slim-jwt-auth/src/JwtAuthentication.php(132): class@anonymous->handle()
#13 /var/www/CRM/src/vendor/slim/slim/Slim/MiddlewareDispatcher.php(147): Tuupola\Middleware\JwtAuthentication->process()
#14 /var/www/CRM/src/vendor/slim/slim/Slim/Middleware/ErrorMiddleware.php(107): class@anonymous->handle()
#15 /var/www/CRM/src/vendor/slim/slim/Slim/MiddlewareDispatcher.php(147): Slim\Middleware\ErrorMiddleware->process()
#16 /var/www/CRM/src/vendor/slim/slim/Slim/MiddlewareDispatcher.php(81): class@anonymous->handle()
#17 /var/www/CRM/src/vendor/slim/slim/Slim/App.php(215): Slim\MiddlewareDispatcher->handle()
#18 /var/www/CRM/src/vendor/slim/slim/Slim/App.php(199): Slim\App->handle()
#19 /var/www/CRM/src/v2/index.php(124): Slim\App->run()
#20 {main}
[22-Mar-2022 17:43:02 Europe/Paris] Slim Application Error
Type: Error
Code: 0
Message: Class 'SystemURLs' not found
File: /var/www/eventworkflow/src/v2/templates/eventworkflowdashboard.php
Line: 209
Trace: #0 /var/www/CRM/src/vendor/slim/php-view/src/PhpRenderer.php(188): include()
#1 /var/www/CRM/src/vendor/slim/php-view/src/PhpRenderer.php(169): Slim\Views\PhpRenderer->protectedIncludeScope()
#2 /var/www/CRM/src/vendor/slim/php-view/src/PhpRenderer.php(62): Slim\Views\PhpRenderer->fetch()
#3 /var/www/eventworkflow/src/core/VIEWControllers/VIEWEventWorkflowController.php(45): Slim\Views\PhpRenderer->render()
#4 /var/www/CRM/src/vendor/slim/slim/Slim/Handlers/Strategies/RequestResponse.php(43): Plugins\VIEWControllers\VIEWEventWorkflowController->renderDashboard()
#5 /var/www/CRM/src/vendor/slim/slim/Slim/Routing/Route.php(384): Slim\Handlers\Strategies\RequestResponse->__invoke()
#6 /var/www/CRM/src/vendor/slim/slim/Slim/MiddlewareDispatcher.php(81): Slim\Routing\Route->handle()
#7 /var/www/CRM/src/vendor/slim/slim/Slim/MiddlewareDispatcher.php(81): Slim\MiddlewareDispatcher->handle()
#8 /var/www/CRM/src/vendor/slim/slim/Slim/Routing/Route.php(341): Slim\MiddlewareDispatcher->handle()
#9 /var/www/CRM/src/vendor/slim/slim/Slim/Routing/RouteRunner.php(84): Slim\Routing\Route->run()
#10 /var/www/CRM/src/vendor/slim/http-cache/src/Cache.php(67): Slim\Routing\RouteRunner->handle()
#11 /var/www/CRM/src/vendor/slim/slim/Slim/MiddlewareDispatcher.php(147): Slim\HttpCache\Cache->process()
#12 /var/www/CRM/src/EcclesiaCRM/Slim/Middleware/VersionMiddleware.php(17): class@anonymous->handle()
#13 /var/www/CRM/src/vendor/slim/slim/Slim/MiddlewareDispatcher.php(313): EcclesiaCRM\Slim\Middleware\VersionMiddleware->__invoke()
#14 /var/www/CRM/src/vendor/tuupola/slim-jwt-auth/src/JwtAuthentication.php(132): class@anonymous->handle()
#15 /var/www/CRM/src/vendor/slim/slim/Slim/MiddlewareDispatcher.php(147): Tuupola\Middleware\JwtAuthentication->process()
#16 /var/www/CRM/src/vendor/slim/slim/Slim/Middleware/ErrorMiddleware.php(107): class@anonymous->handle()
#17 /var/www/CRM/src/vendor/slim/slim/Slim/MiddlewareDispatcher.php(147): Slim\Middleware\ErrorMiddleware->process()
#18 /var/www/CRM/src/vendor/slim/slim/Slim/MiddlewareDispatcher.php(81): class@anonymous->handle()
#19 /var/www/CRM/src/vendor/slim/slim/Slim/App.php(215): Slim\MiddlewareDispatcher->handle()
#20 /var/www/CRM/src/vendor/slim/slim/Slim/App.php(199): Slim\App->handle()
#21 /var/www/CRM/src/v2/index.php(124): Slim\App->run()
#22 {main}
[22-Mar-2022 17:43:31 Europe/Paris] Slim Application Error
Type: Error
Code: 0
Message: Class 'SystemURLs' not found
File: /var/www/eventworkflow/src/v2/templates/eventworkflowdashboard.php
Line: 208
Trace: #0 /var/www/CRM/src/vendor/slim/php-view/src/PhpRenderer.php(188): include()
#1 /var/www/CRM/src/vendor/slim/php-view/src/PhpRenderer.php(169): Slim\Views\PhpRenderer->protectedIncludeScope()
#2 /var/www/CRM/src/vendor/slim/php-view/src/PhpRenderer.php(62): Slim\Views\PhpRenderer->fetch()
#3 /var/www/eventworkflow/src/core/VIEWControllers/VIEWEventWorkflowController.php(45): Slim\Views\PhpRenderer->render()
#4 /var/www/CRM/src/vendor/slim/slim/Slim/Handlers/Strategies/RequestResponse.php(43): Plugins\VIEWControllers\VIEWEventWorkflowController->renderDashboard()
#5 /var/www/CRM/src/vendor/slim/slim/Slim/Routing/Route.php(384): Slim\Handlers\Strategies\RequestResponse->__invoke()
#6 /var/www/CRM/src/vendor/slim/slim/Slim/MiddlewareDispatcher.php(81): Slim\Routing\Route->handle()
#7 /var/www/CRM/src/vendor/slim/slim/Slim/MiddlewareDispatcher.php(81): Slim\MiddlewareDispatcher->handle()
#8 /var/www/CRM/src/vendor/slim/slim/Slim/Routing/Route.php(341): Slim\MiddlewareDispatcher->handle()
#9 /var/www/CRM/src/vendor/slim/slim/Slim/Routing/RouteRunner.php(84): Slim\Routing\Route->run()
#10 /var/www/CRM/src/vendor/slim/http-cache/src/Cache.php(67): Slim\Routing\RouteRunner->handle()
#11 /var/www/CRM/src/vendor/slim/slim/Slim/MiddlewareDispatcher.php(147): Slim\HttpCache\Cache->process()
#12 /var/www/CRM/src/EcclesiaCRM/Slim/Middleware/VersionMiddleware.php(17): class@anonymous->handle()
#13 /var/www/CRM/src/vendor/slim/slim/Slim/MiddlewareDispatcher.php(313): EcclesiaCRM\Slim\Middleware\VersionMiddleware->__invoke()
#14 /var/www/CRM/src/vendor/tuupola/slim-jwt-auth/src/JwtAuthentication.php(132): class@anonymous->handle()
#15 /var/www/CRM/src/vendor/slim/slim/Slim/MiddlewareDispatcher.php(147): Tuupola\Middleware\JwtAuthentication->process()
#16 /var/www/CRM/src/vendor/slim/slim/Slim/Middleware/ErrorMiddleware.php(107): class@anonymous->handle()
#17 /var/www/CRM/src/vendor/slim/slim/Slim/MiddlewareDispatcher.php(147): Slim\Middleware\ErrorMiddleware->process()
#18 /var/www/CRM/src/vendor/slim/slim/Slim/MiddlewareDispatcher.php(81): class@anonymous->handle()
#19 /var/www/CRM/src/vendor/slim/slim/Slim/App.php(215): Slim\MiddlewareDispatcher->handle()
#20 /var/www/CRM/src/vendor/slim/slim/Slim/App.php(199): Slim\App->handle()
#21 /var/www/CRM/src/v2/index.php(124): Slim\App->run()
#22 {main}
[22-Mar-2022 21:52:51 Europe/Paris] Slim Application Error
Type: Error
Code: 0
Message: Class 'SystemURLs' not found
File: /var/www/eventworkflow/src/v2/templates/eventworkflowdashboard.php
Line: 216
Trace: #0 /var/www/CRM/src/vendor/slim/php-view/src/PhpRenderer.php(188): include()
#1 /var/www/CRM/src/vendor/slim/php-view/src/PhpRenderer.php(169): Slim\Views\PhpRenderer->protectedIncludeScope()
#2 /var/www/CRM/src/vendor/slim/php-view/src/PhpRenderer.php(62): Slim\Views\PhpRenderer->fetch()
#3 /var/www/eventworkflow/src/core/VIEWControllers/VIEWEventWorkflowController.php(45): Slim\Views\PhpRenderer->render()
#4 /var/www/CRM/src/vendor/slim/slim/Slim/Handlers/Strategies/RequestResponse.php(43): Plugins\VIEWControllers\VIEWEventWorkflowController->renderDashboard()
#5 /var/www/CRM/src/vendor/slim/slim/Slim/Routing/Route.php(384): Slim\Handlers\Strategies\RequestResponse->__invoke()
#6 /var/www/CRM/src/vendor/slim/slim/Slim/MiddlewareDispatcher.php(81): Slim\Routing\Route->handle()
#7 /var/www/CRM/src/vendor/slim/slim/Slim/MiddlewareDispatcher.php(81): Slim\MiddlewareDispatcher->handle()
#8 /var/www/CRM/src/vendor/slim/slim/Slim/Routing/Route.php(341): Slim\MiddlewareDispatcher->handle()
#9 /var/www/CRM/src/vendor/slim/slim/Slim/Routing/RouteRunner.php(84): Slim\Routing\Route->run()
#10 /var/www/CRM/src/vendor/slim/http-cache/src/Cache.php(67): Slim\Routing\RouteRunner->handle()
#11 /var/www/CRM/src/vendor/slim/slim/Slim/MiddlewareDispatcher.php(147): Slim\HttpCache\Cache->process()
#12 /var/www/CRM/src/EcclesiaCRM/Slim/Middleware/VersionMiddleware.php(17): class@anonymous->handle()
#13 /var/www/CRM/src/vendor/slim/slim/Slim/MiddlewareDispatcher.php(313): EcclesiaCRM\Slim\Middleware\VersionMiddleware->__invoke()
#14 /var/www/CRM/src/vendor/tuupola/slim-jwt-auth/src/JwtAuthentication.php(132): class@anonymous->handle()
#15 /var/www/CRM/src/vendor/slim/slim/Slim/MiddlewareDispatcher.php(147): Tuupola\Middleware\JwtAuthentication->process()
#16 /var/www/CRM/src/vendor/slim/slim/Slim/Middleware/ErrorMiddleware.php(107): class@anonymous->handle()
#17 /var/www/CRM/src/vendor/slim/slim/Slim/MiddlewareDispatcher.php(147): Slim\Middleware\ErrorMiddleware->process()
#18 /var/www/CRM/src/vendor/slim/slim/Slim/MiddlewareDispatcher.php(81): class@anonymous->handle()
#19 /var/www/CRM/src/vendor/slim/slim/Slim/App.php(215): Slim\MiddlewareDispatcher->handle()
#20 /var/www/CRM/src/vendor/slim/slim/Slim/App.php(199): Slim\App->handle()
#21 /var/www/CRM/src/v2/index.php(124): Slim\App->run()
#22 {main}
[22-Mar-2022 22:34:40 Europe/Paris] Slim Application Error
Type: RuntimeException
Code: 0
Message: View cannot render `meetingsettings.php` because the template does not exist
File: /var/www/CRM/src/vendor/slim/php-view/src/PhpRenderer.php
Line: 154
Trace: #0 /var/www/CRM/src/vendor/slim/php-view/src/PhpRenderer.php(62): Slim\Views\PhpRenderer->fetch()
#1 /var/www/eventworkflow/src/core/VIEWControllers/VIEWEventWorkflowController.php(72): Slim\Views\PhpRenderer->render()
#2 /var/www/CRM/src/vendor/slim/slim/Slim/Handlers/Strategies/RequestResponse.php(43): Plugins\VIEWControllers\VIEWEventWorkflowController->renderSettings()
#3 /var/www/CRM/src/vendor/slim/slim/Slim/Routing/Route.php(384): Slim\Handlers\Strategies\RequestResponse->__invoke()
#4 /var/www/CRM/src/vendor/slim/slim/Slim/MiddlewareDispatcher.php(81): Slim\Routing\Route->handle()
#5 /var/www/CRM/src/vendor/slim/slim/Slim/MiddlewareDispatcher.php(81): Slim\MiddlewareDispatcher->handle()
#6 /var/www/CRM/src/vendor/slim/slim/Slim/Routing/Route.php(341): Slim\MiddlewareDispatcher->handle()
#7 /var/www/CRM/src/vendor/slim/slim/Slim/Routing/RouteRunner.php(84): Slim\Routing\Route->run()
#8 /var/www/CRM/src/vendor/slim/http-cache/src/Cache.php(67): Slim\Routing\RouteRunner->handle()
#9 /var/www/CRM/src/vendor/slim/slim/Slim/MiddlewareDispatcher.php(147): Slim\HttpCache\Cache->process()
#10 /var/www/CRM/src/EcclesiaCRM/Slim/Middleware/VersionMiddleware.php(17): class@anonymous->handle()
#11 /var/www/CRM/src/vendor/slim/slim/Slim/MiddlewareDispatcher.php(313): EcclesiaCRM\Slim\Middleware\VersionMiddleware->__invoke()
#12 /var/www/CRM/src/vendor/tuupola/slim-jwt-auth/src/JwtAuthentication.php(132): class@anonymous->handle()
#13 /var/www/CRM/src/vendor/slim/slim/Slim/MiddlewareDispatcher.php(147): Tuupola\Middleware\JwtAuthentication->process()
#14 /var/www/CRM/src/vendor/slim/slim/Slim/Middleware/ErrorMiddleware.php(107): class@anonymous->handle()
#15 /var/www/CRM/src/vendor/slim/slim/Slim/MiddlewareDispatcher.php(147): Slim\Middleware\ErrorMiddleware->process()
#16 /var/www/CRM/src/vendor/slim/slim/Slim/MiddlewareDispatcher.php(81): class@anonymous->handle()
#17 /var/www/CRM/src/vendor/slim/slim/Slim/App.php(215): Slim\MiddlewareDispatcher->handle()
#18 /var/www/CRM/src/vendor/slim/slim/Slim/App.php(199): Slim\App->handle()
#19 /var/www/CRM/src/v2/index.php(124): Slim\App->run()
#20 {main}
