[25-Sep-2022 23:18:57 Europe/Paris] Slim Application Error
Type: ParseError
Code: 0
Message: syntax error, unexpected '-&gt;' (T_OBJECT_OPERATOR), expecting ')'
File: /var/www/CRM/src/Plugins/ToDoListDashboard/core/APIControllers/ToDoListDashboardController.php
Line: 376
Trace: #0 [internal function]: {closure}()
#1 [internal function]: spl_autoload_call()
#2 /var/www/CRM/src/vendor/php-di/php-di/src/Definition/Source/ReflectionBasedAutowiring.php(23): class_exists()
#3 /var/www/CRM/src/vendor/php-di/php-di/src/Definition/Source/ReflectionBasedAutowiring.php(42): DI\Definition\Source\ReflectionBasedAutowiring->autowire()
#4 /var/www/CRM/src/vendor/php-di/php-di/src/Definition/Source/SourceChain.php(54): DI\Definition\Source\ReflectionBasedAutowiring->getDefinition()
#5 /var/www/CRM/src/vendor/php-di/php-di/src/Container.php(155): DI\Definition\Source\SourceChain->getDefinition()
#6 /var/www/CRM/src/vendor/php-di/php-di/src/Container.php(223): DI\Container->getDefinition()
#7 /var/www/CRM/src/vendor/slim/slim/Slim/CallableResolver.php(147): DI\Container->has()
#8 /var/www/CRM/src/vendor/slim/slim/Slim/CallableResolver.php(103): Slim\CallableResolver->resolveSlimNotation()
#9 /var/www/CRM/src/vendor/slim/slim/Slim/CallableResolver.php(72): Slim\CallableResolver->resolveByPredicate()
#10 /var/www/CRM/src/vendor/slim/slim/Slim/Routing/Route.php(366): Slim\CallableResolver->resolveRoute()
#11 /var/www/CRM/src/vendor/slim/slim/Slim/MiddlewareDispatcher.php(81): Slim\Routing\Route->handle()
#12 /var/www/CRM/src/vendor/slim/slim/Slim/MiddlewareDispatcher.php(81): Slim\MiddlewareDispatcher->handle()
#13 /var/www/CRM/src/vendor/slim/slim/Slim/Routing/Route.php(341): Slim\MiddlewareDispatcher->handle()
#14 /var/www/CRM/src/vendor/slim/slim/Slim/Routing/RouteRunner.php(84): Slim\Routing\Route->run()
#15 /var/www/CRM/src/EcclesiaCRM/Slim/Middleware/VersionMiddleware.php(17): Slim\Routing\RouteRunner->handle()
#16 /var/www/CRM/src/vendor/slim/slim/Slim/MiddlewareDispatcher.php(313): EcclesiaCRM\Slim\Middleware\VersionMiddleware->__invoke()
#17 /var/www/CRM/src/vendor/tuupola/slim-jwt-auth/src/JwtAuthentication.php(132): class@anonymous->handle()
#18 /var/www/CRM/src/vendor/slim/slim/Slim/MiddlewareDispatcher.php(147): Tuupola\Middleware\JwtAuthentication->process()
#19 /var/www/CRM/src/vendor/slim/slim/Slim/Middleware/ErrorMiddleware.php(107): class@anonymous->handle()
#20 /var/www/CRM/src/vendor/slim/slim/Slim/MiddlewareDispatcher.php(147): Slim\Middleware\ErrorMiddleware->process()
#21 /var/www/CRM/src/vendor/slim/slim/Slim/MiddlewareDispatcher.php(81): class@anonymous->handle()
#22 /var/www/CRM/src/vendor/slim/slim/Slim/App.php(215): Slim\MiddlewareDispatcher->handle()
#23 /var/www/CRM/src/vendor/slim/slim/Slim/App.php(199): Slim\App->handle()
#24 /var/www/CRM/src/api/index.php(145): Slim\App->run()
#25 {main}
[25-Sep-2022 23:18:58 Europe/Paris] Slim Application Error
Type: ParseError
Code: 0
Message: syntax error, unexpected '-&gt;' (T_OBJECT_OPERATOR), expecting ')'
File: /var/www/CRM/src/Plugins/ToDoListDashboard/core/APIControllers/ToDoListDashboardController.php
Line: 376
Trace: #0 [internal function]: {closure}()
#1 [internal function]: spl_autoload_call()
#2 /var/www/CRM/src/vendor/php-di/php-di/src/Definition/Source/ReflectionBasedAutowiring.php(23): class_exists()
#3 /var/www/CRM/src/vendor/php-di/php-di/src/Definition/Source/ReflectionBasedAutowiring.php(42): DI\Definition\Source\ReflectionBasedAutowiring->autowire()
#4 /var/www/CRM/src/vendor/php-di/php-di/src/Definition/Source/SourceChain.php(54): DI\Definition\Source\ReflectionBasedAutowiring->getDefinition()
#5 /var/www/CRM/src/vendor/php-di/php-di/src/Container.php(155): DI\Definition\Source\SourceChain->getDefinition()
#6 /var/www/CRM/src/vendor/php-di/php-di/src/Container.php(223): DI\Container->getDefinition()
#7 /var/www/CRM/src/vendor/slim/slim/Slim/CallableResolver.php(147): DI\Container->has()
#8 /var/www/CRM/src/vendor/slim/slim/Slim/CallableResolver.php(103): Slim\CallableResolver->resolveSlimNotation()
#9 /var/www/CRM/src/vendor/slim/slim/Slim/CallableResolver.php(72): Slim\CallableResolver->resolveByPredicate()
#10 /var/www/CRM/src/vendor/slim/slim/Slim/Routing/Route.php(366): Slim\CallableResolver->resolveRoute()
#11 /var/www/CRM/src/vendor/slim/slim/Slim/MiddlewareDispatcher.php(81): Slim\Routing\Route->handle()
#12 /var/www/CRM/src/vendor/slim/slim/Slim/MiddlewareDispatcher.php(81): Slim\MiddlewareDispatcher->handle()
#13 /var/www/CRM/src/vendor/slim/slim/Slim/Routing/Route.php(341): Slim\MiddlewareDispatcher->handle()
#14 /var/www/CRM/src/vendor/slim/slim/Slim/Routing/RouteRunner.php(84): Slim\Routing\Route->run()
#15 /var/www/CRM/src/EcclesiaCRM/Slim/Middleware/VersionMiddleware.php(17): Slim\Routing\RouteRunner->handle()
#16 /var/www/CRM/src/vendor/slim/slim/Slim/MiddlewareDispatcher.php(313): EcclesiaCRM\Slim\Middleware\VersionMiddleware->__invoke()
#17 /var/www/CRM/src/vendor/tuupola/slim-jwt-auth/src/JwtAuthentication.php(132): class@anonymous->handle()
#18 /var/www/CRM/src/vendor/slim/slim/Slim/MiddlewareDispatcher.php(147): Tuupola\Middleware\JwtAuthentication->process()
#19 /var/www/CRM/src/vendor/slim/slim/Slim/Middleware/ErrorMiddleware.php(107): class@anonymous->handle()
#20 /var/www/CRM/src/vendor/slim/slim/Slim/MiddlewareDispatcher.php(147): Slim\Middleware\ErrorMiddleware->process()
#21 /var/www/CRM/src/vendor/slim/slim/Slim/MiddlewareDispatcher.php(81): class@anonymous->handle()
#22 /var/www/CRM/src/vendor/slim/slim/Slim/App.php(215): Slim\MiddlewareDispatcher->handle()
#23 /var/www/CRM/src/vendor/slim/slim/Slim/App.php(199): Slim\App->handle()
#24 /var/www/CRM/src/api/index.php(145): Slim\App->run()
#25 {main}
[25-Sep-2022 23:19:02 Europe/Paris] Slim Application Error
Type: ParseError
Code: 0
Message: syntax error, unexpected '-&gt;' (T_OBJECT_OPERATOR), expecting ')'
File: /var/www/CRM/src/Plugins/ToDoListDashboard/core/APIControllers/ToDoListDashboardController.php
Line: 376
Trace: #0 [internal function]: {closure}()
#1 [internal function]: spl_autoload_call()
#2 /var/www/CRM/src/vendor/php-di/php-di/src/Definition/Source/ReflectionBasedAutowiring.php(23): class_exists()
#3 /var/www/CRM/src/vendor/php-di/php-di/src/Definition/Source/ReflectionBasedAutowiring.php(42): DI\Definition\Source\ReflectionBasedAutowiring->autowire()
#4 /var/www/CRM/src/vendor/php-di/php-di/src/Definition/Source/SourceChain.php(54): DI\Definition\Source\ReflectionBasedAutowiring->getDefinition()
#5 /var/www/CRM/src/vendor/php-di/php-di/src/Container.php(155): DI\Definition\Source\SourceChain->getDefinition()
#6 /var/www/CRM/src/vendor/php-di/php-di/src/Container.php(223): DI\Container->getDefinition()
#7 /var/www/CRM/src/vendor/slim/slim/Slim/CallableResolver.php(147): DI\Container->has()
#8 /var/www/CRM/src/vendor/slim/slim/Slim/CallableResolver.php(103): Slim\CallableResolver->resolveSlimNotation()
#9 /var/www/CRM/src/vendor/slim/slim/Slim/CallableResolver.php(72): Slim\CallableResolver->resolveByPredicate()
#10 /var/www/CRM/src/vendor/slim/slim/Slim/Routing/Route.php(366): Slim\CallableResolver->resolveRoute()
#11 /var/www/CRM/src/vendor/slim/slim/Slim/MiddlewareDispatcher.php(81): Slim\Routing\Route->handle()
#12 /var/www/CRM/src/vendor/slim/slim/Slim/MiddlewareDispatcher.php(81): Slim\MiddlewareDispatcher->handle()
#13 /var/www/CRM/src/vendor/slim/slim/Slim/Routing/Route.php(341): Slim\MiddlewareDispatcher->handle()
#14 /var/www/CRM/src/vendor/slim/slim/Slim/Routing/RouteRunner.php(84): Slim\Routing\Route->run()
#15 /var/www/CRM/src/EcclesiaCRM/Slim/Middleware/VersionMiddleware.php(17): Slim\Routing\RouteRunner->handle()
#16 /var/www/CRM/src/vendor/slim/slim/Slim/MiddlewareDispatcher.php(313): EcclesiaCRM\Slim\Middleware\VersionMiddleware->__invoke()
#17 /var/www/CRM/src/vendor/tuupola/slim-jwt-auth/src/JwtAuthentication.php(132): class@anonymous->handle()
#18 /var/www/CRM/src/vendor/slim/slim/Slim/MiddlewareDispatcher.php(147): Tuupola\Middleware\JwtAuthentication->process()
#19 /var/www/CRM/src/vendor/slim/slim/Slim/Middleware/ErrorMiddleware.php(107): class@anonymous->handle()
#20 /var/www/CRM/src/vendor/slim/slim/Slim/MiddlewareDispatcher.php(147): Slim\Middleware\ErrorMiddleware->process()
#21 /var/www/CRM/src/vendor/slim/slim/Slim/MiddlewareDispatcher.php(81): class@anonymous->handle()
#22 /var/www/CRM/src/vendor/slim/slim/Slim/App.php(215): Slim\MiddlewareDispatcher->handle()
#23 /var/www/CRM/src/vendor/slim/slim/Slim/App.php(199): Slim\App->handle()
#24 /var/www/CRM/src/api/index.php(145): Slim\App->run()
#25 {main}
[25-Sep-2022 23:19:13 Europe/Paris] Slim Application Error
Type: ParseError
Code: 0
Message: syntax error, unexpected '-&gt;' (T_OBJECT_OPERATOR), expecting ')'
File: /var/www/CRM/src/Plugins/ToDoListDashboard/core/APIControllers/ToDoListDashboardController.php
Line: 376
Trace: #0 [internal function]: {closure}()
#1 [internal function]: spl_autoload_call()
#2 /var/www/CRM/src/vendor/php-di/php-di/src/Definition/Source/ReflectionBasedAutowiring.php(23): class_exists()
#3 /var/www/CRM/src/vendor/php-di/php-di/src/Definition/Source/ReflectionBasedAutowiring.php(42): DI\Definition\Source\ReflectionBasedAutowiring->autowire()
#4 /var/www/CRM/src/vendor/php-di/php-di/src/Definition/Source/SourceChain.php(54): DI\Definition\Source\ReflectionBasedAutowiring->getDefinition()
#5 /var/www/CRM/src/vendor/php-di/php-di/src/Container.php(155): DI\Definition\Source\SourceChain->getDefinition()
#6 /var/www/CRM/src/vendor/php-di/php-di/src/Container.php(223): DI\Container->getDefinition()
#7 /var/www/CRM/src/vendor/slim/slim/Slim/CallableResolver.php(147): DI\Container->has()
#8 /var/www/CRM/src/vendor/slim/slim/Slim/CallableResolver.php(103): Slim\CallableResolver->resolveSlimNotation()
#9 /var/www/CRM/src/vendor/slim/slim/Slim/CallableResolver.php(72): Slim\CallableResolver->resolveByPredicate()
#10 /var/www/CRM/src/vendor/slim/slim/Slim/Routing/Route.php(366): Slim\CallableResolver->resolveRoute()
#11 /var/www/CRM/src/vendor/slim/slim/Slim/MiddlewareDispatcher.php(81): Slim\Routing\Route->handle()
#12 /var/www/CRM/src/vendor/slim/slim/Slim/MiddlewareDispatcher.php(81): Slim\MiddlewareDispatcher->handle()
#13 /var/www/CRM/src/vendor/slim/slim/Slim/Routing/Route.php(341): Slim\MiddlewareDispatcher->handle()
#14 /var/www/CRM/src/vendor/slim/slim/Slim/Routing/RouteRunner.php(84): Slim\Routing\Route->run()
#15 /var/www/CRM/src/EcclesiaCRM/Slim/Middleware/VersionMiddleware.php(17): Slim\Routing\RouteRunner->handle()
#16 /var/www/CRM/src/vendor/slim/slim/Slim/MiddlewareDispatcher.php(313): EcclesiaCRM\Slim\Middleware\VersionMiddleware->__invoke()
#17 /var/www/CRM/src/vendor/tuupola/slim-jwt-auth/src/JwtAuthentication.php(132): class@anonymous->handle()
#18 /var/www/CRM/src/vendor/slim/slim/Slim/MiddlewareDispatcher.php(147): Tuupola\Middleware\JwtAuthentication->process()
#19 /var/www/CRM/src/vendor/slim/slim/Slim/Middleware/ErrorMiddleware.php(107): class@anonymous->handle()
#20 /var/www/CRM/src/vendor/slim/slim/Slim/MiddlewareDispatcher.php(147): Slim\Middleware\ErrorMiddleware->process()
#21 /var/www/CRM/src/vendor/slim/slim/Slim/MiddlewareDispatcher.php(81): class@anonymous->handle()
#22 /var/www/CRM/src/vendor/slim/slim/Slim/App.php(215): Slim\MiddlewareDispatcher->handle()
#23 /var/www/CRM/src/vendor/slim/slim/Slim/App.php(199): Slim\App->handle()
#24 /var/www/CRM/src/api/index.php(145): Slim\App->run()
#25 {main}
[25-Sep-2022 23:19:14 Europe/Paris] Slim Application Error
Type: ParseError
Code: 0
Message: syntax error, unexpected '-&gt;' (T_OBJECT_OPERATOR), expecting ')'
File: /var/www/CRM/src/Plugins/ToDoListDashboard/core/APIControllers/ToDoListDashboardController.php
Line: 376
Trace: #0 [internal function]: {closure}()
#1 [internal function]: spl_autoload_call()
#2 /var/www/CRM/src/vendor/php-di/php-di/src/Definition/Source/ReflectionBasedAutowiring.php(23): class_exists()
#3 /var/www/CRM/src/vendor/php-di/php-di/src/Definition/Source/ReflectionBasedAutowiring.php(42): DI\Definition\Source\ReflectionBasedAutowiring->autowire()
#4 /var/www/CRM/src/vendor/php-di/php-di/src/Definition/Source/SourceChain.php(54): DI\Definition\Source\ReflectionBasedAutowiring->getDefinition()
#5 /var/www/CRM/src/vendor/php-di/php-di/src/Container.php(155): DI\Definition\Source\SourceChain->getDefinition()
#6 /var/www/CRM/src/vendor/php-di/php-di/src/Container.php(223): DI\Container->getDefinition()
#7 /var/www/CRM/src/vendor/slim/slim/Slim/CallableResolver.php(147): DI\Container->has()
#8 /var/www/CRM/src/vendor/slim/slim/Slim/CallableResolver.php(103): Slim\CallableResolver->resolveSlimNotation()
#9 /var/www/CRM/src/vendor/slim/slim/Slim/CallableResolver.php(72): Slim\CallableResolver->resolveByPredicate()
#10 /var/www/CRM/src/vendor/slim/slim/Slim/Routing/Route.php(366): Slim\CallableResolver->resolveRoute()
#11 /var/www/CRM/src/vendor/slim/slim/Slim/MiddlewareDispatcher.php(81): Slim\Routing\Route->handle()
#12 /var/www/CRM/src/vendor/slim/slim/Slim/MiddlewareDispatcher.php(81): Slim\MiddlewareDispatcher->handle()
#13 /var/www/CRM/src/vendor/slim/slim/Slim/Routing/Route.php(341): Slim\MiddlewareDispatcher->handle()
#14 /var/www/CRM/src/vendor/slim/slim/Slim/Routing/RouteRunner.php(84): Slim\Routing\Route->run()
#15 /var/www/CRM/src/EcclesiaCRM/Slim/Middleware/VersionMiddleware.php(17): Slim\Routing\RouteRunner->handle()
#16 /var/www/CRM/src/vendor/slim/slim/Slim/MiddlewareDispatcher.php(313): EcclesiaCRM\Slim\Middleware\VersionMiddleware->__invoke()
#17 /var/www/CRM/src/vendor/tuupola/slim-jwt-auth/src/JwtAuthentication.php(132): class@anonymous->handle()
#18 /var/www/CRM/src/vendor/slim/slim/Slim/MiddlewareDispatcher.php(147): Tuupola\Middleware\JwtAuthentication->process()
#19 /var/www/CRM/src/vendor/slim/slim/Slim/Middleware/ErrorMiddleware.php(107): class@anonymous->handle()
#20 /var/www/CRM/src/vendor/slim/slim/Slim/MiddlewareDispatcher.php(147): Slim\Middleware\ErrorMiddleware->process()
#21 /var/www/CRM/src/vendor/slim/slim/Slim/MiddlewareDispatcher.php(81): class@anonymous->handle()
#22 /var/www/CRM/src/vendor/slim/slim/Slim/App.php(215): Slim\MiddlewareDispatcher->handle()
#23 /var/www/CRM/src/vendor/slim/slim/Slim/App.php(199): Slim\App->handle()
#24 /var/www/CRM/src/api/index.php(145): Slim\App->run()
#25 {main}
[25-Sep-2022 23:19:14 Europe/Paris] Slim Application Error
Type: ParseError
Code: 0
Message: syntax error, unexpected '-&gt;' (T_OBJECT_OPERATOR), expecting ')'
File: /var/www/CRM/src/Plugins/ToDoListDashboard/core/APIControllers/ToDoListDashboardController.php
Line: 376
Trace: #0 [internal function]: {closure}()
#1 [internal function]: spl_autoload_call()
#2 /var/www/CRM/src/vendor/php-di/php-di/src/Definition/Source/ReflectionBasedAutowiring.php(23): class_exists()
#3 /var/www/CRM/src/vendor/php-di/php-di/src/Definition/Source/ReflectionBasedAutowiring.php(42): DI\Definition\Source\ReflectionBasedAutowiring->autowire()
#4 /var/www/CRM/src/vendor/php-di/php-di/src/Definition/Source/SourceChain.php(54): DI\Definition\Source\ReflectionBasedAutowiring->getDefinition()
#5 /var/www/CRM/src/vendor/php-di/php-di/src/Container.php(155): DI\Definition\Source\SourceChain->getDefinition()
#6 /var/www/CRM/src/vendor/php-di/php-di/src/Container.php(223): DI\Container->getDefinition()
#7 /var/www/CRM/src/vendor/slim/slim/Slim/CallableResolver.php(147): DI\Container->has()
#8 /var/www/CRM/src/vendor/slim/slim/Slim/CallableResolver.php(103): Slim\CallableResolver->resolveSlimNotation()
#9 /var/www/CRM/src/vendor/slim/slim/Slim/CallableResolver.php(72): Slim\CallableResolver->resolveByPredicate()
#10 /var/www/CRM/src/vendor/slim/slim/Slim/Routing/Route.php(366): Slim\CallableResolver->resolveRoute()
#11 /var/www/CRM/src/vendor/slim/slim/Slim/MiddlewareDispatcher.php(81): Slim\Routing\Route->handle()
#12 /var/www/CRM/src/vendor/slim/slim/Slim/MiddlewareDispatcher.php(81): Slim\MiddlewareDispatcher->handle()
#13 /var/www/CRM/src/vendor/slim/slim/Slim/Routing/Route.php(341): Slim\MiddlewareDispatcher->handle()
#14 /var/www/CRM/src/vendor/slim/slim/Slim/Routing/RouteRunner.php(84): Slim\Routing\Route->run()
#15 /var/www/CRM/src/EcclesiaCRM/Slim/Middleware/VersionMiddleware.php(17): Slim\Routing\RouteRunner->handle()
#16 /var/www/CRM/src/vendor/slim/slim/Slim/MiddlewareDispatcher.php(313): EcclesiaCRM\Slim\Middleware\VersionMiddleware->__invoke()
#17 /var/www/CRM/src/vendor/tuupola/slim-jwt-auth/src/JwtAuthentication.php(132): class@anonymous->handle()
#18 /var/www/CRM/src/vendor/slim/slim/Slim/MiddlewareDispatcher.php(147): Tuupola\Middleware\JwtAuthentication->process()
#19 /var/www/CRM/src/vendor/slim/slim/Slim/Middleware/ErrorMiddleware.php(107): class@anonymous->handle()
#20 /var/www/CRM/src/vendor/slim/slim/Slim/MiddlewareDispatcher.php(147): Slim\Middleware\ErrorMiddleware->process()
#21 /var/www/CRM/src/vendor/slim/slim/Slim/MiddlewareDispatcher.php(81): class@anonymous->handle()
#22 /var/www/CRM/src/vendor/slim/slim/Slim/App.php(215): Slim\MiddlewareDispatcher->handle()
#23 /var/www/CRM/src/vendor/slim/slim/Slim/App.php(199): Slim\App->handle()
#24 /var/www/CRM/src/api/index.php(145): Slim\App->run()
#25 {main}
[25-Sep-2022 23:19:55 Europe/Paris] 405 Method Not Allowed
Type: Slim\Exception\HttpMethodNotAllowedException
Code: 405
Message: Method not allowed. Must be one of: POST
File: /var/www/CRM/src/vendor/slim/slim/Slim/Middleware/RoutingMiddleware.php
Line: 94
Trace: #0 /var/www/CRM/src/vendor/slim/slim/Slim/Routing/RouteRunner.php(72): Slim\Middleware\RoutingMiddleware->performRouting()
#1 /var/www/CRM/src/EcclesiaCRM/Slim/Middleware/VersionMiddleware.php(17): Slim\Routing\RouteRunner->handle()
#2 /var/www/CRM/src/vendor/slim/slim/Slim/MiddlewareDispatcher.php(313): EcclesiaCRM\Slim\Middleware\VersionMiddleware->__invoke()
#3 /var/www/CRM/src/vendor/tuupola/slim-jwt-auth/src/JwtAuthentication.php(132): class@anonymous->handle()
#4 /var/www/CRM/src/vendor/slim/slim/Slim/MiddlewareDispatcher.php(147): Tuupola\Middleware\JwtAuthentication->process()
#5 /var/www/CRM/src/vendor/slim/slim/Slim/Middleware/ErrorMiddleware.php(107): class@anonymous->handle()
#6 /var/www/CRM/src/vendor/slim/slim/Slim/MiddlewareDispatcher.php(147): Slim\Middleware\ErrorMiddleware->process()
#7 /var/www/CRM/src/vendor/slim/slim/Slim/MiddlewareDispatcher.php(81): class@anonymous->handle()
#8 /var/www/CRM/src/vendor/slim/slim/Slim/App.php(215): Slim\MiddlewareDispatcher->handle()
#9 /var/www/CRM/src/vendor/slim/slim/Slim/App.php(199): Slim\App->handle()
#10 /var/www/CRM/src/api/index.php(145): Slim\App->run()
#11 {main}
[25-Sep-2022 23:21:14 Europe/Paris] Slim Application Error
Type: ParseError
Code: 0
Message: syntax error, unexpected '-&gt;' (T_OBJECT_OPERATOR), expecting ')'
File: /var/www/CRM/src/Plugins/ToDoListDashboard/core/APIControllers/ToDoListDashboardController.php
Line: 376
Trace: #0 [internal function]: {closure}()
#1 [internal function]: spl_autoload_call()
#2 /var/www/CRM/src/vendor/php-di/php-di/src/Definition/Source/ReflectionBasedAutowiring.php(23): class_exists()
#3 /var/www/CRM/src/vendor/php-di/php-di/src/Definition/Source/ReflectionBasedAutowiring.php(42): DI\Definition\Source\ReflectionBasedAutowiring->autowire()
#4 /var/www/CRM/src/vendor/php-di/php-di/src/Definition/Source/SourceChain.php(54): DI\Definition\Source\ReflectionBasedAutowiring->getDefinition()
#5 /var/www/CRM/src/vendor/php-di/php-di/src/Container.php(155): DI\Definition\Source\SourceChain->getDefinition()
#6 /var/www/CRM/src/vendor/php-di/php-di/src/Container.php(223): DI\Container->getDefinition()
#7 /var/www/CRM/src/vendor/slim/slim/Slim/CallableResolver.php(147): DI\Container->has()
#8 /var/www/CRM/src/vendor/slim/slim/Slim/CallableResolver.php(103): Slim\CallableResolver->resolveSlimNotation()
#9 /var/www/CRM/src/vendor/slim/slim/Slim/CallableResolver.php(72): Slim\CallableResolver->resolveByPredicate()
#10 /var/www/CRM/src/vendor/slim/slim/Slim/Routing/Route.php(366): Slim\CallableResolver->resolveRoute()
#11 /var/www/CRM/src/vendor/slim/slim/Slim/MiddlewareDispatcher.php(81): Slim\Routing\Route->handle()
#12 /var/www/CRM/src/vendor/slim/slim/Slim/MiddlewareDispatcher.php(81): Slim\MiddlewareDispatcher->handle()
#13 /var/www/CRM/src/vendor/slim/slim/Slim/Routing/Route.php(341): Slim\MiddlewareDispatcher->handle()
#14 /var/www/CRM/src/vendor/slim/slim/Slim/Routing/RouteRunner.php(84): Slim\Routing\Route->run()
#15 /var/www/CRM/src/EcclesiaCRM/Slim/Middleware/VersionMiddleware.php(17): Slim\Routing\RouteRunner->handle()
#16 /var/www/CRM/src/vendor/slim/slim/Slim/MiddlewareDispatcher.php(313): EcclesiaCRM\Slim\Middleware\VersionMiddleware->__invoke()
#17 /var/www/CRM/src/vendor/tuupola/slim-jwt-auth/src/JwtAuthentication.php(132): class@anonymous->handle()
#18 /var/www/CRM/src/vendor/slim/slim/Slim/MiddlewareDispatcher.php(147): Tuupola\Middleware\JwtAuthentication->process()
#19 /var/www/CRM/src/vendor/slim/slim/Slim/Middleware/ErrorMiddleware.php(107): class@anonymous->handle()
#20 /var/www/CRM/src/vendor/slim/slim/Slim/MiddlewareDispatcher.php(147): Slim\Middleware\ErrorMiddleware->process()
#21 /var/www/CRM/src/vendor/slim/slim/Slim/MiddlewareDispatcher.php(81): class@anonymous->handle()
#22 /var/www/CRM/src/vendor/slim/slim/Slim/App.php(215): Slim\MiddlewareDispatcher->handle()
#23 /var/www/CRM/src/vendor/slim/slim/Slim/App.php(199): Slim\App->handle()
#24 /var/www/CRM/src/api/index.php(145): Slim\App->run()
#25 {main}
