[15-Apr-2022 05:44:56 Europe/Paris] Slim Application Error
Type: ParseError
Code: 0
Message: syntax error, unexpected '-&gt;' (T_OBJECT_OPERATOR), expecting ';' or ','
File: /var/www/eventworkflow/src/v2/templates/eventworkflowdashboard.php
Line: 115
Trace: #0 /var/www/CRM/src/vendor/slim/php-view/src/PhpRenderer.php(169): Slim\Views\PhpRenderer->protectedIncludeScope()
#1 /var/www/CRM/src/vendor/slim/php-view/src/PhpRenderer.php(62): Slim\Views\PhpRenderer->fetch()
#2 /var/www/eventworkflow/src/core/VIEWControllers/VIEWEventWorkflowController.php(48): Slim\Views\PhpRenderer->render()
#3 /var/www/CRM/src/vendor/slim/slim/Slim/Handlers/Strategies/RequestResponse.php(43): Plugins\VIEWControllers\VIEWEventWorkflowController->renderDashboard()
#4 /var/www/CRM/src/vendor/slim/slim/Slim/Routing/Route.php(384): Slim\Handlers\Strategies\RequestResponse->__invoke()
#5 /var/www/CRM/src/vendor/slim/slim/Slim/MiddlewareDispatcher.php(81): Slim\Routing\Route->handle()
#6 /var/www/CRM/src/vendor/slim/slim/Slim/MiddlewareDispatcher.php(81): Slim\MiddlewareDispatcher->handle()
#7 /var/www/CRM/src/vendor/slim/slim/Slim/Routing/Route.php(341): Slim\MiddlewareDispatcher->handle()
#8 /var/www/CRM/src/vendor/slim/slim/Slim/Routing/RouteRunner.php(84): Slim\Routing\Route->run()
#9 /var/www/CRM/src/vendor/slim/http-cache/src/Cache.php(67): Slim\Routing\RouteRunner->handle()
#10 /var/www/CRM/src/vendor/slim/slim/Slim/MiddlewareDispatcher.php(147): Slim\HttpCache\Cache->process()
#11 /var/www/CRM/src/EcclesiaCRM/Slim/Middleware/VersionMiddleware.php(17): class@anonymous->handle()
#12 /var/www/CRM/src/vendor/slim/slim/Slim/MiddlewareDispatcher.php(313): EcclesiaCRM\Slim\Middleware\VersionMiddleware->__invoke()
#13 /var/www/CRM/src/vendor/tuupola/slim-jwt-auth/src/JwtAuthentication.php(132): class@anonymous->handle()
#14 /var/www/CRM/src/vendor/slim/slim/Slim/MiddlewareDispatcher.php(147): Tuupola\Middleware\JwtAuthentication->process()
#15 /var/www/CRM/src/vendor/slim/slim/Slim/Middleware/ErrorMiddleware.php(107): class@anonymous->handle()
#16 /var/www/CRM/src/vendor/slim/slim/Slim/MiddlewareDispatcher.php(147): Slim\Middleware\ErrorMiddleware->process()
#17 /var/www/CRM/src/vendor/slim/slim/Slim/MiddlewareDispatcher.php(81): class@anonymous->handle()
#18 /var/www/CRM/src/vendor/slim/slim/Slim/App.php(215): Slim\MiddlewareDispatcher->handle()
#19 /var/www/CRM/src/vendor/slim/slim/Slim/App.php(199): Slim\App->handle()
#20 /var/www/CRM/src/v2/index.php(124): Slim\App->run()
#21 {main}
[15-Apr-2022 05:48:05 Europe/Paris] Slim Application Error
Type: Error
Code: 0
Message: Call to a member function getStartDate() on null
File: /var/www/eventworkflow/src/v2/templates/eventworkflowdashboard.php
Line: 116
Trace: #0 /var/www/CRM/src/vendor/slim/php-view/src/PhpRenderer.php(188): include()
#1 /var/www/CRM/src/vendor/slim/php-view/src/PhpRenderer.php(169): Slim\Views\PhpRenderer->protectedIncludeScope()
#2 /var/www/CRM/src/vendor/slim/php-view/src/PhpRenderer.php(62): Slim\Views\PhpRenderer->fetch()
#3 /var/www/eventworkflow/src/core/VIEWControllers/VIEWEventWorkflowController.php(48): Slim\Views\PhpRenderer->render()
#4 /var/www/CRM/src/vendor/slim/slim/Slim/Handlers/Strategies/RequestResponse.php(43): Plugins\VIEWControllers\VIEWEventWorkflowController->renderDashboard()
#5 /var/www/CRM/src/vendor/slim/slim/Slim/Routing/Route.php(384): Slim\Handlers\Strategies\RequestResponse->__invoke()
#6 /var/www/CRM/src/vendor/slim/slim/Slim/MiddlewareDispatcher.php(81): Slim\Routing\Route->handle()
#7 /var/www/CRM/src/vendor/slim/slim/Slim/MiddlewareDispatcher.php(81): Slim\MiddlewareDispatcher->handle()
#8 /var/www/CRM/src/vendor/slim/slim/Slim/Routing/Route.php(341): Slim\MiddlewareDispatcher->handle()
#9 /var/www/CRM/src/vendor/slim/slim/Slim/Routing/RouteRunner.php(84): Slim\Routing\Route->run()
#10 /var/www/CRM/src/vendor/slim/http-cache/src/Cache.php(67): Slim\Routing\RouteRunner->handle()
#11 /var/www/CRM/src/vendor/slim/slim/Slim/MiddlewareDispatcher.php(147): Slim\HttpCache\Cache->process()
#12 /var/www/CRM/src/EcclesiaCRM/Slim/Middleware/VersionMiddleware.php(17): class@anonymous->handle()
#13 /var/www/CRM/src/vendor/slim/slim/Slim/MiddlewareDispatcher.php(313): EcclesiaCRM\Slim\Middleware\VersionMiddleware->__invoke()
#14 /var/www/CRM/src/vendor/tuupola/slim-jwt-auth/src/JwtAuthentication.php(132): class@anonymous->handle()
#15 /var/www/CRM/src/vendor/slim/slim/Slim/MiddlewareDispatcher.php(147): Tuupola\Middleware\JwtAuthentication->process()
#16 /var/www/CRM/src/vendor/slim/slim/Slim/Middleware/ErrorMiddleware.php(107): class@anonymous->handle()
#17 /var/www/CRM/src/vendor/slim/slim/Slim/MiddlewareDispatcher.php(147): Slim\Middleware\ErrorMiddleware->process()
#18 /var/www/CRM/src/vendor/slim/slim/Slim/MiddlewareDispatcher.php(81): class@anonymous->handle()
#19 /var/www/CRM/src/vendor/slim/slim/Slim/App.php(215): Slim\MiddlewareDispatcher->handle()
#20 /var/www/CRM/src/vendor/slim/slim/Slim/App.php(199): Slim\App->handle()
#21 /var/www/CRM/src/v2/index.php(124): Slim\App->run()
#22 {main}
[15-Apr-2022 05:58:23 Europe/Paris] Slim Application Error
Type: ParseError
Code: 0
Message: syntax error, unexpected '.'
File: /var/www/eventworkflow/src/v2/templates/eventworkflowdashboard.php
Line: 46
Trace: #0 /var/www/CRM/src/vendor/slim/php-view/src/PhpRenderer.php(169): Slim\Views\PhpRenderer->protectedIncludeScope()
#1 /var/www/CRM/src/vendor/slim/php-view/src/PhpRenderer.php(62): Slim\Views\PhpRenderer->fetch()
#2 /var/www/eventworkflow/src/core/VIEWControllers/VIEWEventWorkflowController.php(48): Slim\Views\PhpRenderer->render()
#3 /var/www/CRM/src/vendor/slim/slim/Slim/Handlers/Strategies/RequestResponse.php(43): Plugins\VIEWControllers\VIEWEventWorkflowController->renderDashboard()
#4 /var/www/CRM/src/vendor/slim/slim/Slim/Routing/Route.php(384): Slim\Handlers\Strategies\RequestResponse->__invoke()
#5 /var/www/CRM/src/vendor/slim/slim/Slim/MiddlewareDispatcher.php(81): Slim\Routing\Route->handle()
#6 /var/www/CRM/src/vendor/slim/slim/Slim/MiddlewareDispatcher.php(81): Slim\MiddlewareDispatcher->handle()
#7 /var/www/CRM/src/vendor/slim/slim/Slim/Routing/Route.php(341): Slim\MiddlewareDispatcher->handle()
#8 /var/www/CRM/src/vendor/slim/slim/Slim/Routing/RouteRunner.php(84): Slim\Routing\Route->run()
#9 /var/www/CRM/src/vendor/slim/http-cache/src/Cache.php(67): Slim\Routing\RouteRunner->handle()
#10 /var/www/CRM/src/vendor/slim/slim/Slim/MiddlewareDispatcher.php(147): Slim\HttpCache\Cache->process()
#11 /var/www/CRM/src/EcclesiaCRM/Slim/Middleware/VersionMiddleware.php(17): class@anonymous->handle()
#12 /var/www/CRM/src/vendor/slim/slim/Slim/MiddlewareDispatcher.php(313): EcclesiaCRM\Slim\Middleware\VersionMiddleware->__invoke()
#13 /var/www/CRM/src/vendor/tuupola/slim-jwt-auth/src/JwtAuthentication.php(132): class@anonymous->handle()
#14 /var/www/CRM/src/vendor/slim/slim/Slim/MiddlewareDispatcher.php(147): Tuupola\Middleware\JwtAuthentication->process()
#15 /var/www/CRM/src/vendor/slim/slim/Slim/Middleware/ErrorMiddleware.php(107): class@anonymous->handle()
#16 /var/www/CRM/src/vendor/slim/slim/Slim/MiddlewareDispatcher.php(147): Slim\Middleware\ErrorMiddleware->process()
#17 /var/www/CRM/src/vendor/slim/slim/Slim/MiddlewareDispatcher.php(81): class@anonymous->handle()
#18 /var/www/CRM/src/vendor/slim/slim/Slim/App.php(215): Slim\MiddlewareDispatcher->handle()
#19 /var/www/CRM/src/vendor/slim/slim/Slim/App.php(199): Slim\App->handle()
#20 /var/www/CRM/src/v2/index.php(124): Slim\App->run()
#21 {main}
