[2022-09-22 17:32:13] defaultLogger.INFO: /var/www/CRM/src/EcclesiaCRM/utils/../../vendor/tecnickcom/tcpdf/fonts/zapfdingbats.php [] []
[2022-09-22 17:32:13] defaultLogger.INFO: ZapfDingbats count = 2 [] []
[2022-09-22 17:32:13] defaultLogger.INFO: /var/www/CRM/src/EcclesiaCRM/utils/../../vendor/tecnickcom/tcpdf/fonts/uni2cid_ak12.php [] []
[2022-09-22 17:32:13] defaultLogger.INFO:  count = 1 [] []
[2022-09-22 17:32:13] defaultLogger.INFO: /var/www/CRM/src/EcclesiaCRM/utils/../../vendor/tecnickcom/tcpdf/fonts/uni2cid_aj16.php [] []
[2022-09-22 17:32:13] defaultLogger.INFO:  count = 1 [] []
[2022-09-22 17:32:13] defaultLogger.INFO: /var/www/CRM/src/EcclesiaCRM/utils/../../vendor/tecnickcom/tcpdf/fonts/uni2cid_ag15.php [] []
[2022-09-22 17:32:13] defaultLogger.INFO:  count = 1 [] []
[2022-09-22 17:32:13] defaultLogger.INFO: /var/www/CRM/src/EcclesiaCRM/utils/../../vendor/tecnickcom/tcpdf/fonts/uni2cid_ac15.php [] []
[2022-09-22 17:32:13] defaultLogger.INFO:  count = 1 [] []
[2022-09-22 17:32:13] defaultLogger.INFO: /var/www/CRM/src/EcclesiaCRM/utils/../../vendor/tecnickcom/tcpdf/fonts/times.php [] []
[2022-09-22 17:32:13] defaultLogger.INFO: Times-Roman count = 2 [] []
[2022-09-22 17:32:13] defaultLogger.INFO: /var/www/CRM/src/EcclesiaCRM/utils/../../vendor/tecnickcom/tcpdf/fonts/timesi.php [] []
[2022-09-22 17:32:13] defaultLogger.INFO: Times-Italic count = 2 [] []
[2022-09-22 17:32:13] defaultLogger.INFO: /var/www/CRM/src/EcclesiaCRM/utils/../../vendor/tecnickcom/tcpdf/fonts/timesb.php [] []
[2022-09-22 17:32:13] defaultLogger.INFO: Times-Bold count = 2 [] []
[2022-09-22 17:32:13] defaultLogger.INFO: /var/www/CRM/src/EcclesiaCRM/utils/../../vendor/tecnickcom/tcpdf/fonts/timesbi.php [] []
[2022-09-22 17:32:13] defaultLogger.INFO: Times-BoldItalic count = 2 [] []
[2022-09-22 17:32:13] defaultLogger.INFO: /var/www/CRM/src/EcclesiaCRM/utils/../../vendor/tecnickcom/tcpdf/fonts/symbol.php [] []
[2022-09-22 17:32:13] defaultLogger.INFO: Symbol count = 2 [] []
[2022-09-22 17:32:13] defaultLogger.INFO: /var/www/CRM/src/EcclesiaCRM/utils/../../vendor/tecnickcom/tcpdf/fonts/stsongstdlight.php [] []
[2022-09-22 17:32:13] defaultLogger.INFO:  count = 1 [] []
[2022-09-22 17:32:13] defaultLogger.INFO: /var/www/CRM/src/EcclesiaCRM/utils/../../vendor/tecnickcom/tcpdf/fonts/pdfazapfdingbats.php [] []
[2022-09-22 17:32:13] defaultLogger.INFO: PDFAZapfdingbats count = 2 [] []
[2022-09-22 17:32:13] defaultLogger.INFO: /var/www/CRM/src/EcclesiaCRM/utils/../../vendor/tecnickcom/tcpdf/fonts/pdfatimes.php [] []
[2022-09-22 17:32:13] defaultLogger.INFO: PDFATimes count = 2 [] []
[2022-09-22 17:32:13] defaultLogger.INFO: /var/www/CRM/src/EcclesiaCRM/utils/../../vendor/tecnickcom/tcpdf/fonts/pdfatimesi.php [] []
[2022-09-22 17:32:13] defaultLogger.INFO: PDFATimesItalic count = 2 [] []
[2022-09-22 17:32:13] defaultLogger.INFO: /var/www/CRM/src/EcclesiaCRM/utils/../../vendor/tecnickcom/tcpdf/fonts/pdfatimesb.php [] []
[2022-09-22 17:32:13] defaultLogger.INFO: PDFATimesBold count = 2 [] []
[2022-09-22 17:32:13] defaultLogger.INFO: /var/www/CRM/src/EcclesiaCRM/utils/../../vendor/tecnickcom/tcpdf/fonts/pdfatimesbi.php [] []
[2022-09-22 17:32:13] defaultLogger.INFO: PDFATimesBoldItalic count = 2 [] []
[2022-09-22 17:32:13] defaultLogger.INFO: /var/www/CRM/src/EcclesiaCRM/utils/../../vendor/tecnickcom/tcpdf/fonts/pdfasymbol.php [] []
[2022-09-22 17:32:13] defaultLogger.INFO: PDFASymbol count = 2 [] []
[2022-09-22 17:32:13] defaultLogger.INFO: /var/www/CRM/src/EcclesiaCRM/utils/../../vendor/tecnickcom/tcpdf/fonts/pdfahelvetica.php [] []
[2022-09-22 17:32:13] defaultLogger.INFO: PDFAHelvetica count = 2 [] []
[2022-09-22 17:32:13] defaultLogger.INFO: /var/www/CRM/src/EcclesiaCRM/utils/../../vendor/tecnickcom/tcpdf/fonts/pdfahelveticai.php [] []
[2022-09-22 17:32:13] defaultLogger.INFO: PDFAHelveticaOblique count = 2 [] []
[2022-09-22 17:32:13] defaultLogger.INFO: /var/www/CRM/src/EcclesiaCRM/utils/../../vendor/tecnickcom/tcpdf/fonts/pdfahelveticab.php [] []
[2022-09-22 17:32:13] defaultLogger.INFO: PDFAHelveticaBold count = 2 [] []
[2022-09-22 17:32:13] defaultLogger.INFO: /var/www/CRM/src/EcclesiaCRM/utils/../../vendor/tecnickcom/tcpdf/fonts/pdfahelveticabi.php [] []
[2022-09-22 17:32:13] defaultLogger.INFO: PDFAHelveticaBoldOblique count = 2 [] []
[2022-09-22 17:32:13] defaultLogger.INFO: /var/www/CRM/src/EcclesiaCRM/utils/../../vendor/tecnickcom/tcpdf/fonts/pdfacourier.php [] []
[2022-09-22 17:32:13] defaultLogger.INFO: PDFACourier count = 2 [] []
[2022-09-22 17:32:13] defaultLogger.INFO: /var/www/CRM/src/EcclesiaCRM/utils/../../vendor/tecnickcom/tcpdf/fonts/pdfacourieri.php [] []
[2022-09-22 17:32:13] defaultLogger.INFO: PDFACourierOblique count = 2 [] []
[2022-09-22 17:32:13] defaultLogger.INFO: /var/www/CRM/src/EcclesiaCRM/utils/../../vendor/tecnickcom/tcpdf/fonts/pdfacourierb.php [] []
[2022-09-22 17:32:13] defaultLogger.INFO: PDFACourierBold count = 2 [] []
[2022-09-22 17:32:13] defaultLogger.INFO: /var/www/CRM/src/EcclesiaCRM/utils/../../vendor/tecnickcom/tcpdf/fonts/pdfacourierbi.php [] []
[2022-09-22 17:32:13] defaultLogger.INFO: PDFACourierBoldOblique count = 2 [] []
[2022-09-22 17:32:13] defaultLogger.INFO: /var/www/CRM/src/EcclesiaCRM/utils/../../vendor/tecnickcom/tcpdf/fonts/msungstdlight.php [] []
[2022-09-22 17:32:13] defaultLogger.INFO:  count = 1 [] []
[2022-09-22 17:32:13] defaultLogger.INFO: /var/www/CRM/src/EcclesiaCRM/utils/../../vendor/tecnickcom/tcpdf/fonts/kozminproregular.php [] []
[2022-09-22 17:32:13] defaultLogger.INFO:  count = 1 [] []
[2022-09-22 17:32:13] defaultLogger.INFO: /var/www/CRM/src/EcclesiaCRM/utils/../../vendor/tecnickcom/tcpdf/fonts/kozgopromedium.php [] []
[2022-09-22 17:32:13] defaultLogger.INFO:  count = 1 [] []
[2022-09-22 17:32:13] defaultLogger.INFO: /var/www/CRM/src/EcclesiaCRM/utils/../../vendor/tecnickcom/tcpdf/fonts/hysmyeongjostdmedium.php [] []
[2022-09-22 17:32:13] defaultLogger.INFO: HYSMyeongJoStd-Medium-Acro count = 2 [] []
[2022-09-22 17:32:13] defaultLogger.INFO: /var/www/CRM/src/EcclesiaCRM/utils/../../vendor/tecnickcom/tcpdf/fonts/helvetica.php [] []
[2022-09-22 17:32:13] defaultLogger.INFO: Helvetica count = 2 [] []
[2022-09-22 17:32:13] defaultLogger.INFO: /var/www/CRM/src/EcclesiaCRM/utils/../../vendor/tecnickcom/tcpdf/fonts/helveticai.php [] []
[2022-09-22 17:32:13] defaultLogger.INFO: Helvetica-Oblique count = 2 [] []
[2022-09-22 17:32:13] defaultLogger.INFO: /var/www/CRM/src/EcclesiaCRM/utils/../../vendor/tecnickcom/tcpdf/fonts/helveticab.php [] []
[2022-09-22 17:32:13] defaultLogger.INFO: Helvetica-Bold count = 2 [] []
[2022-09-22 17:32:13] defaultLogger.INFO: /var/www/CRM/src/EcclesiaCRM/utils/../../vendor/tecnickcom/tcpdf/fonts/helveticabi.php [] []
[2022-09-22 17:32:13] defaultLogger.INFO: Helvetica-BoldOblique count = 2 [] []
[2022-09-22 17:32:13] defaultLogger.INFO: /var/www/CRM/src/EcclesiaCRM/utils/../../vendor/tecnickcom/tcpdf/fonts/freeserif.php [] []
[2022-09-22 17:32:13] defaultLogger.INFO: FreeSerif count = 2 [] []
[2022-09-22 17:32:13] defaultLogger.INFO: /var/www/CRM/src/EcclesiaCRM/utils/../../vendor/tecnickcom/tcpdf/fonts/freeserifi.php [] []
[2022-09-22 17:32:13] defaultLogger.INFO: FreeSerifItalic count = 2 [] []
[2022-09-22 17:32:13] defaultLogger.INFO: /var/www/CRM/src/EcclesiaCRM/utils/../../vendor/tecnickcom/tcpdf/fonts/freeserifb.php [] []
[2022-09-22 17:32:13] defaultLogger.INFO: FreeSerifBold count = 2 [] []
[2022-09-22 17:32:13] defaultLogger.INFO: /var/www/CRM/src/EcclesiaCRM/utils/../../vendor/tecnickcom/tcpdf/fonts/freeserifbi.php [] []
[2022-09-22 17:32:13] defaultLogger.INFO: FreeSerifBoldItalic count = 2 [] []
[2022-09-22 17:32:13] defaultLogger.INFO: /var/www/CRM/src/EcclesiaCRM/utils/../../vendor/tecnickcom/tcpdf/fonts/freesans.php [] []
[2022-09-22 17:32:13] defaultLogger.INFO: FreeSans count = 2 [] []
[2022-09-22 17:32:13] defaultLogger.INFO: /var/www/CRM/src/EcclesiaCRM/utils/../../vendor/tecnickcom/tcpdf/fonts/freesansi.php [] []
[2022-09-22 17:32:13] defaultLogger.INFO: FreeSansOblique count = 2 [] []
[2022-09-22 17:32:13] defaultLogger.INFO: /var/www/CRM/src/EcclesiaCRM/utils/../../vendor/tecnickcom/tcpdf/fonts/freesansb.php [] []
[2022-09-22 17:32:13] defaultLogger.INFO: FreeSansBold count = 2 [] []
[2022-09-22 17:32:13] defaultLogger.INFO: /var/www/CRM/src/EcclesiaCRM/utils/../../vendor/tecnickcom/tcpdf/fonts/freesansbi.php [] []
[2022-09-22 17:32:13] defaultLogger.INFO: FreeSansBoldOblique count = 2 [] []
[2022-09-22 17:32:13] defaultLogger.INFO: /var/www/CRM/src/EcclesiaCRM/utils/../../vendor/tecnickcom/tcpdf/fonts/freemono.php [] []
[2022-09-22 17:32:13] defaultLogger.INFO: FreeMono count = 2 [] []
[2022-09-22 17:32:13] defaultLogger.INFO: /var/www/CRM/src/EcclesiaCRM/utils/../../vendor/tecnickcom/tcpdf/fonts/freemonoi.php [] []
[2022-09-22 17:32:13] defaultLogger.INFO: FreeMonoOblique count = 2 [] []
[2022-09-22 17:32:13] defaultLogger.INFO: /var/www/CRM/src/EcclesiaCRM/utils/../../vendor/tecnickcom/tcpdf/fonts/freemonob.php [] []
[2022-09-22 17:32:13] defaultLogger.INFO: FreeMonoBold count = 2 [] []
[2022-09-22 17:32:13] defaultLogger.INFO: /var/www/CRM/src/EcclesiaCRM/utils/../../vendor/tecnickcom/tcpdf/fonts/freemonobi.php [] []
[2022-09-22 17:32:13] defaultLogger.INFO: FreeMonoBoldOblique count = 2 [] []
[2022-09-22 17:32:13] defaultLogger.INFO: /var/www/CRM/src/EcclesiaCRM/utils/../../vendor/tecnickcom/tcpdf/fonts/dejavuserif.php [] []
[2022-09-22 17:32:13] defaultLogger.INFO: DejaVuSerif count = 2 [] []
[2022-09-22 17:32:13] defaultLogger.INFO: /var/www/CRM/src/EcclesiaCRM/utils/../../vendor/tecnickcom/tcpdf/fonts/dejavuserifi.php [] []
[2022-09-22 17:32:13] defaultLogger.INFO: DejaVuSerif-Italic count = 2 [] []
[2022-09-22 17:32:13] defaultLogger.INFO: /var/www/CRM/src/EcclesiaCRM/utils/../../vendor/tecnickcom/tcpdf/fonts/dejavuserifcondensed.php [] []
[2022-09-22 17:32:13] defaultLogger.INFO: DejaVuSerifCondensed count = 2 [] []
[2022-09-22 17:32:13] defaultLogger.INFO: /var/www/CRM/src/EcclesiaCRM/utils/../../vendor/tecnickcom/tcpdf/fonts/dejavuserifcondensedi.php [] []
[2022-09-22 17:32:13] defaultLogger.INFO: DejaVuSerifCondensed-Italic count = 2 [] []
[2022-09-22 17:32:13] defaultLogger.INFO: /var/www/CRM/src/EcclesiaCRM/utils/../../vendor/tecnickcom/tcpdf/fonts/dejavuserifcondensedb.php [] []
[2022-09-22 17:32:13] defaultLogger.INFO: DejaVuSerifCondensed-Bold count = 2 [] []
[2022-09-22 17:32:13] defaultLogger.INFO: /var/www/CRM/src/EcclesiaCRM/utils/../../vendor/tecnickcom/tcpdf/fonts/dejavuserifcondensedbi.php [] []
[2022-09-22 17:32:13] defaultLogger.INFO: DejaVuSerifCondensed-BoldItalic count = 2 [] []
[2022-09-22 17:32:13] defaultLogger.INFO: /var/www/CRM/src/EcclesiaCRM/utils/../../vendor/tecnickcom/tcpdf/fonts/dejavuserifb.php [] []
[2022-09-22 17:32:13] defaultLogger.INFO: DejaVuSerif-Bold count = 2 [] []
[2022-09-22 17:32:13] defaultLogger.INFO: /var/www/CRM/src/EcclesiaCRM/utils/../../vendor/tecnickcom/tcpdf/fonts/dejavuserifbi.php [] []
[2022-09-22 17:32:13] defaultLogger.INFO: DejaVuSerif-BoldItalic count = 2 [] []
[2022-09-22 17:32:13] defaultLogger.INFO: /var/www/CRM/src/EcclesiaCRM/utils/../../vendor/tecnickcom/tcpdf/fonts/dejavusans.php [] []
[2022-09-22 17:32:13] defaultLogger.INFO: DejaVuSans count = 2 [] []
[2022-09-22 17:32:13] defaultLogger.INFO: /var/www/CRM/src/EcclesiaCRM/utils/../../vendor/tecnickcom/tcpdf/fonts/dejavusansmono.php [] []
[2022-09-22 17:32:13] defaultLogger.INFO: DejaVuSansMono count = 2 [] []
[2022-09-22 17:32:13] defaultLogger.INFO: /var/www/CRM/src/EcclesiaCRM/utils/../../vendor/tecnickcom/tcpdf/fonts/dejavusansmonoi.php [] []
[2022-09-22 17:32:13] defaultLogger.INFO: DejaVuSansMono-Oblique count = 2 [] []
[2022-09-22 17:32:13] defaultLogger.INFO: /var/www/CRM/src/EcclesiaCRM/utils/../../vendor/tecnickcom/tcpdf/fonts/dejavusansmonob.php [] []
[2022-09-22 17:32:13] defaultLogger.INFO: DejaVuSansMono-Bold count = 2 [] []
[2022-09-22 17:32:13] defaultLogger.INFO: /var/www/CRM/src/EcclesiaCRM/utils/../../vendor/tecnickcom/tcpdf/fonts/dejavusansmonobi.php [] []
[2022-09-22 17:32:13] defaultLogger.INFO: DejaVuSansMono-BoldOblique count = 2 [] []
[2022-09-22 17:32:13] defaultLogger.INFO: /var/www/CRM/src/EcclesiaCRM/utils/../../vendor/tecnickcom/tcpdf/fonts/dejavusansi.php [] []
[2022-09-22 17:32:13] defaultLogger.INFO: DejaVuSans-Oblique count = 2 [] []
[2022-09-22 17:32:13] defaultLogger.INFO: /var/www/CRM/src/EcclesiaCRM/utils/../../vendor/tecnickcom/tcpdf/fonts/dejavusansextralight.php [] []
[2022-09-22 17:32:13] defaultLogger.INFO: DejaVuSans-ExtraLight count = 2 [] []
[2022-09-22 17:32:13] defaultLogger.INFO: /var/www/CRM/src/EcclesiaCRM/utils/../../vendor/tecnickcom/tcpdf/fonts/dejavusanscondensed.php [] []
[2022-09-22 17:32:13] defaultLogger.INFO: DejaVuSansCondensed count = 2 [] []
[2022-09-22 17:32:13] defaultLogger.INFO: /var/www/CRM/src/EcclesiaCRM/utils/../../vendor/tecnickcom/tcpdf/fonts/dejavusanscondensedi.php [] []
[2022-09-22 17:32:13] defaultLogger.INFO: DejaVuSansCondensed-Oblique count = 2 [] []
[2022-09-22 17:32:13] defaultLogger.INFO: /var/www/CRM/src/EcclesiaCRM/utils/../../vendor/tecnickcom/tcpdf/fonts/dejavusanscondensedb.php [] []
[2022-09-22 17:32:13] defaultLogger.INFO: DejaVuSansCondensed-Bold count = 2 [] []
[2022-09-22 17:32:13] defaultLogger.INFO: /var/www/CRM/src/EcclesiaCRM/utils/../../vendor/tecnickcom/tcpdf/fonts/dejavusanscondensedbi.php [] []
[2022-09-22 17:32:13] defaultLogger.INFO: DejaVuSansCondensed-BoldOblique count = 2 [] []
[2022-09-22 17:32:13] defaultLogger.INFO: /var/www/CRM/src/EcclesiaCRM/utils/../../vendor/tecnickcom/tcpdf/fonts/dejavusansb.php [] []
[2022-09-22 17:32:13] defaultLogger.INFO: DejaVuSans-Bold count = 2 [] []
[2022-09-22 17:32:13] defaultLogger.INFO: /var/www/CRM/src/EcclesiaCRM/utils/../../vendor/tecnickcom/tcpdf/fonts/dejavusansbi.php [] []
[2022-09-22 17:32:13] defaultLogger.INFO: DejaVuSans-BoldOblique count = 2 [] []
[2022-09-22 17:32:13] defaultLogger.INFO: /var/www/CRM/src/EcclesiaCRM/utils/../../vendor/tecnickcom/tcpdf/fonts/courier.php [] []
[2022-09-22 17:32:13] defaultLogger.INFO: Courier count = 2 [] []
[2022-09-22 17:32:13] defaultLogger.INFO: /var/www/CRM/src/EcclesiaCRM/utils/../../vendor/tecnickcom/tcpdf/fonts/courieri.php [] []
[2022-09-22 17:32:13] defaultLogger.INFO: Courier-Oblique count = 2 [] []
[2022-09-22 17:32:13] defaultLogger.INFO: /var/www/CRM/src/EcclesiaCRM/utils/../../vendor/tecnickcom/tcpdf/fonts/courierb.php [] []
[2022-09-22 17:32:13] defaultLogger.INFO: Courier-Bold count = 2 [] []
[2022-09-22 17:32:13] defaultLogger.INFO: /var/www/CRM/src/EcclesiaCRM/utils/../../vendor/tecnickcom/tcpdf/fonts/courierbi.php [] []
[2022-09-22 17:32:13] defaultLogger.INFO: Courier-BoldOblique count = 2 [] []
[2022-09-22 17:32:13] defaultLogger.INFO: /var/www/CRM/src/EcclesiaCRM/utils/../../vendor/tecnickcom/tcpdf/fonts/cid0kr.php [] []
[2022-09-22 17:32:13] defaultLogger.INFO: cid0kr count = 2 [] []
[2022-09-22 17:32:13] defaultLogger.INFO: /var/www/CRM/src/EcclesiaCRM/utils/../../vendor/tecnickcom/tcpdf/fonts/cid0jp.php [] []
[2022-09-22 17:32:13] defaultLogger.INFO: cid0jp count = 2 [] []
[2022-09-22 17:32:13] defaultLogger.INFO: /var/www/CRM/src/EcclesiaCRM/utils/../../vendor/tecnickcom/tcpdf/fonts/cid0ct.php [] []
[2022-09-22 17:32:13] defaultLogger.INFO: cid0ct count = 2 [] []
[2022-09-22 17:32:13] defaultLogger.INFO: /var/www/CRM/src/EcclesiaCRM/utils/../../vendor/tecnickcom/tcpdf/fonts/cid0cs.php [] []
[2022-09-22 17:32:13] defaultLogger.INFO: cid0cs count = 2 [] []
[2022-09-22 17:32:13] defaultLogger.INFO: /var/www/CRM/src/EcclesiaCRM/utils/../../vendor/tecnickcom/tcpdf/fonts/aefurat.php [] []
[2022-09-22 17:32:13] defaultLogger.INFO: Furat count = 2 [] []
[2022-09-22 17:32:13] defaultLogger.INFO: /var/www/CRM/src/EcclesiaCRM/utils/../../vendor/tecnickcom/tcpdf/fonts/aealarabiya.php [] []
[2022-09-22 17:32:13] defaultLogger.INFO: AlArabiya count = 2 [] []
[2022-09-22 17:32:51] defaultLogger.INFO: /var/www/CRM/src/EcclesiaCRM/utils/../../vendor/tecnickcom/tcpdf/fonts/zapfdingbats.php [] []
[2022-09-22 17:32:51] defaultLogger.INFO: ZapfDingbats count = 2 [] []
[2022-09-22 17:32:51] defaultLogger.INFO: /var/www/CRM/src/EcclesiaCRM/utils/../../vendor/tecnickcom/tcpdf/fonts/uni2cid_ak12.php [] []
[2022-09-22 17:32:51] defaultLogger.INFO: /var/www/CRM/src/EcclesiaCRM/utils/../../vendor/tecnickcom/tcpdf/fonts/uni2cid_aj16.php [] []
[2022-09-22 17:32:51] defaultLogger.INFO: /var/www/CRM/src/EcclesiaCRM/utils/../../vendor/tecnickcom/tcpdf/fonts/uni2cid_ag15.php [] []
[2022-09-22 17:32:51] defaultLogger.INFO: /var/www/CRM/src/EcclesiaCRM/utils/../../vendor/tecnickcom/tcpdf/fonts/uni2cid_ac15.php [] []
[2022-09-22 17:32:51] defaultLogger.INFO: /var/www/CRM/src/EcclesiaCRM/utils/../../vendor/tecnickcom/tcpdf/fonts/times.php [] []
[2022-09-22 17:32:51] defaultLogger.INFO: Times-Roman count = 2 [] []
[2022-09-22 17:32:51] defaultLogger.INFO: /var/www/CRM/src/EcclesiaCRM/utils/../../vendor/tecnickcom/tcpdf/fonts/timesi.php [] []
[2022-09-22 17:32:51] defaultLogger.INFO: Times-Italic count = 2 [] []
[2022-09-22 17:32:51] defaultLogger.INFO: /var/www/CRM/src/EcclesiaCRM/utils/../../vendor/tecnickcom/tcpdf/fonts/timesb.php [] []
[2022-09-22 17:32:51] defaultLogger.INFO: Times-Bold count = 2 [] []
[2022-09-22 17:32:51] defaultLogger.INFO: /var/www/CRM/src/EcclesiaCRM/utils/../../vendor/tecnickcom/tcpdf/fonts/timesbi.php [] []
[2022-09-22 17:32:51] defaultLogger.INFO: Times-BoldItalic count = 2 [] []
[2022-09-22 17:32:51] defaultLogger.INFO: /var/www/CRM/src/EcclesiaCRM/utils/../../vendor/tecnickcom/tcpdf/fonts/symbol.php [] []
[2022-09-22 17:32:51] defaultLogger.INFO: Symbol count = 2 [] []
[2022-09-22 17:32:51] defaultLogger.INFO: /var/www/CRM/src/EcclesiaCRM/utils/../../vendor/tecnickcom/tcpdf/fonts/stsongstdlight.php [] []
[2022-09-22 17:32:51] defaultLogger.INFO: /var/www/CRM/src/EcclesiaCRM/utils/../../vendor/tecnickcom/tcpdf/fonts/pdfazapfdingbats.php [] []
[2022-09-22 17:32:51] defaultLogger.INFO: PDFAZapfdingbats count = 2 [] []
[2022-09-22 17:32:51] defaultLogger.INFO: /var/www/CRM/src/EcclesiaCRM/utils/../../vendor/tecnickcom/tcpdf/fonts/pdfatimes.php [] []
[2022-09-22 17:32:51] defaultLogger.INFO: PDFATimes count = 2 [] []
[2022-09-22 17:32:51] defaultLogger.INFO: /var/www/CRM/src/EcclesiaCRM/utils/../../vendor/tecnickcom/tcpdf/fonts/pdfatimesi.php [] []
[2022-09-22 17:32:51] defaultLogger.INFO: PDFATimesItalic count = 2 [] []
[2022-09-22 17:32:51] defaultLogger.INFO: /var/www/CRM/src/EcclesiaCRM/utils/../../vendor/tecnickcom/tcpdf/fonts/pdfatimesb.php [] []
[2022-09-22 17:32:51] defaultLogger.INFO: PDFATimesBold count = 2 [] []
[2022-09-22 17:32:51] defaultLogger.INFO: /var/www/CRM/src/EcclesiaCRM/utils/../../vendor/tecnickcom/tcpdf/fonts/pdfatimesbi.php [] []
[2022-09-22 17:32:51] defaultLogger.INFO: PDFATimesBoldItalic count = 2 [] []
[2022-09-22 17:32:51] defaultLogger.INFO: /var/www/CRM/src/EcclesiaCRM/utils/../../vendor/tecnickcom/tcpdf/fonts/pdfasymbol.php [] []
[2022-09-22 17:32:51] defaultLogger.INFO: PDFASymbol count = 2 [] []
[2022-09-22 17:32:51] defaultLogger.INFO: /var/www/CRM/src/EcclesiaCRM/utils/../../vendor/tecnickcom/tcpdf/fonts/pdfahelvetica.php [] []
[2022-09-22 17:32:51] defaultLogger.INFO: PDFAHelvetica count = 2 [] []
[2022-09-22 17:32:51] defaultLogger.INFO: /var/www/CRM/src/EcclesiaCRM/utils/../../vendor/tecnickcom/tcpdf/fonts/pdfahelveticai.php [] []
[2022-09-22 17:32:51] defaultLogger.INFO: PDFAHelveticaOblique count = 2 [] []
[2022-09-22 17:32:51] defaultLogger.INFO: /var/www/CRM/src/EcclesiaCRM/utils/../../vendor/tecnickcom/tcpdf/fonts/pdfahelveticab.php [] []
[2022-09-22 17:32:51] defaultLogger.INFO: PDFAHelveticaBold count = 2 [] []
[2022-09-22 17:32:51] defaultLogger.INFO: /var/www/CRM/src/EcclesiaCRM/utils/../../vendor/tecnickcom/tcpdf/fonts/pdfahelveticabi.php [] []
[2022-09-22 17:32:51] defaultLogger.INFO: PDFAHelveticaBoldOblique count = 2 [] []
[2022-09-22 17:32:51] defaultLogger.INFO: /var/www/CRM/src/EcclesiaCRM/utils/../../vendor/tecnickcom/tcpdf/fonts/pdfacourier.php [] []
[2022-09-22 17:32:51] defaultLogger.INFO: PDFACourier count = 2 [] []
[2022-09-22 17:32:51] defaultLogger.INFO: /var/www/CRM/src/EcclesiaCRM/utils/../../vendor/tecnickcom/tcpdf/fonts/pdfacourieri.php [] []
[2022-09-22 17:32:51] defaultLogger.INFO: PDFACourierOblique count = 2 [] []
[2022-09-22 17:32:51] defaultLogger.INFO: /var/www/CRM/src/EcclesiaCRM/utils/../../vendor/tecnickcom/tcpdf/fonts/pdfacourierb.php [] []
[2022-09-22 17:32:51] defaultLogger.INFO: PDFACourierBold count = 2 [] []
[2022-09-22 17:32:51] defaultLogger.INFO: /var/www/CRM/src/EcclesiaCRM/utils/../../vendor/tecnickcom/tcpdf/fonts/pdfacourierbi.php [] []
[2022-09-22 17:32:51] defaultLogger.INFO: PDFACourierBoldOblique count = 2 [] []
[2022-09-22 17:32:51] defaultLogger.INFO: /var/www/CRM/src/EcclesiaCRM/utils/../../vendor/tecnickcom/tcpdf/fonts/msungstdlight.php [] []
[2022-09-22 17:32:51] defaultLogger.INFO: /var/www/CRM/src/EcclesiaCRM/utils/../../vendor/tecnickcom/tcpdf/fonts/kozminproregular.php [] []
[2022-09-22 17:32:51] defaultLogger.INFO: /var/www/CRM/src/EcclesiaCRM/utils/../../vendor/tecnickcom/tcpdf/fonts/kozgopromedium.php [] []
[2022-09-22 17:32:51] defaultLogger.INFO: /var/www/CRM/src/EcclesiaCRM/utils/../../vendor/tecnickcom/tcpdf/fonts/hysmyeongjostdmedium.php [] []
[2022-09-22 17:32:51] defaultLogger.INFO: HYSMyeongJoStd-Medium-Acro count = 2 [] []
[2022-09-22 17:32:51] defaultLogger.INFO: /var/www/CRM/src/EcclesiaCRM/utils/../../vendor/tecnickcom/tcpdf/fonts/helvetica.php [] []
[2022-09-22 17:32:51] defaultLogger.INFO: Helvetica count = 2 [] []
[2022-09-22 17:32:51] defaultLogger.INFO: /var/www/CRM/src/EcclesiaCRM/utils/../../vendor/tecnickcom/tcpdf/fonts/helveticai.php [] []
[2022-09-22 17:32:51] defaultLogger.INFO: Helvetica-Oblique count = 2 [] []
[2022-09-22 17:32:51] defaultLogger.INFO: /var/www/CRM/src/EcclesiaCRM/utils/../../vendor/tecnickcom/tcpdf/fonts/helveticab.php [] []
[2022-09-22 17:32:51] defaultLogger.INFO: Helvetica-Bold count = 2 [] []
[2022-09-22 17:32:51] defaultLogger.INFO: /var/www/CRM/src/EcclesiaCRM/utils/../../vendor/tecnickcom/tcpdf/fonts/helveticabi.php [] []
[2022-09-22 17:32:51] defaultLogger.INFO: Helvetica-BoldOblique count = 2 [] []
[2022-09-22 17:32:51] defaultLogger.INFO: /var/www/CRM/src/EcclesiaCRM/utils/../../vendor/tecnickcom/tcpdf/fonts/freeserif.php [] []
[2022-09-22 17:32:51] defaultLogger.INFO: FreeSerif count = 2 [] []
[2022-09-22 17:32:51] defaultLogger.INFO: /var/www/CRM/src/EcclesiaCRM/utils/../../vendor/tecnickcom/tcpdf/fonts/freeserifi.php [] []
[2022-09-22 17:32:51] defaultLogger.INFO: FreeSerifItalic count = 2 [] []
[2022-09-22 17:32:51] defaultLogger.INFO: /var/www/CRM/src/EcclesiaCRM/utils/../../vendor/tecnickcom/tcpdf/fonts/freeserifb.php [] []
[2022-09-22 17:32:51] defaultLogger.INFO: FreeSerifBold count = 2 [] []
[2022-09-22 17:32:51] defaultLogger.INFO: /var/www/CRM/src/EcclesiaCRM/utils/../../vendor/tecnickcom/tcpdf/fonts/freeserifbi.php [] []
[2022-09-22 17:32:51] defaultLogger.INFO: FreeSerifBoldItalic count = 2 [] []
[2022-09-22 17:32:51] defaultLogger.INFO: /var/www/CRM/src/EcclesiaCRM/utils/../../vendor/tecnickcom/tcpdf/fonts/freesans.php [] []
[2022-09-22 17:32:51] defaultLogger.INFO: FreeSans count = 2 [] []
[2022-09-22 17:32:51] defaultLogger.INFO: /var/www/CRM/src/EcclesiaCRM/utils/../../vendor/tecnickcom/tcpdf/fonts/freesansi.php [] []
[2022-09-22 17:32:51] defaultLogger.INFO: FreeSansOblique count = 2 [] []
[2022-09-22 17:32:51] defaultLogger.INFO: /var/www/CRM/src/EcclesiaCRM/utils/../../vendor/tecnickcom/tcpdf/fonts/freesansb.php [] []
[2022-09-22 17:32:51] defaultLogger.INFO: FreeSansBold count = 2 [] []
[2022-09-22 17:32:51] defaultLogger.INFO: /var/www/CRM/src/EcclesiaCRM/utils/../../vendor/tecnickcom/tcpdf/fonts/freesansbi.php [] []
[2022-09-22 17:32:51] defaultLogger.INFO: FreeSansBoldOblique count = 2 [] []
[2022-09-22 17:32:51] defaultLogger.INFO: /var/www/CRM/src/EcclesiaCRM/utils/../../vendor/tecnickcom/tcpdf/fonts/freemono.php [] []
[2022-09-22 17:32:51] defaultLogger.INFO: FreeMono count = 2 [] []
[2022-09-22 17:32:51] defaultLogger.INFO: /var/www/CRM/src/EcclesiaCRM/utils/../../vendor/tecnickcom/tcpdf/fonts/freemonoi.php [] []
[2022-09-22 17:32:51] defaultLogger.INFO: FreeMonoOblique count = 2 [] []
[2022-09-22 17:32:51] defaultLogger.INFO: /var/www/CRM/src/EcclesiaCRM/utils/../../vendor/tecnickcom/tcpdf/fonts/freemonob.php [] []
[2022-09-22 17:32:51] defaultLogger.INFO: FreeMonoBold count = 2 [] []
[2022-09-22 17:32:51] defaultLogger.INFO: /var/www/CRM/src/EcclesiaCRM/utils/../../vendor/tecnickcom/tcpdf/fonts/freemonobi.php [] []
[2022-09-22 17:32:51] defaultLogger.INFO: FreeMonoBoldOblique count = 2 [] []
[2022-09-22 17:32:51] defaultLogger.INFO: /var/www/CRM/src/EcclesiaCRM/utils/../../vendor/tecnickcom/tcpdf/fonts/dejavuserif.php [] []
[2022-09-22 17:32:51] defaultLogger.INFO: DejaVuSerif count = 2 [] []
[2022-09-22 17:32:51] defaultLogger.INFO: /var/www/CRM/src/EcclesiaCRM/utils/../../vendor/tecnickcom/tcpdf/fonts/dejavuserifi.php [] []
[2022-09-22 17:32:51] defaultLogger.INFO: DejaVuSerif-Italic count = 2 [] []
[2022-09-22 17:32:51] defaultLogger.INFO: /var/www/CRM/src/EcclesiaCRM/utils/../../vendor/tecnickcom/tcpdf/fonts/dejavuserifcondensed.php [] []
[2022-09-22 17:32:51] defaultLogger.INFO: DejaVuSerifCondensed count = 2 [] []
[2022-09-22 17:32:51] defaultLogger.INFO: /var/www/CRM/src/EcclesiaCRM/utils/../../vendor/tecnickcom/tcpdf/fonts/dejavuserifcondensedi.php [] []
[2022-09-22 17:32:51] defaultLogger.INFO: DejaVuSerifCondensed-Italic count = 2 [] []
[2022-09-22 17:32:51] defaultLogger.INFO: /var/www/CRM/src/EcclesiaCRM/utils/../../vendor/tecnickcom/tcpdf/fonts/dejavuserifcondensedb.php [] []
[2022-09-22 17:32:51] defaultLogger.INFO: DejaVuSerifCondensed-Bold count = 2 [] []
[2022-09-22 17:32:51] defaultLogger.INFO: /var/www/CRM/src/EcclesiaCRM/utils/../../vendor/tecnickcom/tcpdf/fonts/dejavuserifcondensedbi.php [] []
[2022-09-22 17:32:51] defaultLogger.INFO: DejaVuSerifCondensed-BoldItalic count = 2 [] []
[2022-09-22 17:32:51] defaultLogger.INFO: /var/www/CRM/src/EcclesiaCRM/utils/../../vendor/tecnickcom/tcpdf/fonts/dejavuserifb.php [] []
[2022-09-22 17:32:51] defaultLogger.INFO: DejaVuSerif-Bold count = 2 [] []
[2022-09-22 17:32:51] defaultLogger.INFO: /var/www/CRM/src/EcclesiaCRM/utils/../../vendor/tecnickcom/tcpdf/fonts/dejavuserifbi.php [] []
[2022-09-22 17:32:51] defaultLogger.INFO: DejaVuSerif-BoldItalic count = 2 [] []
[2022-09-22 17:32:51] defaultLogger.INFO: /var/www/CRM/src/EcclesiaCRM/utils/../../vendor/tecnickcom/tcpdf/fonts/dejavusans.php [] []
[2022-09-22 17:32:51] defaultLogger.INFO: DejaVuSans count = 2 [] []
[2022-09-22 17:32:51] defaultLogger.INFO: /var/www/CRM/src/EcclesiaCRM/utils/../../vendor/tecnickcom/tcpdf/fonts/dejavusansmono.php [] []
[2022-09-22 17:32:51] defaultLogger.INFO: DejaVuSansMono count = 2 [] []
[2022-09-22 17:32:51] defaultLogger.INFO: /var/www/CRM/src/EcclesiaCRM/utils/../../vendor/tecnickcom/tcpdf/fonts/dejavusansmonoi.php [] []
[2022-09-22 17:32:51] defaultLogger.INFO: DejaVuSansMono-Oblique count = 2 [] []
[2022-09-22 17:32:51] defaultLogger.INFO: /var/www/CRM/src/EcclesiaCRM/utils/../../vendor/tecnickcom/tcpdf/fonts/dejavusansmonob.php [] []
[2022-09-22 17:32:51] defaultLogger.INFO: DejaVuSansMono-Bold count = 2 [] []
[2022-09-22 17:32:51] defaultLogger.INFO: /var/www/CRM/src/EcclesiaCRM/utils/../../vendor/tecnickcom/tcpdf/fonts/dejavusansmonobi.php [] []
[2022-09-22 17:32:51] defaultLogger.INFO: DejaVuSansMono-BoldOblique count = 2 [] []
[2022-09-22 17:32:51] defaultLogger.INFO: /var/www/CRM/src/EcclesiaCRM/utils/../../vendor/tecnickcom/tcpdf/fonts/dejavusansi.php [] []
[2022-09-22 17:32:51] defaultLogger.INFO: DejaVuSans-Oblique count = 2 [] []
[2022-09-22 17:32:51] defaultLogger.INFO: /var/www/CRM/src/EcclesiaCRM/utils/../../vendor/tecnickcom/tcpdf/fonts/dejavusansextralight.php [] []
[2022-09-22 17:32:51] defaultLogger.INFO: DejaVuSans-ExtraLight count = 2 [] []
[2022-09-22 17:32:51] defaultLogger.INFO: /var/www/CRM/src/EcclesiaCRM/utils/../../vendor/tecnickcom/tcpdf/fonts/dejavusanscondensed.php [] []
[2022-09-22 17:32:51] defaultLogger.INFO: DejaVuSansCondensed count = 2 [] []
[2022-09-22 17:32:51] defaultLogger.INFO: /var/www/CRM/src/EcclesiaCRM/utils/../../vendor/tecnickcom/tcpdf/fonts/dejavusanscondensedi.php [] []
[2022-09-22 17:32:51] defaultLogger.INFO: DejaVuSansCondensed-Oblique count = 2 [] []
[2022-09-22 17:32:51] defaultLogger.INFO: /var/www/CRM/src/EcclesiaCRM/utils/../../vendor/tecnickcom/tcpdf/fonts/dejavusanscondensedb.php [] []
[2022-09-22 17:32:51] defaultLogger.INFO: DejaVuSansCondensed-Bold count = 2 [] []
[2022-09-22 17:32:51] defaultLogger.INFO: /var/www/CRM/src/EcclesiaCRM/utils/../../vendor/tecnickcom/tcpdf/fonts/dejavusanscondensedbi.php [] []
[2022-09-22 17:32:51] defaultLogger.INFO: DejaVuSansCondensed-BoldOblique count = 2 [] []
[2022-09-22 17:32:51] defaultLogger.INFO: /var/www/CRM/src/EcclesiaCRM/utils/../../vendor/tecnickcom/tcpdf/fonts/dejavusansb.php [] []
[2022-09-22 17:32:51] defaultLogger.INFO: DejaVuSans-Bold count = 2 [] []
[2022-09-22 17:32:51] defaultLogger.INFO: /var/www/CRM/src/EcclesiaCRM/utils/../../vendor/tecnickcom/tcpdf/fonts/dejavusansbi.php [] []
[2022-09-22 17:32:51] defaultLogger.INFO: DejaVuSans-BoldOblique count = 2 [] []
[2022-09-22 17:32:51] defaultLogger.INFO: /var/www/CRM/src/EcclesiaCRM/utils/../../vendor/tecnickcom/tcpdf/fonts/courier.php [] []
[2022-09-22 17:32:51] defaultLogger.INFO: Courier count = 2 [] []
[2022-09-22 17:32:51] defaultLogger.INFO: /var/www/CRM/src/EcclesiaCRM/utils/../../vendor/tecnickcom/tcpdf/fonts/courieri.php [] []
[2022-09-22 17:32:51] defaultLogger.INFO: Courier-Oblique count = 2 [] []
[2022-09-22 17:32:51] defaultLogger.INFO: /var/www/CRM/src/EcclesiaCRM/utils/../../vendor/tecnickcom/tcpdf/fonts/courierb.php [] []
[2022-09-22 17:32:51] defaultLogger.INFO: Courier-Bold count = 2 [] []
[2022-09-22 17:32:51] defaultLogger.INFO: /var/www/CRM/src/EcclesiaCRM/utils/../../vendor/tecnickcom/tcpdf/fonts/courierbi.php [] []
[2022-09-22 17:32:51] defaultLogger.INFO: Courier-BoldOblique count = 2 [] []
[2022-09-22 17:32:51] defaultLogger.INFO: /var/www/CRM/src/EcclesiaCRM/utils/../../vendor/tecnickcom/tcpdf/fonts/cid0kr.php [] []
[2022-09-22 17:32:51] defaultLogger.INFO: cid0kr count = 2 [] []
[2022-09-22 17:32:51] defaultLogger.INFO: /var/www/CRM/src/EcclesiaCRM/utils/../../vendor/tecnickcom/tcpdf/fonts/cid0jp.php [] []
[2022-09-22 17:32:51] defaultLogger.INFO: cid0jp count = 2 [] []
[2022-09-22 17:32:51] defaultLogger.INFO: /var/www/CRM/src/EcclesiaCRM/utils/../../vendor/tecnickcom/tcpdf/fonts/cid0ct.php [] []
[2022-09-22 17:32:51] defaultLogger.INFO: cid0ct count = 2 [] []
[2022-09-22 17:32:51] defaultLogger.INFO: /var/www/CRM/src/EcclesiaCRM/utils/../../vendor/tecnickcom/tcpdf/fonts/cid0cs.php [] []
[2022-09-22 17:32:51] defaultLogger.INFO: cid0cs count = 2 [] []
[2022-09-22 17:32:51] defaultLogger.INFO: /var/www/CRM/src/EcclesiaCRM/utils/../../vendor/tecnickcom/tcpdf/fonts/aefurat.php [] []
[2022-09-22 17:32:51] defaultLogger.INFO: Furat count = 2 [] []
[2022-09-22 17:32:51] defaultLogger.INFO: /var/www/CRM/src/EcclesiaCRM/utils/../../vendor/tecnickcom/tcpdf/fonts/aealarabiya.php [] []
[2022-09-22 17:32:51] defaultLogger.INFO: AlArabiya count = 2 [] []
[2022-09-22 17:33:19] defaultLogger.WARNING: {     "csp-report": {         "document-uri": "https:\/\/dev.ecclesiacrm.com\/PersonView.php?PersonID=375",         "referrer": "https:\/\/dev.ecclesiacrm.com\/v2\/dashboard",         "violated-directive": "img-src",         "effective-directive": "img-src",         "original-policy": "default-src 'self';script-src 'self' 'unsafe-eval' 'nonce-inEdohwG0r35QQWkEaHR0A==' sidecar.gitter.im browser-update.org maps.googleapis.com www.bing.com  dev.virtualearth.net t.ssl.ak.dynamic.tiles.virtualearth.net cdnjs.cloudflare.com meet.jit.si;object-src 'self' 'nonce-inEdohwG0r35QQWkEaHR0A==';style-src 'self' 'unsafe-inline' fonts.googleapis.com www.bing.com;img-src 'self' 'nonce-inEdohwG0r35QQWkEaHR0A==' www.google.com d maps.gstatic.com maps.googleapis.com a.tile.openstreetmap.org b.tile.openstreetmap.org c.tile.openstreetmap.org www.bing.com t.ssl.ak.dynamic.tiles.virtualearth.net data:;media-src 'self';frame-src 'self' www.youtube.com;font-src 'self' fonts.gstatic.com;connect-src 'self' www.bing.com  nominatim.openstreetmap.org;report-uri https:\/\/dev.ecclesiacrm.com\/api\/system\/csp-report",         "disposition": "report",         "blocked-uri": "https:\/\/www.imathgeo.com\/local\/cache-vignettes\/L520xH371\/capture_d_ecran_2014-11-03_a_09.00.11-06d4f.png?1489776917",         "line-number": 2107,         "source-file": "https:\/\/dev.ecclesiacrm.com\/PersonView.php",         "status-code": 200,         "script-sample": ""     } } [] []
[2022-09-22 17:33:19] defaultLogger.WARNING: {     "csp-report": {         "document-uri": "https:\/\/dev.ecclesiacrm.com\/PersonView.php?PersonID=375",         "referrer": "https:\/\/dev.ecclesiacrm.com\/v2\/dashboard",         "violated-directive": "img-src",         "effective-directive": "img-src",         "original-policy": "default-src 'self';script-src 'self' 'unsafe-eval' 'nonce-inEdohwG0r35QQWkEaHR0A==' sidecar.gitter.im browser-update.org maps.googleapis.com www.bing.com  dev.virtualearth.net t.ssl.ak.dynamic.tiles.virtualearth.net cdnjs.cloudflare.com meet.jit.si;object-src 'self' 'nonce-inEdohwG0r35QQWkEaHR0A==';style-src 'self' 'unsafe-inline' fonts.googleapis.com www.bing.com;img-src 'self' 'nonce-inEdohwG0r35QQWkEaHR0A==' www.google.com d maps.gstatic.com maps.googleapis.com a.tile.openstreetmap.org b.tile.openstreetmap.org c.tile.openstreetmap.org www.bing.com t.ssl.ak.dynamic.tiles.virtualearth.net data:;media-src 'self';frame-src 'self' www.youtube.com;font-src 'self' fonts.gstatic.com;connect-src 'self' www.bing.com  nominatim.openstreetmap.org;report-uri https:\/\/dev.ecclesiacrm.com\/api\/system\/csp-report",         "disposition": "report",         "blocked-uri": "https:\/\/erp.epis-strasbourg.eu\/skin\/external\/ckeditor\/plugins\/smiley\/images\/sad_smile.png",         "line-number": 2107,         "source-file": "https:\/\/dev.ecclesiacrm.com\/PersonView.php",         "status-code": 200,         "script-sample": ""     } } [] []
[2022-09-22 17:33:22] defaultLogger.INFO: /var/www/CRM/src/EcclesiaCRM/utils/../../vendor/tecnickcom/tcpdf/fonts/zapfdingbats.php [] []
[2022-09-22 17:33:22] defaultLogger.INFO: ZapfDingbats count = 2 [] []
[2022-09-22 17:33:22] defaultLogger.INFO: /var/www/CRM/src/EcclesiaCRM/utils/../../vendor/tecnickcom/tcpdf/fonts/uni2cid_ak12.php [] []
[2022-09-22 17:33:22] defaultLogger.INFO: /var/www/CRM/src/EcclesiaCRM/utils/../../vendor/tecnickcom/tcpdf/fonts/uni2cid_aj16.php [] []
[2022-09-22 17:33:22] defaultLogger.INFO: /var/www/CRM/src/EcclesiaCRM/utils/../../vendor/tecnickcom/tcpdf/fonts/uni2cid_ag15.php [] []
[2022-09-22 17:33:22] defaultLogger.INFO: /var/www/CRM/src/EcclesiaCRM/utils/../../vendor/tecnickcom/tcpdf/fonts/uni2cid_ac15.php [] []
[2022-09-22 17:33:22] defaultLogger.INFO: /var/www/CRM/src/EcclesiaCRM/utils/../../vendor/tecnickcom/tcpdf/fonts/times.php [] []
[2022-09-22 17:33:22] defaultLogger.INFO: Times-Roman count = 2 [] []
[2022-09-22 17:33:22] defaultLogger.INFO: /var/www/CRM/src/EcclesiaCRM/utils/../../vendor/tecnickcom/tcpdf/fonts/timesi.php [] []
[2022-09-22 17:33:22] defaultLogger.INFO: Times-Italic count = 2 [] []
[2022-09-22 17:33:22] defaultLogger.INFO: /var/www/CRM/src/EcclesiaCRM/utils/../../vendor/tecnickcom/tcpdf/fonts/timesb.php [] []
[2022-09-22 17:33:22] defaultLogger.INFO: Times-Bold count = 2 [] []
[2022-09-22 17:33:22] defaultLogger.INFO: /var/www/CRM/src/EcclesiaCRM/utils/../../vendor/tecnickcom/tcpdf/fonts/timesbi.php [] []
[2022-09-22 17:33:22] defaultLogger.INFO: Times-BoldItalic count = 2 [] []
[2022-09-22 17:33:22] defaultLogger.INFO: /var/www/CRM/src/EcclesiaCRM/utils/../../vendor/tecnickcom/tcpdf/fonts/symbol.php [] []
[2022-09-22 17:33:22] defaultLogger.INFO: Symbol count = 2 [] []
[2022-09-22 17:33:22] defaultLogger.INFO: /var/www/CRM/src/EcclesiaCRM/utils/../../vendor/tecnickcom/tcpdf/fonts/stsongstdlight.php [] []
[2022-09-22 17:33:22] defaultLogger.INFO: /var/www/CRM/src/EcclesiaCRM/utils/../../vendor/tecnickcom/tcpdf/fonts/pdfazapfdingbats.php [] []
[2022-09-22 17:33:22] defaultLogger.INFO: PDFAZapfdingbats count = 2 [] []
[2022-09-22 17:33:22] defaultLogger.INFO: /var/www/CRM/src/EcclesiaCRM/utils/../../vendor/tecnickcom/tcpdf/fonts/pdfatimes.php [] []
[2022-09-22 17:33:22] defaultLogger.INFO: PDFATimes count = 2 [] []
[2022-09-22 17:33:22] defaultLogger.INFO: /var/www/CRM/src/EcclesiaCRM/utils/../../vendor/tecnickcom/tcpdf/fonts/pdfatimesi.php [] []
[2022-09-22 17:33:22] defaultLogger.INFO: PDFATimesItalic count = 2 [] []
[2022-09-22 17:33:22] defaultLogger.INFO: /var/www/CRM/src/EcclesiaCRM/utils/../../vendor/tecnickcom/tcpdf/fonts/pdfatimesb.php [] []
[2022-09-22 17:33:22] defaultLogger.INFO: PDFATimesBold count = 2 [] []
[2022-09-22 17:33:22] defaultLogger.INFO: /var/www/CRM/src/EcclesiaCRM/utils/../../vendor/tecnickcom/tcpdf/fonts/pdfatimesbi.php [] []
[2022-09-22 17:33:22] defaultLogger.INFO: PDFATimesBoldItalic count = 2 [] []
[2022-09-22 17:33:22] defaultLogger.INFO: /var/www/CRM/src/EcclesiaCRM/utils/../../vendor/tecnickcom/tcpdf/fonts/pdfasymbol.php [] []
[2022-09-22 17:33:22] defaultLogger.INFO: PDFASymbol count = 2 [] []
[2022-09-22 17:33:22] defaultLogger.INFO: /var/www/CRM/src/EcclesiaCRM/utils/../../vendor/tecnickcom/tcpdf/fonts/pdfahelvetica.php [] []
[2022-09-22 17:33:22] defaultLogger.INFO: PDFAHelvetica count = 2 [] []
[2022-09-22 17:33:22] defaultLogger.INFO: /var/www/CRM/src/EcclesiaCRM/utils/../../vendor/tecnickcom/tcpdf/fonts/pdfahelveticai.php [] []
[2022-09-22 17:33:22] defaultLogger.INFO: PDFAHelveticaOblique count = 2 [] []
[2022-09-22 17:33:22] defaultLogger.INFO: /var/www/CRM/src/EcclesiaCRM/utils/../../vendor/tecnickcom/tcpdf/fonts/pdfahelveticab.php [] []
[2022-09-22 17:33:22] defaultLogger.INFO: PDFAHelveticaBold count = 2 [] []
[2022-09-22 17:33:22] defaultLogger.INFO: /var/www/CRM/src/EcclesiaCRM/utils/../../vendor/tecnickcom/tcpdf/fonts/pdfahelveticabi.php [] []
[2022-09-22 17:33:22] defaultLogger.INFO: PDFAHelveticaBoldOblique count = 2 [] []
[2022-09-22 17:33:22] defaultLogger.INFO: /var/www/CRM/src/EcclesiaCRM/utils/../../vendor/tecnickcom/tcpdf/fonts/pdfacourier.php [] []
[2022-09-22 17:33:22] defaultLogger.INFO: PDFACourier count = 2 [] []
[2022-09-22 17:33:22] defaultLogger.INFO: /var/www/CRM/src/EcclesiaCRM/utils/../../vendor/tecnickcom/tcpdf/fonts/pdfacourieri.php [] []
[2022-09-22 17:33:22] defaultLogger.INFO: PDFACourierOblique count = 2 [] []
[2022-09-22 17:33:22] defaultLogger.INFO: /var/www/CRM/src/EcclesiaCRM/utils/../../vendor/tecnickcom/tcpdf/fonts/pdfacourierb.php [] []
[2022-09-22 17:33:22] defaultLogger.INFO: PDFACourierBold count = 2 [] []
[2022-09-22 17:33:22] defaultLogger.INFO: /var/www/CRM/src/EcclesiaCRM/utils/../../vendor/tecnickcom/tcpdf/fonts/pdfacourierbi.php [] []
[2022-09-22 17:33:22] defaultLogger.INFO: PDFACourierBoldOblique count = 2 [] []
[2022-09-22 17:33:22] defaultLogger.INFO: /var/www/CRM/src/EcclesiaCRM/utils/../../vendor/tecnickcom/tcpdf/fonts/msungstdlight.php [] []
[2022-09-22 17:33:22] defaultLogger.INFO: /var/www/CRM/src/EcclesiaCRM/utils/../../vendor/tecnickcom/tcpdf/fonts/kozminproregular.php [] []
[2022-09-22 17:33:22] defaultLogger.INFO: /var/www/CRM/src/EcclesiaCRM/utils/../../vendor/tecnickcom/tcpdf/fonts/kozgopromedium.php [] []
[2022-09-22 17:33:22] defaultLogger.INFO: /var/www/CRM/src/EcclesiaCRM/utils/../../vendor/tecnickcom/tcpdf/fonts/hysmyeongjostdmedium.php [] []
[2022-09-22 17:33:22] defaultLogger.INFO: HYSMyeongJoStd-Medium-Acro count = 2 [] []
[2022-09-22 17:33:22] defaultLogger.INFO: /var/www/CRM/src/EcclesiaCRM/utils/../../vendor/tecnickcom/tcpdf/fonts/helvetica.php [] []
[2022-09-22 17:33:22] defaultLogger.INFO: Helvetica count = 2 [] []
[2022-09-22 17:33:22] defaultLogger.INFO: /var/www/CRM/src/EcclesiaCRM/utils/../../vendor/tecnickcom/tcpdf/fonts/helveticai.php [] []
[2022-09-22 17:33:22] defaultLogger.INFO: Helvetica-Oblique count = 2 [] []
[2022-09-22 17:33:22] defaultLogger.INFO: /var/www/CRM/src/EcclesiaCRM/utils/../../vendor/tecnickcom/tcpdf/fonts/helveticab.php [] []
[2022-09-22 17:33:22] defaultLogger.INFO: Helvetica-Bold count = 2 [] []
[2022-09-22 17:33:22] defaultLogger.INFO: /var/www/CRM/src/EcclesiaCRM/utils/../../vendor/tecnickcom/tcpdf/fonts/helveticabi.php [] []
[2022-09-22 17:33:22] defaultLogger.INFO: Helvetica-BoldOblique count = 2 [] []
[2022-09-22 17:33:22] defaultLogger.INFO: /var/www/CRM/src/EcclesiaCRM/utils/../../vendor/tecnickcom/tcpdf/fonts/freeserif.php [] []
[2022-09-22 17:33:22] defaultLogger.INFO: FreeSerif count = 2 [] []
[2022-09-22 17:33:22] defaultLogger.INFO: /var/www/CRM/src/EcclesiaCRM/utils/../../vendor/tecnickcom/tcpdf/fonts/freeserifi.php [] []
[2022-09-22 17:33:22] defaultLogger.INFO: FreeSerifItalic count = 2 [] []
[2022-09-22 17:33:22] defaultLogger.INFO: /var/www/CRM/src/EcclesiaCRM/utils/../../vendor/tecnickcom/tcpdf/fonts/freeserifb.php [] []
[2022-09-22 17:33:22] defaultLogger.INFO: FreeSerifBold count = 2 [] []
[2022-09-22 17:33:22] defaultLogger.INFO: /var/www/CRM/src/EcclesiaCRM/utils/../../vendor/tecnickcom/tcpdf/fonts/freeserifbi.php [] []
[2022-09-22 17:33:22] defaultLogger.INFO: FreeSerifBoldItalic count = 2 [] []
[2022-09-22 17:33:22] defaultLogger.INFO: /var/www/CRM/src/EcclesiaCRM/utils/../../vendor/tecnickcom/tcpdf/fonts/freesans.php [] []
[2022-09-22 17:33:22] defaultLogger.INFO: FreeSans count = 2 [] []
[2022-09-22 17:33:22] defaultLogger.INFO: /var/www/CRM/src/EcclesiaCRM/utils/../../vendor/tecnickcom/tcpdf/fonts/freesansi.php [] []
[2022-09-22 17:33:22] defaultLogger.INFO: FreeSansOblique count = 2 [] []
[2022-09-22 17:33:22] defaultLogger.INFO: /var/www/CRM/src/EcclesiaCRM/utils/../../vendor/tecnickcom/tcpdf/fonts/freesansb.php [] []
[2022-09-22 17:33:22] defaultLogger.INFO: FreeSansBold count = 2 [] []
[2022-09-22 17:33:22] defaultLogger.INFO: /var/www/CRM/src/EcclesiaCRM/utils/../../vendor/tecnickcom/tcpdf/fonts/freesansbi.php [] []
[2022-09-22 17:33:22] defaultLogger.INFO: FreeSansBoldOblique count = 2 [] []
[2022-09-22 17:33:22] defaultLogger.INFO: /var/www/CRM/src/EcclesiaCRM/utils/../../vendor/tecnickcom/tcpdf/fonts/freemono.php [] []
[2022-09-22 17:33:22] defaultLogger.INFO: FreeMono count = 2 [] []
[2022-09-22 17:33:22] defaultLogger.INFO: /var/www/CRM/src/EcclesiaCRM/utils/../../vendor/tecnickcom/tcpdf/fonts/freemonoi.php [] []
[2022-09-22 17:33:22] defaultLogger.INFO: FreeMonoOblique count = 2 [] []
[2022-09-22 17:33:22] defaultLogger.INFO: /var/www/CRM/src/EcclesiaCRM/utils/../../vendor/tecnickcom/tcpdf/fonts/freemonob.php [] []
[2022-09-22 17:33:22] defaultLogger.INFO: FreeMonoBold count = 2 [] []
[2022-09-22 17:33:22] defaultLogger.INFO: /var/www/CRM/src/EcclesiaCRM/utils/../../vendor/tecnickcom/tcpdf/fonts/freemonobi.php [] []
[2022-09-22 17:33:22] defaultLogger.INFO: FreeMonoBoldOblique count = 2 [] []
[2022-09-22 17:33:22] defaultLogger.INFO: /var/www/CRM/src/EcclesiaCRM/utils/../../vendor/tecnickcom/tcpdf/fonts/dejavuserif.php [] []
[2022-09-22 17:33:22] defaultLogger.INFO: DejaVuSerif count = 2 [] []
[2022-09-22 17:33:22] defaultLogger.INFO: /var/www/CRM/src/EcclesiaCRM/utils/../../vendor/tecnickcom/tcpdf/fonts/dejavuserifi.php [] []
[2022-09-22 17:33:22] defaultLogger.INFO: DejaVuSerif-Italic count = 2 [] []
[2022-09-22 17:33:22] defaultLogger.INFO: /var/www/CRM/src/EcclesiaCRM/utils/../../vendor/tecnickcom/tcpdf/fonts/dejavuserifcondensed.php [] []
[2022-09-22 17:33:22] defaultLogger.INFO: DejaVuSerifCondensed count = 2 [] []
[2022-09-22 17:33:22] defaultLogger.INFO: /var/www/CRM/src/EcclesiaCRM/utils/../../vendor/tecnickcom/tcpdf/fonts/dejavuserifcondensedi.php [] []
[2022-09-22 17:33:22] defaultLogger.INFO: DejaVuSerifCondensed-Italic count = 2 [] []
[2022-09-22 17:33:22] defaultLogger.INFO: /var/www/CRM/src/EcclesiaCRM/utils/../../vendor/tecnickcom/tcpdf/fonts/dejavuserifcondensedb.php [] []
[2022-09-22 17:33:22] defaultLogger.INFO: DejaVuSerifCondensed-Bold count = 2 [] []
[2022-09-22 17:33:22] defaultLogger.INFO: /var/www/CRM/src/EcclesiaCRM/utils/../../vendor/tecnickcom/tcpdf/fonts/dejavuserifcondensedbi.php [] []
[2022-09-22 17:33:22] defaultLogger.INFO: DejaVuSerifCondensed-BoldItalic count = 2 [] []
[2022-09-22 17:33:22] defaultLogger.INFO: /var/www/CRM/src/EcclesiaCRM/utils/../../vendor/tecnickcom/tcpdf/fonts/dejavuserifb.php [] []
[2022-09-22 17:33:22] defaultLogger.INFO: DejaVuSerif-Bold count = 2 [] []
[2022-09-22 17:33:22] defaultLogger.INFO: /var/www/CRM/src/EcclesiaCRM/utils/../../vendor/tecnickcom/tcpdf/fonts/dejavuserifbi.php [] []
[2022-09-22 17:33:22] defaultLogger.INFO: DejaVuSerif-BoldItalic count = 2 [] []
[2022-09-22 17:33:22] defaultLogger.INFO: /var/www/CRM/src/EcclesiaCRM/utils/../../vendor/tecnickcom/tcpdf/fonts/dejavusans.php [] []
[2022-09-22 17:33:22] defaultLogger.INFO: DejaVuSans count = 2 [] []
[2022-09-22 17:33:22] defaultLogger.INFO: /var/www/CRM/src/EcclesiaCRM/utils/../../vendor/tecnickcom/tcpdf/fonts/dejavusansmono.php [] []
[2022-09-22 17:33:22] defaultLogger.INFO: DejaVuSansMono count = 2 [] []
[2022-09-22 17:33:22] defaultLogger.INFO: /var/www/CRM/src/EcclesiaCRM/utils/../../vendor/tecnickcom/tcpdf/fonts/dejavusansmonoi.php [] []
[2022-09-22 17:33:22] defaultLogger.INFO: DejaVuSansMono-Oblique count = 2 [] []
[2022-09-22 17:33:22] defaultLogger.INFO: /var/www/CRM/src/EcclesiaCRM/utils/../../vendor/tecnickcom/tcpdf/fonts/dejavusansmonob.php [] []
[2022-09-22 17:33:22] defaultLogger.INFO: DejaVuSansMono-Bold count = 2 [] []
[2022-09-22 17:33:22] defaultLogger.INFO: /var/www/CRM/src/EcclesiaCRM/utils/../../vendor/tecnickcom/tcpdf/fonts/dejavusansmonobi.php [] []
[2022-09-22 17:33:22] defaultLogger.INFO: DejaVuSansMono-BoldOblique count = 2 [] []
[2022-09-22 17:33:22] defaultLogger.INFO: /var/www/CRM/src/EcclesiaCRM/utils/../../vendor/tecnickcom/tcpdf/fonts/dejavusansi.php [] []
[2022-09-22 17:33:22] defaultLogger.INFO: DejaVuSans-Oblique count = 2 [] []
[2022-09-22 17:33:22] defaultLogger.INFO: /var/www/CRM/src/EcclesiaCRM/utils/../../vendor/tecnickcom/tcpdf/fonts/dejavusansextralight.php [] []
[2022-09-22 17:33:22] defaultLogger.INFO: DejaVuSans-ExtraLight count = 2 [] []
[2022-09-22 17:33:22] defaultLogger.INFO: /var/www/CRM/src/EcclesiaCRM/utils/../../vendor/tecnickcom/tcpdf/fonts/dejavusanscondensed.php [] []
[2022-09-22 17:33:22] defaultLogger.INFO: DejaVuSansCondensed count = 2 [] []
[2022-09-22 17:33:22] defaultLogger.INFO: /var/www/CRM/src/EcclesiaCRM/utils/../../vendor/tecnickcom/tcpdf/fonts/dejavusanscondensedi.php [] []
[2022-09-22 17:33:22] defaultLogger.INFO: DejaVuSansCondensed-Oblique count = 2 [] []
[2022-09-22 17:33:22] defaultLogger.INFO: /var/www/CRM/src/EcclesiaCRM/utils/../../vendor/tecnickcom/tcpdf/fonts/dejavusanscondensedb.php [] []
[2022-09-22 17:33:22] defaultLogger.INFO: DejaVuSansCondensed-Bold count = 2 [] []
[2022-09-22 17:33:22] defaultLogger.INFO: /var/www/CRM/src/EcclesiaCRM/utils/../../vendor/tecnickcom/tcpdf/fonts/dejavusanscondensedbi.php [] []
[2022-09-22 17:33:22] defaultLogger.INFO: DejaVuSansCondensed-BoldOblique count = 2 [] []
[2022-09-22 17:33:22] defaultLogger.INFO: /var/www/CRM/src/EcclesiaCRM/utils/../../vendor/tecnickcom/tcpdf/fonts/dejavusansb.php [] []
[2022-09-22 17:33:22] defaultLogger.INFO: DejaVuSans-Bold count = 2 [] []
[2022-09-22 17:33:22] defaultLogger.INFO: /var/www/CRM/src/EcclesiaCRM/utils/../../vendor/tecnickcom/tcpdf/fonts/dejavusansbi.php [] []
[2022-09-22 17:33:22] defaultLogger.INFO: DejaVuSans-BoldOblique count = 2 [] []
[2022-09-22 17:33:22] defaultLogger.INFO: /var/www/CRM/src/EcclesiaCRM/utils/../../vendor/tecnickcom/tcpdf/fonts/courier.php [] []
[2022-09-22 17:33:22] defaultLogger.INFO: Courier count = 2 [] []
[2022-09-22 17:33:22] defaultLogger.INFO: /var/www/CRM/src/EcclesiaCRM/utils/../../vendor/tecnickcom/tcpdf/fonts/courieri.php [] []
[2022-09-22 17:33:22] defaultLogger.INFO: Courier-Oblique count = 2 [] []
[2022-09-22 17:33:22] defaultLogger.INFO: /var/www/CRM/src/EcclesiaCRM/utils/../../vendor/tecnickcom/tcpdf/fonts/courierb.php [] []
[2022-09-22 17:33:22] defaultLogger.INFO: Courier-Bold count = 2 [] []
[2022-09-22 17:33:22] defaultLogger.INFO: /var/www/CRM/src/EcclesiaCRM/utils/../../vendor/tecnickcom/tcpdf/fonts/courierbi.php [] []
[2022-09-22 17:33:22] defaultLogger.INFO: Courier-BoldOblique count = 2 [] []
[2022-09-22 17:33:22] defaultLogger.INFO: /var/www/CRM/src/EcclesiaCRM/utils/../../vendor/tecnickcom/tcpdf/fonts/cid0kr.php [] []
[2022-09-22 17:33:22] defaultLogger.INFO: cid0kr count = 2 [] []
[2022-09-22 17:33:22] defaultLogger.INFO: /var/www/CRM/src/EcclesiaCRM/utils/../../vendor/tecnickcom/tcpdf/fonts/cid0jp.php [] []
[2022-09-22 17:33:22] defaultLogger.INFO: cid0jp count = 2 [] []
[2022-09-22 17:33:22] defaultLogger.INFO: /var/www/CRM/src/EcclesiaCRM/utils/../../vendor/tecnickcom/tcpdf/fonts/cid0ct.php [] []
[2022-09-22 17:33:22] defaultLogger.INFO: cid0ct count = 2 [] []
[2022-09-22 17:33:22] defaultLogger.INFO: /var/www/CRM/src/EcclesiaCRM/utils/../../vendor/tecnickcom/tcpdf/fonts/cid0cs.php [] []
[2022-09-22 17:33:22] defaultLogger.INFO: cid0cs count = 2 [] []
[2022-09-22 17:33:22] defaultLogger.INFO: /var/www/CRM/src/EcclesiaCRM/utils/../../vendor/tecnickcom/tcpdf/fonts/aefurat.php [] []
[2022-09-22 17:33:22] defaultLogger.INFO: Furat count = 2 [] []
[2022-09-22 17:33:22] defaultLogger.INFO: /var/www/CRM/src/EcclesiaCRM/utils/../../vendor/tecnickcom/tcpdf/fonts/aealarabiya.php [] []
[2022-09-22 17:33:22] defaultLogger.INFO: AlArabiya count = 2 [] []
[2022-09-22 17:38:16] defaultLogger.INFO: /var/www/CRM/src/EcclesiaCRM/utils/../../vendor/tecnickcom/tcpdf/fonts/zapfdingbats.php [] []
[2022-09-22 17:38:16] defaultLogger.INFO: ZapfDingbats count = 2 [] []
[2022-09-22 17:38:16] defaultLogger.INFO: /var/www/CRM/src/EcclesiaCRM/utils/../../vendor/tecnickcom/tcpdf/fonts/uni2cid_ak12.php [] []
[2022-09-22 17:38:16] defaultLogger.INFO: /var/www/CRM/src/EcclesiaCRM/utils/../../vendor/tecnickcom/tcpdf/fonts/uni2cid_aj16.php [] []
[2022-09-22 17:38:16] defaultLogger.INFO: /var/www/CRM/src/EcclesiaCRM/utils/../../vendor/tecnickcom/tcpdf/fonts/uni2cid_ag15.php [] []
[2022-09-22 17:38:16] defaultLogger.INFO: /var/www/CRM/src/EcclesiaCRM/utils/../../vendor/tecnickcom/tcpdf/fonts/uni2cid_ac15.php [] []
[2022-09-22 17:38:16] defaultLogger.INFO: /var/www/CRM/src/EcclesiaCRM/utils/../../vendor/tecnickcom/tcpdf/fonts/times.php [] []
[2022-09-22 17:38:16] defaultLogger.INFO: Times-Roman count = 2 [] []
[2022-09-22 17:38:16] defaultLogger.INFO: /var/www/CRM/src/EcclesiaCRM/utils/../../vendor/tecnickcom/tcpdf/fonts/timesi.php [] []
[2022-09-22 17:38:16] defaultLogger.INFO: Times-Italic count = 2 [] []
[2022-09-22 17:38:16] defaultLogger.INFO: /var/www/CRM/src/EcclesiaCRM/utils/../../vendor/tecnickcom/tcpdf/fonts/timesb.php [] []
[2022-09-22 17:38:16] defaultLogger.INFO: Times-Bold count = 2 [] []
[2022-09-22 17:38:16] defaultLogger.INFO: /var/www/CRM/src/EcclesiaCRM/utils/../../vendor/tecnickcom/tcpdf/fonts/timesbi.php [] []
[2022-09-22 17:38:16] defaultLogger.INFO: Times-BoldItalic count = 2 [] []
[2022-09-22 17:38:16] defaultLogger.INFO: /var/www/CRM/src/EcclesiaCRM/utils/../../vendor/tecnickcom/tcpdf/fonts/symbol.php [] []
[2022-09-22 17:38:16] defaultLogger.INFO: Symbol count = 2 [] []
[2022-09-22 17:38:16] defaultLogger.INFO: /var/www/CRM/src/EcclesiaCRM/utils/../../vendor/tecnickcom/tcpdf/fonts/stsongstdlight.php [] []
[2022-09-22 17:38:16] defaultLogger.INFO: /var/www/CRM/src/EcclesiaCRM/utils/../../vendor/tecnickcom/tcpdf/fonts/pdfazapfdingbats.php [] []
[2022-09-22 17:38:16] defaultLogger.INFO: PDFAZapfdingbats count = 2 [] []
[2022-09-22 17:38:16] defaultLogger.INFO: /var/www/CRM/src/EcclesiaCRM/utils/../../vendor/tecnickcom/tcpdf/fonts/pdfatimes.php [] []
[2022-09-22 17:38:16] defaultLogger.INFO: PDFATimes count = 2 [] []
[2022-09-22 17:38:16] defaultLogger.INFO: /var/www/CRM/src/EcclesiaCRM/utils/../../vendor/tecnickcom/tcpdf/fonts/pdfatimesi.php [] []
[2022-09-22 17:38:16] defaultLogger.INFO: PDFATimesItalic count = 2 [] []
[2022-09-22 17:38:16] defaultLogger.INFO: /var/www/CRM/src/EcclesiaCRM/utils/../../vendor/tecnickcom/tcpdf/fonts/pdfatimesb.php [] []
[2022-09-22 17:38:16] defaultLogger.INFO: PDFATimesBold count = 2 [] []
[2022-09-22 17:38:16] defaultLogger.INFO: /var/www/CRM/src/EcclesiaCRM/utils/../../vendor/tecnickcom/tcpdf/fonts/pdfatimesbi.php [] []
[2022-09-22 17:38:16] defaultLogger.INFO: PDFATimesBoldItalic count = 2 [] []
[2022-09-22 17:38:16] defaultLogger.INFO: /var/www/CRM/src/EcclesiaCRM/utils/../../vendor/tecnickcom/tcpdf/fonts/pdfasymbol.php [] []
[2022-09-22 17:38:16] defaultLogger.INFO: PDFASymbol count = 2 [] []
[2022-09-22 17:38:16] defaultLogger.INFO: /var/www/CRM/src/EcclesiaCRM/utils/../../vendor/tecnickcom/tcpdf/fonts/pdfahelvetica.php [] []
[2022-09-22 17:38:16] defaultLogger.INFO: PDFAHelvetica count = 2 [] []
[2022-09-22 17:38:16] defaultLogger.INFO: /var/www/CRM/src/EcclesiaCRM/utils/../../vendor/tecnickcom/tcpdf/fonts/pdfahelveticai.php [] []
[2022-09-22 17:38:16] defaultLogger.INFO: PDFAHelveticaOblique count = 2 [] []
[2022-09-22 17:38:16] defaultLogger.INFO: /var/www/CRM/src/EcclesiaCRM/utils/../../vendor/tecnickcom/tcpdf/fonts/pdfahelveticab.php [] []
[2022-09-22 17:38:16] defaultLogger.INFO: PDFAHelveticaBold count = 2 [] []
[2022-09-22 17:38:16] defaultLogger.INFO: /var/www/CRM/src/EcclesiaCRM/utils/../../vendor/tecnickcom/tcpdf/fonts/pdfahelveticabi.php [] []
[2022-09-22 17:38:16] defaultLogger.INFO: PDFAHelveticaBoldOblique count = 2 [] []
[2022-09-22 17:38:16] defaultLogger.INFO: /var/www/CRM/src/EcclesiaCRM/utils/../../vendor/tecnickcom/tcpdf/fonts/pdfacourier.php [] []
[2022-09-22 17:38:16] defaultLogger.INFO: PDFACourier count = 2 [] []
[2022-09-22 17:38:16] defaultLogger.INFO: /var/www/CRM/src/EcclesiaCRM/utils/../../vendor/tecnickcom/tcpdf/fonts/pdfacourieri.php [] []
[2022-09-22 17:38:16] defaultLogger.INFO: PDFACourierOblique count = 2 [] []
[2022-09-22 17:38:16] defaultLogger.INFO: /var/www/CRM/src/EcclesiaCRM/utils/../../vendor/tecnickcom/tcpdf/fonts/pdfacourierb.php [] []
[2022-09-22 17:38:16] defaultLogger.INFO: PDFACourierBold count = 2 [] []
[2022-09-22 17:38:16] defaultLogger.INFO: /var/www/CRM/src/EcclesiaCRM/utils/../../vendor/tecnickcom/tcpdf/fonts/pdfacourierbi.php [] []
[2022-09-22 17:38:16] defaultLogger.INFO: PDFACourierBoldOblique count = 2 [] []
[2022-09-22 17:38:16] defaultLogger.INFO: /var/www/CRM/src/EcclesiaCRM/utils/../../vendor/tecnickcom/tcpdf/fonts/msungstdlight.php [] []
[2022-09-22 17:38:16] defaultLogger.INFO: /var/www/CRM/src/EcclesiaCRM/utils/../../vendor/tecnickcom/tcpdf/fonts/kozminproregular.php [] []
[2022-09-22 17:38:16] defaultLogger.INFO: /var/www/CRM/src/EcclesiaCRM/utils/../../vendor/tecnickcom/tcpdf/fonts/kozgopromedium.php [] []
[2022-09-22 17:38:16] defaultLogger.INFO: /var/www/CRM/src/EcclesiaCRM/utils/../../vendor/tecnickcom/tcpdf/fonts/hysmyeongjostdmedium.php [] []
[2022-09-22 17:38:16] defaultLogger.INFO: HYSMyeongJoStd-Medium-Acro count = 2 [] []
[2022-09-22 17:38:16] defaultLogger.INFO: /var/www/CRM/src/EcclesiaCRM/utils/../../vendor/tecnickcom/tcpdf/fonts/helvetica.php [] []
[2022-09-22 17:38:16] defaultLogger.INFO: Helvetica count = 2 [] []
[2022-09-22 17:38:16] defaultLogger.INFO: /var/www/CRM/src/EcclesiaCRM/utils/../../vendor/tecnickcom/tcpdf/fonts/helveticai.php [] []
[2022-09-22 17:38:16] defaultLogger.INFO: Helvetica-Oblique count = 2 [] []
[2022-09-22 17:38:16] defaultLogger.INFO: /var/www/CRM/src/EcclesiaCRM/utils/../../vendor/tecnickcom/tcpdf/fonts/helveticab.php [] []
[2022-09-22 17:38:16] defaultLogger.INFO: Helvetica-Bold count = 2 [] []
[2022-09-22 17:38:16] defaultLogger.INFO: /var/www/CRM/src/EcclesiaCRM/utils/../../vendor/tecnickcom/tcpdf/fonts/helveticabi.php [] []
[2022-09-22 17:38:16] defaultLogger.INFO: Helvetica-BoldOblique count = 2 [] []
[2022-09-22 17:38:16] defaultLogger.INFO: /var/www/CRM/src/EcclesiaCRM/utils/../../vendor/tecnickcom/tcpdf/fonts/freeserif.php [] []
[2022-09-22 17:38:16] defaultLogger.INFO: FreeSerif count = 2 [] []
[2022-09-22 17:38:16] defaultLogger.INFO: /var/www/CRM/src/EcclesiaCRM/utils/../../vendor/tecnickcom/tcpdf/fonts/freeserifi.php [] []
[2022-09-22 17:38:16] defaultLogger.INFO: FreeSerifItalic count = 2 [] []
[2022-09-22 17:38:16] defaultLogger.INFO: /var/www/CRM/src/EcclesiaCRM/utils/../../vendor/tecnickcom/tcpdf/fonts/freeserifb.php [] []
[2022-09-22 17:38:16] defaultLogger.INFO: FreeSerifBold count = 2 [] []
[2022-09-22 17:38:16] defaultLogger.INFO: /var/www/CRM/src/EcclesiaCRM/utils/../../vendor/tecnickcom/tcpdf/fonts/freeserifbi.php [] []
[2022-09-22 17:38:16] defaultLogger.INFO: FreeSerifBoldItalic count = 2 [] []
[2022-09-22 17:38:16] defaultLogger.INFO: /var/www/CRM/src/EcclesiaCRM/utils/../../vendor/tecnickcom/tcpdf/fonts/freesans.php [] []
[2022-09-22 17:38:16] defaultLogger.INFO: FreeSans count = 2 [] []
[2022-09-22 17:38:16] defaultLogger.INFO: /var/www/CRM/src/EcclesiaCRM/utils/../../vendor/tecnickcom/tcpdf/fonts/freesansi.php [] []
[2022-09-22 17:38:16] defaultLogger.INFO: FreeSansOblique count = 2 [] []
[2022-09-22 17:38:16] defaultLogger.INFO: /var/www/CRM/src/EcclesiaCRM/utils/../../vendor/tecnickcom/tcpdf/fonts/freesansb.php [] []
[2022-09-22 17:38:16] defaultLogger.INFO: FreeSansBold count = 2 [] []
[2022-09-22 17:38:16] defaultLogger.INFO: /var/www/CRM/src/EcclesiaCRM/utils/../../vendor/tecnickcom/tcpdf/fonts/freesansbi.php [] []
[2022-09-22 17:38:16] defaultLogger.INFO: FreeSansBoldOblique count = 2 [] []
[2022-09-22 17:38:16] defaultLogger.INFO: /var/www/CRM/src/EcclesiaCRM/utils/../../vendor/tecnickcom/tcpdf/fonts/freemono.php [] []
[2022-09-22 17:38:16] defaultLogger.INFO: FreeMono count = 2 [] []
[2022-09-22 17:38:16] defaultLogger.INFO: /var/www/CRM/src/EcclesiaCRM/utils/../../vendor/tecnickcom/tcpdf/fonts/freemonoi.php [] []
[2022-09-22 17:38:16] defaultLogger.INFO: FreeMonoOblique count = 2 [] []
[2022-09-22 17:38:16] defaultLogger.INFO: /var/www/CRM/src/EcclesiaCRM/utils/../../vendor/tecnickcom/tcpdf/fonts/freemonob.php [] []
[2022-09-22 17:38:16] defaultLogger.INFO: FreeMonoBold count = 2 [] []
[2022-09-22 17:38:16] defaultLogger.INFO: /var/www/CRM/src/EcclesiaCRM/utils/../../vendor/tecnickcom/tcpdf/fonts/freemonobi.php [] []
[2022-09-22 17:38:16] defaultLogger.INFO: FreeMonoBoldOblique count = 2 [] []
[2022-09-22 17:38:16] defaultLogger.INFO: /var/www/CRM/src/EcclesiaCRM/utils/../../vendor/tecnickcom/tcpdf/fonts/dejavuserif.php [] []
[2022-09-22 17:38:16] defaultLogger.INFO: DejaVuSerif count = 2 [] []
[2022-09-22 17:38:16] defaultLogger.INFO: /var/www/CRM/src/EcclesiaCRM/utils/../../vendor/tecnickcom/tcpdf/fonts/dejavuserifi.php [] []
[2022-09-22 17:38:16] defaultLogger.INFO: DejaVuSerif-Italic count = 2 [] []
[2022-09-22 17:38:16] defaultLogger.INFO: /var/www/CRM/src/EcclesiaCRM/utils/../../vendor/tecnickcom/tcpdf/fonts/dejavuserifcondensed.php [] []
[2022-09-22 17:38:16] defaultLogger.INFO: DejaVuSerifCondensed count = 2 [] []
[2022-09-22 17:38:16] defaultLogger.INFO: /var/www/CRM/src/EcclesiaCRM/utils/../../vendor/tecnickcom/tcpdf/fonts/dejavuserifcondensedi.php [] []
[2022-09-22 17:38:16] defaultLogger.INFO: DejaVuSerifCondensed-Italic count = 2 [] []
[2022-09-22 17:38:16] defaultLogger.INFO: /var/www/CRM/src/EcclesiaCRM/utils/../../vendor/tecnickcom/tcpdf/fonts/dejavuserifcondensedb.php [] []
[2022-09-22 17:38:16] defaultLogger.INFO: DejaVuSerifCondensed-Bold count = 2 [] []
[2022-09-22 17:38:16] defaultLogger.INFO: /var/www/CRM/src/EcclesiaCRM/utils/../../vendor/tecnickcom/tcpdf/fonts/dejavuserifcondensedbi.php [] []
[2022-09-22 17:38:16] defaultLogger.INFO: DejaVuSerifCondensed-BoldItalic count = 2 [] []
[2022-09-22 17:38:16] defaultLogger.INFO: /var/www/CRM/src/EcclesiaCRM/utils/../../vendor/tecnickcom/tcpdf/fonts/dejavuserifb.php [] []
[2022-09-22 17:38:16] defaultLogger.INFO: DejaVuSerif-Bold count = 2 [] []
[2022-09-22 17:38:16] defaultLogger.INFO: /var/www/CRM/src/EcclesiaCRM/utils/../../vendor/tecnickcom/tcpdf/fonts/dejavuserifbi.php [] []
[2022-09-22 17:38:16] defaultLogger.INFO: DejaVuSerif-BoldItalic count = 2 [] []
[2022-09-22 17:38:16] defaultLogger.INFO: /var/www/CRM/src/EcclesiaCRM/utils/../../vendor/tecnickcom/tcpdf/fonts/dejavusans.php [] []
[2022-09-22 17:38:16] defaultLogger.INFO: DejaVuSans count = 2 [] []
[2022-09-22 17:38:16] defaultLogger.INFO: /var/www/CRM/src/EcclesiaCRM/utils/../../vendor/tecnickcom/tcpdf/fonts/dejavusansmono.php [] []
[2022-09-22 17:38:16] defaultLogger.INFO: DejaVuSansMono count = 2 [] []
[2022-09-22 17:38:16] defaultLogger.INFO: /var/www/CRM/src/EcclesiaCRM/utils/../../vendor/tecnickcom/tcpdf/fonts/dejavusansmonoi.php [] []
[2022-09-22 17:38:16] defaultLogger.INFO: DejaVuSansMono-Oblique count = 2 [] []
[2022-09-22 17:38:16] defaultLogger.INFO: /var/www/CRM/src/EcclesiaCRM/utils/../../vendor/tecnickcom/tcpdf/fonts/dejavusansmonob.php [] []
[2022-09-22 17:38:16] defaultLogger.INFO: DejaVuSansMono-Bold count = 2 [] []
[2022-09-22 17:38:16] defaultLogger.INFO: /var/www/CRM/src/EcclesiaCRM/utils/../../vendor/tecnickcom/tcpdf/fonts/dejavusansmonobi.php [] []
[2022-09-22 17:38:16] defaultLogger.INFO: DejaVuSansMono-BoldOblique count = 2 [] []
[2022-09-22 17:38:16] defaultLogger.INFO: /var/www/CRM/src/EcclesiaCRM/utils/../../vendor/tecnickcom/tcpdf/fonts/dejavusansi.php [] []
[2022-09-22 17:38:16] defaultLogger.INFO: DejaVuSans-Oblique count = 2 [] []
[2022-09-22 17:38:16] defaultLogger.INFO: /var/www/CRM/src/EcclesiaCRM/utils/../../vendor/tecnickcom/tcpdf/fonts/dejavusansextralight.php [] []
[2022-09-22 17:38:16] defaultLogger.INFO: DejaVuSans-ExtraLight count = 2 [] []
[2022-09-22 17:38:16] defaultLogger.INFO: /var/www/CRM/src/EcclesiaCRM/utils/../../vendor/tecnickcom/tcpdf/fonts/dejavusanscondensed.php [] []
[2022-09-22 17:38:16] defaultLogger.INFO: DejaVuSansCondensed count = 2 [] []
[2022-09-22 17:38:16] defaultLogger.INFO: /var/www/CRM/src/EcclesiaCRM/utils/../../vendor/tecnickcom/tcpdf/fonts/dejavusanscondensedi.php [] []
[2022-09-22 17:38:16] defaultLogger.INFO: DejaVuSansCondensed-Oblique count = 2 [] []
[2022-09-22 17:38:16] defaultLogger.INFO: /var/www/CRM/src/EcclesiaCRM/utils/../../vendor/tecnickcom/tcpdf/fonts/dejavusanscondensedb.php [] []
[2022-09-22 17:38:16] defaultLogger.INFO: DejaVuSansCondensed-Bold count = 2 [] []
[2022-09-22 17:38:16] defaultLogger.INFO: /var/www/CRM/src/EcclesiaCRM/utils/../../vendor/tecnickcom/tcpdf/fonts/dejavusanscondensedbi.php [] []
[2022-09-22 17:38:16] defaultLogger.INFO: DejaVuSansCondensed-BoldOblique count = 2 [] []
[2022-09-22 17:38:16] defaultLogger.INFO: /var/www/CRM/src/EcclesiaCRM/utils/../../vendor/tecnickcom/tcpdf/fonts/dejavusansb.php [] []
[2022-09-22 17:38:16] defaultLogger.INFO: DejaVuSans-Bold count = 2 [] []
[2022-09-22 17:38:16] defaultLogger.INFO: /var/www/CRM/src/EcclesiaCRM/utils/../../vendor/tecnickcom/tcpdf/fonts/dejavusansbi.php [] []
[2022-09-22 17:38:16] defaultLogger.INFO: DejaVuSans-BoldOblique count = 2 [] []
[2022-09-22 17:38:16] defaultLogger.INFO: /var/www/CRM/src/EcclesiaCRM/utils/../../vendor/tecnickcom/tcpdf/fonts/courier.php [] []
[2022-09-22 17:38:16] defaultLogger.INFO: Courier count = 2 [] []
[2022-09-22 17:38:16] defaultLogger.INFO: /var/www/CRM/src/EcclesiaCRM/utils/../../vendor/tecnickcom/tcpdf/fonts/courieri.php [] []
[2022-09-22 17:38:16] defaultLogger.INFO: Courier-Oblique count = 2 [] []
[2022-09-22 17:38:16] defaultLogger.INFO: /var/www/CRM/src/EcclesiaCRM/utils/../../vendor/tecnickcom/tcpdf/fonts/courierb.php [] []
[2022-09-22 17:38:16] defaultLogger.INFO: Courier-Bold count = 2 [] []
[2022-09-22 17:38:16] defaultLogger.INFO: /var/www/CRM/src/EcclesiaCRM/utils/../../vendor/tecnickcom/tcpdf/fonts/courierbi.php [] []
[2022-09-22 17:38:16] defaultLogger.INFO: Courier-BoldOblique count = 2 [] []
[2022-09-22 17:38:16] defaultLogger.INFO: /var/www/CRM/src/EcclesiaCRM/utils/../../vendor/tecnickcom/tcpdf/fonts/cid0kr.php [] []
[2022-09-22 17:38:16] defaultLogger.INFO: cid0kr count = 2 [] []
[2022-09-22 17:38:16] defaultLogger.INFO: /var/www/CRM/src/EcclesiaCRM/utils/../../vendor/tecnickcom/tcpdf/fonts/cid0jp.php [] []
[2022-09-22 17:38:16] defaultLogger.INFO: cid0jp count = 2 [] []
[2022-09-22 17:38:16] defaultLogger.INFO: /var/www/CRM/src/EcclesiaCRM/utils/../../vendor/tecnickcom/tcpdf/fonts/cid0ct.php [] []
[2022-09-22 17:38:16] defaultLogger.INFO: cid0ct count = 2 [] []
[2022-09-22 17:38:16] defaultLogger.INFO: /var/www/CRM/src/EcclesiaCRM/utils/../../vendor/tecnickcom/tcpdf/fonts/cid0cs.php [] []
[2022-09-22 17:38:16] defaultLogger.INFO: cid0cs count = 2 [] []
[2022-09-22 17:38:16] defaultLogger.INFO: /var/www/CRM/src/EcclesiaCRM/utils/../../vendor/tecnickcom/tcpdf/fonts/aefurat.php [] []
[2022-09-22 17:38:16] defaultLogger.INFO: Furat count = 2 [] []
[2022-09-22 17:38:16] defaultLogger.INFO: /var/www/CRM/src/EcclesiaCRM/utils/../../vendor/tecnickcom/tcpdf/fonts/aealarabiya.php [] []
[2022-09-22 17:38:16] defaultLogger.INFO: AlArabiya count = 2 [] []
[2022-09-22 17:38:20] defaultLogger.INFO: /var/www/CRM/src/EcclesiaCRM/utils/../../vendor/tecnickcom/tcpdf/fonts/zapfdingbats.php [] []
[2022-09-22 17:38:20] defaultLogger.INFO: ZapfDingbats count = 2 [] []
[2022-09-22 17:38:20] defaultLogger.INFO: /var/www/CRM/src/EcclesiaCRM/utils/../../vendor/tecnickcom/tcpdf/fonts/uni2cid_ak12.php [] []
[2022-09-22 17:38:20] defaultLogger.INFO: /var/www/CRM/src/EcclesiaCRM/utils/../../vendor/tecnickcom/tcpdf/fonts/uni2cid_aj16.php [] []
[2022-09-22 17:38:20] defaultLogger.INFO: /var/www/CRM/src/EcclesiaCRM/utils/../../vendor/tecnickcom/tcpdf/fonts/uni2cid_ag15.php [] []
[2022-09-22 17:38:20] defaultLogger.INFO: /var/www/CRM/src/EcclesiaCRM/utils/../../vendor/tecnickcom/tcpdf/fonts/uni2cid_ac15.php [] []
[2022-09-22 17:38:20] defaultLogger.INFO: /var/www/CRM/src/EcclesiaCRM/utils/../../vendor/tecnickcom/tcpdf/fonts/times.php [] []
[2022-09-22 17:38:20] defaultLogger.INFO: Times-Roman count = 2 [] []
[2022-09-22 17:38:20] defaultLogger.INFO: /var/www/CRM/src/EcclesiaCRM/utils/../../vendor/tecnickcom/tcpdf/fonts/timesi.php [] []
[2022-09-22 17:38:20] defaultLogger.INFO: Times-Italic count = 2 [] []
[2022-09-22 17:38:20] defaultLogger.INFO: /var/www/CRM/src/EcclesiaCRM/utils/../../vendor/tecnickcom/tcpdf/fonts/timesb.php [] []
[2022-09-22 17:38:20] defaultLogger.INFO: Times-Bold count = 2 [] []
[2022-09-22 17:38:20] defaultLogger.INFO: /var/www/CRM/src/EcclesiaCRM/utils/../../vendor/tecnickcom/tcpdf/fonts/timesbi.php [] []
[2022-09-22 17:38:20] defaultLogger.INFO: Times-BoldItalic count = 2 [] []
[2022-09-22 17:38:20] defaultLogger.INFO: /var/www/CRM/src/EcclesiaCRM/utils/../../vendor/tecnickcom/tcpdf/fonts/symbol.php [] []
[2022-09-22 17:38:20] defaultLogger.INFO: Symbol count = 2 [] []
[2022-09-22 17:38:20] defaultLogger.INFO: /var/www/CRM/src/EcclesiaCRM/utils/../../vendor/tecnickcom/tcpdf/fonts/stsongstdlight.php [] []
[2022-09-22 17:38:20] defaultLogger.INFO: /var/www/CRM/src/EcclesiaCRM/utils/../../vendor/tecnickcom/tcpdf/fonts/pdfazapfdingbats.php [] []
[2022-09-22 17:38:20] defaultLogger.INFO: PDFAZapfdingbats count = 2 [] []
[2022-09-22 17:38:20] defaultLogger.INFO: /var/www/CRM/src/EcclesiaCRM/utils/../../vendor/tecnickcom/tcpdf/fonts/pdfatimes.php [] []
[2022-09-22 17:38:20] defaultLogger.INFO: PDFATimes count = 2 [] []
[2022-09-22 17:38:20] defaultLogger.INFO: /var/www/CRM/src/EcclesiaCRM/utils/../../vendor/tecnickcom/tcpdf/fonts/pdfatimesi.php [] []
[2022-09-22 17:38:20] defaultLogger.INFO: PDFATimesItalic count = 2 [] []
[2022-09-22 17:38:20] defaultLogger.INFO: /var/www/CRM/src/EcclesiaCRM/utils/../../vendor/tecnickcom/tcpdf/fonts/pdfatimesb.php [] []
[2022-09-22 17:38:20] defaultLogger.INFO: PDFATimesBold count = 2 [] []
[2022-09-22 17:38:20] defaultLogger.INFO: /var/www/CRM/src/EcclesiaCRM/utils/../../vendor/tecnickcom/tcpdf/fonts/pdfatimesbi.php [] []
[2022-09-22 17:38:20] defaultLogger.INFO: PDFATimesBoldItalic count = 2 [] []
[2022-09-22 17:38:20] defaultLogger.INFO: /var/www/CRM/src/EcclesiaCRM/utils/../../vendor/tecnickcom/tcpdf/fonts/pdfasymbol.php [] []
[2022-09-22 17:38:20] defaultLogger.INFO: PDFASymbol count = 2 [] []
[2022-09-22 17:38:20] defaultLogger.INFO: /var/www/CRM/src/EcclesiaCRM/utils/../../vendor/tecnickcom/tcpdf/fonts/pdfahelvetica.php [] []
[2022-09-22 17:38:20] defaultLogger.INFO: PDFAHelvetica count = 2 [] []
[2022-09-22 17:38:20] defaultLogger.INFO: /var/www/CRM/src/EcclesiaCRM/utils/../../vendor/tecnickcom/tcpdf/fonts/pdfahelveticai.php [] []
[2022-09-22 17:38:20] defaultLogger.INFO: PDFAHelveticaOblique count = 2 [] []
[2022-09-22 17:38:20] defaultLogger.INFO: /var/www/CRM/src/EcclesiaCRM/utils/../../vendor/tecnickcom/tcpdf/fonts/pdfahelveticab.php [] []
[2022-09-22 17:38:20] defaultLogger.INFO: PDFAHelveticaBold count = 2 [] []
[2022-09-22 17:38:20] defaultLogger.INFO: /var/www/CRM/src/EcclesiaCRM/utils/../../vendor/tecnickcom/tcpdf/fonts/pdfahelveticabi.php [] []
[2022-09-22 17:38:20] defaultLogger.INFO: PDFAHelveticaBoldOblique count = 2 [] []
[2022-09-22 17:38:20] defaultLogger.INFO: /var/www/CRM/src/EcclesiaCRM/utils/../../vendor/tecnickcom/tcpdf/fonts/pdfacourier.php [] []
[2022-09-22 17:38:20] defaultLogger.INFO: PDFACourier count = 2 [] []
[2022-09-22 17:38:20] defaultLogger.INFO: /var/www/CRM/src/EcclesiaCRM/utils/../../vendor/tecnickcom/tcpdf/fonts/pdfacourieri.php [] []
[2022-09-22 17:38:20] defaultLogger.INFO: PDFACourierOblique count = 2 [] []
[2022-09-22 17:38:20] defaultLogger.INFO: /var/www/CRM/src/EcclesiaCRM/utils/../../vendor/tecnickcom/tcpdf/fonts/pdfacourierb.php [] []
[2022-09-22 17:38:20] defaultLogger.INFO: PDFACourierBold count = 2 [] []
[2022-09-22 17:38:20] defaultLogger.INFO: /var/www/CRM/src/EcclesiaCRM/utils/../../vendor/tecnickcom/tcpdf/fonts/pdfacourierbi.php [] []
[2022-09-22 17:38:20] defaultLogger.INFO: PDFACourierBoldOblique count = 2 [] []
[2022-09-22 17:38:20] defaultLogger.INFO: /var/www/CRM/src/EcclesiaCRM/utils/../../vendor/tecnickcom/tcpdf/fonts/msungstdlight.php [] []
[2022-09-22 17:38:20] defaultLogger.INFO: /var/www/CRM/src/EcclesiaCRM/utils/../../vendor/tecnickcom/tcpdf/fonts/kozminproregular.php [] []
[2022-09-22 17:38:20] defaultLogger.INFO: /var/www/CRM/src/EcclesiaCRM/utils/../../vendor/tecnickcom/tcpdf/fonts/kozgopromedium.php [] []
[2022-09-22 17:38:20] defaultLogger.INFO: /var/www/CRM/src/EcclesiaCRM/utils/../../vendor/tecnickcom/tcpdf/fonts/hysmyeongjostdmedium.php [] []
[2022-09-22 17:38:20] defaultLogger.INFO: HYSMyeongJoStd-Medium-Acro count = 2 [] []
[2022-09-22 17:38:20] defaultLogger.INFO: /var/www/CRM/src/EcclesiaCRM/utils/../../vendor/tecnickcom/tcpdf/fonts/helvetica.php [] []
[2022-09-22 17:38:20] defaultLogger.INFO: Helvetica count = 2 [] []
[2022-09-22 17:38:20] defaultLogger.INFO: /var/www/CRM/src/EcclesiaCRM/utils/../../vendor/tecnickcom/tcpdf/fonts/helveticai.php [] []
[2022-09-22 17:38:20] defaultLogger.INFO: Helvetica-Oblique count = 2 [] []
[2022-09-22 17:38:20] defaultLogger.INFO: /var/www/CRM/src/EcclesiaCRM/utils/../../vendor/tecnickcom/tcpdf/fonts/helveticab.php [] []
[2022-09-22 17:38:20] defaultLogger.INFO: Helvetica-Bold count = 2 [] []
[2022-09-22 17:38:20] defaultLogger.INFO: /var/www/CRM/src/EcclesiaCRM/utils/../../vendor/tecnickcom/tcpdf/fonts/helveticabi.php [] []
[2022-09-22 17:38:20] defaultLogger.INFO: Helvetica-BoldOblique count = 2 [] []
[2022-09-22 17:38:20] defaultLogger.INFO: /var/www/CRM/src/EcclesiaCRM/utils/../../vendor/tecnickcom/tcpdf/fonts/freeserif.php [] []
[2022-09-22 17:38:20] defaultLogger.INFO: FreeSerif count = 2 [] []
[2022-09-22 17:38:20] defaultLogger.INFO: /var/www/CRM/src/EcclesiaCRM/utils/../../vendor/tecnickcom/tcpdf/fonts/freeserifi.php [] []
[2022-09-22 17:38:20] defaultLogger.INFO: FreeSerifItalic count = 2 [] []
[2022-09-22 17:38:20] defaultLogger.INFO: /var/www/CRM/src/EcclesiaCRM/utils/../../vendor/tecnickcom/tcpdf/fonts/freeserifb.php [] []
[2022-09-22 17:38:20] defaultLogger.INFO: FreeSerifBold count = 2 [] []
[2022-09-22 17:38:20] defaultLogger.INFO: /var/www/CRM/src/EcclesiaCRM/utils/../../vendor/tecnickcom/tcpdf/fonts/freeserifbi.php [] []
[2022-09-22 17:38:20] defaultLogger.INFO: FreeSerifBoldItalic count = 2 [] []
[2022-09-22 17:38:20] defaultLogger.INFO: /var/www/CRM/src/EcclesiaCRM/utils/../../vendor/tecnickcom/tcpdf/fonts/freesans.php [] []
[2022-09-22 17:38:20] defaultLogger.INFO: FreeSans count = 2 [] []
[2022-09-22 17:38:20] defaultLogger.INFO: /var/www/CRM/src/EcclesiaCRM/utils/../../vendor/tecnickcom/tcpdf/fonts/freesansi.php [] []
[2022-09-22 17:38:20] defaultLogger.INFO: FreeSansOblique count = 2 [] []
[2022-09-22 17:38:20] defaultLogger.INFO: /var/www/CRM/src/EcclesiaCRM/utils/../../vendor/tecnickcom/tcpdf/fonts/freesansb.php [] []
[2022-09-22 17:38:20] defaultLogger.INFO: FreeSansBold count = 2 [] []
[2022-09-22 17:38:20] defaultLogger.INFO: /var/www/CRM/src/EcclesiaCRM/utils/../../vendor/tecnickcom/tcpdf/fonts/freesansbi.php [] []
[2022-09-22 17:38:20] defaultLogger.INFO: FreeSansBoldOblique count = 2 [] []
[2022-09-22 17:38:20] defaultLogger.INFO: /var/www/CRM/src/EcclesiaCRM/utils/../../vendor/tecnickcom/tcpdf/fonts/freemono.php [] []
[2022-09-22 17:38:20] defaultLogger.INFO: FreeMono count = 2 [] []
[2022-09-22 17:38:20] defaultLogger.INFO: /var/www/CRM/src/EcclesiaCRM/utils/../../vendor/tecnickcom/tcpdf/fonts/freemonoi.php [] []
[2022-09-22 17:38:20] defaultLogger.INFO: FreeMonoOblique count = 2 [] []
[2022-09-22 17:38:20] defaultLogger.INFO: /var/www/CRM/src/EcclesiaCRM/utils/../../vendor/tecnickcom/tcpdf/fonts/freemonob.php [] []
[2022-09-22 17:38:20] defaultLogger.INFO: FreeMonoBold count = 2 [] []
[2022-09-22 17:38:20] defaultLogger.INFO: /var/www/CRM/src/EcclesiaCRM/utils/../../vendor/tecnickcom/tcpdf/fonts/freemonobi.php [] []
[2022-09-22 17:38:20] defaultLogger.INFO: FreeMonoBoldOblique count = 2 [] []
[2022-09-22 17:38:20] defaultLogger.INFO: /var/www/CRM/src/EcclesiaCRM/utils/../../vendor/tecnickcom/tcpdf/fonts/dejavuserif.php [] []
[2022-09-22 17:38:20] defaultLogger.INFO: DejaVuSerif count = 2 [] []
[2022-09-22 17:38:20] defaultLogger.INFO: /var/www/CRM/src/EcclesiaCRM/utils/../../vendor/tecnickcom/tcpdf/fonts/dejavuserifi.php [] []
[2022-09-22 17:38:20] defaultLogger.INFO: DejaVuSerif-Italic count = 2 [] []
[2022-09-22 17:38:20] defaultLogger.INFO: /var/www/CRM/src/EcclesiaCRM/utils/../../vendor/tecnickcom/tcpdf/fonts/dejavuserifcondensed.php [] []
[2022-09-22 17:38:20] defaultLogger.INFO: DejaVuSerifCondensed count = 2 [] []
[2022-09-22 17:38:20] defaultLogger.INFO: /var/www/CRM/src/EcclesiaCRM/utils/../../vendor/tecnickcom/tcpdf/fonts/dejavuserifcondensedi.php [] []
[2022-09-22 17:38:20] defaultLogger.INFO: DejaVuSerifCondensed-Italic count = 2 [] []
[2022-09-22 17:38:20] defaultLogger.INFO: /var/www/CRM/src/EcclesiaCRM/utils/../../vendor/tecnickcom/tcpdf/fonts/dejavuserifcondensedb.php [] []
[2022-09-22 17:38:20] defaultLogger.INFO: DejaVuSerifCondensed-Bold count = 2 [] []
[2022-09-22 17:38:20] defaultLogger.INFO: /var/www/CRM/src/EcclesiaCRM/utils/../../vendor/tecnickcom/tcpdf/fonts/dejavuserifcondensedbi.php [] []
[2022-09-22 17:38:20] defaultLogger.INFO: DejaVuSerifCondensed-BoldItalic count = 2 [] []
[2022-09-22 17:38:20] defaultLogger.INFO: /var/www/CRM/src/EcclesiaCRM/utils/../../vendor/tecnickcom/tcpdf/fonts/dejavuserifb.php [] []
[2022-09-22 17:38:20] defaultLogger.INFO: DejaVuSerif-Bold count = 2 [] []
[2022-09-22 17:38:20] defaultLogger.INFO: /var/www/CRM/src/EcclesiaCRM/utils/../../vendor/tecnickcom/tcpdf/fonts/dejavuserifbi.php [] []
[2022-09-22 17:38:20] defaultLogger.INFO: DejaVuSerif-BoldItalic count = 2 [] []
[2022-09-22 17:38:20] defaultLogger.INFO: /var/www/CRM/src/EcclesiaCRM/utils/../../vendor/tecnickcom/tcpdf/fonts/dejavusans.php [] []
[2022-09-22 17:38:20] defaultLogger.INFO: DejaVuSans count = 2 [] []
[2022-09-22 17:38:20] defaultLogger.INFO: /var/www/CRM/src/EcclesiaCRM/utils/../../vendor/tecnickcom/tcpdf/fonts/dejavusansmono.php [] []
[2022-09-22 17:38:20] defaultLogger.INFO: DejaVuSansMono count = 2 [] []
[2022-09-22 17:38:20] defaultLogger.INFO: /var/www/CRM/src/EcclesiaCRM/utils/../../vendor/tecnickcom/tcpdf/fonts/dejavusansmonoi.php [] []
[2022-09-22 17:38:20] defaultLogger.INFO: DejaVuSansMono-Oblique count = 2 [] []
[2022-09-22 17:38:20] defaultLogger.INFO: /var/www/CRM/src/EcclesiaCRM/utils/../../vendor/tecnickcom/tcpdf/fonts/dejavusansmonob.php [] []
[2022-09-22 17:38:20] defaultLogger.INFO: DejaVuSansMono-Bold count = 2 [] []
[2022-09-22 17:38:20] defaultLogger.INFO: /var/www/CRM/src/EcclesiaCRM/utils/../../vendor/tecnickcom/tcpdf/fonts/dejavusansmonobi.php [] []
[2022-09-22 17:38:20] defaultLogger.INFO: DejaVuSansMono-BoldOblique count = 2 [] []
[2022-09-22 17:38:20] defaultLogger.INFO: /var/www/CRM/src/EcclesiaCRM/utils/../../vendor/tecnickcom/tcpdf/fonts/dejavusansi.php [] []
[2022-09-22 17:38:20] defaultLogger.INFO: DejaVuSans-Oblique count = 2 [] []
[2022-09-22 17:38:20] defaultLogger.INFO: /var/www/CRM/src/EcclesiaCRM/utils/../../vendor/tecnickcom/tcpdf/fonts/dejavusansextralight.php [] []
[2022-09-22 17:38:20] defaultLogger.INFO: DejaVuSans-ExtraLight count = 2 [] []
[2022-09-22 17:38:20] defaultLogger.INFO: /var/www/CRM/src/EcclesiaCRM/utils/../../vendor/tecnickcom/tcpdf/fonts/dejavusanscondensed.php [] []
[2022-09-22 17:38:20] defaultLogger.INFO: DejaVuSansCondensed count = 2 [] []
[2022-09-22 17:38:20] defaultLogger.INFO: /var/www/CRM/src/EcclesiaCRM/utils/../../vendor/tecnickcom/tcpdf/fonts/dejavusanscondensedi.php [] []
[2022-09-22 17:38:20] defaultLogger.INFO: DejaVuSansCondensed-Oblique count = 2 [] []
[2022-09-22 17:38:20] defaultLogger.INFO: /var/www/CRM/src/EcclesiaCRM/utils/../../vendor/tecnickcom/tcpdf/fonts/dejavusanscondensedb.php [] []
[2022-09-22 17:38:20] defaultLogger.INFO: DejaVuSansCondensed-Bold count = 2 [] []
[2022-09-22 17:38:20] defaultLogger.INFO: /var/www/CRM/src/EcclesiaCRM/utils/../../vendor/tecnickcom/tcpdf/fonts/dejavusanscondensedbi.php [] []
[2022-09-22 17:38:20] defaultLogger.INFO: DejaVuSansCondensed-BoldOblique count = 2 [] []
[2022-09-22 17:38:20] defaultLogger.INFO: /var/www/CRM/src/EcclesiaCRM/utils/../../vendor/tecnickcom/tcpdf/fonts/dejavusansb.php [] []
[2022-09-22 17:38:20] defaultLogger.INFO: DejaVuSans-Bold count = 2 [] []
[2022-09-22 17:38:20] defaultLogger.INFO: /var/www/CRM/src/EcclesiaCRM/utils/../../vendor/tecnickcom/tcpdf/fonts/dejavusansbi.php [] []
[2022-09-22 17:38:20] defaultLogger.INFO: DejaVuSans-BoldOblique count = 2 [] []
[2022-09-22 17:38:20] defaultLogger.INFO: /var/www/CRM/src/EcclesiaCRM/utils/../../vendor/tecnickcom/tcpdf/fonts/courier.php [] []
[2022-09-22 17:38:20] defaultLogger.INFO: Courier count = 2 [] []
[2022-09-22 17:38:20] defaultLogger.INFO: /var/www/CRM/src/EcclesiaCRM/utils/../../vendor/tecnickcom/tcpdf/fonts/courieri.php [] []
[2022-09-22 17:38:20] defaultLogger.INFO: Courier-Oblique count = 2 [] []
[2022-09-22 17:38:20] defaultLogger.INFO: /var/www/CRM/src/EcclesiaCRM/utils/../../vendor/tecnickcom/tcpdf/fonts/courierb.php [] []
[2022-09-22 17:38:20] defaultLogger.INFO: Courier-Bold count = 2 [] []
[2022-09-22 17:38:20] defaultLogger.INFO: /var/www/CRM/src/EcclesiaCRM/utils/../../vendor/tecnickcom/tcpdf/fonts/courierbi.php [] []
[2022-09-22 17:38:20] defaultLogger.INFO: Courier-BoldOblique count = 2 [] []
[2022-09-22 17:38:20] defaultLogger.INFO: /var/www/CRM/src/EcclesiaCRM/utils/../../vendor/tecnickcom/tcpdf/fonts/cid0kr.php [] []
[2022-09-22 17:38:20] defaultLogger.INFO: cid0kr count = 2 [] []
[2022-09-22 17:38:20] defaultLogger.INFO: /var/www/CRM/src/EcclesiaCRM/utils/../../vendor/tecnickcom/tcpdf/fonts/cid0jp.php [] []
[2022-09-22 17:38:20] defaultLogger.INFO: cid0jp count = 2 [] []
[2022-09-22 17:38:20] defaultLogger.INFO: /var/www/CRM/src/EcclesiaCRM/utils/../../vendor/tecnickcom/tcpdf/fonts/cid0ct.php [] []
[2022-09-22 17:38:20] defaultLogger.INFO: cid0ct count = 2 [] []
[2022-09-22 17:38:20] defaultLogger.INFO: /var/www/CRM/src/EcclesiaCRM/utils/../../vendor/tecnickcom/tcpdf/fonts/cid0cs.php [] []
[2022-09-22 17:38:20] defaultLogger.INFO: cid0cs count = 2 [] []
[2022-09-22 17:38:20] defaultLogger.INFO: /var/www/CRM/src/EcclesiaCRM/utils/../../vendor/tecnickcom/tcpdf/fonts/aefurat.php [] []
[2022-09-22 17:38:20] defaultLogger.INFO: Furat count = 2 [] []
[2022-09-22 17:38:20] defaultLogger.INFO: /var/www/CRM/src/EcclesiaCRM/utils/../../vendor/tecnickcom/tcpdf/fonts/aealarabiya.php [] []
[2022-09-22 17:38:20] defaultLogger.INFO: AlArabiya count = 2 [] []
[2022-09-22 17:38:44] defaultLogger.INFO: /var/www/CRM/src/EcclesiaCRM/utils/../../vendor/tecnickcom/tcpdf/fonts/zapfdingbats.php [] []
[2022-09-22 17:38:44] defaultLogger.INFO: ZapfDingbats count = 2 [] []
[2022-09-22 17:38:44] defaultLogger.INFO: /var/www/CRM/src/EcclesiaCRM/utils/../../vendor/tecnickcom/tcpdf/fonts/uni2cid_ak12.php [] []
[2022-09-22 17:38:44] defaultLogger.INFO: /var/www/CRM/src/EcclesiaCRM/utils/../../vendor/tecnickcom/tcpdf/fonts/uni2cid_aj16.php [] []
[2022-09-22 17:38:44] defaultLogger.INFO: /var/www/CRM/src/EcclesiaCRM/utils/../../vendor/tecnickcom/tcpdf/fonts/uni2cid_ag15.php [] []
[2022-09-22 17:38:44] defaultLogger.INFO: /var/www/CRM/src/EcclesiaCRM/utils/../../vendor/tecnickcom/tcpdf/fonts/uni2cid_ac15.php [] []
[2022-09-22 17:38:44] defaultLogger.INFO: /var/www/CRM/src/EcclesiaCRM/utils/../../vendor/tecnickcom/tcpdf/fonts/times.php [] []
[2022-09-22 17:38:44] defaultLogger.INFO: Times-Roman count = 2 [] []
[2022-09-22 17:38:44] defaultLogger.INFO: /var/www/CRM/src/EcclesiaCRM/utils/../../vendor/tecnickcom/tcpdf/fonts/timesi.php [] []
[2022-09-22 17:38:44] defaultLogger.INFO: Times-Italic count = 2 [] []
[2022-09-22 17:38:44] defaultLogger.INFO: /var/www/CRM/src/EcclesiaCRM/utils/../../vendor/tecnickcom/tcpdf/fonts/timesb.php [] []
[2022-09-22 17:38:44] defaultLogger.INFO: Times-Bold count = 2 [] []
[2022-09-22 17:38:44] defaultLogger.INFO: /var/www/CRM/src/EcclesiaCRM/utils/../../vendor/tecnickcom/tcpdf/fonts/timesbi.php [] []
[2022-09-22 17:38:44] defaultLogger.INFO: Times-BoldItalic count = 2 [] []
[2022-09-22 17:38:44] defaultLogger.INFO: /var/www/CRM/src/EcclesiaCRM/utils/../../vendor/tecnickcom/tcpdf/fonts/symbol.php [] []
[2022-09-22 17:38:44] defaultLogger.INFO: Symbol count = 2 [] []
[2022-09-22 17:38:44] defaultLogger.INFO: /var/www/CRM/src/EcclesiaCRM/utils/../../vendor/tecnickcom/tcpdf/fonts/stsongstdlight.php [] []
[2022-09-22 17:38:44] defaultLogger.INFO: /var/www/CRM/src/EcclesiaCRM/utils/../../vendor/tecnickcom/tcpdf/fonts/pdfazapfdingbats.php [] []
[2022-09-22 17:38:44] defaultLogger.INFO: PDFAZapfdingbats count = 2 [] []
[2022-09-22 17:38:44] defaultLogger.INFO: /var/www/CRM/src/EcclesiaCRM/utils/../../vendor/tecnickcom/tcpdf/fonts/pdfatimes.php [] []
[2022-09-22 17:38:44] defaultLogger.INFO: PDFATimes count = 2 [] []
[2022-09-22 17:38:44] defaultLogger.INFO: /var/www/CRM/src/EcclesiaCRM/utils/../../vendor/tecnickcom/tcpdf/fonts/pdfatimesi.php [] []
[2022-09-22 17:38:44] defaultLogger.INFO: PDFATimesItalic count = 2 [] []
[2022-09-22 17:38:44] defaultLogger.INFO: /var/www/CRM/src/EcclesiaCRM/utils/../../vendor/tecnickcom/tcpdf/fonts/pdfatimesb.php [] []
[2022-09-22 17:38:44] defaultLogger.INFO: PDFATimesBold count = 2 [] []
[2022-09-22 17:38:44] defaultLogger.INFO: /var/www/CRM/src/EcclesiaCRM/utils/../../vendor/tecnickcom/tcpdf/fonts/pdfatimesbi.php [] []
[2022-09-22 17:38:44] defaultLogger.INFO: PDFATimesBoldItalic count = 2 [] []
[2022-09-22 17:38:44] defaultLogger.INFO: /var/www/CRM/src/EcclesiaCRM/utils/../../vendor/tecnickcom/tcpdf/fonts/pdfasymbol.php [] []
[2022-09-22 17:38:44] defaultLogger.INFO: PDFASymbol count = 2 [] []
[2022-09-22 17:38:44] defaultLogger.INFO: /var/www/CRM/src/EcclesiaCRM/utils/../../vendor/tecnickcom/tcpdf/fonts/pdfahelvetica.php [] []
[2022-09-22 17:38:44] defaultLogger.INFO: PDFAHelvetica count = 2 [] []
[2022-09-22 17:38:44] defaultLogger.INFO: /var/www/CRM/src/EcclesiaCRM/utils/../../vendor/tecnickcom/tcpdf/fonts/pdfahelveticai.php [] []
[2022-09-22 17:38:44] defaultLogger.INFO: PDFAHelveticaOblique count = 2 [] []
[2022-09-22 17:38:44] defaultLogger.INFO: /var/www/CRM/src/EcclesiaCRM/utils/../../vendor/tecnickcom/tcpdf/fonts/pdfahelveticab.php [] []
[2022-09-22 17:38:44] defaultLogger.INFO: PDFAHelveticaBold count = 2 [] []
[2022-09-22 17:38:44] defaultLogger.INFO: /var/www/CRM/src/EcclesiaCRM/utils/../../vendor/tecnickcom/tcpdf/fonts/pdfahelveticabi.php [] []
[2022-09-22 17:38:44] defaultLogger.INFO: PDFAHelveticaBoldOblique count = 2 [] []
[2022-09-22 17:38:44] defaultLogger.INFO: /var/www/CRM/src/EcclesiaCRM/utils/../../vendor/tecnickcom/tcpdf/fonts/pdfacourier.php [] []
[2022-09-22 17:38:44] defaultLogger.INFO: PDFACourier count = 2 [] []
[2022-09-22 17:38:44] defaultLogger.INFO: /var/www/CRM/src/EcclesiaCRM/utils/../../vendor/tecnickcom/tcpdf/fonts/pdfacourieri.php [] []
[2022-09-22 17:38:44] defaultLogger.INFO: PDFACourierOblique count = 2 [] []
[2022-09-22 17:38:44] defaultLogger.INFO: /var/www/CRM/src/EcclesiaCRM/utils/../../vendor/tecnickcom/tcpdf/fonts/pdfacourierb.php [] []
[2022-09-22 17:38:44] defaultLogger.INFO: PDFACourierBold count = 2 [] []
[2022-09-22 17:38:44] defaultLogger.INFO: /var/www/CRM/src/EcclesiaCRM/utils/../../vendor/tecnickcom/tcpdf/fonts/pdfacourierbi.php [] []
[2022-09-22 17:38:44] defaultLogger.INFO: PDFACourierBoldOblique count = 2 [] []
[2022-09-22 17:38:44] defaultLogger.INFO: /var/www/CRM/src/EcclesiaCRM/utils/../../vendor/tecnickcom/tcpdf/fonts/msungstdlight.php [] []
[2022-09-22 17:38:44] defaultLogger.INFO: /var/www/CRM/src/EcclesiaCRM/utils/../../vendor/tecnickcom/tcpdf/fonts/kozminproregular.php [] []
[2022-09-22 17:38:44] defaultLogger.INFO: /var/www/CRM/src/EcclesiaCRM/utils/../../vendor/tecnickcom/tcpdf/fonts/kozgopromedium.php [] []
[2022-09-22 17:38:44] defaultLogger.INFO: /var/www/CRM/src/EcclesiaCRM/utils/../../vendor/tecnickcom/tcpdf/fonts/hysmyeongjostdmedium.php [] []
[2022-09-22 17:38:44] defaultLogger.INFO: HYSMyeongJoStd-Medium-Acro count = 2 [] []
[2022-09-22 17:38:44] defaultLogger.INFO: /var/www/CRM/src/EcclesiaCRM/utils/../../vendor/tecnickcom/tcpdf/fonts/helvetica.php [] []
[2022-09-22 17:38:44] defaultLogger.INFO: Helvetica count = 2 [] []
[2022-09-22 17:38:44] defaultLogger.INFO: /var/www/CRM/src/EcclesiaCRM/utils/../../vendor/tecnickcom/tcpdf/fonts/helveticai.php [] []
[2022-09-22 17:38:44] defaultLogger.INFO: Helvetica-Oblique count = 2 [] []
[2022-09-22 17:38:44] defaultLogger.INFO: /var/www/CRM/src/EcclesiaCRM/utils/../../vendor/tecnickcom/tcpdf/fonts/helveticab.php [] []
[2022-09-22 17:38:44] defaultLogger.INFO: Helvetica-Bold count = 2 [] []
[2022-09-22 17:38:44] defaultLogger.INFO: /var/www/CRM/src/EcclesiaCRM/utils/../../vendor/tecnickcom/tcpdf/fonts/helveticabi.php [] []
[2022-09-22 17:38:44] defaultLogger.INFO: Helvetica-BoldOblique count = 2 [] []
[2022-09-22 17:38:44] defaultLogger.INFO: /var/www/CRM/src/EcclesiaCRM/utils/../../vendor/tecnickcom/tcpdf/fonts/freeserif.php [] []
[2022-09-22 17:38:44] defaultLogger.INFO: FreeSerif count = 2 [] []
[2022-09-22 17:38:44] defaultLogger.INFO: /var/www/CRM/src/EcclesiaCRM/utils/../../vendor/tecnickcom/tcpdf/fonts/freeserifi.php [] []
[2022-09-22 17:38:44] defaultLogger.INFO: FreeSerifItalic count = 2 [] []
[2022-09-22 17:38:44] defaultLogger.INFO: /var/www/CRM/src/EcclesiaCRM/utils/../../vendor/tecnickcom/tcpdf/fonts/freeserifb.php [] []
[2022-09-22 17:38:44] defaultLogger.INFO: FreeSerifBold count = 2 [] []
[2022-09-22 17:38:44] defaultLogger.INFO: /var/www/CRM/src/EcclesiaCRM/utils/../../vendor/tecnickcom/tcpdf/fonts/freeserifbi.php [] []
[2022-09-22 17:38:44] defaultLogger.INFO: FreeSerifBoldItalic count = 2 [] []
[2022-09-22 17:38:44] defaultLogger.INFO: /var/www/CRM/src/EcclesiaCRM/utils/../../vendor/tecnickcom/tcpdf/fonts/freesans.php [] []
[2022-09-22 17:38:44] defaultLogger.INFO: FreeSans count = 2 [] []
[2022-09-22 17:38:44] defaultLogger.INFO: /var/www/CRM/src/EcclesiaCRM/utils/../../vendor/tecnickcom/tcpdf/fonts/freesansi.php [] []
[2022-09-22 17:38:44] defaultLogger.INFO: FreeSansOblique count = 2 [] []
[2022-09-22 17:38:44] defaultLogger.INFO: /var/www/CRM/src/EcclesiaCRM/utils/../../vendor/tecnickcom/tcpdf/fonts/freesansb.php [] []
[2022-09-22 17:38:44] defaultLogger.INFO: FreeSansBold count = 2 [] []
[2022-09-22 17:38:44] defaultLogger.INFO: /var/www/CRM/src/EcclesiaCRM/utils/../../vendor/tecnickcom/tcpdf/fonts/freesansbi.php [] []
[2022-09-22 17:38:44] defaultLogger.INFO: FreeSansBoldOblique count = 2 [] []
[2022-09-22 17:38:44] defaultLogger.INFO: /var/www/CRM/src/EcclesiaCRM/utils/../../vendor/tecnickcom/tcpdf/fonts/freemono.php [] []
[2022-09-22 17:38:44] defaultLogger.INFO: FreeMono count = 2 [] []
[2022-09-22 17:38:44] defaultLogger.INFO: /var/www/CRM/src/EcclesiaCRM/utils/../../vendor/tecnickcom/tcpdf/fonts/freemonoi.php [] []
[2022-09-22 17:38:44] defaultLogger.INFO: FreeMonoOblique count = 2 [] []
[2022-09-22 17:38:44] defaultLogger.INFO: /var/www/CRM/src/EcclesiaCRM/utils/../../vendor/tecnickcom/tcpdf/fonts/freemonob.php [] []
[2022-09-22 17:38:44] defaultLogger.INFO: FreeMonoBold count = 2 [] []
[2022-09-22 17:38:44] defaultLogger.INFO: /var/www/CRM/src/EcclesiaCRM/utils/../../vendor/tecnickcom/tcpdf/fonts/freemonobi.php [] []
[2022-09-22 17:38:44] defaultLogger.INFO: FreeMonoBoldOblique count = 2 [] []
[2022-09-22 17:38:44] defaultLogger.INFO: /var/www/CRM/src/EcclesiaCRM/utils/../../vendor/tecnickcom/tcpdf/fonts/dejavuserif.php [] []
[2022-09-22 17:38:44] defaultLogger.INFO: DejaVuSerif count = 2 [] []
[2022-09-22 17:38:44] defaultLogger.INFO: /var/www/CRM/src/EcclesiaCRM/utils/../../vendor/tecnickcom/tcpdf/fonts/dejavuserifi.php [] []
[2022-09-22 17:38:44] defaultLogger.INFO: DejaVuSerif-Italic count = 2 [] []
[2022-09-22 17:38:44] defaultLogger.INFO: /var/www/CRM/src/EcclesiaCRM/utils/../../vendor/tecnickcom/tcpdf/fonts/dejavuserifcondensed.php [] []
[2022-09-22 17:38:44] defaultLogger.INFO: DejaVuSerifCondensed count = 2 [] []
[2022-09-22 17:38:44] defaultLogger.INFO: /var/www/CRM/src/EcclesiaCRM/utils/../../vendor/tecnickcom/tcpdf/fonts/dejavuserifcondensedi.php [] []
[2022-09-22 17:38:44] defaultLogger.INFO: DejaVuSerifCondensed-Italic count = 2 [] []
[2022-09-22 17:38:44] defaultLogger.INFO: /var/www/CRM/src/EcclesiaCRM/utils/../../vendor/tecnickcom/tcpdf/fonts/dejavuserifcondensedb.php [] []
[2022-09-22 17:38:44] defaultLogger.INFO: DejaVuSerifCondensed-Bold count = 2 [] []
[2022-09-22 17:38:44] defaultLogger.INFO: /var/www/CRM/src/EcclesiaCRM/utils/../../vendor/tecnickcom/tcpdf/fonts/dejavuserifcondensedbi.php [] []
[2022-09-22 17:38:44] defaultLogger.INFO: DejaVuSerifCondensed-BoldItalic count = 2 [] []
[2022-09-22 17:38:44] defaultLogger.INFO: /var/www/CRM/src/EcclesiaCRM/utils/../../vendor/tecnickcom/tcpdf/fonts/dejavuserifb.php [] []
[2022-09-22 17:38:44] defaultLogger.INFO: DejaVuSerif-Bold count = 2 [] []
[2022-09-22 17:38:44] defaultLogger.INFO: /var/www/CRM/src/EcclesiaCRM/utils/../../vendor/tecnickcom/tcpdf/fonts/dejavuserifbi.php [] []
[2022-09-22 17:38:44] defaultLogger.INFO: DejaVuSerif-BoldItalic count = 2 [] []
[2022-09-22 17:38:44] defaultLogger.INFO: /var/www/CRM/src/EcclesiaCRM/utils/../../vendor/tecnickcom/tcpdf/fonts/dejavusans.php [] []
[2022-09-22 17:38:44] defaultLogger.INFO: DejaVuSans count = 2 [] []
[2022-09-22 17:38:44] defaultLogger.INFO: /var/www/CRM/src/EcclesiaCRM/utils/../../vendor/tecnickcom/tcpdf/fonts/dejavusansmono.php [] []
[2022-09-22 17:38:44] defaultLogger.INFO: DejaVuSansMono count = 2 [] []
[2022-09-22 17:38:44] defaultLogger.INFO: /var/www/CRM/src/EcclesiaCRM/utils/../../vendor/tecnickcom/tcpdf/fonts/dejavusansmonoi.php [] []
[2022-09-22 17:38:44] defaultLogger.INFO: DejaVuSansMono-Oblique count = 2 [] []
[2022-09-22 17:38:44] defaultLogger.INFO: /var/www/CRM/src/EcclesiaCRM/utils/../../vendor/tecnickcom/tcpdf/fonts/dejavusansmonob.php [] []
[2022-09-22 17:38:44] defaultLogger.INFO: DejaVuSansMono-Bold count = 2 [] []
[2022-09-22 17:38:44] defaultLogger.INFO: /var/www/CRM/src/EcclesiaCRM/utils/../../vendor/tecnickcom/tcpdf/fonts/dejavusansmonobi.php [] []
[2022-09-22 17:38:44] defaultLogger.INFO: DejaVuSansMono-BoldOblique count = 2 [] []
[2022-09-22 17:38:44] defaultLogger.INFO: /var/www/CRM/src/EcclesiaCRM/utils/../../vendor/tecnickcom/tcpdf/fonts/dejavusansi.php [] []
[2022-09-22 17:38:44] defaultLogger.INFO: DejaVuSans-Oblique count = 2 [] []
[2022-09-22 17:38:44] defaultLogger.INFO: /var/www/CRM/src/EcclesiaCRM/utils/../../vendor/tecnickcom/tcpdf/fonts/dejavusansextralight.php [] []
[2022-09-22 17:38:44] defaultLogger.INFO: DejaVuSans-ExtraLight count = 2 [] []
[2022-09-22 17:38:44] defaultLogger.INFO: /var/www/CRM/src/EcclesiaCRM/utils/../../vendor/tecnickcom/tcpdf/fonts/dejavusanscondensed.php [] []
[2022-09-22 17:38:44] defaultLogger.INFO: DejaVuSansCondensed count = 2 [] []
[2022-09-22 17:38:44] defaultLogger.INFO: /var/www/CRM/src/EcclesiaCRM/utils/../../vendor/tecnickcom/tcpdf/fonts/dejavusanscondensedi.php [] []
[2022-09-22 17:38:44] defaultLogger.INFO: DejaVuSansCondensed-Oblique count = 2 [] []
[2022-09-22 17:38:44] defaultLogger.INFO: /var/www/CRM/src/EcclesiaCRM/utils/../../vendor/tecnickcom/tcpdf/fonts/dejavusanscondensedb.php [] []
[2022-09-22 17:38:44] defaultLogger.INFO: DejaVuSansCondensed-Bold count = 2 [] []
[2022-09-22 17:38:44] defaultLogger.INFO: /var/www/CRM/src/EcclesiaCRM/utils/../../vendor/tecnickcom/tcpdf/fonts/dejavusanscondensedbi.php [] []
[2022-09-22 17:38:44] defaultLogger.INFO: DejaVuSansCondensed-BoldOblique count = 2 [] []
[2022-09-22 17:38:44] defaultLogger.INFO: /var/www/CRM/src/EcclesiaCRM/utils/../../vendor/tecnickcom/tcpdf/fonts/dejavusansb.php [] []
[2022-09-22 17:38:44] defaultLogger.INFO: DejaVuSans-Bold count = 2 [] []
[2022-09-22 17:38:44] defaultLogger.INFO: /var/www/CRM/src/EcclesiaCRM/utils/../../vendor/tecnickcom/tcpdf/fonts/dejavusansbi.php [] []
[2022-09-22 17:38:44] defaultLogger.INFO: DejaVuSans-BoldOblique count = 2 [] []
[2022-09-22 17:38:44] defaultLogger.INFO: /var/www/CRM/src/EcclesiaCRM/utils/../../vendor/tecnickcom/tcpdf/fonts/courier.php [] []
[2022-09-22 17:38:44] defaultLogger.INFO: Courier count = 2 [] []
[2022-09-22 17:38:44] defaultLogger.INFO: /var/www/CRM/src/EcclesiaCRM/utils/../../vendor/tecnickcom/tcpdf/fonts/courieri.php [] []
[2022-09-22 17:38:44] defaultLogger.INFO: Courier-Oblique count = 2 [] []
[2022-09-22 17:38:44] defaultLogger.INFO: /var/www/CRM/src/EcclesiaCRM/utils/../../vendor/tecnickcom/tcpdf/fonts/courierb.php [] []
[2022-09-22 17:38:44] defaultLogger.INFO: Courier-Bold count = 2 [] []
[2022-09-22 17:38:44] defaultLogger.INFO: /var/www/CRM/src/EcclesiaCRM/utils/../../vendor/tecnickcom/tcpdf/fonts/courierbi.php [] []
[2022-09-22 17:38:44] defaultLogger.INFO: Courier-BoldOblique count = 2 [] []
[2022-09-22 17:38:44] defaultLogger.INFO: /var/www/CRM/src/EcclesiaCRM/utils/../../vendor/tecnickcom/tcpdf/fonts/cid0kr.php [] []
[2022-09-22 17:38:44] defaultLogger.INFO: cid0kr count = 2 [] []
[2022-09-22 17:38:44] defaultLogger.INFO: /var/www/CRM/src/EcclesiaCRM/utils/../../vendor/tecnickcom/tcpdf/fonts/cid0jp.php [] []
[2022-09-22 17:38:44] defaultLogger.INFO: cid0jp count = 2 [] []
[2022-09-22 17:38:44] defaultLogger.INFO: /var/www/CRM/src/EcclesiaCRM/utils/../../vendor/tecnickcom/tcpdf/fonts/cid0ct.php [] []
[2022-09-22 17:38:44] defaultLogger.INFO: cid0ct count = 2 [] []
[2022-09-22 17:38:44] defaultLogger.INFO: /var/www/CRM/src/EcclesiaCRM/utils/../../vendor/tecnickcom/tcpdf/fonts/cid0cs.php [] []
[2022-09-22 17:38:44] defaultLogger.INFO: cid0cs count = 2 [] []
[2022-09-22 17:38:44] defaultLogger.INFO: /var/www/CRM/src/EcclesiaCRM/utils/../../vendor/tecnickcom/tcpdf/fonts/aefurat.php [] []
[2022-09-22 17:38:44] defaultLogger.INFO: Furat count = 2 [] []
[2022-09-22 17:38:44] defaultLogger.INFO: /var/www/CRM/src/EcclesiaCRM/utils/../../vendor/tecnickcom/tcpdf/fonts/aealarabiya.php [] []
