[06-Jan-2022 17:23:41 Europe/Paris] Slim Application Error
Type: Error
Code: 0
Message: Class &quot;SystemURLs&quot; not found
File: /var/www/CRM/src/v2/templates/error/404.php
Line: 21
Trace: #0 /var/www/CRM/src/vendor/slim/php-view/src/PhpRenderer.php(188): include()
#1 /var/www/CRM/src/vendor/slim/php-view/src/PhpRenderer.php(169): Slim\Views\PhpRenderer->protectedIncludeScope()
#2 /var/www/CRM/src/vendor/slim/php-view/src/PhpRenderer.php(62): Slim\Views\PhpRenderer->fetch()
#3 /var/www/CRM/src/EcclesiaCRM/VIEWControllers/VIEWErrorController.php(34): Slim\Views\PhpRenderer->render()
#4 /var/www/CRM/src/vendor/slim/slim/Slim/Handlers/Strategies/RequestResponse.php(43): EcclesiaCRM\VIEWControllers\VIEWErrorController->render404Error()
#5 /var/www/CRM/src/vendor/slim/slim/Slim/Routing/Route.php(384): Slim\Handlers\Strategies\RequestResponse->__invoke()
#6 /var/www/CRM/src/vendor/slim/slim/Slim/MiddlewareDispatcher.php(81): Slim\Routing\Route->handle()
#7 /var/www/CRM/src/vendor/slim/slim/Slim/MiddlewareDispatcher.php(81): Slim\MiddlewareDispatcher->handle()
#8 /var/www/CRM/src/vendor/slim/slim/Slim/Routing/Route.php(341): Slim\MiddlewareDispatcher->handle()
#9 /var/www/CRM/src/vendor/slim/slim/Slim/Routing/RouteRunner.php(84): Slim\Routing\Route->run()
#10 /var/www/CRM/src/vendor/slim/http-cache/src/Cache.php(67): Slim\Routing\RouteRunner->handle()
#11 /var/www/CRM/src/vendor/slim/slim/Slim/MiddlewareDispatcher.php(147): Slim\HttpCache\Cache->process()
#12 /var/www/CRM/src/EcclesiaCRM/Slim/Middleware/VersionMiddleware.php(17): Psr\Http\Server\RequestHandlerInterface@anonymous->handle()
#13 /var/www/CRM/src/vendor/slim/slim/Slim/MiddlewareDispatcher.php(313): EcclesiaCRM\Slim\Middleware\VersionMiddleware->__invoke()
#14 /var/www/CRM/src/vendor/tuupola/slim-jwt-auth/src/JwtAuthentication.php(132): Psr\Http\Server\RequestHandlerInterface@anonymous->handle()
#15 /var/www/CRM/src/vendor/slim/slim/Slim/MiddlewareDispatcher.php(147): Tuupola\Middleware\JwtAuthentication->process()
#16 /var/www/CRM/src/vendor/slim/slim/Slim/Middleware/ErrorMiddleware.php(107): Psr\Http\Server\RequestHandlerInterface@anonymous->handle()
#17 /var/www/CRM/src/vendor/slim/slim/Slim/MiddlewareDispatcher.php(147): Slim\Middleware\ErrorMiddleware->process()
#18 /var/www/CRM/src/vendor/slim/slim/Slim/MiddlewareDispatcher.php(81): Psr\Http\Server\RequestHandlerInterface@anonymous->handle()
#19 /var/www/CRM/src/vendor/slim/slim/Slim/App.php(215): Slim\MiddlewareDispatcher->handle()
#20 /var/www/CRM/src/vendor/slim/slim/Slim/App.php(199): Slim\App->handle()
#21 /var/www/CRM/src/v2/index.php(114): Slim\App->run()
#22 {main}
[06-Jan-2022 17:23:50 Europe/Paris] Slim Application Error
Type: Error
Code: 0
Message: Class &quot;SystemURLs&quot; not found
File: /var/www/CRM/src/v2/templates/error/404.php
Line: 21
Trace: #0 /var/www/CRM/src/vendor/slim/php-view/src/PhpRenderer.php(188): include()
#1 /var/www/CRM/src/vendor/slim/php-view/src/PhpRenderer.php(169): Slim\Views\PhpRenderer->protectedIncludeScope()
#2 /var/www/CRM/src/vendor/slim/php-view/src/PhpRenderer.php(62): Slim\Views\PhpRenderer->fetch()
#3 /var/www/CRM/src/EcclesiaCRM/VIEWControllers/VIEWErrorController.php(34): Slim\Views\PhpRenderer->render()
#4 /var/www/CRM/src/vendor/slim/slim/Slim/Handlers/Strategies/RequestResponse.php(43): EcclesiaCRM\VIEWControllers\VIEWErrorController->render404Error()
#5 /var/www/CRM/src/vendor/slim/slim/Slim/Routing/Route.php(384): Slim\Handlers\Strategies\RequestResponse->__invoke()
#6 /var/www/CRM/src/vendor/slim/slim/Slim/MiddlewareDispatcher.php(81): Slim\Routing\Route->handle()
#7 /var/www/CRM/src/vendor/slim/slim/Slim/MiddlewareDispatcher.php(81): Slim\MiddlewareDispatcher->handle()
#8 /var/www/CRM/src/vendor/slim/slim/Slim/Routing/Route.php(341): Slim\MiddlewareDispatcher->handle()
#9 /var/www/CRM/src/vendor/slim/slim/Slim/Routing/RouteRunner.php(84): Slim\Routing\Route->run()
#10 /var/www/CRM/src/vendor/slim/http-cache/src/Cache.php(67): Slim\Routing\RouteRunner->handle()
#11 /var/www/CRM/src/vendor/slim/slim/Slim/MiddlewareDispatcher.php(147): Slim\HttpCache\Cache->process()
#12 /var/www/CRM/src/EcclesiaCRM/Slim/Middleware/VersionMiddleware.php(17): Psr\Http\Server\RequestHandlerInterface@anonymous->handle()
#13 /var/www/CRM/src/vendor/slim/slim/Slim/MiddlewareDispatcher.php(313): EcclesiaCRM\Slim\Middleware\VersionMiddleware->__invoke()
#14 /var/www/CRM/src/vendor/tuupola/slim-jwt-auth/src/JwtAuthentication.php(132): Psr\Http\Server\RequestHandlerInterface@anonymous->handle()
#15 /var/www/CRM/src/vendor/slim/slim/Slim/MiddlewareDispatcher.php(147): Tuupola\Middleware\JwtAuthentication->process()
#16 /var/www/CRM/src/vendor/slim/slim/Slim/Middleware/ErrorMiddleware.php(107): Psr\Http\Server\RequestHandlerInterface@anonymous->handle()
#17 /var/www/CRM/src/vendor/slim/slim/Slim/MiddlewareDispatcher.php(147): Slim\Middleware\ErrorMiddleware->process()
#18 /var/www/CRM/src/vendor/slim/slim/Slim/MiddlewareDispatcher.php(81): Psr\Http\Server\RequestHandlerInterface@anonymous->handle()
#19 /var/www/CRM/src/vendor/slim/slim/Slim/App.php(215): Slim\MiddlewareDispatcher->handle()
#20 /var/www/CRM/src/vendor/slim/slim/Slim/App.php(199): Slim\App->handle()
#21 /var/www/CRM/src/v2/index.php(114): Slim\App->run()
#22 {main}
[06-Jan-2022 17:31:25 Europe/Paris] Slim Application Error
Type: RuntimeException
Code: 0
Message: Callable renderMap does not exist
File: /var/www/CRM/src/vendor/slim/slim/Slim/CallableResolver.php
Line: 147
Trace: #0 /var/www/CRM/src/vendor/slim/slim/Slim/CallableResolver.php(101): Slim\CallableResolver->resolveSlimNotation()
#1 /var/www/CRM/src/vendor/slim/slim/Slim/CallableResolver.php(71): Slim\CallableResolver->resolveByPredicate()
#2 /var/www/CRM/src/vendor/slim/slim/Slim/Routing/Route.php(366): Slim\CallableResolver->resolveRoute()
#3 /var/www/CRM/src/vendor/slim/slim/Slim/MiddlewareDispatcher.php(81): Slim\Routing\Route->handle()
#4 /var/www/CRM/src/vendor/slim/slim/Slim/MiddlewareDispatcher.php(81): Slim\MiddlewareDispatcher->handle()
#5 /var/www/CRM/src/vendor/slim/slim/Slim/Routing/Route.php(341): Slim\MiddlewareDispatcher->handle()
#6 /var/www/CRM/src/vendor/slim/slim/Slim/Routing/RouteRunner.php(84): Slim\Routing\Route->run()
#7 /var/www/CRM/src/vendor/slim/http-cache/src/Cache.php(67): Slim\Routing\RouteRunner->handle()
#8 /var/www/CRM/src/vendor/slim/slim/Slim/MiddlewareDispatcher.php(147): Slim\HttpCache\Cache->process()
#9 /var/www/CRM/src/EcclesiaCRM/Slim/Middleware/VersionMiddleware.php(17): Psr\Http\Server\RequestHandlerInterface@anonymous->handle()
#10 /var/www/CRM/src/vendor/slim/slim/Slim/MiddlewareDispatcher.php(313): EcclesiaCRM\Slim\Middleware\VersionMiddleware->__invoke()
#11 /var/www/CRM/src/vendor/tuupola/slim-jwt-auth/src/JwtAuthentication.php(132): Psr\Http\Server\RequestHandlerInterface@anonymous->handle()
#12 /var/www/CRM/src/vendor/slim/slim/Slim/MiddlewareDispatcher.php(147): Tuupola\Middleware\JwtAuthentication->process()
#13 /var/www/CRM/src/vendor/slim/slim/Slim/Middleware/ErrorMiddleware.php(107): Psr\Http\Server\RequestHandlerInterface@anonymous->handle()
#14 /var/www/CRM/src/vendor/slim/slim/Slim/MiddlewareDispatcher.php(147): Slim\Middleware\ErrorMiddleware->process()
#15 /var/www/CRM/src/vendor/slim/slim/Slim/MiddlewareDispatcher.php(81): Psr\Http\Server\RequestHandlerInterface@anonymous->handle()
#16 /var/www/CRM/src/vendor/slim/slim/Slim/App.php(215): Slim\MiddlewareDispatcher->handle()
#17 /var/www/CRM/src/vendor/slim/slim/Slim/App.php(199): Slim\App->handle()
#18 /var/www/CRM/src/v2/index.php(114): Slim\App->run()
#19 {main}
[06-Jan-2022 18:15:46 Europe/Paris] Slim Application Error
Type: Error
Code: 0
Message: Class &quot;EcclesiaCRM\VIEWControllers\Propel\Runtime\ActiveQuery\Criteria&quot; not found
File: /var/www/CRM/src/EcclesiaCRM/VIEWControllers/VIEWPastoralCareController.php
Line: 190
Trace: #0 /var/www/CRM/src/EcclesiaCRM/VIEWControllers/VIEWPastoralCareController.php(181): EcclesiaCRM\VIEWControllers\VIEWPastoralCareController->argumentsPastoralPersonListArray()
#1 /var/www/CRM/src/vendor/slim/slim/Slim/Handlers/Strategies/RequestResponse.php(43): EcclesiaCRM\VIEWControllers\VIEWPastoralCareController->renderPastoralCarePerson()
#2 /var/www/CRM/src/vendor/slim/slim/Slim/Routing/Route.php(384): Slim\Handlers\Strategies\RequestResponse->__invoke()
#3 /var/www/CRM/src/vendor/slim/slim/Slim/MiddlewareDispatcher.php(81): Slim\Routing\Route->handle()
#4 /var/www/CRM/src/vendor/slim/slim/Slim/MiddlewareDispatcher.php(81): Slim\MiddlewareDispatcher->handle()
#5 /var/www/CRM/src/vendor/slim/slim/Slim/Routing/Route.php(341): Slim\MiddlewareDispatcher->handle()
#6 /var/www/CRM/src/vendor/slim/slim/Slim/Routing/RouteRunner.php(84): Slim\Routing\Route->run()
#7 /var/www/CRM/src/vendor/slim/http-cache/src/Cache.php(67): Slim\Routing\RouteRunner->handle()
#8 /var/www/CRM/src/vendor/slim/slim/Slim/MiddlewareDispatcher.php(147): Slim\HttpCache\Cache->process()
#9 /var/www/CRM/src/EcclesiaCRM/Slim/Middleware/VersionMiddleware.php(17): Psr\Http\Server\RequestHandlerInterface@anonymous->handle()
#10 /var/www/CRM/src/vendor/slim/slim/Slim/MiddlewareDispatcher.php(313): EcclesiaCRM\Slim\Middleware\VersionMiddleware->__invoke()
#11 /var/www/CRM/src/vendor/tuupola/slim-jwt-auth/src/JwtAuthentication.php(132): Psr\Http\Server\RequestHandlerInterface@anonymous->handle()
#12 /var/www/CRM/src/vendor/slim/slim/Slim/MiddlewareDispatcher.php(147): Tuupola\Middleware\JwtAuthentication->process()
#13 /var/www/CRM/src/vendor/slim/slim/Slim/Middleware/ErrorMiddleware.php(107): Psr\Http\Server\RequestHandlerInterface@anonymous->handle()
#14 /var/www/CRM/src/vendor/slim/slim/Slim/MiddlewareDispatcher.php(147): Slim\Middleware\ErrorMiddleware->process()
#15 /var/www/CRM/src/vendor/slim/slim/Slim/MiddlewareDispatcher.php(81): Psr\Http\Server\RequestHandlerInterface@anonymous->handle()
#16 /var/www/CRM/src/vendor/slim/slim/Slim/App.php(215): Slim\MiddlewareDispatcher->handle()
#17 /var/www/CRM/src/vendor/slim/slim/Slim/App.php(199): Slim\App->handle()
#18 /var/www/CRM/src/v2/index.php(114): Slim\App->run()
#19 {main}
[06-Jan-2022 18:58:34 Europe/Paris] Slim Application Error
Type: Error
Code: 0
Message: Class &quot;EcclesiaCRM\VIEWControllers\stdClass&quot; not found
File: /var/www/CRM/src/EcclesiaCRM/VIEWControllers/VIEWPeopleController.php
Line: 77
Trace: #0 /var/www/CRM/src/EcclesiaCRM/VIEWControllers/VIEWPeopleController.php(43): EcclesiaCRM\VIEWControllers\VIEWPeopleController->argumentsPeopleDashboardArray()
#1 /var/www/CRM/src/vendor/slim/slim/Slim/Handlers/Strategies/RequestResponse.php(43): EcclesiaCRM\VIEWControllers\VIEWPeopleController->peopleDashboard()
#2 /var/www/CRM/src/vendor/slim/slim/Slim/Routing/Route.php(384): Slim\Handlers\Strategies\RequestResponse->__invoke()
#3 /var/www/CRM/src/vendor/slim/slim/Slim/MiddlewareDispatcher.php(81): Slim\Routing\Route->handle()
#4 /var/www/CRM/src/vendor/slim/slim/Slim/MiddlewareDispatcher.php(81): Slim\MiddlewareDispatcher->handle()
#5 /var/www/CRM/src/vendor/slim/slim/Slim/Routing/Route.php(341): Slim\MiddlewareDispatcher->handle()
#6 /var/www/CRM/src/vendor/slim/slim/Slim/Routing/RouteRunner.php(84): Slim\Routing\Route->run()
#7 /var/www/CRM/src/vendor/slim/http-cache/src/Cache.php(67): Slim\Routing\RouteRunner->handle()
#8 /var/www/CRM/src/vendor/slim/slim/Slim/MiddlewareDispatcher.php(147): Slim\HttpCache\Cache->process()
#9 /var/www/CRM/src/EcclesiaCRM/Slim/Middleware/VersionMiddleware.php(17): Psr\Http\Server\RequestHandlerInterface@anonymous->handle()
#10 /var/www/CRM/src/vendor/slim/slim/Slim/MiddlewareDispatcher.php(313): EcclesiaCRM\Slim\Middleware\VersionMiddleware->__invoke()
#11 /var/www/CRM/src/vendor/tuupola/slim-jwt-auth/src/JwtAuthentication.php(132): Psr\Http\Server\RequestHandlerInterface@anonymous->handle()
#12 /var/www/CRM/src/vendor/slim/slim/Slim/MiddlewareDispatcher.php(147): Tuupola\Middleware\JwtAuthentication->process()
#13 /var/www/CRM/src/vendor/slim/slim/Slim/Middleware/ErrorMiddleware.php(107): Psr\Http\Server\RequestHandlerInterface@anonymous->handle()
#14 /var/www/CRM/src/vendor/slim/slim/Slim/MiddlewareDispatcher.php(147): Slim\Middleware\ErrorMiddleware->process()
#15 /var/www/CRM/src/vendor/slim/slim/Slim/MiddlewareDispatcher.php(81): Psr\Http\Server\RequestHandlerInterface@anonymous->handle()
#16 /var/www/CRM/src/vendor/slim/slim/Slim/App.php(215): Slim\MiddlewareDispatcher->handle()
#17 /var/www/CRM/src/vendor/slim/slim/Slim/App.php(199): Slim\App->handle()
#18 /var/www/CRM/src/v2/index.php(114): Slim\App->run()
#19 {main}
[06-Jan-2022 18:58:57 Europe/Paris] Slim Application Error
Type: Error
Code: 0
Message: Class &quot;EcclesiaCRM\VIEWControllers\PDO&quot; not found
File: /var/www/CRM/src/EcclesiaCRM/VIEWControllers/VIEWPeopleController.php
Line: 98
Trace: #0 /var/www/CRM/src/EcclesiaCRM/VIEWControllers/VIEWPeopleController.php(43): EcclesiaCRM\VIEWControllers\VIEWPeopleController->argumentsPeopleDashboardArray()
#1 /var/www/CRM/src/vendor/slim/slim/Slim/Handlers/Strategies/RequestResponse.php(43): EcclesiaCRM\VIEWControllers\VIEWPeopleController->peopleDashboard()
#2 /var/www/CRM/src/vendor/slim/slim/Slim/Routing/Route.php(384): Slim\Handlers\Strategies\RequestResponse->__invoke()
#3 /var/www/CRM/src/vendor/slim/slim/Slim/MiddlewareDispatcher.php(81): Slim\Routing\Route->handle()
#4 /var/www/CRM/src/vendor/slim/slim/Slim/MiddlewareDispatcher.php(81): Slim\MiddlewareDispatcher->handle()
#5 /var/www/CRM/src/vendor/slim/slim/Slim/Routing/Route.php(341): Slim\MiddlewareDispatcher->handle()
#6 /var/www/CRM/src/vendor/slim/slim/Slim/Routing/RouteRunner.php(84): Slim\Routing\Route->run()
#7 /var/www/CRM/src/vendor/slim/http-cache/src/Cache.php(67): Slim\Routing\RouteRunner->handle()
#8 /var/www/CRM/src/vendor/slim/slim/Slim/MiddlewareDispatcher.php(147): Slim\HttpCache\Cache->process()
#9 /var/www/CRM/src/EcclesiaCRM/Slim/Middleware/VersionMiddleware.php(17): Psr\Http\Server\RequestHandlerInterface@anonymous->handle()
#10 /var/www/CRM/src/vendor/slim/slim/Slim/MiddlewareDispatcher.php(313): EcclesiaCRM\Slim\Middleware\VersionMiddleware->__invoke()
#11 /var/www/CRM/src/vendor/tuupola/slim-jwt-auth/src/JwtAuthentication.php(132): Psr\Http\Server\RequestHandlerInterface@anonymous->handle()
#12 /var/www/CRM/src/vendor/slim/slim/Slim/MiddlewareDispatcher.php(147): Tuupola\Middleware\JwtAuthentication->process()
#13 /var/www/CRM/src/vendor/slim/slim/Slim/Middleware/ErrorMiddleware.php(107): Psr\Http\Server\RequestHandlerInterface@anonymous->handle()
#14 /var/www/CRM/src/vendor/slim/slim/Slim/MiddlewareDispatcher.php(147): Slim\Middleware\ErrorMiddleware->process()
#15 /var/www/CRM/src/vendor/slim/slim/Slim/MiddlewareDispatcher.php(81): Psr\Http\Server\RequestHandlerInterface@anonymous->handle()
#16 /var/www/CRM/src/vendor/slim/slim/Slim/App.php(215): Slim\MiddlewareDispatcher->handle()
#17 /var/www/CRM/src/vendor/slim/slim/Slim/App.php(199): Slim\App->handle()
#18 /var/www/CRM/src/v2/index.php(114): Slim\App->run()
#19 {main}
[06-Jan-2022 19:02:22 Europe/Paris] Slim Application Error
Type: RuntimeException
Code: 0
Message: Callable renderPersonList does not exist
File: /var/www/CRM/src/vendor/slim/slim/Slim/CallableResolver.php
Line: 147
Trace: #0 /var/www/CRM/src/vendor/slim/slim/Slim/CallableResolver.php(101): Slim\CallableResolver->resolveSlimNotation()
#1 /var/www/CRM/src/vendor/slim/slim/Slim/CallableResolver.php(71): Slim\CallableResolver->resolveByPredicate()
#2 /var/www/CRM/src/vendor/slim/slim/Slim/Routing/Route.php(366): Slim\CallableResolver->resolveRoute()
#3 /var/www/CRM/src/vendor/slim/slim/Slim/MiddlewareDispatcher.php(81): Slim\Routing\Route->handle()
#4 /var/www/CRM/src/vendor/slim/slim/Slim/MiddlewareDispatcher.php(81): Slim\MiddlewareDispatcher->handle()
#5 /var/www/CRM/src/vendor/slim/slim/Slim/Routing/Route.php(341): Slim\MiddlewareDispatcher->handle()
#6 /var/www/CRM/src/vendor/slim/slim/Slim/Routing/RouteRunner.php(84): Slim\Routing\Route->run()
#7 /var/www/CRM/src/vendor/slim/http-cache/src/Cache.php(67): Slim\Routing\RouteRunner->handle()
#8 /var/www/CRM/src/vendor/slim/slim/Slim/MiddlewareDispatcher.php(147): Slim\HttpCache\Cache->process()
#9 /var/www/CRM/src/EcclesiaCRM/Slim/Middleware/VersionMiddleware.php(17): Psr\Http\Server\RequestHandlerInterface@anonymous->handle()
#10 /var/www/CRM/src/vendor/slim/slim/Slim/MiddlewareDispatcher.php(313): EcclesiaCRM\Slim\Middleware\VersionMiddleware->__invoke()
#11 /var/www/CRM/src/vendor/tuupola/slim-jwt-auth/src/JwtAuthentication.php(132): Psr\Http\Server\RequestHandlerInterface@anonymous->handle()
#12 /var/www/CRM/src/vendor/slim/slim/Slim/MiddlewareDispatcher.php(147): Tuupola\Middleware\JwtAuthentication->process()
#13 /var/www/CRM/src/vendor/slim/slim/Slim/Middleware/ErrorMiddleware.php(107): Psr\Http\Server\RequestHandlerInterface@anonymous->handle()
#14 /var/www/CRM/src/vendor/slim/slim/Slim/MiddlewareDispatcher.php(147): Slim\Middleware\ErrorMiddleware->process()
#15 /var/www/CRM/src/vendor/slim/slim/Slim/MiddlewareDispatcher.php(81): Psr\Http\Server\RequestHandlerInterface@anonymous->handle()
#16 /var/www/CRM/src/vendor/slim/slim/Slim/App.php(215): Slim\MiddlewareDispatcher->handle()
#17 /var/www/CRM/src/vendor/slim/slim/Slim/App.php(199): Slim\App->handle()
#18 /var/www/CRM/src/v2/index.php(114): Slim\App->run()
#19 {main}
[06-Jan-2022 19:42:48 Europe/Paris] Slim Application Error
Type: Error
Code: 0
Message: Class &quot;SystemURLs&quot; not found
File: /var/www/CRM/src/v2/templates/error/404.php
Line: 21
Trace: #0 /var/www/CRM/src/vendor/slim/php-view/src/PhpRenderer.php(188): include()
#1 /var/www/CRM/src/vendor/slim/php-view/src/PhpRenderer.php(169): Slim\Views\PhpRenderer->protectedIncludeScope()
#2 /var/www/CRM/src/vendor/slim/php-view/src/PhpRenderer.php(62): Slim\Views\PhpRenderer->fetch()
#3 /var/www/CRM/src/EcclesiaCRM/VIEWControllers/VIEWErrorController.php(34): Slim\Views\PhpRenderer->render()
#4 /var/www/CRM/src/vendor/slim/slim/Slim/Handlers/Strategies/RequestResponse.php(43): EcclesiaCRM\VIEWControllers\VIEWErrorController->render404Error()
#5 /var/www/CRM/src/vendor/slim/slim/Slim/Routing/Route.php(384): Slim\Handlers\Strategies\RequestResponse->__invoke()
#6 /var/www/CRM/src/vendor/slim/slim/Slim/MiddlewareDispatcher.php(81): Slim\Routing\Route->handle()
#7 /var/www/CRM/src/vendor/slim/slim/Slim/MiddlewareDispatcher.php(81): Slim\MiddlewareDispatcher->handle()
#8 /var/www/CRM/src/vendor/slim/slim/Slim/Routing/Route.php(341): Slim\MiddlewareDispatcher->handle()
#9 /var/www/CRM/src/vendor/slim/slim/Slim/Routing/RouteRunner.php(84): Slim\Routing\Route->run()
#10 /var/www/CRM/src/vendor/slim/http-cache/src/Cache.php(67): Slim\Routing\RouteRunner->handle()
#11 /var/www/CRM/src/vendor/slim/slim/Slim/MiddlewareDispatcher.php(147): Slim\HttpCache\Cache->process()
#12 /var/www/CRM/src/EcclesiaCRM/Slim/Middleware/VersionMiddleware.php(17): Psr\Http\Server\RequestHandlerInterface@anonymous->handle()
#13 /var/www/CRM/src/vendor/slim/slim/Slim/MiddlewareDispatcher.php(313): EcclesiaCRM\Slim\Middleware\VersionMiddleware->__invoke()
#14 /var/www/CRM/src/vendor/tuupola/slim-jwt-auth/src/JwtAuthentication.php(132): Psr\Http\Server\RequestHandlerInterface@anonymous->handle()
#15 /var/www/CRM/src/vendor/slim/slim/Slim/MiddlewareDispatcher.php(147): Tuupola\Middleware\JwtAuthentication->process()
#16 /var/www/CRM/src/vendor/slim/slim/Slim/Middleware/ErrorMiddleware.php(107): Psr\Http\Server\RequestHandlerInterface@anonymous->handle()
#17 /var/www/CRM/src/vendor/slim/slim/Slim/MiddlewareDispatcher.php(147): Slim\Middleware\ErrorMiddleware->process()
#18 /var/www/CRM/src/vendor/slim/slim/Slim/MiddlewareDispatcher.php(81): Psr\Http\Server\RequestHandlerInterface@anonymous->handle()
#19 /var/www/CRM/src/vendor/slim/slim/Slim/App.php(215): Slim\MiddlewareDispatcher->handle()
#20 /var/www/CRM/src/vendor/slim/slim/Slim/App.php(199): Slim\App->handle()
#21 /var/www/CRM/src/v2/index.php(114): Slim\App->run()
#22 {main}
[06-Jan-2022 19:42:52 Europe/Paris] Slim Application Error
Type: Error
Code: 0
Message: Class &quot;SystemURLs&quot; not found
File: /var/www/CRM/src/v2/templates/error/404.php
Line: 21
Trace: #0 /var/www/CRM/src/vendor/slim/php-view/src/PhpRenderer.php(188): include()
#1 /var/www/CRM/src/vendor/slim/php-view/src/PhpRenderer.php(169): Slim\Views\PhpRenderer->protectedIncludeScope()
#2 /var/www/CRM/src/vendor/slim/php-view/src/PhpRenderer.php(62): Slim\Views\PhpRenderer->fetch()
#3 /var/www/CRM/src/EcclesiaCRM/VIEWControllers/VIEWErrorController.php(34): Slim\Views\PhpRenderer->render()
#4 /var/www/CRM/src/vendor/slim/slim/Slim/Handlers/Strategies/RequestResponse.php(43): EcclesiaCRM\VIEWControllers\VIEWErrorController->render404Error()
#5 /var/www/CRM/src/vendor/slim/slim/Slim/Routing/Route.php(384): Slim\Handlers\Strategies\RequestResponse->__invoke()
#6 /var/www/CRM/src/vendor/slim/slim/Slim/MiddlewareDispatcher.php(81): Slim\Routing\Route->handle()
#7 /var/www/CRM/src/vendor/slim/slim/Slim/MiddlewareDispatcher.php(81): Slim\MiddlewareDispatcher->handle()
#8 /var/www/CRM/src/vendor/slim/slim/Slim/Routing/Route.php(341): Slim\MiddlewareDispatcher->handle()
#9 /var/www/CRM/src/vendor/slim/slim/Slim/Routing/RouteRunner.php(84): Slim\Routing\Route->run()
#10 /var/www/CRM/src/vendor/slim/http-cache/src/Cache.php(67): Slim\Routing\RouteRunner->handle()
#11 /var/www/CRM/src/vendor/slim/slim/Slim/MiddlewareDispatcher.php(147): Slim\HttpCache\Cache->process()
#12 /var/www/CRM/src/EcclesiaCRM/Slim/Middleware/VersionMiddleware.php(17): Psr\Http\Server\RequestHandlerInterface@anonymous->handle()
#13 /var/www/CRM/src/vendor/slim/slim/Slim/MiddlewareDispatcher.php(313): EcclesiaCRM\Slim\Middleware\VersionMiddleware->__invoke()
#14 /var/www/CRM/src/vendor/tuupola/slim-jwt-auth/src/JwtAuthentication.php(132): Psr\Http\Server\RequestHandlerInterface@anonymous->handle()
#15 /var/www/CRM/src/vendor/slim/slim/Slim/MiddlewareDispatcher.php(147): Tuupola\Middleware\JwtAuthentication->process()
#16 /var/www/CRM/src/vendor/slim/slim/Slim/Middleware/ErrorMiddleware.php(107): Psr\Http\Server\RequestHandlerInterface@anonymous->handle()
#17 /var/www/CRM/src/vendor/slim/slim/Slim/MiddlewareDispatcher.php(147): Slim\Middleware\ErrorMiddleware->process()
#18 /var/www/CRM/src/vendor/slim/slim/Slim/MiddlewareDispatcher.php(81): Psr\Http\Server\RequestHandlerInterface@anonymous->handle()
#19 /var/www/CRM/src/vendor/slim/slim/Slim/App.php(215): Slim\MiddlewareDispatcher->handle()
#20 /var/www/CRM/src/vendor/slim/slim/Slim/App.php(199): Slim\App->handle()
#21 /var/www/CRM/src/v2/index.php(114): Slim\App->run()
#22 {main}
[06-Jan-2022 19:42:55 Europe/Paris] Slim Application Error
Type: Error
Code: 0
Message: Class &quot;SystemURLs&quot; not found
File: /var/www/CRM/src/v2/templates/error/404.php
Line: 21
Trace: #0 /var/www/CRM/src/vendor/slim/php-view/src/PhpRenderer.php(188): include()
#1 /var/www/CRM/src/vendor/slim/php-view/src/PhpRenderer.php(169): Slim\Views\PhpRenderer->protectedIncludeScope()
#2 /var/www/CRM/src/vendor/slim/php-view/src/PhpRenderer.php(62): Slim\Views\PhpRenderer->fetch()
#3 /var/www/CRM/src/EcclesiaCRM/VIEWControllers/VIEWErrorController.php(34): Slim\Views\PhpRenderer->render()
#4 /var/www/CRM/src/vendor/slim/slim/Slim/Handlers/Strategies/RequestResponse.php(43): EcclesiaCRM\VIEWControllers\VIEWErrorController->render404Error()
#5 /var/www/CRM/src/vendor/slim/slim/Slim/Routing/Route.php(384): Slim\Handlers\Strategies\RequestResponse->__invoke()
#6 /var/www/CRM/src/vendor/slim/slim/Slim/MiddlewareDispatcher.php(81): Slim\Routing\Route->handle()
#7 /var/www/CRM/src/vendor/slim/slim/Slim/MiddlewareDispatcher.php(81): Slim\MiddlewareDispatcher->handle()
#8 /var/www/CRM/src/vendor/slim/slim/Slim/Routing/Route.php(341): Slim\MiddlewareDispatcher->handle()
#9 /var/www/CRM/src/vendor/slim/slim/Slim/Routing/RouteRunner.php(84): Slim\Routing\Route->run()
#10 /var/www/CRM/src/vendor/slim/http-cache/src/Cache.php(67): Slim\Routing\RouteRunner->handle()
#11 /var/www/CRM/src/vendor/slim/slim/Slim/MiddlewareDispatcher.php(147): Slim\HttpCache\Cache->process()
#12 /var/www/CRM/src/EcclesiaCRM/Slim/Middleware/VersionMiddleware.php(17): Psr\Http\Server\RequestHandlerInterface@anonymous->handle()
#13 /var/www/CRM/src/vendor/slim/slim/Slim/MiddlewareDispatcher.php(313): EcclesiaCRM\Slim\Middleware\VersionMiddleware->__invoke()
#14 /var/www/CRM/src/vendor/tuupola/slim-jwt-auth/src/JwtAuthentication.php(132): Psr\Http\Server\RequestHandlerInterface@anonymous->handle()
#15 /var/www/CRM/src/vendor/slim/slim/Slim/MiddlewareDispatcher.php(147): Tuupola\Middleware\JwtAuthentication->process()
#16 /var/www/CRM/src/vendor/slim/slim/Slim/Middleware/ErrorMiddleware.php(107): Psr\Http\Server\RequestHandlerInterface@anonymous->handle()
#17 /var/www/CRM/src/vendor/slim/slim/Slim/MiddlewareDispatcher.php(147): Slim\Middleware\ErrorMiddleware->process()
#18 /var/www/CRM/src/vendor/slim/slim/Slim/MiddlewareDispatcher.php(81): Psr\Http\Server\RequestHandlerInterface@anonymous->handle()
#19 /var/www/CRM/src/vendor/slim/slim/Slim/App.php(215): Slim\MiddlewareDispatcher->handle()
#20 /var/www/CRM/src/vendor/slim/slim/Slim/App.php(199): Slim\App->handle()
#21 /var/www/CRM/src/v2/index.php(114): Slim\App->run()
#22 {main}
[06-Jan-2022 19:43:00 Europe/Paris] Slim Application Error
Type: Error
Code: 0
Message: Class &quot;SystemURLs&quot; not found
File: /var/www/CRM/src/v2/templates/error/404.php
Line: 21
Trace: #0 /var/www/CRM/src/vendor/slim/php-view/src/PhpRenderer.php(188): include()
#1 /var/www/CRM/src/vendor/slim/php-view/src/PhpRenderer.php(169): Slim\Views\PhpRenderer->protectedIncludeScope()
#2 /var/www/CRM/src/vendor/slim/php-view/src/PhpRenderer.php(62): Slim\Views\PhpRenderer->fetch()
#3 /var/www/CRM/src/EcclesiaCRM/VIEWControllers/VIEWErrorController.php(34): Slim\Views\PhpRenderer->render()
#4 /var/www/CRM/src/vendor/slim/slim/Slim/Handlers/Strategies/RequestResponse.php(43): EcclesiaCRM\VIEWControllers\VIEWErrorController->render404Error()
#5 /var/www/CRM/src/vendor/slim/slim/Slim/Routing/Route.php(384): Slim\Handlers\Strategies\RequestResponse->__invoke()
#6 /var/www/CRM/src/vendor/slim/slim/Slim/MiddlewareDispatcher.php(81): Slim\Routing\Route->handle()
#7 /var/www/CRM/src/vendor/slim/slim/Slim/MiddlewareDispatcher.php(81): Slim\MiddlewareDispatcher->handle()
#8 /var/www/CRM/src/vendor/slim/slim/Slim/Routing/Route.php(341): Slim\MiddlewareDispatcher->handle()
#9 /var/www/CRM/src/vendor/slim/slim/Slim/Routing/RouteRunner.php(84): Slim\Routing\Route->run()
#10 /var/www/CRM/src/vendor/slim/http-cache/src/Cache.php(67): Slim\Routing\RouteRunner->handle()
#11 /var/www/CRM/src/vendor/slim/slim/Slim/MiddlewareDispatcher.php(147): Slim\HttpCache\Cache->process()
#12 /var/www/CRM/src/EcclesiaCRM/Slim/Middleware/VersionMiddleware.php(17): Psr\Http\Server\RequestHandlerInterface@anonymous->handle()
#13 /var/www/CRM/src/vendor/slim/slim/Slim/MiddlewareDispatcher.php(313): EcclesiaCRM\Slim\Middleware\VersionMiddleware->__invoke()
#14 /var/www/CRM/src/vendor/tuupola/slim-jwt-auth/src/JwtAuthentication.php(132): Psr\Http\Server\RequestHandlerInterface@anonymous->handle()
#15 /var/www/CRM/src/vendor/slim/slim/Slim/MiddlewareDispatcher.php(147): Tuupola\Middleware\JwtAuthentication->process()
#16 /var/www/CRM/src/vendor/slim/slim/Slim/Middleware/ErrorMiddleware.php(107): Psr\Http\Server\RequestHandlerInterface@anonymous->handle()
#17 /var/www/CRM/src/vendor/slim/slim/Slim/MiddlewareDispatcher.php(147): Slim\Middleware\ErrorMiddleware->process()
#18 /var/www/CRM/src/vendor/slim/slim/Slim/MiddlewareDispatcher.php(81): Psr\Http\Server\RequestHandlerInterface@anonymous->handle()
#19 /var/www/CRM/src/vendor/slim/slim/Slim/App.php(215): Slim\MiddlewareDispatcher->handle()
#20 /var/www/CRM/src/vendor/slim/slim/Slim/App.php(199): Slim\App->handle()
#21 /var/www/CRM/src/v2/index.php(114): Slim\App->run()
#22 {main}
[06-Jan-2022 19:46:53 Europe/Paris] Slim Application Error
Type: Error
Code: 0
Message: Class &quot;SystemURLs&quot; not found
File: /var/www/CRM/src/v2/templates/error/404.php
Line: 21
Trace: #0 /var/www/CRM/src/vendor/slim/php-view/src/PhpRenderer.php(188): include()
#1 /var/www/CRM/src/vendor/slim/php-view/src/PhpRenderer.php(169): Slim\Views\PhpRenderer->protectedIncludeScope()
#2 /var/www/CRM/src/vendor/slim/php-view/src/PhpRenderer.php(62): Slim\Views\PhpRenderer->fetch()
#3 /var/www/CRM/src/EcclesiaCRM/VIEWControllers/VIEWErrorController.php(34): Slim\Views\PhpRenderer->render()
#4 /var/www/CRM/src/vendor/slim/slim/Slim/Handlers/Strategies/RequestResponse.php(43): EcclesiaCRM\VIEWControllers\VIEWErrorController->render404Error()
#5 /var/www/CRM/src/vendor/slim/slim/Slim/Routing/Route.php(384): Slim\Handlers\Strategies\RequestResponse->__invoke()
#6 /var/www/CRM/src/vendor/slim/slim/Slim/MiddlewareDispatcher.php(81): Slim\Routing\Route->handle()
#7 /var/www/CRM/src/vendor/slim/slim/Slim/MiddlewareDispatcher.php(81): Slim\MiddlewareDispatcher->handle()
#8 /var/www/CRM/src/vendor/slim/slim/Slim/Routing/Route.php(341): Slim\MiddlewareDispatcher->handle()
#9 /var/www/CRM/src/vendor/slim/slim/Slim/Routing/RouteRunner.php(84): Slim\Routing\Route->run()
#10 /var/www/CRM/src/vendor/slim/http-cache/src/Cache.php(67): Slim\Routing\RouteRunner->handle()
#11 /var/www/CRM/src/vendor/slim/slim/Slim/MiddlewareDispatcher.php(147): Slim\HttpCache\Cache->process()
#12 /var/www/CRM/src/EcclesiaCRM/Slim/Middleware/VersionMiddleware.php(17): Psr\Http\Server\RequestHandlerInterface@anonymous->handle()
#13 /var/www/CRM/src/vendor/slim/slim/Slim/MiddlewareDispatcher.php(313): EcclesiaCRM\Slim\Middleware\VersionMiddleware->__invoke()
#14 /var/www/CRM/src/vendor/tuupola/slim-jwt-auth/src/JwtAuthentication.php(132): Psr\Http\Server\RequestHandlerInterface@anonymous->handle()
#15 /var/www/CRM/src/vendor/slim/slim/Slim/MiddlewareDispatcher.php(147): Tuupola\Middleware\JwtAuthentication->process()
#16 /var/www/CRM/src/vendor/slim/slim/Slim/Middleware/ErrorMiddleware.php(107): Psr\Http\Server\RequestHandlerInterface@anonymous->handle()
#17 /var/www/CRM/src/vendor/slim/slim/Slim/MiddlewareDispatcher.php(147): Slim\Middleware\ErrorMiddleware->process()
#18 /var/www/CRM/src/vendor/slim/slim/Slim/MiddlewareDispatcher.php(81): Psr\Http\Server\RequestHandlerInterface@anonymous->handle()
#19 /var/www/CRM/src/vendor/slim/slim/Slim/App.php(215): Slim\MiddlewareDispatcher->handle()
#20 /var/www/CRM/src/vendor/slim/slim/Slim/App.php(199): Slim\App->handle()
#21 /var/www/CRM/src/v2/index.php(114): Slim\App->run()
#22 {main}
[06-Jan-2022 19:53:19 Europe/Paris] Slim Application Error
Type: TypeError
Code: 0
Message: Slim\Handlers\Strategies\RequestResponse::__invoke(): Return value must be of type Psr\Http\Message\ResponseInterface, array returned
File: /var/www/CRM/src/vendor/slim/slim/Slim/Handlers/Strategies/RequestResponse.php
Line: 43
Trace: #0 /var/www/CRM/src/vendor/slim/slim/Slim/Routing/Route.php(384): Slim\Handlers\Strategies\RequestResponse->__invoke()
#1 /var/www/CRM/src/vendor/slim/slim/Slim/MiddlewareDispatcher.php(81): Slim\Routing\Route->handle()
#2 /var/www/CRM/src/vendor/slim/slim/Slim/MiddlewareDispatcher.php(81): Slim\MiddlewareDispatcher->handle()
#3 /var/www/CRM/src/vendor/slim/slim/Slim/Routing/Route.php(341): Slim\MiddlewareDispatcher->handle()
#4 /var/www/CRM/src/vendor/slim/slim/Slim/Routing/RouteRunner.php(84): Slim\Routing\Route->run()
#5 /var/www/CRM/src/EcclesiaCRM/Slim/Middleware/VersionMiddleware.php(17): Slim\Routing\RouteRunner->handle()
#6 /var/www/CRM/src/vendor/slim/slim/Slim/MiddlewareDispatcher.php(313): EcclesiaCRM\Slim\Middleware\VersionMiddleware->__invoke()
#7 /var/www/CRM/src/vendor/slim/slim/Slim/Middleware/ErrorMiddleware.php(107): Psr\Http\Server\RequestHandlerInterface@anonymous->handle()
#8 /var/www/CRM/src/vendor/slim/slim/Slim/MiddlewareDispatcher.php(147): Slim\Middleware\ErrorMiddleware->process()
#9 /var/www/CRM/src/vendor/slim/slim/Slim/MiddlewareDispatcher.php(81): Psr\Http\Server\RequestHandlerInterface@anonymous->handle()
#10 /var/www/CRM/src/vendor/slim/slim/Slim/App.php(215): Slim\MiddlewareDispatcher->handle()
#11 /var/www/CRM/src/vendor/slim/slim/Slim/App.php(199): Slim\App->handle()
#12 /var/www/CRM/src/kiosk/index.php(68): Slim\App->run()
#13 {main}
[06-Jan-2022 19:57:36 Europe/Paris] Slim Application Error
Type: RuntimeException
Code: 0
Message: Callable EcclesiaCRM\VIEWControllers\VIEWKioskManagerController does not exist
File: /var/www/CRM/src/vendor/slim/slim/Slim/CallableResolver.php
Line: 147
Trace: #0 /var/www/CRM/src/vendor/slim/slim/Slim/CallableResolver.php(101): Slim\CallableResolver->resolveSlimNotation()
#1 /var/www/CRM/src/vendor/slim/slim/Slim/CallableResolver.php(71): Slim\CallableResolver->resolveByPredicate()
#2 /var/www/CRM/src/vendor/slim/slim/Slim/Routing/Route.php(366): Slim\CallableResolver->resolveRoute()
#3 /var/www/CRM/src/vendor/slim/slim/Slim/MiddlewareDispatcher.php(81): Slim\Routing\Route->handle()
#4 /var/www/CRM/src/vendor/slim/slim/Slim/MiddlewareDispatcher.php(81): Slim\MiddlewareDispatcher->handle()
#5 /var/www/CRM/src/vendor/slim/slim/Slim/Routing/Route.php(341): Slim\MiddlewareDispatcher->handle()
#6 /var/www/CRM/src/vendor/slim/slim/Slim/Routing/RouteRunner.php(84): Slim\Routing\Route->run()
#7 /var/www/CRM/src/vendor/slim/http-cache/src/Cache.php(67): Slim\Routing\RouteRunner->handle()
#8 /var/www/CRM/src/vendor/slim/slim/Slim/MiddlewareDispatcher.php(147): Slim\HttpCache\Cache->process()
#9 /var/www/CRM/src/EcclesiaCRM/Slim/Middleware/VersionMiddleware.php(17): Psr\Http\Server\RequestHandlerInterface@anonymous->handle()
#10 /var/www/CRM/src/vendor/slim/slim/Slim/MiddlewareDispatcher.php(313): EcclesiaCRM\Slim\Middleware\VersionMiddleware->__invoke()
#11 /var/www/CRM/src/vendor/tuupola/slim-jwt-auth/src/JwtAuthentication.php(132): Psr\Http\Server\RequestHandlerInterface@anonymous->handle()
#12 /var/www/CRM/src/vendor/slim/slim/Slim/MiddlewareDispatcher.php(147): Tuupola\Middleware\JwtAuthentication->process()
#13 /var/www/CRM/src/vendor/slim/slim/Slim/Middleware/ErrorMiddleware.php(107): Psr\Http\Server\RequestHandlerInterface@anonymous->handle()
#14 /var/www/CRM/src/vendor/slim/slim/Slim/MiddlewareDispatcher.php(147): Slim\Middleware\ErrorMiddleware->process()
#15 /var/www/CRM/src/vendor/slim/slim/Slim/MiddlewareDispatcher.php(81): Psr\Http\Server\RequestHandlerInterface@anonymous->handle()
#16 /var/www/CRM/src/vendor/slim/slim/Slim/App.php(215): Slim\MiddlewareDispatcher->handle()
#17 /var/www/CRM/src/vendor/slim/slim/Slim/App.php(199): Slim\App->handle()
#18 /var/www/CRM/src/v2/index.php(114): Slim\App->run()
#19 {main}
[06-Jan-2022 19:59:42 Europe/Paris] Slim Application Error
Type: RuntimeException
Code: 0
Message: Callable EcclesiaCRM\VIEWControllers\VIEWPeopleController does not exist
File: /var/www/CRM/src/vendor/slim/slim/Slim/CallableResolver.php
Line: 147
Trace: #0 /var/www/CRM/src/vendor/slim/slim/Slim/CallableResolver.php(101): Slim\CallableResolver->resolveSlimNotation()
#1 /var/www/CRM/src/vendor/slim/slim/Slim/CallableResolver.php(71): Slim\CallableResolver->resolveByPredicate()
#2 /var/www/CRM/src/vendor/slim/slim/Slim/Routing/Route.php(366): Slim\CallableResolver->resolveRoute()
#3 /var/www/CRM/src/vendor/slim/slim/Slim/MiddlewareDispatcher.php(81): Slim\Routing\Route->handle()
#4 /var/www/CRM/src/vendor/slim/slim/Slim/MiddlewareDispatcher.php(81): Slim\MiddlewareDispatcher->handle()
#5 /var/www/CRM/src/vendor/slim/slim/Slim/Routing/Route.php(341): Slim\MiddlewareDispatcher->handle()
#6 /var/www/CRM/src/vendor/slim/slim/Slim/Routing/RouteRunner.php(84): Slim\Routing\Route->run()
#7 /var/www/CRM/src/vendor/slim/http-cache/src/Cache.php(67): Slim\Routing\RouteRunner->handle()
#8 /var/www/CRM/src/vendor/slim/slim/Slim/MiddlewareDispatcher.php(147): Slim\HttpCache\Cache->process()
#9 /var/www/CRM/src/EcclesiaCRM/Slim/Middleware/VersionMiddleware.php(17): Psr\Http\Server\RequestHandlerInterface@anonymous->handle()
#10 /var/www/CRM/src/vendor/slim/slim/Slim/MiddlewareDispatcher.php(313): EcclesiaCRM\Slim\Middleware\VersionMiddleware->__invoke()
#11 /var/www/CRM/src/vendor/tuupola/slim-jwt-auth/src/JwtAuthentication.php(132): Psr\Http\Server\RequestHandlerInterface@anonymous->handle()
#12 /var/www/CRM/src/vendor/slim/slim/Slim/MiddlewareDispatcher.php(147): Tuupola\Middleware\JwtAuthentication->process()
#13 /var/www/CRM/src/vendor/slim/slim/Slim/Middleware/ErrorMiddleware.php(107): Psr\Http\Server\RequestHandlerInterface@anonymous->handle()
#14 /var/www/CRM/src/vendor/slim/slim/Slim/MiddlewareDispatcher.php(147): Slim\Middleware\ErrorMiddleware->process()
#15 /var/www/CRM/src/vendor/slim/slim/Slim/MiddlewareDispatcher.php(81): Psr\Http\Server\RequestHandlerInterface@anonymous->handle()
#16 /var/www/CRM/src/vendor/slim/slim/Slim/App.php(215): Slim\MiddlewareDispatcher->handle()
#17 /var/www/CRM/src/vendor/slim/slim/Slim/App.php(199): Slim\App->handle()
#18 /var/www/CRM/src/v2/index.php(114): Slim\App->run()
#19 {main}
[06-Jan-2022 20:03:44 Europe/Paris] Slim Application Error
Type: RuntimeException
Code: 0
Message: Callable EcclesiaCRM\VIEWControllers\VIEWMenuLinkListController does not exist
File: /var/www/CRM/src/vendor/slim/slim/Slim/CallableResolver.php
Line: 147
Trace: #0 /var/www/CRM/src/vendor/slim/slim/Slim/CallableResolver.php(101): Slim\CallableResolver->resolveSlimNotation()
#1 /var/www/CRM/src/vendor/slim/slim/Slim/CallableResolver.php(71): Slim\CallableResolver->resolveByPredicate()
#2 /var/www/CRM/src/vendor/slim/slim/Slim/Routing/Route.php(366): Slim\CallableResolver->resolveRoute()
#3 /var/www/CRM/src/vendor/slim/slim/Slim/MiddlewareDispatcher.php(81): Slim\Routing\Route->handle()
#4 /var/www/CRM/src/vendor/slim/slim/Slim/MiddlewareDispatcher.php(81): Slim\MiddlewareDispatcher->handle()
#5 /var/www/CRM/src/vendor/slim/slim/Slim/Routing/Route.php(341): Slim\MiddlewareDispatcher->handle()
#6 /var/www/CRM/src/vendor/slim/slim/Slim/Routing/RouteRunner.php(84): Slim\Routing\Route->run()
#7 /var/www/CRM/src/vendor/slim/http-cache/src/Cache.php(67): Slim\Routing\RouteRunner->handle()
#8 /var/www/CRM/src/vendor/slim/slim/Slim/MiddlewareDispatcher.php(147): Slim\HttpCache\Cache->process()
#9 /var/www/CRM/src/EcclesiaCRM/Slim/Middleware/VersionMiddleware.php(17): Psr\Http\Server\RequestHandlerInterface@anonymous->handle()
#10 /var/www/CRM/src/vendor/slim/slim/Slim/MiddlewareDispatcher.php(313): EcclesiaCRM\Slim\Middleware\VersionMiddleware->__invoke()
#11 /var/www/CRM/src/vendor/tuupola/slim-jwt-auth/src/JwtAuthentication.php(132): Psr\Http\Server\RequestHandlerInterface@anonymous->handle()
#12 /var/www/CRM/src/vendor/slim/slim/Slim/MiddlewareDispatcher.php(147): Tuupola\Middleware\JwtAuthentication->process()
#13 /var/www/CRM/src/vendor/slim/slim/Slim/Middleware/ErrorMiddleware.php(107): Psr\Http\Server\RequestHandlerInterface@anonymous->handle()
#14 /var/www/CRM/src/vendor/slim/slim/Slim/MiddlewareDispatcher.php(147): Slim\Middleware\ErrorMiddleware->process()
#15 /var/www/CRM/src/vendor/slim/slim/Slim/MiddlewareDispatcher.php(81): Psr\Http\Server\RequestHandlerInterface@anonymous->handle()
#16 /var/www/CRM/src/vendor/slim/slim/Slim/App.php(215): Slim\MiddlewareDispatcher->handle()
#17 /var/www/CRM/src/vendor/slim/slim/Slim/App.php(199): Slim\App->handle()
#18 /var/www/CRM/src/v2/index.php(114): Slim\App->run()
#19 {main}
[06-Jan-2022 20:06:43 Europe/Paris] Slim Application Error
Type: RuntimeException
Code: 0
Message: Callable EcclesiaCRM\VIEWControllers\VIEWPastoralcareList does not exist
File: /var/www/CRM/src/vendor/slim/slim/Slim/CallableResolver.php
Line: 147
Trace: #0 /var/www/CRM/src/vendor/slim/slim/Slim/CallableResolver.php(101): Slim\CallableResolver->resolveSlimNotation()
#1 /var/www/CRM/src/vendor/slim/slim/Slim/CallableResolver.php(71): Slim\CallableResolver->resolveByPredicate()
#2 /var/www/CRM/src/vendor/slim/slim/Slim/Routing/Route.php(366): Slim\CallableResolver->resolveRoute()
#3 /var/www/CRM/src/vendor/slim/slim/Slim/MiddlewareDispatcher.php(81): Slim\Routing\Route->handle()
#4 /var/www/CRM/src/vendor/slim/slim/Slim/MiddlewareDispatcher.php(81): Slim\MiddlewareDispatcher->handle()
#5 /var/www/CRM/src/vendor/slim/slim/Slim/Routing/Route.php(341): Slim\MiddlewareDispatcher->handle()
#6 /var/www/CRM/src/vendor/slim/slim/Slim/Routing/RouteRunner.php(84): Slim\Routing\Route->run()
#7 /var/www/CRM/src/vendor/slim/http-cache/src/Cache.php(67): Slim\Routing\RouteRunner->handle()
#8 /var/www/CRM/src/vendor/slim/slim/Slim/MiddlewareDispatcher.php(147): Slim\HttpCache\Cache->process()
#9 /var/www/CRM/src/EcclesiaCRM/Slim/Middleware/VersionMiddleware.php(17): Psr\Http\Server\RequestHandlerInterface@anonymous->handle()
#10 /var/www/CRM/src/vendor/slim/slim/Slim/MiddlewareDispatcher.php(313): EcclesiaCRM\Slim\Middleware\VersionMiddleware->__invoke()
#11 /var/www/CRM/src/vendor/tuupola/slim-jwt-auth/src/JwtAuthentication.php(132): Psr\Http\Server\RequestHandlerInterface@anonymous->handle()
#12 /var/www/CRM/src/vendor/slim/slim/Slim/MiddlewareDispatcher.php(147): Tuupola\Middleware\JwtAuthentication->process()
#13 /var/www/CRM/src/vendor/slim/slim/Slim/Middleware/ErrorMiddleware.php(107): Psr\Http\Server\RequestHandlerInterface@anonymous->handle()
#14 /var/www/CRM/src/vendor/slim/slim/Slim/MiddlewareDispatcher.php(147): Slim\Middleware\ErrorMiddleware->process()
#15 /var/www/CRM/src/vendor/slim/slim/Slim/MiddlewareDispatcher.php(81): Psr\Http\Server\RequestHandlerInterface@anonymous->handle()
#16 /var/www/CRM/src/vendor/slim/slim/Slim/App.php(215): Slim\MiddlewareDispatcher->handle()
#17 /var/www/CRM/src/vendor/slim/slim/Slim/App.php(199): Slim\App->handle()
#18 /var/www/CRM/src/v2/index.php(114): Slim\App->run()
#19 {main}
[06-Jan-2022 20:06:44 Europe/Paris] Slim Application Error
Type: RuntimeException
Code: 0
Message: Callable EcclesiaCRM\VIEWControllers\VIEWPastoralcareList does not exist
File: /var/www/CRM/src/vendor/slim/slim/Slim/CallableResolver.php
Line: 147
Trace: #0 /var/www/CRM/src/vendor/slim/slim/Slim/CallableResolver.php(101): Slim\CallableResolver->resolveSlimNotation()
#1 /var/www/CRM/src/vendor/slim/slim/Slim/CallableResolver.php(71): Slim\CallableResolver->resolveByPredicate()
#2 /var/www/CRM/src/vendor/slim/slim/Slim/Routing/Route.php(366): Slim\CallableResolver->resolveRoute()
#3 /var/www/CRM/src/vendor/slim/slim/Slim/MiddlewareDispatcher.php(81): Slim\Routing\Route->handle()
#4 /var/www/CRM/src/vendor/slim/slim/Slim/MiddlewareDispatcher.php(81): Slim\MiddlewareDispatcher->handle()
#5 /var/www/CRM/src/vendor/slim/slim/Slim/Routing/Route.php(341): Slim\MiddlewareDispatcher->handle()
#6 /var/www/CRM/src/vendor/slim/slim/Slim/Routing/RouteRunner.php(84): Slim\Routing\Route->run()
#7 /var/www/CRM/src/vendor/slim/http-cache/src/Cache.php(67): Slim\Routing\RouteRunner->handle()
#8 /var/www/CRM/src/vendor/slim/slim/Slim/MiddlewareDispatcher.php(147): Slim\HttpCache\Cache->process()
#9 /var/www/CRM/src/EcclesiaCRM/Slim/Middleware/VersionMiddleware.php(17): Psr\Http\Server\RequestHandlerInterface@anonymous->handle()
#10 /var/www/CRM/src/vendor/slim/slim/Slim/MiddlewareDispatcher.php(313): EcclesiaCRM\Slim\Middleware\VersionMiddleware->__invoke()
#11 /var/www/CRM/src/vendor/tuupola/slim-jwt-auth/src/JwtAuthentication.php(132): Psr\Http\Server\RequestHandlerInterface@anonymous->handle()
#12 /var/www/CRM/src/vendor/slim/slim/Slim/MiddlewareDispatcher.php(147): Tuupola\Middleware\JwtAuthentication->process()
#13 /var/www/CRM/src/vendor/slim/slim/Slim/Middleware/ErrorMiddleware.php(107): Psr\Http\Server\RequestHandlerInterface@anonymous->handle()
#14 /var/www/CRM/src/vendor/slim/slim/Slim/MiddlewareDispatcher.php(147): Slim\Middleware\ErrorMiddleware->process()
#15 /var/www/CRM/src/vendor/slim/slim/Slim/MiddlewareDispatcher.php(81): Psr\Http\Server\RequestHandlerInterface@anonymous->handle()
#16 /var/www/CRM/src/vendor/slim/slim/Slim/App.php(215): Slim\MiddlewareDispatcher->handle()
#17 /var/www/CRM/src/vendor/slim/slim/Slim/App.php(199): Slim\App->handle()
#18 /var/www/CRM/src/v2/index.php(114): Slim\App->run()
#19 {main}
[06-Jan-2022 20:06:53 Europe/Paris] Slim Application Error
Type: TypeError
Code: 0
Message: EcclesiaCRM\APIControllers\PastoralCareController::editPastoralCareType(): Return value must be of type Psr\Http\Message\ResponseInterface, string returned
File: /var/www/CRM/src/EcclesiaCRM/APIControllers/PastoralCareController.php
Line: 168
Trace: #0 /var/www/CRM/src/vendor/slim/slim/Slim/Handlers/Strategies/RequestResponse.php(43): EcclesiaCRM\APIControllers\PastoralCareController->editPastoralCareType()
#1 /var/www/CRM/src/vendor/slim/slim/Slim/Routing/Route.php(384): Slim\Handlers\Strategies\RequestResponse->__invoke()
#2 /var/www/CRM/src/vendor/slim/slim/Slim/MiddlewareDispatcher.php(81): Slim\Routing\Route->handle()
#3 /var/www/CRM/src/vendor/slim/slim/Slim/MiddlewareDispatcher.php(81): Slim\MiddlewareDispatcher->handle()
#4 /var/www/CRM/src/vendor/slim/slim/Slim/Routing/Route.php(341): Slim\MiddlewareDispatcher->handle()
#5 /var/www/CRM/src/vendor/slim/slim/Slim/Routing/RouteRunner.php(84): Slim\Routing\Route->run()
#6 /var/www/CRM/src/EcclesiaCRM/Slim/Middleware/VersionMiddleware.php(17): Slim\Routing\RouteRunner->handle()
#7 /var/www/CRM/src/vendor/slim/slim/Slim/MiddlewareDispatcher.php(313): EcclesiaCRM\Slim\Middleware\VersionMiddleware->__invoke()
#8 /var/www/CRM/src/vendor/tuupola/slim-jwt-auth/src/JwtAuthentication.php(132): Psr\Http\Server\RequestHandlerInterface@anonymous->handle()
#9 /var/www/CRM/src/vendor/slim/slim/Slim/MiddlewareDispatcher.php(147): Tuupola\Middleware\JwtAuthentication->process()
#10 /var/www/CRM/src/vendor/slim/slim/Slim/Middleware/ErrorMiddleware.php(107): Psr\Http\Server\RequestHandlerInterface@anonymous->handle()
#11 /var/www/CRM/src/vendor/slim/slim/Slim/MiddlewareDispatcher.php(147): Slim\Middleware\ErrorMiddleware->process()
#12 /var/www/CRM/src/vendor/slim/slim/Slim/MiddlewareDispatcher.php(81): Psr\Http\Server\RequestHandlerInterface@anonymous->handle()
#13 /var/www/CRM/src/vendor/slim/slim/Slim/App.php(215): Slim\MiddlewareDispatcher->handle()
#14 /var/www/CRM/src/vendor/slim/slim/Slim/App.php(199): Slim\App->handle()
#15 /var/www/CRM/src/api/index.php(135): Slim\App->run()
#16 {main}
[06-Jan-2022 20:06:55 Europe/Paris] Slim Application Error
Type: TypeError
Code: 0
Message: EcclesiaCRM\APIControllers\PastoralCareController::editPastoralCareType(): Return value must be of type Psr\Http\Message\ResponseInterface, string returned
File: /var/www/CRM/src/EcclesiaCRM/APIControllers/PastoralCareController.php
Line: 168
Trace: #0 /var/www/CRM/src/vendor/slim/slim/Slim/Handlers/Strategies/RequestResponse.php(43): EcclesiaCRM\APIControllers\PastoralCareController->editPastoralCareType()
#1 /var/www/CRM/src/vendor/slim/slim/Slim/Routing/Route.php(384): Slim\Handlers\Strategies\RequestResponse->__invoke()
#2 /var/www/CRM/src/vendor/slim/slim/Slim/MiddlewareDispatcher.php(81): Slim\Routing\Route->handle()
#3 /var/www/CRM/src/vendor/slim/slim/Slim/MiddlewareDispatcher.php(81): Slim\MiddlewareDispatcher->handle()
#4 /var/www/CRM/src/vendor/slim/slim/Slim/Routing/Route.php(341): Slim\MiddlewareDispatcher->handle()
#5 /var/www/CRM/src/vendor/slim/slim/Slim/Routing/RouteRunner.php(84): Slim\Routing\Route->run()
#6 /var/www/CRM/src/EcclesiaCRM/Slim/Middleware/VersionMiddleware.php(17): Slim\Routing\RouteRunner->handle()
#7 /var/www/CRM/src/vendor/slim/slim/Slim/MiddlewareDispatcher.php(313): EcclesiaCRM\Slim\Middleware\VersionMiddleware->__invoke()
#8 /var/www/CRM/src/vendor/tuupola/slim-jwt-auth/src/JwtAuthentication.php(132): Psr\Http\Server\RequestHandlerInterface@anonymous->handle()
#9 /var/www/CRM/src/vendor/slim/slim/Slim/MiddlewareDispatcher.php(147): Tuupola\Middleware\JwtAuthentication->process()
#10 /var/www/CRM/src/vendor/slim/slim/Slim/Middleware/ErrorMiddleware.php(107): Psr\Http\Server\RequestHandlerInterface@anonymous->handle()
#11 /var/www/CRM/src/vendor/slim/slim/Slim/MiddlewareDispatcher.php(147): Slim\Middleware\ErrorMiddleware->process()
#12 /var/www/CRM/src/vendor/slim/slim/Slim/MiddlewareDispatcher.php(81): Psr\Http\Server\RequestHandlerInterface@anonymous->handle()
#13 /var/www/CRM/src/vendor/slim/slim/Slim/App.php(215): Slim\MiddlewareDispatcher->handle()
#14 /var/www/CRM/src/vendor/slim/slim/Slim/App.php(199): Slim\App->handle()
#15 /var/www/CRM/src/api/index.php(135): Slim\App->run()
#16 {main}
[06-Jan-2022 20:06:56 Europe/Paris] Slim Application Error
Type: TypeError
Code: 0
Message: EcclesiaCRM\APIControllers\PastoralCareController::editPastoralCareType(): Return value must be of type Psr\Http\Message\ResponseInterface, string returned
File: /var/www/CRM/src/EcclesiaCRM/APIControllers/PastoralCareController.php
Line: 168
Trace: #0 /var/www/CRM/src/vendor/slim/slim/Slim/Handlers/Strategies/RequestResponse.php(43): EcclesiaCRM\APIControllers\PastoralCareController->editPastoralCareType()
#1 /var/www/CRM/src/vendor/slim/slim/Slim/Routing/Route.php(384): Slim\Handlers\Strategies\RequestResponse->__invoke()
#2 /var/www/CRM/src/vendor/slim/slim/Slim/MiddlewareDispatcher.php(81): Slim\Routing\Route->handle()
#3 /var/www/CRM/src/vendor/slim/slim/Slim/MiddlewareDispatcher.php(81): Slim\MiddlewareDispatcher->handle()
#4 /var/www/CRM/src/vendor/slim/slim/Slim/Routing/Route.php(341): Slim\MiddlewareDispatcher->handle()
#5 /var/www/CRM/src/vendor/slim/slim/Slim/Routing/RouteRunner.php(84): Slim\Routing\Route->run()
#6 /var/www/CRM/src/EcclesiaCRM/Slim/Middleware/VersionMiddleware.php(17): Slim\Routing\RouteRunner->handle()
#7 /var/www/CRM/src/vendor/slim/slim/Slim/MiddlewareDispatcher.php(313): EcclesiaCRM\Slim\Middleware\VersionMiddleware->__invoke()
#8 /var/www/CRM/src/vendor/tuupola/slim-jwt-auth/src/JwtAuthentication.php(132): Psr\Http\Server\RequestHandlerInterface@anonymous->handle()
#9 /var/www/CRM/src/vendor/slim/slim/Slim/MiddlewareDispatcher.php(147): Tuupola\Middleware\JwtAuthentication->process()
#10 /var/www/CRM/src/vendor/slim/slim/Slim/Middleware/ErrorMiddleware.php(107): Psr\Http\Server\RequestHandlerInterface@anonymous->handle()
#11 /var/www/CRM/src/vendor/slim/slim/Slim/MiddlewareDispatcher.php(147): Slim\Middleware\ErrorMiddleware->process()
#12 /var/www/CRM/src/vendor/slim/slim/Slim/MiddlewareDispatcher.php(81): Psr\Http\Server\RequestHandlerInterface@anonymous->handle()
#13 /var/www/CRM/src/vendor/slim/slim/Slim/App.php(215): Slim\MiddlewareDispatcher->handle()
#14 /var/www/CRM/src/vendor/slim/slim/Slim/App.php(199): Slim\App->handle()
#15 /var/www/CRM/src/api/index.php(135): Slim\App->run()
#16 {main}
[06-Jan-2022 20:07:06 Europe/Paris] Slim Application Error
Type: TypeError
Code: 0
Message: EcclesiaCRM\APIControllers\PastoralCareController::editPastoralCareType(): Return value must be of type Psr\Http\Message\ResponseInterface, string returned
File: /var/www/CRM/src/EcclesiaCRM/APIControllers/PastoralCareController.php
Line: 168
Trace: #0 /var/www/CRM/src/vendor/slim/slim/Slim/Handlers/Strategies/RequestResponse.php(43): EcclesiaCRM\APIControllers\PastoralCareController->editPastoralCareType()
#1 /var/www/CRM/src/vendor/slim/slim/Slim/Routing/Route.php(384): Slim\Handlers\Strategies\RequestResponse->__invoke()
#2 /var/www/CRM/src/vendor/slim/slim/Slim/MiddlewareDispatcher.php(81): Slim\Routing\Route->handle()
#3 /var/www/CRM/src/vendor/slim/slim/Slim/MiddlewareDispatcher.php(81): Slim\MiddlewareDispatcher->handle()
#4 /var/www/CRM/src/vendor/slim/slim/Slim/Routing/Route.php(341): Slim\MiddlewareDispatcher->handle()
#5 /var/www/CRM/src/vendor/slim/slim/Slim/Routing/RouteRunner.php(84): Slim\Routing\Route->run()
#6 /var/www/CRM/src/EcclesiaCRM/Slim/Middleware/VersionMiddleware.php(17): Slim\Routing\RouteRunner->handle()
#7 /var/www/CRM/src/vendor/slim/slim/Slim/MiddlewareDispatcher.php(313): EcclesiaCRM\Slim\Middleware\VersionMiddleware->__invoke()
#8 /var/www/CRM/src/vendor/tuupola/slim-jwt-auth/src/JwtAuthentication.php(132): Psr\Http\Server\RequestHandlerInterface@anonymous->handle()
#9 /var/www/CRM/src/vendor/slim/slim/Slim/MiddlewareDispatcher.php(147): Tuupola\Middleware\JwtAuthentication->process()
#10 /var/www/CRM/src/vendor/slim/slim/Slim/Middleware/ErrorMiddleware.php(107): Psr\Http\Server\RequestHandlerInterface@anonymous->handle()
#11 /var/www/CRM/src/vendor/slim/slim/Slim/MiddlewareDispatcher.php(147): Slim\Middleware\ErrorMiddleware->process()
#12 /var/www/CRM/src/vendor/slim/slim/Slim/MiddlewareDispatcher.php(81): Psr\Http\Server\RequestHandlerInterface@anonymous->handle()
#13 /var/www/CRM/src/vendor/slim/slim/Slim/App.php(215): Slim\MiddlewareDispatcher->handle()
#14 /var/www/CRM/src/vendor/slim/slim/Slim/App.php(199): Slim\App->handle()
#15 /var/www/CRM/src/api/index.php(135): Slim\App->run()
#16 {main}
[06-Jan-2022 20:11:13 Europe/Paris] Slim Application Error
Type: RuntimeException
Code: 0
Message: Callable EcclesiaCRM\VIEWControllers\VIEWPastoralcareListController does not exist
File: /var/www/CRM/src/vendor/slim/slim/Slim/CallableResolver.php
Line: 147
Trace: #0 /var/www/CRM/src/vendor/slim/slim/Slim/CallableResolver.php(101): Slim\CallableResolver->resolveSlimNotation()
#1 /var/www/CRM/src/vendor/slim/slim/Slim/CallableResolver.php(71): Slim\CallableResolver->resolveByPredicate()
#2 /var/www/CRM/src/vendor/slim/slim/Slim/Routing/Route.php(366): Slim\CallableResolver->resolveRoute()
#3 /var/www/CRM/src/vendor/slim/slim/Slim/MiddlewareDispatcher.php(81): Slim\Routing\Route->handle()
#4 /var/www/CRM/src/vendor/slim/slim/Slim/MiddlewareDispatcher.php(81): Slim\MiddlewareDispatcher->handle()
#5 /var/www/CRM/src/vendor/slim/slim/Slim/Routing/Route.php(341): Slim\MiddlewareDispatcher->handle()
#6 /var/www/CRM/src/vendor/slim/slim/Slim/Routing/RouteRunner.php(84): Slim\Routing\Route->run()
#7 /var/www/CRM/src/vendor/slim/http-cache/src/Cache.php(67): Slim\Routing\RouteRunner->handle()
#8 /var/www/CRM/src/vendor/slim/slim/Slim/MiddlewareDispatcher.php(147): Slim\HttpCache\Cache->process()
#9 /var/www/CRM/src/EcclesiaCRM/Slim/Middleware/VersionMiddleware.php(17): Psr\Http\Server\RequestHandlerInterface@anonymous->handle()
#10 /var/www/CRM/src/vendor/slim/slim/Slim/MiddlewareDispatcher.php(313): EcclesiaCRM\Slim\Middleware\VersionMiddleware->__invoke()
#11 /var/www/CRM/src/vendor/tuupola/slim-jwt-auth/src/JwtAuthentication.php(132): Psr\Http\Server\RequestHandlerInterface@anonymous->handle()
#12 /var/www/CRM/src/vendor/slim/slim/Slim/MiddlewareDispatcher.php(147): Tuupola\Middleware\JwtAuthentication->process()
#13 /var/www/CRM/src/vendor/slim/slim/Slim/Middleware/ErrorMiddleware.php(107): Psr\Http\Server\RequestHandlerInterface@anonymous->handle()
#14 /var/www/CRM/src/vendor/slim/slim/Slim/MiddlewareDispatcher.php(147): Slim\Middleware\ErrorMiddleware->process()
#15 /var/www/CRM/src/vendor/slim/slim/Slim/MiddlewareDispatcher.php(81): Psr\Http\Server\RequestHandlerInterface@anonymous->handle()
#16 /var/www/CRM/src/vendor/slim/slim/Slim/App.php(215): Slim\MiddlewareDispatcher->handle()
#17 /var/www/CRM/src/vendor/slim/slim/Slim/App.php(199): Slim\App->handle()
#18 /var/www/CRM/src/v2/index.php(114): Slim\App->run()
#19 {main}
[06-Jan-2022 20:11:14 Europe/Paris] Slim Application Error
Type: RuntimeException
Code: 0
Message: Callable EcclesiaCRM\VIEWControllers\VIEWPastoralcareListController does not exist
File: /var/www/CRM/src/vendor/slim/slim/Slim/CallableResolver.php
Line: 147
Trace: #0 /var/www/CRM/src/vendor/slim/slim/Slim/CallableResolver.php(101): Slim\CallableResolver->resolveSlimNotation()
#1 /var/www/CRM/src/vendor/slim/slim/Slim/CallableResolver.php(71): Slim\CallableResolver->resolveByPredicate()
#2 /var/www/CRM/src/vendor/slim/slim/Slim/Routing/Route.php(366): Slim\CallableResolver->resolveRoute()
#3 /var/www/CRM/src/vendor/slim/slim/Slim/MiddlewareDispatcher.php(81): Slim\Routing\Route->handle()
#4 /var/www/CRM/src/vendor/slim/slim/Slim/MiddlewareDispatcher.php(81): Slim\MiddlewareDispatcher->handle()
#5 /var/www/CRM/src/vendor/slim/slim/Slim/Routing/Route.php(341): Slim\MiddlewareDispatcher->handle()
#6 /var/www/CRM/src/vendor/slim/slim/Slim/Routing/RouteRunner.php(84): Slim\Routing\Route->run()
#7 /var/www/CRM/src/vendor/slim/http-cache/src/Cache.php(67): Slim\Routing\RouteRunner->handle()
#8 /var/www/CRM/src/vendor/slim/slim/Slim/MiddlewareDispatcher.php(147): Slim\HttpCache\Cache->process()
#9 /var/www/CRM/src/EcclesiaCRM/Slim/Middleware/VersionMiddleware.php(17): Psr\Http\Server\RequestHandlerInterface@anonymous->handle()
#10 /var/www/CRM/src/vendor/slim/slim/Slim/MiddlewareDispatcher.php(313): EcclesiaCRM\Slim\Middleware\VersionMiddleware->__invoke()
#11 /var/www/CRM/src/vendor/tuupola/slim-jwt-auth/src/JwtAuthentication.php(132): Psr\Http\Server\RequestHandlerInterface@anonymous->handle()
#12 /var/www/CRM/src/vendor/slim/slim/Slim/MiddlewareDispatcher.php(147): Tuupola\Middleware\JwtAuthentication->process()
#13 /var/www/CRM/src/vendor/slim/slim/Slim/Middleware/ErrorMiddleware.php(107): Psr\Http\Server\RequestHandlerInterface@anonymous->handle()
#14 /var/www/CRM/src/vendor/slim/slim/Slim/MiddlewareDispatcher.php(147): Slim\Middleware\ErrorMiddleware->process()
#15 /var/www/CRM/src/vendor/slim/slim/Slim/MiddlewareDispatcher.php(81): Psr\Http\Server\RequestHandlerInterface@anonymous->handle()
#16 /var/www/CRM/src/vendor/slim/slim/Slim/App.php(215): Slim\MiddlewareDispatcher->handle()
#17 /var/www/CRM/src/vendor/slim/slim/Slim/App.php(199): Slim\App->handle()
#18 /var/www/CRM/src/v2/index.php(114): Slim\App->run()
#19 {main}
[06-Jan-2022 20:14:00 Europe/Paris] Slim Application Error
Type: Error
Code: 0
Message: Class &quot;SystemURLs&quot; not found
File: /var/www/CRM/src/v2/templates/error/404.php
Line: 21
Trace: #0 /var/www/CRM/src/vendor/slim/php-view/src/PhpRenderer.php(188): include()
#1 /var/www/CRM/src/vendor/slim/php-view/src/PhpRenderer.php(169): Slim\Views\PhpRenderer->protectedIncludeScope()
#2 /var/www/CRM/src/vendor/slim/php-view/src/PhpRenderer.php(62): Slim\Views\PhpRenderer->fetch()
#3 /var/www/CRM/src/EcclesiaCRM/VIEWControllers/VIEWErrorController.php(34): Slim\Views\PhpRenderer->render()
#4 /var/www/CRM/src/vendor/slim/slim/Slim/Handlers/Strategies/RequestResponse.php(43): EcclesiaCRM\VIEWControllers\VIEWErrorController->render404Error()
#5 /var/www/CRM/src/vendor/slim/slim/Slim/Routing/Route.php(384): Slim\Handlers\Strategies\RequestResponse->__invoke()
#6 /var/www/CRM/src/vendor/slim/slim/Slim/MiddlewareDispatcher.php(81): Slim\Routing\Route->handle()
#7 /var/www/CRM/src/vendor/slim/slim/Slim/MiddlewareDispatcher.php(81): Slim\MiddlewareDispatcher->handle()
#8 /var/www/CRM/src/vendor/slim/slim/Slim/Routing/Route.php(341): Slim\MiddlewareDispatcher->handle()
#9 /var/www/CRM/src/vendor/slim/slim/Slim/Routing/RouteRunner.php(84): Slim\Routing\Route->run()
#10 /var/www/CRM/src/vendor/slim/http-cache/src/Cache.php(67): Slim\Routing\RouteRunner->handle()
#11 /var/www/CRM/src/vendor/slim/slim/Slim/MiddlewareDispatcher.php(147): Slim\HttpCache\Cache->process()
#12 /var/www/CRM/src/EcclesiaCRM/Slim/Middleware/VersionMiddleware.php(17): Psr\Http\Server\RequestHandlerInterface@anonymous->handle()
#13 /var/www/CRM/src/vendor/slim/slim/Slim/MiddlewareDispatcher.php(313): EcclesiaCRM\Slim\Middleware\VersionMiddleware->__invoke()
#14 /var/www/CRM/src/vendor/tuupola/slim-jwt-auth/src/JwtAuthentication.php(132): Psr\Http\Server\RequestHandlerInterface@anonymous->handle()
#15 /var/www/CRM/src/vendor/slim/slim/Slim/MiddlewareDispatcher.php(147): Tuupola\Middleware\JwtAuthentication->process()
#16 /var/www/CRM/src/vendor/slim/slim/Slim/Middleware/ErrorMiddleware.php(107): Psr\Http\Server\RequestHandlerInterface@anonymous->handle()
#17 /var/www/CRM/src/vendor/slim/slim/Slim/MiddlewareDispatcher.php(147): Slim\Middleware\ErrorMiddleware->process()
#18 /var/www/CRM/src/vendor/slim/slim/Slim/MiddlewareDispatcher.php(81): Psr\Http\Server\RequestHandlerInterface@anonymous->handle()
#19 /var/www/CRM/src/vendor/slim/slim/Slim/App.php(215): Slim\MiddlewareDispatcher->handle()
#20 /var/www/CRM/src/vendor/slim/slim/Slim/App.php(199): Slim\App->handle()
#21 /var/www/CRM/src/v2/index.php(114): Slim\App->run()
#22 {main}
[06-Jan-2022 20:14:04 Europe/Paris] Slim Application Error
Type: Error
Code: 0
Message: Class &quot;SystemURLs&quot; not found
File: /var/www/CRM/src/v2/templates/error/404.php
Line: 21
Trace: #0 /var/www/CRM/src/vendor/slim/php-view/src/PhpRenderer.php(188): include()
#1 /var/www/CRM/src/vendor/slim/php-view/src/PhpRenderer.php(169): Slim\Views\PhpRenderer->protectedIncludeScope()
#2 /var/www/CRM/src/vendor/slim/php-view/src/PhpRenderer.php(62): Slim\Views\PhpRenderer->fetch()
#3 /var/www/CRM/src/EcclesiaCRM/VIEWControllers/VIEWErrorController.php(34): Slim\Views\PhpRenderer->render()
#4 /var/www/CRM/src/vendor/slim/slim/Slim/Handlers/Strategies/RequestResponse.php(43): EcclesiaCRM\VIEWControllers\VIEWErrorController->render404Error()
#5 /var/www/CRM/src/vendor/slim/slim/Slim/Routing/Route.php(384): Slim\Handlers\Strategies\RequestResponse->__invoke()
#6 /var/www/CRM/src/vendor/slim/slim/Slim/MiddlewareDispatcher.php(81): Slim\Routing\Route->handle()
#7 /var/www/CRM/src/vendor/slim/slim/Slim/MiddlewareDispatcher.php(81): Slim\MiddlewareDispatcher->handle()
#8 /var/www/CRM/src/vendor/slim/slim/Slim/Routing/Route.php(341): Slim\MiddlewareDispatcher->handle()
#9 /var/www/CRM/src/vendor/slim/slim/Slim/Routing/RouteRunner.php(84): Slim\Routing\Route->run()
#10 /var/www/CRM/src/vendor/slim/http-cache/src/Cache.php(67): Slim\Routing\RouteRunner->handle()
#11 /var/www/CRM/src/vendor/slim/slim/Slim/MiddlewareDispatcher.php(147): Slim\HttpCache\Cache->process()
#12 /var/www/CRM/src/EcclesiaCRM/Slim/Middleware/VersionMiddleware.php(17): Psr\Http\Server\RequestHandlerInterface@anonymous->handle()
#13 /var/www/CRM/src/vendor/slim/slim/Slim/MiddlewareDispatcher.php(313): EcclesiaCRM\Slim\Middleware\VersionMiddleware->__invoke()
#14 /var/www/CRM/src/vendor/tuupola/slim-jwt-auth/src/JwtAuthentication.php(132): Psr\Http\Server\RequestHandlerInterface@anonymous->handle()
#15 /var/www/CRM/src/vendor/slim/slim/Slim/MiddlewareDispatcher.php(147): Tuupola\Middleware\JwtAuthentication->process()
#16 /var/www/CRM/src/vendor/slim/slim/Slim/Middleware/ErrorMiddleware.php(107): Psr\Http\Server\RequestHandlerInterface@anonymous->handle()
#17 /var/www/CRM/src/vendor/slim/slim/Slim/MiddlewareDispatcher.php(147): Slim\Middleware\ErrorMiddleware->process()
#18 /var/www/CRM/src/vendor/slim/slim/Slim/MiddlewareDispatcher.php(81): Psr\Http\Server\RequestHandlerInterface@anonymous->handle()
#19 /var/www/CRM/src/vendor/slim/slim/Slim/App.php(215): Slim\MiddlewareDispatcher->handle()
#20 /var/www/CRM/src/vendor/slim/slim/Slim/App.php(199): Slim\App->handle()
#21 /var/www/CRM/src/v2/index.php(114): Slim\App->run()
#22 {main}
[06-Jan-2022 20:14:07 Europe/Paris] Slim Application Error
Type: Error
Code: 0
Message: Class &quot;SystemURLs&quot; not found
File: /var/www/CRM/src/v2/templates/error/404.php
Line: 21
Trace: #0 /var/www/CRM/src/vendor/slim/php-view/src/PhpRenderer.php(188): include()
#1 /var/www/CRM/src/vendor/slim/php-view/src/PhpRenderer.php(169): Slim\Views\PhpRenderer->protectedIncludeScope()
#2 /var/www/CRM/src/vendor/slim/php-view/src/PhpRenderer.php(62): Slim\Views\PhpRenderer->fetch()
#3 /var/www/CRM/src/EcclesiaCRM/VIEWControllers/VIEWErrorController.php(34): Slim\Views\PhpRenderer->render()
#4 /var/www/CRM/src/vendor/slim/slim/Slim/Handlers/Strategies/RequestResponse.php(43): EcclesiaCRM\VIEWControllers\VIEWErrorController->render404Error()
#5 /var/www/CRM/src/vendor/slim/slim/Slim/Routing/Route.php(384): Slim\Handlers\Strategies\RequestResponse->__invoke()
#6 /var/www/CRM/src/vendor/slim/slim/Slim/MiddlewareDispatcher.php(81): Slim\Routing\Route->handle()
#7 /var/www/CRM/src/vendor/slim/slim/Slim/MiddlewareDispatcher.php(81): Slim\MiddlewareDispatcher->handle()
#8 /var/www/CRM/src/vendor/slim/slim/Slim/Routing/Route.php(341): Slim\MiddlewareDispatcher->handle()
#9 /var/www/CRM/src/vendor/slim/slim/Slim/Routing/RouteRunner.php(84): Slim\Routing\Route->run()
#10 /var/www/CRM/src/vendor/slim/http-cache/src/Cache.php(67): Slim\Routing\RouteRunner->handle()
#11 /var/www/CRM/src/vendor/slim/slim/Slim/MiddlewareDispatcher.php(147): Slim\HttpCache\Cache->process()
#12 /var/www/CRM/src/EcclesiaCRM/Slim/Middleware/VersionMiddleware.php(17): Psr\Http\Server\RequestHandlerInterface@anonymous->handle()
#13 /var/www/CRM/src/vendor/slim/slim/Slim/MiddlewareDispatcher.php(313): EcclesiaCRM\Slim\Middleware\VersionMiddleware->__invoke()
#14 /var/www/CRM/src/vendor/tuupola/slim-jwt-auth/src/JwtAuthentication.php(132): Psr\Http\Server\RequestHandlerInterface@anonymous->handle()
#15 /var/www/CRM/src/vendor/slim/slim/Slim/MiddlewareDispatcher.php(147): Tuupola\Middleware\JwtAuthentication->process()
#16 /var/www/CRM/src/vendor/slim/slim/Slim/Middleware/ErrorMiddleware.php(107): Psr\Http\Server\RequestHandlerInterface@anonymous->handle()
#17 /var/www/CRM/src/vendor/slim/slim/Slim/MiddlewareDispatcher.php(147): Slim\Middleware\ErrorMiddleware->process()
#18 /var/www/CRM/src/vendor/slim/slim/Slim/MiddlewareDispatcher.php(81): Psr\Http\Server\RequestHandlerInterface@anonymous->handle()
#19 /var/www/CRM/src/vendor/slim/slim/Slim/App.php(215): Slim\MiddlewareDispatcher->handle()
#20 /var/www/CRM/src/vendor/slim/slim/Slim/App.php(199): Slim\App->handle()
#21 /var/www/CRM/src/v2/index.php(114): Slim\App->run()
#22 {main}
[06-Jan-2022 20:17:37 Europe/Paris] Slim Application Error
Type: RuntimeException
Code: 0
Message: Callable EcclesiaCRM\VIEWControllers\VIEWPropertyTypeListController does not exist
File: /var/www/CRM/src/vendor/slim/slim/Slim/CallableResolver.php
Line: 147
Trace: #0 /var/www/CRM/src/vendor/slim/slim/Slim/CallableResolver.php(101): Slim\CallableResolver->resolveSlimNotation()
#1 /var/www/CRM/src/vendor/slim/slim/Slim/CallableResolver.php(71): Slim\CallableResolver->resolveByPredicate()
#2 /var/www/CRM/src/vendor/slim/slim/Slim/Routing/Route.php(366): Slim\CallableResolver->resolveRoute()
#3 /var/www/CRM/src/vendor/slim/slim/Slim/MiddlewareDispatcher.php(81): Slim\Routing\Route->handle()
#4 /var/www/CRM/src/vendor/slim/slim/Slim/MiddlewareDispatcher.php(81): Slim\MiddlewareDispatcher->handle()
#5 /var/www/CRM/src/vendor/slim/slim/Slim/Routing/Route.php(341): Slim\MiddlewareDispatcher->handle()
#6 /var/www/CRM/src/vendor/slim/slim/Slim/Routing/RouteRunner.php(84): Slim\Routing\Route->run()
#7 /var/www/CRM/src/vendor/slim/http-cache/src/Cache.php(67): Slim\Routing\RouteRunner->handle()
#8 /var/www/CRM/src/vendor/slim/slim/Slim/MiddlewareDispatcher.php(147): Slim\HttpCache\Cache->process()
#9 /var/www/CRM/src/EcclesiaCRM/Slim/Middleware/VersionMiddleware.php(17): Psr\Http\Server\RequestHandlerInterface@anonymous->handle()
#10 /var/www/CRM/src/vendor/slim/slim/Slim/MiddlewareDispatcher.php(313): EcclesiaCRM\Slim\Middleware\VersionMiddleware->__invoke()
#11 /var/www/CRM/src/vendor/tuupola/slim-jwt-auth/src/JwtAuthentication.php(132): Psr\Http\Server\RequestHandlerInterface@anonymous->handle()
#12 /var/www/CRM/src/vendor/slim/slim/Slim/MiddlewareDispatcher.php(147): Tuupola\Middleware\JwtAuthentication->process()
#13 /var/www/CRM/src/vendor/slim/slim/Slim/Middleware/ErrorMiddleware.php(107): Psr\Http\Server\RequestHandlerInterface@anonymous->handle()
#14 /var/www/CRM/src/vendor/slim/slim/Slim/MiddlewareDispatcher.php(147): Slim\Middleware\ErrorMiddleware->process()
#15 /var/www/CRM/src/vendor/slim/slim/Slim/MiddlewareDispatcher.php(81): Psr\Http\Server\RequestHandlerInterface@anonymous->handle()
#16 /var/www/CRM/src/vendor/slim/slim/Slim/App.php(215): Slim\MiddlewareDispatcher->handle()
#17 /var/www/CRM/src/vendor/slim/slim/Slim/App.php(199): Slim\App->handle()
#18 /var/www/CRM/src/v2/index.php(114): Slim\App->run()
#19 {main}
[06-Jan-2022 20:20:17 Europe/Paris] Slim Application Error
Type: RuntimeException
Code: 0
Message: Callable EcclesiaCRM\VIEWControllers\VIEWVolunteerOpportunityEditorController does not exist
File: /var/www/CRM/src/vendor/slim/slim/Slim/CallableResolver.php
Line: 147
Trace: #0 /var/www/CRM/src/vendor/slim/slim/Slim/CallableResolver.php(101): Slim\CallableResolver->resolveSlimNotation()
#1 /var/www/CRM/src/vendor/slim/slim/Slim/CallableResolver.php(71): Slim\CallableResolver->resolveByPredicate()
#2 /var/www/CRM/src/vendor/slim/slim/Slim/Routing/Route.php(366): Slim\CallableResolver->resolveRoute()
#3 /var/www/CRM/src/vendor/slim/slim/Slim/MiddlewareDispatcher.php(81): Slim\Routing\Route->handle()
#4 /var/www/CRM/src/vendor/slim/slim/Slim/MiddlewareDispatcher.php(81): Slim\MiddlewareDispatcher->handle()
#5 /var/www/CRM/src/vendor/slim/slim/Slim/Routing/Route.php(341): Slim\MiddlewareDispatcher->handle()
#6 /var/www/CRM/src/vendor/slim/slim/Slim/Routing/RouteRunner.php(84): Slim\Routing\Route->run()
#7 /var/www/CRM/src/vendor/slim/http-cache/src/Cache.php(67): Slim\Routing\RouteRunner->handle()
#8 /var/www/CRM/src/vendor/slim/slim/Slim/MiddlewareDispatcher.php(147): Slim\HttpCache\Cache->process()
#9 /var/www/CRM/src/EcclesiaCRM/Slim/Middleware/VersionMiddleware.php(17): Psr\Http\Server\RequestHandlerInterface@anonymous->handle()
#10 /var/www/CRM/src/vendor/slim/slim/Slim/MiddlewareDispatcher.php(313): EcclesiaCRM\Slim\Middleware\VersionMiddleware->__invoke()
#11 /var/www/CRM/src/vendor/tuupola/slim-jwt-auth/src/JwtAuthentication.php(132): Psr\Http\Server\RequestHandlerInterface@anonymous->handle()
#12 /var/www/CRM/src/vendor/slim/slim/Slim/MiddlewareDispatcher.php(147): Tuupola\Middleware\JwtAuthentication->process()
#13 /var/www/CRM/src/vendor/slim/slim/Slim/Middleware/ErrorMiddleware.php(107): Psr\Http\Server\RequestHandlerInterface@anonymous->handle()
#14 /var/www/CRM/src/vendor/slim/slim/Slim/MiddlewareDispatcher.php(147): Slim\Middleware\ErrorMiddleware->process()
#15 /var/www/CRM/src/vendor/slim/slim/Slim/MiddlewareDispatcher.php(81): Psr\Http\Server\RequestHandlerInterface@anonymous->handle()
#16 /var/www/CRM/src/vendor/slim/slim/Slim/App.php(215): Slim\MiddlewareDispatcher->handle()
#17 /var/www/CRM/src/vendor/slim/slim/Slim/App.php(199): Slim\App->handle()
#18 /var/www/CRM/src/v2/index.php(114): Slim\App->run()
#19 {main}
[06-Jan-2022 20:20:31 Europe/Paris] Slim Application Error
Type: TypeError
Code: 0
Message: EcclesiaCRM\APIControllers\SidebarVolunteerOpportunityController::editVolunteerOpportunity(): Return value must be of type Psr\Http\Message\ResponseInterface, string returned
File: /var/www/CRM/src/EcclesiaCRM/APIControllers/SidebarVolunteerOpportunityController.php
Line: 190
Trace: #0 /var/www/CRM/src/vendor/slim/slim/Slim/Handlers/Strategies/RequestResponse.php(43): EcclesiaCRM\APIControllers\SidebarVolunteerOpportunityController->editVolunteerOpportunity()
#1 /var/www/CRM/src/vendor/slim/slim/Slim/Routing/Route.php(384): Slim\Handlers\Strategies\RequestResponse->__invoke()
#2 /var/www/CRM/src/vendor/slim/slim/Slim/MiddlewareDispatcher.php(81): Slim\Routing\Route->handle()
#3 /var/www/CRM/src/vendor/slim/slim/Slim/MiddlewareDispatcher.php(81): Slim\MiddlewareDispatcher->handle()
#4 /var/www/CRM/src/vendor/slim/slim/Slim/Routing/Route.php(341): Slim\MiddlewareDispatcher->handle()
#5 /var/www/CRM/src/vendor/slim/slim/Slim/Routing/RouteRunner.php(84): Slim\Routing\Route->run()
#6 /var/www/CRM/src/EcclesiaCRM/Slim/Middleware/VersionMiddleware.php(17): Slim\Routing\RouteRunner->handle()
#7 /var/www/CRM/src/vendor/slim/slim/Slim/MiddlewareDispatcher.php(313): EcclesiaCRM\Slim\Middleware\VersionMiddleware->__invoke()
#8 /var/www/CRM/src/vendor/tuupola/slim-jwt-auth/src/JwtAuthentication.php(132): Psr\Http\Server\RequestHandlerInterface@anonymous->handle()
#9 /var/www/CRM/src/vendor/slim/slim/Slim/MiddlewareDispatcher.php(147): Tuupola\Middleware\JwtAuthentication->process()
#10 /var/www/CRM/src/vendor/slim/slim/Slim/Middleware/ErrorMiddleware.php(107): Psr\Http\Server\RequestHandlerInterface@anonymous->handle()
#11 /var/www/CRM/src/vendor/slim/slim/Slim/MiddlewareDispatcher.php(147): Slim\Middleware\ErrorMiddleware->process()
#12 /var/www/CRM/src/vendor/slim/slim/Slim/MiddlewareDispatcher.php(81): Psr\Http\Server\RequestHandlerInterface@anonymous->handle()
#13 /var/www/CRM/src/vendor/slim/slim/Slim/App.php(215): Slim\MiddlewareDispatcher->handle()
#14 /var/www/CRM/src/vendor/slim/slim/Slim/App.php(199): Slim\App->handle()
#15 /var/www/CRM/src/api/index.php(135): Slim\App->run()
#16 {main}
[06-Jan-2022 20:20:32 Europe/Paris] Slim Application Error
Type: TypeError
Code: 0
Message: EcclesiaCRM\APIControllers\SidebarVolunteerOpportunityController::editVolunteerOpportunity(): Return value must be of type Psr\Http\Message\ResponseInterface, string returned
File: /var/www/CRM/src/EcclesiaCRM/APIControllers/SidebarVolunteerOpportunityController.php
Line: 190
Trace: #0 /var/www/CRM/src/vendor/slim/slim/Slim/Handlers/Strategies/RequestResponse.php(43): EcclesiaCRM\APIControllers\SidebarVolunteerOpportunityController->editVolunteerOpportunity()
#1 /var/www/CRM/src/vendor/slim/slim/Slim/Routing/Route.php(384): Slim\Handlers\Strategies\RequestResponse->__invoke()
#2 /var/www/CRM/src/vendor/slim/slim/Slim/MiddlewareDispatcher.php(81): Slim\Routing\Route->handle()
#3 /var/www/CRM/src/vendor/slim/slim/Slim/MiddlewareDispatcher.php(81): Slim\MiddlewareDispatcher->handle()
#4 /var/www/CRM/src/vendor/slim/slim/Slim/Routing/Route.php(341): Slim\MiddlewareDispatcher->handle()
#5 /var/www/CRM/src/vendor/slim/slim/Slim/Routing/RouteRunner.php(84): Slim\Routing\Route->run()
#6 /var/www/CRM/src/EcclesiaCRM/Slim/Middleware/VersionMiddleware.php(17): Slim\Routing\RouteRunner->handle()
#7 /var/www/CRM/src/vendor/slim/slim/Slim/MiddlewareDispatcher.php(313): EcclesiaCRM\Slim\Middleware\VersionMiddleware->__invoke()
#8 /var/www/CRM/src/vendor/tuupola/slim-jwt-auth/src/JwtAuthentication.php(132): Psr\Http\Server\RequestHandlerInterface@anonymous->handle()
#9 /var/www/CRM/src/vendor/slim/slim/Slim/MiddlewareDispatcher.php(147): Tuupola\Middleware\JwtAuthentication->process()
#10 /var/www/CRM/src/vendor/slim/slim/Slim/Middleware/ErrorMiddleware.php(107): Psr\Http\Server\RequestHandlerInterface@anonymous->handle()
#11 /var/www/CRM/src/vendor/slim/slim/Slim/MiddlewareDispatcher.php(147): Slim\Middleware\ErrorMiddleware->process()
#12 /var/www/CRM/src/vendor/slim/slim/Slim/MiddlewareDispatcher.php(81): Psr\Http\Server\RequestHandlerInterface@anonymous->handle()
#13 /var/www/CRM/src/vendor/slim/slim/Slim/App.php(215): Slim\MiddlewareDispatcher->handle()
#14 /var/www/CRM/src/vendor/slim/slim/Slim/App.php(199): Slim\App->handle()
#15 /var/www/CRM/src/api/index.php(135): Slim\App->run()
#16 {main}
[06-Jan-2022 20:20:33 Europe/Paris] Slim Application Error
Type: TypeError
Code: 0
Message: EcclesiaCRM\APIControllers\SidebarVolunteerOpportunityController::editVolunteerOpportunity(): Return value must be of type Psr\Http\Message\ResponseInterface, string returned
File: /var/www/CRM/src/EcclesiaCRM/APIControllers/SidebarVolunteerOpportunityController.php
Line: 190
Trace: #0 /var/www/CRM/src/vendor/slim/slim/Slim/Handlers/Strategies/RequestResponse.php(43): EcclesiaCRM\APIControllers\SidebarVolunteerOpportunityController->editVolunteerOpportunity()
#1 /var/www/CRM/src/vendor/slim/slim/Slim/Routing/Route.php(384): Slim\Handlers\Strategies\RequestResponse->__invoke()
#2 /var/www/CRM/src/vendor/slim/slim/Slim/MiddlewareDispatcher.php(81): Slim\Routing\Route->handle()
#3 /var/www/CRM/src/vendor/slim/slim/Slim/MiddlewareDispatcher.php(81): Slim\MiddlewareDispatcher->handle()
#4 /var/www/CRM/src/vendor/slim/slim/Slim/Routing/Route.php(341): Slim\MiddlewareDispatcher->handle()
#5 /var/www/CRM/src/vendor/slim/slim/Slim/Routing/RouteRunner.php(84): Slim\Routing\Route->run()
#6 /var/www/CRM/src/EcclesiaCRM/Slim/Middleware/VersionMiddleware.php(17): Slim\Routing\RouteRunner->handle()
#7 /var/www/CRM/src/vendor/slim/slim/Slim/MiddlewareDispatcher.php(313): EcclesiaCRM\Slim\Middleware\VersionMiddleware->__invoke()
#8 /var/www/CRM/src/vendor/tuupola/slim-jwt-auth/src/JwtAuthentication.php(132): Psr\Http\Server\RequestHandlerInterface@anonymous->handle()
#9 /var/www/CRM/src/vendor/slim/slim/Slim/MiddlewareDispatcher.php(147): Tuupola\Middleware\JwtAuthentication->process()
#10 /var/www/CRM/src/vendor/slim/slim/Slim/Middleware/ErrorMiddleware.php(107): Psr\Http\Server\RequestHandlerInterface@anonymous->handle()
#11 /var/www/CRM/src/vendor/slim/slim/Slim/MiddlewareDispatcher.php(147): Slim\Middleware\ErrorMiddleware->process()
#12 /var/www/CRM/src/vendor/slim/slim/Slim/MiddlewareDispatcher.php(81): Psr\Http\Server\RequestHandlerInterface@anonymous->handle()
#13 /var/www/CRM/src/vendor/slim/slim/Slim/App.php(215): Slim\MiddlewareDispatcher->handle()
#14 /var/www/CRM/src/vendor/slim/slim/Slim/App.php(199): Slim\App->handle()
#15 /var/www/CRM/src/api/index.php(135): Slim\App->run()
#16 {main}
[06-Jan-2022 20:20:42 Europe/Paris] Slim Application Error
Type: TypeError
Code: 0
Message: EcclesiaCRM\APIControllers\SidebarVolunteerOpportunityController::editVolunteerOpportunity(): Return value must be of type Psr\Http\Message\ResponseInterface, string returned
File: /var/www/CRM/src/EcclesiaCRM/APIControllers/SidebarVolunteerOpportunityController.php
Line: 190
Trace: #0 /var/www/CRM/src/vendor/slim/slim/Slim/Handlers/Strategies/RequestResponse.php(43): EcclesiaCRM\APIControllers\SidebarVolunteerOpportunityController->editVolunteerOpportunity()
#1 /var/www/CRM/src/vendor/slim/slim/Slim/Routing/Route.php(384): Slim\Handlers\Strategies\RequestResponse->__invoke()
#2 /var/www/CRM/src/vendor/slim/slim/Slim/MiddlewareDispatcher.php(81): Slim\Routing\Route->handle()
#3 /var/www/CRM/src/vendor/slim/slim/Slim/MiddlewareDispatcher.php(81): Slim\MiddlewareDispatcher->handle()
#4 /var/www/CRM/src/vendor/slim/slim/Slim/Routing/Route.php(341): Slim\MiddlewareDispatcher->handle()
#5 /var/www/CRM/src/vendor/slim/slim/Slim/Routing/RouteRunner.php(84): Slim\Routing\Route->run()
#6 /var/www/CRM/src/EcclesiaCRM/Slim/Middleware/VersionMiddleware.php(17): Slim\Routing\RouteRunner->handle()
#7 /var/www/CRM/src/vendor/slim/slim/Slim/MiddlewareDispatcher.php(313): EcclesiaCRM\Slim\Middleware\VersionMiddleware->__invoke()
#8 /var/www/CRM/src/vendor/tuupola/slim-jwt-auth/src/JwtAuthentication.php(132): Psr\Http\Server\RequestHandlerInterface@anonymous->handle()
#9 /var/www/CRM/src/vendor/slim/slim/Slim/MiddlewareDispatcher.php(147): Tuupola\Middleware\JwtAuthentication->process()
#10 /var/www/CRM/src/vendor/slim/slim/Slim/Middleware/ErrorMiddleware.php(107): Psr\Http\Server\RequestHandlerInterface@anonymous->handle()
#11 /var/www/CRM/src/vendor/slim/slim/Slim/MiddlewareDispatcher.php(147): Slim\Middleware\ErrorMiddleware->process()
#12 /var/www/CRM/src/vendor/slim/slim/Slim/MiddlewareDispatcher.php(81): Psr\Http\Server\RequestHandlerInterface@anonymous->handle()
#13 /var/www/CRM/src/vendor/slim/slim/Slim/App.php(215): Slim\MiddlewareDispatcher->handle()
#14 /var/www/CRM/src/vendor/slim/slim/Slim/App.php(199): Slim\App->handle()
#15 /var/www/CRM/src/api/index.php(135): Slim\App->run()
#16 {main}
