[20-Sep-2022 22:09:50 Europe/Paris] Slim Application Error
Type: Propel\Runtime\Exception\BadMethodCallException
Code: 0
Message: Call to undefined method: getId.
File: /var/www/CRM/src/EcclesiaCRM/model/EcclesiaCRM/Base/Person2group2roleP2g2r.php
Line: 1431
Trace: #0 /var/www/eventworkflow/src/core/APIControllers/EventWorkflowController.php(1357): EcclesiaCRM\Base\Person2group2roleP2g2r->__call()
#1 /var/www/CRM/src/vendor/slim/slim/Slim/Handlers/Strategies/RequestResponse.php(43): Plugins\APIControllers\EventWorkflowController->addContentSubContainerGroup()
#2 /var/www/CRM/src/vendor/slim/slim/Slim/Routing/Route.php(384): Slim\Handlers\Strategies\RequestResponse->__invoke()
#3 /var/www/CRM/src/vendor/slim/slim/Slim/MiddlewareDispatcher.php(81): Slim\Routing\Route->handle()
#4 /var/www/CRM/src/vendor/slim/slim/Slim/MiddlewareDispatcher.php(81): Slim\MiddlewareDispatcher->handle()
#5 /var/www/CRM/src/vendor/slim/slim/Slim/Routing/Route.php(341): Slim\MiddlewareDispatcher->handle()
#6 /var/www/CRM/src/vendor/slim/slim/Slim/Routing/RouteRunner.php(84): Slim\Routing\Route->run()
#7 /var/www/CRM/src/EcclesiaCRM/Slim/Middleware/VersionMiddleware.php(17): Slim\Routing\RouteRunner->handle()
#8 /var/www/CRM/src/vendor/slim/slim/Slim/MiddlewareDispatcher.php(313): EcclesiaCRM\Slim\Middleware\VersionMiddleware->__invoke()
#9 /var/www/CRM/src/vendor/tuupola/slim-jwt-auth/src/JwtAuthentication.php(132): class@anonymous->handle()
#10 /var/www/CRM/src/vendor/slim/slim/Slim/MiddlewareDispatcher.php(147): Tuupola\Middleware\JwtAuthentication->process()
#11 /var/www/CRM/src/vendor/slim/slim/Slim/Middleware/ErrorMiddleware.php(107): class@anonymous->handle()
#12 /var/www/CRM/src/vendor/slim/slim/Slim/MiddlewareDispatcher.php(147): Slim\Middleware\ErrorMiddleware->process()
#13 /var/www/CRM/src/vendor/slim/slim/Slim/MiddlewareDispatcher.php(81): class@anonymous->handle()
#14 /var/www/CRM/src/vendor/slim/slim/Slim/App.php(215): Slim\MiddlewareDispatcher->handle()
#15 /var/www/CRM/src/vendor/slim/slim/Slim/App.php(199): Slim\App->handle()
#16 /var/www/CRM/src/api/index.php(145): Slim\App->run()
#17 {main}
[20-Sep-2022 22:12:12 Europe/Paris] Slim Application Error
Type: Propel\Runtime\Exception\BadMethodCallException
Code: 0
Message: Call to undefined method: getId.
File: /var/www/CRM/src/EcclesiaCRM/model/EcclesiaCRM/Base/Person2group2roleP2g2r.php
Line: 1431
Trace: #0 /var/www/eventworkflow/src/core/APIControllers/EventWorkflowController.php(1357): EcclesiaCRM\Base\Person2group2roleP2g2r->__call()
#1 /var/www/CRM/src/vendor/slim/slim/Slim/Handlers/Strategies/RequestResponse.php(43): Plugins\APIControllers\EventWorkflowController->addContentSubContainerGroup()
#2 /var/www/CRM/src/vendor/slim/slim/Slim/Routing/Route.php(384): Slim\Handlers\Strategies\RequestResponse->__invoke()
#3 /var/www/CRM/src/vendor/slim/slim/Slim/MiddlewareDispatcher.php(81): Slim\Routing\Route->handle()
#4 /var/www/CRM/src/vendor/slim/slim/Slim/MiddlewareDispatcher.php(81): Slim\MiddlewareDispatcher->handle()
#5 /var/www/CRM/src/vendor/slim/slim/Slim/Routing/Route.php(341): Slim\MiddlewareDispatcher->handle()
#6 /var/www/CRM/src/vendor/slim/slim/Slim/Routing/RouteRunner.php(84): Slim\Routing\Route->run()
#7 /var/www/CRM/src/EcclesiaCRM/Slim/Middleware/VersionMiddleware.php(17): Slim\Routing\RouteRunner->handle()
#8 /var/www/CRM/src/vendor/slim/slim/Slim/MiddlewareDispatcher.php(313): EcclesiaCRM\Slim\Middleware\VersionMiddleware->__invoke()
#9 /var/www/CRM/src/vendor/tuupola/slim-jwt-auth/src/JwtAuthentication.php(132): class@anonymous->handle()
#10 /var/www/CRM/src/vendor/slim/slim/Slim/MiddlewareDispatcher.php(147): Tuupola\Middleware\JwtAuthentication->process()
#11 /var/www/CRM/src/vendor/slim/slim/Slim/Middleware/ErrorMiddleware.php(107): class@anonymous->handle()
#12 /var/www/CRM/src/vendor/slim/slim/Slim/MiddlewareDispatcher.php(147): Slim\Middleware\ErrorMiddleware->process()
#13 /var/www/CRM/src/vendor/slim/slim/Slim/MiddlewareDispatcher.php(81): class@anonymous->handle()
#14 /var/www/CRM/src/vendor/slim/slim/Slim/App.php(215): Slim\MiddlewareDispatcher->handle()
#15 /var/www/CRM/src/vendor/slim/slim/Slim/App.php(199): Slim\App->handle()
#16 /var/www/CRM/src/api/index.php(145): Slim\App->run()
#17 {main}
[20-Sep-2022 22:13:37 Europe/Paris] Slim Application Error
Type: Propel\Runtime\Exception\PropelException
Code: 0
Message: Unable to execute INSERT statement [INSERT INTO person2volunteeropp_p2vo (p2vo_ID, p2vo_per_ID, p2vo_vol_ID) VALUES (:p0, :p1, :p2)]
File: /var/www/CRM/src/EcclesiaCRM/model/EcclesiaCRM/Base/PersonVolunteerOpportunity.php
Line: 741
Trace: #0 /var/www/CRM/src/EcclesiaCRM/model/EcclesiaCRM/Base/PersonVolunteerOpportunity.php(673): EcclesiaCRM\Base\PersonVolunteerOpportunity->doInsert()
#1 /var/www/CRM/src/EcclesiaCRM/model/EcclesiaCRM/Base/PersonVolunteerOpportunity.php(618): EcclesiaCRM\Base\PersonVolunteerOpportunity->doSave()
#2 /var/www/CRM/src/vendor/propel/propel/src/Propel/Runtime/Connection/TransactionTrait.php(35): EcclesiaCRM\Base\PersonVolunteerOpportunity->EcclesiaCRM\Base\{closure}()
#3 /var/www/CRM/src/EcclesiaCRM/model/EcclesiaCRM/Base/PersonVolunteerOpportunity.php(631): Propel\Runtime\Connection\ConnectionWrapper->transaction()
#4 /var/www/eventworkflow/src/core/APIControllers/EventWorkflowController.php(1363): EcclesiaCRM\Base\PersonVolunteerOpportunity->save()
#5 /var/www/CRM/src/vendor/slim/slim/Slim/Handlers/Strategies/RequestResponse.php(43): Plugins\APIControllers\EventWorkflowController->addContentSubContainerGroup()
#6 /var/www/CRM/src/vendor/slim/slim/Slim/Routing/Route.php(384): Slim\Handlers\Strategies\RequestResponse->__invoke()
#7 /var/www/CRM/src/vendor/slim/slim/Slim/MiddlewareDispatcher.php(81): Slim\Routing\Route->handle()
#8 /var/www/CRM/src/vendor/slim/slim/Slim/MiddlewareDispatcher.php(81): Slim\MiddlewareDispatcher->handle()
#9 /var/www/CRM/src/vendor/slim/slim/Slim/Routing/Route.php(341): Slim\MiddlewareDispatcher->handle()
#10 /var/www/CRM/src/vendor/slim/slim/Slim/Routing/RouteRunner.php(84): Slim\Routing\Route->run()
#11 /var/www/CRM/src/EcclesiaCRM/Slim/Middleware/VersionMiddleware.php(17): Slim\Routing\RouteRunner->handle()
#12 /var/www/CRM/src/vendor/slim/slim/Slim/MiddlewareDispatcher.php(313): EcclesiaCRM\Slim\Middleware\VersionMiddleware->__invoke()
#13 /var/www/CRM/src/vendor/tuupola/slim-jwt-auth/src/JwtAuthentication.php(132): class@anonymous->handle()
#14 /var/www/CRM/src/vendor/slim/slim/Slim/MiddlewareDispatcher.php(147): Tuupola\Middleware\JwtAuthentication->process()
#15 /var/www/CRM/src/vendor/slim/slim/Slim/Middleware/ErrorMiddleware.php(107): class@anonymous->handle()
#16 /var/www/CRM/src/vendor/slim/slim/Slim/MiddlewareDispatcher.php(147): Slim\Middleware\ErrorMiddleware->process()
#17 /var/www/CRM/src/vendor/slim/slim/Slim/MiddlewareDispatcher.php(81): class@anonymous->handle()
#18 /var/www/CRM/src/vendor/slim/slim/Slim/App.php(215): Slim\MiddlewareDispatcher->handle()
#19 /var/www/CRM/src/vendor/slim/slim/Slim/App.php(199): Slim\App->handle()
#20 /var/www/CRM/src/api/index.php(145): Slim\App->run()
#21 {main}
Previous Error:
Type: PDOException
Code: 23000
Message: SQLSTATE[23000]: Integrity constraint violation: 1452 Cannot add or update a child row: a foreign key constraint fails (`crm`.`person2volunteeropp_p2vo`, CONSTRAINT `fk_p2vo_per_ID` FOREIGN KEY (`p2vo_per_ID`) REFERENCES `person_per` (`per_ID`) ON DELETE CASCADE)
File: /var/www/CRM/src/vendor/propel/propel/src/Propel/Runtime/Connection/StatementWrapper.php
Line: 215
Trace: #0 /var/www/CRM/src/vendor/propel/propel/src/Propel/Runtime/Connection/StatementWrapper.php(215): PDOStatement->execute()
#1 /var/www/CRM/src/EcclesiaCRM/model/EcclesiaCRM/Base/PersonVolunteerOpportunity.php(738): Propel\Runtime\Connection\StatementWrapper->execute()
#2 /var/www/CRM/src/EcclesiaCRM/model/EcclesiaCRM/Base/PersonVolunteerOpportunity.php(673): EcclesiaCRM\Base\PersonVolunteerOpportunity->doInsert()
#3 /var/www/CRM/src/EcclesiaCRM/model/EcclesiaCRM/Base/PersonVolunteerOpportunity.php(618): EcclesiaCRM\Base\PersonVolunteerOpportunity->doSave()
#4 /var/www/CRM/src/vendor/propel/propel/src/Propel/Runtime/Connection/TransactionTrait.php(35): EcclesiaCRM\Base\PersonVolunteerOpportunity->EcclesiaCRM\Base\{closure}()
#5 /var/www/CRM/src/EcclesiaCRM/model/EcclesiaCRM/Base/PersonVolunteerOpportunity.php(631): Propel\Runtime\Connection\ConnectionWrapper->transaction()
#6 /var/www/eventworkflow/src/core/APIControllers/EventWorkflowController.php(1363): EcclesiaCRM\Base\PersonVolunteerOpportunity->save()
#7 /var/www/CRM/src/vendor/slim/slim/Slim/Handlers/Strategies/RequestResponse.php(43): Plugins\APIControllers\EventWorkflowController->addContentSubContainerGroup()
#8 /var/www/CRM/src/vendor/slim/slim/Slim/Routing/Route.php(384): Slim\Handlers\Strategies\RequestResponse->__invoke()
#9 /var/www/CRM/src/vendor/slim/slim/Slim/MiddlewareDispatcher.php(81): Slim\Routing\Route->handle()
#10 /var/www/CRM/src/vendor/slim/slim/Slim/MiddlewareDispatcher.php(81): Slim\MiddlewareDispatcher->handle()
#11 /var/www/CRM/src/vendor/slim/slim/Slim/Routing/Route.php(341): Slim\MiddlewareDispatcher->handle()
#12 /var/www/CRM/src/vendor/slim/slim/Slim/Routing/RouteRunner.php(84): Slim\Routing\Route->run()
#13 /var/www/CRM/src/EcclesiaCRM/Slim/Middleware/VersionMiddleware.php(17): Slim\Routing\RouteRunner->handle()
#14 /var/www/CRM/src/vendor/slim/slim/Slim/MiddlewareDispatcher.php(313): EcclesiaCRM\Slim\Middleware\VersionMiddleware->__invoke()
#15 /var/www/CRM/src/vendor/tuupola/slim-jwt-auth/src/JwtAuthentication.php(132): class@anonymous->handle()
#16 /var/www/CRM/src/vendor/slim/slim/Slim/MiddlewareDispatcher.php(147): Tuupola\Middleware\JwtAuthentication->process()
#17 /var/www/CRM/src/vendor/slim/slim/Slim/Middleware/ErrorMiddleware.php(107): class@anonymous->handle()
#18 /var/www/CRM/src/vendor/slim/slim/Slim/MiddlewareDispatcher.php(147): Slim\Middleware\ErrorMiddleware->process()
#19 /var/www/CRM/src/vendor/slim/slim/Slim/MiddlewareDispatcher.php(81): class@anonymous->handle()
#20 /var/www/CRM/src/vendor/slim/slim/Slim/App.php(215): Slim\MiddlewareDispatcher->handle()
#21 /var/www/CRM/src/vendor/slim/slim/Slim/App.php(199): Slim\App->handle()
#22 /var/www/CRM/src/api/index.php(145): Slim\App->run()
#23 {main}
[20-Sep-2022 22:14:12 Europe/Paris] Slim Application Error
Type: Propel\Runtime\Exception\PropelException
Code: 0
Message: Unable to execute INSERT statement [INSERT INTO person2volunteeropp_p2vo (p2vo_ID, p2vo_per_ID, p2vo_vol_ID) VALUES (:p0, :p1, :p2)]
File: /var/www/CRM/src/EcclesiaCRM/model/EcclesiaCRM/Base/PersonVolunteerOpportunity.php
Line: 741
Trace: #0 /var/www/CRM/src/EcclesiaCRM/model/EcclesiaCRM/Base/PersonVolunteerOpportunity.php(673): EcclesiaCRM\Base\PersonVolunteerOpportunity->doInsert()
#1 /var/www/CRM/src/EcclesiaCRM/model/EcclesiaCRM/Base/PersonVolunteerOpportunity.php(618): EcclesiaCRM\Base\PersonVolunteerOpportunity->doSave()
#2 /var/www/CRM/src/vendor/propel/propel/src/Propel/Runtime/Connection/TransactionTrait.php(35): EcclesiaCRM\Base\PersonVolunteerOpportunity->EcclesiaCRM\Base\{closure}()
#3 /var/www/CRM/src/EcclesiaCRM/model/EcclesiaCRM/Base/PersonVolunteerOpportunity.php(631): Propel\Runtime\Connection\ConnectionWrapper->transaction()
#4 /var/www/eventworkflow/src/core/APIControllers/EventWorkflowController.php(1363): EcclesiaCRM\Base\PersonVolunteerOpportunity->save()
#5 /var/www/CRM/src/vendor/slim/slim/Slim/Handlers/Strategies/RequestResponse.php(43): Plugins\APIControllers\EventWorkflowController->addContentSubContainerGroup()
#6 /var/www/CRM/src/vendor/slim/slim/Slim/Routing/Route.php(384): Slim\Handlers\Strategies\RequestResponse->__invoke()
#7 /var/www/CRM/src/vendor/slim/slim/Slim/MiddlewareDispatcher.php(81): Slim\Routing\Route->handle()
#8 /var/www/CRM/src/vendor/slim/slim/Slim/MiddlewareDispatcher.php(81): Slim\MiddlewareDispatcher->handle()
#9 /var/www/CRM/src/vendor/slim/slim/Slim/Routing/Route.php(341): Slim\MiddlewareDispatcher->handle()
#10 /var/www/CRM/src/vendor/slim/slim/Slim/Routing/RouteRunner.php(84): Slim\Routing\Route->run()
#11 /var/www/CRM/src/EcclesiaCRM/Slim/Middleware/VersionMiddleware.php(17): Slim\Routing\RouteRunner->handle()
#12 /var/www/CRM/src/vendor/slim/slim/Slim/MiddlewareDispatcher.php(313): EcclesiaCRM\Slim\Middleware\VersionMiddleware->__invoke()
#13 /var/www/CRM/src/vendor/tuupola/slim-jwt-auth/src/JwtAuthentication.php(132): class@anonymous->handle()
#14 /var/www/CRM/src/vendor/slim/slim/Slim/MiddlewareDispatcher.php(147): Tuupola\Middleware\JwtAuthentication->process()
#15 /var/www/CRM/src/vendor/slim/slim/Slim/Middleware/ErrorMiddleware.php(107): class@anonymous->handle()
#16 /var/www/CRM/src/vendor/slim/slim/Slim/MiddlewareDispatcher.php(147): Slim\Middleware\ErrorMiddleware->process()
#17 /var/www/CRM/src/vendor/slim/slim/Slim/MiddlewareDispatcher.php(81): class@anonymous->handle()
#18 /var/www/CRM/src/vendor/slim/slim/Slim/App.php(215): Slim\MiddlewareDispatcher->handle()
#19 /var/www/CRM/src/vendor/slim/slim/Slim/App.php(199): Slim\App->handle()
#20 /var/www/CRM/src/api/index.php(145): Slim\App->run()
#21 {main}
Previous Error:
Type: PDOException
Code: 23000
Message: SQLSTATE[23000]: Integrity constraint violation: 1452 Cannot add or update a child row: a foreign key constraint fails (`crm`.`person2volunteeropp_p2vo`, CONSTRAINT `fk_p2vo_per_ID` FOREIGN KEY (`p2vo_per_ID`) REFERENCES `person_per` (`per_ID`) ON DELETE CASCADE)
File: /var/www/CRM/src/vendor/propel/propel/src/Propel/Runtime/Connection/StatementWrapper.php
Line: 215
Trace: #0 /var/www/CRM/src/vendor/propel/propel/src/Propel/Runtime/Connection/StatementWrapper.php(215): PDOStatement->execute()
#1 /var/www/CRM/src/EcclesiaCRM/model/EcclesiaCRM/Base/PersonVolunteerOpportunity.php(738): Propel\Runtime\Connection\StatementWrapper->execute()
#2 /var/www/CRM/src/EcclesiaCRM/model/EcclesiaCRM/Base/PersonVolunteerOpportunity.php(673): EcclesiaCRM\Base\PersonVolunteerOpportunity->doInsert()
#3 /var/www/CRM/src/EcclesiaCRM/model/EcclesiaCRM/Base/PersonVolunteerOpportunity.php(618): EcclesiaCRM\Base\PersonVolunteerOpportunity->doSave()
#4 /var/www/CRM/src/vendor/propel/propel/src/Propel/Runtime/Connection/TransactionTrait.php(35): EcclesiaCRM\Base\PersonVolunteerOpportunity->EcclesiaCRM\Base\{closure}()
#5 /var/www/CRM/src/EcclesiaCRM/model/EcclesiaCRM/Base/PersonVolunteerOpportunity.php(631): Propel\Runtime\Connection\ConnectionWrapper->transaction()
#6 /var/www/eventworkflow/src/core/APIControllers/EventWorkflowController.php(1363): EcclesiaCRM\Base\PersonVolunteerOpportunity->save()
#7 /var/www/CRM/src/vendor/slim/slim/Slim/Handlers/Strategies/RequestResponse.php(43): Plugins\APIControllers\EventWorkflowController->addContentSubContainerGroup()
#8 /var/www/CRM/src/vendor/slim/slim/Slim/Routing/Route.php(384): Slim\Handlers\Strategies\RequestResponse->__invoke()
#9 /var/www/CRM/src/vendor/slim/slim/Slim/MiddlewareDispatcher.php(81): Slim\Routing\Route->handle()
#10 /var/www/CRM/src/vendor/slim/slim/Slim/MiddlewareDispatcher.php(81): Slim\MiddlewareDispatcher->handle()
#11 /var/www/CRM/src/vendor/slim/slim/Slim/Routing/Route.php(341): Slim\MiddlewareDispatcher->handle()
#12 /var/www/CRM/src/vendor/slim/slim/Slim/Routing/RouteRunner.php(84): Slim\Routing\Route->run()
#13 /var/www/CRM/src/EcclesiaCRM/Slim/Middleware/VersionMiddleware.php(17): Slim\Routing\RouteRunner->handle()
#14 /var/www/CRM/src/vendor/slim/slim/Slim/MiddlewareDispatcher.php(313): EcclesiaCRM\Slim\Middleware\VersionMiddleware->__invoke()
#15 /var/www/CRM/src/vendor/tuupola/slim-jwt-auth/src/JwtAuthentication.php(132): class@anonymous->handle()
#16 /var/www/CRM/src/vendor/slim/slim/Slim/MiddlewareDispatcher.php(147): Tuupola\Middleware\JwtAuthentication->process()
#17 /var/www/CRM/src/vendor/slim/slim/Slim/Middleware/ErrorMiddleware.php(107): class@anonymous->handle()
#18 /var/www/CRM/src/vendor/slim/slim/Slim/MiddlewareDispatcher.php(147): Slim\Middleware\ErrorMiddleware->process()
#19 /var/www/CRM/src/vendor/slim/slim/Slim/MiddlewareDispatcher.php(81): class@anonymous->handle()
#20 /var/www/CRM/src/vendor/slim/slim/Slim/App.php(215): Slim\MiddlewareDispatcher->handle()
#21 /var/www/CRM/src/vendor/slim/slim/Slim/App.php(199): Slim\App->handle()
#22 /var/www/CRM/src/api/index.php(145): Slim\App->run()
#23 {main}
[20-Sep-2022 22:19:03 Europe/Paris] Slim Application Error
Type: Propel\Runtime\Exception\PropelException
Code: 0
Message: Unable to execute INSERT statement [INSERT INTO person2volunteeropp_p2vo (p2vo_ID, p2vo_per_ID, p2vo_vol_ID) VALUES (:p0, :p1, :p2)]
File: /var/www/CRM/src/EcclesiaCRM/model/EcclesiaCRM/Base/PersonVolunteerOpportunity.php
Line: 741
Trace: #0 /var/www/CRM/src/EcclesiaCRM/model/EcclesiaCRM/Base/PersonVolunteerOpportunity.php(673): EcclesiaCRM\Base\PersonVolunteerOpportunity->doInsert()
#1 /var/www/CRM/src/EcclesiaCRM/model/EcclesiaCRM/Base/PersonVolunteerOpportunity.php(618): EcclesiaCRM\Base\PersonVolunteerOpportunity->doSave()
#2 /var/www/CRM/src/vendor/propel/propel/src/Propel/Runtime/Connection/TransactionTrait.php(35): EcclesiaCRM\Base\PersonVolunteerOpportunity->EcclesiaCRM\Base\{closure}()
#3 /var/www/CRM/src/EcclesiaCRM/model/EcclesiaCRM/Base/PersonVolunteerOpportunity.php(631): Propel\Runtime\Connection\ConnectionWrapper->transaction()
#4 /var/www/eventworkflow/src/core/APIControllers/EventWorkflowController.php(1363): EcclesiaCRM\Base\PersonVolunteerOpportunity->save()
#5 /var/www/CRM/src/vendor/slim/slim/Slim/Handlers/Strategies/RequestResponse.php(43): Plugins\APIControllers\EventWorkflowController->addContentSubContainerGroup()
#6 /var/www/CRM/src/vendor/slim/slim/Slim/Routing/Route.php(384): Slim\Handlers\Strategies\RequestResponse->__invoke()
#7 /var/www/CRM/src/vendor/slim/slim/Slim/MiddlewareDispatcher.php(81): Slim\Routing\Route->handle()
#8 /var/www/CRM/src/vendor/slim/slim/Slim/MiddlewareDispatcher.php(81): Slim\MiddlewareDispatcher->handle()
#9 /var/www/CRM/src/vendor/slim/slim/Slim/Routing/Route.php(341): Slim\MiddlewareDispatcher->handle()
#10 /var/www/CRM/src/vendor/slim/slim/Slim/Routing/RouteRunner.php(84): Slim\Routing\Route->run()
#11 /var/www/CRM/src/EcclesiaCRM/Slim/Middleware/VersionMiddleware.php(17): Slim\Routing\RouteRunner->handle()
#12 /var/www/CRM/src/vendor/slim/slim/Slim/MiddlewareDispatcher.php(313): EcclesiaCRM\Slim\Middleware\VersionMiddleware->__invoke()
#13 /var/www/CRM/src/vendor/tuupola/slim-jwt-auth/src/JwtAuthentication.php(132): class@anonymous->handle()
#14 /var/www/CRM/src/vendor/slim/slim/Slim/MiddlewareDispatcher.php(147): Tuupola\Middleware\JwtAuthentication->process()
#15 /var/www/CRM/src/vendor/slim/slim/Slim/Middleware/ErrorMiddleware.php(107): class@anonymous->handle()
#16 /var/www/CRM/src/vendor/slim/slim/Slim/MiddlewareDispatcher.php(147): Slim\Middleware\ErrorMiddleware->process()
#17 /var/www/CRM/src/vendor/slim/slim/Slim/MiddlewareDispatcher.php(81): class@anonymous->handle()
#18 /var/www/CRM/src/vendor/slim/slim/Slim/App.php(215): Slim\MiddlewareDispatcher->handle()
#19 /var/www/CRM/src/vendor/slim/slim/Slim/App.php(199): Slim\App->handle()
#20 /var/www/CRM/src/api/index.php(145): Slim\App->run()
#21 {main}
Previous Error:
Type: PDOException
Code: 23000
Message: SQLSTATE[23000]: Integrity constraint violation: 1452 Cannot add or update a child row: a foreign key constraint fails (`crm`.`person2volunteeropp_p2vo`, CONSTRAINT `fk_p2vo_per_ID` FOREIGN KEY (`p2vo_per_ID`) REFERENCES `person_per` (`per_ID`) ON DELETE CASCADE)
File: /var/www/CRM/src/vendor/propel/propel/src/Propel/Runtime/Connection/StatementWrapper.php
Line: 215
Trace: #0 /var/www/CRM/src/vendor/propel/propel/src/Propel/Runtime/Connection/StatementWrapper.php(215): PDOStatement->execute()
#1 /var/www/CRM/src/EcclesiaCRM/model/EcclesiaCRM/Base/PersonVolunteerOpportunity.php(738): Propel\Runtime\Connection\StatementWrapper->execute()
#2 /var/www/CRM/src/EcclesiaCRM/model/EcclesiaCRM/Base/PersonVolunteerOpportunity.php(673): EcclesiaCRM\Base\PersonVolunteerOpportunity->doInsert()
#3 /var/www/CRM/src/EcclesiaCRM/model/EcclesiaCRM/Base/PersonVolunteerOpportunity.php(618): EcclesiaCRM\Base\PersonVolunteerOpportunity->doSave()
#4 /var/www/CRM/src/vendor/propel/propel/src/Propel/Runtime/Connection/TransactionTrait.php(35): EcclesiaCRM\Base\PersonVolunteerOpportunity->EcclesiaCRM\Base\{closure}()
#5 /var/www/CRM/src/EcclesiaCRM/model/EcclesiaCRM/Base/PersonVolunteerOpportunity.php(631): Propel\Runtime\Connection\ConnectionWrapper->transaction()
#6 /var/www/eventworkflow/src/core/APIControllers/EventWorkflowController.php(1363): EcclesiaCRM\Base\PersonVolunteerOpportunity->save()
#7 /var/www/CRM/src/vendor/slim/slim/Slim/Handlers/Strategies/RequestResponse.php(43): Plugins\APIControllers\EventWorkflowController->addContentSubContainerGroup()
#8 /var/www/CRM/src/vendor/slim/slim/Slim/Routing/Route.php(384): Slim\Handlers\Strategies\RequestResponse->__invoke()
#9 /var/www/CRM/src/vendor/slim/slim/Slim/MiddlewareDispatcher.php(81): Slim\Routing\Route->handle()
#10 /var/www/CRM/src/vendor/slim/slim/Slim/MiddlewareDispatcher.php(81): Slim\MiddlewareDispatcher->handle()
#11 /var/www/CRM/src/vendor/slim/slim/Slim/Routing/Route.php(341): Slim\MiddlewareDispatcher->handle()
#12 /var/www/CRM/src/vendor/slim/slim/Slim/Routing/RouteRunner.php(84): Slim\Routing\Route->run()
#13 /var/www/CRM/src/EcclesiaCRM/Slim/Middleware/VersionMiddleware.php(17): Slim\Routing\RouteRunner->handle()
#14 /var/www/CRM/src/vendor/slim/slim/Slim/MiddlewareDispatcher.php(313): EcclesiaCRM\Slim\Middleware\VersionMiddleware->__invoke()
#15 /var/www/CRM/src/vendor/tuupola/slim-jwt-auth/src/JwtAuthentication.php(132): class@anonymous->handle()
#16 /var/www/CRM/src/vendor/slim/slim/Slim/MiddlewareDispatcher.php(147): Tuupola\Middleware\JwtAuthentication->process()
#17 /var/www/CRM/src/vendor/slim/slim/Slim/Middleware/ErrorMiddleware.php(107): class@anonymous->handle()
#18 /var/www/CRM/src/vendor/slim/slim/Slim/MiddlewareDispatcher.php(147): Slim\Middleware\ErrorMiddleware->process()
#19 /var/www/CRM/src/vendor/slim/slim/Slim/MiddlewareDispatcher.php(81): class@anonymous->handle()
#20 /var/www/CRM/src/vendor/slim/slim/Slim/App.php(215): Slim\MiddlewareDispatcher->handle()
#21 /var/www/CRM/src/vendor/slim/slim/Slim/App.php(199): Slim\App->handle()
#22 /var/www/CRM/src/api/index.php(145): Slim\App->run()
#23 {main}
[20-Sep-2022 22:20:14 Europe/Paris] Slim Application Error
Type: Propel\Runtime\Exception\PropelException
Code: 0
Message: Unable to execute INSERT statement [INSERT INTO person2volunteeropp_p2vo (p2vo_ID, p2vo_per_ID, p2vo_vol_ID) VALUES (:p0, :p1, :p2)]
File: /var/www/CRM/src/EcclesiaCRM/model/EcclesiaCRM/Base/PersonVolunteerOpportunity.php
Line: 741
Trace: #0 /var/www/CRM/src/EcclesiaCRM/model/EcclesiaCRM/Base/PersonVolunteerOpportunity.php(673): EcclesiaCRM\Base\PersonVolunteerOpportunity->doInsert()
#1 /var/www/CRM/src/EcclesiaCRM/model/EcclesiaCRM/Base/PersonVolunteerOpportunity.php(618): EcclesiaCRM\Base\PersonVolunteerOpportunity->doSave()
#2 /var/www/CRM/src/vendor/propel/propel/src/Propel/Runtime/Connection/TransactionTrait.php(35): EcclesiaCRM\Base\PersonVolunteerOpportunity->EcclesiaCRM\Base\{closure}()
#3 /var/www/CRM/src/EcclesiaCRM/model/EcclesiaCRM/Base/PersonVolunteerOpportunity.php(631): Propel\Runtime\Connection\ConnectionWrapper->transaction()
#4 /var/www/eventworkflow/src/core/APIControllers/EventWorkflowController.php(1363): EcclesiaCRM\Base\PersonVolunteerOpportunity->save()
#5 /var/www/CRM/src/vendor/slim/slim/Slim/Handlers/Strategies/RequestResponse.php(43): Plugins\APIControllers\EventWorkflowController->addContentSubContainerGroup()
#6 /var/www/CRM/src/vendor/slim/slim/Slim/Routing/Route.php(384): Slim\Handlers\Strategies\RequestResponse->__invoke()
#7 /var/www/CRM/src/vendor/slim/slim/Slim/MiddlewareDispatcher.php(81): Slim\Routing\Route->handle()
#8 /var/www/CRM/src/vendor/slim/slim/Slim/MiddlewareDispatcher.php(81): Slim\MiddlewareDispatcher->handle()
#9 /var/www/CRM/src/vendor/slim/slim/Slim/Routing/Route.php(341): Slim\MiddlewareDispatcher->handle()
#10 /var/www/CRM/src/vendor/slim/slim/Slim/Routing/RouteRunner.php(84): Slim\Routing\Route->run()
#11 /var/www/CRM/src/EcclesiaCRM/Slim/Middleware/VersionMiddleware.php(17): Slim\Routing\RouteRunner->handle()
#12 /var/www/CRM/src/vendor/slim/slim/Slim/MiddlewareDispatcher.php(313): EcclesiaCRM\Slim\Middleware\VersionMiddleware->__invoke()
#13 /var/www/CRM/src/vendor/tuupola/slim-jwt-auth/src/JwtAuthentication.php(132): class@anonymous->handle()
#14 /var/www/CRM/src/vendor/slim/slim/Slim/MiddlewareDispatcher.php(147): Tuupola\Middleware\JwtAuthentication->process()
#15 /var/www/CRM/src/vendor/slim/slim/Slim/Middleware/ErrorMiddleware.php(107): class@anonymous->handle()
#16 /var/www/CRM/src/vendor/slim/slim/Slim/MiddlewareDispatcher.php(147): Slim\Middleware\ErrorMiddleware->process()
#17 /var/www/CRM/src/vendor/slim/slim/Slim/MiddlewareDispatcher.php(81): class@anonymous->handle()
#18 /var/www/CRM/src/vendor/slim/slim/Slim/App.php(215): Slim\MiddlewareDispatcher->handle()
#19 /var/www/CRM/src/vendor/slim/slim/Slim/App.php(199): Slim\App->handle()
#20 /var/www/CRM/src/api/index.php(145): Slim\App->run()
#21 {main}
Previous Error:
Type: PDOException
Code: 23000
Message: SQLSTATE[23000]: Integrity constraint violation: 1452 Cannot add or update a child row: a foreign key constraint fails (`crm`.`person2volunteeropp_p2vo`, CONSTRAINT `fk_p2vo_per_ID` FOREIGN KEY (`p2vo_per_ID`) REFERENCES `person_per` (`per_ID`) ON DELETE CASCADE)
File: /var/www/CRM/src/vendor/propel/propel/src/Propel/Runtime/Connection/StatementWrapper.php
Line: 215
Trace: #0 /var/www/CRM/src/vendor/propel/propel/src/Propel/Runtime/Connection/StatementWrapper.php(215): PDOStatement->execute()
#1 /var/www/CRM/src/EcclesiaCRM/model/EcclesiaCRM/Base/PersonVolunteerOpportunity.php(738): Propel\Runtime\Connection\StatementWrapper->execute()
#2 /var/www/CRM/src/EcclesiaCRM/model/EcclesiaCRM/Base/PersonVolunteerOpportunity.php(673): EcclesiaCRM\Base\PersonVolunteerOpportunity->doInsert()
#3 /var/www/CRM/src/EcclesiaCRM/model/EcclesiaCRM/Base/PersonVolunteerOpportunity.php(618): EcclesiaCRM\Base\PersonVolunteerOpportunity->doSave()
#4 /var/www/CRM/src/vendor/propel/propel/src/Propel/Runtime/Connection/TransactionTrait.php(35): EcclesiaCRM\Base\PersonVolunteerOpportunity->EcclesiaCRM\Base\{closure}()
#5 /var/www/CRM/src/EcclesiaCRM/model/EcclesiaCRM/Base/PersonVolunteerOpportunity.php(631): Propel\Runtime\Connection\ConnectionWrapper->transaction()
#6 /var/www/eventworkflow/src/core/APIControllers/EventWorkflowController.php(1363): EcclesiaCRM\Base\PersonVolunteerOpportunity->save()
#7 /var/www/CRM/src/vendor/slim/slim/Slim/Handlers/Strategies/RequestResponse.php(43): Plugins\APIControllers\EventWorkflowController->addContentSubContainerGroup()
#8 /var/www/CRM/src/vendor/slim/slim/Slim/Routing/Route.php(384): Slim\Handlers\Strategies\RequestResponse->__invoke()
#9 /var/www/CRM/src/vendor/slim/slim/Slim/MiddlewareDispatcher.php(81): Slim\Routing\Route->handle()
#10 /var/www/CRM/src/vendor/slim/slim/Slim/MiddlewareDispatcher.php(81): Slim\MiddlewareDispatcher->handle()
#11 /var/www/CRM/src/vendor/slim/slim/Slim/Routing/Route.php(341): Slim\MiddlewareDispatcher->handle()
#12 /var/www/CRM/src/vendor/slim/slim/Slim/Routing/RouteRunner.php(84): Slim\Routing\Route->run()
#13 /var/www/CRM/src/EcclesiaCRM/Slim/Middleware/VersionMiddleware.php(17): Slim\Routing\RouteRunner->handle()
#14 /var/www/CRM/src/vendor/slim/slim/Slim/MiddlewareDispatcher.php(313): EcclesiaCRM\Slim\Middleware\VersionMiddleware->__invoke()
#15 /var/www/CRM/src/vendor/tuupola/slim-jwt-auth/src/JwtAuthentication.php(132): class@anonymous->handle()
#16 /var/www/CRM/src/vendor/slim/slim/Slim/MiddlewareDispatcher.php(147): Tuupola\Middleware\JwtAuthentication->process()
#17 /var/www/CRM/src/vendor/slim/slim/Slim/Middleware/ErrorMiddleware.php(107): class@anonymous->handle()
#18 /var/www/CRM/src/vendor/slim/slim/Slim/MiddlewareDispatcher.php(147): Slim\Middleware\ErrorMiddleware->process()
#19 /var/www/CRM/src/vendor/slim/slim/Slim/MiddlewareDispatcher.php(81): class@anonymous->handle()
#20 /var/www/CRM/src/vendor/slim/slim/Slim/App.php(215): Slim\MiddlewareDispatcher->handle()
#21 /var/www/CRM/src/vendor/slim/slim/Slim/App.php(199): Slim\App->handle()
#22 /var/www/CRM/src/api/index.php(145): Slim\App->run()
#23 {main}
[20-Sep-2022 22:25:34 Europe/Paris] Slim Application Error
Type: Propel\Runtime\Exception\PropelException
Code: 0
Message: Unable to execute INSERT statement [INSERT INTO person2volunteeropp_p2vo (p2vo_ID, p2vo_per_ID, p2vo_vol_ID) VALUES (:p0, :p1, :p2)]
File: /var/www/CRM/src/EcclesiaCRM/model/EcclesiaCRM/Base/PersonVolunteerOpportunity.php
Line: 741
Trace: #0 /var/www/CRM/src/EcclesiaCRM/model/EcclesiaCRM/Base/PersonVolunteerOpportunity.php(673): EcclesiaCRM\Base\PersonVolunteerOpportunity->doInsert()
#1 /var/www/CRM/src/EcclesiaCRM/model/EcclesiaCRM/Base/PersonVolunteerOpportunity.php(618): EcclesiaCRM\Base\PersonVolunteerOpportunity->doSave()
#2 /var/www/CRM/src/vendor/propel/propel/src/Propel/Runtime/Connection/TransactionTrait.php(35): EcclesiaCRM\Base\PersonVolunteerOpportunity->EcclesiaCRM\Base\{closure}()
#3 /var/www/CRM/src/EcclesiaCRM/model/EcclesiaCRM/Base/PersonVolunteerOpportunity.php(631): Propel\Runtime\Connection\ConnectionWrapper->transaction()
#4 /var/www/eventworkflow/src/core/APIControllers/EventWorkflowController.php(1363): EcclesiaCRM\Base\PersonVolunteerOpportunity->save()
#5 /var/www/CRM/src/vendor/slim/slim/Slim/Handlers/Strategies/RequestResponse.php(43): Plugins\APIControllers\EventWorkflowController->addContentSubContainerGroup()
#6 /var/www/CRM/src/vendor/slim/slim/Slim/Routing/Route.php(384): Slim\Handlers\Strategies\RequestResponse->__invoke()
#7 /var/www/CRM/src/vendor/slim/slim/Slim/MiddlewareDispatcher.php(81): Slim\Routing\Route->handle()
#8 /var/www/CRM/src/vendor/slim/slim/Slim/MiddlewareDispatcher.php(81): Slim\MiddlewareDispatcher->handle()
#9 /var/www/CRM/src/vendor/slim/slim/Slim/Routing/Route.php(341): Slim\MiddlewareDispatcher->handle()
#10 /var/www/CRM/src/vendor/slim/slim/Slim/Routing/RouteRunner.php(84): Slim\Routing\Route->run()
#11 /var/www/CRM/src/EcclesiaCRM/Slim/Middleware/VersionMiddleware.php(17): Slim\Routing\RouteRunner->handle()
#12 /var/www/CRM/src/vendor/slim/slim/Slim/MiddlewareDispatcher.php(313): EcclesiaCRM\Slim\Middleware\VersionMiddleware->__invoke()
#13 /var/www/CRM/src/vendor/tuupola/slim-jwt-auth/src/JwtAuthentication.php(132): class@anonymous->handle()
#14 /var/www/CRM/src/vendor/slim/slim/Slim/MiddlewareDispatcher.php(147): Tuupola\Middleware\JwtAuthentication->process()
#15 /var/www/CRM/src/vendor/slim/slim/Slim/Middleware/ErrorMiddleware.php(107): class@anonymous->handle()
#16 /var/www/CRM/src/vendor/slim/slim/Slim/MiddlewareDispatcher.php(147): Slim\Middleware\ErrorMiddleware->process()
#17 /var/www/CRM/src/vendor/slim/slim/Slim/MiddlewareDispatcher.php(81): class@anonymous->handle()
#18 /var/www/CRM/src/vendor/slim/slim/Slim/App.php(215): Slim\MiddlewareDispatcher->handle()
#19 /var/www/CRM/src/vendor/slim/slim/Slim/App.php(199): Slim\App->handle()
#20 /var/www/CRM/src/api/index.php(145): Slim\App->run()
#21 {main}
Previous Error:
Type: PDOException
Code: 23000
Message: SQLSTATE[23000]: Integrity constraint violation: 1452 Cannot add or update a child row: a foreign key constraint fails (`crm`.`person2volunteeropp_p2vo`, CONSTRAINT `fk_p2vo_per_ID` FOREIGN KEY (`p2vo_per_ID`) REFERENCES `person_per` (`per_ID`) ON DELETE CASCADE)
File: /var/www/CRM/src/vendor/propel/propel/src/Propel/Runtime/Connection/StatementWrapper.php
Line: 215
Trace: #0 /var/www/CRM/src/vendor/propel/propel/src/Propel/Runtime/Connection/StatementWrapper.php(215): PDOStatement->execute()
#1 /var/www/CRM/src/EcclesiaCRM/model/EcclesiaCRM/Base/PersonVolunteerOpportunity.php(738): Propel\Runtime\Connection\StatementWrapper->execute()
#2 /var/www/CRM/src/EcclesiaCRM/model/EcclesiaCRM/Base/PersonVolunteerOpportunity.php(673): EcclesiaCRM\Base\PersonVolunteerOpportunity->doInsert()
#3 /var/www/CRM/src/EcclesiaCRM/model/EcclesiaCRM/Base/PersonVolunteerOpportunity.php(618): EcclesiaCRM\Base\PersonVolunteerOpportunity->doSave()
#4 /var/www/CRM/src/vendor/propel/propel/src/Propel/Runtime/Connection/TransactionTrait.php(35): EcclesiaCRM\Base\PersonVolunteerOpportunity->EcclesiaCRM\Base\{closure}()
#5 /var/www/CRM/src/EcclesiaCRM/model/EcclesiaCRM/Base/PersonVolunteerOpportunity.php(631): Propel\Runtime\Connection\ConnectionWrapper->transaction()
#6 /var/www/eventworkflow/src/core/APIControllers/EventWorkflowController.php(1363): EcclesiaCRM\Base\PersonVolunteerOpportunity->save()
#7 /var/www/CRM/src/vendor/slim/slim/Slim/Handlers/Strategies/RequestResponse.php(43): Plugins\APIControllers\EventWorkflowController->addContentSubContainerGroup()
#8 /var/www/CRM/src/vendor/slim/slim/Slim/Routing/Route.php(384): Slim\Handlers\Strategies\RequestResponse->__invoke()
#9 /var/www/CRM/src/vendor/slim/slim/Slim/MiddlewareDispatcher.php(81): Slim\Routing\Route->handle()
#10 /var/www/CRM/src/vendor/slim/slim/Slim/MiddlewareDispatcher.php(81): Slim\MiddlewareDispatcher->handle()
#11 /var/www/CRM/src/vendor/slim/slim/Slim/Routing/Route.php(341): Slim\MiddlewareDispatcher->handle()
#12 /var/www/CRM/src/vendor/slim/slim/Slim/Routing/RouteRunner.php(84): Slim\Routing\Route->run()
#13 /var/www/CRM/src/EcclesiaCRM/Slim/Middleware/VersionMiddleware.php(17): Slim\Routing\RouteRunner->handle()
#14 /var/www/CRM/src/vendor/slim/slim/Slim/MiddlewareDispatcher.php(313): EcclesiaCRM\Slim\Middleware\VersionMiddleware->__invoke()
#15 /var/www/CRM/src/vendor/tuupola/slim-jwt-auth/src/JwtAuthentication.php(132): class@anonymous->handle()
#16 /var/www/CRM/src/vendor/slim/slim/Slim/MiddlewareDispatcher.php(147): Tuupola\Middleware\JwtAuthentication->process()
#17 /var/www/CRM/src/vendor/slim/slim/Slim/Middleware/ErrorMiddleware.php(107): class@anonymous->handle()
#18 /var/www/CRM/src/vendor/slim/slim/Slim/MiddlewareDispatcher.php(147): Slim\Middleware\ErrorMiddleware->process()
#19 /var/www/CRM/src/vendor/slim/slim/Slim/MiddlewareDispatcher.php(81): class@anonymous->handle()
#20 /var/www/CRM/src/vendor/slim/slim/Slim/App.php(215): Slim\MiddlewareDispatcher->handle()
#21 /var/www/CRM/src/vendor/slim/slim/Slim/App.php(199): Slim\App->handle()
#22 /var/www/CRM/src/api/index.php(145): Slim\App->run()
#23 {main}
[20-Sep-2022 22:26:09 Europe/Paris] Slim Application Error
Type: Propel\Runtime\Exception\PropelException
Code: 0
Message: Unable to execute INSERT statement [INSERT INTO person2volunteeropp_p2vo (p2vo_ID, p2vo_per_ID, p2vo_vol_ID) VALUES (:p0, :p1, :p2)]
File: /var/www/CRM/src/EcclesiaCRM/model/EcclesiaCRM/Base/PersonVolunteerOpportunity.php
Line: 741
Trace: #0 /var/www/CRM/src/EcclesiaCRM/model/EcclesiaCRM/Base/PersonVolunteerOpportunity.php(673): EcclesiaCRM\Base\PersonVolunteerOpportunity->doInsert()
#1 /var/www/CRM/src/EcclesiaCRM/model/EcclesiaCRM/Base/PersonVolunteerOpportunity.php(618): EcclesiaCRM\Base\PersonVolunteerOpportunity->doSave()
#2 /var/www/CRM/src/vendor/propel/propel/src/Propel/Runtime/Connection/TransactionTrait.php(35): EcclesiaCRM\Base\PersonVolunteerOpportunity->EcclesiaCRM\Base\{closure}()
#3 /var/www/CRM/src/EcclesiaCRM/model/EcclesiaCRM/Base/PersonVolunteerOpportunity.php(631): Propel\Runtime\Connection\ConnectionWrapper->transaction()
#4 /var/www/eventworkflow/src/core/APIControllers/EventWorkflowController.php(1363): EcclesiaCRM\Base\PersonVolunteerOpportunity->save()
#5 /var/www/CRM/src/vendor/slim/slim/Slim/Handlers/Strategies/RequestResponse.php(43): Plugins\APIControllers\EventWorkflowController->addContentSubContainerGroup()
#6 /var/www/CRM/src/vendor/slim/slim/Slim/Routing/Route.php(384): Slim\Handlers\Strategies\RequestResponse->__invoke()
#7 /var/www/CRM/src/vendor/slim/slim/Slim/MiddlewareDispatcher.php(81): Slim\Routing\Route->handle()
#8 /var/www/CRM/src/vendor/slim/slim/Slim/MiddlewareDispatcher.php(81): Slim\MiddlewareDispatcher->handle()
#9 /var/www/CRM/src/vendor/slim/slim/Slim/Routing/Route.php(341): Slim\MiddlewareDispatcher->handle()
#10 /var/www/CRM/src/vendor/slim/slim/Slim/Routing/RouteRunner.php(84): Slim\Routing\Route->run()
#11 /var/www/CRM/src/EcclesiaCRM/Slim/Middleware/VersionMiddleware.php(17): Slim\Routing\RouteRunner->handle()
#12 /var/www/CRM/src/vendor/slim/slim/Slim/MiddlewareDispatcher.php(313): EcclesiaCRM\Slim\Middleware\VersionMiddleware->__invoke()
#13 /var/www/CRM/src/vendor/tuupola/slim-jwt-auth/src/JwtAuthentication.php(132): class@anonymous->handle()
#14 /var/www/CRM/src/vendor/slim/slim/Slim/MiddlewareDispatcher.php(147): Tuupola\Middleware\JwtAuthentication->process()
#15 /var/www/CRM/src/vendor/slim/slim/Slim/Middleware/ErrorMiddleware.php(107): class@anonymous->handle()
#16 /var/www/CRM/src/vendor/slim/slim/Slim/MiddlewareDispatcher.php(147): Slim\Middleware\ErrorMiddleware->process()
#17 /var/www/CRM/src/vendor/slim/slim/Slim/MiddlewareDispatcher.php(81): class@anonymous->handle()
#18 /var/www/CRM/src/vendor/slim/slim/Slim/App.php(215): Slim\MiddlewareDispatcher->handle()
#19 /var/www/CRM/src/vendor/slim/slim/Slim/App.php(199): Slim\App->handle()
#20 /var/www/CRM/src/api/index.php(145): Slim\App->run()
#21 {main}
Previous Error:
Type: PDOException
Code: 23000
Message: SQLSTATE[23000]: Integrity constraint violation: 1452 Cannot add or update a child row: a foreign key constraint fails (`crm`.`person2volunteeropp_p2vo`, CONSTRAINT `fk_p2vo_per_ID` FOREIGN KEY (`p2vo_per_ID`) REFERENCES `person_per` (`per_ID`) ON DELETE CASCADE)
File: /var/www/CRM/src/vendor/propel/propel/src/Propel/Runtime/Connection/StatementWrapper.php
Line: 215
Trace: #0 /var/www/CRM/src/vendor/propel/propel/src/Propel/Runtime/Connection/StatementWrapper.php(215): PDOStatement->execute()
#1 /var/www/CRM/src/EcclesiaCRM/model/EcclesiaCRM/Base/PersonVolunteerOpportunity.php(738): Propel\Runtime\Connection\StatementWrapper->execute()
#2 /var/www/CRM/src/EcclesiaCRM/model/EcclesiaCRM/Base/PersonVolunteerOpportunity.php(673): EcclesiaCRM\Base\PersonVolunteerOpportunity->doInsert()
#3 /var/www/CRM/src/EcclesiaCRM/model/EcclesiaCRM/Base/PersonVolunteerOpportunity.php(618): EcclesiaCRM\Base\PersonVolunteerOpportunity->doSave()
#4 /var/www/CRM/src/vendor/propel/propel/src/Propel/Runtime/Connection/TransactionTrait.php(35): EcclesiaCRM\Base\PersonVolunteerOpportunity->EcclesiaCRM\Base\{closure}()
#5 /var/www/CRM/src/EcclesiaCRM/model/EcclesiaCRM/Base/PersonVolunteerOpportunity.php(631): Propel\Runtime\Connection\ConnectionWrapper->transaction()
#6 /var/www/eventworkflow/src/core/APIControllers/EventWorkflowController.php(1363): EcclesiaCRM\Base\PersonVolunteerOpportunity->save()
#7 /var/www/CRM/src/vendor/slim/slim/Slim/Handlers/Strategies/RequestResponse.php(43): Plugins\APIControllers\EventWorkflowController->addContentSubContainerGroup()
#8 /var/www/CRM/src/vendor/slim/slim/Slim/Routing/Route.php(384): Slim\Handlers\Strategies\RequestResponse->__invoke()
#9 /var/www/CRM/src/vendor/slim/slim/Slim/MiddlewareDispatcher.php(81): Slim\Routing\Route->handle()
#10 /var/www/CRM/src/vendor/slim/slim/Slim/MiddlewareDispatcher.php(81): Slim\MiddlewareDispatcher->handle()
#11 /var/www/CRM/src/vendor/slim/slim/Slim/Routing/Route.php(341): Slim\MiddlewareDispatcher->handle()
#12 /var/www/CRM/src/vendor/slim/slim/Slim/Routing/RouteRunner.php(84): Slim\Routing\Route->run()
#13 /var/www/CRM/src/EcclesiaCRM/Slim/Middleware/VersionMiddleware.php(17): Slim\Routing\RouteRunner->handle()
#14 /var/www/CRM/src/vendor/slim/slim/Slim/MiddlewareDispatcher.php(313): EcclesiaCRM\Slim\Middleware\VersionMiddleware->__invoke()
#15 /var/www/CRM/src/vendor/tuupola/slim-jwt-auth/src/JwtAuthentication.php(132): class@anonymous->handle()
#16 /var/www/CRM/src/vendor/slim/slim/Slim/MiddlewareDispatcher.php(147): Tuupola\Middleware\JwtAuthentication->process()
#17 /var/www/CRM/src/vendor/slim/slim/Slim/Middleware/ErrorMiddleware.php(107): class@anonymous->handle()
#18 /var/www/CRM/src/vendor/slim/slim/Slim/MiddlewareDispatcher.php(147): Slim\Middleware\ErrorMiddleware->process()
#19 /var/www/CRM/src/vendor/slim/slim/Slim/MiddlewareDispatcher.php(81): class@anonymous->handle()
#20 /var/www/CRM/src/vendor/slim/slim/Slim/App.php(215): Slim\MiddlewareDispatcher->handle()
#21 /var/www/CRM/src/vendor/slim/slim/Slim/App.php(199): Slim\App->handle()
#22 /var/www/CRM/src/api/index.php(145): Slim\App->run()
#23 {main}
[20-Sep-2022 22:32:56 Europe/Paris] Slim Application Error
Type: Propel\Runtime\Exception\PropelException
Code: 0
Message: Unable to execute INSERT statement [INSERT INTO person2volunteeropp_p2vo (p2vo_ID, p2vo_per_ID, p2vo_vol_ID) VALUES (:p0, :p1, :p2)]
File: /var/www/CRM/src/EcclesiaCRM/model/EcclesiaCRM/Base/PersonVolunteerOpportunity.php
Line: 741
Trace: #0 /var/www/CRM/src/EcclesiaCRM/model/EcclesiaCRM/Base/PersonVolunteerOpportunity.php(673): EcclesiaCRM\Base\PersonVolunteerOpportunity->doInsert()
#1 /var/www/CRM/src/EcclesiaCRM/model/EcclesiaCRM/Base/PersonVolunteerOpportunity.php(618): EcclesiaCRM\Base\PersonVolunteerOpportunity->doSave()
#2 /var/www/CRM/src/vendor/propel/propel/src/Propel/Runtime/Connection/TransactionTrait.php(35): EcclesiaCRM\Base\PersonVolunteerOpportunity->EcclesiaCRM\Base\{closure}()
#3 /var/www/CRM/src/EcclesiaCRM/model/EcclesiaCRM/Base/PersonVolunteerOpportunity.php(631): Propel\Runtime\Connection\ConnectionWrapper->transaction()
#4 /var/www/eventworkflow/src/core/APIControllers/EventWorkflowController.php(1363): EcclesiaCRM\Base\PersonVolunteerOpportunity->save()
#5 /var/www/CRM/src/vendor/slim/slim/Slim/Handlers/Strategies/RequestResponse.php(43): Plugins\APIControllers\EventWorkflowController->addContentSubContainerGroup()
#6 /var/www/CRM/src/vendor/slim/slim/Slim/Routing/Route.php(384): Slim\Handlers\Strategies\RequestResponse->__invoke()
#7 /var/www/CRM/src/vendor/slim/slim/Slim/MiddlewareDispatcher.php(81): Slim\Routing\Route->handle()
#8 /var/www/CRM/src/vendor/slim/slim/Slim/MiddlewareDispatcher.php(81): Slim\MiddlewareDispatcher->handle()
#9 /var/www/CRM/src/vendor/slim/slim/Slim/Routing/Route.php(341): Slim\MiddlewareDispatcher->handle()
#10 /var/www/CRM/src/vendor/slim/slim/Slim/Routing/RouteRunner.php(84): Slim\Routing\Route->run()
#11 /var/www/CRM/src/EcclesiaCRM/Slim/Middleware/VersionMiddleware.php(17): Slim\Routing\RouteRunner->handle()
#12 /var/www/CRM/src/vendor/slim/slim/Slim/MiddlewareDispatcher.php(313): EcclesiaCRM\Slim\Middleware\VersionMiddleware->__invoke()
#13 /var/www/CRM/src/vendor/tuupola/slim-jwt-auth/src/JwtAuthentication.php(132): class@anonymous->handle()
#14 /var/www/CRM/src/vendor/slim/slim/Slim/MiddlewareDispatcher.php(147): Tuupola\Middleware\JwtAuthentication->process()
#15 /var/www/CRM/src/vendor/slim/slim/Slim/Middleware/ErrorMiddleware.php(107): class@anonymous->handle()
#16 /var/www/CRM/src/vendor/slim/slim/Slim/MiddlewareDispatcher.php(147): Slim\Middleware\ErrorMiddleware->process()
#17 /var/www/CRM/src/vendor/slim/slim/Slim/MiddlewareDispatcher.php(81): class@anonymous->handle()
#18 /var/www/CRM/src/vendor/slim/slim/Slim/App.php(215): Slim\MiddlewareDispatcher->handle()
#19 /var/www/CRM/src/vendor/slim/slim/Slim/App.php(199): Slim\App->handle()
#20 /var/www/CRM/src/api/index.php(145): Slim\App->run()
#21 {main}
Previous Error:
Type: PDOException
Code: 23000
Message: SQLSTATE[23000]: Integrity constraint violation: 1452 Cannot add or update a child row: a foreign key constraint fails (`crm`.`person2volunteeropp_p2vo`, CONSTRAINT `fk_p2vo_per_ID` FOREIGN KEY (`p2vo_per_ID`) REFERENCES `person_per` (`per_ID`) ON DELETE CASCADE)
File: /var/www/CRM/src/vendor/propel/propel/src/Propel/Runtime/Connection/StatementWrapper.php
Line: 215
Trace: #0 /var/www/CRM/src/vendor/propel/propel/src/Propel/Runtime/Connection/StatementWrapper.php(215): PDOStatement->execute()
#1 /var/www/CRM/src/EcclesiaCRM/model/EcclesiaCRM/Base/PersonVolunteerOpportunity.php(738): Propel\Runtime\Connection\StatementWrapper->execute()
#2 /var/www/CRM/src/EcclesiaCRM/model/EcclesiaCRM/Base/PersonVolunteerOpportunity.php(673): EcclesiaCRM\Base\PersonVolunteerOpportunity->doInsert()
#3 /var/www/CRM/src/EcclesiaCRM/model/EcclesiaCRM/Base/PersonVolunteerOpportunity.php(618): EcclesiaCRM\Base\PersonVolunteerOpportunity->doSave()
#4 /var/www/CRM/src/vendor/propel/propel/src/Propel/Runtime/Connection/TransactionTrait.php(35): EcclesiaCRM\Base\PersonVolunteerOpportunity->EcclesiaCRM\Base\{closure}()
#5 /var/www/CRM/src/EcclesiaCRM/model/EcclesiaCRM/Base/PersonVolunteerOpportunity.php(631): Propel\Runtime\Connection\ConnectionWrapper->transaction()
#6 /var/www/eventworkflow/src/core/APIControllers/EventWorkflowController.php(1363): EcclesiaCRM\Base\PersonVolunteerOpportunity->save()
#7 /var/www/CRM/src/vendor/slim/slim/Slim/Handlers/Strategies/RequestResponse.php(43): Plugins\APIControllers\EventWorkflowController->addContentSubContainerGroup()
#8 /var/www/CRM/src/vendor/slim/slim/Slim/Routing/Route.php(384): Slim\Handlers\Strategies\RequestResponse->__invoke()
#9 /var/www/CRM/src/vendor/slim/slim/Slim/MiddlewareDispatcher.php(81): Slim\Routing\Route->handle()
#10 /var/www/CRM/src/vendor/slim/slim/Slim/MiddlewareDispatcher.php(81): Slim\MiddlewareDispatcher->handle()
#11 /var/www/CRM/src/vendor/slim/slim/Slim/Routing/Route.php(341): Slim\MiddlewareDispatcher->handle()
#12 /var/www/CRM/src/vendor/slim/slim/Slim/Routing/RouteRunner.php(84): Slim\Routing\Route->run()
#13 /var/www/CRM/src/EcclesiaCRM/Slim/Middleware/VersionMiddleware.php(17): Slim\Routing\RouteRunner->handle()
#14 /var/www/CRM/src/vendor/slim/slim/Slim/MiddlewareDispatcher.php(313): EcclesiaCRM\Slim\Middleware\VersionMiddleware->__invoke()
#15 /var/www/CRM/src/vendor/tuupola/slim-jwt-auth/src/JwtAuthentication.php(132): class@anonymous->handle()
#16 /var/www/CRM/src/vendor/slim/slim/Slim/MiddlewareDispatcher.php(147): Tuupola\Middleware\JwtAuthentication->process()
#17 /var/www/CRM/src/vendor/slim/slim/Slim/Middleware/ErrorMiddleware.php(107): class@anonymous->handle()
#18 /var/www/CRM/src/vendor/slim/slim/Slim/MiddlewareDispatcher.php(147): Slim\Middleware\ErrorMiddleware->process()
#19 /var/www/CRM/src/vendor/slim/slim/Slim/MiddlewareDispatcher.php(81): class@anonymous->handle()
#20 /var/www/CRM/src/vendor/slim/slim/Slim/App.php(215): Slim\MiddlewareDispatcher->handle()
#21 /var/www/CRM/src/vendor/slim/slim/Slim/App.php(199): Slim\App->handle()
#22 /var/www/CRM/src/api/index.php(145): Slim\App->run()
#23 {main}
