[2022-10-05 22:16:11] defaultLogger.INFO: coucou32 [] []
[2022-10-05 22:25:40] defaultLogger.INFO: coucou45Token: 633d98e9e68f3 Type: eventworkflowcheckperson ValidUntilDate: '2022-10-19' ReferenceId: 19 RemainingUses: 95 Comment: null  [] []
[2022-10-05 22:26:53] defaultLogger.INFO: coucou451 [] []
[2022-10-05 22:28:30] defaultLogger.INFO: coucou451 [] []
[2022-10-05 22:28:31] defaultLogger.INFO: coucou451 [] []
[2022-10-05 22:31:28] defaultLogger.INFO: coucou451 [] []
[2022-10-05 22:41:41] defaultLogger.INFO: Updating MailChimp List Cache [] []
[2022-10-05 22:41:53] defaultLogger.INFO: Updating MailChimp Campaigns Cache [] []
[2022-10-05 22:42:34] defaultLogger.WARNING: {     "csp-report": {         "document-uri": "https:\/\/dev.ecclesiacrm.com\/v2\/eventworkflow\/onedaydashboard",         "referrer": "",         "violated-directive": "script-src-elem",         "effective-directive": "script-src",         "original-policy": "default-src 'self';script-src 'self' 'unsafe-eval' 'nonce-Pv68Lq47Mi1EoW1B97dadw==' sidecar.gitter.im browser-update.org maps.googleapis.com www.bing.com  dev.virtualearth.net t.ssl.ak.dynamic.tiles.virtualearth.net cdnjs.cloudflare.com meet.jit.si;object-src 'self' 'nonce-Pv68Lq47Mi1EoW1B97dadw==';style-src 'self' 'unsafe-inline' fonts.googleapis.com www.bing.com;img-src 'self' 'nonce-Pv68Lq47Mi1EoW1B97dadw==' www.google.com d maps.gstatic.com maps.googleapis.com a.tile.openstreetmap.org b.tile.openstreetmap.org c.tile.openstreetmap.org www.bing.com t.ssl.ak.dynamic.tiles.virtualearth.net data:;media-src 'self';frame-src 'self' www.youtube.com;font-src 'self' fonts.gstatic.com;connect-src 'self' www.bing.com  nominatim.openstreetmap.org;report-uri https:\/\/dev.ecclesiacrm.com\/api\/system\/csp-report",         "blocked-uri": "inline",         "status-code": 0     } } [] []
[2022-10-05 22:44:37] defaultLogger.INFO: coucou451 [] []
[2022-10-05 22:45:41] defaultLogger.INFO: coucou451 [] []
[2022-10-05 22:45:42] defaultLogger.INFO: coucou451 [] []
[2022-10-05 22:46:57] defaultLogger.INFO: coucou451 [] []
[2022-10-05 22:47:17] defaultLogger.INFO: coucou451 [] []
[2022-10-05 22:47:57] defaultLogger.INFO: coucou451 [] []
[2022-10-05 22:47:58] defaultLogger.INFO: coucou451 [] []
[2022-10-05 22:48:03] defaultLogger.INFO: coucou451 [] []
[2022-10-05 22:48:24] defaultLogger.INFO: coucou451 [] []
[2022-10-05 22:49:46] defaultLogger.INFO: coucou451 [] []
[2022-10-05 22:50:02] defaultLogger.INFO: coucou451 [] []
[2022-10-05 22:50:05] defaultLogger.INFO: coucou451 [] []
[2022-10-05 22:50:25] defaultLogger.INFO: coucou451 [] []
[2022-10-05 22:50:26] defaultLogger.INFO: coucou451 [] []
[2022-10-05 22:52:36] defaultLogger.INFO: coucou451 [] []
