[2022-12-05 11:24:46] defaultLogger.INFO: Updating MailChimp List Cache [] []
[2022-12-05 11:25:01] defaultLogger.INFO: Updating MailChimp Campaigns Cache [] []
[2022-12-05 11:27:12] defaultLogger.INFO: Updating MailChimp List Cache [] []
[2022-12-05 11:27:22] defaultLogger.INFO: Updating MailChimp Campaigns Cache [] []
[2022-12-05 11:37:58] defaultLogger.WARNING: {     "csp-report": {         "document-uri": "http:\/\/dev.ecclesiacrm.com\/v2\/calendar",         "referrer": "http:\/\/dev.ecclesiacrm.com\/v2\/mailchimp\/managelist\/bdc9709a5b",         "violated-directive": "font-src",         "effective-directive": "font-src",         "original-policy": "default-src 'self';script-src 'self' 'unsafe-eval' 'nonce-IgrzXXJTShlRIZJ9BYCxiw==' sidecar.gitter.im browser-update.org maps.googleapis.com www.bing.com  dev.virtualearth.net t.ssl.ak.dynamic.tiles.virtualearth.net cdnjs.cloudflare.com meet.jit.si;object-src 'self' 'nonce-IgrzXXJTShlRIZJ9BYCxiw==';style-src 'self' 'unsafe-inline' fonts.googleapis.com www.bing.com;img-src 'self' 'nonce-IgrzXXJTShlRIZJ9BYCxiw==' www.google.com d maps.gstatic.com maps.googleapis.com a.tile.openstreetmap.org b.tile.openstreetmap.org c.tile.openstreetmap.org www.bing.com t.ssl.ak.dynamic.tiles.virtualearth.net data:;media-src 'self';frame-src 'self' www.youtube.com;font-src 'self' fonts.gstatic.com;connect-src 'self' www.bing.com  nominatim.openstreetmap.org;report-uri http:\/\/dev.ecclesiacrm.com\/api\/system\/csp-report",         "blocked-uri": "data",         "status-code": 200     } } [] []
[2022-12-05 13:25:44] defaultLogger.INFO: Updating MailChimp List Cache [] []
[2022-12-05 13:25:54] defaultLogger.INFO: Updating MailChimp Campaigns Cache [] []
[2022-12-05 13:30:09] defaultLogger.INFO: Updating MailChimp List Cache [] []
[2022-12-05 13:30:28] defaultLogger.INFO: Updating MailChimp Campaigns Cache [] []
[2022-12-05 20:59:55] defaultLogger.INFO: Updating MailChimp List Cache [] []
[2022-12-05 21:00:08] defaultLogger.INFO: Updating MailChimp Campaigns Cache [] []
[2022-12-05 21:26:11] defaultLogger.INFO: Updating MailChimp List Cache [] []
[2022-12-05 21:26:42] defaultLogger.INFO: Updating MailChimp Campaigns Cache [] []
[2022-12-05 21:27:07] defaultLogger.INFO: Updating MailChimp Campaigns Cache [] []
[2022-12-05 21:32:49] defaultLogger.INFO: Updating MailChimp List Cache [] []
[2022-12-05 21:33:07] defaultLogger.INFO: Updating MailChimp Campaigns Cache [] []
[2022-12-05 21:35:07] defaultLogger.INFO: Updating MailChimp List Cache [] []
[2022-12-05 21:35:31] defaultLogger.INFO: Updating MailChimp Campaigns Cache [] []
[2022-12-05 21:37:46] defaultLogger.INFO: Updating MailChimp List Cache [] []
[2022-12-05 21:38:04] defaultLogger.INFO: Updating MailChimp Campaigns Cache [] []
[2022-12-05 21:42:23] defaultLogger.INFO: Updating MailChimp List Cache [] []
[2022-12-05 21:42:44] defaultLogger.INFO: Updating MailChimp Campaigns Cache [] []
[2022-12-05 21:47:10] defaultLogger.INFO: Updating MailChimp List Cache [] []
[2022-12-05 21:47:28] defaultLogger.INFO: Updating MailChimp Campaigns Cache [] []
[2022-12-05 21:48:40] defaultLogger.INFO: Updating MailChimp List Cache [] []
[2022-12-05 21:48:57] defaultLogger.INFO: Updating MailChimp Campaigns Cache [] []
[2022-12-05 21:51:21] defaultLogger.INFO: Updating MailChimp List Cache [] []
[2022-12-05 21:51:42] defaultLogger.INFO: Updating MailChimp Campaigns Cache [] []
[2022-12-05 21:53:31] defaultLogger.INFO: Updating MailChimp List Cache [] []
[2022-12-05 21:53:48] defaultLogger.INFO: Updating MailChimp Campaigns Cache [] []
[2022-12-05 21:57:07] defaultLogger.INFO: Updating MailChimp List Cache [] []
[2022-12-05 21:57:18] defaultLogger.INFO: Updating MailChimp Campaigns Cache [] []
[2022-12-05 22:00:31] defaultLogger.INFO: Updating MailChimp List Cache [] []
[2022-12-05 22:00:44] defaultLogger.INFO: Updating MailChimp Campaigns Cache [] []
[2022-12-05 22:02:22] defaultLogger.INFO: Updating MailChimp List Cache [] []
[2022-12-05 22:02:41] defaultLogger.INFO: Updating MailChimp Campaigns Cache [] []
[2022-12-05 22:03:39] defaultLogger.INFO: Updating MailChimp List Cache [] []
[2022-12-05 22:03:53] defaultLogger.INFO: Updating MailChimp Campaigns Cache [] []
[2022-12-05 22:05:38] defaultLogger.INFO: Updating MailChimp List Cache [] []
[2022-12-05 22:05:49] defaultLogger.INFO: Updating MailChimp Campaigns Cache [] []
[2022-12-05 22:54:39] defaultLogger.INFO: Updating MailChimp List Cache [] []
[2022-12-05 22:54:49] defaultLogger.INFO: Updating MailChimp Campaigns Cache [] []
[2022-12-05 23:18:13] defaultLogger.INFO: Updating MailChimp List Cache [] []
[2022-12-05 23:18:29] defaultLogger.INFO: Updating MailChimp Campaigns Cache [] []
[2022-12-05 23:19:00] defaultLogger.WARNING: {     "csp-report": {         "document-uri": "http:\/\/dev.ecclesiacrm.com\/v2\/calendar",         "referrer": "http:\/\/dev.ecclesiacrm.com\/v2\/mailchimp\/managelist\/bdc9709a5b",         "violated-directive": "font-src",         "effective-directive": "font-src",         "original-policy": "default-src 'self';script-src 'self' 'unsafe-eval' 'nonce-Wtxq3Q70v05zTk4v0NYO7w==' sidecar.gitter.im browser-update.org maps.googleapis.com www.bing.com  dev.virtualearth.net t.ssl.ak.dynamic.tiles.virtualearth.net cdnjs.cloudflare.com meet.jit.si;object-src 'self' 'nonce-Wtxq3Q70v05zTk4v0NYO7w==';style-src 'self' 'unsafe-inline' fonts.googleapis.com www.bing.com;img-src 'self' 'nonce-Wtxq3Q70v05zTk4v0NYO7w==' www.google.com d maps.gstatic.com maps.googleapis.com a.tile.openstreetmap.org b.tile.openstreetmap.org c.tile.openstreetmap.org www.bing.com t.ssl.ak.dynamic.tiles.virtualearth.net data:;media-src 'self';frame-src 'self' www.youtube.com;font-src 'self' fonts.gstatic.com;connect-src 'self' www.bing.com  nominatim.openstreetmap.org;report-uri http:\/\/dev.ecclesiacrm.com\/api\/system\/csp-report",         "blocked-uri": "data",         "status-code": 200     } } [] []
[2022-12-05 23:19:18] defaultLogger.WARNING: {     "csp-report": {         "document-uri": "http:\/\/dev.ecclesiacrm.com\/v2\/meeting\/dashboard",         "referrer": "http:\/\/dev.ecclesiacrm.com\/v2\/dashboard",         "violated-directive": "frame-src",         "effective-directive": "frame-src",         "original-policy": "default-src 'self';script-src 'self' 'unsafe-eval' 'nonce-rNwrNLcTdDByNCrH3WLTSg==' sidecar.gitter.im browser-update.org maps.googleapis.com www.bing.com  dev.virtualearth.net t.ssl.ak.dynamic.tiles.virtualearth.net cdnjs.cloudflare.com meet.jit.si;object-src 'self' 'nonce-rNwrNLcTdDByNCrH3WLTSg==';style-src 'self' 'unsafe-inline' fonts.googleapis.com www.bing.com;img-src 'self' 'nonce-rNwrNLcTdDByNCrH3WLTSg==' www.google.com d maps.gstatic.com maps.googleapis.com a.tile.openstreetmap.org b.tile.openstreetmap.org c.tile.openstreetmap.org www.bing.com t.ssl.ak.dynamic.tiles.virtualearth.net data:;media-src 'self';frame-src 'self' www.youtube.com;font-src 'self' fonts.gstatic.com;connect-src 'self' www.bing.com  nominatim.openstreetmap.org;report-uri http:\/\/dev.ecclesiacrm.com\/api\/system\/csp-report",         "blocked-uri": "https:\/\/meet.jit.si",         "status-code": 200,         "source-file": "https:\/\/meet.jit.si",         "line-number": 1,         "column-number": 15662     } } [] []
[2022-12-05 23:19:19] defaultLogger.WARNING: {     "csp-report": {         "document-uri": "http:\/\/dev.ecclesiacrm.com\/v2\/meeting\/dashboard",         "referrer": "http:\/\/dev.ecclesiacrm.com\/v2\/dashboard",         "violated-directive": "frame-src",         "effective-directive": "frame-src",         "original-policy": "default-src 'self';script-src 'self' 'unsafe-eval' 'nonce-rNwrNLcTdDByNCrH3WLTSg==' sidecar.gitter.im browser-update.org maps.googleapis.com www.bing.com  dev.virtualearth.net t.ssl.ak.dynamic.tiles.virtualearth.net cdnjs.cloudflare.com meet.jit.si;object-src 'self' 'nonce-rNwrNLcTdDByNCrH3WLTSg==';style-src 'self' 'unsafe-inline' fonts.googleapis.com www.bing.com;img-src 'self' 'nonce-rNwrNLcTdDByNCrH3WLTSg==' www.google.com d maps.gstatic.com maps.googleapis.com a.tile.openstreetmap.org b.tile.openstreetmap.org c.tile.openstreetmap.org www.bing.com t.ssl.ak.dynamic.tiles.virtualearth.net data:;media-src 'self';frame-src 'self' www.youtube.com;font-src 'self' fonts.gstatic.com;connect-src 'self' www.bing.com  nominatim.openstreetmap.org;report-uri http:\/\/dev.ecclesiacrm.com\/api\/system\/csp-report",         "blocked-uri": "https:\/\/meet.jit.si",         "status-code": 200     } } [] []
[2022-12-05 23:19:54] defaultLogger.WARNING: {     "csp-report": {         "document-uri": "http:\/\/dev.ecclesiacrm.com\/v2\/mailchimp\/campaign\/2ce185f231",         "referrer": "http:\/\/dev.ecclesiacrm.com\/",         "violated-directive": "script-src-elem",         "effective-directive": "script-src-elem",         "original-policy": "default-src 'self';script-src 'self' 'unsafe-eval' 'nonce-B0Ei3SXmGpdm3NaMWhS4og==' sidecar.gitter.im browser-update.org maps.googleapis.com www.bing.com  dev.virtualearth.net t.ssl.ak.dynamic.tiles.virtualearth.net cdnjs.cloudflare.com meet.jit.si;object-src 'self' 'nonce-B0Ei3SXmGpdm3NaMWhS4og==';style-src 'self' 'unsafe-inline' fonts.googleapis.com www.bing.com;img-src 'self' 'nonce-B0Ei3SXmGpdm3NaMWhS4og==' www.google.com d maps.gstatic.com maps.googleapis.com a.tile.openstreetmap.org b.tile.openstreetmap.org c.tile.openstreetmap.org www.bing.com t.ssl.ak.dynamic.tiles.virtualearth.net data:;media-src 'self';frame-src 'self' www.youtube.com;font-src 'self' fonts.gstatic.com;connect-src 'self' www.bing.com  nominatim.openstreetmap.org;report-uri http:\/\/dev.ecclesiacrm.com\/api\/system\/csp-report",         "blocked-uri": "inline",         "status-code": 0     } } [] []
[2022-12-05 23:19:54] defaultLogger.WARNING: {     "csp-report": {         "document-uri": "http:\/\/dev.ecclesiacrm.com\/v2\/mailchimp\/campaign\/2ce185f231",         "referrer": "http:\/\/dev.ecclesiacrm.com\/",         "violated-directive": "script-src-elem",         "effective-directive": "script-src-elem",         "original-policy": "default-src 'self';script-src 'self' 'unsafe-eval' 'nonce-B0Ei3SXmGpdm3NaMWhS4og==' sidecar.gitter.im browser-update.org maps.googleapis.com www.bing.com  dev.virtualearth.net t.ssl.ak.dynamic.tiles.virtualearth.net cdnjs.cloudflare.com meet.jit.si;object-src 'self' 'nonce-B0Ei3SXmGpdm3NaMWhS4og==';style-src 'self' 'unsafe-inline' fonts.googleapis.com www.bing.com;img-src 'self' 'nonce-B0Ei3SXmGpdm3NaMWhS4og==' www.google.com d maps.gstatic.com maps.googleapis.com a.tile.openstreetmap.org b.tile.openstreetmap.org c.tile.openstreetmap.org www.bing.com t.ssl.ak.dynamic.tiles.virtualearth.net data:;media-src 'self';frame-src 'self' www.youtube.com;font-src 'self' fonts.gstatic.com;connect-src 'self' www.bing.com  nominatim.openstreetmap.org;report-uri http:\/\/dev.ecclesiacrm.com\/api\/system\/csp-report",         "blocked-uri": "inline",         "status-code": 0,         "source-file": "http:\/\/dev.ecclesiacrm.com\/skin\/external\/ckeditor\/ckeditor.js",         "line-number": 87,         "column-number": 315     } } [] []
