[2022-10-25 06:55:50] defaultLogger.INFO: Step1 : SystemService  [] []
[2022-10-25 06:55:50] defaultLogger.INFO: Step2 : Install.sql  [] []
[2022-10-25 06:55:54] defaultLogger.INFO: filename sql :  https://localhost:61310//mysql/install/Install.sql [] []
[2022-10-25 06:57:30] defaultLogger.INFO: Installing EcclesiaCRM Schema [] []
[2022-10-25 02:57:32] defaultLogger.INFO: Database is not current, redirecting to SystemDBUpdate [] []
[2022-10-25 02:57:32] defaultLogger.DEBUG: Database version does not match installed version:  == 8.0.0 [] []
[2022-10-25 06:59:15] defaultLogger.INFO: Step1 : SystemService  [] []
[2022-10-25 06:59:15] defaultLogger.INFO: Step2 : Install.sql  [] []
[2022-10-25 06:59:18] defaultLogger.INFO: filename sql :  https://localhost:61310//mysql/install/Install.sql [] []
[2022-10-25 07:00:23] defaultLogger.INFO: Installing EcclesiaCRM Schema [] []
[2022-10-25 07:02:01] defaultLogger.INFO: Installing EcclesiaCRM Schema [] []
[2022-10-25 03:02:21] defaultLogger.INFO: Database is not current, redirecting to SystemDBUpdate [] []
[2022-10-25 03:02:45] defaultLogger.INFO: Database is not current, redirecting to SystemDBUpdate [] []
[2022-10-25 03:02:46] defaultLogger.DEBUG: Database version does not match installed version:  == 8.0.0 [] []
[2022-10-25 07:03:22] defaultLogger.INFO: Installing EcclesiaCRM Schema [] []
[2022-10-25 07:05:13] defaultLogger.INFO: Installing EcclesiaCRM Schema [] []
[2022-10-25 07:06:29] defaultLogger.INFO: Step1 : SystemService  [] []
[2022-10-25 07:06:29] defaultLogger.INFO: Step2 : Install.sql  [] []
[2022-10-25 07:06:41] defaultLogger.INFO: filename sql :  https://localhost:61310//mysql/install/Install.sql [] []
[2022-10-25 07:07:26] defaultLogger.INFO: Installing EcclesiaCRM Schema [] []
[2022-10-25 07:09:23] defaultLogger.INFO: Step1 : SystemService  [] []
[2022-10-25 07:09:23] defaultLogger.INFO: Step2 : Install.sql  [] []
[2022-10-25 07:09:27] defaultLogger.INFO: filename sql :  https://localhost:61310//mysql/install/Install.sql [] []
[2022-10-25 07:10:13] defaultLogger.INFO: Installing EcclesiaCRM Schema [] []
[2022-10-25 07:12:57] defaultLogger.INFO: Step1 : SystemService  [] []
[2022-10-25 07:12:57] defaultLogger.INFO: Step2 : Install.sql  [] []
[2022-10-25 07:13:28] defaultLogger.INFO: Installing EcclesiaCRM Schema [] []
[2022-10-25 07:13:46] defaultLogger.INFO: Installing EcclesiaCRM Schema [] []
[2022-10-25 03:14:16] defaultLogger.INFO: Database is not current, redirecting to SystemDBUpdate [] []
[2022-10-25 03:14:16] defaultLogger.DEBUG: Database version does not match installed version:  == 8.0.0 [] []
[2022-10-25 07:15:56] defaultLogger.INFO: Step1 : SystemService  [] []
[2022-10-25 07:15:56] defaultLogger.INFO: Step2 : Install.sql  [] []
[2022-10-25 07:16:24] defaultLogger.INFO: filename sql :  /var/www/CRM/src/mysql/install/Install.sql [] []
[2022-10-25 07:16:53] defaultLogger.INFO: Step2' Plugins MeetingJitsi: Install.sql  [] []
[2022-10-25 03:16:57] defaultLogger.INFO: Database is not current, redirecting to SystemDBUpdate [] []
[2022-10-25 03:16:57] defaultLogger.DEBUG: Database version does not match installed version:  == 8.0.0 [] []
[2022-10-25 07:19:37] defaultLogger.INFO: Step1 : SystemService  [] []
[2022-10-25 07:19:37] defaultLogger.INFO: Step2 : Install.sql  [] []
[2022-10-25 07:19:38] defaultLogger.INFO: filename sql :  /var/www/CRM/src/mysql/install/Install.sql [] []
[2022-10-25 07:19:43] defaultLogger.INFO: Step2' Plugins MeetingJitsi: Install.sql  [] []
[2022-10-25 07:19:46] defaultLogger.INFO: filename sql :  /var/www/CRM/src/Plugins/MeetingJitsi/mysql/Install.sql [] []
[2022-10-25 07:19:55] defaultLogger.INFO: Step3 : Version  [] []
[2022-10-25 07:19:59] defaultLogger.INFO: Step4 : configuration INSERT INTO `version_ver` (`ver_version`, `ver_update_start`, `ver_update_end`) VALUES ('8.0.0', '2022-10-25 07:19:37', '2022-10-25 07:19:37'); [] []
[2022-10-25 07:20:02] defaultLogger.INFO: Step5 : language  sql : INSERT INTO `config_cfg` (`cfg_id`, `cfg_name`, `cfg_value`) VALUES (23, 'sDefaultCountry', 'France'), (39,'sLanguage', 'fr_FR'), (2057, 'bGDPR', '0'), (1003, 'sChurchName', 'Epis'), (1004, 'sChurchAddress', '1 rue Robert Kieffer'), (1005, 'sChurchCity', 'Bischheim'), (1007, 'sChurchZip', '67800'), (1008, 'sChurchPhone', '0652133918'), (1009, 'sChurchEmail', 'philippelogel@free.fr'),(1047, 'sChurchCountry', 'France'), (1025, 'sConfirmSigner', 'philippelogel@free.fr'), (2013, 'sChurchWebSite', ''), (1016, 'sReminderSigner', 'philippelogel@free.fr'), (1014, 'sTaxSigner', 'philippelogel@free.fr'), (2014, 'sChurchFB', ''), (2015, 'sChurchTwitter', ''), (2056, 'sGdprDpoSigner', ''), (2058, 'sGdprDpoSignerEmail', ''), (27, 'sSMTPHost', ''), (28, 'bSMTPAuth', '1'), (29, 'sSMTPUser', ''), (30, 'sSMTPPass', ''), (24, 'iSMTPTimeout', '10'), (26, 'sToEmailAddress', ''), (2045, 'bPHPMailerAutoTLS', '0'), (2055, 'sTimeZone', 'Europe/Paris'), (2046, 'sPHPMailerSMTPSecure', '') ON DUPLICATE KEY UPDATE cfg_id=VALUES(cfg_id) [] []
[2022-10-25 07:20:03] defaultLogger.INFO: filename language :  /var/www/CRM/src/mysql/install/languages/fr_FR.sql [] []
[2022-10-25 07:20:07] defaultLogger.INFO: Step6 : Dashboard plugins  sql : INSERT INTO `config_cfg` (`cfg_id`, `cfg_name`, `cfg_value`) VALUES (23, 'sDefaultCountry', 'France'), (39,'sLanguage', 'fr_FR'), (2057, 'bGDPR', '0'), (1003, 'sChurchName', 'Epis'), (1004, 'sChurchAddress', '1 rue Robert Kieffer'), (1005, 'sChurchCity', 'Bischheim'), (1007, 'sChurchZip', '67800'), (1008, 'sChurchPhone', '0652133918'), (1009, 'sChurchEmail', 'philippelogel@free.fr'),(1047, 'sChurchCountry', 'France'), (1025, 'sConfirmSigner', 'philippelogel@free.fr'), (2013, 'sChurchWebSite', ''), (1016, 'sReminderSigner', 'philippelogel@free.fr'), (1014, 'sTaxSigner', 'philippelogel@free.fr'), (2014, 'sChurchFB', ''), (2015, 'sChurchTwitter', ''), (2056, 'sGdprDpoSigner', ''), (2058, 'sGdprDpoSignerEmail', ''), (27, 'sSMTPHost', ''), (28, 'bSMTPAuth', '1'), (29, 'sSMTPUser', ''), (30, 'sSMTPPass', ''), (24, 'iSMTPTimeout', '10'), (26, 'sToEmailAddress', ''), (2045, 'bPHPMailerAutoTLS', '0'), (2055, 'sTimeZone', 'Europe/Paris'), (2046, 'sPHPMailerSMTPSecure', '') ON DUPLICATE KEY UPDATE cfg_id=VALUES(cfg_id) [] []
[2022-10-25 07:20:07] defaultLogger.INFO: filename sql :  /var/www/CRM/src/Plugins/BirthdayAnniversaryDashboard/mysql/Install.sql [] []
[2022-10-25 07:20:08] defaultLogger.INFO: filename sql :  /var/www/CRM/src/Plugins/CurrentUsersDashboard/mysql/Install.sql [] []
[2022-10-25 07:20:09] defaultLogger.INFO: filename sql :  /var/www/CRM/src/Plugins/FamilyInfosDashboard/mysql/Install.sql [] []
[2022-10-25 07:20:10] defaultLogger.INFO: filename sql :  /var/www/CRM/src/Plugins/FinanceDashboard/mysql/Install.sql [] []
[2022-10-25 07:20:13] defaultLogger.INFO: filename sql :  /var/www/CRM/src/Plugins/NewsDashboard/mysql/Install.sql [] []
[2022-10-25 07:20:13] defaultLogger.INFO: filename sql :  /var/www/CRM/src/Plugins/NoteDashboard/mysql/Install.sql [] []
[2022-10-25 07:20:13] defaultLogger.INFO: filename sql :  /var/www/CRM/src/Plugins/PastoralCareDashboard/mysql/Install.sql [] []
[2022-10-25 07:20:13] defaultLogger.INFO: filename sql :  /var/www/CRM/src/Plugins/PersonInfosDashboard/mysql/Install.sql [] []
[2022-10-25 07:20:13] defaultLogger.INFO: filename sql :  /var/www/CRM/src/Plugins/ToDoListDashboard/mysql/Install.sql [] []
[2022-10-25 07:20:13] defaultLogger.INFO: Setup : End [] []
[2022-10-25 09:20:19] defaultLogger.DEBUG: Database version matches installed version: 8.0.0 == 8.0.0 [] []
[2022-10-25 07:35:49] defaultLogger.INFO: Step1 : SystemService  [] []
[2022-10-25 07:35:49] defaultLogger.INFO: Step2 : Install.sql  [] []
[2022-10-25 07:35:53] defaultLogger.INFO: filename sql :  /var/www/CRM/src/mysql/install/Install.sql [] []
[2022-10-25 07:35:54] defaultLogger.INFO: Step3 : Version  [] []
[2022-10-25 07:35:57] defaultLogger.INFO: Step4 : configuration INSERT INTO `version_ver` (`ver_version`, `ver_update_start`, `ver_update_end`) VALUES ('8.0.0', '2022-10-25 07:35:49', '2022-10-25 07:35:49'); [] []
[2022-10-25 07:36:03] defaultLogger.INFO: Step5 : language  sql : INSERT INTO `config_cfg` (`cfg_id`, `cfg_name`, `cfg_value`) VALUES (23, 'sDefaultCountry', 'France'), (39,'sLanguage', 'fr_FR'), (2057, 'bGDPR', '0'), (1003, 'sChurchName', 'Epis'), (1004, 'sChurchAddress', '1 rue Robert Kieffer'), (1005, 'sChurchCity', 'Bischheim'), (1007, 'sChurchZip', '67800'), (1008, 'sChurchPhone', '0652133918'), (1009, 'sChurchEmail', 'philippelogel@free.fr'),(1047, 'sChurchCountry', 'France'), (1025, 'sConfirmSigner', 'philippelogel@free.fr'), (2013, 'sChurchWebSite', ''), (1016, 'sReminderSigner', 'philippelogel@free.fr'), (1014, 'sTaxSigner', 'philippelogel@free.fr'), (2014, 'sChurchFB', ''), (2015, 'sChurchTwitter', ''), (2056, 'sGdprDpoSigner', ''), (2058, 'sGdprDpoSignerEmail', ''), (27, 'sSMTPHost', ''), (28, 'bSMTPAuth', '1'), (29, 'sSMTPUser', ''), (30, 'sSMTPPass', ''), (24, 'iSMTPTimeout', '10'), (26, 'sToEmailAddress', ''), (2045, 'bPHPMailerAutoTLS', '0'), (2055, 'sTimeZone', 'Europe/Paris'), (2046, 'sPHPMailerSMTPSecure', '') ON DUPLICATE KEY UPDATE cfg_id=VALUES(cfg_id) [] []
[2022-10-25 07:36:03] defaultLogger.INFO: filename language :  /var/www/CRM/src/mysql/install/languages/fr_FR.sql [] []
[2022-10-25 07:36:03] defaultLogger.INFO: Step6 : Dashboard plugins  sql : INSERT INTO `config_cfg` (`cfg_id`, `cfg_name`, `cfg_value`) VALUES (23, 'sDefaultCountry', 'France'), (39,'sLanguage', 'fr_FR'), (2057, 'bGDPR', '0'), (1003, 'sChurchName', 'Epis'), (1004, 'sChurchAddress', '1 rue Robert Kieffer'), (1005, 'sChurchCity', 'Bischheim'), (1007, 'sChurchZip', '67800'), (1008, 'sChurchPhone', '0652133918'), (1009, 'sChurchEmail', 'philippelogel@free.fr'),(1047, 'sChurchCountry', 'France'), (1025, 'sConfirmSigner', 'philippelogel@free.fr'), (2013, 'sChurchWebSite', ''), (1016, 'sReminderSigner', 'philippelogel@free.fr'), (1014, 'sTaxSigner', 'philippelogel@free.fr'), (2014, 'sChurchFB', ''), (2015, 'sChurchTwitter', ''), (2056, 'sGdprDpoSigner', ''), (2058, 'sGdprDpoSignerEmail', ''), (27, 'sSMTPHost', ''), (28, 'bSMTPAuth', '1'), (29, 'sSMTPUser', ''), (30, 'sSMTPPass', ''), (24, 'iSMTPTimeout', '10'), (26, 'sToEmailAddress', ''), (2045, 'bPHPMailerAutoTLS', '0'), (2055, 'sTimeZone', 'Europe/Paris'), (2046, 'sPHPMailerSMTPSecure', '') ON DUPLICATE KEY UPDATE cfg_id=VALUES(cfg_id) [] []
[2022-10-25 07:38:26] defaultLogger.INFO: Step1 : SystemService  [] []
[2022-10-25 07:38:26] defaultLogger.INFO: Step2 : Install.sql  [] []
[2022-10-25 07:38:27] defaultLogger.INFO: filename sql :  /var/www/CRM/src/mysql/install/Install.sql [] []
[2022-10-25 07:38:28] defaultLogger.INFO: Step3 : Version  [] []
[2022-10-25 07:38:29] defaultLogger.INFO: Step4 : configuration INSERT INTO `version_ver` (`ver_version`, `ver_update_start`, `ver_update_end`) VALUES ('8.0.0', '2022-10-25 07:38:26', '2022-10-25 07:38:26'); [] []
[2022-10-25 07:38:29] defaultLogger.INFO: Step5 : language  sql : INSERT INTO `config_cfg` (`cfg_id`, `cfg_name`, `cfg_value`) VALUES (23, 'sDefaultCountry', 'France'), (39,'sLanguage', 'fr_FR'), (2057, 'bGDPR', '0'), (1003, 'sChurchName', 'Epis'), (1004, 'sChurchAddress', '1 rue Robert Kieffer'), (1005, 'sChurchCity', 'Bischheim'), (1007, 'sChurchZip', '67800'), (1008, 'sChurchPhone', '0652133918'), (1009, 'sChurchEmail', 'philippelogel@free.fr'),(1047, 'sChurchCountry', 'France'), (1025, 'sConfirmSigner', 'philippelogel@free.fr'), (2013, 'sChurchWebSite', ''), (1016, 'sReminderSigner', 'philippelogel@free.fr'), (1014, 'sTaxSigner', 'philippelogel@free.fr'), (2014, 'sChurchFB', ''), (2015, 'sChurchTwitter', ''), (2056, 'sGdprDpoSigner', ''), (2058, 'sGdprDpoSignerEmail', ''), (27, 'sSMTPHost', ''), (28, 'bSMTPAuth', '1'), (29, 'sSMTPUser', ''), (30, 'sSMTPPass', ''), (24, 'iSMTPTimeout', '10'), (26, 'sToEmailAddress', ''), (2045, 'bPHPMailerAutoTLS', '0'), (2055, 'sTimeZone', 'Europe/Paris'), (2046, 'sPHPMailerSMTPSecure', '') ON DUPLICATE KEY UPDATE cfg_id=VALUES(cfg_id) [] []
[2022-10-25 07:38:29] defaultLogger.INFO: filename language :  /var/www/CRM/src/mysql/install/languages/fr_FR.sql [] []
[2022-10-25 07:38:29] defaultLogger.INFO: Step6 : Dashboard plugins  sql : INSERT INTO `config_cfg` (`cfg_id`, `cfg_name`, `cfg_value`) VALUES (23, 'sDefaultCountry', 'France'), (39,'sLanguage', 'fr_FR'), (2057, 'bGDPR', '0'), (1003, 'sChurchName', 'Epis'), (1004, 'sChurchAddress', '1 rue Robert Kieffer'), (1005, 'sChurchCity', 'Bischheim'), (1007, 'sChurchZip', '67800'), (1008, 'sChurchPhone', '0652133918'), (1009, 'sChurchEmail', 'philippelogel@free.fr'),(1047, 'sChurchCountry', 'France'), (1025, 'sConfirmSigner', 'philippelogel@free.fr'), (2013, 'sChurchWebSite', ''), (1016, 'sReminderSigner', 'philippelogel@free.fr'), (1014, 'sTaxSigner', 'philippelogel@free.fr'), (2014, 'sChurchFB', ''), (2015, 'sChurchTwitter', ''), (2056, 'sGdprDpoSigner', ''), (2058, 'sGdprDpoSignerEmail', ''), (27, 'sSMTPHost', ''), (28, 'bSMTPAuth', '1'), (29, 'sSMTPUser', ''), (30, 'sSMTPPass', ''), (24, 'iSMTPTimeout', '10'), (26, 'sToEmailAddress', ''), (2045, 'bPHPMailerAutoTLS', '0'), (2055, 'sTimeZone', 'Europe/Paris'), (2046, 'sPHPMailerSMTPSecure', '') ON DUPLICATE KEY UPDATE cfg_id=VALUES(cfg_id) [] []
[2022-10-25 07:42:45] defaultLogger.INFO: Step1 : SystemService  [] []
[2022-10-25 07:42:45] defaultLogger.INFO: Step2 : Install.sql  [] []
[2022-10-25 07:42:46] defaultLogger.INFO: filename sql :  /var/www/CRM/src/mysql/install/Install.sql [] []
[2022-10-25 07:42:47] defaultLogger.INFO: Step3 : Version  [] []
[2022-10-25 07:42:48] defaultLogger.INFO: Step4 : configuration INSERT INTO `version_ver` (`ver_version`, `ver_update_start`, `ver_update_end`) VALUES ('8.0.0', '2022-10-25 07:42:45', '2022-10-25 07:42:45'); [] []
[2022-10-25 07:42:48] defaultLogger.INFO: Step5 : language  sql : INSERT INTO `config_cfg` (`cfg_id`, `cfg_name`, `cfg_value`) VALUES (23, 'sDefaultCountry', 'France'), (39,'sLanguage', 'fr_FR'), (2057, 'bGDPR', '0'), (1003, 'sChurchName', 'Epis'), (1004, 'sChurchAddress', '1 rue Robert Kieffer'), (1005, 'sChurchCity', 'Bischheim'), (1007, 'sChurchZip', '67800'), (1008, 'sChurchPhone', '0652133918'), (1009, 'sChurchEmail', 'philippelogel@free.fr'),(1047, 'sChurchCountry', 'France'), (1025, 'sConfirmSigner', 'philippelogel@free.fr'), (2013, 'sChurchWebSite', ''), (1016, 'sReminderSigner', 'philippelogel@free.fr'), (1014, 'sTaxSigner', 'philippelogel@free.fr'), (2014, 'sChurchFB', ''), (2015, 'sChurchTwitter', ''), (2056, 'sGdprDpoSigner', ''), (2058, 'sGdprDpoSignerEmail', ''), (27, 'sSMTPHost', ''), (28, 'bSMTPAuth', '1'), (29, 'sSMTPUser', ''), (30, 'sSMTPPass', ''), (24, 'iSMTPTimeout', '10'), (26, 'sToEmailAddress', ''), (2045, 'bPHPMailerAutoTLS', '0'), (2055, 'sTimeZone', 'Europe/Paris'), (2046, 'sPHPMailerSMTPSecure', '') ON DUPLICATE KEY UPDATE cfg_id=VALUES(cfg_id) [] []
[2022-10-25 07:42:48] defaultLogger.INFO: filename language :  /var/www/CRM/src/mysql/install/languages/fr_FR.sql [] []
[2022-10-25 07:42:48] defaultLogger.INFO: Step6 : Dashboard plugins  sql : INSERT INTO `config_cfg` (`cfg_id`, `cfg_name`, `cfg_value`) VALUES (23, 'sDefaultCountry', 'France'), (39,'sLanguage', 'fr_FR'), (2057, 'bGDPR', '0'), (1003, 'sChurchName', 'Epis'), (1004, 'sChurchAddress', '1 rue Robert Kieffer'), (1005, 'sChurchCity', 'Bischheim'), (1007, 'sChurchZip', '67800'), (1008, 'sChurchPhone', '0652133918'), (1009, 'sChurchEmail', 'philippelogel@free.fr'),(1047, 'sChurchCountry', 'France'), (1025, 'sConfirmSigner', 'philippelogel@free.fr'), (2013, 'sChurchWebSite', ''), (1016, 'sReminderSigner', 'philippelogel@free.fr'), (1014, 'sTaxSigner', 'philippelogel@free.fr'), (2014, 'sChurchFB', ''), (2015, 'sChurchTwitter', ''), (2056, 'sGdprDpoSigner', ''), (2058, 'sGdprDpoSignerEmail', ''), (27, 'sSMTPHost', ''), (28, 'bSMTPAuth', '1'), (29, 'sSMTPUser', ''), (30, 'sSMTPPass', ''), (24, 'iSMTPTimeout', '10'), (26, 'sToEmailAddress', ''), (2045, 'bPHPMailerAutoTLS', '0'), (2055, 'sTimeZone', 'Europe/Paris'), (2046, 'sPHPMailerSMTPSecure', '') ON DUPLICATE KEY UPDATE cfg_id=VALUES(cfg_id) [] []
[2022-10-25 07:43:11] defaultLogger.INFO: filename sql :  /var/www/CRM/src/Plugins/BirthdayAnniversaryDashboard/mysql/Install.sql [] []
[2022-10-25 09:43:13] defaultLogger.DEBUG: Database version matches installed version: 8.0.0 == 8.0.0 [] []
[2022-10-25 07:43:25] defaultLogger.INFO: filename sql :  /var/www/CRM/src/Plugins/CurrentUsersDashboard/mysql/Install.sql [] []
[2022-10-25 07:43:25] defaultLogger.INFO: filename sql :  /var/www/CRM/src/Plugins/EventWorkflow/mysql/Install.sql [] []
[2022-10-25 07:43:25] defaultLogger.INFO: filename sql :  /var/www/CRM/src/Plugins/FamilyInfosDashboard/mysql/Install.sql [] []
[2022-10-25 07:43:25] defaultLogger.INFO: filename sql :  /var/www/CRM/src/Plugins/FinanceDashboard/mysql/Install.sql [] []
[2022-10-25 07:43:25] defaultLogger.INFO: filename sql :  /var/www/CRM/src/Plugins/MeetingJitsi/mysql/Install.sql [] []
[2022-10-25 07:43:25] defaultLogger.INFO: filename sql :  /var/www/CRM/src/Plugins/NewsDashboard/mysql/Install.sql [] []
[2022-10-25 07:43:25] defaultLogger.INFO: filename sql :  /var/www/CRM/src/Plugins/NoteDashboard/mysql/Install.sql [] []
[2022-10-25 07:43:25] defaultLogger.INFO: filename sql :  /var/www/CRM/src/Plugins/PastoralCareDashboard/mysql/Install.sql [] []
[2022-10-25 07:43:25] defaultLogger.INFO: filename sql :  /var/www/CRM/src/Plugins/PersonInfosDashboard/mysql/Install.sql [] []
[2022-10-25 07:43:25] defaultLogger.INFO: filename sql :  /var/www/CRM/src/Plugins/ToDoListDashboard/mysql/Install.sql [] []
[2022-10-25 07:43:25] defaultLogger.INFO: Setup : End [] []
[2022-10-25 09:43:25] defaultLogger.DEBUG: Database version matches installed version: 8.0.0 == 8.0.0 [] []
[2022-10-25 09:43:58] defaultLogger.DEBUG: Database version matches installed version: 8.0.0 == 8.0.0 [] []
[2022-10-25 09:43:59] defaultLogger.DEBUG: Database version matches installed version: 8.0.0 == 8.0.0 [] []
[2022-10-25 09:44:07] defaultLogger.DEBUG: Database version matches installed version: 8.0.0 == 8.0.0 [] []
[2022-10-25 09:44:20] defaultLogger.DEBUG: Database version matches installed version: 8.0.0 == 8.0.0 [] []
[2022-10-25 09:44:23] defaultLogger.DEBUG: Database version matches installed version: 8.0.0 == 8.0.0 [] []
[2022-10-25 09:45:43] defaultLogger.DEBUG: Database version matches installed version: 8.0.0 == 8.0.0 [] []
[2022-10-25 09:45:51] defaultLogger.DEBUG: Database version matches installed version: 8.0.0 == 8.0.0 [] []
[2022-10-25 09:45:51] defaultLogger.DEBUG: Database version matches installed version: 8.0.0 == 8.0.0 [] []
[2022-10-25 09:46:03] defaultLogger.DEBUG: Database version matches installed version: 8.0.0 == 8.0.0 [] []
[2022-10-25 09:46:38] defaultLogger.INFO: Updating MailChimp List Cache [] []
[2022-10-25 09:46:48] defaultLogger.INFO: Updating MailChimp Campaigns Cache [] []
[2022-10-25 09:47:11] defaultLogger.INFO: Updating MailChimp List Cache [] []
[2022-10-25 09:47:23] defaultLogger.INFO: Updating MailChimp Campaigns Cache [] []
