[11-Jan-2022 08:46:32 Europe/Paris] Slim Application Error
Type: TypeError
Code: 0
Message: Monolog\Logger::info(): Argument #2 ($context) must be of type array, string given, called in /var/www/CRM/src/EcclesiaCRM/utils/PhpWordHTMLExtension.php on line 68
File: /var/www/CRM/src/vendor/monolog/monolog/src/Monolog/Logger.php
Line: 640
Trace: #0 /var/www/CRM/src/EcclesiaCRM/utils/PhpWordHTMLExtension.php(68): Monolog\Logger->info()
#1 /var/www/CRM/src/EcclesiaCRM/utils/MiscUtils.php(1547): PhpOffice\PhpWord\Shared\PhpWordHTMLExtension::addHtml()
#2 /var/www/CRM/src/EcclesiaCRM/APIControllers/PeoplePersonController.php(589): EcclesiaCRM\Utils\MiscUtils::saveHtmlAsWordFilePhpWord()
#3 /var/www/CRM/src/vendor/slim/slim/Slim/Handlers/Strategies/RequestResponse.php(43): EcclesiaCRM\APIControllers\PeoplePersonController->saveNoteAsWordFile()
#4 /var/www/CRM/src/vendor/slim/slim/Slim/Routing/Route.php(384): Slim\Handlers\Strategies\RequestResponse->__invoke()
#5 /var/www/CRM/src/vendor/slim/slim/Slim/MiddlewareDispatcher.php(81): Slim\Routing\Route->handle()
#6 /var/www/CRM/src/vendor/slim/slim/Slim/MiddlewareDispatcher.php(81): Slim\MiddlewareDispatcher->handle()
#7 /var/www/CRM/src/vendor/slim/slim/Slim/Routing/Route.php(341): Slim\MiddlewareDispatcher->handle()
#8 /var/www/CRM/src/vendor/slim/slim/Slim/Routing/RouteRunner.php(84): Slim\Routing\Route->run()
#9 /var/www/CRM/src/EcclesiaCRM/Slim/Middleware/VersionMiddleware.php(17): Slim\Routing\RouteRunner->handle()
#10 /var/www/CRM/src/vendor/slim/slim/Slim/MiddlewareDispatcher.php(313): EcclesiaCRM\Slim\Middleware\VersionMiddleware->__invoke()
#11 /var/www/CRM/src/vendor/tuupola/slim-jwt-auth/src/JwtAuthentication.php(132): Psr\Http\Server\RequestHandlerInterface@anonymous->handle()
#12 /var/www/CRM/src/vendor/slim/slim/Slim/MiddlewareDispatcher.php(147): Tuupola\Middleware\JwtAuthentication->process()
#13 /var/www/CRM/src/vendor/slim/slim/Slim/Middleware/ErrorMiddleware.php(107): Psr\Http\Server\RequestHandlerInterface@anonymous->handle()
#14 /var/www/CRM/src/vendor/slim/slim/Slim/MiddlewareDispatcher.php(147): Slim\Middleware\ErrorMiddleware->process()
#15 /var/www/CRM/src/vendor/slim/slim/Slim/MiddlewareDispatcher.php(81): Psr\Http\Server\RequestHandlerInterface@anonymous->handle()
#16 /var/www/CRM/src/vendor/slim/slim/Slim/App.php(215): Slim\MiddlewareDispatcher->handle()
#17 /var/www/CRM/src/vendor/slim/slim/Slim/App.php(199): Slim\App->handle()
#18 /var/www/CRM/src/api/index.php(135): Slim\App->run()
#19 {main}
