[24-Jul-2022 20:31:40 Europe/Paris] Slim Application Error
Type: PDOException
Code: 22007
Message: SQLSTATE[22007]: Invalid datetime format: 1292 Truncated incorrect DOUBLE value: &#039;Array&#039;
File: /var/www/CRM/src/vendor/sabre/dav/lib/CalDAV/Backend/PDO.php
Line: 324
Trace: #0 /var/www/CRM/src/vendor/sabre/dav/lib/CalDAV/Backend/PDO.php(324): PDOStatement->execute()
#1 /var/www/CRM/src/vendor/sabre/dav/lib/DAV/PropPatch.php(288): Sabre\CalDAV\Backend\PDO->Sabre\CalDAV\Backend\{closure}()
#2 /var/www/CRM/src/vendor/sabre/dav/lib/DAV/PropPatch.php(227): Sabre\DAV\PropPatch->doCallBackMultiProp()
#3 /var/www/CRM/src/EcclesiaCRM/model/EcclesiaCRM/Group.php(269): Sabre\DAV\PropPatch->commit()
#4 /var/www/CRM/src/EcclesiaCRM/model/EcclesiaCRM/Base/Group.php(1049): EcclesiaCRM\Group->postSave()
#5 /var/www/CRM/src/vendor/propel/propel/src/Propel/Runtime/Connection/TransactionTrait.php(35): EcclesiaCRM\Base\Group->EcclesiaCRM\Base\{closure}()
#6 /var/www/CRM/src/EcclesiaCRM/model/EcclesiaCRM/Base/Group.php(1056): Propel\Runtime\Connection\ConnectionWrapper->transaction()
#7 /var/www/CRM/src/EcclesiaCRM/APIControllers/PeopleGroupController.php(429): EcclesiaCRM\Base\Group->save()
#8 /var/www/CRM/src/vendor/slim/slim/Slim/Handlers/Strategies/RequestResponse.php(43): EcclesiaCRM\APIControllers\PeopleGroupController->addPersonToGroup()
#9 /var/www/CRM/src/vendor/slim/slim/Slim/Routing/Route.php(384): Slim\Handlers\Strategies\RequestResponse->__invoke()
#10 /var/www/CRM/src/vendor/slim/slim/Slim/MiddlewareDispatcher.php(81): Slim\Routing\Route->handle()
#11 /var/www/CRM/src/vendor/slim/slim/Slim/MiddlewareDispatcher.php(81): Slim\MiddlewareDispatcher->handle()
#12 /var/www/CRM/src/vendor/slim/slim/Slim/Routing/Route.php(341): Slim\MiddlewareDispatcher->handle()
#13 /var/www/CRM/src/vendor/slim/slim/Slim/Routing/RouteRunner.php(84): Slim\Routing\Route->run()
#14 /var/www/CRM/src/EcclesiaCRM/Slim/Middleware/VersionMiddleware.php(17): Slim\Routing\RouteRunner->handle()
#15 /var/www/CRM/src/vendor/slim/slim/Slim/MiddlewareDispatcher.php(313): EcclesiaCRM\Slim\Middleware\VersionMiddleware->__invoke()
#16 /var/www/CRM/src/vendor/tuupola/slim-jwt-auth/src/JwtAuthentication.php(132): Psr\Http\Server\RequestHandlerInterface@anonymous->handle()
#17 /var/www/CRM/src/vendor/slim/slim/Slim/MiddlewareDispatcher.php(147): Tuupola\Middleware\JwtAuthentication->process()
#18 /var/www/CRM/src/vendor/slim/slim/Slim/Middleware/ErrorMiddleware.php(107): Psr\Http\Server\RequestHandlerInterface@anonymous->handle()
#19 /var/www/CRM/src/vendor/slim/slim/Slim/MiddlewareDispatcher.php(147): Slim\Middleware\ErrorMiddleware->process()
#20 /var/www/CRM/src/vendor/slim/slim/Slim/MiddlewareDispatcher.php(81): Psr\Http\Server\RequestHandlerInterface@anonymous->handle()
#21 /var/www/CRM/src/vendor/slim/slim/Slim/App.php(215): Slim\MiddlewareDispatcher->handle()
#22 /var/www/CRM/src/vendor/slim/slim/Slim/App.php(199): Slim\App->handle()
#23 /var/www/CRM/src/api/index.php(145): Slim\App->run()
#24 {main}
[24-Jul-2022 20:31:59 Europe/Paris] Slim Application Error
Type: PDOException
Code: 22007
Message: SQLSTATE[22007]: Invalid datetime format: 1292 Truncated incorrect DOUBLE value: &#039;Array&#039;
File: /var/www/CRM/src/vendor/sabre/dav/lib/CalDAV/Backend/PDO.php
Line: 324
Trace: #0 /var/www/CRM/src/vendor/sabre/dav/lib/CalDAV/Backend/PDO.php(324): PDOStatement->execute()
#1 /var/www/CRM/src/vendor/sabre/dav/lib/DAV/PropPatch.php(288): Sabre\CalDAV\Backend\PDO->Sabre\CalDAV\Backend\{closure}()
#2 /var/www/CRM/src/vendor/sabre/dav/lib/DAV/PropPatch.php(227): Sabre\DAV\PropPatch->doCallBackMultiProp()
#3 /var/www/CRM/src/EcclesiaCRM/model/EcclesiaCRM/Group.php(269): Sabre\DAV\PropPatch->commit()
#4 /var/www/CRM/src/EcclesiaCRM/model/EcclesiaCRM/Base/Group.php(1049): EcclesiaCRM\Group->postSave()
#5 /var/www/CRM/src/vendor/propel/propel/src/Propel/Runtime/Connection/TransactionTrait.php(35): EcclesiaCRM\Base\Group->EcclesiaCRM\Base\{closure}()
#6 /var/www/CRM/src/EcclesiaCRM/model/EcclesiaCRM/Base/Group.php(1056): Propel\Runtime\Connection\ConnectionWrapper->transaction()
#7 /var/www/CRM/src/EcclesiaCRM/APIControllers/PeopleGroupController.php(429): EcclesiaCRM\Base\Group->save()
#8 /var/www/CRM/src/vendor/slim/slim/Slim/Handlers/Strategies/RequestResponse.php(43): EcclesiaCRM\APIControllers\PeopleGroupController->addPersonToGroup()
#9 /var/www/CRM/src/vendor/slim/slim/Slim/Routing/Route.php(384): Slim\Handlers\Strategies\RequestResponse->__invoke()
#10 /var/www/CRM/src/vendor/slim/slim/Slim/MiddlewareDispatcher.php(81): Slim\Routing\Route->handle()
#11 /var/www/CRM/src/vendor/slim/slim/Slim/MiddlewareDispatcher.php(81): Slim\MiddlewareDispatcher->handle()
#12 /var/www/CRM/src/vendor/slim/slim/Slim/Routing/Route.php(341): Slim\MiddlewareDispatcher->handle()
#13 /var/www/CRM/src/vendor/slim/slim/Slim/Routing/RouteRunner.php(84): Slim\Routing\Route->run()
#14 /var/www/CRM/src/EcclesiaCRM/Slim/Middleware/VersionMiddleware.php(17): Slim\Routing\RouteRunner->handle()
#15 /var/www/CRM/src/vendor/slim/slim/Slim/MiddlewareDispatcher.php(313): EcclesiaCRM\Slim\Middleware\VersionMiddleware->__invoke()
#16 /var/www/CRM/src/vendor/tuupola/slim-jwt-auth/src/JwtAuthentication.php(132): Psr\Http\Server\RequestHandlerInterface@anonymous->handle()
#17 /var/www/CRM/src/vendor/slim/slim/Slim/MiddlewareDispatcher.php(147): Tuupola\Middleware\JwtAuthentication->process()
#18 /var/www/CRM/src/vendor/slim/slim/Slim/Middleware/ErrorMiddleware.php(107): Psr\Http\Server\RequestHandlerInterface@anonymous->handle()
#19 /var/www/CRM/src/vendor/slim/slim/Slim/MiddlewareDispatcher.php(147): Slim\Middleware\ErrorMiddleware->process()
#20 /var/www/CRM/src/vendor/slim/slim/Slim/MiddlewareDispatcher.php(81): Psr\Http\Server\RequestHandlerInterface@anonymous->handle()
#21 /var/www/CRM/src/vendor/slim/slim/Slim/App.php(215): Slim\MiddlewareDispatcher->handle()
#22 /var/www/CRM/src/vendor/slim/slim/Slim/App.php(199): Slim\App->handle()
#23 /var/www/CRM/src/api/index.php(145): Slim\App->run()
#24 {main}
[24-Jul-2022 20:32:12 Europe/Paris] 405 Method Not Allowed
Type: Slim\Exception\HttpMethodNotAllowedException
Code: 405
Message: Method not allowed. Must be one of: POST
File: /var/www/CRM/src/vendor/slim/slim/Slim/Middleware/RoutingMiddleware.php
Line: 94
Trace: #0 /var/www/CRM/src/vendor/slim/slim/Slim/Routing/RouteRunner.php(72): Slim\Middleware\RoutingMiddleware->performRouting()
#1 /var/www/CRM/src/EcclesiaCRM/Slim/Middleware/VersionMiddleware.php(17): Slim\Routing\RouteRunner->handle()
#2 /var/www/CRM/src/vendor/slim/slim/Slim/MiddlewareDispatcher.php(313): EcclesiaCRM\Slim\Middleware\VersionMiddleware->__invoke()
#3 /var/www/CRM/src/vendor/tuupola/slim-jwt-auth/src/JwtAuthentication.php(132): Psr\Http\Server\RequestHandlerInterface@anonymous->handle()
#4 /var/www/CRM/src/vendor/slim/slim/Slim/MiddlewareDispatcher.php(147): Tuupola\Middleware\JwtAuthentication->process()
#5 /var/www/CRM/src/vendor/slim/slim/Slim/Middleware/ErrorMiddleware.php(107): Psr\Http\Server\RequestHandlerInterface@anonymous->handle()
#6 /var/www/CRM/src/vendor/slim/slim/Slim/MiddlewareDispatcher.php(147): Slim\Middleware\ErrorMiddleware->process()
#7 /var/www/CRM/src/vendor/slim/slim/Slim/MiddlewareDispatcher.php(81): Psr\Http\Server\RequestHandlerInterface@anonymous->handle()
#8 /var/www/CRM/src/vendor/slim/slim/Slim/App.php(215): Slim\MiddlewareDispatcher->handle()
#9 /var/www/CRM/src/vendor/slim/slim/Slim/App.php(199): Slim\App->handle()
#10 /var/www/CRM/src/api/index.php(145): Slim\App->run()
#11 {main}
[24-Jul-2022 20:36:32 Europe/Paris] Slim Application Error
Type: PDOException
Code: 22007
Message: SQLSTATE[22007]: Invalid datetime format: 1292 Truncated incorrect DOUBLE value: 'Array'
File: /var/www/CRM/src/vendor/sabre/dav/lib/CalDAV/Backend/PDO.php
Line: 324
Trace: #0 /var/www/CRM/src/vendor/sabre/dav/lib/CalDAV/Backend/PDO.php(324): PDOStatement->execute()
#1 /var/www/CRM/src/vendor/sabre/dav/lib/DAV/PropPatch.php(288): Sabre\CalDAV\Backend\PDO->Sabre\CalDAV\Backend\{closure}()
#2 /var/www/CRM/src/vendor/sabre/dav/lib/DAV/PropPatch.php(227): Sabre\DAV\PropPatch->doCallBackMultiProp()
#3 /var/www/CRM/src/EcclesiaCRM/model/EcclesiaCRM/Group.php(269): Sabre\DAV\PropPatch->commit()
#4 /var/www/CRM/src/EcclesiaCRM/model/EcclesiaCRM/Base/Group.php(1049): EcclesiaCRM\Group->postSave()
#5 /var/www/CRM/src/vendor/propel/propel/src/Propel/Runtime/Connection/TransactionTrait.php(35): EcclesiaCRM\Base\Group->EcclesiaCRM\Base\{closure}()
#6 /var/www/CRM/src/EcclesiaCRM/model/EcclesiaCRM/Base/Group.php(1056): Propel\Runtime\Connection\ConnectionWrapper->transaction()
#7 /var/www/CRM/src/EcclesiaCRM/APIControllers/PeopleGroupController.php(429): EcclesiaCRM\Base\Group->save()
#8 /var/www/CRM/src/vendor/slim/slim/Slim/Handlers/Strategies/RequestResponse.php(43): EcclesiaCRM\APIControllers\PeopleGroupController->addPersonToGroup()
#9 /var/www/CRM/src/vendor/slim/slim/Slim/Routing/Route.php(384): Slim\Handlers\Strategies\RequestResponse->__invoke()
#10 /var/www/CRM/src/vendor/slim/slim/Slim/MiddlewareDispatcher.php(81): Slim\Routing\Route->handle()
#11 /var/www/CRM/src/vendor/slim/slim/Slim/MiddlewareDispatcher.php(81): Slim\MiddlewareDispatcher->handle()
#12 /var/www/CRM/src/vendor/slim/slim/Slim/Routing/Route.php(341): Slim\MiddlewareDispatcher->handle()
#13 /var/www/CRM/src/vendor/slim/slim/Slim/Routing/RouteRunner.php(84): Slim\Routing\Route->run()
#14 /var/www/CRM/src/EcclesiaCRM/Slim/Middleware/VersionMiddleware.php(17): Slim\Routing\RouteRunner->handle()
#15 /var/www/CRM/src/vendor/slim/slim/Slim/MiddlewareDispatcher.php(313): EcclesiaCRM\Slim\Middleware\VersionMiddleware->__invoke()
#16 /var/www/CRM/src/vendor/tuupola/slim-jwt-auth/src/JwtAuthentication.php(132): Psr\Http\Server\RequestHandlerInterface@anonymous->handle()
#17 /var/www/CRM/src/vendor/slim/slim/Slim/MiddlewareDispatcher.php(147): Tuupola\Middleware\JwtAuthentication->process()
#18 /var/www/CRM/src/vendor/slim/slim/Slim/Middleware/ErrorMiddleware.php(107): Psr\Http\Server\RequestHandlerInterface@anonymous->handle()
#19 /var/www/CRM/src/vendor/slim/slim/Slim/MiddlewareDispatcher.php(147): Slim\Middleware\ErrorMiddleware->process()
#20 /var/www/CRM/src/vendor/slim/slim/Slim/MiddlewareDispatcher.php(81): Psr\Http\Server\RequestHandlerInterface@anonymous->handle()
#21 /var/www/CRM/src/vendor/slim/slim/Slim/App.php(215): Slim\MiddlewareDispatcher->handle()
#22 /var/www/CRM/src/vendor/slim/slim/Slim/App.php(199): Slim\App->handle()
#23 /var/www/CRM/src/api/index.php(145): Slim\App->run()
#24 {main}
