[2022-03-15 22:39:17] defaultLogger.INFO: Volontaires : Array (     [0] => Array         (             [Id] => 19             [PersonId] => 375             [VolunteerOpportunityId] => 9             [FirstName] => Philippe             [LastName] => LOGEL         )  )  VoId : 19 [] []
[2022-03-15 22:39:17] defaultLogger.INFO: Volontaires : Array (     [0] => Array         (             [Id] => 19             [PersonId] => 375             [VolunteerOpportunityId] => 9             [FirstName] => Philippe             [LastName] => LOGEL         )  )  VoId : 19 [] []
[2022-03-15 22:39:17] defaultLogger.INFO: Volontaires : Array (     [0] => Array         (             [Id] => 19             [PersonId] => 375             [VolunteerOpportunityId] => 9             [FirstName] => Philippe             [LastName] => LOGEL         )  )  VoId : 19 [] []
[2022-03-15 22:39:17] defaultLogger.INFO: Volontaires : Array (     [0] => Array         (             [Id] => 19             [PersonId] => 375             [VolunteerOpportunityId] => 9             [FirstName] => Philippe             [LastName] => LOGEL         )  )  VoId : 19 [] []
[2022-03-15 22:39:17] defaultLogger.INFO: Volontaires : Array (     [0] => Array         (             [Id] => 19             [PersonId] => 375             [VolunteerOpportunityId] => 9             [FirstName] => Philippe             [LastName] => LOGEL         )  )  VoId : 19 [] []
[2022-03-15 22:39:18] defaultLogger.INFO: Volontaires : Array (     [0] => Array         (             [Id] => 19             [PersonId] => 375             [VolunteerOpportunityId] => 9             [FirstName] => Philippe             [LastName] => LOGEL         )  )  VoId : 19 [] []
[2022-03-15 22:39:18] defaultLogger.INFO: Volontaires : Array ( )  VoId : 9 [] []
[2022-03-15 22:39:18] defaultLogger.INFO: Volontaires : Array (     [0] => Array         (             [Id] => 19             [PersonId] => 375             [VolunteerOpportunityId] => 9             [FirstName] => Philippe             [LastName] => LOGEL         )  )  VoId : 19 [] []
[2022-03-15 22:39:18] defaultLogger.INFO: Volontaires : Array (     [0] => Array         (             [Id] => 19             [PersonId] => 375             [VolunteerOpportunityId] => 9             [FirstName] => Philippe             [LastName] => LOGEL         )  )  VoId : 19 [] []
[2022-03-15 22:41:22] defaultLogger.INFO: Volontaires : Array (     [0] => Array         (             [Id] => 19             [PersonId] => 375             [VolunteerOpportunityId] => 9         )  )  VoId : 19 [] []
[2022-03-15 22:41:23] defaultLogger.INFO: Volontaires : Array (     [0] => Array         (             [Id] => 19             [PersonId] => 375             [VolunteerOpportunityId] => 9         )  )  VoId : 19 [] []
[2022-03-15 22:41:23] defaultLogger.INFO: Volontaires : Array (     [0] => Array         (             [Id] => 19             [PersonId] => 375             [VolunteerOpportunityId] => 9         )  )  VoId : 19 [] []
[2022-03-15 22:41:23] defaultLogger.INFO: Volontaires : Array (     [0] => Array         (             [Id] => 19             [PersonId] => 375             [VolunteerOpportunityId] => 9         )  )  VoId : 19 [] []
[2022-03-15 22:43:11] defaultLogger.INFO: Volontaires : Array (     [0] => Array         (             [Id] => 25             [PersonId] => 375             [VolunteerOpportunityId] => 19             [FirstName] => Philippe             [LastName] => LOGEL         )      [1] => Array         (             [Id] => 26             [PersonId] => 376             [VolunteerOpportunityId] => 19             [FirstName] => Vittoria             [LastName] => LOGEL         )  )  VoId : 19 [] []
[2022-03-15 22:43:11] defaultLogger.INFO: Volontaires : Array (     [0] => Array         (             [Id] => 25             [PersonId] => 375             [VolunteerOpportunityId] => 19             [FirstName] => Philippe             [LastName] => LOGEL         )      [1] => Array         (             [Id] => 26             [PersonId] => 376             [VolunteerOpportunityId] => 19             [FirstName] => Vittoria             [LastName] => LOGEL         )  )  VoId : 19 [] []
[2022-03-15 22:43:11] defaultLogger.INFO: Volontaires : Array (     [0] => Array         (             [Id] => 25             [PersonId] => 375             [VolunteerOpportunityId] => 19             [FirstName] => Philippe             [LastName] => LOGEL         )      [1] => Array         (             [Id] => 26             [PersonId] => 376             [VolunteerOpportunityId] => 19             [FirstName] => Vittoria             [LastName] => LOGEL         )  )  VoId : 19 [] []
[2022-03-15 22:43:11] defaultLogger.INFO: Volontaires : Array (     [0] => Array         (             [Id] => 25             [PersonId] => 375             [VolunteerOpportunityId] => 19             [FirstName] => Philippe             [LastName] => LOGEL         )      [1] => Array         (             [Id] => 26             [PersonId] => 376             [VolunteerOpportunityId] => 19             [FirstName] => Vittoria             [LastName] => LOGEL         )  )  VoId : 19 [] []
[2022-03-15 22:43:11] defaultLogger.INFO: Volontaires : Array (     [0] => Array         (             [Id] => 25             [PersonId] => 375             [VolunteerOpportunityId] => 19             [FirstName] => Philippe             [LastName] => LOGEL         )      [1] => Array         (             [Id] => 26             [PersonId] => 376             [VolunteerOpportunityId] => 19             [FirstName] => Vittoria             [LastName] => LOGEL         )  )  VoId : 19 [] []
[2022-03-15 22:43:11] defaultLogger.INFO: Volontaires : Array (     [0] => Array         (             [Id] => 25             [PersonId] => 375             [VolunteerOpportunityId] => 19             [FirstName] => Philippe             [LastName] => LOGEL         )      [1] => Array         (             [Id] => 26             [PersonId] => 376             [VolunteerOpportunityId] => 19             [FirstName] => Vittoria             [LastName] => LOGEL         )  )  VoId : 19 [] []
[2022-03-15 22:43:11] defaultLogger.INFO: Volontaires : Array (     [0] => Array         (             [Id] => 19             [PersonId] => 375             [VolunteerOpportunityId] => 9             [FirstName] => Philippe             [LastName] => LOGEL         )  )  VoId : 9 [] []
[2022-03-15 22:43:11] defaultLogger.INFO: Volontaires : Array (     [0] => Array         (             [Id] => 25             [PersonId] => 375             [VolunteerOpportunityId] => 19             [FirstName] => Philippe             [LastName] => LOGEL         )      [1] => Array         (             [Id] => 26             [PersonId] => 376             [VolunteerOpportunityId] => 19             [FirstName] => Vittoria             [LastName] => LOGEL         )  )  VoId : 19 [] []
[2022-03-15 22:43:11] defaultLogger.INFO: Volontaires : Array (     [0] => Array         (             [Id] => 25             [PersonId] => 375             [VolunteerOpportunityId] => 19             [FirstName] => Philippe             [LastName] => LOGEL         )      [1] => Array         (             [Id] => 26             [PersonId] => 376             [VolunteerOpportunityId] => 19             [FirstName] => Vittoria             [LastName] => LOGEL         )  )  VoId : 19 [] []
[2022-03-15 22:44:20] defaultLogger.WARNING: issue creating geoCoder Geocode query cannot be empty [] []
[2022-03-15 22:44:40] defaultLogger.INFO: Volontaires : Array ( )  VoId : 5 [] []
[2022-03-15 22:45:24] defaultLogger.INFO: Volontaires : Array ( )  VoId : 5 [] []
[2022-03-15 22:45:26] defaultLogger.INFO: Volontaires : Array ( )  VoId : 5 [] []
[2022-03-15 22:45:55] defaultLogger.INFO: Volontaires : Array ( )  VoId : 5 [] []
[2022-03-15 22:46:28] defaultLogger.INFO: Volontaires : Array ( )  VoId : 5 [] []
[2022-03-15 22:47:01] defaultLogger.INFO: Volontaires : Array (     [0] => Array         (             [Id] => 27             [PersonId] => 485             [VolunteerOpportunityId] => 5             [FirstName] => Emmanuelle             [LastName] => MUTHS         )  )  VoId : 5 [] []
[2022-03-15 22:47:35] defaultLogger.INFO: Volontaires : Array (     [0] => Array         (             [Id] => 27             [PersonId] => 485             [VolunteerOpportunityId] => 5             [FirstName] => Emmanuelle             [LastName] => MUTHS         )  )  VoId : 5 [] []
[2022-03-15 22:48:43] defaultLogger.INFO: Volontaires : Array (     [0] => Array         (             [Id] => 27             [PersonId] => 485             [VolunteerOpportunityId] => 5             [FirstName] => Emmanuelle             [LastName] => MUTHS         )  )  VoId : 5 [] []
[2022-03-15 22:53:32] defaultLogger.INFO: Volontaires : Array (     [0] => Array         (             [Id] => 27             [PersonId] => 485             [VolunteerOpportunityId] => 5             [FirstName] => Emmanuelle             [LastName] => MUTHS         )  )  VoId : 5 [] []
[2022-03-15 22:55:24] defaultLogger.INFO: col ID : 5 [] []
[2022-03-15 22:55:48] defaultLogger.INFO: col ID : 5 [] []
[2022-03-15 22:57:05] defaultLogger.INFO: col ID : 27 [] []
[2022-03-15 22:57:55] defaultLogger.INFO: col ID : 27 [] []
[2022-03-15 22:58:27] defaultLogger.INFO: col ID : 27 [] []
[2022-03-15 22:59:34] defaultLogger.INFO: Volontaires : Array (     [0] => Array         (             [Id] => 27             [PersonId] => 485             [VolunteerOpportunityId] => 5             [FirstName] => Emmanuelle             [LastName] => MUTHS         )  )  VoId : 5 [] []
[2022-03-15 22:59:34] defaultLogger.INFO: col ID : 27 [] []
[2022-03-15 23:00:32] defaultLogger.INFO: Volontaires : Array (     [0] => Array         (             [Id] => 27             [PersonId] => 485             [VolunteerOpportunityId] => 5             [FirstName] => Emmanuelle             [LastName] => MUTHS         )  )  VoId : 5 [] []
[2022-03-15 23:00:32] defaultLogger.INFO: col ID : 27 [] []
[2022-03-15 23:02:56] defaultLogger.INFO: Volontaires : Array (     [0] => Array         (             [Id] => 27             [PersonId] => 485             [VolunteerOpportunityId] => 5             [FirstName] => Emmanuelle             [LastName] => MUTHS         )  )  VoId : 5 [] []
[2022-03-15 23:02:56] defaultLogger.INFO: col ID : 5 [] []
