[04-Nov-2022 12:05:20 Europe/Paris] Slim Application Error
Type: Propel\Runtime\ActiveQuery\QueryExecutor\QueryExecutionException
Code: 0
Message: Unable to execute statement [UPDATE events_event SET event_type=:p1, event_text=:p2, event_allday=:p3, event_typename=:p4 WHERE events_event.event_id=:p5]
File: /var/www/CRM/src/vendor/propel/propel/src/Propel/Runtime/ActiveQuery/QueryExecutor/AbstractQueryExecutor.php
Line: 136
Trace: #0 /var/www/CRM/src/vendor/propel/propel/src/Propel/Runtime/ActiveQuery/QueryExecutor/AbstractQueryExecutor.php(105): Propel\Runtime\ActiveQuery\QueryExecutor\AbstractQueryExecutor->handleStatementException()
#1 /var/www/CRM/src/vendor/propel/propel/src/Propel/Runtime/ActiveQuery/QueryExecutor/UpdateQueryExecutor.php(67): Propel\Runtime\ActiveQuery\QueryExecutor\AbstractQueryExecutor->executeStatement()
#2 /var/www/CRM/src/vendor/propel/propel/src/Propel/Runtime/ActiveQuery/QueryExecutor/UpdateQueryExecutor.php(28): Propel\Runtime\ActiveQuery\QueryExecutor\UpdateQueryExecutor->runUpdate()
#3 /var/www/CRM/src/vendor/propel/propel/src/Propel/Runtime/ActiveQuery/Criteria.php(2249): Propel\Runtime\ActiveQuery\QueryExecutor\UpdateQueryExecutor::execute()
#4 /var/www/CRM/src/vendor/propel/propel/src/Propel/Runtime/ActiveQuery/ModelCriteria.php(1939): Propel\Runtime\ActiveQuery\Criteria->doUpdate()
#5 /var/www/CRM/src/EcclesiaCRM/model/EcclesiaCRM/Base/Event.php(1958): Propel\Runtime\ActiveQuery\ModelCriteria->doUpdate()
#6 /var/www/CRM/src/EcclesiaCRM/model/EcclesiaCRM/Base/Event.php(1681): EcclesiaCRM\Base\Event->doUpdate()
#7 /var/www/CRM/src/EcclesiaCRM/model/EcclesiaCRM/Base/Event.php(1630): EcclesiaCRM\Base\Event->doSave()
#8 /var/www/CRM/src/vendor/propel/propel/src/Propel/Runtime/Connection/TransactionTrait.php(35): EcclesiaCRM\Base\Event->EcclesiaCRM\Base\{closure}()
#9 /var/www/CRM/src/EcclesiaCRM/model/EcclesiaCRM/Base/Event.php(1643): Propel\Runtime\Connection\ConnectionWrapper->transaction()
#10 /var/www/CRM/src/EcclesiaCRM/Service/CalendarService.php(806): EcclesiaCRM\Base\Event->save()
#11 /var/www/CRM/src/EcclesiaCRM/APIControllers/CalendarEventV2Controller.php(352): EcclesiaCRM\Service\CalendarService->createEventForCalendar()
#12 /var/www/CRM/src/vendor/slim/slim/Slim/Handlers/Strategies/RequestResponse.php(43): EcclesiaCRM\APIControllers\CalendarEventV2Controller->manageEvent()
#13 /var/www/CRM/src/vendor/slim/slim/Slim/Routing/Route.php(384): Slim\Handlers\Strategies\RequestResponse->__invoke()
#14 /var/www/CRM/src/vendor/slim/slim/Slim/MiddlewareDispatcher.php(81): Slim\Routing\Route->handle()
#15 /var/www/CRM/src/vendor/slim/slim/Slim/MiddlewareDispatcher.php(81): Slim\MiddlewareDispatcher->handle()
#16 /var/www/CRM/src/vendor/slim/slim/Slim/Routing/Route.php(341): Slim\MiddlewareDispatcher->handle()
#17 /var/www/CRM/src/vendor/slim/slim/Slim/Routing/RouteRunner.php(84): Slim\Routing\Route->run()
#18 /var/www/CRM/src/EcclesiaCRM/Slim/Middleware/VersionMiddleware.php(17): Slim\Routing\RouteRunner->handle()
#19 /var/www/CRM/src/vendor/slim/slim/Slim/MiddlewareDispatcher.php(313): EcclesiaCRM\Slim\Middleware\VersionMiddleware->__invoke()
#20 /var/www/CRM/src/vendor/tuupola/slim-jwt-auth/src/JwtAuthentication.php(132): class@anonymous->handle()
#21 /var/www/CRM/src/vendor/slim/slim/Slim/MiddlewareDispatcher.php(147): Tuupola\Middleware\JwtAuthentication->process()
#22 /var/www/CRM/src/vendor/slim/slim/Slim/Middleware/ErrorMiddleware.php(107): class@anonymous->handle()
#23 /var/www/CRM/src/vendor/slim/slim/Slim/MiddlewareDispatcher.php(147): Slim\Middleware\ErrorMiddleware->process()
#24 /var/www/CRM/src/vendor/slim/slim/Slim/MiddlewareDispatcher.php(81): class@anonymous->handle()
#25 /var/www/CRM/src/vendor/slim/slim/Slim/App.php(215): Slim\MiddlewareDispatcher->handle()
#26 /var/www/CRM/src/vendor/slim/slim/Slim/App.php(199): Slim\App->handle()
#27 /var/www/CRM/src/api/index.php(158): Slim\App->run()
#28 {main}
Previous Error:
Type: PDOException
Code: 23000
Message: SQLSTATE[23000]: Integrity constraint violation: 1048 Column 'event_allday' cannot be null
File: /var/www/CRM/src/vendor/propel/propel/src/Propel/Runtime/Connection/StatementWrapper.php
Line: 215
Trace: #0 /var/www/CRM/src/vendor/propel/propel/src/Propel/Runtime/Connection/StatementWrapper.php(215): PDOStatement->execute()
#1 /var/www/CRM/src/vendor/propel/propel/src/Propel/Runtime/ActiveQuery/QueryExecutor/AbstractQueryExecutor.php(103): Propel\Runtime\Connection\StatementWrapper->execute()
#2 /var/www/CRM/src/vendor/propel/propel/src/Propel/Runtime/ActiveQuery/QueryExecutor/UpdateQueryExecutor.php(67): Propel\Runtime\ActiveQuery\QueryExecutor\AbstractQueryExecutor->executeStatement()
#3 /var/www/CRM/src/vendor/propel/propel/src/Propel/Runtime/ActiveQuery/QueryExecutor/UpdateQueryExecutor.php(28): Propel\Runtime\ActiveQuery\QueryExecutor\UpdateQueryExecutor->runUpdate()
#4 /var/www/CRM/src/vendor/propel/propel/src/Propel/Runtime/ActiveQuery/Criteria.php(2249): Propel\Runtime\ActiveQuery\QueryExecutor\UpdateQueryExecutor::execute()
#5 /var/www/CRM/src/vendor/propel/propel/src/Propel/Runtime/ActiveQuery/ModelCriteria.php(1939): Propel\Runtime\ActiveQuery\Criteria->doUpdate()
#6 /var/www/CRM/src/EcclesiaCRM/model/EcclesiaCRM/Base/Event.php(1958): Propel\Runtime\ActiveQuery\ModelCriteria->doUpdate()
#7 /var/www/CRM/src/EcclesiaCRM/model/EcclesiaCRM/Base/Event.php(1681): EcclesiaCRM\Base\Event->doUpdate()
#8 /var/www/CRM/src/EcclesiaCRM/model/EcclesiaCRM/Base/Event.php(1630): EcclesiaCRM\Base\Event->doSave()
#9 /var/www/CRM/src/vendor/propel/propel/src/Propel/Runtime/Connection/TransactionTrait.php(35): EcclesiaCRM\Base\Event->EcclesiaCRM\Base\{closure}()
#10 /var/www/CRM/src/EcclesiaCRM/model/EcclesiaCRM/Base/Event.php(1643): Propel\Runtime\Connection\ConnectionWrapper->transaction()
#11 /var/www/CRM/src/EcclesiaCRM/Service/CalendarService.php(806): EcclesiaCRM\Base\Event->save()
#12 /var/www/CRM/src/EcclesiaCRM/APIControllers/CalendarEventV2Controller.php(352): EcclesiaCRM\Service\CalendarService->createEventForCalendar()
#13 /var/www/CRM/src/vendor/slim/slim/Slim/Handlers/Strategies/RequestResponse.php(43): EcclesiaCRM\APIControllers\CalendarEventV2Controller->manageEvent()
#14 /var/www/CRM/src/vendor/slim/slim/Slim/Routing/Route.php(384): Slim\Handlers\Strategies\RequestResponse->__invoke()
#15 /var/www/CRM/src/vendor/slim/slim/Slim/MiddlewareDispatcher.php(81): Slim\Routing\Route->handle()
#16 /var/www/CRM/src/vendor/slim/slim/Slim/MiddlewareDispatcher.php(81): Slim\MiddlewareDispatcher->handle()
#17 /var/www/CRM/src/vendor/slim/slim/Slim/Routing/Route.php(341): Slim\MiddlewareDispatcher->handle()
#18 /var/www/CRM/src/vendor/slim/slim/Slim/Routing/RouteRunner.php(84): Slim\Routing\Route->run()
#19 /var/www/CRM/src/EcclesiaCRM/Slim/Middleware/VersionMiddleware.php(17): Slim\Routing\RouteRunner->handle()
#20 /var/www/CRM/src/vendor/slim/slim/Slim/MiddlewareDispatcher.php(313): EcclesiaCRM\Slim\Middleware\VersionMiddleware->__invoke()
#21 /var/www/CRM/src/vendor/tuupola/slim-jwt-auth/src/JwtAuthentication.php(132): class@anonymous->handle()
#22 /var/www/CRM/src/vendor/slim/slim/Slim/MiddlewareDispatcher.php(147): Tuupola\Middleware\JwtAuthentication->process()
#23 /var/www/CRM/src/vendor/slim/slim/Slim/Middleware/ErrorMiddleware.php(107): class@anonymous->handle()
#24 /var/www/CRM/src/vendor/slim/slim/Slim/MiddlewareDispatcher.php(147): Slim\Middleware\ErrorMiddleware->process()
#25 /var/www/CRM/src/vendor/slim/slim/Slim/MiddlewareDispatcher.php(81): class@anonymous->handle()
#26 /var/www/CRM/src/vendor/slim/slim/Slim/App.php(215): Slim\MiddlewareDispatcher->handle()
#27 /var/www/CRM/src/vendor/slim/slim/Slim/App.php(199): Slim\App->handle()
#28 /var/www/CRM/src/api/index.php(158): Slim\App->run()
#29 {main}
[04-Nov-2022 12:10:22 Europe/Paris] Slim Application Error
Type: Propel\Runtime\ActiveQuery\QueryExecutor\QueryExecutionException
Code: 0
Message: Unable to execute statement [UPDATE events_event SET event_type=:p1, event_text=:p2, event_allday=:p3, event_typename=:p4 WHERE events_event.event_id=:p5]
File: /var/www/CRM/src/vendor/propel/propel/src/Propel/Runtime/ActiveQuery/QueryExecutor/AbstractQueryExecutor.php
Line: 136
Trace: #0 /var/www/CRM/src/vendor/propel/propel/src/Propel/Runtime/ActiveQuery/QueryExecutor/AbstractQueryExecutor.php(105): Propel\Runtime\ActiveQuery\QueryExecutor\AbstractQueryExecutor->handleStatementException()
#1 /var/www/CRM/src/vendor/propel/propel/src/Propel/Runtime/ActiveQuery/QueryExecutor/UpdateQueryExecutor.php(67): Propel\Runtime\ActiveQuery\QueryExecutor\AbstractQueryExecutor->executeStatement()
#2 /var/www/CRM/src/vendor/propel/propel/src/Propel/Runtime/ActiveQuery/QueryExecutor/UpdateQueryExecutor.php(28): Propel\Runtime\ActiveQuery\QueryExecutor\UpdateQueryExecutor->runUpdate()
#3 /var/www/CRM/src/vendor/propel/propel/src/Propel/Runtime/ActiveQuery/Criteria.php(2249): Propel\Runtime\ActiveQuery\QueryExecutor\UpdateQueryExecutor::execute()
#4 /var/www/CRM/src/vendor/propel/propel/src/Propel/Runtime/ActiveQuery/ModelCriteria.php(1939): Propel\Runtime\ActiveQuery\Criteria->doUpdate()
#5 /var/www/CRM/src/EcclesiaCRM/model/EcclesiaCRM/Base/Event.php(1958): Propel\Runtime\ActiveQuery\ModelCriteria->doUpdate()
#6 /var/www/CRM/src/EcclesiaCRM/model/EcclesiaCRM/Base/Event.php(1681): EcclesiaCRM\Base\Event->doUpdate()
#7 /var/www/CRM/src/EcclesiaCRM/model/EcclesiaCRM/Base/Event.php(1630): EcclesiaCRM\Base\Event->doSave()
#8 /var/www/CRM/src/vendor/propel/propel/src/Propel/Runtime/Connection/TransactionTrait.php(35): EcclesiaCRM\Base\Event->EcclesiaCRM\Base\{closure}()
#9 /var/www/CRM/src/EcclesiaCRM/model/EcclesiaCRM/Base/Event.php(1643): Propel\Runtime\Connection\ConnectionWrapper->transaction()
#10 /var/www/CRM/src/EcclesiaCRM/Service/CalendarService.php(806): EcclesiaCRM\Base\Event->save()
#11 /var/www/CRM/src/EcclesiaCRM/APIControllers/CalendarEventV2Controller.php(352): EcclesiaCRM\Service\CalendarService->createEventForCalendar()
#12 /var/www/CRM/src/vendor/slim/slim/Slim/Handlers/Strategies/RequestResponse.php(43): EcclesiaCRM\APIControllers\CalendarEventV2Controller->manageEvent()
#13 /var/www/CRM/src/vendor/slim/slim/Slim/Routing/Route.php(384): Slim\Handlers\Strategies\RequestResponse->__invoke()
#14 /var/www/CRM/src/vendor/slim/slim/Slim/MiddlewareDispatcher.php(81): Slim\Routing\Route->handle()
#15 /var/www/CRM/src/vendor/slim/slim/Slim/MiddlewareDispatcher.php(81): Slim\MiddlewareDispatcher->handle()
#16 /var/www/CRM/src/vendor/slim/slim/Slim/Routing/Route.php(341): Slim\MiddlewareDispatcher->handle()
#17 /var/www/CRM/src/vendor/slim/slim/Slim/Routing/RouteRunner.php(84): Slim\Routing\Route->run()
#18 /var/www/CRM/src/EcclesiaCRM/Slim/Middleware/VersionMiddleware.php(17): Slim\Routing\RouteRunner->handle()
#19 /var/www/CRM/src/vendor/slim/slim/Slim/MiddlewareDispatcher.php(313): EcclesiaCRM\Slim\Middleware\VersionMiddleware->__invoke()
#20 /var/www/CRM/src/vendor/tuupola/slim-jwt-auth/src/JwtAuthentication.php(132): class@anonymous->handle()
#21 /var/www/CRM/src/vendor/slim/slim/Slim/MiddlewareDispatcher.php(147): Tuupola\Middleware\JwtAuthentication->process()
#22 /var/www/CRM/src/vendor/slim/slim/Slim/Middleware/ErrorMiddleware.php(107): class@anonymous->handle()
#23 /var/www/CRM/src/vendor/slim/slim/Slim/MiddlewareDispatcher.php(147): Slim\Middleware\ErrorMiddleware->process()
#24 /var/www/CRM/src/vendor/slim/slim/Slim/MiddlewareDispatcher.php(81): class@anonymous->handle()
#25 /var/www/CRM/src/vendor/slim/slim/Slim/App.php(215): Slim\MiddlewareDispatcher->handle()
#26 /var/www/CRM/src/vendor/slim/slim/Slim/App.php(199): Slim\App->handle()
#27 /var/www/CRM/src/api/index.php(158): Slim\App->run()
#28 {main}
Previous Error:
Type: PDOException
Code: 23000
Message: SQLSTATE[23000]: Integrity constraint violation: 1048 Column 'event_allday' cannot be null
File: /var/www/CRM/src/vendor/propel/propel/src/Propel/Runtime/Connection/StatementWrapper.php
Line: 215
Trace: #0 /var/www/CRM/src/vendor/propel/propel/src/Propel/Runtime/Connection/StatementWrapper.php(215): PDOStatement->execute()
#1 /var/www/CRM/src/vendor/propel/propel/src/Propel/Runtime/ActiveQuery/QueryExecutor/AbstractQueryExecutor.php(103): Propel\Runtime\Connection\StatementWrapper->execute()
#2 /var/www/CRM/src/vendor/propel/propel/src/Propel/Runtime/ActiveQuery/QueryExecutor/UpdateQueryExecutor.php(67): Propel\Runtime\ActiveQuery\QueryExecutor\AbstractQueryExecutor->executeStatement()
#3 /var/www/CRM/src/vendor/propel/propel/src/Propel/Runtime/ActiveQuery/QueryExecutor/UpdateQueryExecutor.php(28): Propel\Runtime\ActiveQuery\QueryExecutor\UpdateQueryExecutor->runUpdate()
#4 /var/www/CRM/src/vendor/propel/propel/src/Propel/Runtime/ActiveQuery/Criteria.php(2249): Propel\Runtime\ActiveQuery\QueryExecutor\UpdateQueryExecutor::execute()
#5 /var/www/CRM/src/vendor/propel/propel/src/Propel/Runtime/ActiveQuery/ModelCriteria.php(1939): Propel\Runtime\ActiveQuery\Criteria->doUpdate()
#6 /var/www/CRM/src/EcclesiaCRM/model/EcclesiaCRM/Base/Event.php(1958): Propel\Runtime\ActiveQuery\ModelCriteria->doUpdate()
#7 /var/www/CRM/src/EcclesiaCRM/model/EcclesiaCRM/Base/Event.php(1681): EcclesiaCRM\Base\Event->doUpdate()
#8 /var/www/CRM/src/EcclesiaCRM/model/EcclesiaCRM/Base/Event.php(1630): EcclesiaCRM\Base\Event->doSave()
#9 /var/www/CRM/src/vendor/propel/propel/src/Propel/Runtime/Connection/TransactionTrait.php(35): EcclesiaCRM\Base\Event->EcclesiaCRM\Base\{closure}()
#10 /var/www/CRM/src/EcclesiaCRM/model/EcclesiaCRM/Base/Event.php(1643): Propel\Runtime\Connection\ConnectionWrapper->transaction()
#11 /var/www/CRM/src/EcclesiaCRM/Service/CalendarService.php(806): EcclesiaCRM\Base\Event->save()
#12 /var/www/CRM/src/EcclesiaCRM/APIControllers/CalendarEventV2Controller.php(352): EcclesiaCRM\Service\CalendarService->createEventForCalendar()
#13 /var/www/CRM/src/vendor/slim/slim/Slim/Handlers/Strategies/RequestResponse.php(43): EcclesiaCRM\APIControllers\CalendarEventV2Controller->manageEvent()
#14 /var/www/CRM/src/vendor/slim/slim/Slim/Routing/Route.php(384): Slim\Handlers\Strategies\RequestResponse->__invoke()
#15 /var/www/CRM/src/vendor/slim/slim/Slim/MiddlewareDispatcher.php(81): Slim\Routing\Route->handle()
#16 /var/www/CRM/src/vendor/slim/slim/Slim/MiddlewareDispatcher.php(81): Slim\MiddlewareDispatcher->handle()
#17 /var/www/CRM/src/vendor/slim/slim/Slim/Routing/Route.php(341): Slim\MiddlewareDispatcher->handle()
#18 /var/www/CRM/src/vendor/slim/slim/Slim/Routing/RouteRunner.php(84): Slim\Routing\Route->run()
#19 /var/www/CRM/src/EcclesiaCRM/Slim/Middleware/VersionMiddleware.php(17): Slim\Routing\RouteRunner->handle()
#20 /var/www/CRM/src/vendor/slim/slim/Slim/MiddlewareDispatcher.php(313): EcclesiaCRM\Slim\Middleware\VersionMiddleware->__invoke()
#21 /var/www/CRM/src/vendor/tuupola/slim-jwt-auth/src/JwtAuthentication.php(132): class@anonymous->handle()
#22 /var/www/CRM/src/vendor/slim/slim/Slim/MiddlewareDispatcher.php(147): Tuupola\Middleware\JwtAuthentication->process()
#23 /var/www/CRM/src/vendor/slim/slim/Slim/Middleware/ErrorMiddleware.php(107): class@anonymous->handle()
#24 /var/www/CRM/src/vendor/slim/slim/Slim/MiddlewareDispatcher.php(147): Slim\Middleware\ErrorMiddleware->process()
#25 /var/www/CRM/src/vendor/slim/slim/Slim/MiddlewareDispatcher.php(81): class@anonymous->handle()
#26 /var/www/CRM/src/vendor/slim/slim/Slim/App.php(215): Slim\MiddlewareDispatcher->handle()
#27 /var/www/CRM/src/vendor/slim/slim/Slim/App.php(199): Slim\App->handle()
#28 /var/www/CRM/src/api/index.php(158): Slim\App->run()
#29 {main}
[04-Nov-2022 12:45:07 Europe/Paris] Slim Application Error
Type: Propel\Runtime\ActiveQuery\QueryExecutor\QueryExecutionException
Code: 0
Message: Unable to execute statement [UPDATE events_event SET event_type=:p1, event_text=:p2, event_allday=:p3, event_typename=:p4 WHERE events_event.event_id=:p5]
File: /var/www/CRM/src/vendor/propel/propel/src/Propel/Runtime/ActiveQuery/QueryExecutor/AbstractQueryExecutor.php
Line: 136
Trace: #0 /var/www/CRM/src/vendor/propel/propel/src/Propel/Runtime/ActiveQuery/QueryExecutor/AbstractQueryExecutor.php(105): Propel\Runtime\ActiveQuery\QueryExecutor\AbstractQueryExecutor->handleStatementException()
#1 /var/www/CRM/src/vendor/propel/propel/src/Propel/Runtime/ActiveQuery/QueryExecutor/UpdateQueryExecutor.php(67): Propel\Runtime\ActiveQuery\QueryExecutor\AbstractQueryExecutor->executeStatement()
#2 /var/www/CRM/src/vendor/propel/propel/src/Propel/Runtime/ActiveQuery/QueryExecutor/UpdateQueryExecutor.php(28): Propel\Runtime\ActiveQuery\QueryExecutor\UpdateQueryExecutor->runUpdate()
#3 /var/www/CRM/src/vendor/propel/propel/src/Propel/Runtime/ActiveQuery/Criteria.php(2249): Propel\Runtime\ActiveQuery\QueryExecutor\UpdateQueryExecutor::execute()
#4 /var/www/CRM/src/vendor/propel/propel/src/Propel/Runtime/ActiveQuery/ModelCriteria.php(1939): Propel\Runtime\ActiveQuery\Criteria->doUpdate()
#5 /var/www/CRM/src/EcclesiaCRM/model/EcclesiaCRM/Base/Event.php(1958): Propel\Runtime\ActiveQuery\ModelCriteria->doUpdate()
#6 /var/www/CRM/src/EcclesiaCRM/model/EcclesiaCRM/Base/Event.php(1681): EcclesiaCRM\Base\Event->doUpdate()
#7 /var/www/CRM/src/EcclesiaCRM/model/EcclesiaCRM/Base/Event.php(1630): EcclesiaCRM\Base\Event->doSave()
#8 /var/www/CRM/src/vendor/propel/propel/src/Propel/Runtime/Connection/TransactionTrait.php(35): EcclesiaCRM\Base\Event->EcclesiaCRM\Base\{closure}()
#9 /var/www/CRM/src/EcclesiaCRM/model/EcclesiaCRM/Base/Event.php(1643): Propel\Runtime\Connection\ConnectionWrapper->transaction()
#10 /var/www/CRM/src/EcclesiaCRM/Service/CalendarService.php(806): EcclesiaCRM\Base\Event->save()
#11 /var/www/CRM/src/EcclesiaCRM/APIControllers/CalendarEventV2Controller.php(352): EcclesiaCRM\Service\CalendarService->createEventForCalendar()
#12 /var/www/CRM/src/vendor/slim/slim/Slim/Handlers/Strategies/RequestResponse.php(43): EcclesiaCRM\APIControllers\CalendarEventV2Controller->manageEvent()
#13 /var/www/CRM/src/vendor/slim/slim/Slim/Routing/Route.php(384): Slim\Handlers\Strategies\RequestResponse->__invoke()
#14 /var/www/CRM/src/vendor/slim/slim/Slim/MiddlewareDispatcher.php(81): Slim\Routing\Route->handle()
#15 /var/www/CRM/src/vendor/slim/slim/Slim/MiddlewareDispatcher.php(81): Slim\MiddlewareDispatcher->handle()
#16 /var/www/CRM/src/vendor/slim/slim/Slim/Routing/Route.php(341): Slim\MiddlewareDispatcher->handle()
#17 /var/www/CRM/src/vendor/slim/slim/Slim/Routing/RouteRunner.php(84): Slim\Routing\Route->run()
#18 /var/www/CRM/src/EcclesiaCRM/Slim/Middleware/VersionMiddleware.php(17): Slim\Routing\RouteRunner->handle()
#19 /var/www/CRM/src/vendor/slim/slim/Slim/MiddlewareDispatcher.php(313): EcclesiaCRM\Slim\Middleware\VersionMiddleware->__invoke()
#20 /var/www/CRM/src/vendor/tuupola/slim-jwt-auth/src/JwtAuthentication.php(132): class@anonymous->handle()
#21 /var/www/CRM/src/vendor/slim/slim/Slim/MiddlewareDispatcher.php(147): Tuupola\Middleware\JwtAuthentication->process()
#22 /var/www/CRM/src/vendor/slim/slim/Slim/Middleware/ErrorMiddleware.php(107): class@anonymous->handle()
#23 /var/www/CRM/src/vendor/slim/slim/Slim/MiddlewareDispatcher.php(147): Slim\Middleware\ErrorMiddleware->process()
#24 /var/www/CRM/src/vendor/slim/slim/Slim/MiddlewareDispatcher.php(81): class@anonymous->handle()
#25 /var/www/CRM/src/vendor/slim/slim/Slim/App.php(215): Slim\MiddlewareDispatcher->handle()
#26 /var/www/CRM/src/vendor/slim/slim/Slim/App.php(199): Slim\App->handle()
#27 /var/www/CRM/src/api/index.php(158): Slim\App->run()
#28 {main}
Previous Error:
Type: PDOException
Code: 23000
Message: SQLSTATE[23000]: Integrity constraint violation: 1048 Column 'event_allday' cannot be null
File: /var/www/CRM/src/vendor/propel/propel/src/Propel/Runtime/Connection/StatementWrapper.php
Line: 215
Trace: #0 /var/www/CRM/src/vendor/propel/propel/src/Propel/Runtime/Connection/StatementWrapper.php(215): PDOStatement->execute()
#1 /var/www/CRM/src/vendor/propel/propel/src/Propel/Runtime/ActiveQuery/QueryExecutor/AbstractQueryExecutor.php(103): Propel\Runtime\Connection\StatementWrapper->execute()
#2 /var/www/CRM/src/vendor/propel/propel/src/Propel/Runtime/ActiveQuery/QueryExecutor/UpdateQueryExecutor.php(67): Propel\Runtime\ActiveQuery\QueryExecutor\AbstractQueryExecutor->executeStatement()
#3 /var/www/CRM/src/vendor/propel/propel/src/Propel/Runtime/ActiveQuery/QueryExecutor/UpdateQueryExecutor.php(28): Propel\Runtime\ActiveQuery\QueryExecutor\UpdateQueryExecutor->runUpdate()
#4 /var/www/CRM/src/vendor/propel/propel/src/Propel/Runtime/ActiveQuery/Criteria.php(2249): Propel\Runtime\ActiveQuery\QueryExecutor\UpdateQueryExecutor::execute()
#5 /var/www/CRM/src/vendor/propel/propel/src/Propel/Runtime/ActiveQuery/ModelCriteria.php(1939): Propel\Runtime\ActiveQuery\Criteria->doUpdate()
#6 /var/www/CRM/src/EcclesiaCRM/model/EcclesiaCRM/Base/Event.php(1958): Propel\Runtime\ActiveQuery\ModelCriteria->doUpdate()
#7 /var/www/CRM/src/EcclesiaCRM/model/EcclesiaCRM/Base/Event.php(1681): EcclesiaCRM\Base\Event->doUpdate()
#8 /var/www/CRM/src/EcclesiaCRM/model/EcclesiaCRM/Base/Event.php(1630): EcclesiaCRM\Base\Event->doSave()
#9 /var/www/CRM/src/vendor/propel/propel/src/Propel/Runtime/Connection/TransactionTrait.php(35): EcclesiaCRM\Base\Event->EcclesiaCRM\Base\{closure}()
#10 /var/www/CRM/src/EcclesiaCRM/model/EcclesiaCRM/Base/Event.php(1643): Propel\Runtime\Connection\ConnectionWrapper->transaction()
#11 /var/www/CRM/src/EcclesiaCRM/Service/CalendarService.php(806): EcclesiaCRM\Base\Event->save()
#12 /var/www/CRM/src/EcclesiaCRM/APIControllers/CalendarEventV2Controller.php(352): EcclesiaCRM\Service\CalendarService->createEventForCalendar()
#13 /var/www/CRM/src/vendor/slim/slim/Slim/Handlers/Strategies/RequestResponse.php(43): EcclesiaCRM\APIControllers\CalendarEventV2Controller->manageEvent()
#14 /var/www/CRM/src/vendor/slim/slim/Slim/Routing/Route.php(384): Slim\Handlers\Strategies\RequestResponse->__invoke()
#15 /var/www/CRM/src/vendor/slim/slim/Slim/MiddlewareDispatcher.php(81): Slim\Routing\Route->handle()
#16 /var/www/CRM/src/vendor/slim/slim/Slim/MiddlewareDispatcher.php(81): Slim\MiddlewareDispatcher->handle()
#17 /var/www/CRM/src/vendor/slim/slim/Slim/Routing/Route.php(341): Slim\MiddlewareDispatcher->handle()
#18 /var/www/CRM/src/vendor/slim/slim/Slim/Routing/RouteRunner.php(84): Slim\Routing\Route->run()
#19 /var/www/CRM/src/EcclesiaCRM/Slim/Middleware/VersionMiddleware.php(17): Slim\Routing\RouteRunner->handle()
#20 /var/www/CRM/src/vendor/slim/slim/Slim/MiddlewareDispatcher.php(313): EcclesiaCRM\Slim\Middleware\VersionMiddleware->__invoke()
#21 /var/www/CRM/src/vendor/tuupola/slim-jwt-auth/src/JwtAuthentication.php(132): class@anonymous->handle()
#22 /var/www/CRM/src/vendor/slim/slim/Slim/MiddlewareDispatcher.php(147): Tuupola\Middleware\JwtAuthentication->process()
#23 /var/www/CRM/src/vendor/slim/slim/Slim/Middleware/ErrorMiddleware.php(107): class@anonymous->handle()
#24 /var/www/CRM/src/vendor/slim/slim/Slim/MiddlewareDispatcher.php(147): Slim\Middleware\ErrorMiddleware->process()
#25 /var/www/CRM/src/vendor/slim/slim/Slim/MiddlewareDispatcher.php(81): class@anonymous->handle()
#26 /var/www/CRM/src/vendor/slim/slim/Slim/App.php(215): Slim\MiddlewareDispatcher->handle()
#27 /var/www/CRM/src/vendor/slim/slim/Slim/App.php(199): Slim\App->handle()
#28 /var/www/CRM/src/api/index.php(158): Slim\App->run()
#29 {main}
[04-Nov-2022 12:46:55 Europe/Paris] Slim Application Error
Type: Propel\Runtime\ActiveQuery\QueryExecutor\QueryExecutionException
Code: 0
Message: Unable to execute statement [UPDATE events_event SET event_type=:p1, event_text=:p2, event_allday=:p3, event_typename=:p4 WHERE events_event.event_id=:p5]
File: /var/www/CRM/src/vendor/propel/propel/src/Propel/Runtime/ActiveQuery/QueryExecutor/AbstractQueryExecutor.php
Line: 136
Trace: #0 /var/www/CRM/src/vendor/propel/propel/src/Propel/Runtime/ActiveQuery/QueryExecutor/AbstractQueryExecutor.php(105): Propel\Runtime\ActiveQuery\QueryExecutor\AbstractQueryExecutor->handleStatementException()
#1 /var/www/CRM/src/vendor/propel/propel/src/Propel/Runtime/ActiveQuery/QueryExecutor/UpdateQueryExecutor.php(67): Propel\Runtime\ActiveQuery\QueryExecutor\AbstractQueryExecutor->executeStatement()
#2 /var/www/CRM/src/vendor/propel/propel/src/Propel/Runtime/ActiveQuery/QueryExecutor/UpdateQueryExecutor.php(28): Propel\Runtime\ActiveQuery\QueryExecutor\UpdateQueryExecutor->runUpdate()
#3 /var/www/CRM/src/vendor/propel/propel/src/Propel/Runtime/ActiveQuery/Criteria.php(2249): Propel\Runtime\ActiveQuery\QueryExecutor\UpdateQueryExecutor::execute()
#4 /var/www/CRM/src/vendor/propel/propel/src/Propel/Runtime/ActiveQuery/ModelCriteria.php(1939): Propel\Runtime\ActiveQuery\Criteria->doUpdate()
#5 /var/www/CRM/src/EcclesiaCRM/model/EcclesiaCRM/Base/Event.php(1958): Propel\Runtime\ActiveQuery\ModelCriteria->doUpdate()
#6 /var/www/CRM/src/EcclesiaCRM/model/EcclesiaCRM/Base/Event.php(1681): EcclesiaCRM\Base\Event->doUpdate()
#7 /var/www/CRM/src/EcclesiaCRM/model/EcclesiaCRM/Base/Event.php(1630): EcclesiaCRM\Base\Event->doSave()
#8 /var/www/CRM/src/vendor/propel/propel/src/Propel/Runtime/Connection/TransactionTrait.php(35): EcclesiaCRM\Base\Event->EcclesiaCRM\Base\{closure}()
#9 /var/www/CRM/src/EcclesiaCRM/model/EcclesiaCRM/Base/Event.php(1643): Propel\Runtime\Connection\ConnectionWrapper->transaction()
#10 /var/www/CRM/src/EcclesiaCRM/Service/CalendarService.php(806): EcclesiaCRM\Base\Event->save()
#11 /var/www/CRM/src/EcclesiaCRM/APIControllers/CalendarEventV2Controller.php(352): EcclesiaCRM\Service\CalendarService->createEventForCalendar()
#12 /var/www/CRM/src/vendor/slim/slim/Slim/Handlers/Strategies/RequestResponse.php(43): EcclesiaCRM\APIControllers\CalendarEventV2Controller->manageEvent()
#13 /var/www/CRM/src/vendor/slim/slim/Slim/Routing/Route.php(384): Slim\Handlers\Strategies\RequestResponse->__invoke()
#14 /var/www/CRM/src/vendor/slim/slim/Slim/MiddlewareDispatcher.php(81): Slim\Routing\Route->handle()
#15 /var/www/CRM/src/vendor/slim/slim/Slim/MiddlewareDispatcher.php(81): Slim\MiddlewareDispatcher->handle()
#16 /var/www/CRM/src/vendor/slim/slim/Slim/Routing/Route.php(341): Slim\MiddlewareDispatcher->handle()
#17 /var/www/CRM/src/vendor/slim/slim/Slim/Routing/RouteRunner.php(84): Slim\Routing\Route->run()
#18 /var/www/CRM/src/EcclesiaCRM/Slim/Middleware/VersionMiddleware.php(17): Slim\Routing\RouteRunner->handle()
#19 /var/www/CRM/src/vendor/slim/slim/Slim/MiddlewareDispatcher.php(313): EcclesiaCRM\Slim\Middleware\VersionMiddleware->__invoke()
#20 /var/www/CRM/src/vendor/tuupola/slim-jwt-auth/src/JwtAuthentication.php(132): class@anonymous->handle()
#21 /var/www/CRM/src/vendor/slim/slim/Slim/MiddlewareDispatcher.php(147): Tuupola\Middleware\JwtAuthentication->process()
#22 /var/www/CRM/src/vendor/slim/slim/Slim/Middleware/ErrorMiddleware.php(107): class@anonymous->handle()
#23 /var/www/CRM/src/vendor/slim/slim/Slim/MiddlewareDispatcher.php(147): Slim\Middleware\ErrorMiddleware->process()
#24 /var/www/CRM/src/vendor/slim/slim/Slim/MiddlewareDispatcher.php(81): class@anonymous->handle()
#25 /var/www/CRM/src/vendor/slim/slim/Slim/App.php(215): Slim\MiddlewareDispatcher->handle()
#26 /var/www/CRM/src/vendor/slim/slim/Slim/App.php(199): Slim\App->handle()
#27 /var/www/CRM/src/api/index.php(158): Slim\App->run()
#28 {main}
Previous Error:
Type: PDOException
Code: 23000
Message: SQLSTATE[23000]: Integrity constraint violation: 1048 Column 'event_allday' cannot be null
File: /var/www/CRM/src/vendor/propel/propel/src/Propel/Runtime/Connection/StatementWrapper.php
Line: 215
Trace: #0 /var/www/CRM/src/vendor/propel/propel/src/Propel/Runtime/Connection/StatementWrapper.php(215): PDOStatement->execute()
#1 /var/www/CRM/src/vendor/propel/propel/src/Propel/Runtime/ActiveQuery/QueryExecutor/AbstractQueryExecutor.php(103): Propel\Runtime\Connection\StatementWrapper->execute()
#2 /var/www/CRM/src/vendor/propel/propel/src/Propel/Runtime/ActiveQuery/QueryExecutor/UpdateQueryExecutor.php(67): Propel\Runtime\ActiveQuery\QueryExecutor\AbstractQueryExecutor->executeStatement()
#3 /var/www/CRM/src/vendor/propel/propel/src/Propel/Runtime/ActiveQuery/QueryExecutor/UpdateQueryExecutor.php(28): Propel\Runtime\ActiveQuery\QueryExecutor\UpdateQueryExecutor->runUpdate()
#4 /var/www/CRM/src/vendor/propel/propel/src/Propel/Runtime/ActiveQuery/Criteria.php(2249): Propel\Runtime\ActiveQuery\QueryExecutor\UpdateQueryExecutor::execute()
#5 /var/www/CRM/src/vendor/propel/propel/src/Propel/Runtime/ActiveQuery/ModelCriteria.php(1939): Propel\Runtime\ActiveQuery\Criteria->doUpdate()
#6 /var/www/CRM/src/EcclesiaCRM/model/EcclesiaCRM/Base/Event.php(1958): Propel\Runtime\ActiveQuery\ModelCriteria->doUpdate()
#7 /var/www/CRM/src/EcclesiaCRM/model/EcclesiaCRM/Base/Event.php(1681): EcclesiaCRM\Base\Event->doUpdate()
#8 /var/www/CRM/src/EcclesiaCRM/model/EcclesiaCRM/Base/Event.php(1630): EcclesiaCRM\Base\Event->doSave()
#9 /var/www/CRM/src/vendor/propel/propel/src/Propel/Runtime/Connection/TransactionTrait.php(35): EcclesiaCRM\Base\Event->EcclesiaCRM\Base\{closure}()
#10 /var/www/CRM/src/EcclesiaCRM/model/EcclesiaCRM/Base/Event.php(1643): Propel\Runtime\Connection\ConnectionWrapper->transaction()
#11 /var/www/CRM/src/EcclesiaCRM/Service/CalendarService.php(806): EcclesiaCRM\Base\Event->save()
#12 /var/www/CRM/src/EcclesiaCRM/APIControllers/CalendarEventV2Controller.php(352): EcclesiaCRM\Service\CalendarService->createEventForCalendar()
#13 /var/www/CRM/src/vendor/slim/slim/Slim/Handlers/Strategies/RequestResponse.php(43): EcclesiaCRM\APIControllers\CalendarEventV2Controller->manageEvent()
#14 /var/www/CRM/src/vendor/slim/slim/Slim/Routing/Route.php(384): Slim\Handlers\Strategies\RequestResponse->__invoke()
#15 /var/www/CRM/src/vendor/slim/slim/Slim/MiddlewareDispatcher.php(81): Slim\Routing\Route->handle()
#16 /var/www/CRM/src/vendor/slim/slim/Slim/MiddlewareDispatcher.php(81): Slim\MiddlewareDispatcher->handle()
#17 /var/www/CRM/src/vendor/slim/slim/Slim/Routing/Route.php(341): Slim\MiddlewareDispatcher->handle()
#18 /var/www/CRM/src/vendor/slim/slim/Slim/Routing/RouteRunner.php(84): Slim\Routing\Route->run()
#19 /var/www/CRM/src/EcclesiaCRM/Slim/Middleware/VersionMiddleware.php(17): Slim\Routing\RouteRunner->handle()
#20 /var/www/CRM/src/vendor/slim/slim/Slim/MiddlewareDispatcher.php(313): EcclesiaCRM\Slim\Middleware\VersionMiddleware->__invoke()
#21 /var/www/CRM/src/vendor/tuupola/slim-jwt-auth/src/JwtAuthentication.php(132): class@anonymous->handle()
#22 /var/www/CRM/src/vendor/slim/slim/Slim/MiddlewareDispatcher.php(147): Tuupola\Middleware\JwtAuthentication->process()
#23 /var/www/CRM/src/vendor/slim/slim/Slim/Middleware/ErrorMiddleware.php(107): class@anonymous->handle()
#24 /var/www/CRM/src/vendor/slim/slim/Slim/MiddlewareDispatcher.php(147): Slim\Middleware\ErrorMiddleware->process()
#25 /var/www/CRM/src/vendor/slim/slim/Slim/MiddlewareDispatcher.php(81): class@anonymous->handle()
#26 /var/www/CRM/src/vendor/slim/slim/Slim/App.php(215): Slim\MiddlewareDispatcher->handle()
#27 /var/www/CRM/src/vendor/slim/slim/Slim/App.php(199): Slim\App->handle()
#28 /var/www/CRM/src/api/index.php(158): Slim\App->run()
#29 {main}
