[17-May-2022 13:54:46 Europe/Paris] Slim Application Error
Type: Error
Code: 0
Message: Call to a member function format() on null
File: /var/www/eventworkflow/src/core/APIControllers/EventWorkflowController.php
Line: 986
Trace: #0 /var/www/CRM/src/vendor/slim/slim/Slim/Handlers/Strategies/RequestResponse.php(43): Plugins\APIControllers\EventWorkflowController->getContainerContent()
#1 /var/www/CRM/src/vendor/slim/slim/Slim/Routing/Route.php(384): Slim\Handlers\Strategies\RequestResponse->__invoke()
#2 /var/www/CRM/src/vendor/slim/slim/Slim/MiddlewareDispatcher.php(81): Slim\Routing\Route->handle()
#3 /var/www/CRM/src/vendor/slim/slim/Slim/MiddlewareDispatcher.php(81): Slim\MiddlewareDispatcher->handle()
#4 /var/www/CRM/src/vendor/slim/slim/Slim/Routing/Route.php(341): Slim\MiddlewareDispatcher->handle()
#5 /var/www/CRM/src/vendor/slim/slim/Slim/Routing/RouteRunner.php(84): Slim\Routing\Route->run()
#6 /var/www/CRM/src/EcclesiaCRM/Slim/Middleware/VersionMiddleware.php(17): Slim\Routing\RouteRunner->handle()
#7 /var/www/CRM/src/vendor/slim/slim/Slim/MiddlewareDispatcher.php(313): EcclesiaCRM\Slim\Middleware\VersionMiddleware->__invoke()
#8 /var/www/CRM/src/vendor/tuupola/slim-jwt-auth/src/JwtAuthentication.php(132): Psr\Http\Server\RequestHandlerInterface@anonymous->handle()
#9 /var/www/CRM/src/vendor/slim/slim/Slim/MiddlewareDispatcher.php(147): Tuupola\Middleware\JwtAuthentication->process()
#10 /var/www/CRM/src/vendor/slim/slim/Slim/Middleware/ErrorMiddleware.php(107): Psr\Http\Server\RequestHandlerInterface@anonymous->handle()
#11 /var/www/CRM/src/vendor/slim/slim/Slim/MiddlewareDispatcher.php(147): Slim\Middleware\ErrorMiddleware->process()
#12 /var/www/CRM/src/vendor/slim/slim/Slim/MiddlewareDispatcher.php(81): Psr\Http\Server\RequestHandlerInterface@anonymous->handle()
#13 /var/www/CRM/src/vendor/slim/slim/Slim/App.php(215): Slim\MiddlewareDispatcher->handle()
#14 /var/www/CRM/src/vendor/slim/slim/Slim/App.php(199): Slim\App->handle()
#15 /var/www/CRM/src/api/index.php(145): Slim\App->run()
#16 {main}
[17-May-2022 13:55:05 Europe/Paris] Slim Application Error
Type: Error
Code: 0
Message: Call to a member function format() on null
File: /var/www/eventworkflow/src/core/APIControllers/EventWorkflowController.php
Line: 986
Trace: #0 /var/www/CRM/src/vendor/slim/slim/Slim/Handlers/Strategies/RequestResponse.php(43): Plugins\APIControllers\EventWorkflowController->getContainerContent()
#1 /var/www/CRM/src/vendor/slim/slim/Slim/Routing/Route.php(384): Slim\Handlers\Strategies\RequestResponse->__invoke()
#2 /var/www/CRM/src/vendor/slim/slim/Slim/MiddlewareDispatcher.php(81): Slim\Routing\Route->handle()
#3 /var/www/CRM/src/vendor/slim/slim/Slim/MiddlewareDispatcher.php(81): Slim\MiddlewareDispatcher->handle()
#4 /var/www/CRM/src/vendor/slim/slim/Slim/Routing/Route.php(341): Slim\MiddlewareDispatcher->handle()
#5 /var/www/CRM/src/vendor/slim/slim/Slim/Routing/RouteRunner.php(84): Slim\Routing\Route->run()
#6 /var/www/CRM/src/EcclesiaCRM/Slim/Middleware/VersionMiddleware.php(17): Slim\Routing\RouteRunner->handle()
#7 /var/www/CRM/src/vendor/slim/slim/Slim/MiddlewareDispatcher.php(313): EcclesiaCRM\Slim\Middleware\VersionMiddleware->__invoke()
#8 /var/www/CRM/src/vendor/tuupola/slim-jwt-auth/src/JwtAuthentication.php(132): Psr\Http\Server\RequestHandlerInterface@anonymous->handle()
#9 /var/www/CRM/src/vendor/slim/slim/Slim/MiddlewareDispatcher.php(147): Tuupola\Middleware\JwtAuthentication->process()
#10 /var/www/CRM/src/vendor/slim/slim/Slim/Middleware/ErrorMiddleware.php(107): Psr\Http\Server\RequestHandlerInterface@anonymous->handle()
#11 /var/www/CRM/src/vendor/slim/slim/Slim/MiddlewareDispatcher.php(147): Slim\Middleware\ErrorMiddleware->process()
#12 /var/www/CRM/src/vendor/slim/slim/Slim/MiddlewareDispatcher.php(81): Psr\Http\Server\RequestHandlerInterface@anonymous->handle()
#13 /var/www/CRM/src/vendor/slim/slim/Slim/App.php(215): Slim\MiddlewareDispatcher->handle()
#14 /var/www/CRM/src/vendor/slim/slim/Slim/App.php(199): Slim\App->handle()
#15 /var/www/CRM/src/api/index.php(145): Slim\App->run()
#16 {main}
[17-May-2022 13:55:10 Europe/Paris] Slim Application Error
Type: Error
Code: 0
Message: Call to a member function format() on null
File: /var/www/eventworkflow/src/core/APIControllers/EventWorkflowController.php
Line: 986
Trace: #0 /var/www/CRM/src/vendor/slim/slim/Slim/Handlers/Strategies/RequestResponse.php(43): Plugins\APIControllers\EventWorkflowController->getContainerContent()
#1 /var/www/CRM/src/vendor/slim/slim/Slim/Routing/Route.php(384): Slim\Handlers\Strategies\RequestResponse->__invoke()
#2 /var/www/CRM/src/vendor/slim/slim/Slim/MiddlewareDispatcher.php(81): Slim\Routing\Route->handle()
#3 /var/www/CRM/src/vendor/slim/slim/Slim/MiddlewareDispatcher.php(81): Slim\MiddlewareDispatcher->handle()
#4 /var/www/CRM/src/vendor/slim/slim/Slim/Routing/Route.php(341): Slim\MiddlewareDispatcher->handle()
#5 /var/www/CRM/src/vendor/slim/slim/Slim/Routing/RouteRunner.php(84): Slim\Routing\Route->run()
#6 /var/www/CRM/src/EcclesiaCRM/Slim/Middleware/VersionMiddleware.php(17): Slim\Routing\RouteRunner->handle()
#7 /var/www/CRM/src/vendor/slim/slim/Slim/MiddlewareDispatcher.php(313): EcclesiaCRM\Slim\Middleware\VersionMiddleware->__invoke()
#8 /var/www/CRM/src/vendor/tuupola/slim-jwt-auth/src/JwtAuthentication.php(132): Psr\Http\Server\RequestHandlerInterface@anonymous->handle()
#9 /var/www/CRM/src/vendor/slim/slim/Slim/MiddlewareDispatcher.php(147): Tuupola\Middleware\JwtAuthentication->process()
#10 /var/www/CRM/src/vendor/slim/slim/Slim/Middleware/ErrorMiddleware.php(107): Psr\Http\Server\RequestHandlerInterface@anonymous->handle()
#11 /var/www/CRM/src/vendor/slim/slim/Slim/MiddlewareDispatcher.php(147): Slim\Middleware\ErrorMiddleware->process()
#12 /var/www/CRM/src/vendor/slim/slim/Slim/MiddlewareDispatcher.php(81): Psr\Http\Server\RequestHandlerInterface@anonymous->handle()
#13 /var/www/CRM/src/vendor/slim/slim/Slim/App.php(215): Slim\MiddlewareDispatcher->handle()
#14 /var/www/CRM/src/vendor/slim/slim/Slim/App.php(199): Slim\App->handle()
#15 /var/www/CRM/src/api/index.php(145): Slim\App->run()
#16 {main}
[17-May-2022 13:55:10 Europe/Paris] Slim Application Error
Type: Error
Code: 0
Message: Call to a member function format() on null
File: /var/www/eventworkflow/src/core/APIControllers/EventWorkflowController.php
Line: 986
Trace: #0 /var/www/CRM/src/vendor/slim/slim/Slim/Handlers/Strategies/RequestResponse.php(43): Plugins\APIControllers\EventWorkflowController->getContainerContent()
#1 /var/www/CRM/src/vendor/slim/slim/Slim/Routing/Route.php(384): Slim\Handlers\Strategies\RequestResponse->__invoke()
#2 /var/www/CRM/src/vendor/slim/slim/Slim/MiddlewareDispatcher.php(81): Slim\Routing\Route->handle()
#3 /var/www/CRM/src/vendor/slim/slim/Slim/MiddlewareDispatcher.php(81): Slim\MiddlewareDispatcher->handle()
#4 /var/www/CRM/src/vendor/slim/slim/Slim/Routing/Route.php(341): Slim\MiddlewareDispatcher->handle()
#5 /var/www/CRM/src/vendor/slim/slim/Slim/Routing/RouteRunner.php(84): Slim\Routing\Route->run()
#6 /var/www/CRM/src/EcclesiaCRM/Slim/Middleware/VersionMiddleware.php(17): Slim\Routing\RouteRunner->handle()
#7 /var/www/CRM/src/vendor/slim/slim/Slim/MiddlewareDispatcher.php(313): EcclesiaCRM\Slim\Middleware\VersionMiddleware->__invoke()
#8 /var/www/CRM/src/vendor/tuupola/slim-jwt-auth/src/JwtAuthentication.php(132): Psr\Http\Server\RequestHandlerInterface@anonymous->handle()
#9 /var/www/CRM/src/vendor/slim/slim/Slim/MiddlewareDispatcher.php(147): Tuupola\Middleware\JwtAuthentication->process()
#10 /var/www/CRM/src/vendor/slim/slim/Slim/Middleware/ErrorMiddleware.php(107): Psr\Http\Server\RequestHandlerInterface@anonymous->handle()
#11 /var/www/CRM/src/vendor/slim/slim/Slim/MiddlewareDispatcher.php(147): Slim\Middleware\ErrorMiddleware->process()
#12 /var/www/CRM/src/vendor/slim/slim/Slim/MiddlewareDispatcher.php(81): Psr\Http\Server\RequestHandlerInterface@anonymous->handle()
#13 /var/www/CRM/src/vendor/slim/slim/Slim/App.php(215): Slim\MiddlewareDispatcher->handle()
#14 /var/www/CRM/src/vendor/slim/slim/Slim/App.php(199): Slim\App->handle()
#15 /var/www/CRM/src/api/index.php(145): Slim\App->run()
#16 {main}
[17-May-2022 13:55:26 Europe/Paris] Slim Application Error
Type: Error
Code: 0
Message: Call to a member function format() on null
File: /var/www/eventworkflow/src/core/APIControllers/EventWorkflowController.php
Line: 986
Trace: #0 /var/www/CRM/src/vendor/slim/slim/Slim/Handlers/Strategies/RequestResponse.php(43): Plugins\APIControllers\EventWorkflowController->getContainerContent()
#1 /var/www/CRM/src/vendor/slim/slim/Slim/Routing/Route.php(384): Slim\Handlers\Strategies\RequestResponse->__invoke()
#2 /var/www/CRM/src/vendor/slim/slim/Slim/MiddlewareDispatcher.php(81): Slim\Routing\Route->handle()
#3 /var/www/CRM/src/vendor/slim/slim/Slim/MiddlewareDispatcher.php(81): Slim\MiddlewareDispatcher->handle()
#4 /var/www/CRM/src/vendor/slim/slim/Slim/Routing/Route.php(341): Slim\MiddlewareDispatcher->handle()
#5 /var/www/CRM/src/vendor/slim/slim/Slim/Routing/RouteRunner.php(84): Slim\Routing\Route->run()
#6 /var/www/CRM/src/EcclesiaCRM/Slim/Middleware/VersionMiddleware.php(17): Slim\Routing\RouteRunner->handle()
#7 /var/www/CRM/src/vendor/slim/slim/Slim/MiddlewareDispatcher.php(313): EcclesiaCRM\Slim\Middleware\VersionMiddleware->__invoke()
#8 /var/www/CRM/src/vendor/tuupola/slim-jwt-auth/src/JwtAuthentication.php(132): Psr\Http\Server\RequestHandlerInterface@anonymous->handle()
#9 /var/www/CRM/src/vendor/slim/slim/Slim/MiddlewareDispatcher.php(147): Tuupola\Middleware\JwtAuthentication->process()
#10 /var/www/CRM/src/vendor/slim/slim/Slim/Middleware/ErrorMiddleware.php(107): Psr\Http\Server\RequestHandlerInterface@anonymous->handle()
#11 /var/www/CRM/src/vendor/slim/slim/Slim/MiddlewareDispatcher.php(147): Slim\Middleware\ErrorMiddleware->process()
#12 /var/www/CRM/src/vendor/slim/slim/Slim/MiddlewareDispatcher.php(81): Psr\Http\Server\RequestHandlerInterface@anonymous->handle()
#13 /var/www/CRM/src/vendor/slim/slim/Slim/App.php(215): Slim\MiddlewareDispatcher->handle()
#14 /var/www/CRM/src/vendor/slim/slim/Slim/App.php(199): Slim\App->handle()
#15 /var/www/CRM/src/api/index.php(145): Slim\App->run()
#16 {main}
[17-May-2022 13:55:50 Europe/Paris] Slim Application Error
Type: Error
Code: 0
Message: Call to a member function format() on null
File: /var/www/eventworkflow/src/core/APIControllers/EventWorkflowController.php
Line: 986
Trace: #0 /var/www/CRM/src/vendor/slim/slim/Slim/Handlers/Strategies/RequestResponse.php(43): Plugins\APIControllers\EventWorkflowController->getContainerContent()
#1 /var/www/CRM/src/vendor/slim/slim/Slim/Routing/Route.php(384): Slim\Handlers\Strategies\RequestResponse->__invoke()
#2 /var/www/CRM/src/vendor/slim/slim/Slim/MiddlewareDispatcher.php(81): Slim\Routing\Route->handle()
#3 /var/www/CRM/src/vendor/slim/slim/Slim/MiddlewareDispatcher.php(81): Slim\MiddlewareDispatcher->handle()
#4 /var/www/CRM/src/vendor/slim/slim/Slim/Routing/Route.php(341): Slim\MiddlewareDispatcher->handle()
#5 /var/www/CRM/src/vendor/slim/slim/Slim/Routing/RouteRunner.php(84): Slim\Routing\Route->run()
#6 /var/www/CRM/src/EcclesiaCRM/Slim/Middleware/VersionMiddleware.php(17): Slim\Routing\RouteRunner->handle()
#7 /var/www/CRM/src/vendor/slim/slim/Slim/MiddlewareDispatcher.php(313): EcclesiaCRM\Slim\Middleware\VersionMiddleware->__invoke()
#8 /var/www/CRM/src/vendor/tuupola/slim-jwt-auth/src/JwtAuthentication.php(132): Psr\Http\Server\RequestHandlerInterface@anonymous->handle()
#9 /var/www/CRM/src/vendor/slim/slim/Slim/MiddlewareDispatcher.php(147): Tuupola\Middleware\JwtAuthentication->process()
#10 /var/www/CRM/src/vendor/slim/slim/Slim/Middleware/ErrorMiddleware.php(107): Psr\Http\Server\RequestHandlerInterface@anonymous->handle()
#11 /var/www/CRM/src/vendor/slim/slim/Slim/MiddlewareDispatcher.php(147): Slim\Middleware\ErrorMiddleware->process()
#12 /var/www/CRM/src/vendor/slim/slim/Slim/MiddlewareDispatcher.php(81): Psr\Http\Server\RequestHandlerInterface@anonymous->handle()
#13 /var/www/CRM/src/vendor/slim/slim/Slim/App.php(215): Slim\MiddlewareDispatcher->handle()
#14 /var/www/CRM/src/vendor/slim/slim/Slim/App.php(199): Slim\App->handle()
#15 /var/www/CRM/src/api/index.php(145): Slim\App->run()
#16 {main}
[17-May-2022 13:56:02 Europe/Paris] Slim Application Error
Type: Error
Code: 0
Message: Call to a member function format() on null
File: /var/www/eventworkflow/src/core/APIControllers/EventWorkflowController.php
Line: 986
Trace: #0 /var/www/CRM/src/vendor/slim/slim/Slim/Handlers/Strategies/RequestResponse.php(43): Plugins\APIControllers\EventWorkflowController->getContainerContent()
#1 /var/www/CRM/src/vendor/slim/slim/Slim/Routing/Route.php(384): Slim\Handlers\Strategies\RequestResponse->__invoke()
#2 /var/www/CRM/src/vendor/slim/slim/Slim/MiddlewareDispatcher.php(81): Slim\Routing\Route->handle()
#3 /var/www/CRM/src/vendor/slim/slim/Slim/MiddlewareDispatcher.php(81): Slim\MiddlewareDispatcher->handle()
#4 /var/www/CRM/src/vendor/slim/slim/Slim/Routing/Route.php(341): Slim\MiddlewareDispatcher->handle()
#5 /var/www/CRM/src/vendor/slim/slim/Slim/Routing/RouteRunner.php(84): Slim\Routing\Route->run()
#6 /var/www/CRM/src/EcclesiaCRM/Slim/Middleware/VersionMiddleware.php(17): Slim\Routing\RouteRunner->handle()
#7 /var/www/CRM/src/vendor/slim/slim/Slim/MiddlewareDispatcher.php(313): EcclesiaCRM\Slim\Middleware\VersionMiddleware->__invoke()
#8 /var/www/CRM/src/vendor/tuupola/slim-jwt-auth/src/JwtAuthentication.php(132): Psr\Http\Server\RequestHandlerInterface@anonymous->handle()
#9 /var/www/CRM/src/vendor/slim/slim/Slim/MiddlewareDispatcher.php(147): Tuupola\Middleware\JwtAuthentication->process()
#10 /var/www/CRM/src/vendor/slim/slim/Slim/Middleware/ErrorMiddleware.php(107): Psr\Http\Server\RequestHandlerInterface@anonymous->handle()
#11 /var/www/CRM/src/vendor/slim/slim/Slim/MiddlewareDispatcher.php(147): Slim\Middleware\ErrorMiddleware->process()
#12 /var/www/CRM/src/vendor/slim/slim/Slim/MiddlewareDispatcher.php(81): Psr\Http\Server\RequestHandlerInterface@anonymous->handle()
#13 /var/www/CRM/src/vendor/slim/slim/Slim/App.php(215): Slim\MiddlewareDispatcher->handle()
#14 /var/www/CRM/src/vendor/slim/slim/Slim/App.php(199): Slim\App->handle()
#15 /var/www/CRM/src/api/index.php(145): Slim\App->run()
#16 {main}
[17-May-2022 13:56:24 Europe/Paris] Slim Application Error
Type: Error
Code: 0
Message: Call to a member function format() on null
File: /var/www/eventworkflow/src/core/APIControllers/EventWorkflowController.php
Line: 986
Trace: #0 /var/www/CRM/src/vendor/slim/slim/Slim/Handlers/Strategies/RequestResponse.php(43): Plugins\APIControllers\EventWorkflowController->getContainerContent()
#1 /var/www/CRM/src/vendor/slim/slim/Slim/Routing/Route.php(384): Slim\Handlers\Strategies\RequestResponse->__invoke()
#2 /var/www/CRM/src/vendor/slim/slim/Slim/MiddlewareDispatcher.php(81): Slim\Routing\Route->handle()
#3 /var/www/CRM/src/vendor/slim/slim/Slim/MiddlewareDispatcher.php(81): Slim\MiddlewareDispatcher->handle()
#4 /var/www/CRM/src/vendor/slim/slim/Slim/Routing/Route.php(341): Slim\MiddlewareDispatcher->handle()
#5 /var/www/CRM/src/vendor/slim/slim/Slim/Routing/RouteRunner.php(84): Slim\Routing\Route->run()
#6 /var/www/CRM/src/EcclesiaCRM/Slim/Middleware/VersionMiddleware.php(17): Slim\Routing\RouteRunner->handle()
#7 /var/www/CRM/src/vendor/slim/slim/Slim/MiddlewareDispatcher.php(313): EcclesiaCRM\Slim\Middleware\VersionMiddleware->__invoke()
#8 /var/www/CRM/src/vendor/tuupola/slim-jwt-auth/src/JwtAuthentication.php(132): Psr\Http\Server\RequestHandlerInterface@anonymous->handle()
#9 /var/www/CRM/src/vendor/slim/slim/Slim/MiddlewareDispatcher.php(147): Tuupola\Middleware\JwtAuthentication->process()
#10 /var/www/CRM/src/vendor/slim/slim/Slim/Middleware/ErrorMiddleware.php(107): Psr\Http\Server\RequestHandlerInterface@anonymous->handle()
#11 /var/www/CRM/src/vendor/slim/slim/Slim/MiddlewareDispatcher.php(147): Slim\Middleware\ErrorMiddleware->process()
#12 /var/www/CRM/src/vendor/slim/slim/Slim/MiddlewareDispatcher.php(81): Psr\Http\Server\RequestHandlerInterface@anonymous->handle()
#13 /var/www/CRM/src/vendor/slim/slim/Slim/App.php(215): Slim\MiddlewareDispatcher->handle()
#14 /var/www/CRM/src/vendor/slim/slim/Slim/App.php(199): Slim\App->handle()
#15 /var/www/CRM/src/api/index.php(145): Slim\App->run()
#16 {main}
[17-May-2022 13:56:28 Europe/Paris] Slim Application Error
Type: Error
Code: 0
Message: Call to a member function format() on null
File: /var/www/eventworkflow/src/core/APIControllers/EventWorkflowController.php
Line: 986
Trace: #0 /var/www/CRM/src/vendor/slim/slim/Slim/Handlers/Strategies/RequestResponse.php(43): Plugins\APIControllers\EventWorkflowController->getContainerContent()
#1 /var/www/CRM/src/vendor/slim/slim/Slim/Routing/Route.php(384): Slim\Handlers\Strategies\RequestResponse->__invoke()
#2 /var/www/CRM/src/vendor/slim/slim/Slim/MiddlewareDispatcher.php(81): Slim\Routing\Route->handle()
#3 /var/www/CRM/src/vendor/slim/slim/Slim/MiddlewareDispatcher.php(81): Slim\MiddlewareDispatcher->handle()
#4 /var/www/CRM/src/vendor/slim/slim/Slim/Routing/Route.php(341): Slim\MiddlewareDispatcher->handle()
#5 /var/www/CRM/src/vendor/slim/slim/Slim/Routing/RouteRunner.php(84): Slim\Routing\Route->run()
#6 /var/www/CRM/src/EcclesiaCRM/Slim/Middleware/VersionMiddleware.php(17): Slim\Routing\RouteRunner->handle()
#7 /var/www/CRM/src/vendor/slim/slim/Slim/MiddlewareDispatcher.php(313): EcclesiaCRM\Slim\Middleware\VersionMiddleware->__invoke()
#8 /var/www/CRM/src/vendor/tuupola/slim-jwt-auth/src/JwtAuthentication.php(132): Psr\Http\Server\RequestHandlerInterface@anonymous->handle()
#9 /var/www/CRM/src/vendor/slim/slim/Slim/MiddlewareDispatcher.php(147): Tuupola\Middleware\JwtAuthentication->process()
#10 /var/www/CRM/src/vendor/slim/slim/Slim/Middleware/ErrorMiddleware.php(107): Psr\Http\Server\RequestHandlerInterface@anonymous->handle()
#11 /var/www/CRM/src/vendor/slim/slim/Slim/MiddlewareDispatcher.php(147): Slim\Middleware\ErrorMiddleware->process()
#12 /var/www/CRM/src/vendor/slim/slim/Slim/MiddlewareDispatcher.php(81): Psr\Http\Server\RequestHandlerInterface@anonymous->handle()
#13 /var/www/CRM/src/vendor/slim/slim/Slim/App.php(215): Slim\MiddlewareDispatcher->handle()
#14 /var/www/CRM/src/vendor/slim/slim/Slim/App.php(199): Slim\App->handle()
#15 /var/www/CRM/src/api/index.php(145): Slim\App->run()
#16 {main}
[17-May-2022 13:57:36 Europe/Paris] Slim Application Error
Type: Error
Code: 0
Message: Call to a member function format() on null
File: /var/www/eventworkflow/src/core/APIControllers/EventWorkflowController.php
Line: 986
Trace: #0 /var/www/CRM/src/vendor/slim/slim/Slim/Handlers/Strategies/RequestResponse.php(43): Plugins\APIControllers\EventWorkflowController->getContainerContent()
#1 /var/www/CRM/src/vendor/slim/slim/Slim/Routing/Route.php(384): Slim\Handlers\Strategies\RequestResponse->__invoke()
#2 /var/www/CRM/src/vendor/slim/slim/Slim/MiddlewareDispatcher.php(81): Slim\Routing\Route->handle()
#3 /var/www/CRM/src/vendor/slim/slim/Slim/MiddlewareDispatcher.php(81): Slim\MiddlewareDispatcher->handle()
#4 /var/www/CRM/src/vendor/slim/slim/Slim/Routing/Route.php(341): Slim\MiddlewareDispatcher->handle()
#5 /var/www/CRM/src/vendor/slim/slim/Slim/Routing/RouteRunner.php(84): Slim\Routing\Route->run()
#6 /var/www/CRM/src/EcclesiaCRM/Slim/Middleware/VersionMiddleware.php(17): Slim\Routing\RouteRunner->handle()
#7 /var/www/CRM/src/vendor/slim/slim/Slim/MiddlewareDispatcher.php(313): EcclesiaCRM\Slim\Middleware\VersionMiddleware->__invoke()
#8 /var/www/CRM/src/vendor/tuupola/slim-jwt-auth/src/JwtAuthentication.php(132): Psr\Http\Server\RequestHandlerInterface@anonymous->handle()
#9 /var/www/CRM/src/vendor/slim/slim/Slim/MiddlewareDispatcher.php(147): Tuupola\Middleware\JwtAuthentication->process()
#10 /var/www/CRM/src/vendor/slim/slim/Slim/Middleware/ErrorMiddleware.php(107): Psr\Http\Server\RequestHandlerInterface@anonymous->handle()
#11 /var/www/CRM/src/vendor/slim/slim/Slim/MiddlewareDispatcher.php(147): Slim\Middleware\ErrorMiddleware->process()
#12 /var/www/CRM/src/vendor/slim/slim/Slim/MiddlewareDispatcher.php(81): Psr\Http\Server\RequestHandlerInterface@anonymous->handle()
#13 /var/www/CRM/src/vendor/slim/slim/Slim/App.php(215): Slim\MiddlewareDispatcher->handle()
#14 /var/www/CRM/src/vendor/slim/slim/Slim/App.php(199): Slim\App->handle()
#15 /var/www/CRM/src/api/index.php(145): Slim\App->run()
#16 {main}
[17-May-2022 13:58:26 Europe/Paris] 405 Method Not Allowed
Type: Slim\Exception\HttpMethodNotAllowedException
Code: 405
Message: Method not allowed. Must be one of: POST
File: /var/www/CRM/src/vendor/slim/slim/Slim/Middleware/RoutingMiddleware.php
Line: 94
Trace: #0 /var/www/CRM/src/vendor/slim/slim/Slim/Routing/RouteRunner.php(72): Slim\Middleware\RoutingMiddleware->performRouting()
#1 /var/www/CRM/src/EcclesiaCRM/Slim/Middleware/VersionMiddleware.php(17): Slim\Routing\RouteRunner->handle()
#2 /var/www/CRM/src/vendor/slim/slim/Slim/MiddlewareDispatcher.php(313): EcclesiaCRM\Slim\Middleware\VersionMiddleware->__invoke()
#3 /var/www/CRM/src/vendor/tuupola/slim-jwt-auth/src/JwtAuthentication.php(132): Psr\Http\Server\RequestHandlerInterface@anonymous->handle()
#4 /var/www/CRM/src/vendor/slim/slim/Slim/MiddlewareDispatcher.php(147): Tuupola\Middleware\JwtAuthentication->process()
#5 /var/www/CRM/src/vendor/slim/slim/Slim/Middleware/ErrorMiddleware.php(107): Psr\Http\Server\RequestHandlerInterface@anonymous->handle()
#6 /var/www/CRM/src/vendor/slim/slim/Slim/MiddlewareDispatcher.php(147): Slim\Middleware\ErrorMiddleware->process()
#7 /var/www/CRM/src/vendor/slim/slim/Slim/MiddlewareDispatcher.php(81): Psr\Http\Server\RequestHandlerInterface@anonymous->handle()
#8 /var/www/CRM/src/vendor/slim/slim/Slim/App.php(215): Slim\MiddlewareDispatcher->handle()
#9 /var/www/CRM/src/vendor/slim/slim/Slim/App.php(199): Slim\App->handle()
#10 /var/www/CRM/src/api/index.php(145): Slim\App->run()
#11 {main}
[17-May-2022 13:58:56 Europe/Paris] Slim Application Error
Type: Error
Code: 0
Message: Call to a member function format() on null
File: /var/www/eventworkflow/src/core/APIControllers/EventWorkflowController.php
Line: 986
Trace: #0 /var/www/CRM/src/vendor/slim/slim/Slim/Handlers/Strategies/RequestResponse.php(43): Plugins\APIControllers\EventWorkflowController->getContainerContent()
#1 /var/www/CRM/src/vendor/slim/slim/Slim/Routing/Route.php(384): Slim\Handlers\Strategies\RequestResponse->__invoke()
#2 /var/www/CRM/src/vendor/slim/slim/Slim/MiddlewareDispatcher.php(81): Slim\Routing\Route->handle()
#3 /var/www/CRM/src/vendor/slim/slim/Slim/MiddlewareDispatcher.php(81): Slim\MiddlewareDispatcher->handle()
#4 /var/www/CRM/src/vendor/slim/slim/Slim/Routing/Route.php(341): Slim\MiddlewareDispatcher->handle()
#5 /var/www/CRM/src/vendor/slim/slim/Slim/Routing/RouteRunner.php(84): Slim\Routing\Route->run()
#6 /var/www/CRM/src/EcclesiaCRM/Slim/Middleware/VersionMiddleware.php(17): Slim\Routing\RouteRunner->handle()
#7 /var/www/CRM/src/vendor/slim/slim/Slim/MiddlewareDispatcher.php(313): EcclesiaCRM\Slim\Middleware\VersionMiddleware->__invoke()
#8 /var/www/CRM/src/vendor/tuupola/slim-jwt-auth/src/JwtAuthentication.php(132): Psr\Http\Server\RequestHandlerInterface@anonymous->handle()
#9 /var/www/CRM/src/vendor/slim/slim/Slim/MiddlewareDispatcher.php(147): Tuupola\Middleware\JwtAuthentication->process()
#10 /var/www/CRM/src/vendor/slim/slim/Slim/Middleware/ErrorMiddleware.php(107): Psr\Http\Server\RequestHandlerInterface@anonymous->handle()
#11 /var/www/CRM/src/vendor/slim/slim/Slim/MiddlewareDispatcher.php(147): Slim\Middleware\ErrorMiddleware->process()
#12 /var/www/CRM/src/vendor/slim/slim/Slim/MiddlewareDispatcher.php(81): Psr\Http\Server\RequestHandlerInterface@anonymous->handle()
#13 /var/www/CRM/src/vendor/slim/slim/Slim/App.php(215): Slim\MiddlewareDispatcher->handle()
#14 /var/www/CRM/src/vendor/slim/slim/Slim/App.php(199): Slim\App->handle()
#15 /var/www/CRM/src/api/index.php(145): Slim\App->run()
#16 {main}
[17-May-2022 21:08:01 Europe/Paris] 405 Method Not Allowed
Type: Slim\Exception\HttpMethodNotAllowedException
Code: 405
Message: Method not allowed. Must be one of: POST
File: /var/www/CRM/src/vendor/slim/slim/Slim/Middleware/RoutingMiddleware.php
Line: 94
Trace: #0 /var/www/CRM/src/vendor/slim/slim/Slim/Routing/RouteRunner.php(72): Slim\Middleware\RoutingMiddleware->performRouting()
#1 /var/www/CRM/src/EcclesiaCRM/Slim/Middleware/VersionMiddleware.php(17): Slim\Routing\RouteRunner->handle()
#2 /var/www/CRM/src/vendor/slim/slim/Slim/MiddlewareDispatcher.php(313): EcclesiaCRM\Slim\Middleware\VersionMiddleware->__invoke()
#3 /var/www/CRM/src/vendor/tuupola/slim-jwt-auth/src/JwtAuthentication.php(132): Psr\Http\Server\RequestHandlerInterface@anonymous->handle()
#4 /var/www/CRM/src/vendor/slim/slim/Slim/MiddlewareDispatcher.php(147): Tuupola\Middleware\JwtAuthentication->process()
#5 /var/www/CRM/src/vendor/slim/slim/Slim/Middleware/ErrorMiddleware.php(107): Psr\Http\Server\RequestHandlerInterface@anonymous->handle()
#6 /var/www/CRM/src/vendor/slim/slim/Slim/MiddlewareDispatcher.php(147): Slim\Middleware\ErrorMiddleware->process()
#7 /var/www/CRM/src/vendor/slim/slim/Slim/MiddlewareDispatcher.php(81): Psr\Http\Server\RequestHandlerInterface@anonymous->handle()
#8 /var/www/CRM/src/vendor/slim/slim/Slim/App.php(215): Slim\MiddlewareDispatcher->handle()
#9 /var/www/CRM/src/vendor/slim/slim/Slim/App.php(199): Slim\App->handle()
#10 /var/www/CRM/src/api/index.php(145): Slim\App->run()
#11 {main}
