[24-Mar-2022 17:19:44 Europe/Paris] Slim Application Error
Type: Propel\Runtime\Exception\BadMethodCallException
Code: 0
Message: Call to undefined method: getId.
File: /var/www/CRM/src/EcclesiaCRM/model/EcclesiaCRM/Base/Token.php
Line: 1415
Trace: #0 /var/www/CRM/src/ident/templates/verify/verify-family-info.php(267): EcclesiaCRM\Base\Token->__call()
#1 /var/www/CRM/src/vendor/slim/php-view/src/PhpRenderer.php(188): include('/var/www/CRM/sr...')
#2 /var/www/CRM/src/vendor/slim/php-view/src/PhpRenderer.php(169): Slim\Views\PhpRenderer->protectedIncludeScope()
#3 /var/www/CRM/src/vendor/slim/php-view/src/PhpRenderer.php(62): Slim\Views\PhpRenderer->fetch()
#4 /var/www/CRM/src/ident/routes/verify.php(29): Slim\Views\PhpRenderer->render()
#5 /var/www/CRM/src/vendor/slim/slim/Slim/Handlers/Strategies/RequestResponse.php(43): Closure->{closure}()
#6 /var/www/CRM/src/vendor/slim/slim/Slim/Routing/Route.php(384): Slim\Handlers\Strategies\RequestResponse->__invoke()
#7 /var/www/CRM/src/vendor/slim/slim/Slim/MiddlewareDispatcher.php(81): Slim\Routing\Route->handle()
#8 /var/www/CRM/src/vendor/slim/slim/Slim/MiddlewareDispatcher.php(81): Slim\MiddlewareDispatcher->handle()
#9 /var/www/CRM/src/vendor/slim/slim/Slim/Routing/Route.php(341): Slim\MiddlewareDispatcher->handle()
#10 /var/www/CRM/src/vendor/slim/slim/Slim/Routing/RouteRunner.php(84): Slim\Routing\Route->run()
#11 /var/www/CRM/src/vendor/slim/slim/Slim/Middleware/ErrorMiddleware.php(107): Slim\Routing\RouteRunner->handle()
#12 /var/www/CRM/src/vendor/slim/slim/Slim/MiddlewareDispatcher.php(147): Slim\Middleware\ErrorMiddleware->process()
#13 /var/www/CRM/src/vendor/slim/slim/Slim/MiddlewareDispatcher.php(81): class@anonymous->handle()
#14 /var/www/CRM/src/vendor/slim/slim/Slim/App.php(215): Slim\MiddlewareDispatcher->handle()
#15 /var/www/CRM/src/vendor/slim/slim/Slim/App.php(199): Slim\App->handle()
#16 /var/www/CRM/src/ident/index.php(40): Slim\App->run()
#17 {main}
[24-Mar-2022 17:49:51 Europe/Paris] Slim Application Error
Type: Error
Code: 0
Message: Call to a member function getPrimaryKey() on null
File: /var/www/CRM/src/ident/templates/verify/verify-family-info.php
Line: 263
Trace: #0 /var/www/CRM/src/vendor/slim/php-view/src/PhpRenderer.php(188): include()
#1 /var/www/CRM/src/vendor/slim/php-view/src/PhpRenderer.php(169): Slim\Views\PhpRenderer->protectedIncludeScope()
#2 /var/www/CRM/src/vendor/slim/php-view/src/PhpRenderer.php(62): Slim\Views\PhpRenderer->fetch()
#3 /var/www/CRM/src/ident/routes/verify.php(29): Slim\Views\PhpRenderer->render()
#4 /var/www/CRM/src/vendor/slim/slim/Slim/Handlers/Strategies/RequestResponse.php(43): Closure->{closure}()
#5 /var/www/CRM/src/vendor/slim/slim/Slim/Routing/Route.php(384): Slim\Handlers\Strategies\RequestResponse->__invoke()
#6 /var/www/CRM/src/vendor/slim/slim/Slim/MiddlewareDispatcher.php(81): Slim\Routing\Route->handle()
#7 /var/www/CRM/src/vendor/slim/slim/Slim/MiddlewareDispatcher.php(81): Slim\MiddlewareDispatcher->handle()
#8 /var/www/CRM/src/vendor/slim/slim/Slim/Routing/Route.php(341): Slim\MiddlewareDispatcher->handle()
#9 /var/www/CRM/src/vendor/slim/slim/Slim/Routing/RouteRunner.php(84): Slim\Routing\Route->run()
#10 /var/www/CRM/src/vendor/slim/slim/Slim/Middleware/ErrorMiddleware.php(107): Slim\Routing\RouteRunner->handle()
#11 /var/www/CRM/src/vendor/slim/slim/Slim/MiddlewareDispatcher.php(147): Slim\Middleware\ErrorMiddleware->process()
#12 /var/www/CRM/src/vendor/slim/slim/Slim/MiddlewareDispatcher.php(81): class@anonymous->handle()
#13 /var/www/CRM/src/vendor/slim/slim/Slim/App.php(215): Slim\MiddlewareDispatcher->handle()
#14 /var/www/CRM/src/vendor/slim/slim/Slim/App.php(199): Slim\App->handle()
#15 /var/www/CRM/src/ident/index.php(40): Slim\App->run()
#16 {main}
[24-Mar-2022 17:50:02 Europe/Paris] Slim Application Error
Type: Error
Code: 0
Message: Call to a member function getPrimaryKey() on null
File: /var/www/CRM/src/ident/templates/verify/verify-family-info.php
Line: 263
Trace: #0 /var/www/CRM/src/vendor/slim/php-view/src/PhpRenderer.php(188): include()
#1 /var/www/CRM/src/vendor/slim/php-view/src/PhpRenderer.php(169): Slim\Views\PhpRenderer->protectedIncludeScope()
#2 /var/www/CRM/src/vendor/slim/php-view/src/PhpRenderer.php(62): Slim\Views\PhpRenderer->fetch()
#3 /var/www/CRM/src/ident/routes/verify.php(29): Slim\Views\PhpRenderer->render()
#4 /var/www/CRM/src/vendor/slim/slim/Slim/Handlers/Strategies/RequestResponse.php(43): Closure->{closure}()
#5 /var/www/CRM/src/vendor/slim/slim/Slim/Routing/Route.php(384): Slim\Handlers\Strategies\RequestResponse->__invoke()
#6 /var/www/CRM/src/vendor/slim/slim/Slim/MiddlewareDispatcher.php(81): Slim\Routing\Route->handle()
#7 /var/www/CRM/src/vendor/slim/slim/Slim/MiddlewareDispatcher.php(81): Slim\MiddlewareDispatcher->handle()
#8 /var/www/CRM/src/vendor/slim/slim/Slim/Routing/Route.php(341): Slim\MiddlewareDispatcher->handle()
#9 /var/www/CRM/src/vendor/slim/slim/Slim/Routing/RouteRunner.php(84): Slim\Routing\Route->run()
#10 /var/www/CRM/src/vendor/slim/slim/Slim/Middleware/ErrorMiddleware.php(107): Slim\Routing\RouteRunner->handle()
#11 /var/www/CRM/src/vendor/slim/slim/Slim/MiddlewareDispatcher.php(147): Slim\Middleware\ErrorMiddleware->process()
#12 /var/www/CRM/src/vendor/slim/slim/Slim/MiddlewareDispatcher.php(81): class@anonymous->handle()
#13 /var/www/CRM/src/vendor/slim/slim/Slim/App.php(215): Slim\MiddlewareDispatcher->handle()
#14 /var/www/CRM/src/vendor/slim/slim/Slim/App.php(199): Slim\App->handle()
#15 /var/www/CRM/src/ident/index.php(40): Slim\App->run()
#16 {main}
[24-Mar-2022 17:50:33 Europe/Paris] Slim Application Error
Type: Error
Code: 0
Message: Call to a member function getPrimaryKey() on null
File: /var/www/CRM/src/ident/templates/verify/verify-family-info.php
Line: 263
Trace: #0 /var/www/CRM/src/vendor/slim/php-view/src/PhpRenderer.php(188): include()
#1 /var/www/CRM/src/vendor/slim/php-view/src/PhpRenderer.php(169): Slim\Views\PhpRenderer->protectedIncludeScope()
#2 /var/www/CRM/src/vendor/slim/php-view/src/PhpRenderer.php(62): Slim\Views\PhpRenderer->fetch()
#3 /var/www/CRM/src/ident/routes/verify.php(29): Slim\Views\PhpRenderer->render()
#4 /var/www/CRM/src/vendor/slim/slim/Slim/Handlers/Strategies/RequestResponse.php(43): Closure->{closure}()
#5 /var/www/CRM/src/vendor/slim/slim/Slim/Routing/Route.php(384): Slim\Handlers\Strategies\RequestResponse->__invoke()
#6 /var/www/CRM/src/vendor/slim/slim/Slim/MiddlewareDispatcher.php(81): Slim\Routing\Route->handle()
#7 /var/www/CRM/src/vendor/slim/slim/Slim/MiddlewareDispatcher.php(81): Slim\MiddlewareDispatcher->handle()
#8 /var/www/CRM/src/vendor/slim/slim/Slim/Routing/Route.php(341): Slim\MiddlewareDispatcher->handle()
#9 /var/www/CRM/src/vendor/slim/slim/Slim/Routing/RouteRunner.php(84): Slim\Routing\Route->run()
#10 /var/www/CRM/src/vendor/slim/slim/Slim/Middleware/ErrorMiddleware.php(107): Slim\Routing\RouteRunner->handle()
#11 /var/www/CRM/src/vendor/slim/slim/Slim/MiddlewareDispatcher.php(147): Slim\Middleware\ErrorMiddleware->process()
#12 /var/www/CRM/src/vendor/slim/slim/Slim/MiddlewareDispatcher.php(81): class@anonymous->handle()
#13 /var/www/CRM/src/vendor/slim/slim/Slim/App.php(215): Slim\MiddlewareDispatcher->handle()
#14 /var/www/CRM/src/vendor/slim/slim/Slim/App.php(199): Slim\App->handle()
#15 /var/www/CRM/src/ident/index.php(40): Slim\App->run()
#16 {main}
[24-Mar-2022 18:11:25 Europe/Paris] Slim Application Error
Type: FastRoute\BadRouteException
Code: 0
Message: Static route &quot;/ident/my-profile/getPersonInfo&quot; is shadowed by previously defined variable route &quot;/ident/my\-profile/([^/]+)&quot; for method &quot;POST&quot;
File: /var/www/CRM/src/vendor/nikic/fast-route/src/DataGenerator/RegexBasedAbstract.php
Line: 95
Trace: #0 /var/www/CRM/src/vendor/nikic/fast-route/src/DataGenerator/RegexBasedAbstract.php(30): FastRoute\DataGenerator\RegexBasedAbstract->addStaticRoute()
#1 /var/www/CRM/src/vendor/nikic/fast-route/src/RouteCollector.php(44): FastRoute\DataGenerator\RegexBasedAbstract->addRoute()
#2 /var/www/CRM/src/vendor/slim/slim/Slim/Routing/Dispatcher.php(46): FastRoute\RouteCollector->addRoute()
#3 /var/www/CRM/src/vendor/nikic/fast-route/src/functions.php(25): Slim\Routing\Dispatcher->Slim\Routing\{closure}()
#4 /var/www/CRM/src/vendor/slim/slim/Slim/Routing/Dispatcher.php(64): FastRoute\simpleDispatcher()
#5 /var/www/CRM/src/vendor/slim/slim/Slim/Routing/Dispatcher.php(77): Slim\Routing\Dispatcher->createDispatcher()
#6 /var/www/CRM/src/vendor/slim/slim/Slim/Routing/RouteResolver.php(58): Slim\Routing\Dispatcher->dispatch()
#7 /var/www/CRM/src/vendor/slim/slim/Slim/Middleware/RoutingMiddleware.php(113): Slim\Routing\RouteResolver->computeRoutingResults()
#8 /var/www/CRM/src/vendor/slim/slim/Slim/Middleware/RoutingMiddleware.php(76): Slim\Middleware\RoutingMiddleware->resolveRoutingResultsFromRequest()
#9 /var/www/CRM/src/vendor/slim/slim/Slim/Routing/RouteRunner.php(72): Slim\Middleware\RoutingMiddleware->performRouting()
#10 /var/www/CRM/src/vendor/slim/slim/Slim/Middleware/ErrorMiddleware.php(107): Slim\Routing\RouteRunner->handle()
#11 /var/www/CRM/src/vendor/slim/slim/Slim/MiddlewareDispatcher.php(147): Slim\Middleware\ErrorMiddleware->process()
#12 /var/www/CRM/src/vendor/slim/slim/Slim/MiddlewareDispatcher.php(81): class@anonymous->handle()
#13 /var/www/CRM/src/vendor/slim/slim/Slim/App.php(215): Slim\MiddlewareDispatcher->handle()
#14 /var/www/CRM/src/vendor/slim/slim/Slim/App.php(199): Slim\App->handle()
#15 /var/www/CRM/src/ident/index.php(40): Slim\App->run()
#16 {main}
[24-Mar-2022 18:12:01 Europe/Paris] Slim Application Error
Type: FastRoute\BadRouteException
Code: 0
Message: Static route &quot;/ident/my-profile/getPersInfo&quot; is shadowed by previously defined variable route &quot;/ident/my\-profile/([^/]+)&quot; for method &quot;POST&quot;
File: /var/www/CRM/src/vendor/nikic/fast-route/src/DataGenerator/RegexBasedAbstract.php
Line: 95
Trace: #0 /var/www/CRM/src/vendor/nikic/fast-route/src/DataGenerator/RegexBasedAbstract.php(30): FastRoute\DataGenerator\RegexBasedAbstract->addStaticRoute()
#1 /var/www/CRM/src/vendor/nikic/fast-route/src/RouteCollector.php(44): FastRoute\DataGenerator\RegexBasedAbstract->addRoute()
#2 /var/www/CRM/src/vendor/slim/slim/Slim/Routing/Dispatcher.php(46): FastRoute\RouteCollector->addRoute()
#3 /var/www/CRM/src/vendor/nikic/fast-route/src/functions.php(25): Slim\Routing\Dispatcher->Slim\Routing\{closure}()
#4 /var/www/CRM/src/vendor/slim/slim/Slim/Routing/Dispatcher.php(64): FastRoute\simpleDispatcher()
#5 /var/www/CRM/src/vendor/slim/slim/Slim/Routing/Dispatcher.php(77): Slim\Routing\Dispatcher->createDispatcher()
#6 /var/www/CRM/src/vendor/slim/slim/Slim/Routing/RouteResolver.php(58): Slim\Routing\Dispatcher->dispatch()
#7 /var/www/CRM/src/vendor/slim/slim/Slim/Middleware/RoutingMiddleware.php(113): Slim\Routing\RouteResolver->computeRoutingResults()
#8 /var/www/CRM/src/vendor/slim/slim/Slim/Middleware/RoutingMiddleware.php(76): Slim\Middleware\RoutingMiddleware->resolveRoutingResultsFromRequest()
#9 /var/www/CRM/src/vendor/slim/slim/Slim/Routing/RouteRunner.php(72): Slim\Middleware\RoutingMiddleware->performRouting()
#10 /var/www/CRM/src/vendor/slim/slim/Slim/Middleware/ErrorMiddleware.php(107): Slim\Routing\RouteRunner->handle()
#11 /var/www/CRM/src/vendor/slim/slim/Slim/MiddlewareDispatcher.php(147): Slim\Middleware\ErrorMiddleware->process()
#12 /var/www/CRM/src/vendor/slim/slim/Slim/MiddlewareDispatcher.php(81): class@anonymous->handle()
#13 /var/www/CRM/src/vendor/slim/slim/Slim/App.php(215): Slim\MiddlewareDispatcher->handle()
#14 /var/www/CRM/src/vendor/slim/slim/Slim/App.php(199): Slim\App->handle()
#15 /var/www/CRM/src/ident/index.php(40): Slim\App->run()
#16 {main}
[24-Mar-2022 18:13:04 Europe/Paris] Slim Application Error
Type: FastRoute\BadRouteException
Code: 0
Message: Static route &quot;/ident/my-profile/getPersonInfo&quot; is shadowed by previously defined variable route &quot;/ident/my\-profile/([^/]+)&quot; for method &quot;POST&quot;
File: /var/www/CRM/src/vendor/nikic/fast-route/src/DataGenerator/RegexBasedAbstract.php
Line: 95
Trace: #0 /var/www/CRM/src/vendor/nikic/fast-route/src/DataGenerator/RegexBasedAbstract.php(30): FastRoute\DataGenerator\RegexBasedAbstract->addStaticRoute()
#1 /var/www/CRM/src/vendor/nikic/fast-route/src/RouteCollector.php(44): FastRoute\DataGenerator\RegexBasedAbstract->addRoute()
#2 /var/www/CRM/src/vendor/slim/slim/Slim/Routing/Dispatcher.php(46): FastRoute\RouteCollector->addRoute()
#3 /var/www/CRM/src/vendor/nikic/fast-route/src/functions.php(25): Slim\Routing\Dispatcher->Slim\Routing\{closure}()
#4 /var/www/CRM/src/vendor/slim/slim/Slim/Routing/Dispatcher.php(64): FastRoute\simpleDispatcher()
#5 /var/www/CRM/src/vendor/slim/slim/Slim/Routing/Dispatcher.php(77): Slim\Routing\Dispatcher->createDispatcher()
#6 /var/www/CRM/src/vendor/slim/slim/Slim/Routing/RouteResolver.php(58): Slim\Routing\Dispatcher->dispatch()
#7 /var/www/CRM/src/vendor/slim/slim/Slim/Middleware/RoutingMiddleware.php(113): Slim\Routing\RouteResolver->computeRoutingResults()
#8 /var/www/CRM/src/vendor/slim/slim/Slim/Middleware/RoutingMiddleware.php(76): Slim\Middleware\RoutingMiddleware->resolveRoutingResultsFromRequest()
#9 /var/www/CRM/src/vendor/slim/slim/Slim/Routing/RouteRunner.php(72): Slim\Middleware\RoutingMiddleware->performRouting()
#10 /var/www/CRM/src/vendor/slim/slim/Slim/Middleware/ErrorMiddleware.php(107): Slim\Routing\RouteRunner->handle()
#11 /var/www/CRM/src/vendor/slim/slim/Slim/MiddlewareDispatcher.php(147): Slim\Middleware\ErrorMiddleware->process()
#12 /var/www/CRM/src/vendor/slim/slim/Slim/MiddlewareDispatcher.php(81): class@anonymous->handle()
#13 /var/www/CRM/src/vendor/slim/slim/Slim/App.php(215): Slim\MiddlewareDispatcher->handle()
#14 /var/www/CRM/src/vendor/slim/slim/Slim/App.php(199): Slim\App->handle()
#15 /var/www/CRM/src/ident/index.php(40): Slim\App->run()
#16 {main}
[24-Mar-2022 18:13:23 Europe/Paris] Slim Application Error
Type: FastRoute\BadRouteException
Code: 0
Message: Cannot register two routes matching &quot;/ident/my\-profile/([^/]+)&quot; for method &quot;POST&quot;
File: /var/www/CRM/src/vendor/nikic/fast-route/src/DataGenerator/RegexBasedAbstract.php
Line: 111
Trace: #0 /var/www/CRM/src/vendor/nikic/fast-route/src/DataGenerator/RegexBasedAbstract.php(32): FastRoute\DataGenerator\RegexBasedAbstract->addVariableRoute()
#1 /var/www/CRM/src/vendor/nikic/fast-route/src/RouteCollector.php(44): FastRoute\DataGenerator\RegexBasedAbstract->addRoute()
#2 /var/www/CRM/src/vendor/slim/slim/Slim/Routing/Dispatcher.php(46): FastRoute\RouteCollector->addRoute()
#3 /var/www/CRM/src/vendor/nikic/fast-route/src/functions.php(25): Slim\Routing\Dispatcher->Slim\Routing\{closure}()
#4 /var/www/CRM/src/vendor/slim/slim/Slim/Routing/Dispatcher.php(64): FastRoute\simpleDispatcher()
#5 /var/www/CRM/src/vendor/slim/slim/Slim/Routing/Dispatcher.php(77): Slim\Routing\Dispatcher->createDispatcher()
#6 /var/www/CRM/src/vendor/slim/slim/Slim/Routing/RouteResolver.php(58): Slim\Routing\Dispatcher->dispatch()
#7 /var/www/CRM/src/vendor/slim/slim/Slim/Middleware/RoutingMiddleware.php(113): Slim\Routing\RouteResolver->computeRoutingResults()
#8 /var/www/CRM/src/vendor/slim/slim/Slim/Middleware/RoutingMiddleware.php(76): Slim\Middleware\RoutingMiddleware->resolveRoutingResultsFromRequest()
#9 /var/www/CRM/src/vendor/slim/slim/Slim/Routing/RouteRunner.php(72): Slim\Middleware\RoutingMiddleware->performRouting()
#10 /var/www/CRM/src/vendor/slim/slim/Slim/Middleware/ErrorMiddleware.php(107): Slim\Routing\RouteRunner->handle()
#11 /var/www/CRM/src/vendor/slim/slim/Slim/MiddlewareDispatcher.php(147): Slim\Middleware\ErrorMiddleware->process()
#12 /var/www/CRM/src/vendor/slim/slim/Slim/MiddlewareDispatcher.php(81): class@anonymous->handle()
#13 /var/www/CRM/src/vendor/slim/slim/Slim/App.php(215): Slim\MiddlewareDispatcher->handle()
#14 /var/www/CRM/src/vendor/slim/slim/Slim/App.php(199): Slim\App->handle()
#15 /var/www/CRM/src/ident/index.php(40): Slim\App->run()
#16 {main}
[24-Mar-2022 18:13:52 Europe/Paris] Slim Application Error
Type: FastRoute\BadRouteException
Code: 0
Message: Static route &quot;/ident/my-profile/getPersonInfo&quot; is shadowed by previously defined variable route &quot;/ident/my\-profile/([^/]+)&quot; for method &quot;POST&quot;
File: /var/www/CRM/src/vendor/nikic/fast-route/src/DataGenerator/RegexBasedAbstract.php
Line: 95
Trace: #0 /var/www/CRM/src/vendor/nikic/fast-route/src/DataGenerator/RegexBasedAbstract.php(30): FastRoute\DataGenerator\RegexBasedAbstract->addStaticRoute()
#1 /var/www/CRM/src/vendor/nikic/fast-route/src/RouteCollector.php(44): FastRoute\DataGenerator\RegexBasedAbstract->addRoute()
#2 /var/www/CRM/src/vendor/slim/slim/Slim/Routing/Dispatcher.php(46): FastRoute\RouteCollector->addRoute()
#3 /var/www/CRM/src/vendor/nikic/fast-route/src/functions.php(25): Slim\Routing\Dispatcher->Slim\Routing\{closure}()
#4 /var/www/CRM/src/vendor/slim/slim/Slim/Routing/Dispatcher.php(64): FastRoute\simpleDispatcher()
#5 /var/www/CRM/src/vendor/slim/slim/Slim/Routing/Dispatcher.php(77): Slim\Routing\Dispatcher->createDispatcher()
#6 /var/www/CRM/src/vendor/slim/slim/Slim/Routing/RouteResolver.php(58): Slim\Routing\Dispatcher->dispatch()
#7 /var/www/CRM/src/vendor/slim/slim/Slim/Middleware/RoutingMiddleware.php(113): Slim\Routing\RouteResolver->computeRoutingResults()
#8 /var/www/CRM/src/vendor/slim/slim/Slim/Middleware/RoutingMiddleware.php(76): Slim\Middleware\RoutingMiddleware->resolveRoutingResultsFromRequest()
#9 /var/www/CRM/src/vendor/slim/slim/Slim/Routing/RouteRunner.php(72): Slim\Middleware\RoutingMiddleware->performRouting()
#10 /var/www/CRM/src/vendor/slim/slim/Slim/Middleware/ErrorMiddleware.php(107): Slim\Routing\RouteRunner->handle()
#11 /var/www/CRM/src/vendor/slim/slim/Slim/MiddlewareDispatcher.php(147): Slim\Middleware\ErrorMiddleware->process()
#12 /var/www/CRM/src/vendor/slim/slim/Slim/MiddlewareDispatcher.php(81): class@anonymous->handle()
#13 /var/www/CRM/src/vendor/slim/slim/Slim/App.php(215): Slim\MiddlewareDispatcher->handle()
#14 /var/www/CRM/src/vendor/slim/slim/Slim/App.php(199): Slim\App->handle()
#15 /var/www/CRM/src/ident/index.php(40): Slim\App->run()
#16 {main}
[24-Mar-2022 18:14:10 Europe/Paris] Slim Application Error
Type: FastRoute\BadRouteException
Code: 0
Message: Static route &quot;/ident/my-profile/getPersonInfo&quot; is shadowed by previously defined variable route &quot;/ident/my\-profile/([^/]+)&quot; for method &quot;POST&quot;
File: /var/www/CRM/src/vendor/nikic/fast-route/src/DataGenerator/RegexBasedAbstract.php
Line: 95
Trace: #0 /var/www/CRM/src/vendor/nikic/fast-route/src/DataGenerator/RegexBasedAbstract.php(30): FastRoute\DataGenerator\RegexBasedAbstract->addStaticRoute()
#1 /var/www/CRM/src/vendor/nikic/fast-route/src/RouteCollector.php(44): FastRoute\DataGenerator\RegexBasedAbstract->addRoute()
#2 /var/www/CRM/src/vendor/slim/slim/Slim/Routing/Dispatcher.php(46): FastRoute\RouteCollector->addRoute()
#3 /var/www/CRM/src/vendor/nikic/fast-route/src/functions.php(25): Slim\Routing\Dispatcher->Slim\Routing\{closure}()
#4 /var/www/CRM/src/vendor/slim/slim/Slim/Routing/Dispatcher.php(64): FastRoute\simpleDispatcher()
#5 /var/www/CRM/src/vendor/slim/slim/Slim/Routing/Dispatcher.php(77): Slim\Routing\Dispatcher->createDispatcher()
#6 /var/www/CRM/src/vendor/slim/slim/Slim/Routing/RouteResolver.php(58): Slim\Routing\Dispatcher->dispatch()
#7 /var/www/CRM/src/vendor/slim/slim/Slim/Middleware/RoutingMiddleware.php(113): Slim\Routing\RouteResolver->computeRoutingResults()
#8 /var/www/CRM/src/vendor/slim/slim/Slim/Middleware/RoutingMiddleware.php(76): Slim\Middleware\RoutingMiddleware->resolveRoutingResultsFromRequest()
#9 /var/www/CRM/src/vendor/slim/slim/Slim/Routing/RouteRunner.php(72): Slim\Middleware\RoutingMiddleware->performRouting()
#10 /var/www/CRM/src/vendor/slim/slim/Slim/Middleware/ErrorMiddleware.php(107): Slim\Routing\RouteRunner->handle()
#11 /var/www/CRM/src/vendor/slim/slim/Slim/MiddlewareDispatcher.php(147): Slim\Middleware\ErrorMiddleware->process()
#12 /var/www/CRM/src/vendor/slim/slim/Slim/MiddlewareDispatcher.php(81): class@anonymous->handle()
#13 /var/www/CRM/src/vendor/slim/slim/Slim/App.php(215): Slim\MiddlewareDispatcher->handle()
#14 /var/www/CRM/src/vendor/slim/slim/Slim/App.php(199): Slim\App->handle()
#15 /var/www/CRM/src/ident/index.php(40): Slim\App->run()
#16 {main}
[24-Mar-2022 18:14:53 Europe/Paris] Slim Application Error
Type: FastRoute\BadRouteException
Code: 0
Message: Static route &quot;/ident/my-profile/getPersonInfo&quot; is shadowed by previously defined variable route &quot;/ident/my\-profile/([^/]+)&quot; for method &quot;POST&quot;
File: /var/www/CRM/src/vendor/nikic/fast-route/src/DataGenerator/RegexBasedAbstract.php
Line: 95
Trace: #0 /var/www/CRM/src/vendor/nikic/fast-route/src/DataGenerator/RegexBasedAbstract.php(30): FastRoute\DataGenerator\RegexBasedAbstract->addStaticRoute()
#1 /var/www/CRM/src/vendor/nikic/fast-route/src/RouteCollector.php(44): FastRoute\DataGenerator\RegexBasedAbstract->addRoute()
#2 /var/www/CRM/src/vendor/slim/slim/Slim/Routing/Dispatcher.php(46): FastRoute\RouteCollector->addRoute()
#3 /var/www/CRM/src/vendor/nikic/fast-route/src/functions.php(25): Slim\Routing\Dispatcher->Slim\Routing\{closure}()
#4 /var/www/CRM/src/vendor/slim/slim/Slim/Routing/Dispatcher.php(64): FastRoute\simpleDispatcher()
#5 /var/www/CRM/src/vendor/slim/slim/Slim/Routing/Dispatcher.php(77): Slim\Routing\Dispatcher->createDispatcher()
#6 /var/www/CRM/src/vendor/slim/slim/Slim/Routing/RouteResolver.php(58): Slim\Routing\Dispatcher->dispatch()
#7 /var/www/CRM/src/vendor/slim/slim/Slim/Middleware/RoutingMiddleware.php(113): Slim\Routing\RouteResolver->computeRoutingResults()
#8 /var/www/CRM/src/vendor/slim/slim/Slim/Middleware/RoutingMiddleware.php(76): Slim\Middleware\RoutingMiddleware->resolveRoutingResultsFromRequest()
#9 /var/www/CRM/src/vendor/slim/slim/Slim/Routing/RouteRunner.php(72): Slim\Middleware\RoutingMiddleware->performRouting()
#10 /var/www/CRM/src/vendor/slim/slim/Slim/Middleware/ErrorMiddleware.php(107): Slim\Routing\RouteRunner->handle()
#11 /var/www/CRM/src/vendor/slim/slim/Slim/MiddlewareDispatcher.php(147): Slim\Middleware\ErrorMiddleware->process()
#12 /var/www/CRM/src/vendor/slim/slim/Slim/MiddlewareDispatcher.php(81): class@anonymous->handle()
#13 /var/www/CRM/src/vendor/slim/slim/Slim/App.php(215): Slim\MiddlewareDispatcher->handle()
#14 /var/www/CRM/src/vendor/slim/slim/Slim/App.php(199): Slim\App->handle()
#15 /var/www/CRM/src/ident/index.php(40): Slim\App->run()
#16 {main}
[24-Mar-2022 18:24:10 Europe/Paris] Slim Application Error
Type: TypeError
Code: 0
Message: Argument 1 passed to Slim\Http\Response::withBody() must implement interface Psr\Http\Message\StreamInterface, string given, called in /var/www/CRM/src/ident/routes/verify.php on line 56
File: /var/www/CRM/src/vendor/slim/http/src/Response.php
Line: 153
Trace: #0 /var/www/CRM/src/ident/routes/verify.php(56): Slim\Http\Response->withBody()
#1 /var/www/CRM/src/vendor/slim/slim/Slim/Handlers/Strategies/RequestResponse.php(43): Closure->{closure}()
#2 /var/www/CRM/src/vendor/slim/slim/Slim/Routing/Route.php(384): Slim\Handlers\Strategies\RequestResponse->__invoke()
#3 /var/www/CRM/src/vendor/slim/slim/Slim/MiddlewareDispatcher.php(81): Slim\Routing\Route->handle()
#4 /var/www/CRM/src/vendor/slim/slim/Slim/MiddlewareDispatcher.php(81): Slim\MiddlewareDispatcher->handle()
#5 /var/www/CRM/src/vendor/slim/slim/Slim/Routing/Route.php(341): Slim\MiddlewareDispatcher->handle()
#6 /var/www/CRM/src/vendor/slim/slim/Slim/Routing/RouteRunner.php(84): Slim\Routing\Route->run()
#7 /var/www/CRM/src/vendor/slim/slim/Slim/Middleware/ErrorMiddleware.php(107): Slim\Routing\RouteRunner->handle()
#8 /var/www/CRM/src/vendor/slim/slim/Slim/MiddlewareDispatcher.php(147): Slim\Middleware\ErrorMiddleware->process()
#9 /var/www/CRM/src/vendor/slim/slim/Slim/MiddlewareDispatcher.php(81): class@anonymous->handle()
#10 /var/www/CRM/src/vendor/slim/slim/Slim/App.php(215): Slim\MiddlewareDispatcher->handle()
#11 /var/www/CRM/src/vendor/slim/slim/Slim/App.php(199): Slim\App->handle()
#12 /var/www/CRM/src/ident/index.php(40): Slim\App->run()
#13 {main}
[24-Mar-2022 18:24:40 Europe/Paris] Slim Application Error
Type: TypeError
Code: 0
Message: Argument 1 passed to Slim\Http\Response::withBody() must implement interface Psr\Http\Message\StreamInterface, string given, called in /var/www/CRM/src/ident/routes/verify.php on line 56
File: /var/www/CRM/src/vendor/slim/http/src/Response.php
Line: 153
Trace: #0 /var/www/CRM/src/ident/routes/verify.php(56): Slim\Http\Response->withBody()
#1 /var/www/CRM/src/vendor/slim/slim/Slim/Handlers/Strategies/RequestResponse.php(43): Closure->{closure}()
#2 /var/www/CRM/src/vendor/slim/slim/Slim/Routing/Route.php(384): Slim\Handlers\Strategies\RequestResponse->__invoke()
#3 /var/www/CRM/src/vendor/slim/slim/Slim/MiddlewareDispatcher.php(81): Slim\Routing\Route->handle()
#4 /var/www/CRM/src/vendor/slim/slim/Slim/MiddlewareDispatcher.php(81): Slim\MiddlewareDispatcher->handle()
#5 /var/www/CRM/src/vendor/slim/slim/Slim/Routing/Route.php(341): Slim\MiddlewareDispatcher->handle()
#6 /var/www/CRM/src/vendor/slim/slim/Slim/Routing/RouteRunner.php(84): Slim\Routing\Route->run()
#7 /var/www/CRM/src/vendor/slim/slim/Slim/Middleware/ErrorMiddleware.php(107): Slim\Routing\RouteRunner->handle()
#8 /var/www/CRM/src/vendor/slim/slim/Slim/MiddlewareDispatcher.php(147): Slim\Middleware\ErrorMiddleware->process()
#9 /var/www/CRM/src/vendor/slim/slim/Slim/MiddlewareDispatcher.php(81): class@anonymous->handle()
#10 /var/www/CRM/src/vendor/slim/slim/Slim/App.php(215): Slim\MiddlewareDispatcher->handle()
#11 /var/www/CRM/src/vendor/slim/slim/Slim/App.php(199): Slim\App->handle()
#12 /var/www/CRM/src/ident/index.php(40): Slim\App->run()
#13 {main}
[24-Mar-2022 19:44:38 Europe/Paris] Slim Application Error
Type: Error
Code: 0
Message: Class 'OutputUtils' not found
File: /var/www/CRM/src/ident/routes/verify.php
Line: 109
Trace: #0 /var/www/CRM/src/vendor/slim/slim/Slim/Handlers/Strategies/RequestResponse.php(43): Closure->{closure}()
#1 /var/www/CRM/src/vendor/slim/slim/Slim/Routing/Route.php(384): Slim\Handlers\Strategies\RequestResponse->__invoke()
#2 /var/www/CRM/src/vendor/slim/slim/Slim/MiddlewareDispatcher.php(81): Slim\Routing\Route->handle()
#3 /var/www/CRM/src/vendor/slim/slim/Slim/MiddlewareDispatcher.php(81): Slim\MiddlewareDispatcher->handle()
#4 /var/www/CRM/src/vendor/slim/slim/Slim/Routing/Route.php(341): Slim\MiddlewareDispatcher->handle()
#5 /var/www/CRM/src/vendor/slim/slim/Slim/Routing/RouteRunner.php(84): Slim\Routing\Route->run()
#6 /var/www/CRM/src/vendor/slim/slim/Slim/Middleware/ErrorMiddleware.php(107): Slim\Routing\RouteRunner->handle()
#7 /var/www/CRM/src/vendor/slim/slim/Slim/MiddlewareDispatcher.php(147): Slim\Middleware\ErrorMiddleware->process()
#8 /var/www/CRM/src/vendor/slim/slim/Slim/MiddlewareDispatcher.php(81): class@anonymous->handle()
#9 /var/www/CRM/src/vendor/slim/slim/Slim/App.php(215): Slim\MiddlewareDispatcher->handle()
#10 /var/www/CRM/src/vendor/slim/slim/Slim/App.php(199): Slim\App->handle()
#11 /var/www/CRM/src/ident/index.php(40): Slim\App->run()
#12 {main}
[24-Mar-2022 19:44:39 Europe/Paris] Slim Application Error
Type: Error
Code: 0
Message: Class 'OutputUtils' not found
File: /var/www/CRM/src/ident/routes/verify.php
Line: 109
Trace: #0 /var/www/CRM/src/vendor/slim/slim/Slim/Handlers/Strategies/RequestResponse.php(43): Closure->{closure}()
#1 /var/www/CRM/src/vendor/slim/slim/Slim/Routing/Route.php(384): Slim\Handlers\Strategies\RequestResponse->__invoke()
#2 /var/www/CRM/src/vendor/slim/slim/Slim/MiddlewareDispatcher.php(81): Slim\Routing\Route->handle()
#3 /var/www/CRM/src/vendor/slim/slim/Slim/MiddlewareDispatcher.php(81): Slim\MiddlewareDispatcher->handle()
#4 /var/www/CRM/src/vendor/slim/slim/Slim/Routing/Route.php(341): Slim\MiddlewareDispatcher->handle()
#5 /var/www/CRM/src/vendor/slim/slim/Slim/Routing/RouteRunner.php(84): Slim\Routing\Route->run()
#6 /var/www/CRM/src/vendor/slim/slim/Slim/Middleware/ErrorMiddleware.php(107): Slim\Routing\RouteRunner->handle()
#7 /var/www/CRM/src/vendor/slim/slim/Slim/MiddlewareDispatcher.php(147): Slim\Middleware\ErrorMiddleware->process()
#8 /var/www/CRM/src/vendor/slim/slim/Slim/MiddlewareDispatcher.php(81): class@anonymous->handle()
#9 /var/www/CRM/src/vendor/slim/slim/Slim/App.php(215): Slim\MiddlewareDispatcher->handle()
#10 /var/www/CRM/src/vendor/slim/slim/Slim/App.php(199): Slim\App->handle()
#11 /var/www/CRM/src/ident/index.php(40): Slim\App->run()
#12 {main}
[24-Mar-2022 19:44:52 Europe/Paris] Slim Application Error
Type: Error
Code: 0
Message: Class 'OutputUtils' not found
File: /var/www/CRM/src/ident/routes/verify.php
Line: 109
Trace: #0 /var/www/CRM/src/vendor/slim/slim/Slim/Handlers/Strategies/RequestResponse.php(43): Closure->{closure}()
#1 /var/www/CRM/src/vendor/slim/slim/Slim/Routing/Route.php(384): Slim\Handlers\Strategies\RequestResponse->__invoke()
#2 /var/www/CRM/src/vendor/slim/slim/Slim/MiddlewareDispatcher.php(81): Slim\Routing\Route->handle()
#3 /var/www/CRM/src/vendor/slim/slim/Slim/MiddlewareDispatcher.php(81): Slim\MiddlewareDispatcher->handle()
#4 /var/www/CRM/src/vendor/slim/slim/Slim/Routing/Route.php(341): Slim\MiddlewareDispatcher->handle()
#5 /var/www/CRM/src/vendor/slim/slim/Slim/Routing/RouteRunner.php(84): Slim\Routing\Route->run()
#6 /var/www/CRM/src/vendor/slim/slim/Slim/Middleware/ErrorMiddleware.php(107): Slim\Routing\RouteRunner->handle()
#7 /var/www/CRM/src/vendor/slim/slim/Slim/MiddlewareDispatcher.php(147): Slim\Middleware\ErrorMiddleware->process()
#8 /var/www/CRM/src/vendor/slim/slim/Slim/MiddlewareDispatcher.php(81): class@anonymous->handle()
#9 /var/www/CRM/src/vendor/slim/slim/Slim/App.php(215): Slim\MiddlewareDispatcher->handle()
#10 /var/www/CRM/src/vendor/slim/slim/Slim/App.php(199): Slim\App->handle()
#11 /var/www/CRM/src/ident/index.php(40): Slim\App->run()
#12 {main}
[24-Mar-2022 19:44:55 Europe/Paris] Slim Application Error
Type: Error
Code: 0
Message: Class 'OutputUtils' not found
File: /var/www/CRM/src/ident/routes/verify.php
Line: 109
Trace: #0 /var/www/CRM/src/vendor/slim/slim/Slim/Handlers/Strategies/RequestResponse.php(43): Closure->{closure}()
#1 /var/www/CRM/src/vendor/slim/slim/Slim/Routing/Route.php(384): Slim\Handlers\Strategies\RequestResponse->__invoke()
#2 /var/www/CRM/src/vendor/slim/slim/Slim/MiddlewareDispatcher.php(81): Slim\Routing\Route->handle()
#3 /var/www/CRM/src/vendor/slim/slim/Slim/MiddlewareDispatcher.php(81): Slim\MiddlewareDispatcher->handle()
#4 /var/www/CRM/src/vendor/slim/slim/Slim/Routing/Route.php(341): Slim\MiddlewareDispatcher->handle()
#5 /var/www/CRM/src/vendor/slim/slim/Slim/Routing/RouteRunner.php(84): Slim\Routing\Route->run()
#6 /var/www/CRM/src/vendor/slim/slim/Slim/Middleware/ErrorMiddleware.php(107): Slim\Routing\RouteRunner->handle()
#7 /var/www/CRM/src/vendor/slim/slim/Slim/MiddlewareDispatcher.php(147): Slim\Middleware\ErrorMiddleware->process()
#8 /var/www/CRM/src/vendor/slim/slim/Slim/MiddlewareDispatcher.php(81): class@anonymous->handle()
#9 /var/www/CRM/src/vendor/slim/slim/Slim/App.php(215): Slim\MiddlewareDispatcher->handle()
#10 /var/www/CRM/src/vendor/slim/slim/Slim/App.php(199): Slim\App->handle()
#11 /var/www/CRM/src/ident/index.php(40): Slim\App->run()
#12 {main}
[24-Mar-2022 19:45:16 Europe/Paris] Slim Application Error
Type: Error
Code: 0
Message: Class 'ListOptionQuery' not found
File: /var/www/CRM/src/ident/routes/verify.php
Line: 119
Trace: #0 /var/www/CRM/src/vendor/slim/slim/Slim/Handlers/Strategies/RequestResponse.php(43): Closure->{closure}()
#1 /var/www/CRM/src/vendor/slim/slim/Slim/Routing/Route.php(384): Slim\Handlers\Strategies\RequestResponse->__invoke()
#2 /var/www/CRM/src/vendor/slim/slim/Slim/MiddlewareDispatcher.php(81): Slim\Routing\Route->handle()
#3 /var/www/CRM/src/vendor/slim/slim/Slim/MiddlewareDispatcher.php(81): Slim\MiddlewareDispatcher->handle()
#4 /var/www/CRM/src/vendor/slim/slim/Slim/Routing/Route.php(341): Slim\MiddlewareDispatcher->handle()
#5 /var/www/CRM/src/vendor/slim/slim/Slim/Routing/RouteRunner.php(84): Slim\Routing\Route->run()
#6 /var/www/CRM/src/vendor/slim/slim/Slim/Middleware/ErrorMiddleware.php(107): Slim\Routing\RouteRunner->handle()
#7 /var/www/CRM/src/vendor/slim/slim/Slim/MiddlewareDispatcher.php(147): Slim\Middleware\ErrorMiddleware->process()
#8 /var/www/CRM/src/vendor/slim/slim/Slim/MiddlewareDispatcher.php(81): class@anonymous->handle()
#9 /var/www/CRM/src/vendor/slim/slim/Slim/App.php(215): Slim\MiddlewareDispatcher->handle()
#10 /var/www/CRM/src/vendor/slim/slim/Slim/App.php(199): Slim\App->handle()
#11 /var/www/CRM/src/ident/index.php(40): Slim\App->run()
#12 {main}
[24-Mar-2022 19:58:53 Europe/Paris] Slim Application Error
Type: Error
Code: 0
Message: Class 'SystemConfig' not found
File: /var/www/CRM/src/ident/routes/verify.php
Line: 110
Trace: #0 /var/www/CRM/src/vendor/slim/slim/Slim/Handlers/Strategies/RequestResponse.php(43): Closure->{closure}()
#1 /var/www/CRM/src/vendor/slim/slim/Slim/Routing/Route.php(384): Slim\Handlers\Strategies\RequestResponse->__invoke()
#2 /var/www/CRM/src/vendor/slim/slim/Slim/MiddlewareDispatcher.php(81): Slim\Routing\Route->handle()
#3 /var/www/CRM/src/vendor/slim/slim/Slim/MiddlewareDispatcher.php(81): Slim\MiddlewareDispatcher->handle()
#4 /var/www/CRM/src/vendor/slim/slim/Slim/Routing/Route.php(341): Slim\MiddlewareDispatcher->handle()
#5 /var/www/CRM/src/vendor/slim/slim/Slim/Routing/RouteRunner.php(84): Slim\Routing\Route->run()
#6 /var/www/CRM/src/vendor/slim/slim/Slim/Middleware/ErrorMiddleware.php(107): Slim\Routing\RouteRunner->handle()
#7 /var/www/CRM/src/vendor/slim/slim/Slim/MiddlewareDispatcher.php(147): Slim\Middleware\ErrorMiddleware->process()
#8 /var/www/CRM/src/vendor/slim/slim/Slim/MiddlewareDispatcher.php(81): class@anonymous->handle()
#9 /var/www/CRM/src/vendor/slim/slim/Slim/App.php(215): Slim\MiddlewareDispatcher->handle()
#10 /var/www/CRM/src/vendor/slim/slim/Slim/App.php(199): Slim\App->handle()
#11 /var/www/CRM/src/ident/index.php(40): Slim\App->run()
#12 {main}
[24-Mar-2022 19:58:54 Europe/Paris] Slim Application Error
Type: Error
Code: 0
Message: Class 'SystemConfig' not found
File: /var/www/CRM/src/ident/routes/verify.php
Line: 110
Trace: #0 /var/www/CRM/src/vendor/slim/slim/Slim/Handlers/Strategies/RequestResponse.php(43): Closure->{closure}()
#1 /var/www/CRM/src/vendor/slim/slim/Slim/Routing/Route.php(384): Slim\Handlers\Strategies\RequestResponse->__invoke()
#2 /var/www/CRM/src/vendor/slim/slim/Slim/MiddlewareDispatcher.php(81): Slim\Routing\Route->handle()
#3 /var/www/CRM/src/vendor/slim/slim/Slim/MiddlewareDispatcher.php(81): Slim\MiddlewareDispatcher->handle()
#4 /var/www/CRM/src/vendor/slim/slim/Slim/Routing/Route.php(341): Slim\MiddlewareDispatcher->handle()
#5 /var/www/CRM/src/vendor/slim/slim/Slim/Routing/RouteRunner.php(84): Slim\Routing\Route->run()
#6 /var/www/CRM/src/vendor/slim/slim/Slim/Middleware/ErrorMiddleware.php(107): Slim\Routing\RouteRunner->handle()
#7 /var/www/CRM/src/vendor/slim/slim/Slim/MiddlewareDispatcher.php(147): Slim\Middleware\ErrorMiddleware->process()
#8 /var/www/CRM/src/vendor/slim/slim/Slim/MiddlewareDispatcher.php(81): class@anonymous->handle()
#9 /var/www/CRM/src/vendor/slim/slim/Slim/App.php(215): Slim\MiddlewareDispatcher->handle()
#10 /var/www/CRM/src/vendor/slim/slim/Slim/App.php(199): Slim\App->handle()
#11 /var/www/CRM/src/ident/index.php(40): Slim\App->run()
#12 {main}
