[04-Jan-2022 19:03:25 Europe/Paris] Slim Application Error
Type: BadMethodCallException
Code: 0
Message: Cannot add TextRun in TextRun.
File: /var/www/CRM/src/vendor/phpoffice/phpword/src/PhpWord/Element/AbstractContainer.php
Line: 266
Trace: #0 /var/www/CRM/src/vendor/phpoffice/phpword/src/PhpWord/Element/AbstractContainer.php(131): PhpOffice\PhpWord\Element\AbstractContainer->checkValidity()
#1 [internal function]: PhpOffice\PhpWord\Element\AbstractContainer->addElement()
#2 /var/www/CRM/src/vendor/phpoffice/phpword/src/PhpWord/Element/AbstractContainer.php(113): call_user_func_array()
#3 /var/www/CRM/src/vendor/phpoffice/phpword/src/PhpWord/Shared/Html.php(265): PhpOffice\PhpWord\Element\AbstractContainer->__call()
#4 [internal function]: PhpOffice\PhpWord\Shared\Html::parseParagraph()
#5 /var/www/CRM/src/vendor/phpoffice/phpword/src/PhpWord/Shared/Html.php(215): call_user_func_array()
#6 /var/www/CRM/src/vendor/phpoffice/phpword/src/PhpWord/Shared/Html.php(247): PhpOffice\PhpWord\Shared\Html::parseNode()
#7 /var/www/CRM/src/vendor/phpoffice/phpword/src/PhpWord/Shared/Html.php(229): PhpOffice\PhpWord\Shared\Html::parseChildNodes()
#8 /var/www/CRM/src/vendor/phpoffice/phpword/src/PhpWord/Shared/Html.php(247): PhpOffice\PhpWord\Shared\Html::parseNode()
#9 /var/www/CRM/src/vendor/phpoffice/phpword/src/PhpWord/Shared/Html.php(229): PhpOffice\PhpWord\Shared\Html::parseChildNodes()
#10 /var/www/CRM/src/vendor/phpoffice/phpword/src/PhpWord/Shared/Html.php(247): PhpOffice\PhpWord\Shared\Html::parseNode()
#11 /var/www/CRM/src/vendor/phpoffice/phpword/src/PhpWord/Shared/Html.php(229): PhpOffice\PhpWord\Shared\Html::parseChildNodes()
#12 /var/www/CRM/src/vendor/phpoffice/phpword/src/PhpWord/Shared/Html.php(247): PhpOffice\PhpWord\Shared\Html::parseNode()
#13 /var/www/CRM/src/vendor/phpoffice/phpword/src/PhpWord/Shared/Html.php(229): PhpOffice\PhpWord\Shared\Html::parseChildNodes()
#14 /var/www/CRM/src/vendor/phpoffice/phpword/src/PhpWord/Shared/Html.php(247): PhpOffice\PhpWord\Shared\Html::parseNode()
#15 /var/www/CRM/src/vendor/phpoffice/phpword/src/PhpWord/Shared/Html.php(229): PhpOffice\PhpWord\Shared\Html::parseChildNodes()
#16 /var/www/CRM/src/vendor/phpoffice/phpword/src/PhpWord/Shared/Html.php(247): PhpOffice\PhpWord\Shared\Html::parseNode()
#17 /var/www/CRM/src/vendor/phpoffice/phpword/src/PhpWord/Shared/Html.php(229): PhpOffice\PhpWord\Shared\Html::parseChildNodes()
#18 /var/www/CRM/src/vendor/phpoffice/phpword/src/PhpWord/Shared/Html.php(247): PhpOffice\PhpWord\Shared\Html::parseNode()
#19 /var/www/CRM/src/vendor/phpoffice/phpword/src/PhpWord/Shared/Html.php(229): PhpOffice\PhpWord\Shared\Html::parseChildNodes()
#20 /var/www/CRM/src/vendor/phpoffice/phpword/src/PhpWord/Shared/Html.php(247): PhpOffice\PhpWord\Shared\Html::parseNode()
#21 /var/www/CRM/src/vendor/phpoffice/phpword/src/PhpWord/Shared/Html.php(229): PhpOffice\PhpWord\Shared\Html::parseChildNodes()
#22 /var/www/CRM/src/vendor/phpoffice/phpword/src/PhpWord/Shared/Html.php(247): PhpOffice\PhpWord\Shared\Html::parseNode()
#23 /var/www/CRM/src/vendor/phpoffice/phpword/src/PhpWord/Shared/Html.php(229): PhpOffice\PhpWord\Shared\Html::parseChildNodes()
#24 /var/www/CRM/src/vendor/phpoffice/phpword/src/PhpWord/Shared/Html.php(247): PhpOffice\PhpWord\Shared\Html::parseNode()
#25 /var/www/CRM/src/vendor/phpoffice/phpword/src/PhpWord/Shared/Html.php(229): PhpOffice\PhpWord\Shared\Html::parseChildNodes()
#26 /var/www/CRM/src/vendor/phpoffice/phpword/src/PhpWord/Shared/Html.php(247): PhpOffice\PhpWord\Shared\Html::parseNode()
#27 /var/www/CRM/src/vendor/phpoffice/phpword/src/PhpWord/Shared/Html.php(229): PhpOffice\PhpWord\Shared\Html::parseChildNodes()
#28 /var/www/CRM/src/vendor/phpoffice/phpword/src/PhpWord/Shared/Html.php(247): PhpOffice\PhpWord\Shared\Html::parseNode()
#29 /var/www/CRM/src/vendor/phpoffice/phpword/src/PhpWord/Shared/Html.php(229): PhpOffice\PhpWord\Shared\Html::parseChildNodes()
#30 /var/www/CRM/src/vendor/phpoffice/phpword/src/PhpWord/Shared/Html.php(247): PhpOffice\PhpWord\Shared\Html::parseNode()
#31 /var/www/CRM/src/vendor/phpoffice/phpword/src/PhpWord/Shared/Html.php(229): PhpOffice\PhpWord\Shared\Html::parseChildNodes()
#32 /var/www/CRM/src/vendor/phpoffice/phpword/src/PhpWord/Shared/Html.php(247): PhpOffice\PhpWord\Shared\Html::parseNode()
#33 /var/www/CRM/src/vendor/phpoffice/phpword/src/PhpWord/Shared/Html.php(229): PhpOffice\PhpWord\Shared\Html::parseChildNodes()
#34 /var/www/CRM/src/vendor/phpoffice/phpword/src/PhpWord/Shared/Html.php(247): PhpOffice\PhpWord\Shared\Html::parseNode()
#35 /var/www/CRM/src/vendor/phpoffice/phpword/src/PhpWord/Shared/Html.php(229): PhpOffice\PhpWord\Shared\Html::parseChildNodes()
#36 /var/www/CRM/src/vendor/phpoffice/phpword/src/PhpWord/Shared/Html.php(247): PhpOffice\PhpWord\Shared\Html::parseNode()
#37 /var/www/CRM/src/vendor/phpoffice/phpword/src/PhpWord/Shared/Html.php(229): PhpOffice\PhpWord\Shared\Html::parseChildNodes()
#38 /var/www/CRM/src/vendor/phpoffice/phpword/src/PhpWord/Shared/Html.php(247): PhpOffice\PhpWord\Shared\Html::parseNode()
#39 /var/www/CRM/src/vendor/phpoffice/phpword/src/PhpWord/Shared/Html.php(229): PhpOffice\PhpWord\Shared\Html::parseChildNodes()
#40 /var/www/CRM/src/vendor/phpoffice/phpword/src/PhpWord/Shared/Html.php(247): PhpOffice\PhpWord\Shared\Html::parseNode()
#41 /var/www/CRM/src/vendor/phpoffice/phpword/src/PhpWord/Shared/Html.php(229): PhpOffice\PhpWord\Shared\Html::parseChildNodes()
#42 /var/www/CRM/src/vendor/phpoffice/phpword/src/PhpWord/Shared/Html.php(84): PhpOffice\PhpWord\Shared\Html::parseNode()
#43 /var/www/CRM/src/EcclesiaCRM/APIControllers/DocumentCKEditorController.php(155): PhpOffice\PhpWord\Shared\Html::addHtml()
#44 /var/www/CRM/src/vendor/slim/slim/Slim/Handlers/Strategies/RequestResponse.php(43): EcclesiaCRM\APIControllers\DocumentCKEditorController->saveAsWordFile()
#45 /var/www/CRM/src/vendor/slim/slim/Slim/Routing/Route.php(384): Slim\Handlers\Strategies\RequestResponse->__invoke()
#46 /var/www/CRM/src/vendor/slim/slim/Slim/MiddlewareDispatcher.php(81): Slim\Routing\Route->handle()
#47 /var/www/CRM/src/vendor/slim/slim/Slim/MiddlewareDispatcher.php(81): Slim\MiddlewareDispatcher->handle()
#48 /var/www/CRM/src/vendor/slim/slim/Slim/Routing/Route.php(341): Slim\MiddlewareDispatcher->handle()
#49 /var/www/CRM/src/vendor/slim/slim/Slim/Routing/RouteRunner.php(84): Slim\Routing\Route->run()
#50 /var/www/CRM/src/EcclesiaCRM/Slim/Middleware/VersionMiddleware.php(17): Slim\Routing\RouteRunner->handle()
#51 /var/www/CRM/src/vendor/slim/slim/Slim/MiddlewareDispatcher.php(313): EcclesiaCRM\Slim\Middleware\VersionMiddleware->__invoke()
#52 /var/www/CRM/src/vendor/tuupola/slim-jwt-auth/src/JwtAuthentication.php(132): class@anonymous->handle()
#53 /var/www/CRM/src/vendor/slim/slim/Slim/MiddlewareDispatcher.php(147): Tuupola\Middleware\JwtAuthentication->process()
#54 /var/www/CRM/src/vendor/slim/slim/Slim/Middleware/ErrorMiddleware.php(107): class@anonymous->handle()
#55 /var/www/CRM/src/vendor/slim/slim/Slim/MiddlewareDispatcher.php(147): Slim\Middleware\ErrorMiddleware->process()
#56 /var/www/CRM/src/vendor/slim/slim/Slim/MiddlewareDispatcher.php(81): class@anonymous->handle()
#57 /var/www/CRM/src/vendor/slim/slim/Slim/App.php(215): Slim\MiddlewareDispatcher->handle()
#58 /var/www/CRM/src/vendor/slim/slim/Slim/App.php(199): Slim\App->handle()
#59 /var/www/CRM/src/api/index.php(135): Slim\App->run()
#60 {main}
[04-Jan-2022 20:42:09 Europe/Paris] Slim Application Error
Type: Sabre\VObject\Recur\NoInstancesException
Code: 0
Message: This recurrence rule does not generate any valid instances
File: /var/www/CRM/src/vendor/sabre/vobject/lib/Recur/EventIterator.php
Line: 192
Trace: #0 /var/www/CRM/src/EcclesiaCRM/sabre/VObjectExtract.php(135): Sabre\VObject\Recur\EventIterator->__construct()
#1 /var/www/CRM/src/EcclesiaCRM/sabre/CalDavPDO.php(780): EcclesiaCRM\MyPDO\VObjectExtract::calendarData()
#2 /var/www/CRM/src/EcclesiaCRM/APIControllers/CalendarEventV2Controller.php(787): EcclesiaCRM\MyPDO\CalDavPDO->updateCalendarObject()
#3 /var/www/CRM/src/vendor/slim/slim/Slim/Handlers/Strategies/RequestResponse.php(43): EcclesiaCRM\APIControllers\CalendarEventV2Controller->manageEvent()
#4 /var/www/CRM/src/vendor/slim/slim/Slim/Routing/Route.php(384): Slim\Handlers\Strategies\RequestResponse->__invoke()
#5 /var/www/CRM/src/vendor/slim/slim/Slim/MiddlewareDispatcher.php(81): Slim\Routing\Route->handle()
#6 /var/www/CRM/src/vendor/slim/slim/Slim/MiddlewareDispatcher.php(81): Slim\MiddlewareDispatcher->handle()
#7 /var/www/CRM/src/vendor/slim/slim/Slim/Routing/Route.php(341): Slim\MiddlewareDispatcher->handle()
#8 /var/www/CRM/src/vendor/slim/slim/Slim/Routing/RouteRunner.php(84): Slim\Routing\Route->run()
#9 /var/www/CRM/src/EcclesiaCRM/Slim/Middleware/VersionMiddleware.php(17): Slim\Routing\RouteRunner->handle()
#10 /var/www/CRM/src/vendor/slim/slim/Slim/MiddlewareDispatcher.php(313): EcclesiaCRM\Slim\Middleware\VersionMiddleware->__invoke()
#11 /var/www/CRM/src/vendor/tuupola/slim-jwt-auth/src/JwtAuthentication.php(132): class@anonymous->handle()
#12 /var/www/CRM/src/vendor/slim/slim/Slim/MiddlewareDispatcher.php(147): Tuupola\Middleware\JwtAuthentication->process()
#13 /var/www/CRM/src/vendor/slim/slim/Slim/Middleware/ErrorMiddleware.php(107): class@anonymous->handle()
#14 /var/www/CRM/src/vendor/slim/slim/Slim/MiddlewareDispatcher.php(147): Slim\Middleware\ErrorMiddleware->process()
#15 /var/www/CRM/src/vendor/slim/slim/Slim/MiddlewareDispatcher.php(81): class@anonymous->handle()
#16 /var/www/CRM/src/vendor/slim/slim/Slim/App.php(215): Slim\MiddlewareDispatcher->handle()
#17 /var/www/CRM/src/vendor/slim/slim/Slim/App.php(199): Slim\App->handle()
#18 /var/www/CRM/src/api/index.php(135): Slim\App->run()
#19 {main}
[04-Jan-2022 20:42:18 Europe/Paris] Slim Application Error
Type: Sabre\VObject\Recur\NoInstancesException
Code: 0
Message: This recurrence rule does not generate any valid instances
File: /var/www/CRM/src/vendor/sabre/vobject/lib/Recur/EventIterator.php
Line: 192
Trace: #0 /var/www/CRM/src/EcclesiaCRM/sabre/VObjectExtract.php(135): Sabre\VObject\Recur\EventIterator->__construct()
#1 /var/www/CRM/src/EcclesiaCRM/sabre/CalDavPDO.php(780): EcclesiaCRM\MyPDO\VObjectExtract::calendarData()
#2 /var/www/CRM/src/EcclesiaCRM/APIControllers/CalendarEventV2Controller.php(787): EcclesiaCRM\MyPDO\CalDavPDO->updateCalendarObject()
#3 /var/www/CRM/src/vendor/slim/slim/Slim/Handlers/Strategies/RequestResponse.php(43): EcclesiaCRM\APIControllers\CalendarEventV2Controller->manageEvent()
#4 /var/www/CRM/src/vendor/slim/slim/Slim/Routing/Route.php(384): Slim\Handlers\Strategies\RequestResponse->__invoke()
#5 /var/www/CRM/src/vendor/slim/slim/Slim/MiddlewareDispatcher.php(81): Slim\Routing\Route->handle()
#6 /var/www/CRM/src/vendor/slim/slim/Slim/MiddlewareDispatcher.php(81): Slim\MiddlewareDispatcher->handle()
#7 /var/www/CRM/src/vendor/slim/slim/Slim/Routing/Route.php(341): Slim\MiddlewareDispatcher->handle()
#8 /var/www/CRM/src/vendor/slim/slim/Slim/Routing/RouteRunner.php(84): Slim\Routing\Route->run()
#9 /var/www/CRM/src/EcclesiaCRM/Slim/Middleware/VersionMiddleware.php(17): Slim\Routing\RouteRunner->handle()
#10 /var/www/CRM/src/vendor/slim/slim/Slim/MiddlewareDispatcher.php(313): EcclesiaCRM\Slim\Middleware\VersionMiddleware->__invoke()
#11 /var/www/CRM/src/vendor/tuupola/slim-jwt-auth/src/JwtAuthentication.php(132): class@anonymous->handle()
#12 /var/www/CRM/src/vendor/slim/slim/Slim/MiddlewareDispatcher.php(147): Tuupola\Middleware\JwtAuthentication->process()
#13 /var/www/CRM/src/vendor/slim/slim/Slim/Middleware/ErrorMiddleware.php(107): class@anonymous->handle()
#14 /var/www/CRM/src/vendor/slim/slim/Slim/MiddlewareDispatcher.php(147): Slim\Middleware\ErrorMiddleware->process()
#15 /var/www/CRM/src/vendor/slim/slim/Slim/MiddlewareDispatcher.php(81): class@anonymous->handle()
#16 /var/www/CRM/src/vendor/slim/slim/Slim/App.php(215): Slim\MiddlewareDispatcher->handle()
#17 /var/www/CRM/src/vendor/slim/slim/Slim/App.php(199): Slim\App->handle()
#18 /var/www/CRM/src/api/index.php(135): Slim\App->run()
#19 {main}
[04-Jan-2022 20:42:19 Europe/Paris] Slim Application Error
Type: Sabre\VObject\Recur\NoInstancesException
Code: 0
Message: This recurrence rule does not generate any valid instances
File: /var/www/CRM/src/vendor/sabre/vobject/lib/Recur/EventIterator.php
Line: 192
Trace: #0 /var/www/CRM/src/EcclesiaCRM/sabre/VObjectExtract.php(135): Sabre\VObject\Recur\EventIterator->__construct()
#1 /var/www/CRM/src/EcclesiaCRM/sabre/CalDavPDO.php(780): EcclesiaCRM\MyPDO\VObjectExtract::calendarData()
#2 /var/www/CRM/src/EcclesiaCRM/APIControllers/CalendarEventV2Controller.php(787): EcclesiaCRM\MyPDO\CalDavPDO->updateCalendarObject()
#3 /var/www/CRM/src/vendor/slim/slim/Slim/Handlers/Strategies/RequestResponse.php(43): EcclesiaCRM\APIControllers\CalendarEventV2Controller->manageEvent()
#4 /var/www/CRM/src/vendor/slim/slim/Slim/Routing/Route.php(384): Slim\Handlers\Strategies\RequestResponse->__invoke()
#5 /var/www/CRM/src/vendor/slim/slim/Slim/MiddlewareDispatcher.php(81): Slim\Routing\Route->handle()
#6 /var/www/CRM/src/vendor/slim/slim/Slim/MiddlewareDispatcher.php(81): Slim\MiddlewareDispatcher->handle()
#7 /var/www/CRM/src/vendor/slim/slim/Slim/Routing/Route.php(341): Slim\MiddlewareDispatcher->handle()
#8 /var/www/CRM/src/vendor/slim/slim/Slim/Routing/RouteRunner.php(84): Slim\Routing\Route->run()
#9 /var/www/CRM/src/EcclesiaCRM/Slim/Middleware/VersionMiddleware.php(17): Slim\Routing\RouteRunner->handle()
#10 /var/www/CRM/src/vendor/slim/slim/Slim/MiddlewareDispatcher.php(313): EcclesiaCRM\Slim\Middleware\VersionMiddleware->__invoke()
#11 /var/www/CRM/src/vendor/tuupola/slim-jwt-auth/src/JwtAuthentication.php(132): class@anonymous->handle()
#12 /var/www/CRM/src/vendor/slim/slim/Slim/MiddlewareDispatcher.php(147): Tuupola\Middleware\JwtAuthentication->process()
#13 /var/www/CRM/src/vendor/slim/slim/Slim/Middleware/ErrorMiddleware.php(107): class@anonymous->handle()
#14 /var/www/CRM/src/vendor/slim/slim/Slim/MiddlewareDispatcher.php(147): Slim\Middleware\ErrorMiddleware->process()
#15 /var/www/CRM/src/vendor/slim/slim/Slim/MiddlewareDispatcher.php(81): class@anonymous->handle()
#16 /var/www/CRM/src/vendor/slim/slim/Slim/App.php(215): Slim\MiddlewareDispatcher->handle()
#17 /var/www/CRM/src/vendor/slim/slim/Slim/App.php(199): Slim\App->handle()
#18 /var/www/CRM/src/api/index.php(135): Slim\App->run()
#19 {main}
[04-Jan-2022 20:42:27 Europe/Paris] Slim Application Error
Type: Sabre\VObject\Recur\NoInstancesException
Code: 0
Message: This recurrence rule does not generate any valid instances
File: /var/www/CRM/src/vendor/sabre/vobject/lib/Recur/EventIterator.php
Line: 192
Trace: #0 /var/www/CRM/src/EcclesiaCRM/sabre/VObjectExtract.php(135): Sabre\VObject\Recur\EventIterator->__construct()
#1 /var/www/CRM/src/EcclesiaCRM/sabre/CalDavPDO.php(780): EcclesiaCRM\MyPDO\VObjectExtract::calendarData()
#2 /var/www/CRM/src/EcclesiaCRM/APIControllers/CalendarEventV2Controller.php(787): EcclesiaCRM\MyPDO\CalDavPDO->updateCalendarObject()
#3 /var/www/CRM/src/vendor/slim/slim/Slim/Handlers/Strategies/RequestResponse.php(43): EcclesiaCRM\APIControllers\CalendarEventV2Controller->manageEvent()
#4 /var/www/CRM/src/vendor/slim/slim/Slim/Routing/Route.php(384): Slim\Handlers\Strategies\RequestResponse->__invoke()
#5 /var/www/CRM/src/vendor/slim/slim/Slim/MiddlewareDispatcher.php(81): Slim\Routing\Route->handle()
#6 /var/www/CRM/src/vendor/slim/slim/Slim/MiddlewareDispatcher.php(81): Slim\MiddlewareDispatcher->handle()
#7 /var/www/CRM/src/vendor/slim/slim/Slim/Routing/Route.php(341): Slim\MiddlewareDispatcher->handle()
#8 /var/www/CRM/src/vendor/slim/slim/Slim/Routing/RouteRunner.php(84): Slim\Routing\Route->run()
#9 /var/www/CRM/src/EcclesiaCRM/Slim/Middleware/VersionMiddleware.php(17): Slim\Routing\RouteRunner->handle()
#10 /var/www/CRM/src/vendor/slim/slim/Slim/MiddlewareDispatcher.php(313): EcclesiaCRM\Slim\Middleware\VersionMiddleware->__invoke()
#11 /var/www/CRM/src/vendor/tuupola/slim-jwt-auth/src/JwtAuthentication.php(132): class@anonymous->handle()
#12 /var/www/CRM/src/vendor/slim/slim/Slim/MiddlewareDispatcher.php(147): Tuupola\Middleware\JwtAuthentication->process()
#13 /var/www/CRM/src/vendor/slim/slim/Slim/Middleware/ErrorMiddleware.php(107): class@anonymous->handle()
#14 /var/www/CRM/src/vendor/slim/slim/Slim/MiddlewareDispatcher.php(147): Slim\Middleware\ErrorMiddleware->process()
#15 /var/www/CRM/src/vendor/slim/slim/Slim/MiddlewareDispatcher.php(81): class@anonymous->handle()
#16 /var/www/CRM/src/vendor/slim/slim/Slim/App.php(215): Slim\MiddlewareDispatcher->handle()
#17 /var/www/CRM/src/vendor/slim/slim/Slim/App.php(199): Slim\App->handle()
#18 /var/www/CRM/src/api/index.php(135): Slim\App->run()
#19 {main}
[04-Jan-2022 20:42:36 Europe/Paris] Slim Application Error
Type: Sabre\VObject\Recur\NoInstancesException
Code: 0
Message: This recurrence rule does not generate any valid instances
File: /var/www/CRM/src/vendor/sabre/vobject/lib/Recur/EventIterator.php
Line: 192
Trace: #0 /var/www/CRM/src/EcclesiaCRM/sabre/VObjectExtract.php(135): Sabre\VObject\Recur\EventIterator->__construct()
#1 /var/www/CRM/src/EcclesiaCRM/sabre/CalDavPDO.php(780): EcclesiaCRM\MyPDO\VObjectExtract::calendarData()
#2 /var/www/CRM/src/EcclesiaCRM/APIControllers/CalendarEventV2Controller.php(787): EcclesiaCRM\MyPDO\CalDavPDO->updateCalendarObject()
#3 /var/www/CRM/src/vendor/slim/slim/Slim/Handlers/Strategies/RequestResponse.php(43): EcclesiaCRM\APIControllers\CalendarEventV2Controller->manageEvent()
#4 /var/www/CRM/src/vendor/slim/slim/Slim/Routing/Route.php(384): Slim\Handlers\Strategies\RequestResponse->__invoke()
#5 /var/www/CRM/src/vendor/slim/slim/Slim/MiddlewareDispatcher.php(81): Slim\Routing\Route->handle()
#6 /var/www/CRM/src/vendor/slim/slim/Slim/MiddlewareDispatcher.php(81): Slim\MiddlewareDispatcher->handle()
#7 /var/www/CRM/src/vendor/slim/slim/Slim/Routing/Route.php(341): Slim\MiddlewareDispatcher->handle()
#8 /var/www/CRM/src/vendor/slim/slim/Slim/Routing/RouteRunner.php(84): Slim\Routing\Route->run()
#9 /var/www/CRM/src/EcclesiaCRM/Slim/Middleware/VersionMiddleware.php(17): Slim\Routing\RouteRunner->handle()
#10 /var/www/CRM/src/vendor/slim/slim/Slim/MiddlewareDispatcher.php(313): EcclesiaCRM\Slim\Middleware\VersionMiddleware->__invoke()
#11 /var/www/CRM/src/vendor/tuupola/slim-jwt-auth/src/JwtAuthentication.php(132): class@anonymous->handle()
#12 /var/www/CRM/src/vendor/slim/slim/Slim/MiddlewareDispatcher.php(147): Tuupola\Middleware\JwtAuthentication->process()
#13 /var/www/CRM/src/vendor/slim/slim/Slim/Middleware/ErrorMiddleware.php(107): class@anonymous->handle()
#14 /var/www/CRM/src/vendor/slim/slim/Slim/MiddlewareDispatcher.php(147): Slim\Middleware\ErrorMiddleware->process()
#15 /var/www/CRM/src/vendor/slim/slim/Slim/MiddlewareDispatcher.php(81): class@anonymous->handle()
#16 /var/www/CRM/src/vendor/slim/slim/Slim/App.php(215): Slim\MiddlewareDispatcher->handle()
#17 /var/www/CRM/src/vendor/slim/slim/Slim/App.php(199): Slim\App->handle()
#18 /var/www/CRM/src/api/index.php(135): Slim\App->run()
#19 {main}
[04-Jan-2022 20:42:37 Europe/Paris] Slim Application Error
Type: Sabre\VObject\Recur\NoInstancesException
Code: 0
Message: This recurrence rule does not generate any valid instances
File: /var/www/CRM/src/vendor/sabre/vobject/lib/Recur/EventIterator.php
Line: 192
Trace: #0 /var/www/CRM/src/EcclesiaCRM/sabre/VObjectExtract.php(135): Sabre\VObject\Recur\EventIterator->__construct()
#1 /var/www/CRM/src/EcclesiaCRM/sabre/CalDavPDO.php(780): EcclesiaCRM\MyPDO\VObjectExtract::calendarData()
#2 /var/www/CRM/src/EcclesiaCRM/APIControllers/CalendarEventV2Controller.php(787): EcclesiaCRM\MyPDO\CalDavPDO->updateCalendarObject()
#3 /var/www/CRM/src/vendor/slim/slim/Slim/Handlers/Strategies/RequestResponse.php(43): EcclesiaCRM\APIControllers\CalendarEventV2Controller->manageEvent()
#4 /var/www/CRM/src/vendor/slim/slim/Slim/Routing/Route.php(384): Slim\Handlers\Strategies\RequestResponse->__invoke()
#5 /var/www/CRM/src/vendor/slim/slim/Slim/MiddlewareDispatcher.php(81): Slim\Routing\Route->handle()
#6 /var/www/CRM/src/vendor/slim/slim/Slim/MiddlewareDispatcher.php(81): Slim\MiddlewareDispatcher->handle()
#7 /var/www/CRM/src/vendor/slim/slim/Slim/Routing/Route.php(341): Slim\MiddlewareDispatcher->handle()
#8 /var/www/CRM/src/vendor/slim/slim/Slim/Routing/RouteRunner.php(84): Slim\Routing\Route->run()
#9 /var/www/CRM/src/EcclesiaCRM/Slim/Middleware/VersionMiddleware.php(17): Slim\Routing\RouteRunner->handle()
#10 /var/www/CRM/src/vendor/slim/slim/Slim/MiddlewareDispatcher.php(313): EcclesiaCRM\Slim\Middleware\VersionMiddleware->__invoke()
#11 /var/www/CRM/src/vendor/tuupola/slim-jwt-auth/src/JwtAuthentication.php(132): class@anonymous->handle()
#12 /var/www/CRM/src/vendor/slim/slim/Slim/MiddlewareDispatcher.php(147): Tuupola\Middleware\JwtAuthentication->process()
#13 /var/www/CRM/src/vendor/slim/slim/Slim/Middleware/ErrorMiddleware.php(107): class@anonymous->handle()
#14 /var/www/CRM/src/vendor/slim/slim/Slim/MiddlewareDispatcher.php(147): Slim\Middleware\ErrorMiddleware->process()
#15 /var/www/CRM/src/vendor/slim/slim/Slim/MiddlewareDispatcher.php(81): class@anonymous->handle()
#16 /var/www/CRM/src/vendor/slim/slim/Slim/App.php(215): Slim\MiddlewareDispatcher->handle()
#17 /var/www/CRM/src/vendor/slim/slim/Slim/App.php(199): Slim\App->handle()
#18 /var/www/CRM/src/api/index.php(135): Slim\App->run()
#19 {main}
[04-Jan-2022 20:42:37 Europe/Paris] Slim Application Error
Type: Sabre\VObject\Recur\NoInstancesException
Code: 0
Message: This recurrence rule does not generate any valid instances
File: /var/www/CRM/src/vendor/sabre/vobject/lib/Recur/EventIterator.php
Line: 192
Trace: #0 /var/www/CRM/src/EcclesiaCRM/sabre/VObjectExtract.php(135): Sabre\VObject\Recur\EventIterator->__construct()
#1 /var/www/CRM/src/EcclesiaCRM/sabre/CalDavPDO.php(780): EcclesiaCRM\MyPDO\VObjectExtract::calendarData()
#2 /var/www/CRM/src/EcclesiaCRM/APIControllers/CalendarEventV2Controller.php(787): EcclesiaCRM\MyPDO\CalDavPDO->updateCalendarObject()
#3 /var/www/CRM/src/vendor/slim/slim/Slim/Handlers/Strategies/RequestResponse.php(43): EcclesiaCRM\APIControllers\CalendarEventV2Controller->manageEvent()
#4 /var/www/CRM/src/vendor/slim/slim/Slim/Routing/Route.php(384): Slim\Handlers\Strategies\RequestResponse->__invoke()
#5 /var/www/CRM/src/vendor/slim/slim/Slim/MiddlewareDispatcher.php(81): Slim\Routing\Route->handle()
#6 /var/www/CRM/src/vendor/slim/slim/Slim/MiddlewareDispatcher.php(81): Slim\MiddlewareDispatcher->handle()
#7 /var/www/CRM/src/vendor/slim/slim/Slim/Routing/Route.php(341): Slim\MiddlewareDispatcher->handle()
#8 /var/www/CRM/src/vendor/slim/slim/Slim/Routing/RouteRunner.php(84): Slim\Routing\Route->run()
#9 /var/www/CRM/src/EcclesiaCRM/Slim/Middleware/VersionMiddleware.php(17): Slim\Routing\RouteRunner->handle()
#10 /var/www/CRM/src/vendor/slim/slim/Slim/MiddlewareDispatcher.php(313): EcclesiaCRM\Slim\Middleware\VersionMiddleware->__invoke()
#11 /var/www/CRM/src/vendor/tuupola/slim-jwt-auth/src/JwtAuthentication.php(132): class@anonymous->handle()
#12 /var/www/CRM/src/vendor/slim/slim/Slim/MiddlewareDispatcher.php(147): Tuupola\Middleware\JwtAuthentication->process()
#13 /var/www/CRM/src/vendor/slim/slim/Slim/Middleware/ErrorMiddleware.php(107): class@anonymous->handle()
#14 /var/www/CRM/src/vendor/slim/slim/Slim/MiddlewareDispatcher.php(147): Slim\Middleware\ErrorMiddleware->process()
#15 /var/www/CRM/src/vendor/slim/slim/Slim/MiddlewareDispatcher.php(81): class@anonymous->handle()
#16 /var/www/CRM/src/vendor/slim/slim/Slim/App.php(215): Slim\MiddlewareDispatcher->handle()
#17 /var/www/CRM/src/vendor/slim/slim/Slim/App.php(199): Slim\App->handle()
#18 /var/www/CRM/src/api/index.php(135): Slim\App->run()
#19 {main}
[04-Jan-2022 20:42:37 Europe/Paris] Slim Application Error
Type: Sabre\VObject\Recur\NoInstancesException
Code: 0
Message: This recurrence rule does not generate any valid instances
File: /var/www/CRM/src/vendor/sabre/vobject/lib/Recur/EventIterator.php
Line: 192
Trace: #0 /var/www/CRM/src/EcclesiaCRM/sabre/VObjectExtract.php(135): Sabre\VObject\Recur\EventIterator->__construct()
#1 /var/www/CRM/src/EcclesiaCRM/sabre/CalDavPDO.php(780): EcclesiaCRM\MyPDO\VObjectExtract::calendarData()
#2 /var/www/CRM/src/EcclesiaCRM/APIControllers/CalendarEventV2Controller.php(787): EcclesiaCRM\MyPDO\CalDavPDO->updateCalendarObject()
#3 /var/www/CRM/src/vendor/slim/slim/Slim/Handlers/Strategies/RequestResponse.php(43): EcclesiaCRM\APIControllers\CalendarEventV2Controller->manageEvent()
#4 /var/www/CRM/src/vendor/slim/slim/Slim/Routing/Route.php(384): Slim\Handlers\Strategies\RequestResponse->__invoke()
#5 /var/www/CRM/src/vendor/slim/slim/Slim/MiddlewareDispatcher.php(81): Slim\Routing\Route->handle()
#6 /var/www/CRM/src/vendor/slim/slim/Slim/MiddlewareDispatcher.php(81): Slim\MiddlewareDispatcher->handle()
#7 /var/www/CRM/src/vendor/slim/slim/Slim/Routing/Route.php(341): Slim\MiddlewareDispatcher->handle()
#8 /var/www/CRM/src/vendor/slim/slim/Slim/Routing/RouteRunner.php(84): Slim\Routing\Route->run()
#9 /var/www/CRM/src/EcclesiaCRM/Slim/Middleware/VersionMiddleware.php(17): Slim\Routing\RouteRunner->handle()
#10 /var/www/CRM/src/vendor/slim/slim/Slim/MiddlewareDispatcher.php(313): EcclesiaCRM\Slim\Middleware\VersionMiddleware->__invoke()
#11 /var/www/CRM/src/vendor/tuupola/slim-jwt-auth/src/JwtAuthentication.php(132): class@anonymous->handle()
#12 /var/www/CRM/src/vendor/slim/slim/Slim/MiddlewareDispatcher.php(147): Tuupola\Middleware\JwtAuthentication->process()
#13 /var/www/CRM/src/vendor/slim/slim/Slim/Middleware/ErrorMiddleware.php(107): class@anonymous->handle()
#14 /var/www/CRM/src/vendor/slim/slim/Slim/MiddlewareDispatcher.php(147): Slim\Middleware\ErrorMiddleware->process()
#15 /var/www/CRM/src/vendor/slim/slim/Slim/MiddlewareDispatcher.php(81): class@anonymous->handle()
#16 /var/www/CRM/src/vendor/slim/slim/Slim/App.php(215): Slim\MiddlewareDispatcher->handle()
#17 /var/www/CRM/src/vendor/slim/slim/Slim/App.php(199): Slim\App->handle()
#18 /var/www/CRM/src/api/index.php(135): Slim\App->run()
#19 {main}
