[2022-02-07 18:00:14] defaultLogger.INFO: string : /Plugins/MeetingJitsi/setting.json [] []
[2022-02-07 18:00:16] defaultLogger.INFO: Plugin : ../Plugins/MeetingJitsi/api/plgnapi.php [] []
[2022-02-07 18:00:17] defaultLogger.INFO: Plugin : ../Plugins/MeetingJitsi/api/plgnapi.php [] []
[2022-02-07 18:00:17] defaultLogger.INFO: Plugin : ../Plugins/MeetingJitsi/api/plgnapi.php [] []
[2022-02-07 18:00:17] defaultLogger.INFO: Plugin : ../Plugins/MeetingJitsi/api/plgnapi.php [] []
[2022-02-07 18:00:17] defaultLogger.INFO: Plugin : ../Plugins/MeetingJitsi/api/plgnapi.php [] []
[2022-02-07 18:00:17] defaultLogger.INFO: Plugin : ../Plugins/MeetingJitsi/api/plgnapi.php [] []
[2022-02-07 18:01:09] defaultLogger.INFO: string : /var/www/CRM/src/EcclesiaCRM/MenuBar/Plugins/MeetingJitsi/setting.json [] []
[2022-02-07 18:01:10] defaultLogger.INFO: Plugin : ../Plugins/MeetingJitsi/api/plgnapi.php [] []
[2022-02-07 18:01:10] defaultLogger.INFO: Plugin : ../Plugins/MeetingJitsi/api/plgnapi.php [] []
[2022-02-07 18:01:11] defaultLogger.INFO: Plugin : ../Plugins/MeetingJitsi/api/plgnapi.php [] []
[2022-02-07 18:01:11] defaultLogger.INFO: Plugin : ../Plugins/MeetingJitsi/api/plgnapi.php [] []
[2022-02-07 18:01:11] defaultLogger.INFO: Plugin : ../Plugins/MeetingJitsi/api/plgnapi.php [] []
[2022-02-07 18:01:11] defaultLogger.INFO: Plugin : ../Plugins/MeetingJitsi/api/plgnapi.php [] []
[2022-02-07 18:01:11] defaultLogger.INFO: Plugin : ../Plugins/MeetingJitsi/api/plgnapi.php [] []
[2022-02-07 18:01:35] defaultLogger.INFO: string : /var/www/CRM/src/EcclesiaCRM/MenuBar/Plugins/MeetingJitsi/setting.json [] []
[2022-02-07 18:01:36] defaultLogger.INFO: Plugin : ../Plugins/MeetingJitsi/api/plgnapi.php [] []
[2022-02-07 18:01:37] defaultLogger.INFO: Plugin : ../Plugins/MeetingJitsi/api/plgnapi.php [] []
[2022-02-07 18:01:37] defaultLogger.INFO: Plugin : ../Plugins/MeetingJitsi/api/plgnapi.php [] []
[2022-02-07 18:01:37] defaultLogger.INFO: Plugin : ../Plugins/MeetingJitsi/api/plgnapi.php [] []
[2022-02-07 18:01:37] defaultLogger.INFO: Plugin : ../Plugins/MeetingJitsi/api/plgnapi.php [] []
[2022-02-07 18:01:37] defaultLogger.INFO: Plugin : ../Plugins/MeetingJitsi/api/plgnapi.php [] []
[2022-02-07 18:01:38] defaultLogger.INFO: Plugin : ../Plugins/MeetingJitsi/api/plgnapi.php [] []
[2022-02-07 18:01:38] defaultLogger.INFO: Template path : /var/www/CRM/src/Plugins/MeetingJitsi/VIEWControllers/../v2/templates/ [] []
[2022-02-07 18:01:38] defaultLogger.INFO: string : /var/www/CRM/src/EcclesiaCRM/MenuBar/Plugins/MeetingJitsi/setting.json [] []
[2022-02-07 18:01:40] defaultLogger.INFO: Plugin : ../Plugins/MeetingJitsi/api/plgnapi.php [] []
[2022-02-07 18:01:40] defaultLogger.INFO: Plugin : ../Plugins/MeetingJitsi/api/plgnapi.php [] []
[2022-02-07 18:01:41] defaultLogger.INFO: Plugin : ../Plugins/MeetingJitsi/api/plgnapi.php [] []
[2022-02-07 18:01:41] defaultLogger.INFO: Plugin : ../Plugins/MeetingJitsi/api/plgnapi.php [] []
[2022-02-07 18:01:41] defaultLogger.INFO: Plugin : ../Plugins/MeetingJitsi/api/plgnapi.php [] []
[2022-02-07 18:01:42] defaultLogger.INFO: Plugin : ../Plugins/MeetingJitsi/api/plgnapi.php [] []
[2022-02-07 18:02:43] defaultLogger.INFO: Plugin : ../Plugins/MeetingJitsi/api/plgnapi.php [] []
[2022-02-07 18:03:40] defaultLogger.INFO: Plugin : ../Plugins/MeetingJitsi/api/plgnapi.php [] []
[2022-02-07 18:03:47] defaultLogger.INFO: Plugin : ../Plugins/MeetingJitsi/api/plgnapi.php [] []
[2022-02-07 18:04:41] defaultLogger.INFO: Plugin : ../Plugins/MeetingJitsi/api/plgnapi.php [] []
[2022-02-07 18:05:37] defaultLogger.INFO: Plugin : ../Plugins/MeetingJitsi/api/plgnapi.php [] []
[2022-02-07 18:05:42] defaultLogger.INFO: Template path : /var/www/CRM/src/Plugins/MeetingJitsi/VIEWControllers/../v2/templates/ [] []
[2022-02-07 18:05:44] defaultLogger.INFO: Plugin : ../Plugins/MeetingJitsi/api/plgnapi.php [] []
[2022-02-07 18:05:45] defaultLogger.INFO: Plugin : ../Plugins/MeetingJitsi/api/plgnapi.php [] []
[2022-02-07 18:05:45] defaultLogger.INFO: Plugin : ../Plugins/MeetingJitsi/api/plgnapi.php [] []
[2022-02-07 18:05:45] defaultLogger.INFO: Plugin : ../Plugins/MeetingJitsi/api/plgnapi.php [] []
[2022-02-07 18:05:45] defaultLogger.INFO: Plugin : ../Plugins/MeetingJitsi/api/plgnapi.php [] []
[2022-02-07 18:05:45] defaultLogger.INFO: Plugin : ../Plugins/MeetingJitsi/api/plgnapi.php [] []
[2022-02-07 18:05:48] defaultLogger.INFO: Plugin : ../Plugins/MeetingJitsi/api/plgnapi.php [] []
[2022-02-07 18:05:48] defaultLogger.INFO: Plugin : ../Plugins/MeetingJitsi/api/plgnapi.php [] []
[2022-02-07 18:05:48] defaultLogger.INFO: Plugin : ../Plugins/MeetingJitsi/api/plgnapi.php [] []
[2022-02-07 18:05:48] defaultLogger.INFO: Plugin : ../Plugins/MeetingJitsi/api/plgnapi.php [] []
[2022-02-07 18:05:48] defaultLogger.INFO: Plugin : ../Plugins/MeetingJitsi/api/plgnapi.php [] []
[2022-02-07 18:05:48] defaultLogger.INFO: Plugin : ../Plugins/MeetingJitsi/api/plgnapi.php [] []
[2022-02-07 18:05:48] defaultLogger.INFO: Plugin : ../Plugins/MeetingJitsi/api/plgnapi.php [] []
[2022-02-07 18:05:50] defaultLogger.INFO: Plugin : ../Plugins/MeetingJitsi/api/plgnapi.php [] []
[2022-02-07 18:05:53] defaultLogger.INFO: Plugin : ../Plugins/MeetingJitsi/api/plgnapi.php [] []
[2022-02-07 18:05:54] defaultLogger.INFO: Plugin : ../Plugins/MeetingJitsi/api/plgnapi.php [] []
[2022-02-07 18:05:54] defaultLogger.INFO: Plugin : ../Plugins/MeetingJitsi/api/plgnapi.php [] []
[2022-02-07 18:05:54] defaultLogger.INFO: Plugin : ../Plugins/MeetingJitsi/api/plgnapi.php [] []
[2022-02-07 18:05:54] defaultLogger.INFO: Plugin : ../Plugins/MeetingJitsi/api/plgnapi.php [] []
[2022-02-07 18:05:54] defaultLogger.INFO: Plugin : ../Plugins/MeetingJitsi/api/plgnapi.php [] []
[2022-02-07 18:05:54] defaultLogger.INFO: Plugin : ../Plugins/MeetingJitsi/api/plgnapi.php [] []
[2022-02-07 18:05:55] defaultLogger.INFO: Plugin : ../Plugins/MeetingJitsi/api/plgnapi.php [] []
[2022-02-07 18:05:55] defaultLogger.INFO: Plugin : ../Plugins/MeetingJitsi/api/plgnapi.php [] []
[2022-02-07 18:05:55] defaultLogger.INFO: Plugin : ../Plugins/MeetingJitsi/api/plgnapi.php [] []
[2022-02-07 18:05:59] defaultLogger.INFO: Plugin : ../Plugins/MeetingJitsi/api/plgnapi.php [] []
[2022-02-07 18:05:59] defaultLogger.INFO: Plugin : ../Plugins/MeetingJitsi/api/plgnapi.php [] []
[2022-02-07 18:06:00] defaultLogger.INFO: Plugin : ../Plugins/MeetingJitsi/api/plgnapi.php [] []
[2022-02-07 18:06:00] defaultLogger.INFO: Plugin : ../Plugins/MeetingJitsi/api/plgnapi.php [] []
[2022-02-07 18:06:00] defaultLogger.INFO: Plugin : ../Plugins/MeetingJitsi/api/plgnapi.php [] []
[2022-02-07 18:06:00] defaultLogger.INFO: Plugin : ../Plugins/MeetingJitsi/api/plgnapi.php [] []
[2022-02-07 18:06:00] defaultLogger.INFO: Plugin : ../Plugins/MeetingJitsi/api/plgnapi.php [] []
[2022-02-07 18:07:08] defaultLogger.INFO: Plugin : ../Plugins/MeetingJitsi/api/plgnapi.php [] []
[2022-02-07 18:07:13] defaultLogger.INFO: Plugin : ../Plugins/MeetingJitsi/api/plgnapi.php [] []
[2022-02-07 18:07:13] defaultLogger.INFO: Plugin : ../Plugins/MeetingJitsi/api/plgnapi.php [] []
[2022-02-07 18:07:13] defaultLogger.INFO: Plugin : ../Plugins/MeetingJitsi/api/plgnapi.php [] []
[2022-02-07 18:07:13] defaultLogger.INFO: Plugin : ../Plugins/MeetingJitsi/api/plgnapi.php [] []
[2022-02-07 18:07:13] defaultLogger.INFO: Plugin : ../Plugins/MeetingJitsi/api/plgnapi.php [] []
[2022-02-07 18:07:13] defaultLogger.INFO: Plugin : ../Plugins/MeetingJitsi/api/plgnapi.php [] []
[2022-02-07 18:07:15] defaultLogger.INFO: Plugin : ../Plugins/MeetingJitsi/api/plgnapi.php [] []
[2022-02-07 18:07:15] defaultLogger.INFO: Plugin : ../Plugins/MeetingJitsi/api/plgnapi.php [] []
[2022-02-07 18:07:15] defaultLogger.INFO: Plugin : ../Plugins/MeetingJitsi/api/plgnapi.php [] []
[2022-02-07 18:07:16] defaultLogger.INFO: Plugin : ../Plugins/MeetingJitsi/api/plgnapi.php [] []
[2022-02-07 18:07:16] defaultLogger.INFO: Plugin : ../Plugins/MeetingJitsi/api/plgnapi.php [] []
[2022-02-07 18:07:16] defaultLogger.INFO: Plugin : ../Plugins/MeetingJitsi/api/plgnapi.php [] []
[2022-02-07 18:07:16] defaultLogger.INFO: Plugin : ../Plugins/MeetingJitsi/api/plgnapi.php [] []
[2022-02-07 18:07:16] defaultLogger.INFO: Plugin : ../Plugins/MeetingJitsi/api/plgnapi.php [] []
[2022-02-07 18:07:16] defaultLogger.INFO: Plugin : ../Plugins/MeetingJitsi/api/plgnapi.php [] []
[2022-02-07 18:07:16] defaultLogger.INFO: Plugin : ../Plugins/MeetingJitsi/api/plgnapi.php [] []
[2022-02-07 18:07:16] defaultLogger.INFO: Plugin : ../Plugins/MeetingJitsi/api/plgnapi.php [] []
[2022-02-07 18:07:16] defaultLogger.INFO: Plugin : ../Plugins/MeetingJitsi/api/plgnapi.php [] []
[2022-02-07 18:07:16] defaultLogger.INFO: Plugin : ../Plugins/MeetingJitsi/api/plgnapi.php [] []
[2022-02-07 18:07:17] defaultLogger.INFO: Template path : /var/www/CRM/src/Plugins/MeetingJitsi/VIEWControllers/../v2/templates/ [] []
[2022-02-07 18:07:18] defaultLogger.INFO: Plugin : ../Plugins/MeetingJitsi/api/plgnapi.php [] []
[2022-02-07 18:07:18] defaultLogger.INFO: Plugin : ../Plugins/MeetingJitsi/api/plgnapi.php [] []
[2022-02-07 18:07:18] defaultLogger.INFO: Plugin : ../Plugins/MeetingJitsi/api/plgnapi.php [] []
[2022-02-07 18:07:19] defaultLogger.INFO: Plugin : ../Plugins/MeetingJitsi/api/plgnapi.php [] []
[2022-02-07 18:07:19] defaultLogger.INFO: Plugin : ../Plugins/MeetingJitsi/api/plgnapi.php [] []
[2022-02-07 18:07:25] defaultLogger.INFO: Plugin : ../Plugins/MeetingJitsi/api/plgnapi.php [] []
[2022-02-07 18:07:25] defaultLogger.INFO: Template path : /var/www/CRM/src/Plugins/MeetingJitsi/VIEWControllers/../v2/templates/ [] []
[2022-02-07 18:07:27] defaultLogger.INFO: Plugin : ../Plugins/MeetingJitsi/api/plgnapi.php [] []
[2022-02-07 18:07:27] defaultLogger.WARNING: {     "csp-report": {         "document-uri": "https:\/\/dev.ecclesiacrm.com\/v2\/meeting\/dashboard",         "referrer": "https:\/\/dev.ecclesiacrm.com\/v2\/meeting\/dashboard",         "violated-directive": "frame-src",         "effective-directive": "frame-src",         "original-policy": "default-src 'self';script-src 'self' 'unsafe-eval' 'nonce-wgEhn0E9HOtcnUMPr\/iwAA==' sidecar.gitter.im browser-update.org maps.googleapis.com www.bing.com  dev.virtualearth.net t.ssl.ak.dynamic.tiles.virtualearth.net cdnjs.cloudflare.com meet.jit.si;object-src 'self' 'nonce-wgEhn0E9HOtcnUMPr\/iwAA==';style-src 'self' 'unsafe-inline' fonts.googleapis.com www.bing.com;img-src 'self' 'nonce-wgEhn0E9HOtcnUMPr\/iwAA==' www.google.com d maps.gstatic.com maps.googleapis.com a.tile.openstreetmap.org b.tile.openstreetmap.org c.tile.openstreetmap.org www.bing.com t.ssl.ak.dynamic.tiles.virtualearth.net data:;media-src 'self';frame-src 'self' www.youtube.com;font-src 'self' fonts.gstatic.com;connect-src 'self' www.bing.com  nominatim.openstreetmap.org;report-uri https:\/\/dev.ecclesiacrm.com\/api\/system\/csp-report",         "disposition": "report",         "blocked-uri": "https:\/\/meet.jit.si",         "status-code": 200,         "script-sample": ""     } } [] []
[2022-02-07 18:07:27] defaultLogger.INFO: Plugin : ../Plugins/MeetingJitsi/api/plgnapi.php [] []
[2022-02-07 18:07:27] defaultLogger.INFO: Plugin : ../Plugins/MeetingJitsi/api/plgnapi.php [] []
[2022-02-07 18:07:27] defaultLogger.INFO: Plugin : ../Plugins/MeetingJitsi/api/plgnapi.php [] []
[2022-02-07 18:07:27] defaultLogger.INFO: Plugin : ../Plugins/MeetingJitsi/api/plgnapi.php [] []
[2022-02-07 18:07:27] defaultLogger.INFO: Plugin : ../Plugins/MeetingJitsi/api/plgnapi.php [] []
[2022-02-07 18:07:31] defaultLogger.INFO: Plugin : ../Plugins/MeetingJitsi/api/plgnapi.php [] []
[2022-02-07 18:07:37] defaultLogger.INFO: Plugin : ../Plugins/MeetingJitsi/api/plgnapi.php [] []
[2022-02-07 18:07:37] defaultLogger.INFO: Template path : /var/www/CRM/src/Plugins/MeetingJitsi/VIEWControllers/../v2/templates/ [] []
[2022-02-07 18:07:39] defaultLogger.INFO: Plugin : ../Plugins/MeetingJitsi/api/plgnapi.php [] []
[2022-02-07 18:07:39] defaultLogger.WARNING: {     "csp-report": {         "document-uri": "https:\/\/dev.ecclesiacrm.com\/v2\/meeting\/dashboard",         "referrer": "https:\/\/dev.ecclesiacrm.com\/v2\/meeting\/dashboard",         "violated-directive": "frame-src",         "effective-directive": "frame-src",         "original-policy": "default-src 'self';script-src 'self' 'unsafe-eval' 'nonce-MuBZoXKTK\/+l5q4xKpAgkw==' sidecar.gitter.im browser-update.org maps.googleapis.com www.bing.com  dev.virtualearth.net t.ssl.ak.dynamic.tiles.virtualearth.net cdnjs.cloudflare.com meet.jit.si;object-src 'self' 'nonce-MuBZoXKTK\/+l5q4xKpAgkw==';style-src 'self' 'unsafe-inline' fonts.googleapis.com www.bing.com;img-src 'self' 'nonce-MuBZoXKTK\/+l5q4xKpAgkw==' www.google.com d maps.gstatic.com maps.googleapis.com a.tile.openstreetmap.org b.tile.openstreetmap.org c.tile.openstreetmap.org www.bing.com t.ssl.ak.dynamic.tiles.virtualearth.net data:;media-src 'self';frame-src 'self' www.youtube.com;font-src 'self' fonts.gstatic.com;connect-src 'self' www.bing.com  nominatim.openstreetmap.org;report-uri https:\/\/dev.ecclesiacrm.com\/api\/system\/csp-report",         "disposition": "report",         "blocked-uri": "https:\/\/meet.jit.si",         "status-code": 200,         "script-sample": ""     } } [] []
[2022-02-07 18:07:39] defaultLogger.INFO: Plugin : ../Plugins/MeetingJitsi/api/plgnapi.php [] []
[2022-02-07 18:07:39] defaultLogger.INFO: Plugin : ../Plugins/MeetingJitsi/api/plgnapi.php [] []
[2022-02-07 18:07:39] defaultLogger.INFO: Plugin : ../Plugins/MeetingJitsi/api/plgnapi.php [] []
[2022-02-07 18:07:39] defaultLogger.INFO: Plugin : ../Plugins/MeetingJitsi/api/plgnapi.php [] []
[2022-02-07 18:07:39] defaultLogger.INFO: Plugin : ../Plugins/MeetingJitsi/api/plgnapi.php [] []
[2022-02-07 18:07:40] defaultLogger.INFO: Plugin : ../Plugins/MeetingJitsi/api/plgnapi.php [] []
[2022-02-07 18:07:42] defaultLogger.INFO: Plugin : ../Plugins/MeetingJitsi/api/plgnapi.php [] []
[2022-02-07 18:07:42] defaultLogger.INFO: Template path : /var/www/CRM/src/Plugins/MeetingJitsi/VIEWControllers/../v2/templates/ [] []
[2022-02-07 18:07:44] defaultLogger.INFO: Plugin : ../Plugins/MeetingJitsi/api/plgnapi.php [] []
[2022-02-07 18:07:44] defaultLogger.WARNING: {     "csp-report": {         "document-uri": "https:\/\/dev.ecclesiacrm.com\/v2\/meeting\/dashboard",         "referrer": "https:\/\/dev.ecclesiacrm.com\/v2\/meeting\/dashboard",         "violated-directive": "frame-src",         "effective-directive": "frame-src",         "original-policy": "default-src 'self';script-src 'self' 'unsafe-eval' 'nonce-qH1UJA2CuzoHfzMCedgdaw==' sidecar.gitter.im browser-update.org maps.googleapis.com www.bing.com  dev.virtualearth.net t.ssl.ak.dynamic.tiles.virtualearth.net cdnjs.cloudflare.com meet.jit.si;object-src 'self' 'nonce-qH1UJA2CuzoHfzMCedgdaw==';style-src 'self' 'unsafe-inline' fonts.googleapis.com www.bing.com;img-src 'self' 'nonce-qH1UJA2CuzoHfzMCedgdaw==' www.google.com d maps.gstatic.com maps.googleapis.com a.tile.openstreetmap.org b.tile.openstreetmap.org c.tile.openstreetmap.org www.bing.com t.ssl.ak.dynamic.tiles.virtualearth.net data:;media-src 'self';frame-src 'self' www.youtube.com;font-src 'self' fonts.gstatic.com;connect-src 'self' www.bing.com  nominatim.openstreetmap.org;report-uri https:\/\/dev.ecclesiacrm.com\/api\/system\/csp-report",         "disposition": "report",         "blocked-uri": "https:\/\/meet.jit.si",         "status-code": 200,         "script-sample": ""     } } [] []
[2022-02-07 18:07:44] defaultLogger.INFO: Plugin : ../Plugins/MeetingJitsi/api/plgnapi.php [] []
[2022-02-07 18:07:44] defaultLogger.INFO: Plugin : ../Plugins/MeetingJitsi/api/plgnapi.php [] []
[2022-02-07 18:07:44] defaultLogger.INFO: Plugin : ../Plugins/MeetingJitsi/api/plgnapi.php [] []
[2022-02-07 18:07:44] defaultLogger.INFO: Plugin : ../Plugins/MeetingJitsi/api/plgnapi.php [] []
[2022-02-07 18:07:44] defaultLogger.INFO: Plugin : ../Plugins/MeetingJitsi/api/plgnapi.php [] []
[2022-02-07 18:07:48] defaultLogger.INFO: Plugin : ../Plugins/MeetingJitsi/api/plgnapi.php [] []
[2022-02-07 18:07:50] defaultLogger.INFO: Plugin : ../Plugins/MeetingJitsi/api/plgnapi.php [] []
[2022-02-07 18:07:50] defaultLogger.INFO: Plugin : ../Plugins/MeetingJitsi/api/plgnapi.php [] []
[2022-02-07 18:07:50] defaultLogger.INFO: Plugin : ../Plugins/MeetingJitsi/api/plgnapi.php [] []
[2022-02-07 18:07:50] defaultLogger.INFO: Plugin : ../Plugins/MeetingJitsi/api/plgnapi.php [] []
[2022-02-07 18:07:50] defaultLogger.INFO: Plugin : ../Plugins/MeetingJitsi/api/plgnapi.php [] []
[2022-02-07 18:07:50] defaultLogger.INFO: Plugin : ../Plugins/MeetingJitsi/api/plgnapi.php [] []
[2022-02-07 18:07:53] defaultLogger.INFO: Plugin : ../Plugins/MeetingJitsi/api/plgnapi.php [] []
[2022-02-07 18:07:53] defaultLogger.INFO: Plugin : ../Plugins/MeetingJitsi/api/plgnapi.php [] []
[2022-02-07 18:07:53] defaultLogger.INFO: Plugin : ../Plugins/MeetingJitsi/api/plgnapi.php [] []
[2022-02-07 18:07:53] defaultLogger.INFO: Plugin : ../Plugins/MeetingJitsi/api/plgnapi.php [] []
[2022-02-07 18:07:54] defaultLogger.INFO: Plugin : ../Plugins/MeetingJitsi/api/plgnapi.php [] []
[2022-02-07 18:07:57] defaultLogger.INFO: Plugin : ../Plugins/MeetingJitsi/api/plgnapi.php [] []
[2022-02-07 18:07:57] defaultLogger.INFO: Plugin : ../Plugins/MeetingJitsi/api/plgnapi.php [] []
[2022-02-07 18:07:57] defaultLogger.INFO: Plugin : ../Plugins/MeetingJitsi/api/plgnapi.php [] []
[2022-02-07 18:07:57] defaultLogger.INFO: Plugin : ../Plugins/MeetingJitsi/api/plgnapi.php [] []
[2022-02-07 18:07:57] defaultLogger.INFO: Plugin : ../Plugins/MeetingJitsi/api/plgnapi.php [] []
[2022-02-07 18:07:57] defaultLogger.INFO: Plugin : ../Plugins/MeetingJitsi/api/plgnapi.php [] []
[2022-02-07 18:07:57] defaultLogger.INFO: Plugin : ../Plugins/MeetingJitsi/api/plgnapi.php [] []
[2022-02-07 18:07:57] defaultLogger.INFO: Plugin : ../Plugins/MeetingJitsi/api/plgnapi.php [] []
[2022-02-07 18:07:57] defaultLogger.INFO: Plugin : ../Plugins/MeetingJitsi/api/plgnapi.php [] []
[2022-02-07 18:07:57] defaultLogger.INFO: Plugin : ../Plugins/MeetingJitsi/api/plgnapi.php [] []
[2022-02-07 18:07:58] defaultLogger.INFO: Plugin : ../Plugins/MeetingJitsi/api/plgnapi.php [] []
[2022-02-07 18:07:58] defaultLogger.INFO: Plugin : ../Plugins/MeetingJitsi/api/plgnapi.php [] []
[2022-02-07 18:07:58] defaultLogger.INFO: Plugin : ../Plugins/MeetingJitsi/api/plgnapi.php [] []
[2022-02-07 18:07:58] defaultLogger.INFO: Plugin : ../Plugins/MeetingJitsi/api/plgnapi.php [] []
[2022-02-07 18:07:58] defaultLogger.INFO: Plugin : ../Plugins/MeetingJitsi/api/plgnapi.php [] []
[2022-02-07 18:07:58] defaultLogger.INFO: Plugin : ../Plugins/MeetingJitsi/api/plgnapi.php [] []
[2022-02-07 18:07:58] defaultLogger.INFO: Plugin : ../Plugins/MeetingJitsi/api/plgnapi.php [] []
[2022-02-07 18:07:58] defaultLogger.INFO: Plugin : ../Plugins/MeetingJitsi/api/plgnapi.php [] []
[2022-02-07 18:07:58] defaultLogger.INFO: Plugin : ../Plugins/MeetingJitsi/api/plgnapi.php [] []
[2022-02-07 18:07:58] defaultLogger.INFO: Plugin : ../Plugins/MeetingJitsi/api/plgnapi.php [] []
[2022-02-07 18:07:58] defaultLogger.INFO: Plugin : ../Plugins/MeetingJitsi/api/plgnapi.php [] []
[2022-02-07 18:07:58] defaultLogger.INFO: Plugin : ../Plugins/MeetingJitsi/api/plgnapi.php [] []
[2022-02-07 18:07:58] defaultLogger.INFO: Plugin : ../Plugins/MeetingJitsi/api/plgnapi.php [] []
[2022-02-07 18:07:58] defaultLogger.INFO: Plugin : ../Plugins/MeetingJitsi/api/plgnapi.php [] []
[2022-02-07 18:07:58] defaultLogger.INFO: Plugin : ../Plugins/MeetingJitsi/api/plgnapi.php [] []
[2022-02-07 18:07:58] defaultLogger.INFO: Plugin : ../Plugins/MeetingJitsi/api/plgnapi.php [] []
[2022-02-07 18:08:03] defaultLogger.INFO: Plugin : ../Plugins/MeetingJitsi/api/plgnapi.php [] []
[2022-02-07 18:08:04] defaultLogger.INFO: Plugin : ../Plugins/MeetingJitsi/api/plgnapi.php [] []
[2022-02-07 18:08:04] defaultLogger.INFO: Plugin : ../Plugins/MeetingJitsi/api/plgnapi.php [] []
[2022-02-07 18:08:04] defaultLogger.INFO: Plugin : ../Plugins/MeetingJitsi/api/plgnapi.php [] []
[2022-02-07 18:08:04] defaultLogger.INFO: Plugin : ../Plugins/MeetingJitsi/api/plgnapi.php [] []
[2022-02-07 18:08:04] defaultLogger.INFO: Plugin : ../Plugins/MeetingJitsi/api/plgnapi.php [] []
[2022-02-07 18:08:21] defaultLogger.INFO: Plugin : ../Plugins/MeetingJitsi/api/plgnapi.php [] []
[2022-02-07 18:08:21] defaultLogger.INFO: Plugin : ../Plugins/MeetingJitsi/api/plgnapi.php [] []
[2022-02-07 18:08:21] defaultLogger.INFO: Plugin : ../Plugins/MeetingJitsi/api/plgnapi.php [] []
[2022-02-07 18:08:21] defaultLogger.INFO: Plugin : ../Plugins/MeetingJitsi/api/plgnapi.php [] []
[2022-02-07 18:08:21] defaultLogger.INFO: Plugin : ../Plugins/MeetingJitsi/api/plgnapi.php [] []
[2022-02-07 18:08:49] defaultLogger.INFO: Plugin : ../Plugins/MeetingJitsi/api/plgnapi.php [] []
[2022-02-07 18:08:49] defaultLogger.INFO: Plugin : ../Plugins/MeetingJitsi/api/plgnapi.php [] []
[2022-02-07 18:08:49] defaultLogger.INFO: Plugin : ../Plugins/MeetingJitsi/api/plgnapi.php [] []
[2022-02-07 18:08:49] defaultLogger.INFO: Plugin : ../Plugins/MeetingJitsi/api/plgnapi.php [] []
[2022-02-07 18:08:49] defaultLogger.INFO: Plugin : ../Plugins/MeetingJitsi/api/plgnapi.php [] []
[2022-02-07 18:08:49] defaultLogger.INFO: Plugin : ../Plugins/MeetingJitsi/api/plgnapi.php [] []
[2022-02-07 18:08:53] defaultLogger.INFO: Plugin : ../Plugins/MeetingJitsi/api/plgnapi.php [] []
[2022-02-07 18:08:53] defaultLogger.INFO: Plugin : ../Plugins/MeetingJitsi/api/plgnapi.php [] []
[2022-02-07 18:08:53] defaultLogger.INFO: Plugin : ../Plugins/MeetingJitsi/api/plgnapi.php [] []
[2022-02-07 18:08:54] defaultLogger.INFO: Plugin : ../Plugins/MeetingJitsi/api/plgnapi.php [] []
[2022-02-07 18:08:54] defaultLogger.INFO: Plugin : ../Plugins/MeetingJitsi/api/plgnapi.php [] []
[2022-02-07 18:08:59] defaultLogger.INFO: Plugin : ../Plugins/MeetingJitsi/api/plgnapi.php [] []
[2022-02-07 18:09:00] defaultLogger.INFO: Plugin : ../Plugins/MeetingJitsi/api/plgnapi.php [] []
[2022-02-07 18:09:00] defaultLogger.INFO: Plugin : ../Plugins/MeetingJitsi/api/plgnapi.php [] []
[2022-02-07 18:09:00] defaultLogger.INFO: Plugin : ../Plugins/MeetingJitsi/api/plgnapi.php [] []
[2022-02-07 18:09:00] defaultLogger.INFO: Plugin : ../Plugins/MeetingJitsi/api/plgnapi.php [] []
[2022-02-07 18:09:32] defaultLogger.INFO: Plugin : ../Plugins/MeetingJitsi/api/plgnapi.php [] []
[2022-02-07 18:09:33] defaultLogger.INFO: Plugin : ../Plugins/MeetingJitsi/api/plgnapi.php [] []
[2022-02-07 18:09:59] defaultLogger.INFO: Plugin : ../Plugins/MeetingJitsi/api/plgnapi.php [] []
[2022-02-07 18:10:05] defaultLogger.INFO: Plugin : ../Plugins/MeetingJitsi/api/plgnapi.php [] []
[2022-02-08 00:01:36] defaultLogger.INFO: Plugin : ../Plugins/MeetingJitsi/api/plgnapi.php [] []
[2022-02-08 00:01:37] defaultLogger.INFO: Plugin : ../Plugins/MeetingJitsi/api/plgnapi.php [] []
[2022-02-08 00:01:37] defaultLogger.INFO: Plugin : ../Plugins/MeetingJitsi/api/plgnapi.php [] []
[2022-02-08 00:01:37] defaultLogger.INFO: Plugin : ../Plugins/MeetingJitsi/api/plgnapi.php [] []
[2022-02-08 00:01:38] defaultLogger.INFO: Plugin : ../Plugins/MeetingJitsi/api/plgnapi.php [] []
[2022-02-08 00:01:38] defaultLogger.INFO: Updating MailChimp List Cache [] []
[2022-02-08 00:01:41] defaultLogger.INFO: Updating MailChimp Campaigns Cache [] []
[2022-02-08 00:01:42] defaultLogger.INFO: Plugin : ../Plugins/MeetingJitsi/api/plgnapi.php [] []
[2022-02-08 00:01:45] defaultLogger.INFO: Plugin : ../Plugins/MeetingJitsi/api/plgnapi.php [] []
[2022-02-08 00:01:45] defaultLogger.INFO: Plugin : ../Plugins/MeetingJitsi/api/plgnapi.php [] []
[2022-02-08 00:01:46] defaultLogger.INFO: Plugin : ../Plugins/MeetingJitsi/api/plgnapi.php [] []
[2022-02-08 00:01:46] defaultLogger.INFO: Plugin : ../Plugins/MeetingJitsi/api/plgnapi.php [] []
[2022-02-08 00:01:46] defaultLogger.INFO: Plugin : ../Plugins/MeetingJitsi/api/plgnapi.php [] []
[2022-02-08 00:01:46] defaultLogger.INFO: Plugin : ../Plugins/MeetingJitsi/api/plgnapi.php [] []
[2022-02-08 00:01:46] defaultLogger.INFO: Plugin : ../Plugins/MeetingJitsi/api/plgnapi.php [] []
[2022-02-08 00:01:46] defaultLogger.INFO: Plugin : ../Plugins/MeetingJitsi/api/plgnapi.php [] []
[2022-02-08 00:01:46] defaultLogger.INFO: Plugin : ../Plugins/MeetingJitsi/api/plgnapi.php [] []
[2022-02-08 00:01:46] defaultLogger.INFO: Plugin : ../Plugins/MeetingJitsi/api/plgnapi.php [] []
[2022-02-08 00:01:46] defaultLogger.INFO: Plugin : ../Plugins/MeetingJitsi/api/plgnapi.php [] []
[2022-02-08 00:01:46] defaultLogger.INFO: Plugin : ../Plugins/MeetingJitsi/api/plgnapi.php [] []
[2022-02-08 00:01:46] defaultLogger.INFO: Plugin : ../Plugins/MeetingJitsi/api/plgnapi.php [] []
[2022-02-08 00:01:46] defaultLogger.INFO: Plugin : ../Plugins/MeetingJitsi/api/plgnapi.php [] []
[2022-02-08 00:01:46] defaultLogger.INFO: Plugin : ../Plugins/MeetingJitsi/api/plgnapi.php [] []
[2022-02-08 00:01:46] defaultLogger.INFO: Plugin : ../Plugins/MeetingJitsi/api/plgnapi.php [] []
[2022-02-08 00:01:46] defaultLogger.INFO: Plugin : ../Plugins/MeetingJitsi/api/plgnapi.php [] []
[2022-02-08 00:01:46] defaultLogger.INFO: Plugin : ../Plugins/MeetingJitsi/api/plgnapi.php [] []
[2022-02-08 00:01:46] defaultLogger.INFO: Plugin : ../Plugins/MeetingJitsi/api/plgnapi.php [] []
[2022-02-08 00:01:46] defaultLogger.INFO: Plugin : ../Plugins/MeetingJitsi/api/plgnapi.php [] []
[2022-02-08 00:01:46] defaultLogger.INFO: Plugin : ../Plugins/MeetingJitsi/api/plgnapi.php [] []
[2022-02-08 00:01:46] defaultLogger.INFO: Plugin : ../Plugins/MeetingJitsi/api/plgnapi.php [] []
[2022-02-08 00:01:46] defaultLogger.INFO: Plugin : ../Plugins/MeetingJitsi/api/plgnapi.php [] []
[2022-02-08 00:01:46] defaultLogger.INFO: Plugin : ../Plugins/MeetingJitsi/api/plgnapi.php [] []
[2022-02-08 00:01:46] defaultLogger.INFO: Plugin : ../Plugins/MeetingJitsi/api/plgnapi.php [] []
[2022-02-08 00:01:46] defaultLogger.INFO: Plugin : ../Plugins/MeetingJitsi/api/plgnapi.php [] []
[2022-02-08 00:01:46] defaultLogger.INFO: Plugin : ../Plugins/MeetingJitsi/api/plgnapi.php [] []
[2022-02-08 00:01:46] defaultLogger.INFO: Plugin : ../Plugins/MeetingJitsi/api/plgnapi.php [] []
[2022-02-08 00:01:47] defaultLogger.INFO: Plugin : ../Plugins/MeetingJitsi/api/plgnapi.php [] []
[2022-02-08 00:01:47] defaultLogger.INFO: Plugin : ../Plugins/MeetingJitsi/api/plgnapi.php [] []
[2022-02-08 00:01:47] defaultLogger.INFO: Plugin : ../Plugins/MeetingJitsi/api/plgnapi.php [] []
[2022-02-08 00:01:47] defaultLogger.INFO: Plugin : ../Plugins/MeetingJitsi/api/plgnapi.php [] []
[2022-02-08 00:01:47] defaultLogger.INFO: Plugin : ../Plugins/MeetingJitsi/api/plgnapi.php [] []
[2022-02-08 00:01:47] defaultLogger.INFO: Plugin : ../Plugins/MeetingJitsi/api/plgnapi.php [] []
[2022-02-08 00:01:47] defaultLogger.INFO: Plugin : ../Plugins/MeetingJitsi/api/plgnapi.php [] []
[2022-02-08 00:01:47] defaultLogger.INFO: Plugin : ../Plugins/MeetingJitsi/api/plgnapi.php [] []
[2022-02-08 00:01:47] defaultLogger.INFO: Plugin : ../Plugins/MeetingJitsi/api/plgnapi.php [] []
[2022-02-08 00:01:47] defaultLogger.INFO: Plugin : ../Plugins/MeetingJitsi/api/plgnapi.php [] []
[2022-02-08 00:01:47] defaultLogger.INFO: Plugin : ../Plugins/MeetingJitsi/api/plgnapi.php [] []
[2022-02-08 00:01:47] defaultLogger.INFO: Plugin : ../Plugins/MeetingJitsi/api/plgnapi.php [] []
[2022-02-08 00:01:47] defaultLogger.INFO: Plugin : ../Plugins/MeetingJitsi/api/plgnapi.php [] []
[2022-02-08 00:01:47] defaultLogger.INFO: Plugin : ../Plugins/MeetingJitsi/api/plgnapi.php [] []
[2022-02-08 00:01:47] defaultLogger.INFO: Plugin : ../Plugins/MeetingJitsi/api/plgnapi.php [] []
[2022-02-08 00:01:47] defaultLogger.INFO: Plugin : ../Plugins/MeetingJitsi/api/plgnapi.php [] []
[2022-02-08 00:01:47] defaultLogger.INFO: Plugin : ../Plugins/MeetingJitsi/api/plgnapi.php [] []
[2022-02-08 00:01:47] defaultLogger.INFO: Plugin : ../Plugins/MeetingJitsi/api/plgnapi.php [] []
[2022-02-08 00:01:47] defaultLogger.INFO: Plugin : ../Plugins/MeetingJitsi/api/plgnapi.php [] []
[2022-02-08 00:01:47] defaultLogger.INFO: Plugin : ../Plugins/MeetingJitsi/api/plgnapi.php [] []
[2022-02-08 00:01:47] defaultLogger.INFO: Plugin : ../Plugins/MeetingJitsi/api/plgnapi.php [] []
[2022-02-08 00:01:53] defaultLogger.INFO: Template path : /var/www/CRM/src/Plugins/MeetingJitsi/VIEWControllers/../v2/templates/ [] []
[2022-02-08 00:01:55] defaultLogger.INFO: Plugin : ../Plugins/MeetingJitsi/api/plgnapi.php [] []
[2022-02-08 00:01:55] defaultLogger.INFO: Plugin : ../Plugins/MeetingJitsi/api/plgnapi.php [] []
[2022-02-08 00:01:55] defaultLogger.INFO: Plugin : ../Plugins/MeetingJitsi/api/plgnapi.php [] []
[2022-02-08 00:01:55] defaultLogger.INFO: Plugin : ../Plugins/MeetingJitsi/api/plgnapi.php [] []
[2022-02-08 00:01:55] defaultLogger.INFO: Plugin : ../Plugins/MeetingJitsi/api/plgnapi.php [] []
[2022-02-08 00:01:55] defaultLogger.WARNING: {     "csp-report": {         "document-uri": "https:\/\/dev.ecclesiacrm.com\/v2\/meeting\/dashboard",         "referrer": "https:\/\/dev.ecclesiacrm.com\/v2\/dashboard",         "violated-directive": "frame-src",         "effective-directive": "frame-src",         "original-policy": "default-src 'self';script-src 'self' 'unsafe-eval' 'nonce-P\/vHaKP9WgH4XevJrV4DfQ==' sidecar.gitter.im browser-update.org maps.googleapis.com www.bing.com  dev.virtualearth.net t.ssl.ak.dynamic.tiles.virtualearth.net cdnjs.cloudflare.com meet.jit.si;object-src 'self' 'nonce-P\/vHaKP9WgH4XevJrV4DfQ==';style-src 'self' 'unsafe-inline' fonts.googleapis.com www.bing.com;img-src 'self' 'nonce-P\/vHaKP9WgH4XevJrV4DfQ==' www.google.com d maps.gstatic.com maps.googleapis.com a.tile.openstreetmap.org b.tile.openstreetmap.org c.tile.openstreetmap.org www.bing.com t.ssl.ak.dynamic.tiles.virtualearth.net data:;media-src 'self';frame-src 'self' www.youtube.com;font-src 'self' fonts.gstatic.com;connect-src 'self' www.bing.com  nominatim.openstreetmap.org;report-uri https:\/\/dev.ecclesiacrm.com\/api\/system\/csp-report",         "disposition": "report",         "blocked-uri": "https:\/\/meet.jit.si",         "status-code": 200,         "script-sample": ""     } } [] []
[2022-02-08 00:01:55] defaultLogger.INFO: Plugin : ../Plugins/MeetingJitsi/api/plgnapi.php [] []
[2022-02-08 00:01:59] defaultLogger.INFO: Plugin : ../Plugins/MeetingJitsi/api/plgnapi.php [] []
