[2022-02-16 10:40:52] defaultLogger.INFO: Updating MailChimp List Cache [] []
[2022-02-16 10:40:57] defaultLogger.INFO: Updating MailChimp Campaigns Cache [] []
[2022-02-16 11:01:00] defaultLogger.WARNING: {     "csp-report": {         "document-uri": "https:\/\/dev.ecclesiacrm.com\/v2\/meeting\/dashboard",         "referrer": "https:\/\/dev.ecclesiacrm.com\/v2\/dashboard",         "violated-directive": "frame-src",         "effective-directive": "frame-src",         "original-policy": "default-src 'self';script-src 'self' 'unsafe-eval' 'nonce-ay762Obief4065SPjxnAUg==' sidecar.gitter.im browser-update.org maps.googleapis.com www.bing.com  dev.virtualearth.net t.ssl.ak.dynamic.tiles.virtualearth.net cdnjs.cloudflare.com meet.jit.si;object-src 'self' 'nonce-ay762Obief4065SPjxnAUg==';style-src 'self' 'unsafe-inline' fonts.googleapis.com www.bing.com;img-src 'self' 'nonce-ay762Obief4065SPjxnAUg==' www.google.com d maps.gstatic.com maps.googleapis.com a.tile.openstreetmap.org b.tile.openstreetmap.org c.tile.openstreetmap.org www.bing.com t.ssl.ak.dynamic.tiles.virtualearth.net data:;media-src 'self';frame-src 'self' www.youtube.com;font-src 'self' fonts.gstatic.com;connect-src 'self' www.bing.com  nominatim.openstreetmap.org;report-uri https:\/\/dev.ecclesiacrm.com\/api\/system\/csp-report",         "disposition": "report",         "blocked-uri": "https:\/\/meet.jit.si",         "status-code": 200,         "script-sample": ""     } } [] []
[2022-02-16 11:03:25] defaultLogger.WARNING: {     "csp-report": {         "document-uri": "https:\/\/dev.ecclesiacrm.com\/v2\/meeting\/dashboard",         "referrer": "https:\/\/dev.ecclesiacrm.com\/v2\/dashboard",         "violated-directive": "frame-src",         "effective-directive": "frame-src",         "original-policy": "default-src 'self';script-src 'self' 'unsafe-eval' 'nonce-jQaULKD22txPzyxr3rwerQ==' sidecar.gitter.im browser-update.org maps.googleapis.com www.bing.com  dev.virtualearth.net t.ssl.ak.dynamic.tiles.virtualearth.net cdnjs.cloudflare.com meet.jit.si;object-src 'self' 'nonce-jQaULKD22txPzyxr3rwerQ==';style-src 'self' 'unsafe-inline' fonts.googleapis.com www.bing.com;img-src 'self' 'nonce-jQaULKD22txPzyxr3rwerQ==' www.google.com d maps.gstatic.com maps.googleapis.com a.tile.openstreetmap.org b.tile.openstreetmap.org c.tile.openstreetmap.org www.bing.com t.ssl.ak.dynamic.tiles.virtualearth.net data:;media-src 'self';frame-src 'self' www.youtube.com;font-src 'self' fonts.gstatic.com;connect-src 'self' www.bing.com  nominatim.openstreetmap.org;report-uri https:\/\/dev.ecclesiacrm.com\/api\/system\/csp-report",         "disposition": "report",         "blocked-uri": "https:\/\/meet.jit.si",         "status-code": 200,         "script-sample": ""     } } [] []
[2022-02-16 14:36:10] defaultLogger.INFO: Updating MailChimp List Cache [] []
[2022-02-16 14:36:16] defaultLogger.INFO: Updating MailChimp Campaigns Cache [] []
[2022-02-16 14:41:40] defaultLogger.INFO: MeetingJitsi DB is uninstalled [] []
[2022-02-16 14:47:24] defaultLogger.INFO: MeetingJitsi DB is uninstalled [] []
[2022-02-16 14:48:36] defaultLogger.INFO: MeetingJitsi DB is uninstalled [] []
[2022-02-16 14:48:36] defaultLogger.INFO: MeetingJitsi directory is removed. [] []
[2022-02-16 14:48:36] defaultLogger.INFO: cd ../.. && composer dump-autoload [] []
[2022-02-16 14:50:07] defaultLogger.INFO: MeetingJitsi DB is uninstalled [] []
[2022-02-16 14:50:07] defaultLogger.INFO: MeetingJitsi directory is removed. [] []
[2022-02-16 14:50:07] defaultLogger.INFO: cd ../.. && composer dump-autoload [] []
[2022-02-16 14:50:44] defaultLogger.INFO: Updating MailChimp List Cache [] []
[2022-02-16 14:50:50] defaultLogger.INFO: Updating MailChimp Campaigns Cache [] []
[2022-02-16 15:11:10] defaultLogger.WARNING: {     "csp-report": {         "document-uri": "https:\/\/dev.ecclesiacrm.com\/v2\/plugins",         "referrer": "https:\/\/dev.ecclesiacrm.com\/v2\/restore",         "violated-directive": "script-src-elem",         "effective-directive": "script-src-elem",         "original-policy": "default-src 'self';script-src 'self' 'unsafe-eval' 'nonce-nnAGAnQjr6K3NdRFAaOrbQ==' sidecar.gitter.im browser-update.org maps.googleapis.com www.bing.com  dev.virtualearth.net t.ssl.ak.dynamic.tiles.virtualearth.net cdnjs.cloudflare.com meet.jit.si;object-src 'self' 'nonce-nnAGAnQjr6K3NdRFAaOrbQ==';style-src 'self' 'unsafe-inline' fonts.googleapis.com www.bing.com;img-src 'self' 'nonce-nnAGAnQjr6K3NdRFAaOrbQ==' www.google.com d maps.gstatic.com maps.googleapis.com a.tile.openstreetmap.org b.tile.openstreetmap.org c.tile.openstreetmap.org www.bing.com t.ssl.ak.dynamic.tiles.virtualearth.net data:;media-src 'self';frame-src 'self' www.youtube.com;font-src 'self' fonts.gstatic.com;connect-src 'self' www.bing.com  nominatim.openstreetmap.org;report-uri https:\/\/dev.ecclesiacrm.com\/api\/system\/csp-report",         "disposition": "report",         "blocked-uri": "inline",         "line-number": 2,         "column-number": 866,         "source-file": "https:\/\/dev.ecclesiacrm.com\/skin\/external\/jquery\/jquery.min.js",         "status-code": 200,         "script-sample": ""     } } [] []
[2022-02-16 15:12:39] defaultLogger.WARNING: {     "csp-report": {         "document-uri": "https:\/\/dev.ecclesiacrm.com\/v2\/plugins",         "referrer": "https:\/\/dev.ecclesiacrm.com\/v2\/restore",         "violated-directive": "script-src-elem",         "effective-directive": "script-src-elem",         "original-policy": "default-src 'self';script-src 'self' 'unsafe-eval' 'nonce-4Gc\/K2OF\/DyaRVuq3wh9lQ==' sidecar.gitter.im browser-update.org maps.googleapis.com www.bing.com  dev.virtualearth.net t.ssl.ak.dynamic.tiles.virtualearth.net cdnjs.cloudflare.com meet.jit.si;object-src 'self' 'nonce-4Gc\/K2OF\/DyaRVuq3wh9lQ==';style-src 'self' 'unsafe-inline' fonts.googleapis.com www.bing.com;img-src 'self' 'nonce-4Gc\/K2OF\/DyaRVuq3wh9lQ==' www.google.com d maps.gstatic.com maps.googleapis.com a.tile.openstreetmap.org b.tile.openstreetmap.org c.tile.openstreetmap.org www.bing.com t.ssl.ak.dynamic.tiles.virtualearth.net data:;media-src 'self';frame-src 'self' www.youtube.com;font-src 'self' fonts.gstatic.com;connect-src 'self' www.bing.com  nominatim.openstreetmap.org;report-uri https:\/\/dev.ecclesiacrm.com\/api\/system\/csp-report",         "disposition": "report",         "blocked-uri": "inline",         "line-number": 2,         "column-number": 866,         "source-file": "https:\/\/dev.ecclesiacrm.com\/skin\/external\/jquery\/jquery.min.js",         "status-code": 200,         "script-sample": ""     } } [] []
[2022-02-16 15:36:39] defaultLogger.INFO: Updating MailChimp List Cache [] []
[2022-02-16 15:36:46] defaultLogger.INFO: Updating MailChimp Campaigns Cache [] []
[2022-02-16 16:10:07] defaultLogger.INFO: path : /Plugins//mysql/install.sql [] []
[2022-02-16 16:11:28] defaultLogger.INFO: path : /Plugins/mysql/install.sql [] []
[2022-02-16 16:12:15] defaultLogger.INFO: path : /Plugins//mysql/install.sql [] []
[2022-02-16 16:12:44] defaultLogger.INFO: path : /Plugins//mysql/install.sql [] []
[2022-02-16 16:13:39] defaultLogger.INFO: path1 : /var/www/CRM/src/Plugins/MeetingJitsi 2/config.json [] []
[2022-02-16 16:13:39] defaultLogger.INFO: path : /Plugins//mysql/install.sql [] []
[2022-02-16 16:14:45] defaultLogger.INFO: path1 : /var/www/CRM/src/Plugins/MeetingJitsi/config.json [] []
[2022-02-16 16:14:45] defaultLogger.INFO: path : /Plugins/MeetingJitsi - meeting | conferences/mysql/install.sql [] []
[2022-02-16 16:22:04] defaultLogger.INFO: MeetingJitsi DB is uninstalled [] []
[2022-02-16 16:22:04] defaultLogger.INFO: MeetingJitsi directory is removed. [] []
[2022-02-16 16:22:04] defaultLogger.INFO: cd ../.. && composer dump-autoload [] []
[2022-02-16 16:22:13] defaultLogger.INFO: Plugin  MeetingJitsi - meeting | conferences is installed [] []
[2022-02-16 16:22:34] defaultLogger.WARNING: {     "csp-report": {         "document-uri": "https:\/\/dev.ecclesiacrm.com\/v2\/meeting\/dashboard",         "referrer": "https:\/\/dev.ecclesiacrm.com\/v2\/meeting\/dashboard",         "violated-directive": "frame-src",         "effective-directive": "frame-src",         "original-policy": "default-src 'self';script-src 'self' 'unsafe-eval' 'nonce-\/e4RQEuiIFVtcDhsRiOtyQ==' sidecar.gitter.im browser-update.org maps.googleapis.com www.bing.com  dev.virtualearth.net t.ssl.ak.dynamic.tiles.virtualearth.net cdnjs.cloudflare.com meet.jit.si;object-src 'self' 'nonce-\/e4RQEuiIFVtcDhsRiOtyQ==';style-src 'self' 'unsafe-inline' fonts.googleapis.com www.bing.com;img-src 'self' 'nonce-\/e4RQEuiIFVtcDhsRiOtyQ==' www.google.com d maps.gstatic.com maps.googleapis.com a.tile.openstreetmap.org b.tile.openstreetmap.org c.tile.openstreetmap.org www.bing.com t.ssl.ak.dynamic.tiles.virtualearth.net data:;media-src 'self';frame-src 'self' www.youtube.com;font-src 'self' fonts.gstatic.com;connect-src 'self' www.bing.com  nominatim.openstreetmap.org;report-uri https:\/\/dev.ecclesiacrm.com\/api\/system\/csp-report",         "disposition": "report",         "blocked-uri": "https:\/\/meet.jit.si",         "status-code": 200,         "script-sample": ""     } } [] []
[2022-02-16 16:22:45] defaultLogger.INFO: MeetingJitsi DB is uninstalled [] []
[2022-02-16 16:22:45] defaultLogger.INFO: MeetingJitsi directory is removed. [] []
[2022-02-16 16:22:45] defaultLogger.INFO: cd ../.. && composer dump-autoload [] []
[2022-02-16 16:23:13] defaultLogger.INFO: Plugin  MeetingJitsi - meeting | conferences is installed [] []
[2022-02-16 16:23:22] defaultLogger.INFO: MeetingJitsi DB is uninstalled [] []
[2022-02-16 16:23:22] defaultLogger.INFO: MeetingJitsi directory is removed. [] []
[2022-02-16 16:23:22] defaultLogger.INFO: cd ../.. && composer dump-autoload [] []
[2022-02-16 16:23:44] defaultLogger.INFO: Plugin  MeetingJitsi - meeting | conferences is installed [] []
[2022-02-16 16:26:46] defaultLogger.INFO: MeetingJitsi DB is uninstalled [] []
[2022-02-16 16:26:46] defaultLogger.INFO: MeetingJitsi directory is removed. [] []
[2022-02-16 16:26:46] defaultLogger.INFO: cd ../.. && composer dump-autoload [] []
[2022-02-16 16:26:59] defaultLogger.INFO: Plugin  MeetingJitsi - meeting | conferences is installed [] []
[2022-02-16 16:29:21] defaultLogger.INFO: MeetingJitsi DB is uninstalled [] []
[2022-02-16 16:29:21] defaultLogger.INFO: MeetingJitsi directory is removed. [] []
[2022-02-16 16:29:21] defaultLogger.INFO: cd ../.. && composer dump-autoload [] []
[2022-02-16 16:29:32] defaultLogger.INFO: MeetingJitsi DB is installed [] []
[2022-02-16 16:29:32] defaultLogger.INFO: Plugin  MeetingJitsi - meeting | conferences is installed [] []
[2022-02-16 16:34:39] defaultLogger.INFO: MeetingJitsi DB is uninstalled [] []
[2022-02-16 16:34:39] defaultLogger.INFO: MeetingJitsi directory is removed. [] []
[2022-02-16 16:34:39] defaultLogger.INFO: cd ../.. && composer dump-autoload [] []
[2022-02-16 16:34:50] defaultLogger.INFO: MeetingJitsi DB is installed [] []
[2022-02-16 16:34:50] defaultLogger.INFO: Plugin  MeetingJitsi - meeting | conferences is installed [] []
[2022-02-16 16:36:29] defaultLogger.INFO: MeetingJitsi DB is uninstalled [] []
[2022-02-16 16:36:29] defaultLogger.INFO: MeetingJitsi directory is removed. [] []
[2022-02-16 16:36:29] defaultLogger.INFO: cd ../.. && composer dump-autoload [] []
[2022-02-16 16:36:41] defaultLogger.INFO: MeetingJitsi DB is installed [] []
[2022-02-16 16:36:41] defaultLogger.INFO: Plugin  MeetingJitsi - meeting | conferences is installed [] []
[2022-02-16 16:39:53] defaultLogger.INFO: MeetingJitsi DB is uninstalled [] []
[2022-02-16 16:39:53] defaultLogger.INFO: MeetingJitsi directory is removed. [] []
[2022-02-16 16:39:53] defaultLogger.INFO: cd ../.. && composer dump-autoload [] []
[2022-02-16 16:40:11] defaultLogger.INFO: MeetingJitsi DB is installed [] []
[2022-02-16 16:40:11] defaultLogger.INFO: Plugin  MeetingJitsi - meeting | conferences is installed [] []
[2022-02-16 16:40:39] defaultLogger.INFO: MeetingJitsi DB is uninstalled [] []
[2022-02-16 16:40:39] defaultLogger.INFO: MeetingJitsi directory is removed. [] []
[2022-02-16 16:40:39] defaultLogger.INFO: cd ../.. && composer dump-autoload [] []
[2022-02-16 16:40:55] defaultLogger.INFO: Updating MailChimp List Cache [] []
[2022-02-16 16:41:01] defaultLogger.INFO: Updating MailChimp Campaigns Cache [] []
[2022-02-16 16:41:50] defaultLogger.INFO: MeetingJitsi DB is installed [] []
[2022-02-16 16:41:50] defaultLogger.INFO: Plugin  MeetingJitsi - meeting | conferences is installed [] []
[2022-02-16 16:47:31] defaultLogger.INFO: MeetingJitsi DB is uninstalled [] []
[2022-02-16 16:47:31] defaultLogger.INFO: MeetingJitsi directory is removed. [] []
[2022-02-16 16:47:31] defaultLogger.INFO: cd ../.. && composer dump-autoload [] []
[2022-02-16 16:49:42] defaultLogger.INFO: MeetingJitsi DB is installed [] []
[2022-02-16 16:49:42] defaultLogger.INFO: Plugin  MeetingJitsi - meeting | conferences is installed [] []
[2022-02-16 18:41:11] defaultLogger.WARNING: {     "csp-report": {         "document-uri": "https:\/\/dev.ecclesiacrm.com\/v2\/calendar",         "referrer": "https:\/\/dev.ecclesiacrm.com\/v2\/people\/list\/family",         "violated-directive": "font-src 'self' fonts.gstatic.com",         "effective-directive": "font-src",         "original-policy": "default-src 'self';script-src 'self' 'unsafe-eval' 'nonce-IDR\/KWAuCN6+VkVjAJoUoQ==' sidecar.gitter.im browser-update.org maps.googleapis.com www.bing.com  dev.virtualearth.net t.ssl.ak.dynamic.tiles.virtualearth.net cdnjs.cloudflare.com meet.jit.si;object-src 'self' 'nonce-IDR\/KWAuCN6+VkVjAJoUoQ==';style-src 'self' 'unsafe-inline' fonts.googleapis.com www.bing.com;img-src 'self' 'nonce-IDR\/KWAuCN6+VkVjAJoUoQ==' www.google.com d maps.gstatic.com maps.googleapis.com a.tile.openstreetmap.org b.tile.openstreetmap.org c.tile.openstreetmap.org www.bing.com t.ssl.ak.dynamic.tiles.virtualearth.net data:;media-src 'self';frame-src 'self' www.youtube.com;font-src 'self' fonts.gstatic.com;connect-src 'self' www.bing.com  nominatim.openstreetmap.org;report-uri https:\/\/dev.ecclesiacrm.com\/api\/system\/csp-report",         "blocked-uri": "data",         "status-code": 0     } } [] []
[2022-02-16 18:50:55] defaultLogger.INFO: Updating MailChimp List Cache [] []
[2022-02-16 18:50:58] defaultLogger.INFO: Updating MailChimp Campaigns Cache [] []
[2022-02-16 21:20:04] defaultLogger.INFO: Updating MailChimp List Cache [] []
[2022-02-16 21:20:14] defaultLogger.INFO: Updating MailChimp Campaigns Cache [] []
[2022-02-16 21:20:36] defaultLogger.INFO: MeetingJitsi DB is uninstalled [] []
[2022-02-16 21:20:36] defaultLogger.INFO: MeetingJitsi directory is removed. [] []
[2022-02-16 21:20:36] defaultLogger.INFO: cd ../.. && composer dump-autoload [] []
[2022-02-16 21:21:53] defaultLogger.INFO: MeetingJitsi DB is installed [] []
[2022-02-16 21:21:53] defaultLogger.INFO: Plugin  MeetingJitsi - meeting | conferences is installed [] []
[2022-02-16 21:24:59] defaultLogger.INFO: Updating MailChimp List Cache [] []
[2022-02-16 21:25:05] defaultLogger.INFO: Updating MailChimp Campaigns Cache [] []
[2022-02-16 21:25:24] defaultLogger.INFO: MeetingJitsi DB is uninstalled [] []
[2022-02-16 21:25:24] defaultLogger.INFO: MeetingJitsi directory is removed. [] []
[2022-02-16 21:25:24] defaultLogger.INFO: cd ../.. && composer dump-autoload [] []
[2022-02-16 21:29:42] defaultLogger.INFO: MeetingJitsi DB is installed [] []
[2022-02-16 21:29:42] defaultLogger.INFO: Plugin  MeetingJitsi - meeting | conferences is installed [] []
[2022-02-16 21:30:16] defaultLogger.WARNING: {     "csp-report": {         "document-uri": "https:\/\/dev.ecclesiacrm.com\/v2\/meeting\/dashboard",         "referrer": "https:\/\/dev.ecclesiacrm.com\/v2\/meeting\/dashboard",         "violated-directive": "frame-src",         "effective-directive": "frame-src",         "original-policy": "default-src 'self';script-src 'self' 'unsafe-eval' 'nonce-WXquAB3i4EHMquX0uqUkWA==' sidecar.gitter.im browser-update.org maps.googleapis.com www.bing.com  dev.virtualearth.net t.ssl.ak.dynamic.tiles.virtualearth.net cdnjs.cloudflare.com meet.jit.si;object-src 'self' 'nonce-WXquAB3i4EHMquX0uqUkWA==';style-src 'self' 'unsafe-inline' fonts.googleapis.com www.bing.com;img-src 'self' 'nonce-WXquAB3i4EHMquX0uqUkWA==' www.google.com d maps.gstatic.com maps.googleapis.com a.tile.openstreetmap.org b.tile.openstreetmap.org c.tile.openstreetmap.org www.bing.com t.ssl.ak.dynamic.tiles.virtualearth.net data:;media-src 'self';frame-src 'self' www.youtube.com;font-src 'self' fonts.gstatic.com;connect-src 'self' www.bing.com  nominatim.openstreetmap.org;report-uri https:\/\/dev.ecclesiacrm.com\/api\/system\/csp-report",         "disposition": "report",         "blocked-uri": "https:\/\/meet.jit.si",         "status-code": 200,         "script-sample": ""     } } [] []
