[2022-03-31 08:02:31] defaultLogger.INFO: Updating MailChimp List Cache [] []
[2022-03-31 08:02:36] defaultLogger.INFO: Updating MailChimp Campaigns Cache [] []
[2022-03-31 08:02:56] defaultLogger.INFO: Event Name : Culte calendarID : 96 eventId : 879 [] []
[2022-03-31 08:02:56] defaultLogger.INFO: calendarId : calendarId Array (     [0] => 96     [1] => 2465 )  [] []
[2022-03-31 08:02:56] defaultLogger.WARNING: issue creating geoCoder Geocode query cannot be empty [] []
[2022-03-31 16:31:17] defaultLogger.INFO: Updating MailChimp List Cache [] []
[2022-03-31 16:31:22] defaultLogger.INFO: Updating MailChimp Campaigns Cache [] []
[2022-03-31 18:02:53] defaultLogger.WARNING: issue creating geoCoder Geocode query cannot be empty [] []
[2022-03-31 18:03:49] defaultLogger.WARNING: issue creating geoCoder Geocode query cannot be empty [] []
[2022-03-31 18:14:03] defaultLogger.INFO: Event Name : Culte calendarID : 89 eventId : 891 [] []
[2022-03-31 18:14:03] defaultLogger.INFO: calendarId : calendarId Array (     [0] => 89     [1] => 2090 )  [] []
[2022-03-31 18:14:03] defaultLogger.WARNING: issue creating geoCoder Geocode query cannot be empty [] []
[2022-03-31 19:09:04] defaultLogger.WARNING: {     "csp-report": {         "document-uri": "https:\/\/dev.ecclesiacrm.com\/v2\/calendar",         "referrer": "https:\/\/dev.ecclesiacrm.com\/v2\/eventworkflow\/dashboard",         "violated-directive": "font-src",         "effective-directive": "font-src",         "original-policy": "default-src 'self';script-src 'self' 'unsafe-eval' 'nonce-\/PeFKLY4ykgTH0ULpan2iA==' sidecar.gitter.im browser-update.org maps.googleapis.com www.bing.com  dev.virtualearth.net t.ssl.ak.dynamic.tiles.virtualearth.net cdnjs.cloudflare.com meet.jit.si;object-src 'self' 'nonce-\/PeFKLY4ykgTH0ULpan2iA==';style-src 'self' 'unsafe-inline' fonts.googleapis.com www.bing.com;img-src 'self' 'nonce-\/PeFKLY4ykgTH0ULpan2iA==' www.google.com d maps.gstatic.com maps.googleapis.com a.tile.openstreetmap.org b.tile.openstreetmap.org c.tile.openstreetmap.org www.bing.com t.ssl.ak.dynamic.tiles.virtualearth.net data:;media-src 'self';frame-src 'self' www.youtube.com;font-src 'self' fonts.gstatic.com;connect-src 'self' www.bing.com  nominatim.openstreetmap.org;report-uri https:\/\/dev.ecclesiacrm.com\/api\/system\/csp-report",         "disposition": "report",         "blocked-uri": "data",         "status-code": 200,         "script-sample": ""     } } [] []
[2022-03-31 19:46:00] defaultLogger.WARNING: {     "csp-report": {         "document-uri": "https:\/\/dev.ecclesiacrm.com\/v2\/calendar",         "referrer": "https:\/\/dev.ecclesiacrm.com\/v2\/eventworkflow\/dashboard",         "violated-directive": "font-src",         "effective-directive": "font-src",         "original-policy": "default-src 'self';script-src 'self' 'unsafe-eval' 'nonce-mfT9dbi1YWjpumP4zl8cnQ==' sidecar.gitter.im browser-update.org maps.googleapis.com www.bing.com  dev.virtualearth.net t.ssl.ak.dynamic.tiles.virtualearth.net cdnjs.cloudflare.com meet.jit.si;object-src 'self' 'nonce-mfT9dbi1YWjpumP4zl8cnQ==';style-src 'self' 'unsafe-inline' fonts.googleapis.com www.bing.com;img-src 'self' 'nonce-mfT9dbi1YWjpumP4zl8cnQ==' www.google.com d maps.gstatic.com maps.googleapis.com a.tile.openstreetmap.org b.tile.openstreetmap.org c.tile.openstreetmap.org www.bing.com t.ssl.ak.dynamic.tiles.virtualearth.net data:;media-src 'self';frame-src 'self' www.youtube.com;font-src 'self' fonts.gstatic.com;connect-src 'self' www.bing.com  nominatim.openstreetmap.org;report-uri https:\/\/dev.ecclesiacrm.com\/api\/system\/csp-report",         "disposition": "report",         "blocked-uri": "data",         "status-code": 200,         "script-sample": ""     } } [] []
[2022-03-31 19:46:50] defaultLogger.WARNING: issue creating geoCoder Geocode query cannot be empty [] []
[2022-03-31 19:51:05] defaultLogger.INFO: Event Name : Culte calendarID : 89 eventId : 893 [] []
[2022-03-31 19:51:05] defaultLogger.INFO: calendarId : calendarId Array (     [0] => 89     [1] => 2090 )  [] []
[2022-03-31 19:51:05] defaultLogger.WARNING: issue creating geoCoder Geocode query cannot be empty [] []
[2022-03-31 19:58:55] defaultLogger.WARNING: {     "csp-report": {         "document-uri": "https:\/\/dev.ecclesiacrm.com\/v2\/calendar",         "referrer": "https:\/\/dev.ecclesiacrm.com\/v2\/eventworkflow\/dashboard",         "violated-directive": "font-src",         "effective-directive": "font-src",         "original-policy": "default-src 'self';script-src 'self' 'unsafe-eval' 'nonce-bBvMXdweBO2Uec3I8HAnuw==' sidecar.gitter.im browser-update.org maps.googleapis.com www.bing.com  dev.virtualearth.net t.ssl.ak.dynamic.tiles.virtualearth.net cdnjs.cloudflare.com meet.jit.si;object-src 'self' 'nonce-bBvMXdweBO2Uec3I8HAnuw==';style-src 'self' 'unsafe-inline' fonts.googleapis.com www.bing.com;img-src 'self' 'nonce-bBvMXdweBO2Uec3I8HAnuw==' www.google.com d maps.gstatic.com maps.googleapis.com a.tile.openstreetmap.org b.tile.openstreetmap.org c.tile.openstreetmap.org www.bing.com t.ssl.ak.dynamic.tiles.virtualearth.net data:;media-src 'self';frame-src 'self' www.youtube.com;font-src 'self' fonts.gstatic.com;connect-src 'self' www.bing.com  nominatim.openstreetmap.org;report-uri https:\/\/dev.ecclesiacrm.com\/api\/system\/csp-report",         "disposition": "report",         "blocked-uri": "data",         "status-code": 200,         "script-sample": ""     } } [] []
[2022-03-31 20:01:07] defaultLogger.WARNING: issue creating geoCoder Geocode query cannot be empty [] []
[2022-03-31 20:01:34] defaultLogger.INFO: Event Name : Culte calendarID : 89 eventId : 895 [] []
[2022-03-31 20:01:34] defaultLogger.INFO: calendarId : calendarId Array (     [0] => 89     [1] => 2090 )  [] []
[2022-03-31 20:01:34] defaultLogger.WARNING: issue creating geoCoder Geocode query cannot be empty [] []
[2022-03-31 20:42:43] defaultLogger.INFO: Event Name : Culte calendarID : 89 eventId : 895 [] []
[2022-03-31 20:42:43] defaultLogger.INFO: calendarId : calendarId Array (     [0] => 89     [1] => 2090 )  [] []
[2022-03-31 20:42:43] defaultLogger.WARNING: issue creating geoCoder Geocode query cannot be empty [] []
[2022-03-31 20:46:12] defaultLogger.INFO: Event Name : Culte calendarID : 89 eventId : 895 [] []
[2022-03-31 20:46:12] defaultLogger.INFO: calendarId : calendarId Array (     [0] => 89     [1] => 2090 )  [] []
[2022-03-31 20:46:12] defaultLogger.WARNING: issue creating geoCoder Geocode query cannot be empty [] []
[2022-03-31 20:49:51] defaultLogger.INFO: Event Name : Culte calendarID : 89 eventId : 895 [] []
[2022-03-31 20:49:51] defaultLogger.INFO: calendarId : calendarId Array (     [0] => 89     [1] => 2090 )  [] []
[2022-03-31 20:49:51] defaultLogger.WARNING: issue creating geoCoder Geocode query cannot be empty [] []
[2022-03-31 20:50:44] defaultLogger.INFO: Event Name : Culte calendarID : 89 eventId : 895 [] []
[2022-03-31 20:50:44] defaultLogger.INFO: calendarId : calendarId Array (     [0] => 89     [1] => 2090 )  [] []
[2022-03-31 20:50:44] defaultLogger.WARNING: issue creating geoCoder Geocode query cannot be empty [] []
[2022-03-31 20:52:16] defaultLogger.INFO: Event Name : Culte calendarID : 89 eventId : 895 [] []
[2022-03-31 20:52:16] defaultLogger.INFO: calendarId : calendarId Array (     [0] => 89     [1] => 2090 )  [] []
[2022-03-31 20:52:16] defaultLogger.WARNING: issue creating geoCoder Geocode query cannot be empty [] []
[2022-03-31 20:53:00] defaultLogger.INFO: Event Name : Culte calendarID : 89 eventId : 895 [] []
[2022-03-31 20:53:00] defaultLogger.INFO: calendarId : calendarId Array (     [0] => 89     [1] => 2090 )  [] []
[2022-03-31 20:53:00] defaultLogger.WARNING: issue creating geoCoder Geocode query cannot be empty [] []
[2022-03-31 20:53:07] defaultLogger.INFO: Event Name : Culte calendarID : 89 eventId : 895 [] []
[2022-03-31 20:53:07] defaultLogger.INFO: calendarId : calendarId Array (     [0] => 89     [1] => 2090 )  [] []
[2022-03-31 20:53:07] defaultLogger.WARNING: issue creating geoCoder Geocode query cannot be empty [] []
[2022-03-31 21:40:22] defaultLogger.WARNING: {     "csp-report": {         "document-uri": "https:\/\/dev.ecclesiacrm.com\/v2\/eventworkflow\/dashboard",         "referrer": "",         "violated-directive": "script-src-elem",         "effective-directive": "script-src-elem",         "original-policy": "default-src 'self';script-src 'self' 'unsafe-eval' 'nonce-xGYHiVIW7\/jwx7R6HmGJdg==' sidecar.gitter.im browser-update.org maps.googleapis.com www.bing.com  dev.virtualearth.net t.ssl.ak.dynamic.tiles.virtualearth.net cdnjs.cloudflare.com meet.jit.si;object-src 'self' 'nonce-xGYHiVIW7\/jwx7R6HmGJdg==';style-src 'self' 'unsafe-inline' fonts.googleapis.com www.bing.com;img-src 'self' 'nonce-xGYHiVIW7\/jwx7R6HmGJdg==' www.google.com d maps.gstatic.com maps.googleapis.com a.tile.openstreetmap.org b.tile.openstreetmap.org c.tile.openstreetmap.org www.bing.com t.ssl.ak.dynamic.tiles.virtualearth.net data:;media-src 'self';frame-src 'self' www.youtube.com;font-src 'self' fonts.gstatic.com;connect-src 'self' www.bing.com  nominatim.openstreetmap.org;report-uri https:\/\/dev.ecclesiacrm.com\/api\/system\/csp-report",         "disposition": "report",         "blocked-uri": "inline",         "line-number": 87,         "column-number": 103,         "source-file": "https:\/\/dev.ecclesiacrm.com\/skin\/external\/ckeditor\/ckeditor.js",         "status-code": 0,         "script-sample": ""     } } [] []
[2022-03-31 21:44:26] defaultLogger.INFO: Event Name : Culte calendarID : 89 eventId : 895 [] []
[2022-03-31 21:44:26] defaultLogger.INFO: calendarId : calendarId Array (     [0] => 89     [1] => 2090 )  [] []
[2022-03-31 21:44:26] defaultLogger.WARNING: issue creating geoCoder Geocode query cannot be empty [] []
[2022-03-31 21:46:45] defaultLogger.INFO: Event Name : Culte calendarID : 89 eventId : 895 [] []
[2022-03-31 21:46:45] defaultLogger.INFO: calendarId : calendarId Array (     [0] => 89     [1] => 2090 )  [] []
[2022-03-31 21:46:45] defaultLogger.WARNING: issue creating geoCoder Geocode query cannot be empty [] []
[2022-03-31 21:46:57] defaultLogger.INFO: Event Name : Culte calendarID : 89 eventId : 895 [] []
[2022-03-31 21:46:57] defaultLogger.INFO: calendarId : calendarId Array (     [0] => 89     [1] => 2090 )  [] []
[2022-03-31 21:46:57] defaultLogger.WARNING: issue creating geoCoder Geocode query cannot be empty [] []
[2022-03-31 22:09:56] defaultLogger.INFO: Updating MailChimp List Cache [] []
[2022-03-31 22:10:02] defaultLogger.INFO: Updating MailChimp Campaigns Cache [] []
[2022-03-31 22:11:52] defaultLogger.INFO: Event Name : Culte calendarID : 89 eventId : 895 [] []
[2022-03-31 22:11:52] defaultLogger.INFO: calendarId : calendarId Array (     [0] => 89     [1] => 2090 )  [] []
[2022-03-31 22:11:52] defaultLogger.WARNING: issue creating geoCoder Geocode query cannot be empty [] []
[2022-03-31 22:13:41] defaultLogger.INFO: Event Name : Culte calendarID : 89 eventId : 895 [] []
[2022-03-31 22:13:41] defaultLogger.INFO: calendarId : calendarId Array (     [0] => 89     [1] => 2090 )  [] []
[2022-03-31 22:13:41] defaultLogger.WARNING: issue creating geoCoder Geocode query cannot be empty [] []
[2022-03-31 22:18:15] defaultLogger.INFO: Event Name : Culte calendarID : 89 eventId : 895 [] []
[2022-03-31 22:18:15] defaultLogger.INFO: calendarId : calendarId Array (     [0] => 89     [1] => 2090 )  [] []
[2022-03-31 22:18:15] defaultLogger.WARNING: issue creating geoCoder Geocode query cannot be empty [] []
[2022-03-31 22:22:32] defaultLogger.WARNING: issue creating geoCoder Geocode query cannot be empty [] []
[2022-03-31 22:38:05] defaultLogger.INFO: Event Name : Culte calendarID : 89 eventId : 910 [] []
[2022-03-31 22:38:05] defaultLogger.INFO: calendarId : calendarId Array (     [0] => 89     [1] => 2090 )  [] []
[2022-03-31 22:38:05] defaultLogger.WARNING: issue creating geoCoder Geocode query cannot be empty [] []
