[15-Mar-2022 22:58:27 Europe/Paris] Slim Application Error
Type: Propel\Runtime\Exception\PropelException
Code: 0
Message: Unable to execute INSERT statement [INSERT INTO wfe_container_volunteeropportunity_user (wf_cvou_id, wf_cvou_check, wf_cvou_container_volunteeropportunity_id, wf_cvou_usr_rl_user_id) VALUES (:p0, :p1, :p2, :p3)]
File: /var/www/eventworkflow/src/core/model/Base/EventWorkflowContainerVolunteeropportunityUser.php
Line: 848
Trace: #0 /var/www/eventworkflow/src/core/model/Base/EventWorkflowContainerVolunteeropportunityUser.php(768): PluginStore\Base\EventWorkflowContainerVolunteeropportunityUser->doInsert()
#1 /var/www/eventworkflow/src/core/model/Base/EventWorkflowContainerVolunteeropportunityUser.php(732): PluginStore\Base\EventWorkflowContainerVolunteeropportunityUser->doSave()
#2 /var/www/CRM/src/vendor/propel/propel/src/Propel/Runtime/Connection/TransactionTrait.php(35): PluginStore\Base\EventWorkflowContainerVolunteeropportunityUser->PluginStore\Base\{closure}()
#3 /var/www/eventworkflow/src/core/model/Base/EventWorkflowContainerVolunteeropportunityUser.php(745): Propel\Runtime\Connection\ConnectionWrapper->transaction()
#4 /var/www/eventworkflow/src/core/APIControllers/EventWorkflowController.php(123): PluginStore\Base\EventWorkflowContainerVolunteeropportunityUser->save()
#5 /var/www/CRM/src/vendor/slim/slim/Slim/Handlers/Strategies/RequestResponse.php(43): Plugins\APIControllers\EventWorkflowController->getContainerContent()
#6 /var/www/CRM/src/vendor/slim/slim/Slim/Routing/Route.php(384): Slim\Handlers\Strategies\RequestResponse->__invoke()
#7 /var/www/CRM/src/vendor/slim/slim/Slim/MiddlewareDispatcher.php(81): Slim\Routing\Route->handle()
#8 /var/www/CRM/src/vendor/slim/slim/Slim/MiddlewareDispatcher.php(81): Slim\MiddlewareDispatcher->handle()
#9 /var/www/CRM/src/vendor/slim/slim/Slim/Routing/Route.php(341): Slim\MiddlewareDispatcher->handle()
#10 /var/www/CRM/src/vendor/slim/slim/Slim/Routing/RouteRunner.php(84): Slim\Routing\Route->run()
#11 /var/www/CRM/src/EcclesiaCRM/Slim/Middleware/VersionMiddleware.php(17): Slim\Routing\RouteRunner->handle()
#12 /var/www/CRM/src/vendor/slim/slim/Slim/MiddlewareDispatcher.php(313): EcclesiaCRM\Slim\Middleware\VersionMiddleware->__invoke()
#13 /var/www/CRM/src/vendor/tuupola/slim-jwt-auth/src/JwtAuthentication.php(132): class@anonymous->handle()
#14 /var/www/CRM/src/vendor/slim/slim/Slim/MiddlewareDispatcher.php(147): Tuupola\Middleware\JwtAuthentication->process()
#15 /var/www/CRM/src/vendor/slim/slim/Slim/Middleware/ErrorMiddleware.php(107): class@anonymous->handle()
#16 /var/www/CRM/src/vendor/slim/slim/Slim/MiddlewareDispatcher.php(147): Slim\Middleware\ErrorMiddleware->process()
#17 /var/www/CRM/src/vendor/slim/slim/Slim/MiddlewareDispatcher.php(81): class@anonymous->handle()
#18 /var/www/CRM/src/vendor/slim/slim/Slim/App.php(215): Slim\MiddlewareDispatcher->handle()
#19 /var/www/CRM/src/vendor/slim/slim/Slim/App.php(199): Slim\App->handle()
#20 /var/www/CRM/src/api/index.php(145): Slim\App->run()
#21 {main}
Previous Error:
Type: PDOException
Code: 23000
Message: SQLSTATE[23000]: Integrity constraint violation: 1452 Cannot add or update a child row: a foreign key constraint fails (`crm`.`wfe_container_volunteeropportunity_user`, CONSTRAINT `fk_wf_cvou_container_volunteeropportunity_id` FOREIGN KEY (`wf_cvou_container_volunteeropportunity_id`) REFERENCES `wfe_container_v)
File: /var/www/CRM/src/vendor/propel/propel/src/Propel/Runtime/Connection/StatementWrapper.php
Line: 215
Trace: #0 /var/www/CRM/src/vendor/propel/propel/src/Propel/Runtime/Connection/StatementWrapper.php(215): PDOStatement->execute()
#1 /var/www/eventworkflow/src/core/model/Base/EventWorkflowContainerVolunteeropportunityUser.php(845): Propel\Runtime\Connection\StatementWrapper->execute()
#2 /var/www/eventworkflow/src/core/model/Base/EventWorkflowContainerVolunteeropportunityUser.php(768): PluginStore\Base\EventWorkflowContainerVolunteeropportunityUser->doInsert()
#3 /var/www/eventworkflow/src/core/model/Base/EventWorkflowContainerVolunteeropportunityUser.php(732): PluginStore\Base\EventWorkflowContainerVolunteeropportunityUser->doSave()
#4 /var/www/CRM/src/vendor/propel/propel/src/Propel/Runtime/Connection/TransactionTrait.php(35): PluginStore\Base\EventWorkflowContainerVolunteeropportunityUser->PluginStore\Base\{closure}()
#5 /var/www/eventworkflow/src/core/model/Base/EventWorkflowContainerVolunteeropportunityUser.php(745): Propel\Runtime\Connection\ConnectionWrapper->transaction()
#6 /var/www/eventworkflow/src/core/APIControllers/EventWorkflowController.php(123): PluginStore\Base\EventWorkflowContainerVolunteeropportunityUser->save()
#7 /var/www/CRM/src/vendor/slim/slim/Slim/Handlers/Strategies/RequestResponse.php(43): Plugins\APIControllers\EventWorkflowController->getContainerContent()
#8 /var/www/CRM/src/vendor/slim/slim/Slim/Routing/Route.php(384): Slim\Handlers\Strategies\RequestResponse->__invoke()
#9 /var/www/CRM/src/vendor/slim/slim/Slim/MiddlewareDispatcher.php(81): Slim\Routing\Route->handle()
#10 /var/www/CRM/src/vendor/slim/slim/Slim/MiddlewareDispatcher.php(81): Slim\MiddlewareDispatcher->handle()
#11 /var/www/CRM/src/vendor/slim/slim/Slim/Routing/Route.php(341): Slim\MiddlewareDispatcher->handle()
#12 /var/www/CRM/src/vendor/slim/slim/Slim/Routing/RouteRunner.php(84): Slim\Routing\Route->run()
#13 /var/www/CRM/src/EcclesiaCRM/Slim/Middleware/VersionMiddleware.php(17): Slim\Routing\RouteRunner->handle()
#14 /var/www/CRM/src/vendor/slim/slim/Slim/MiddlewareDispatcher.php(313): EcclesiaCRM\Slim\Middleware\VersionMiddleware->__invoke()
#15 /var/www/CRM/src/vendor/tuupola/slim-jwt-auth/src/JwtAuthentication.php(132): class@anonymous->handle()
#16 /var/www/CRM/src/vendor/slim/slim/Slim/MiddlewareDispatcher.php(147): Tuupola\Middleware\JwtAuthentication->process()
#17 /var/www/CRM/src/vendor/slim/slim/Slim/Middleware/ErrorMiddleware.php(107): class@anonymous->handle()
#18 /var/www/CRM/src/vendor/slim/slim/Slim/MiddlewareDispatcher.php(147): Slim\Middleware\ErrorMiddleware->process()
#19 /var/www/CRM/src/vendor/slim/slim/Slim/MiddlewareDispatcher.php(81): class@anonymous->handle()
#20 /var/www/CRM/src/vendor/slim/slim/Slim/App.php(215): Slim\MiddlewareDispatcher->handle()
#21 /var/www/CRM/src/vendor/slim/slim/Slim/App.php(199): Slim\App->handle()
#22 /var/www/CRM/src/api/index.php(145): Slim\App->run()
#23 {main}
[15-Mar-2022 22:59:34 Europe/Paris] Slim Application Error
Type: Propel\Runtime\Exception\PropelException
Code: 0
Message: Unable to execute INSERT statement [INSERT INTO wfe_container_volunteeropportunity_user (wf_cvou_id, wf_cvou_check, wf_cvou_container_volunteeropportunity_id, wf_cvou_usr_rl_user_id) VALUES (:p0, :p1, :p2, :p3)]
File: /var/www/eventworkflow/src/core/model/Base/EventWorkflowContainerVolunteeropportunityUser.php
Line: 848
Trace: #0 /var/www/eventworkflow/src/core/model/Base/EventWorkflowContainerVolunteeropportunityUser.php(768): PluginStore\Base\EventWorkflowContainerVolunteeropportunityUser->doInsert()
#1 /var/www/eventworkflow/src/core/model/Base/EventWorkflowContainerVolunteeropportunityUser.php(732): PluginStore\Base\EventWorkflowContainerVolunteeropportunityUser->doSave()
#2 /var/www/CRM/src/vendor/propel/propel/src/Propel/Runtime/Connection/TransactionTrait.php(35): PluginStore\Base\EventWorkflowContainerVolunteeropportunityUser->PluginStore\Base\{closure}()
#3 /var/www/eventworkflow/src/core/model/Base/EventWorkflowContainerVolunteeropportunityUser.php(745): Propel\Runtime\Connection\ConnectionWrapper->transaction()
#4 /var/www/eventworkflow/src/core/APIControllers/EventWorkflowController.php(125): PluginStore\Base\EventWorkflowContainerVolunteeropportunityUser->save()
#5 /var/www/CRM/src/vendor/slim/slim/Slim/Handlers/Strategies/RequestResponse.php(43): Plugins\APIControllers\EventWorkflowController->getContainerContent()
#6 /var/www/CRM/src/vendor/slim/slim/Slim/Routing/Route.php(384): Slim\Handlers\Strategies\RequestResponse->__invoke()
#7 /var/www/CRM/src/vendor/slim/slim/Slim/MiddlewareDispatcher.php(81): Slim\Routing\Route->handle()
#8 /var/www/CRM/src/vendor/slim/slim/Slim/MiddlewareDispatcher.php(81): Slim\MiddlewareDispatcher->handle()
#9 /var/www/CRM/src/vendor/slim/slim/Slim/Routing/Route.php(341): Slim\MiddlewareDispatcher->handle()
#10 /var/www/CRM/src/vendor/slim/slim/Slim/Routing/RouteRunner.php(84): Slim\Routing\Route->run()
#11 /var/www/CRM/src/EcclesiaCRM/Slim/Middleware/VersionMiddleware.php(17): Slim\Routing\RouteRunner->handle()
#12 /var/www/CRM/src/vendor/slim/slim/Slim/MiddlewareDispatcher.php(313): EcclesiaCRM\Slim\Middleware\VersionMiddleware->__invoke()
#13 /var/www/CRM/src/vendor/tuupola/slim-jwt-auth/src/JwtAuthentication.php(132): class@anonymous->handle()
#14 /var/www/CRM/src/vendor/slim/slim/Slim/MiddlewareDispatcher.php(147): Tuupola\Middleware\JwtAuthentication->process()
#15 /var/www/CRM/src/vendor/slim/slim/Slim/Middleware/ErrorMiddleware.php(107): class@anonymous->handle()
#16 /var/www/CRM/src/vendor/slim/slim/Slim/MiddlewareDispatcher.php(147): Slim\Middleware\ErrorMiddleware->process()
#17 /var/www/CRM/src/vendor/slim/slim/Slim/MiddlewareDispatcher.php(81): class@anonymous->handle()
#18 /var/www/CRM/src/vendor/slim/slim/Slim/App.php(215): Slim\MiddlewareDispatcher->handle()
#19 /var/www/CRM/src/vendor/slim/slim/Slim/App.php(199): Slim\App->handle()
#20 /var/www/CRM/src/api/index.php(145): Slim\App->run()
#21 {main}
Previous Error:
Type: PDOException
Code: 23000
Message: SQLSTATE[23000]: Integrity constraint violation: 1452 Cannot add or update a child row: a foreign key constraint fails (`crm`.`wfe_container_volunteeropportunity_user`, CONSTRAINT `fk_wf_cvou_container_volunteeropportunity_id` FOREIGN KEY (`wf_cvou_container_volunteeropportunity_id`) REFERENCES `wfe_container_v)
File: /var/www/CRM/src/vendor/propel/propel/src/Propel/Runtime/Connection/StatementWrapper.php
Line: 215
Trace: #0 /var/www/CRM/src/vendor/propel/propel/src/Propel/Runtime/Connection/StatementWrapper.php(215): PDOStatement->execute()
#1 /var/www/eventworkflow/src/core/model/Base/EventWorkflowContainerVolunteeropportunityUser.php(845): Propel\Runtime\Connection\StatementWrapper->execute()
#2 /var/www/eventworkflow/src/core/model/Base/EventWorkflowContainerVolunteeropportunityUser.php(768): PluginStore\Base\EventWorkflowContainerVolunteeropportunityUser->doInsert()
#3 /var/www/eventworkflow/src/core/model/Base/EventWorkflowContainerVolunteeropportunityUser.php(732): PluginStore\Base\EventWorkflowContainerVolunteeropportunityUser->doSave()
#4 /var/www/CRM/src/vendor/propel/propel/src/Propel/Runtime/Connection/TransactionTrait.php(35): PluginStore\Base\EventWorkflowContainerVolunteeropportunityUser->PluginStore\Base\{closure}()
#5 /var/www/eventworkflow/src/core/model/Base/EventWorkflowContainerVolunteeropportunityUser.php(745): Propel\Runtime\Connection\ConnectionWrapper->transaction()
#6 /var/www/eventworkflow/src/core/APIControllers/EventWorkflowController.php(125): PluginStore\Base\EventWorkflowContainerVolunteeropportunityUser->save()
#7 /var/www/CRM/src/vendor/slim/slim/Slim/Handlers/Strategies/RequestResponse.php(43): Plugins\APIControllers\EventWorkflowController->getContainerContent()
#8 /var/www/CRM/src/vendor/slim/slim/Slim/Routing/Route.php(384): Slim\Handlers\Strategies\RequestResponse->__invoke()
#9 /var/www/CRM/src/vendor/slim/slim/Slim/MiddlewareDispatcher.php(81): Slim\Routing\Route->handle()
#10 /var/www/CRM/src/vendor/slim/slim/Slim/MiddlewareDispatcher.php(81): Slim\MiddlewareDispatcher->handle()
#11 /var/www/CRM/src/vendor/slim/slim/Slim/Routing/Route.php(341): Slim\MiddlewareDispatcher->handle()
#12 /var/www/CRM/src/vendor/slim/slim/Slim/Routing/RouteRunner.php(84): Slim\Routing\Route->run()
#13 /var/www/CRM/src/EcclesiaCRM/Slim/Middleware/VersionMiddleware.php(17): Slim\Routing\RouteRunner->handle()
#14 /var/www/CRM/src/vendor/slim/slim/Slim/MiddlewareDispatcher.php(313): EcclesiaCRM\Slim\Middleware\VersionMiddleware->__invoke()
#15 /var/www/CRM/src/vendor/tuupola/slim-jwt-auth/src/JwtAuthentication.php(132): class@anonymous->handle()
#16 /var/www/CRM/src/vendor/slim/slim/Slim/MiddlewareDispatcher.php(147): Tuupola\Middleware\JwtAuthentication->process()
#17 /var/www/CRM/src/vendor/slim/slim/Slim/Middleware/ErrorMiddleware.php(107): class@anonymous->handle()
#18 /var/www/CRM/src/vendor/slim/slim/Slim/MiddlewareDispatcher.php(147): Slim\Middleware\ErrorMiddleware->process()
#19 /var/www/CRM/src/vendor/slim/slim/Slim/MiddlewareDispatcher.php(81): class@anonymous->handle()
#20 /var/www/CRM/src/vendor/slim/slim/Slim/App.php(215): Slim\MiddlewareDispatcher->handle()
#21 /var/www/CRM/src/vendor/slim/slim/Slim/App.php(199): Slim\App->handle()
#22 /var/www/CRM/src/api/index.php(145): Slim\App->run()
#23 {main}
[15-Mar-2022 23:00:32 Europe/Paris] Slim Application Error
Type: Propel\Runtime\Exception\PropelException
Code: 0
Message: Unable to execute INSERT statement [INSERT INTO wfe_container_volunteeropportunity_user (wf_cvou_id, wf_cvou_check, wf_cvou_container_volunteeropportunity_id, wf_cvou_usr_rl_user_id) VALUES (:p0, :p1, :p2, :p3)]
File: /var/www/eventworkflow/src/core/model/Base/EventWorkflowContainerVolunteeropportunityUser.php
Line: 848
Trace: #0 /var/www/eventworkflow/src/core/model/Base/EventWorkflowContainerVolunteeropportunityUser.php(768): PluginStore\Base\EventWorkflowContainerVolunteeropportunityUser->doInsert()
#1 /var/www/eventworkflow/src/core/model/Base/EventWorkflowContainerVolunteeropportunityUser.php(732): PluginStore\Base\EventWorkflowContainerVolunteeropportunityUser->doSave()
#2 /var/www/CRM/src/vendor/propel/propel/src/Propel/Runtime/Connection/TransactionTrait.php(35): PluginStore\Base\EventWorkflowContainerVolunteeropportunityUser->PluginStore\Base\{closure}()
#3 /var/www/eventworkflow/src/core/model/Base/EventWorkflowContainerVolunteeropportunityUser.php(745): Propel\Runtime\Connection\ConnectionWrapper->transaction()
#4 /var/www/eventworkflow/src/core/APIControllers/EventWorkflowController.php(125): PluginStore\Base\EventWorkflowContainerVolunteeropportunityUser->save()
#5 /var/www/CRM/src/vendor/slim/slim/Slim/Handlers/Strategies/RequestResponse.php(43): Plugins\APIControllers\EventWorkflowController->getContainerContent()
#6 /var/www/CRM/src/vendor/slim/slim/Slim/Routing/Route.php(384): Slim\Handlers\Strategies\RequestResponse->__invoke()
#7 /var/www/CRM/src/vendor/slim/slim/Slim/MiddlewareDispatcher.php(81): Slim\Routing\Route->handle()
#8 /var/www/CRM/src/vendor/slim/slim/Slim/MiddlewareDispatcher.php(81): Slim\MiddlewareDispatcher->handle()
#9 /var/www/CRM/src/vendor/slim/slim/Slim/Routing/Route.php(341): Slim\MiddlewareDispatcher->handle()
#10 /var/www/CRM/src/vendor/slim/slim/Slim/Routing/RouteRunner.php(84): Slim\Routing\Route->run()
#11 /var/www/CRM/src/EcclesiaCRM/Slim/Middleware/VersionMiddleware.php(17): Slim\Routing\RouteRunner->handle()
#12 /var/www/CRM/src/vendor/slim/slim/Slim/MiddlewareDispatcher.php(313): EcclesiaCRM\Slim\Middleware\VersionMiddleware->__invoke()
#13 /var/www/CRM/src/vendor/tuupola/slim-jwt-auth/src/JwtAuthentication.php(132): class@anonymous->handle()
#14 /var/www/CRM/src/vendor/slim/slim/Slim/MiddlewareDispatcher.php(147): Tuupola\Middleware\JwtAuthentication->process()
#15 /var/www/CRM/src/vendor/slim/slim/Slim/Middleware/ErrorMiddleware.php(107): class@anonymous->handle()
#16 /var/www/CRM/src/vendor/slim/slim/Slim/MiddlewareDispatcher.php(147): Slim\Middleware\ErrorMiddleware->process()
#17 /var/www/CRM/src/vendor/slim/slim/Slim/MiddlewareDispatcher.php(81): class@anonymous->handle()
#18 /var/www/CRM/src/vendor/slim/slim/Slim/App.php(215): Slim\MiddlewareDispatcher->handle()
#19 /var/www/CRM/src/vendor/slim/slim/Slim/App.php(199): Slim\App->handle()
#20 /var/www/CRM/src/api/index.php(145): Slim\App->run()
#21 {main}
Previous Error:
Type: PDOException
Code: 23000
Message: SQLSTATE[23000]: Integrity constraint violation: 1452 Cannot add or update a child row: a foreign key constraint fails (`crm`.`wfe_container_volunteeropportunity_user`, CONSTRAINT `fk_wf_cvou_usr_rl_user_id` FOREIGN KEY (`wf_cvou_usr_rl_user_id`) REFERENCES `user_usr` (`usr_per_ID`) ON DELETE CASCADE)
File: /var/www/CRM/src/vendor/propel/propel/src/Propel/Runtime/Connection/StatementWrapper.php
Line: 215
Trace: #0 /var/www/CRM/src/vendor/propel/propel/src/Propel/Runtime/Connection/StatementWrapper.php(215): PDOStatement->execute()
#1 /var/www/eventworkflow/src/core/model/Base/EventWorkflowContainerVolunteeropportunityUser.php(845): Propel\Runtime\Connection\StatementWrapper->execute()
#2 /var/www/eventworkflow/src/core/model/Base/EventWorkflowContainerVolunteeropportunityUser.php(768): PluginStore\Base\EventWorkflowContainerVolunteeropportunityUser->doInsert()
#3 /var/www/eventworkflow/src/core/model/Base/EventWorkflowContainerVolunteeropportunityUser.php(732): PluginStore\Base\EventWorkflowContainerVolunteeropportunityUser->doSave()
#4 /var/www/CRM/src/vendor/propel/propel/src/Propel/Runtime/Connection/TransactionTrait.php(35): PluginStore\Base\EventWorkflowContainerVolunteeropportunityUser->PluginStore\Base\{closure}()
#5 /var/www/eventworkflow/src/core/model/Base/EventWorkflowContainerVolunteeropportunityUser.php(745): Propel\Runtime\Connection\ConnectionWrapper->transaction()
#6 /var/www/eventworkflow/src/core/APIControllers/EventWorkflowController.php(125): PluginStore\Base\EventWorkflowContainerVolunteeropportunityUser->save()
#7 /var/www/CRM/src/vendor/slim/slim/Slim/Handlers/Strategies/RequestResponse.php(43): Plugins\APIControllers\EventWorkflowController->getContainerContent()
#8 /var/www/CRM/src/vendor/slim/slim/Slim/Routing/Route.php(384): Slim\Handlers\Strategies\RequestResponse->__invoke()
#9 /var/www/CRM/src/vendor/slim/slim/Slim/MiddlewareDispatcher.php(81): Slim\Routing\Route->handle()
#10 /var/www/CRM/src/vendor/slim/slim/Slim/MiddlewareDispatcher.php(81): Slim\MiddlewareDispatcher->handle()
#11 /var/www/CRM/src/vendor/slim/slim/Slim/Routing/Route.php(341): Slim\MiddlewareDispatcher->handle()
#12 /var/www/CRM/src/vendor/slim/slim/Slim/Routing/RouteRunner.php(84): Slim\Routing\Route->run()
#13 /var/www/CRM/src/EcclesiaCRM/Slim/Middleware/VersionMiddleware.php(17): Slim\Routing\RouteRunner->handle()
#14 /var/www/CRM/src/vendor/slim/slim/Slim/MiddlewareDispatcher.php(313): EcclesiaCRM\Slim\Middleware\VersionMiddleware->__invoke()
#15 /var/www/CRM/src/vendor/tuupola/slim-jwt-auth/src/JwtAuthentication.php(132): class@anonymous->handle()
#16 /var/www/CRM/src/vendor/slim/slim/Slim/MiddlewareDispatcher.php(147): Tuupola\Middleware\JwtAuthentication->process()
#17 /var/www/CRM/src/vendor/slim/slim/Slim/Middleware/ErrorMiddleware.php(107): class@anonymous->handle()
#18 /var/www/CRM/src/vendor/slim/slim/Slim/MiddlewareDispatcher.php(147): Slim\Middleware\ErrorMiddleware->process()
#19 /var/www/CRM/src/vendor/slim/slim/Slim/MiddlewareDispatcher.php(81): class@anonymous->handle()
#20 /var/www/CRM/src/vendor/slim/slim/Slim/App.php(215): Slim\MiddlewareDispatcher->handle()
#21 /var/www/CRM/src/vendor/slim/slim/Slim/App.php(199): Slim\App->handle()
#22 /var/www/CRM/src/api/index.php(145): Slim\App->run()
#23 {main}
[15-Mar-2022 23:02:56 Europe/Paris] Slim Application Error
Type: Propel\Runtime\Exception\PropelException
Code: 0
Message: Unable to execute INSERT statement [INSERT INTO wfe_container_volunteeropportunity_user (wf_cvou_id, wf_cvou_check, wf_cvou_container_volunteeropportunity_id, wf_cvou_usr_rl_user_id) VALUES (:p0, :p1, :p2, :p3)]
File: /var/www/eventworkflow/src/core/model/Base/EventWorkflowContainerVolunteeropportunityUser.php
Line: 848
Trace: #0 /var/www/eventworkflow/src/core/model/Base/EventWorkflowContainerVolunteeropportunityUser.php(768): PluginStore\Base\EventWorkflowContainerVolunteeropportunityUser->doInsert()
#1 /var/www/eventworkflow/src/core/model/Base/EventWorkflowContainerVolunteeropportunityUser.php(732): PluginStore\Base\EventWorkflowContainerVolunteeropportunityUser->doSave()
#2 /var/www/CRM/src/vendor/propel/propel/src/Propel/Runtime/Connection/TransactionTrait.php(35): PluginStore\Base\EventWorkflowContainerVolunteeropportunityUser->PluginStore\Base\{closure}()
#3 /var/www/eventworkflow/src/core/model/Base/EventWorkflowContainerVolunteeropportunityUser.php(745): Propel\Runtime\Connection\ConnectionWrapper->transaction()
#4 /var/www/eventworkflow/src/core/APIControllers/EventWorkflowController.php(125): PluginStore\Base\EventWorkflowContainerVolunteeropportunityUser->save()
#5 /var/www/CRM/src/vendor/slim/slim/Slim/Handlers/Strategies/RequestResponse.php(43): Plugins\APIControllers\EventWorkflowController->getContainerContent()
#6 /var/www/CRM/src/vendor/slim/slim/Slim/Routing/Route.php(384): Slim\Handlers\Strategies\RequestResponse->__invoke()
#7 /var/www/CRM/src/vendor/slim/slim/Slim/MiddlewareDispatcher.php(81): Slim\Routing\Route->handle()
#8 /var/www/CRM/src/vendor/slim/slim/Slim/MiddlewareDispatcher.php(81): Slim\MiddlewareDispatcher->handle()
#9 /var/www/CRM/src/vendor/slim/slim/Slim/Routing/Route.php(341): Slim\MiddlewareDispatcher->handle()
#10 /var/www/CRM/src/vendor/slim/slim/Slim/Routing/RouteRunner.php(84): Slim\Routing\Route->run()
#11 /var/www/CRM/src/EcclesiaCRM/Slim/Middleware/VersionMiddleware.php(17): Slim\Routing\RouteRunner->handle()
#12 /var/www/CRM/src/vendor/slim/slim/Slim/MiddlewareDispatcher.php(313): EcclesiaCRM\Slim\Middleware\VersionMiddleware->__invoke()
#13 /var/www/CRM/src/vendor/tuupola/slim-jwt-auth/src/JwtAuthentication.php(132): class@anonymous->handle()
#14 /var/www/CRM/src/vendor/slim/slim/Slim/MiddlewareDispatcher.php(147): Tuupola\Middleware\JwtAuthentication->process()
#15 /var/www/CRM/src/vendor/slim/slim/Slim/Middleware/ErrorMiddleware.php(107): class@anonymous->handle()
#16 /var/www/CRM/src/vendor/slim/slim/Slim/MiddlewareDispatcher.php(147): Slim\Middleware\ErrorMiddleware->process()
#17 /var/www/CRM/src/vendor/slim/slim/Slim/MiddlewareDispatcher.php(81): class@anonymous->handle()
#18 /var/www/CRM/src/vendor/slim/slim/Slim/App.php(215): Slim\MiddlewareDispatcher->handle()
#19 /var/www/CRM/src/vendor/slim/slim/Slim/App.php(199): Slim\App->handle()
#20 /var/www/CRM/src/api/index.php(145): Slim\App->run()
#21 {main}
Previous Error:
Type: PDOException
Code: 23000
Message: SQLSTATE[23000]: Integrity constraint violation: 1452 Cannot add or update a child row: a foreign key constraint fails (`crm`.`wfe_container_volunteeropportunity_user`, CONSTRAINT `fk_wf_cvou_container_volunteeropportunity_id` FOREIGN KEY (`wf_cvou_container_volunteeropportunity_id`) REFERENCES `wfe_container_v)
File: /var/www/CRM/src/vendor/propel/propel/src/Propel/Runtime/Connection/StatementWrapper.php
Line: 215
Trace: #0 /var/www/CRM/src/vendor/propel/propel/src/Propel/Runtime/Connection/StatementWrapper.php(215): PDOStatement->execute()
#1 /var/www/eventworkflow/src/core/model/Base/EventWorkflowContainerVolunteeropportunityUser.php(845): Propel\Runtime\Connection\StatementWrapper->execute()
#2 /var/www/eventworkflow/src/core/model/Base/EventWorkflowContainerVolunteeropportunityUser.php(768): PluginStore\Base\EventWorkflowContainerVolunteeropportunityUser->doInsert()
#3 /var/www/eventworkflow/src/core/model/Base/EventWorkflowContainerVolunteeropportunityUser.php(732): PluginStore\Base\EventWorkflowContainerVolunteeropportunityUser->doSave()
#4 /var/www/CRM/src/vendor/propel/propel/src/Propel/Runtime/Connection/TransactionTrait.php(35): PluginStore\Base\EventWorkflowContainerVolunteeropportunityUser->PluginStore\Base\{closure}()
#5 /var/www/eventworkflow/src/core/model/Base/EventWorkflowContainerVolunteeropportunityUser.php(745): Propel\Runtime\Connection\ConnectionWrapper->transaction()
#6 /var/www/eventworkflow/src/core/APIControllers/EventWorkflowController.php(125): PluginStore\Base\EventWorkflowContainerVolunteeropportunityUser->save()
#7 /var/www/CRM/src/vendor/slim/slim/Slim/Handlers/Strategies/RequestResponse.php(43): Plugins\APIControllers\EventWorkflowController->getContainerContent()
#8 /var/www/CRM/src/vendor/slim/slim/Slim/Routing/Route.php(384): Slim\Handlers\Strategies\RequestResponse->__invoke()
#9 /var/www/CRM/src/vendor/slim/slim/Slim/MiddlewareDispatcher.php(81): Slim\Routing\Route->handle()
#10 /var/www/CRM/src/vendor/slim/slim/Slim/MiddlewareDispatcher.php(81): Slim\MiddlewareDispatcher->handle()
#11 /var/www/CRM/src/vendor/slim/slim/Slim/Routing/Route.php(341): Slim\MiddlewareDispatcher->handle()
#12 /var/www/CRM/src/vendor/slim/slim/Slim/Routing/RouteRunner.php(84): Slim\Routing\Route->run()
#13 /var/www/CRM/src/EcclesiaCRM/Slim/Middleware/VersionMiddleware.php(17): Slim\Routing\RouteRunner->handle()
#14 /var/www/CRM/src/vendor/slim/slim/Slim/MiddlewareDispatcher.php(313): EcclesiaCRM\Slim\Middleware\VersionMiddleware->__invoke()
#15 /var/www/CRM/src/vendor/tuupola/slim-jwt-auth/src/JwtAuthentication.php(132): class@anonymous->handle()
#16 /var/www/CRM/src/vendor/slim/slim/Slim/MiddlewareDispatcher.php(147): Tuupola\Middleware\JwtAuthentication->process()
#17 /var/www/CRM/src/vendor/slim/slim/Slim/Middleware/ErrorMiddleware.php(107): class@anonymous->handle()
#18 /var/www/CRM/src/vendor/slim/slim/Slim/MiddlewareDispatcher.php(147): Slim\Middleware\ErrorMiddleware->process()
#19 /var/www/CRM/src/vendor/slim/slim/Slim/MiddlewareDispatcher.php(81): class@anonymous->handle()
#20 /var/www/CRM/src/vendor/slim/slim/Slim/App.php(215): Slim\MiddlewareDispatcher->handle()
#21 /var/www/CRM/src/vendor/slim/slim/Slim/App.php(199): Slim\App->handle()
#22 /var/www/CRM/src/api/index.php(145): Slim\App->run()
#23 {main}
