[16-Nov-2022 04:49:29 Europe/Paris] PHP Fatal error:  Allowed memory size of 134217728 bytes exhausted (tried to allocate 1162346496 bytes) in /var/www/CRM/src/vendor/monolog/monolog/src/Monolog/Handler/StreamHandler.php on line 68
[16-Nov-2022 12:15:07 Europe/Paris] Slim Application Error
Type: Error
Code: 0
Message: Class 'EcclesiaCRM\Service\IntlDateFormatter' not found
File: /var/www/CRM/src/EcclesiaCRM/Service/CalendarService.php
Line: 461
Trace: #0 /var/www/CRM/src/EcclesiaCRM/Service/CalendarService.php(412): EcclesiaCRM\Service\CalendarService->createCalendarItemForGetEvents()
#1 /var/www/CRM/src/EcclesiaCRM/APIControllers/CalendarV2Controller.php(58): EcclesiaCRM\Service\CalendarService->getEvents()
#2 /var/www/CRM/src/vendor/slim/slim/Slim/Handlers/Strategies/RequestResponse.php(43): EcclesiaCRM\APIControllers\CalendarV2Controller->getallCalendarEventsForEventsList()
#3 /var/www/CRM/src/vendor/slim/slim/Slim/Routing/Route.php(384): Slim\Handlers\Strategies\RequestResponse->__invoke()
#4 /var/www/CRM/src/vendor/slim/slim/Slim/MiddlewareDispatcher.php(81): Slim\Routing\Route->handle()
#5 /var/www/CRM/src/vendor/slim/slim/Slim/MiddlewareDispatcher.php(81): Slim\MiddlewareDispatcher->handle()
#6 /var/www/CRM/src/vendor/slim/slim/Slim/Routing/Route.php(341): Slim\MiddlewareDispatcher->handle()
#7 /var/www/CRM/src/vendor/slim/slim/Slim/Routing/RouteRunner.php(84): Slim\Routing\Route->run()
#8 /var/www/CRM/src/EcclesiaCRM/Slim/Middleware/VersionMiddleware.php(17): Slim\Routing\RouteRunner->handle()
#9 /var/www/CRM/src/vendor/slim/slim/Slim/MiddlewareDispatcher.php(313): EcclesiaCRM\Slim\Middleware\VersionMiddleware->__invoke()
#10 /var/www/CRM/src/vendor/tuupola/slim-jwt-auth/src/JwtAuthentication.php(132): class@anonymous->handle()
#11 /var/www/CRM/src/vendor/slim/slim/Slim/MiddlewareDispatcher.php(147): Tuupola\Middleware\JwtAuthentication->process()
#12 /var/www/CRM/src/vendor/slim/slim/Slim/Middleware/ErrorMiddleware.php(107): class@anonymous->handle()
#13 /var/www/CRM/src/vendor/slim/slim/Slim/MiddlewareDispatcher.php(147): Slim\Middleware\ErrorMiddleware->process()
#14 /var/www/CRM/src/vendor/slim/slim/Slim/MiddlewareDispatcher.php(81): class@anonymous->handle()
#15 /var/www/CRM/src/vendor/slim/slim/Slim/App.php(215): Slim\MiddlewareDispatcher->handle()
#16 /var/www/CRM/src/vendor/slim/slim/Slim/App.php(199): Slim\App->handle()
#17 /var/www/CRM/src/api/index.php(158): Slim\App->run()
#18 {main}
[16-Nov-2022 12:18:10 Europe/Paris] Slim Application Error
Type: Error
Code: 0
Message: Class 'EcclesiaCRM\Service\IntlDateFormatter' not found
File: /var/www/CRM/src/EcclesiaCRM/Service/CalendarService.php
Line: 461
Trace: #0 /var/www/CRM/src/EcclesiaCRM/Service/CalendarService.php(412): EcclesiaCRM\Service\CalendarService->createCalendarItemForGetEvents()
#1 /var/www/CRM/src/EcclesiaCRM/APIControllers/CalendarV2Controller.php(58): EcclesiaCRM\Service\CalendarService->getEvents()
#2 /var/www/CRM/src/vendor/slim/slim/Slim/Handlers/Strategies/RequestResponse.php(43): EcclesiaCRM\APIControllers\CalendarV2Controller->getallCalendarEventsForEventsList()
#3 /var/www/CRM/src/vendor/slim/slim/Slim/Routing/Route.php(384): Slim\Handlers\Strategies\RequestResponse->__invoke()
#4 /var/www/CRM/src/vendor/slim/slim/Slim/MiddlewareDispatcher.php(81): Slim\Routing\Route->handle()
#5 /var/www/CRM/src/vendor/slim/slim/Slim/MiddlewareDispatcher.php(81): Slim\MiddlewareDispatcher->handle()
#6 /var/www/CRM/src/vendor/slim/slim/Slim/Routing/Route.php(341): Slim\MiddlewareDispatcher->handle()
#7 /var/www/CRM/src/vendor/slim/slim/Slim/Routing/RouteRunner.php(84): Slim\Routing\Route->run()
#8 /var/www/CRM/src/EcclesiaCRM/Slim/Middleware/VersionMiddleware.php(17): Slim\Routing\RouteRunner->handle()
#9 /var/www/CRM/src/vendor/slim/slim/Slim/MiddlewareDispatcher.php(313): EcclesiaCRM\Slim\Middleware\VersionMiddleware->__invoke()
#10 /var/www/CRM/src/vendor/tuupola/slim-jwt-auth/src/JwtAuthentication.php(132): class@anonymous->handle()
#11 /var/www/CRM/src/vendor/slim/slim/Slim/MiddlewareDispatcher.php(147): Tuupola\Middleware\JwtAuthentication->process()
#12 /var/www/CRM/src/vendor/slim/slim/Slim/Middleware/ErrorMiddleware.php(107): class@anonymous->handle()
#13 /var/www/CRM/src/vendor/slim/slim/Slim/MiddlewareDispatcher.php(147): Slim\Middleware\ErrorMiddleware->process()
#14 /var/www/CRM/src/vendor/slim/slim/Slim/MiddlewareDispatcher.php(81): class@anonymous->handle()
#15 /var/www/CRM/src/vendor/slim/slim/Slim/App.php(215): Slim\MiddlewareDispatcher->handle()
#16 /var/www/CRM/src/vendor/slim/slim/Slim/App.php(199): Slim\App->handle()
#17 /var/www/CRM/src/api/index.php(158): Slim\App->run()
#18 {main}
[16-Nov-2022 12:19:11 Europe/Paris] Slim Application Error
Type: Error
Code: 0
Message: Call to a member function format() on string
File: /var/www/CRM/src/EcclesiaCRM/Service/CalendarService.php
Line: 463
Trace: #0 /var/www/CRM/src/EcclesiaCRM/Service/CalendarService.php(412): EcclesiaCRM\Service\CalendarService->createCalendarItemForGetEvents()
#1 /var/www/CRM/src/EcclesiaCRM/APIControllers/CalendarV2Controller.php(58): EcclesiaCRM\Service\CalendarService->getEvents()
#2 /var/www/CRM/src/vendor/slim/slim/Slim/Handlers/Strategies/RequestResponse.php(43): EcclesiaCRM\APIControllers\CalendarV2Controller->getallCalendarEventsForEventsList()
#3 /var/www/CRM/src/vendor/slim/slim/Slim/Routing/Route.php(384): Slim\Handlers\Strategies\RequestResponse->__invoke()
#4 /var/www/CRM/src/vendor/slim/slim/Slim/MiddlewareDispatcher.php(81): Slim\Routing\Route->handle()
#5 /var/www/CRM/src/vendor/slim/slim/Slim/MiddlewareDispatcher.php(81): Slim\MiddlewareDispatcher->handle()
#6 /var/www/CRM/src/vendor/slim/slim/Slim/Routing/Route.php(341): Slim\MiddlewareDispatcher->handle()
#7 /var/www/CRM/src/vendor/slim/slim/Slim/Routing/RouteRunner.php(84): Slim\Routing\Route->run()
#8 /var/www/CRM/src/EcclesiaCRM/Slim/Middleware/VersionMiddleware.php(17): Slim\Routing\RouteRunner->handle()
#9 /var/www/CRM/src/vendor/slim/slim/Slim/MiddlewareDispatcher.php(313): EcclesiaCRM\Slim\Middleware\VersionMiddleware->__invoke()
#10 /var/www/CRM/src/vendor/tuupola/slim-jwt-auth/src/JwtAuthentication.php(132): class@anonymous->handle()
#11 /var/www/CRM/src/vendor/slim/slim/Slim/MiddlewareDispatcher.php(147): Tuupola\Middleware\JwtAuthentication->process()
#12 /var/www/CRM/src/vendor/slim/slim/Slim/Middleware/ErrorMiddleware.php(107): class@anonymous->handle()
#13 /var/www/CRM/src/vendor/slim/slim/Slim/MiddlewareDispatcher.php(147): Slim\Middleware\ErrorMiddleware->process()
#14 /var/www/CRM/src/vendor/slim/slim/Slim/MiddlewareDispatcher.php(81): class@anonymous->handle()
#15 /var/www/CRM/src/vendor/slim/slim/Slim/App.php(215): Slim\MiddlewareDispatcher->handle()
#16 /var/www/CRM/src/vendor/slim/slim/Slim/App.php(199): Slim\App->handle()
#17 /var/www/CRM/src/api/index.php(158): Slim\App->run()
#18 {main}
[16-Nov-2022 12:19:53 Europe/Paris] PHP Fatal error:  Allowed memory size of 134217728 bytes exhausted (tried to allocate 2080636928 bytes) in /var/www/CRM/src/vendor/monolog/monolog/src/Monolog/Handler/StreamHandler.php on line 68
[16-Nov-2022 12:20:49 Europe/Paris] PHP Fatal error:  Allowed memory size of 134217728 bytes exhausted (tried to allocate 1641545728 bytes) in /var/www/CRM/src/vendor/monolog/monolog/src/Monolog/Handler/StreamHandler.php on line 68
[16-Nov-2022 12:25:28 Europe/Paris] PHP Fatal error:  Allowed memory size of 134217728 bytes exhausted (tried to allocate 150208512 bytes) in /var/www/CRM/src/vendor/monolog/monolog/src/Monolog/Handler/StreamHandler.php on line 68
[16-Nov-2022 12:25:34 Europe/Paris] Slim Application Error
Type: ParseError
Code: 0
Message: syntax error, unexpected '-&gt;' (T_OBJECT_OPERATOR)
File: /var/www/CRM/src/EcclesiaCRM/Service/CalendarService.php
Line: 464
Trace: #0 /var/www/CRM/src/vendor/composer/ClassLoader.php(322): Composer\Autoload\includeFile()
#1 [internal function]: Composer\Autoload\ClassLoader->loadClass()
#2 /var/www/CRM/src/api/dependencies.php(49): spl_autoload_call()
#3 [internal function]: {closure}()
#4 /var/www/CRM/src/vendor/php-di/invoker/src/Invoker.php(74): call_user_func_array()
#5 /var/www/CRM/src/vendor/php-di/php-di/src/Definition/Resolver/FactoryResolver.php(80): Invoker\Invoker->call()
#6 /var/www/CRM/src/vendor/php-di/php-di/src/Definition/Resolver/ResolverDispatcher.php(71): DI\Definition\Resolver\FactoryResolver->resolve()
#7 /var/www/CRM/src/vendor/php-di/php-di/src/Container.php(390): DI\Definition\Resolver\ResolverDispatcher->resolve()
#8 /var/www/CRM/src/vendor/php-di/php-di/src/Container.php(139): DI\Container->resolveDefinition()
#9 /var/www/CRM/src/EcclesiaCRM/APIControllers/CalendarV2Controller.php(56): DI\Container->get()
#10 /var/www/CRM/src/vendor/slim/slim/Slim/Handlers/Strategies/RequestResponse.php(43): EcclesiaCRM\APIControllers\CalendarV2Controller->getallCalendarEventsForEventsList()
#11 /var/www/CRM/src/vendor/slim/slim/Slim/Routing/Route.php(384): Slim\Handlers\Strategies\RequestResponse->__invoke()
#12 /var/www/CRM/src/vendor/slim/slim/Slim/MiddlewareDispatcher.php(81): Slim\Routing\Route->handle()
#13 /var/www/CRM/src/vendor/slim/slim/Slim/MiddlewareDispatcher.php(81): Slim\MiddlewareDispatcher->handle()
#14 /var/www/CRM/src/vendor/slim/slim/Slim/Routing/Route.php(341): Slim\MiddlewareDispatcher->handle()
#15 /var/www/CRM/src/vendor/slim/slim/Slim/Routing/RouteRunner.php(84): Slim\Routing\Route->run()
#16 /var/www/CRM/src/EcclesiaCRM/Slim/Middleware/VersionMiddleware.php(17): Slim\Routing\RouteRunner->handle()
#17 /var/www/CRM/src/vendor/slim/slim/Slim/MiddlewareDispatcher.php(313): EcclesiaCRM\Slim\Middleware\VersionMiddleware->__invoke()
#18 /var/www/CRM/src/vendor/tuupola/slim-jwt-auth/src/JwtAuthentication.php(132): class@anonymous->handle()
#19 /var/www/CRM/src/vendor/slim/slim/Slim/MiddlewareDispatcher.php(147): Tuupola\Middleware\JwtAuthentication->process()
#20 /var/www/CRM/src/vendor/slim/slim/Slim/Middleware/ErrorMiddleware.php(107): class@anonymous->handle()
#21 /var/www/CRM/src/vendor/slim/slim/Slim/MiddlewareDispatcher.php(147): Slim\Middleware\ErrorMiddleware->process()
#22 /var/www/CRM/src/vendor/slim/slim/Slim/MiddlewareDispatcher.php(81): class@anonymous->handle()
#23 /var/www/CRM/src/vendor/slim/slim/Slim/App.php(215): Slim\MiddlewareDispatcher->handle()
#24 /var/www/CRM/src/vendor/slim/slim/Slim/App.php(199): Slim\App->handle()
#25 /var/www/CRM/src/api/index.php(158): Slim\App->run()
#26 {main}
[16-Nov-2022 12:29:29 Europe/Paris] PHP Fatal error:  Allowed memory size of 134217728 bytes exhausted (tried to allocate 3339976704 bytes) in /var/www/CRM/src/vendor/monolog/monolog/src/Monolog/Handler/StreamHandler.php on line 68
[16-Nov-2022 12:31:49 Europe/Paris] PHP Fatal error:  Allowed memory size of 134217728 bytes exhausted (tried to allocate 2259156992 bytes) in /var/www/CRM/src/vendor/monolog/monolog/src/Monolog/Handler/StreamHandler.php on line 68
[16-Nov-2022 14:14:42 Europe/Paris] PHP Fatal error:  Allowed memory size of 134217728 bytes exhausted (tried to allocate 222298112 bytes) in /var/www/CRM/src/vendor/monolog/monolog/src/Monolog/Handler/StreamHandler.php on line 68
[16-Nov-2022 14:28:50 Europe/Paris] Slim Application Error
Type: Error
Code: 0
Message: Call to a member function getCreatorUserId() on null
File: /var/www/CRM/src/EcclesiaCRM/APIControllers/CalendarEventV2Controller.php
Line: 740
Trace: #0 /var/www/CRM/src/vendor/slim/slim/Slim/Handlers/Strategies/RequestResponse.php(43): EcclesiaCRM\APIControllers\CalendarEventV2Controller->manageEvent()
#1 /var/www/CRM/src/vendor/slim/slim/Slim/Routing/Route.php(384): Slim\Handlers\Strategies\RequestResponse->__invoke()
#2 /var/www/CRM/src/vendor/slim/slim/Slim/MiddlewareDispatcher.php(81): Slim\Routing\Route->handle()
#3 /var/www/CRM/src/vendor/slim/slim/Slim/MiddlewareDispatcher.php(81): Slim\MiddlewareDispatcher->handle()
#4 /var/www/CRM/src/vendor/slim/slim/Slim/Routing/Route.php(341): Slim\MiddlewareDispatcher->handle()
#5 /var/www/CRM/src/vendor/slim/slim/Slim/Routing/RouteRunner.php(84): Slim\Routing\Route->run()
#6 /var/www/CRM/src/EcclesiaCRM/Slim/Middleware/VersionMiddleware.php(17): Slim\Routing\RouteRunner->handle()
#7 /var/www/CRM/src/vendor/slim/slim/Slim/MiddlewareDispatcher.php(313): EcclesiaCRM\Slim\Middleware\VersionMiddleware->__invoke()
#8 /var/www/CRM/src/vendor/tuupola/slim-jwt-auth/src/JwtAuthentication.php(132): class@anonymous->handle()
#9 /var/www/CRM/src/vendor/slim/slim/Slim/MiddlewareDispatcher.php(147): Tuupola\Middleware\JwtAuthentication->process()
#10 /var/www/CRM/src/vendor/slim/slim/Slim/Middleware/ErrorMiddleware.php(107): class@anonymous->handle()
#11 /var/www/CRM/src/vendor/slim/slim/Slim/MiddlewareDispatcher.php(147): Slim\Middleware\ErrorMiddleware->process()
#12 /var/www/CRM/src/vendor/slim/slim/Slim/MiddlewareDispatcher.php(81): class@anonymous->handle()
#13 /var/www/CRM/src/vendor/slim/slim/Slim/App.php(215): Slim\MiddlewareDispatcher->handle()
#14 /var/www/CRM/src/vendor/slim/slim/Slim/App.php(199): Slim\App->handle()
#15 /var/www/CRM/src/api/index.php(158): Slim\App->run()
#16 {main}
