[13-Apr-2022 17:27:05 Europe/Paris] Slim Application Error
Type: Error
Code: 0
Message: Call to a member function subMenu() on null
File: /var/www/CRM/src/EcclesiaCRM/MenuBar/Menu.php
Line: 251
Trace: #0 /var/www/CRM/src/EcclesiaCRM/view/MenuRenderer.php(13): EcclesiaCRM\MenuBar\Menu->renderMenu()
#1 /var/www/CRM/src/Include/Header.php(241): EcclesiaCRM\view\MenuRenderer::RenderMenu()
#2 /var/www/eventworkflow/src/v2/templates/eventworkflowdashboard.php(12): require('...')
#3 /var/www/CRM/src/vendor/slim/php-view/src/PhpRenderer.php(188): include('...')
#4 /var/www/CRM/src/vendor/slim/php-view/src/PhpRenderer.php(169): Slim\Views\PhpRenderer->protectedIncludeScope()
#5 /var/www/CRM/src/vendor/slim/php-view/src/PhpRenderer.php(62): Slim\Views\PhpRenderer->fetch()
#6 /var/www/eventworkflow/src/core/VIEWControllers/VIEWEventWorkflowController.php(45): Slim\Views\PhpRenderer->render()
#7 /var/www/CRM/src/vendor/slim/slim/Slim/Handlers/Strategies/RequestResponse.php(43): Plugins\VIEWControllers\VIEWEventWorkflowController->renderDashboard()
#8 /var/www/CRM/src/vendor/slim/slim/Slim/Routing/Route.php(384): Slim\Handlers\Strategies\RequestResponse->__invoke()
#9 /var/www/CRM/src/vendor/slim/slim/Slim/MiddlewareDispatcher.php(81): Slim\Routing\Route->handle()
#10 /var/www/CRM/src/vendor/slim/slim/Slim/MiddlewareDispatcher.php(81): Slim\MiddlewareDispatcher->handle()
#11 /var/www/CRM/src/vendor/slim/slim/Slim/Routing/Route.php(341): Slim\MiddlewareDispatcher->handle()
#12 /var/www/CRM/src/vendor/slim/slim/Slim/Routing/RouteRunner.php(84): Slim\Routing\Route->run()
#13 /var/www/CRM/src/vendor/slim/http-cache/src/Cache.php(67): Slim\Routing\RouteRunner->handle()
#14 /var/www/CRM/src/vendor/slim/slim/Slim/MiddlewareDispatcher.php(147): Slim\HttpCache\Cache->process()
#15 /var/www/CRM/src/EcclesiaCRM/Slim/Middleware/VersionMiddleware.php(17): Psr\Http\Server\RequestHandlerInterface@anonymous->handle()
#16 /var/www/CRM/src/vendor/slim/slim/Slim/MiddlewareDispatcher.php(313): EcclesiaCRM\Slim\Middleware\VersionMiddleware->__invoke()
#17 /var/www/CRM/src/vendor/tuupola/slim-jwt-auth/src/JwtAuthentication.php(132): Psr\Http\Server\RequestHandlerInterface@anonymous->handle()
#18 /var/www/CRM/src/vendor/slim/slim/Slim/MiddlewareDispatcher.php(147): Tuupola\Middleware\JwtAuthentication->process()
#19 /var/www/CRM/src/vendor/slim/slim/Slim/Middleware/ErrorMiddleware.php(107): Psr\Http\Server\RequestHandlerInterface@anonymous->handle()
#20 /var/www/CRM/src/vendor/slim/slim/Slim/MiddlewareDispatcher.php(147): Slim\Middleware\ErrorMiddleware->process()
#21 /var/www/CRM/src/vendor/slim/slim/Slim/MiddlewareDispatcher.php(81): Psr\Http\Server\RequestHandlerInterface@anonymous->handle()
#22 /var/www/CRM/src/vendor/slim/slim/Slim/App.php(215): Slim\MiddlewareDispatcher->handle()
#23 /var/www/CRM/src/vendor/slim/slim/Slim/App.php(199): Slim\App->handle()
#24 /var/www/CRM/src/v2/index.php(124): Slim\App->run()
#25 {main}
[13-Apr-2022 17:27:24 Europe/Paris] Slim Application Error
Type: Error
Code: 0
Message: Call to a member function subMenu() on null
File: /var/www/CRM/src/EcclesiaCRM/MenuBar/Menu.php
Line: 251
Trace: #0 /var/www/CRM/src/EcclesiaCRM/view/MenuRenderer.php(13): EcclesiaCRM\MenuBar\Menu->renderMenu()
#1 /var/www/CRM/src/Include/Header.php(241): EcclesiaCRM\view\MenuRenderer::RenderMenu()
#2 /var/www/eventworkflow/src/v2/templates/eventworkflowdashboard.php(12): require('...')
#3 /var/www/CRM/src/vendor/slim/php-view/src/PhpRenderer.php(188): include('...')
#4 /var/www/CRM/src/vendor/slim/php-view/src/PhpRenderer.php(169): Slim\Views\PhpRenderer->protectedIncludeScope()
#5 /var/www/CRM/src/vendor/slim/php-view/src/PhpRenderer.php(62): Slim\Views\PhpRenderer->fetch()
#6 /var/www/eventworkflow/src/core/VIEWControllers/VIEWEventWorkflowController.php(45): Slim\Views\PhpRenderer->render()
#7 /var/www/CRM/src/vendor/slim/slim/Slim/Handlers/Strategies/RequestResponse.php(43): Plugins\VIEWControllers\VIEWEventWorkflowController->renderDashboard()
#8 /var/www/CRM/src/vendor/slim/slim/Slim/Routing/Route.php(384): Slim\Handlers\Strategies\RequestResponse->__invoke()
#9 /var/www/CRM/src/vendor/slim/slim/Slim/MiddlewareDispatcher.php(81): Slim\Routing\Route->handle()
#10 /var/www/CRM/src/vendor/slim/slim/Slim/MiddlewareDispatcher.php(81): Slim\MiddlewareDispatcher->handle()
#11 /var/www/CRM/src/vendor/slim/slim/Slim/Routing/Route.php(341): Slim\MiddlewareDispatcher->handle()
#12 /var/www/CRM/src/vendor/slim/slim/Slim/Routing/RouteRunner.php(84): Slim\Routing\Route->run()
#13 /var/www/CRM/src/vendor/slim/http-cache/src/Cache.php(67): Slim\Routing\RouteRunner->handle()
#14 /var/www/CRM/src/vendor/slim/slim/Slim/MiddlewareDispatcher.php(147): Slim\HttpCache\Cache->process()
#15 /var/www/CRM/src/EcclesiaCRM/Slim/Middleware/VersionMiddleware.php(17): Psr\Http\Server\RequestHandlerInterface@anonymous->handle()
#16 /var/www/CRM/src/vendor/slim/slim/Slim/MiddlewareDispatcher.php(313): EcclesiaCRM\Slim\Middleware\VersionMiddleware->__invoke()
#17 /var/www/CRM/src/vendor/tuupola/slim-jwt-auth/src/JwtAuthentication.php(132): Psr\Http\Server\RequestHandlerInterface@anonymous->handle()
#18 /var/www/CRM/src/vendor/slim/slim/Slim/MiddlewareDispatcher.php(147): Tuupola\Middleware\JwtAuthentication->process()
#19 /var/www/CRM/src/vendor/slim/slim/Slim/Middleware/ErrorMiddleware.php(107): Psr\Http\Server\RequestHandlerInterface@anonymous->handle()
#20 /var/www/CRM/src/vendor/slim/slim/Slim/MiddlewareDispatcher.php(147): Slim\Middleware\ErrorMiddleware->process()
#21 /var/www/CRM/src/vendor/slim/slim/Slim/MiddlewareDispatcher.php(81): Psr\Http\Server\RequestHandlerInterface@anonymous->handle()
#22 /var/www/CRM/src/vendor/slim/slim/Slim/App.php(215): Slim\MiddlewareDispatcher->handle()
#23 /var/www/CRM/src/vendor/slim/slim/Slim/App.php(199): Slim\App->handle()
#24 /var/www/CRM/src/v2/index.php(124): Slim\App->run()
#25 {main}
[13-Apr-2022 17:27:28 Europe/Paris] Slim Application Error
Type: Error
Code: 0
Message: Call to a member function subMenu() on null
File: /var/www/CRM/src/EcclesiaCRM/MenuBar/Menu.php
Line: 251
Trace: #0 /var/www/CRM/src/EcclesiaCRM/view/MenuRenderer.php(13): EcclesiaCRM\MenuBar\Menu->renderMenu()
#1 /var/www/CRM/src/Include/Header.php(241): EcclesiaCRM\view\MenuRenderer::RenderMenu()
#2 /var/www/eventworkflow/src/v2/templates/eventworkflowdashboard.php(12): require('...')
#3 /var/www/CRM/src/vendor/slim/php-view/src/PhpRenderer.php(188): include('...')
#4 /var/www/CRM/src/vendor/slim/php-view/src/PhpRenderer.php(169): Slim\Views\PhpRenderer->protectedIncludeScope()
#5 /var/www/CRM/src/vendor/slim/php-view/src/PhpRenderer.php(62): Slim\Views\PhpRenderer->fetch()
#6 /var/www/eventworkflow/src/core/VIEWControllers/VIEWEventWorkflowController.php(45): Slim\Views\PhpRenderer->render()
#7 /var/www/CRM/src/vendor/slim/slim/Slim/Handlers/Strategies/RequestResponse.php(43): Plugins\VIEWControllers\VIEWEventWorkflowController->renderDashboard()
#8 /var/www/CRM/src/vendor/slim/slim/Slim/Routing/Route.php(384): Slim\Handlers\Strategies\RequestResponse->__invoke()
#9 /var/www/CRM/src/vendor/slim/slim/Slim/MiddlewareDispatcher.php(81): Slim\Routing\Route->handle()
#10 /var/www/CRM/src/vendor/slim/slim/Slim/MiddlewareDispatcher.php(81): Slim\MiddlewareDispatcher->handle()
#11 /var/www/CRM/src/vendor/slim/slim/Slim/Routing/Route.php(341): Slim\MiddlewareDispatcher->handle()
#12 /var/www/CRM/src/vendor/slim/slim/Slim/Routing/RouteRunner.php(84): Slim\Routing\Route->run()
#13 /var/www/CRM/src/vendor/slim/http-cache/src/Cache.php(67): Slim\Routing\RouteRunner->handle()
#14 /var/www/CRM/src/vendor/slim/slim/Slim/MiddlewareDispatcher.php(147): Slim\HttpCache\Cache->process()
#15 /var/www/CRM/src/EcclesiaCRM/Slim/Middleware/VersionMiddleware.php(17): Psr\Http\Server\RequestHandlerInterface@anonymous->handle()
#16 /var/www/CRM/src/vendor/slim/slim/Slim/MiddlewareDispatcher.php(313): EcclesiaCRM\Slim\Middleware\VersionMiddleware->__invoke()
#17 /var/www/CRM/src/vendor/tuupola/slim-jwt-auth/src/JwtAuthentication.php(132): Psr\Http\Server\RequestHandlerInterface@anonymous->handle()
#18 /var/www/CRM/src/vendor/slim/slim/Slim/MiddlewareDispatcher.php(147): Tuupola\Middleware\JwtAuthentication->process()
#19 /var/www/CRM/src/vendor/slim/slim/Slim/Middleware/ErrorMiddleware.php(107): Psr\Http\Server\RequestHandlerInterface@anonymous->handle()
#20 /var/www/CRM/src/vendor/slim/slim/Slim/MiddlewareDispatcher.php(147): Slim\Middleware\ErrorMiddleware->process()
#21 /var/www/CRM/src/vendor/slim/slim/Slim/MiddlewareDispatcher.php(81): Psr\Http\Server\RequestHandlerInterface@anonymous->handle()
#22 /var/www/CRM/src/vendor/slim/slim/Slim/App.php(215): Slim\MiddlewareDispatcher->handle()
#23 /var/www/CRM/src/vendor/slim/slim/Slim/App.php(199): Slim\App->handle()
#24 /var/www/CRM/src/v2/index.php(124): Slim\App->run()
#25 {main}
[13-Apr-2022 17:29:42 Europe/Paris] Slim Application Error
Type: ParseError
Code: 0
Message: syntax error, unexpected identifier &quot;pri&quot;, expecting &quot;function&quot; or &quot;const&quot;
File: /var/www/CRM/src/EcclesiaCRM/MenuBar/MenuBar.php
Line: 367
Trace: #0 /var/www/CRM/src/vendor/composer/ClassLoader.php(322): Composer\Autoload\includeFile()
#1 /var/www/CRM/src/EcclesiaCRM/view/MenuRenderer.php(12): Composer\Autoload\ClassLoader->loadClass()
#2 /var/www/CRM/src/Include/Header.php(241): EcclesiaCRM\view\MenuRenderer::RenderMenu()
#3 /var/www/eventworkflow/src/v2/templates/eventworkflowdashboard.php(12): require('...')
#4 /var/www/CRM/src/vendor/slim/php-view/src/PhpRenderer.php(188): include('...')
#5 /var/www/CRM/src/vendor/slim/php-view/src/PhpRenderer.php(169): Slim\Views\PhpRenderer->protectedIncludeScope()
#6 /var/www/CRM/src/vendor/slim/php-view/src/PhpRenderer.php(62): Slim\Views\PhpRenderer->fetch()
#7 /var/www/eventworkflow/src/core/VIEWControllers/VIEWEventWorkflowController.php(45): Slim\Views\PhpRenderer->render()
#8 /var/www/CRM/src/vendor/slim/slim/Slim/Handlers/Strategies/RequestResponse.php(43): Plugins\VIEWControllers\VIEWEventWorkflowController->renderDashboard()
#9 /var/www/CRM/src/vendor/slim/slim/Slim/Routing/Route.php(384): Slim\Handlers\Strategies\RequestResponse->__invoke()
#10 /var/www/CRM/src/vendor/slim/slim/Slim/MiddlewareDispatcher.php(81): Slim\Routing\Route->handle()
#11 /var/www/CRM/src/vendor/slim/slim/Slim/MiddlewareDispatcher.php(81): Slim\MiddlewareDispatcher->handle()
#12 /var/www/CRM/src/vendor/slim/slim/Slim/Routing/Route.php(341): Slim\MiddlewareDispatcher->handle()
#13 /var/www/CRM/src/vendor/slim/slim/Slim/Routing/RouteRunner.php(84): Slim\Routing\Route->run()
#14 /var/www/CRM/src/vendor/slim/http-cache/src/Cache.php(67): Slim\Routing\RouteRunner->handle()
#15 /var/www/CRM/src/vendor/slim/slim/Slim/MiddlewareDispatcher.php(147): Slim\HttpCache\Cache->process()
#16 /var/www/CRM/src/EcclesiaCRM/Slim/Middleware/VersionMiddleware.php(17): Psr\Http\Server\RequestHandlerInterface@anonymous->handle()
#17 /var/www/CRM/src/vendor/slim/slim/Slim/MiddlewareDispatcher.php(313): EcclesiaCRM\Slim\Middleware\VersionMiddleware->__invoke()
#18 /var/www/CRM/src/vendor/tuupola/slim-jwt-auth/src/JwtAuthentication.php(132): Psr\Http\Server\RequestHandlerInterface@anonymous->handle()
#19 /var/www/CRM/src/vendor/slim/slim/Slim/MiddlewareDispatcher.php(147): Tuupola\Middleware\JwtAuthentication->process()
#20 /var/www/CRM/src/vendor/slim/slim/Slim/Middleware/ErrorMiddleware.php(107): Psr\Http\Server\RequestHandlerInterface@anonymous->handle()
#21 /var/www/CRM/src/vendor/slim/slim/Slim/MiddlewareDispatcher.php(147): Slim\Middleware\ErrorMiddleware->process()
#22 /var/www/CRM/src/vendor/slim/slim/Slim/MiddlewareDispatcher.php(81): Psr\Http\Server\RequestHandlerInterface@anonymous->handle()
#23 /var/www/CRM/src/vendor/slim/slim/Slim/App.php(215): Slim\MiddlewareDispatcher->handle()
#24 /var/www/CRM/src/vendor/slim/slim/Slim/App.php(199): Slim\App->handle()
#25 /var/www/CRM/src/v2/index.php(124): Slim\App->run()
#26 {main}
[13-Apr-2022 17:35:26 Europe/Paris] Slim Application Error
Type: ParseError
Code: 0
Message: syntax error, unexpected token &quot;;&quot;, expecting &quot;)&quot;
File: /var/www/eventworkflow/src/v2/templates/eventworkflowdashboard.php
Line: 301
Trace: #0 /var/www/CRM/src/vendor/slim/php-view/src/PhpRenderer.php(169): Slim\Views\PhpRenderer->protectedIncludeScope()
#1 /var/www/CRM/src/vendor/slim/php-view/src/PhpRenderer.php(62): Slim\Views\PhpRenderer->fetch()
#2 /var/www/eventworkflow/src/core/VIEWControllers/VIEWEventWorkflowController.php(45): Slim\Views\PhpRenderer->render()
#3 /var/www/CRM/src/vendor/slim/slim/Slim/Handlers/Strategies/RequestResponse.php(43): Plugins\VIEWControllers\VIEWEventWorkflowController->renderDashboard()
#4 /var/www/CRM/src/vendor/slim/slim/Slim/Routing/Route.php(384): Slim\Handlers\Strategies\RequestResponse->__invoke()
#5 /var/www/CRM/src/vendor/slim/slim/Slim/MiddlewareDispatcher.php(81): Slim\Routing\Route->handle()
#6 /var/www/CRM/src/vendor/slim/slim/Slim/MiddlewareDispatcher.php(81): Slim\MiddlewareDispatcher->handle()
#7 /var/www/CRM/src/vendor/slim/slim/Slim/Routing/Route.php(341): Slim\MiddlewareDispatcher->handle()
#8 /var/www/CRM/src/vendor/slim/slim/Slim/Routing/RouteRunner.php(84): Slim\Routing\Route->run()
#9 /var/www/CRM/src/vendor/slim/http-cache/src/Cache.php(67): Slim\Routing\RouteRunner->handle()
#10 /var/www/CRM/src/vendor/slim/slim/Slim/MiddlewareDispatcher.php(147): Slim\HttpCache\Cache->process()
#11 /var/www/CRM/src/EcclesiaCRM/Slim/Middleware/VersionMiddleware.php(17): Psr\Http\Server\RequestHandlerInterface@anonymous->handle()
#12 /var/www/CRM/src/vendor/slim/slim/Slim/MiddlewareDispatcher.php(313): EcclesiaCRM\Slim\Middleware\VersionMiddleware->__invoke()
#13 /var/www/CRM/src/vendor/tuupola/slim-jwt-auth/src/JwtAuthentication.php(132): Psr\Http\Server\RequestHandlerInterface@anonymous->handle()
#14 /var/www/CRM/src/vendor/slim/slim/Slim/MiddlewareDispatcher.php(147): Tuupola\Middleware\JwtAuthentication->process()
#15 /var/www/CRM/src/vendor/slim/slim/Slim/Middleware/ErrorMiddleware.php(107): Psr\Http\Server\RequestHandlerInterface@anonymous->handle()
#16 /var/www/CRM/src/vendor/slim/slim/Slim/MiddlewareDispatcher.php(147): Slim\Middleware\ErrorMiddleware->process()
#17 /var/www/CRM/src/vendor/slim/slim/Slim/MiddlewareDispatcher.php(81): Psr\Http\Server\RequestHandlerInterface@anonymous->handle()
#18 /var/www/CRM/src/vendor/slim/slim/Slim/App.php(215): Slim\MiddlewareDispatcher->handle()
#19 /var/www/CRM/src/vendor/slim/slim/Slim/App.php(199): Slim\App->handle()
#20 /var/www/CRM/src/v2/index.php(124): Slim\App->run()
#21 {main}
[13-Apr-2022 18:47:09 Europe/Paris] Slim Application Error
Type: FastRoute\BadRouteException
Code: 0
Message: Cannot register two routes matching &quot;/api/eventwokflow/getContentSubContainerGoalNumber&quot; for method &quot;POST&quot;
File: /var/www/CRM/src/vendor/nikic/fast-route/src/DataGenerator/RegexBasedAbstract.php
Line: 86
Trace: #0 /var/www/CRM/src/vendor/nikic/fast-route/src/DataGenerator/RegexBasedAbstract.php(30): FastRoute\DataGenerator\RegexBasedAbstract->addStaticRoute()
#1 /var/www/CRM/src/vendor/nikic/fast-route/src/RouteCollector.php(44): FastRoute\DataGenerator\RegexBasedAbstract->addRoute()
#2 /var/www/CRM/src/vendor/slim/slim/Slim/Routing/Dispatcher.php(46): FastRoute\RouteCollector->addRoute()
#3 /var/www/CRM/src/vendor/nikic/fast-route/src/functions.php(25): Slim\Routing\Dispatcher->Slim\Routing\{closure}()
#4 /var/www/CRM/src/vendor/slim/slim/Slim/Routing/Dispatcher.php(64): FastRoute\simpleDispatcher()
#5 /var/www/CRM/src/vendor/slim/slim/Slim/Routing/Dispatcher.php(77): Slim\Routing\Dispatcher->createDispatcher()
#6 /var/www/CRM/src/vendor/slim/slim/Slim/Routing/RouteResolver.php(58): Slim\Routing\Dispatcher->dispatch()
#7 /var/www/CRM/src/vendor/slim/slim/Slim/Middleware/RoutingMiddleware.php(113): Slim\Routing\RouteResolver->computeRoutingResults()
#8 /var/www/CRM/src/vendor/slim/slim/Slim/Middleware/RoutingMiddleware.php(76): Slim\Middleware\RoutingMiddleware->resolveRoutingResultsFromRequest()
#9 /var/www/CRM/src/vendor/slim/slim/Slim/Routing/RouteRunner.php(72): Slim\Middleware\RoutingMiddleware->performRouting()
#10 /var/www/CRM/src/EcclesiaCRM/Slim/Middleware/VersionMiddleware.php(17): Slim\Routing\RouteRunner->handle()
#11 /var/www/CRM/src/vendor/slim/slim/Slim/MiddlewareDispatcher.php(313): EcclesiaCRM\Slim\Middleware\VersionMiddleware->__invoke()
#12 /var/www/CRM/src/vendor/tuupola/slim-jwt-auth/src/JwtAuthentication.php(132): class@anonymous->handle()
#13 /var/www/CRM/src/vendor/slim/slim/Slim/MiddlewareDispatcher.php(147): Tuupola\Middleware\JwtAuthentication->process()
#14 /var/www/CRM/src/vendor/slim/slim/Slim/Middleware/ErrorMiddleware.php(107): class@anonymous->handle()
#15 /var/www/CRM/src/vendor/slim/slim/Slim/MiddlewareDispatcher.php(147): Slim\Middleware\ErrorMiddleware->process()
#16 /var/www/CRM/src/vendor/slim/slim/Slim/MiddlewareDispatcher.php(81): class@anonymous->handle()
#17 /var/www/CRM/src/vendor/slim/slim/Slim/App.php(215): Slim\MiddlewareDispatcher->handle()
#18 /var/www/CRM/src/vendor/slim/slim/Slim/App.php(199): Slim\App->handle()
#19 /var/www/CRM/src/api/index.php(145): Slim\App->run()
#20 {main}
[13-Apr-2022 21:46:37 Europe/Paris] Slim Application Error
Type: ParseError
Code: 0
Message: syntax error, unexpected 'foreach' (T_FOREACH)
File: /var/www/eventworkflow/src/core/APIControllers/EventWorkflowController.php
Line: 415
Trace: #0 /var/www/CRM/src/vendor/composer/ClassLoader.php(322): Composer\Autoload\includeFile()
#1 [internal function]: Composer\Autoload\ClassLoader->loadClass()
#2 [internal function]: spl_autoload_call()
#3 /var/www/CRM/src/vendor/php-di/php-di/src/Definition/Source/ReflectionBasedAutowiring.php(23): class_exists()
#4 /var/www/CRM/src/vendor/php-di/php-di/src/Definition/Source/ReflectionBasedAutowiring.php(42): DI\Definition\Source\ReflectionBasedAutowiring->autowire()
#5 /var/www/CRM/src/vendor/php-di/php-di/src/Definition/Source/SourceChain.php(54): DI\Definition\Source\ReflectionBasedAutowiring->getDefinition()
#6 /var/www/CRM/src/vendor/php-di/php-di/src/Container.php(155): DI\Definition\Source\SourceChain->getDefinition()
#7 /var/www/CRM/src/vendor/php-di/php-di/src/Container.php(223): DI\Container->getDefinition()
#8 /var/www/CRM/src/vendor/slim/slim/Slim/CallableResolver.php(143): DI\Container->has()
#9 /var/www/CRM/src/vendor/slim/slim/Slim/CallableResolver.php(101): Slim\CallableResolver->resolveSlimNotation()
#10 /var/www/CRM/src/vendor/slim/slim/Slim/CallableResolver.php(71): Slim\CallableResolver->resolveByPredicate()
#11 /var/www/CRM/src/vendor/slim/slim/Slim/Routing/Route.php(366): Slim\CallableResolver->resolveRoute()
#12 /var/www/CRM/src/vendor/slim/slim/Slim/MiddlewareDispatcher.php(81): Slim\Routing\Route->handle()
#13 /var/www/CRM/src/vendor/slim/slim/Slim/MiddlewareDispatcher.php(81): Slim\MiddlewareDispatcher->handle()
#14 /var/www/CRM/src/vendor/slim/slim/Slim/Routing/Route.php(341): Slim\MiddlewareDispatcher->handle()
#15 /var/www/CRM/src/vendor/slim/slim/Slim/Routing/RouteRunner.php(84): Slim\Routing\Route->run()
#16 /var/www/CRM/src/EcclesiaCRM/Slim/Middleware/VersionMiddleware.php(17): Slim\Routing\RouteRunner->handle()
#17 /var/www/CRM/src/vendor/slim/slim/Slim/MiddlewareDispatcher.php(313): EcclesiaCRM\Slim\Middleware\VersionMiddleware->__invoke()
#18 /var/www/CRM/src/vendor/tuupola/slim-jwt-auth/src/JwtAuthentication.php(132): class@anonymous->handle()
#19 /var/www/CRM/src/vendor/slim/slim/Slim/MiddlewareDispatcher.php(147): Tuupola\Middleware\JwtAuthentication->process()
#20 /var/www/CRM/src/vendor/slim/slim/Slim/Middleware/ErrorMiddleware.php(107): class@anonymous->handle()
#21 /var/www/CRM/src/vendor/slim/slim/Slim/MiddlewareDispatcher.php(147): Slim\Middleware\ErrorMiddleware->process()
#22 /var/www/CRM/src/vendor/slim/slim/Slim/MiddlewareDispatcher.php(81): class@anonymous->handle()
#23 /var/www/CRM/src/vendor/slim/slim/Slim/App.php(215): Slim\MiddlewareDispatcher->handle()
#24 /var/www/CRM/src/vendor/slim/slim/Slim/App.php(199): Slim\App->handle()
#25 /var/www/CRM/src/api/index.php(145): Slim\App->run()
#26 {main}
[13-Apr-2022 21:46:37 Europe/Paris] Slim Application Error
Type: ParseError
Code: 0
Message: syntax error, unexpected 'foreach' (T_FOREACH)
File: /var/www/eventworkflow/src/core/APIControllers/EventWorkflowController.php
Line: 415
Trace: #0 /var/www/CRM/src/vendor/composer/ClassLoader.php(322): Composer\Autoload\includeFile()
#1 [internal function]: Composer\Autoload\ClassLoader->loadClass()
#2 [internal function]: spl_autoload_call()
#3 /var/www/CRM/src/vendor/php-di/php-di/src/Definition/Source/ReflectionBasedAutowiring.php(23): class_exists()
#4 /var/www/CRM/src/vendor/php-di/php-di/src/Definition/Source/ReflectionBasedAutowiring.php(42): DI\Definition\Source\ReflectionBasedAutowiring->autowire()
#5 /var/www/CRM/src/vendor/php-di/php-di/src/Definition/Source/SourceChain.php(54): DI\Definition\Source\ReflectionBasedAutowiring->getDefinition()
#6 /var/www/CRM/src/vendor/php-di/php-di/src/Container.php(155): DI\Definition\Source\SourceChain->getDefinition()
#7 /var/www/CRM/src/vendor/php-di/php-di/src/Container.php(223): DI\Container->getDefinition()
#8 /var/www/CRM/src/vendor/slim/slim/Slim/CallableResolver.php(143): DI\Container->has()
#9 /var/www/CRM/src/vendor/slim/slim/Slim/CallableResolver.php(101): Slim\CallableResolver->resolveSlimNotation()
#10 /var/www/CRM/src/vendor/slim/slim/Slim/CallableResolver.php(71): Slim\CallableResolver->resolveByPredicate()
#11 /var/www/CRM/src/vendor/slim/slim/Slim/Routing/Route.php(366): Slim\CallableResolver->resolveRoute()
#12 /var/www/CRM/src/vendor/slim/slim/Slim/MiddlewareDispatcher.php(81): Slim\Routing\Route->handle()
#13 /var/www/CRM/src/vendor/slim/slim/Slim/MiddlewareDispatcher.php(81): Slim\MiddlewareDispatcher->handle()
#14 /var/www/CRM/src/vendor/slim/slim/Slim/Routing/Route.php(341): Slim\MiddlewareDispatcher->handle()
#15 /var/www/CRM/src/vendor/slim/slim/Slim/Routing/RouteRunner.php(84): Slim\Routing\Route->run()
#16 /var/www/CRM/src/EcclesiaCRM/Slim/Middleware/VersionMiddleware.php(17): Slim\Routing\RouteRunner->handle()
#17 /var/www/CRM/src/vendor/slim/slim/Slim/MiddlewareDispatcher.php(313): EcclesiaCRM\Slim\Middleware\VersionMiddleware->__invoke()
#18 /var/www/CRM/src/vendor/tuupola/slim-jwt-auth/src/JwtAuthentication.php(132): class@anonymous->handle()
#19 /var/www/CRM/src/vendor/slim/slim/Slim/MiddlewareDispatcher.php(147): Tuupola\Middleware\JwtAuthentication->process()
#20 /var/www/CRM/src/vendor/slim/slim/Slim/Middleware/ErrorMiddleware.php(107): class@anonymous->handle()
#21 /var/www/CRM/src/vendor/slim/slim/Slim/MiddlewareDispatcher.php(147): Slim\Middleware\ErrorMiddleware->process()
#22 /var/www/CRM/src/vendor/slim/slim/Slim/MiddlewareDispatcher.php(81): class@anonymous->handle()
#23 /var/www/CRM/src/vendor/slim/slim/Slim/App.php(215): Slim\MiddlewareDispatcher->handle()
#24 /var/www/CRM/src/vendor/slim/slim/Slim/App.php(199): Slim\App->handle()
#25 /var/www/CRM/src/api/index.php(145): Slim\App->run()
#26 {main}
[13-Apr-2022 21:46:37 Europe/Paris] Slim Application Error
Type: ParseError
Code: 0
Message: syntax error, unexpected 'foreach' (T_FOREACH)
File: /var/www/eventworkflow/src/core/APIControllers/EventWorkflowController.php
Line: 415
Trace: #0 /var/www/CRM/src/vendor/composer/ClassLoader.php(322): Composer\Autoload\includeFile()
#1 [internal function]: Composer\Autoload\ClassLoader->loadClass()
#2 [internal function]: spl_autoload_call()
#3 /var/www/CRM/src/vendor/php-di/php-di/src/Definition/Source/ReflectionBasedAutowiring.php(23): class_exists()
#4 /var/www/CRM/src/vendor/php-di/php-di/src/Definition/Source/ReflectionBasedAutowiring.php(42): DI\Definition\Source\ReflectionBasedAutowiring->autowire()
#5 /var/www/CRM/src/vendor/php-di/php-di/src/Definition/Source/SourceChain.php(54): DI\Definition\Source\ReflectionBasedAutowiring->getDefinition()
#6 /var/www/CRM/src/vendor/php-di/php-di/src/Container.php(155): DI\Definition\Source\SourceChain->getDefinition()
#7 /var/www/CRM/src/vendor/php-di/php-di/src/Container.php(223): DI\Container->getDefinition()
#8 /var/www/CRM/src/vendor/slim/slim/Slim/CallableResolver.php(143): DI\Container->has()
#9 /var/www/CRM/src/vendor/slim/slim/Slim/CallableResolver.php(101): Slim\CallableResolver->resolveSlimNotation()
#10 /var/www/CRM/src/vendor/slim/slim/Slim/CallableResolver.php(71): Slim\CallableResolver->resolveByPredicate()
#11 /var/www/CRM/src/vendor/slim/slim/Slim/Routing/Route.php(366): Slim\CallableResolver->resolveRoute()
#12 /var/www/CRM/src/vendor/slim/slim/Slim/MiddlewareDispatcher.php(81): Slim\Routing\Route->handle()
#13 /var/www/CRM/src/vendor/slim/slim/Slim/MiddlewareDispatcher.php(81): Slim\MiddlewareDispatcher->handle()
#14 /var/www/CRM/src/vendor/slim/slim/Slim/Routing/Route.php(341): Slim\MiddlewareDispatcher->handle()
#15 /var/www/CRM/src/vendor/slim/slim/Slim/Routing/RouteRunner.php(84): Slim\Routing\Route->run()
#16 /var/www/CRM/src/EcclesiaCRM/Slim/Middleware/VersionMiddleware.php(17): Slim\Routing\RouteRunner->handle()
#17 /var/www/CRM/src/vendor/slim/slim/Slim/MiddlewareDispatcher.php(313): EcclesiaCRM\Slim\Middleware\VersionMiddleware->__invoke()
#18 /var/www/CRM/src/vendor/tuupola/slim-jwt-auth/src/JwtAuthentication.php(132): class@anonymous->handle()
#19 /var/www/CRM/src/vendor/slim/slim/Slim/MiddlewareDispatcher.php(147): Tuupola\Middleware\JwtAuthentication->process()
#20 /var/www/CRM/src/vendor/slim/slim/Slim/Middleware/ErrorMiddleware.php(107): class@anonymous->handle()
#21 /var/www/CRM/src/vendor/slim/slim/Slim/MiddlewareDispatcher.php(147): Slim\Middleware\ErrorMiddleware->process()
#22 /var/www/CRM/src/vendor/slim/slim/Slim/MiddlewareDispatcher.php(81): class@anonymous->handle()
#23 /var/www/CRM/src/vendor/slim/slim/Slim/App.php(215): Slim\MiddlewareDispatcher->handle()
#24 /var/www/CRM/src/vendor/slim/slim/Slim/App.php(199): Slim\App->handle()
#25 /var/www/CRM/src/api/index.php(145): Slim\App->run()
#26 {main}
[13-Apr-2022 21:46:37 Europe/Paris] Slim Application Error
Type: ParseError
Code: 0
Message: syntax error, unexpected 'foreach' (T_FOREACH)
File: /var/www/eventworkflow/src/core/APIControllers/EventWorkflowController.php
Line: 415
Trace: #0 /var/www/CRM/src/vendor/composer/ClassLoader.php(322): Composer\Autoload\includeFile()
#1 [internal function]: Composer\Autoload\ClassLoader->loadClass()
#2 [internal function]: spl_autoload_call()
#3 /var/www/CRM/src/vendor/php-di/php-di/src/Definition/Source/ReflectionBasedAutowiring.php(23): class_exists()
#4 /var/www/CRM/src/vendor/php-di/php-di/src/Definition/Source/ReflectionBasedAutowiring.php(42): DI\Definition\Source\ReflectionBasedAutowiring->autowire()
#5 /var/www/CRM/src/vendor/php-di/php-di/src/Definition/Source/SourceChain.php(54): DI\Definition\Source\ReflectionBasedAutowiring->getDefinition()
#6 /var/www/CRM/src/vendor/php-di/php-di/src/Container.php(155): DI\Definition\Source\SourceChain->getDefinition()
#7 /var/www/CRM/src/vendor/php-di/php-di/src/Container.php(223): DI\Container->getDefinition()
#8 /var/www/CRM/src/vendor/slim/slim/Slim/CallableResolver.php(143): DI\Container->has()
#9 /var/www/CRM/src/vendor/slim/slim/Slim/CallableResolver.php(101): Slim\CallableResolver->resolveSlimNotation()
#10 /var/www/CRM/src/vendor/slim/slim/Slim/CallableResolver.php(71): Slim\CallableResolver->resolveByPredicate()
#11 /var/www/CRM/src/vendor/slim/slim/Slim/Routing/Route.php(366): Slim\CallableResolver->resolveRoute()
#12 /var/www/CRM/src/vendor/slim/slim/Slim/MiddlewareDispatcher.php(81): Slim\Routing\Route->handle()
#13 /var/www/CRM/src/vendor/slim/slim/Slim/MiddlewareDispatcher.php(81): Slim\MiddlewareDispatcher->handle()
#14 /var/www/CRM/src/vendor/slim/slim/Slim/Routing/Route.php(341): Slim\MiddlewareDispatcher->handle()
#15 /var/www/CRM/src/vendor/slim/slim/Slim/Routing/RouteRunner.php(84): Slim\Routing\Route->run()
#16 /var/www/CRM/src/EcclesiaCRM/Slim/Middleware/VersionMiddleware.php(17): Slim\Routing\RouteRunner->handle()
#17 /var/www/CRM/src/vendor/slim/slim/Slim/MiddlewareDispatcher.php(313): EcclesiaCRM\Slim\Middleware\VersionMiddleware->__invoke()
#18 /var/www/CRM/src/vendor/tuupola/slim-jwt-auth/src/JwtAuthentication.php(132): class@anonymous->handle()
#19 /var/www/CRM/src/vendor/slim/slim/Slim/MiddlewareDispatcher.php(147): Tuupola\Middleware\JwtAuthentication->process()
#20 /var/www/CRM/src/vendor/slim/slim/Slim/Middleware/ErrorMiddleware.php(107): class@anonymous->handle()
#21 /var/www/CRM/src/vendor/slim/slim/Slim/MiddlewareDispatcher.php(147): Slim\Middleware\ErrorMiddleware->process()
#22 /var/www/CRM/src/vendor/slim/slim/Slim/MiddlewareDispatcher.php(81): class@anonymous->handle()
#23 /var/www/CRM/src/vendor/slim/slim/Slim/App.php(215): Slim\MiddlewareDispatcher->handle()
#24 /var/www/CRM/src/vendor/slim/slim/Slim/App.php(199): Slim\App->handle()
#25 /var/www/CRM/src/api/index.php(145): Slim\App->run()
#26 {main}
[13-Apr-2022 21:46:39 Europe/Paris] Slim Application Error
Type: ParseError
Code: 0
Message: syntax error, unexpected 'foreach' (T_FOREACH)
File: /var/www/eventworkflow/src/core/APIControllers/EventWorkflowController.php
Line: 415
Trace: #0 /var/www/CRM/src/vendor/composer/ClassLoader.php(322): Composer\Autoload\includeFile()
#1 [internal function]: Composer\Autoload\ClassLoader->loadClass()
#2 [internal function]: spl_autoload_call()
#3 /var/www/CRM/src/vendor/php-di/php-di/src/Definition/Source/ReflectionBasedAutowiring.php(23): class_exists()
#4 /var/www/CRM/src/vendor/php-di/php-di/src/Definition/Source/ReflectionBasedAutowiring.php(42): DI\Definition\Source\ReflectionBasedAutowiring->autowire()
#5 /var/www/CRM/src/vendor/php-di/php-di/src/Definition/Source/SourceChain.php(54): DI\Definition\Source\ReflectionBasedAutowiring->getDefinition()
#6 /var/www/CRM/src/vendor/php-di/php-di/src/Container.php(155): DI\Definition\Source\SourceChain->getDefinition()
#7 /var/www/CRM/src/vendor/php-di/php-di/src/Container.php(223): DI\Container->getDefinition()
#8 /var/www/CRM/src/vendor/slim/slim/Slim/CallableResolver.php(143): DI\Container->has()
#9 /var/www/CRM/src/vendor/slim/slim/Slim/CallableResolver.php(101): Slim\CallableResolver->resolveSlimNotation()
#10 /var/www/CRM/src/vendor/slim/slim/Slim/CallableResolver.php(71): Slim\CallableResolver->resolveByPredicate()
#11 /var/www/CRM/src/vendor/slim/slim/Slim/Routing/Route.php(366): Slim\CallableResolver->resolveRoute()
#12 /var/www/CRM/src/vendor/slim/slim/Slim/MiddlewareDispatcher.php(81): Slim\Routing\Route->handle()
#13 /var/www/CRM/src/vendor/slim/slim/Slim/MiddlewareDispatcher.php(81): Slim\MiddlewareDispatcher->handle()
#14 /var/www/CRM/src/vendor/slim/slim/Slim/Routing/Route.php(341): Slim\MiddlewareDispatcher->handle()
#15 /var/www/CRM/src/vendor/slim/slim/Slim/Routing/RouteRunner.php(84): Slim\Routing\Route->run()
#16 /var/www/CRM/src/EcclesiaCRM/Slim/Middleware/VersionMiddleware.php(17): Slim\Routing\RouteRunner->handle()
#17 /var/www/CRM/src/vendor/slim/slim/Slim/MiddlewareDispatcher.php(313): EcclesiaCRM\Slim\Middleware\VersionMiddleware->__invoke()
#18 /var/www/CRM/src/vendor/tuupola/slim-jwt-auth/src/JwtAuthentication.php(132): class@anonymous->handle()
#19 /var/www/CRM/src/vendor/slim/slim/Slim/MiddlewareDispatcher.php(147): Tuupola\Middleware\JwtAuthentication->process()
#20 /var/www/CRM/src/vendor/slim/slim/Slim/Middleware/ErrorMiddleware.php(107): class@anonymous->handle()
#21 /var/www/CRM/src/vendor/slim/slim/Slim/MiddlewareDispatcher.php(147): Slim\Middleware\ErrorMiddleware->process()
#22 /var/www/CRM/src/vendor/slim/slim/Slim/MiddlewareDispatcher.php(81): class@anonymous->handle()
#23 /var/www/CRM/src/vendor/slim/slim/Slim/App.php(215): Slim\MiddlewareDispatcher->handle()
#24 /var/www/CRM/src/vendor/slim/slim/Slim/App.php(199): Slim\App->handle()
#25 /var/www/CRM/src/api/index.php(145): Slim\App->run()
#26 {main}
[13-Apr-2022 21:46:39 Europe/Paris] Slim Application Error
Type: ParseError
Code: 0
Message: syntax error, unexpected 'foreach' (T_FOREACH)
File: /var/www/eventworkflow/src/core/APIControllers/EventWorkflowController.php
Line: 415
Trace: #0 /var/www/CRM/src/vendor/composer/ClassLoader.php(322): Composer\Autoload\includeFile()
#1 [internal function]: Composer\Autoload\ClassLoader->loadClass()
#2 [internal function]: spl_autoload_call()
#3 /var/www/CRM/src/vendor/php-di/php-di/src/Definition/Source/ReflectionBasedAutowiring.php(23): class_exists()
#4 /var/www/CRM/src/vendor/php-di/php-di/src/Definition/Source/ReflectionBasedAutowiring.php(42): DI\Definition\Source\ReflectionBasedAutowiring->autowire()
#5 /var/www/CRM/src/vendor/php-di/php-di/src/Definition/Source/SourceChain.php(54): DI\Definition\Source\ReflectionBasedAutowiring->getDefinition()
#6 /var/www/CRM/src/vendor/php-di/php-di/src/Container.php(155): DI\Definition\Source\SourceChain->getDefinition()
#7 /var/www/CRM/src/vendor/php-di/php-di/src/Container.php(223): DI\Container->getDefinition()
#8 /var/www/CRM/src/vendor/slim/slim/Slim/CallableResolver.php(143): DI\Container->has()
#9 /var/www/CRM/src/vendor/slim/slim/Slim/CallableResolver.php(101): Slim\CallableResolver->resolveSlimNotation()
#10 /var/www/CRM/src/vendor/slim/slim/Slim/CallableResolver.php(71): Slim\CallableResolver->resolveByPredicate()
#11 /var/www/CRM/src/vendor/slim/slim/Slim/Routing/Route.php(366): Slim\CallableResolver->resolveRoute()
#12 /var/www/CRM/src/vendor/slim/slim/Slim/MiddlewareDispatcher.php(81): Slim\Routing\Route->handle()
#13 /var/www/CRM/src/vendor/slim/slim/Slim/MiddlewareDispatcher.php(81): Slim\MiddlewareDispatcher->handle()
#14 /var/www/CRM/src/vendor/slim/slim/Slim/Routing/Route.php(341): Slim\MiddlewareDispatcher->handle()
#15 /var/www/CRM/src/vendor/slim/slim/Slim/Routing/RouteRunner.php(84): Slim\Routing\Route->run()
#16 /var/www/CRM/src/EcclesiaCRM/Slim/Middleware/VersionMiddleware.php(17): Slim\Routing\RouteRunner->handle()
#17 /var/www/CRM/src/vendor/slim/slim/Slim/MiddlewareDispatcher.php(313): EcclesiaCRM\Slim\Middleware\VersionMiddleware->__invoke()
#18 /var/www/CRM/src/vendor/tuupola/slim-jwt-auth/src/JwtAuthentication.php(132): class@anonymous->handle()
#19 /var/www/CRM/src/vendor/slim/slim/Slim/MiddlewareDispatcher.php(147): Tuupola\Middleware\JwtAuthentication->process()
#20 /var/www/CRM/src/vendor/slim/slim/Slim/Middleware/ErrorMiddleware.php(107): class@anonymous->handle()
#21 /var/www/CRM/src/vendor/slim/slim/Slim/MiddlewareDispatcher.php(147): Slim\Middleware\ErrorMiddleware->process()
#22 /var/www/CRM/src/vendor/slim/slim/Slim/MiddlewareDispatcher.php(81): class@anonymous->handle()
#23 /var/www/CRM/src/vendor/slim/slim/Slim/App.php(215): Slim\MiddlewareDispatcher->handle()
#24 /var/www/CRM/src/vendor/slim/slim/Slim/App.php(199): Slim\App->handle()
#25 /var/www/CRM/src/api/index.php(145): Slim\App->run()
#26 {main}
[13-Apr-2022 21:46:39 Europe/Paris] Slim Application Error
Type: ParseError
Code: 0
Message: syntax error, unexpected 'foreach' (T_FOREACH)
File: /var/www/eventworkflow/src/core/APIControllers/EventWorkflowController.php
Line: 415
Trace: #0 /var/www/CRM/src/vendor/composer/ClassLoader.php(322): Composer\Autoload\includeFile()
#1 [internal function]: Composer\Autoload\ClassLoader->loadClass()
#2 [internal function]: spl_autoload_call()
#3 /var/www/CRM/src/vendor/php-di/php-di/src/Definition/Source/ReflectionBasedAutowiring.php(23): class_exists()
#4 /var/www/CRM/src/vendor/php-di/php-di/src/Definition/Source/ReflectionBasedAutowiring.php(42): DI\Definition\Source\ReflectionBasedAutowiring->autowire()
#5 /var/www/CRM/src/vendor/php-di/php-di/src/Definition/Source/SourceChain.php(54): DI\Definition\Source\ReflectionBasedAutowiring->getDefinition()
#6 /var/www/CRM/src/vendor/php-di/php-di/src/Container.php(155): DI\Definition\Source\SourceChain->getDefinition()
#7 /var/www/CRM/src/vendor/php-di/php-di/src/Container.php(223): DI\Container->getDefinition()
#8 /var/www/CRM/src/vendor/slim/slim/Slim/CallableResolver.php(143): DI\Container->has()
#9 /var/www/CRM/src/vendor/slim/slim/Slim/CallableResolver.php(101): Slim\CallableResolver->resolveSlimNotation()
#10 /var/www/CRM/src/vendor/slim/slim/Slim/CallableResolver.php(71): Slim\CallableResolver->resolveByPredicate()
#11 /var/www/CRM/src/vendor/slim/slim/Slim/Routing/Route.php(366): Slim\CallableResolver->resolveRoute()
#12 /var/www/CRM/src/vendor/slim/slim/Slim/MiddlewareDispatcher.php(81): Slim\Routing\Route->handle()
#13 /var/www/CRM/src/vendor/slim/slim/Slim/MiddlewareDispatcher.php(81): Slim\MiddlewareDispatcher->handle()
#14 /var/www/CRM/src/vendor/slim/slim/Slim/Routing/Route.php(341): Slim\MiddlewareDispatcher->handle()
#15 /var/www/CRM/src/vendor/slim/slim/Slim/Routing/RouteRunner.php(84): Slim\Routing\Route->run()
#16 /var/www/CRM/src/EcclesiaCRM/Slim/Middleware/VersionMiddleware.php(17): Slim\Routing\RouteRunner->handle()
#17 /var/www/CRM/src/vendor/slim/slim/Slim/MiddlewareDispatcher.php(313): EcclesiaCRM\Slim\Middleware\VersionMiddleware->__invoke()
#18 /var/www/CRM/src/vendor/tuupola/slim-jwt-auth/src/JwtAuthentication.php(132): class@anonymous->handle()
#19 /var/www/CRM/src/vendor/slim/slim/Slim/MiddlewareDispatcher.php(147): Tuupola\Middleware\JwtAuthentication->process()
#20 /var/www/CRM/src/vendor/slim/slim/Slim/Middleware/ErrorMiddleware.php(107): class@anonymous->handle()
#21 /var/www/CRM/src/vendor/slim/slim/Slim/MiddlewareDispatcher.php(147): Slim\Middleware\ErrorMiddleware->process()
#22 /var/www/CRM/src/vendor/slim/slim/Slim/MiddlewareDispatcher.php(81): class@anonymous->handle()
#23 /var/www/CRM/src/vendor/slim/slim/Slim/App.php(215): Slim\MiddlewareDispatcher->handle()
#24 /var/www/CRM/src/vendor/slim/slim/Slim/App.php(199): Slim\App->handle()
#25 /var/www/CRM/src/api/index.php(145): Slim\App->run()
#26 {main}
[13-Apr-2022 21:46:39 Europe/Paris] Slim Application Error
Type: ParseError
Code: 0
Message: syntax error, unexpected 'foreach' (T_FOREACH)
File: /var/www/eventworkflow/src/core/APIControllers/EventWorkflowController.php
Line: 415
Trace: #0 /var/www/CRM/src/vendor/composer/ClassLoader.php(322): Composer\Autoload\includeFile()
#1 [internal function]: Composer\Autoload\ClassLoader->loadClass()
#2 [internal function]: spl_autoload_call()
#3 /var/www/CRM/src/vendor/php-di/php-di/src/Definition/Source/ReflectionBasedAutowiring.php(23): class_exists()
#4 /var/www/CRM/src/vendor/php-di/php-di/src/Definition/Source/ReflectionBasedAutowiring.php(42): DI\Definition\Source\ReflectionBasedAutowiring->autowire()
#5 /var/www/CRM/src/vendor/php-di/php-di/src/Definition/Source/SourceChain.php(54): DI\Definition\Source\ReflectionBasedAutowiring->getDefinition()
#6 /var/www/CRM/src/vendor/php-di/php-di/src/Container.php(155): DI\Definition\Source\SourceChain->getDefinition()
#7 /var/www/CRM/src/vendor/php-di/php-di/src/Container.php(223): DI\Container->getDefinition()
#8 /var/www/CRM/src/vendor/slim/slim/Slim/CallableResolver.php(143): DI\Container->has()
#9 /var/www/CRM/src/vendor/slim/slim/Slim/CallableResolver.php(101): Slim\CallableResolver->resolveSlimNotation()
#10 /var/www/CRM/src/vendor/slim/slim/Slim/CallableResolver.php(71): Slim\CallableResolver->resolveByPredicate()
#11 /var/www/CRM/src/vendor/slim/slim/Slim/Routing/Route.php(366): Slim\CallableResolver->resolveRoute()
#12 /var/www/CRM/src/vendor/slim/slim/Slim/MiddlewareDispatcher.php(81): Slim\Routing\Route->handle()
#13 /var/www/CRM/src/vendor/slim/slim/Slim/MiddlewareDispatcher.php(81): Slim\MiddlewareDispatcher->handle()
#14 /var/www/CRM/src/vendor/slim/slim/Slim/Routing/Route.php(341): Slim\MiddlewareDispatcher->handle()
#15 /var/www/CRM/src/vendor/slim/slim/Slim/Routing/RouteRunner.php(84): Slim\Routing\Route->run()
#16 /var/www/CRM/src/EcclesiaCRM/Slim/Middleware/VersionMiddleware.php(17): Slim\Routing\RouteRunner->handle()
#17 /var/www/CRM/src/vendor/slim/slim/Slim/MiddlewareDispatcher.php(313): EcclesiaCRM\Slim\Middleware\VersionMiddleware->__invoke()
#18 /var/www/CRM/src/vendor/tuupola/slim-jwt-auth/src/JwtAuthentication.php(132): class@anonymous->handle()
#19 /var/www/CRM/src/vendor/slim/slim/Slim/MiddlewareDispatcher.php(147): Tuupola\Middleware\JwtAuthentication->process()
#20 /var/www/CRM/src/vendor/slim/slim/Slim/Middleware/ErrorMiddleware.php(107): class@anonymous->handle()
#21 /var/www/CRM/src/vendor/slim/slim/Slim/MiddlewareDispatcher.php(147): Slim\Middleware\ErrorMiddleware->process()
#22 /var/www/CRM/src/vendor/slim/slim/Slim/MiddlewareDispatcher.php(81): class@anonymous->handle()
#23 /var/www/CRM/src/vendor/slim/slim/Slim/App.php(215): Slim\MiddlewareDispatcher->handle()
#24 /var/www/CRM/src/vendor/slim/slim/Slim/App.php(199): Slim\App->handle()
#25 /var/www/CRM/src/api/index.php(145): Slim\App->run()
#26 {main}
[13-Apr-2022 21:46:40 Europe/Paris] Slim Application Error
Type: ParseError
Code: 0
Message: syntax error, unexpected 'foreach' (T_FOREACH)
File: /var/www/eventworkflow/src/core/APIControllers/EventWorkflowController.php
Line: 415
Trace: #0 /var/www/CRM/src/vendor/composer/ClassLoader.php(322): Composer\Autoload\includeFile()
#1 [internal function]: Composer\Autoload\ClassLoader->loadClass()
#2 [internal function]: spl_autoload_call()
#3 /var/www/CRM/src/vendor/php-di/php-di/src/Definition/Source/ReflectionBasedAutowiring.php(23): class_exists()
#4 /var/www/CRM/src/vendor/php-di/php-di/src/Definition/Source/ReflectionBasedAutowiring.php(42): DI\Definition\Source\ReflectionBasedAutowiring->autowire()
#5 /var/www/CRM/src/vendor/php-di/php-di/src/Definition/Source/SourceChain.php(54): DI\Definition\Source\ReflectionBasedAutowiring->getDefinition()
#6 /var/www/CRM/src/vendor/php-di/php-di/src/Container.php(155): DI\Definition\Source\SourceChain->getDefinition()
#7 /var/www/CRM/src/vendor/php-di/php-di/src/Container.php(223): DI\Container->getDefinition()
#8 /var/www/CRM/src/vendor/slim/slim/Slim/CallableResolver.php(143): DI\Container->has()
#9 /var/www/CRM/src/vendor/slim/slim/Slim/CallableResolver.php(101): Slim\CallableResolver->resolveSlimNotation()
#10 /var/www/CRM/src/vendor/slim/slim/Slim/CallableResolver.php(71): Slim\CallableResolver->resolveByPredicate()
#11 /var/www/CRM/src/vendor/slim/slim/Slim/Routing/Route.php(366): Slim\CallableResolver->resolveRoute()
#12 /var/www/CRM/src/vendor/slim/slim/Slim/MiddlewareDispatcher.php(81): Slim\Routing\Route->handle()
#13 /var/www/CRM/src/vendor/slim/slim/Slim/MiddlewareDispatcher.php(81): Slim\MiddlewareDispatcher->handle()
#14 /var/www/CRM/src/vendor/slim/slim/Slim/Routing/Route.php(341): Slim\MiddlewareDispatcher->handle()
#15 /var/www/CRM/src/vendor/slim/slim/Slim/Routing/RouteRunner.php(84): Slim\Routing\Route->run()
#16 /var/www/CRM/src/EcclesiaCRM/Slim/Middleware/VersionMiddleware.php(17): Slim\Routing\RouteRunner->handle()
#17 /var/www/CRM/src/vendor/slim/slim/Slim/MiddlewareDispatcher.php(313): EcclesiaCRM\Slim\Middleware\VersionMiddleware->__invoke()
#18 /var/www/CRM/src/vendor/tuupola/slim-jwt-auth/src/JwtAuthentication.php(132): class@anonymous->handle()
#19 /var/www/CRM/src/vendor/slim/slim/Slim/MiddlewareDispatcher.php(147): Tuupola\Middleware\JwtAuthentication->process()
#20 /var/www/CRM/src/vendor/slim/slim/Slim/Middleware/ErrorMiddleware.php(107): class@anonymous->handle()
#21 /var/www/CRM/src/vendor/slim/slim/Slim/MiddlewareDispatcher.php(147): Slim\Middleware\ErrorMiddleware->process()
#22 /var/www/CRM/src/vendor/slim/slim/Slim/MiddlewareDispatcher.php(81): class@anonymous->handle()
#23 /var/www/CRM/src/vendor/slim/slim/Slim/App.php(215): Slim\MiddlewareDispatcher->handle()
#24 /var/www/CRM/src/vendor/slim/slim/Slim/App.php(199): Slim\App->handle()
#25 /var/www/CRM/src/api/index.php(145): Slim\App->run()
#26 {main}
[13-Apr-2022 21:46:40 Europe/Paris] Slim Application Error
Type: ParseError
Code: 0
Message: syntax error, unexpected 'foreach' (T_FOREACH)
File: /var/www/eventworkflow/src/core/APIControllers/EventWorkflowController.php
Line: 415
Trace: #0 /var/www/CRM/src/vendor/composer/ClassLoader.php(322): Composer\Autoload\includeFile()
#1 [internal function]: Composer\Autoload\ClassLoader->loadClass()
#2 [internal function]: spl_autoload_call()
#3 /var/www/CRM/src/vendor/php-di/php-di/src/Definition/Source/ReflectionBasedAutowiring.php(23): class_exists()
#4 /var/www/CRM/src/vendor/php-di/php-di/src/Definition/Source/ReflectionBasedAutowiring.php(42): DI\Definition\Source\ReflectionBasedAutowiring->autowire()
#5 /var/www/CRM/src/vendor/php-di/php-di/src/Definition/Source/SourceChain.php(54): DI\Definition\Source\ReflectionBasedAutowiring->getDefinition()
#6 /var/www/CRM/src/vendor/php-di/php-di/src/Container.php(155): DI\Definition\Source\SourceChain->getDefinition()
#7 /var/www/CRM/src/vendor/php-di/php-di/src/Container.php(223): DI\Container->getDefinition()
#8 /var/www/CRM/src/vendor/slim/slim/Slim/CallableResolver.php(143): DI\Container->has()
#9 /var/www/CRM/src/vendor/slim/slim/Slim/CallableResolver.php(101): Slim\CallableResolver->resolveSlimNotation()
#10 /var/www/CRM/src/vendor/slim/slim/Slim/CallableResolver.php(71): Slim\CallableResolver->resolveByPredicate()
#11 /var/www/CRM/src/vendor/slim/slim/Slim/Routing/Route.php(366): Slim\CallableResolver->resolveRoute()
#12 /var/www/CRM/src/vendor/slim/slim/Slim/MiddlewareDispatcher.php(81): Slim\Routing\Route->handle()
#13 /var/www/CRM/src/vendor/slim/slim/Slim/MiddlewareDispatcher.php(81): Slim\MiddlewareDispatcher->handle()
#14 /var/www/CRM/src/vendor/slim/slim/Slim/Routing/Route.php(341): Slim\MiddlewareDispatcher->handle()
#15 /var/www/CRM/src/vendor/slim/slim/Slim/Routing/RouteRunner.php(84): Slim\Routing\Route->run()
#16 /var/www/CRM/src/EcclesiaCRM/Slim/Middleware/VersionMiddleware.php(17): Slim\Routing\RouteRunner->handle()
#17 /var/www/CRM/src/vendor/slim/slim/Slim/MiddlewareDispatcher.php(313): EcclesiaCRM\Slim\Middleware\VersionMiddleware->__invoke()
#18 /var/www/CRM/src/vendor/tuupola/slim-jwt-auth/src/JwtAuthentication.php(132): class@anonymous->handle()
#19 /var/www/CRM/src/vendor/slim/slim/Slim/MiddlewareDispatcher.php(147): Tuupola\Middleware\JwtAuthentication->process()
#20 /var/www/CRM/src/vendor/slim/slim/Slim/Middleware/ErrorMiddleware.php(107): class@anonymous->handle()
#21 /var/www/CRM/src/vendor/slim/slim/Slim/MiddlewareDispatcher.php(147): Slim\Middleware\ErrorMiddleware->process()
#22 /var/www/CRM/src/vendor/slim/slim/Slim/MiddlewareDispatcher.php(81): class@anonymous->handle()
#23 /var/www/CRM/src/vendor/slim/slim/Slim/App.php(215): Slim\MiddlewareDispatcher->handle()
#24 /var/www/CRM/src/vendor/slim/slim/Slim/App.php(199): Slim\App->handle()
#25 /var/www/CRM/src/api/index.php(145): Slim\App->run()
#26 {main}
[13-Apr-2022 21:46:40 Europe/Paris] Slim Application Error
Type: ParseError
Code: 0
Message: syntax error, unexpected 'foreach' (T_FOREACH)
File: /var/www/eventworkflow/src/core/APIControllers/EventWorkflowController.php
Line: 415
Trace: #0 /var/www/CRM/src/vendor/composer/ClassLoader.php(322): Composer\Autoload\includeFile()
#1 [internal function]: Composer\Autoload\ClassLoader->loadClass()
#2 [internal function]: spl_autoload_call()
#3 /var/www/CRM/src/vendor/php-di/php-di/src/Definition/Source/ReflectionBasedAutowiring.php(23): class_exists()
#4 /var/www/CRM/src/vendor/php-di/php-di/src/Definition/Source/ReflectionBasedAutowiring.php(42): DI\Definition\Source\ReflectionBasedAutowiring->autowire()
#5 /var/www/CRM/src/vendor/php-di/php-di/src/Definition/Source/SourceChain.php(54): DI\Definition\Source\ReflectionBasedAutowiring->getDefinition()
#6 /var/www/CRM/src/vendor/php-di/php-di/src/Container.php(155): DI\Definition\Source\SourceChain->getDefinition()
#7 /var/www/CRM/src/vendor/php-di/php-di/src/Container.php(223): DI\Container->getDefinition()
#8 /var/www/CRM/src/vendor/slim/slim/Slim/CallableResolver.php(143): DI\Container->has()
#9 /var/www/CRM/src/vendor/slim/slim/Slim/CallableResolver.php(101): Slim\CallableResolver->resolveSlimNotation()
#10 /var/www/CRM/src/vendor/slim/slim/Slim/CallableResolver.php(71): Slim\CallableResolver->resolveByPredicate()
#11 /var/www/CRM/src/vendor/slim/slim/Slim/Routing/Route.php(366): Slim\CallableResolver->resolveRoute()
#12 /var/www/CRM/src/vendor/slim/slim/Slim/MiddlewareDispatcher.php(81): Slim\Routing\Route->handle()
#13 /var/www/CRM/src/vendor/slim/slim/Slim/MiddlewareDispatcher.php(81): Slim\MiddlewareDispatcher->handle()
#14 /var/www/CRM/src/vendor/slim/slim/Slim/Routing/Route.php(341): Slim\MiddlewareDispatcher->handle()
#15 /var/www/CRM/src/vendor/slim/slim/Slim/Routing/RouteRunner.php(84): Slim\Routing\Route->run()
#16 /var/www/CRM/src/EcclesiaCRM/Slim/Middleware/VersionMiddleware.php(17): Slim\Routing\RouteRunner->handle()
#17 /var/www/CRM/src/vendor/slim/slim/Slim/MiddlewareDispatcher.php(313): EcclesiaCRM\Slim\Middleware\VersionMiddleware->__invoke()
#18 /var/www/CRM/src/vendor/tuupola/slim-jwt-auth/src/JwtAuthentication.php(132): class@anonymous->handle()
#19 /var/www/CRM/src/vendor/slim/slim/Slim/MiddlewareDispatcher.php(147): Tuupola\Middleware\JwtAuthentication->process()
#20 /var/www/CRM/src/vendor/slim/slim/Slim/Middleware/ErrorMiddleware.php(107): class@anonymous->handle()
#21 /var/www/CRM/src/vendor/slim/slim/Slim/MiddlewareDispatcher.php(147): Slim\Middleware\ErrorMiddleware->process()
#22 /var/www/CRM/src/vendor/slim/slim/Slim/MiddlewareDispatcher.php(81): class@anonymous->handle()
#23 /var/www/CRM/src/vendor/slim/slim/Slim/App.php(215): Slim\MiddlewareDispatcher->handle()
#24 /var/www/CRM/src/vendor/slim/slim/Slim/App.php(199): Slim\App->handle()
#25 /var/www/CRM/src/api/index.php(145): Slim\App->run()
#26 {main}
[13-Apr-2022 21:46:40 Europe/Paris] Slim Application Error
Type: ParseError
Code: 0
Message: syntax error, unexpected 'foreach' (T_FOREACH)
File: /var/www/eventworkflow/src/core/APIControllers/EventWorkflowController.php
Line: 415
Trace: #0 /var/www/CRM/src/vendor/composer/ClassLoader.php(322): Composer\Autoload\includeFile()
#1 [internal function]: Composer\Autoload\ClassLoader->loadClass()
#2 [internal function]: spl_autoload_call()
#3 /var/www/CRM/src/vendor/php-di/php-di/src/Definition/Source/ReflectionBasedAutowiring.php(23): class_exists()
#4 /var/www/CRM/src/vendor/php-di/php-di/src/Definition/Source/ReflectionBasedAutowiring.php(42): DI\Definition\Source\ReflectionBasedAutowiring->autowire()
#5 /var/www/CRM/src/vendor/php-di/php-di/src/Definition/Source/SourceChain.php(54): DI\Definition\Source\ReflectionBasedAutowiring->getDefinition()
#6 /var/www/CRM/src/vendor/php-di/php-di/src/Container.php(155): DI\Definition\Source\SourceChain->getDefinition()
#7 /var/www/CRM/src/vendor/php-di/php-di/src/Container.php(223): DI\Container->getDefinition()
#8 /var/www/CRM/src/vendor/slim/slim/Slim/CallableResolver.php(143): DI\Container->has()
#9 /var/www/CRM/src/vendor/slim/slim/Slim/CallableResolver.php(101): Slim\CallableResolver->resolveSlimNotation()
#10 /var/www/CRM/src/vendor/slim/slim/Slim/CallableResolver.php(71): Slim\CallableResolver->resolveByPredicate()
#11 /var/www/CRM/src/vendor/slim/slim/Slim/Routing/Route.php(366): Slim\CallableResolver->resolveRoute()
#12 /var/www/CRM/src/vendor/slim/slim/Slim/MiddlewareDispatcher.php(81): Slim\Routing\Route->handle()
#13 /var/www/CRM/src/vendor/slim/slim/Slim/MiddlewareDispatcher.php(81): Slim\MiddlewareDispatcher->handle()
#14 /var/www/CRM/src/vendor/slim/slim/Slim/Routing/Route.php(341): Slim\MiddlewareDispatcher->handle()
#15 /var/www/CRM/src/vendor/slim/slim/Slim/Routing/RouteRunner.php(84): Slim\Routing\Route->run()
#16 /var/www/CRM/src/EcclesiaCRM/Slim/Middleware/VersionMiddleware.php(17): Slim\Routing\RouteRunner->handle()
#17 /var/www/CRM/src/vendor/slim/slim/Slim/MiddlewareDispatcher.php(313): EcclesiaCRM\Slim\Middleware\VersionMiddleware->__invoke()
#18 /var/www/CRM/src/vendor/tuupola/slim-jwt-auth/src/JwtAuthentication.php(132): class@anonymous->handle()
#19 /var/www/CRM/src/vendor/slim/slim/Slim/MiddlewareDispatcher.php(147): Tuupola\Middleware\JwtAuthentication->process()
#20 /var/www/CRM/src/vendor/slim/slim/Slim/Middleware/ErrorMiddleware.php(107): class@anonymous->handle()
#21 /var/www/CRM/src/vendor/slim/slim/Slim/MiddlewareDispatcher.php(147): Slim\Middleware\ErrorMiddleware->process()
#22 /var/www/CRM/src/vendor/slim/slim/Slim/MiddlewareDispatcher.php(81): class@anonymous->handle()
#23 /var/www/CRM/src/vendor/slim/slim/Slim/App.php(215): Slim\MiddlewareDispatcher->handle()
#24 /var/www/CRM/src/vendor/slim/slim/Slim/App.php(199): Slim\App->handle()
#25 /var/www/CRM/src/api/index.php(145): Slim\App->run()
#26 {main}
[13-Apr-2022 21:46:41 Europe/Paris] Slim Application Error
Type: ParseError
Code: 0
Message: syntax error, unexpected 'foreach' (T_FOREACH)
File: /var/www/eventworkflow/src/core/APIControllers/EventWorkflowController.php
Line: 415
Trace: #0 /var/www/CRM/src/vendor/composer/ClassLoader.php(322): Composer\Autoload\includeFile()
#1 [internal function]: Composer\Autoload\ClassLoader->loadClass()
#2 [internal function]: spl_autoload_call()
#3 /var/www/CRM/src/vendor/php-di/php-di/src/Definition/Source/ReflectionBasedAutowiring.php(23): class_exists()
#4 /var/www/CRM/src/vendor/php-di/php-di/src/Definition/Source/ReflectionBasedAutowiring.php(42): DI\Definition\Source\ReflectionBasedAutowiring->autowire()
#5 /var/www/CRM/src/vendor/php-di/php-di/src/Definition/Source/SourceChain.php(54): DI\Definition\Source\ReflectionBasedAutowiring->getDefinition()
#6 /var/www/CRM/src/vendor/php-di/php-di/src/Container.php(155): DI\Definition\Source\SourceChain->getDefinition()
#7 /var/www/CRM/src/vendor/php-di/php-di/src/Container.php(223): DI\Container->getDefinition()
#8 /var/www/CRM/src/vendor/slim/slim/Slim/CallableResolver.php(143): DI\Container->has()
#9 /var/www/CRM/src/vendor/slim/slim/Slim/CallableResolver.php(101): Slim\CallableResolver->resolveSlimNotation()
#10 /var/www/CRM/src/vendor/slim/slim/Slim/CallableResolver.php(71): Slim\CallableResolver->resolveByPredicate()
#11 /var/www/CRM/src/vendor/slim/slim/Slim/Routing/Route.php(366): Slim\CallableResolver->resolveRoute()
#12 /var/www/CRM/src/vendor/slim/slim/Slim/MiddlewareDispatcher.php(81): Slim\Routing\Route->handle()
#13 /var/www/CRM/src/vendor/slim/slim/Slim/MiddlewareDispatcher.php(81): Slim\MiddlewareDispatcher->handle()
#14 /var/www/CRM/src/vendor/slim/slim/Slim/Routing/Route.php(341): Slim\MiddlewareDispatcher->handle()
#15 /var/www/CRM/src/vendor/slim/slim/Slim/Routing/RouteRunner.php(84): Slim\Routing\Route->run()
#16 /var/www/CRM/src/EcclesiaCRM/Slim/Middleware/VersionMiddleware.php(17): Slim\Routing\RouteRunner->handle()
#17 /var/www/CRM/src/vendor/slim/slim/Slim/MiddlewareDispatcher.php(313): EcclesiaCRM\Slim\Middleware\VersionMiddleware->__invoke()
#18 /var/www/CRM/src/vendor/tuupola/slim-jwt-auth/src/JwtAuthentication.php(132): class@anonymous->handle()
#19 /var/www/CRM/src/vendor/slim/slim/Slim/MiddlewareDispatcher.php(147): Tuupola\Middleware\JwtAuthentication->process()
#20 /var/www/CRM/src/vendor/slim/slim/Slim/Middleware/ErrorMiddleware.php(107): class@anonymous->handle()
#21 /var/www/CRM/src/vendor/slim/slim/Slim/MiddlewareDispatcher.php(147): Slim\Middleware\ErrorMiddleware->process()
#22 /var/www/CRM/src/vendor/slim/slim/Slim/MiddlewareDispatcher.php(81): class@anonymous->handle()
#23 /var/www/CRM/src/vendor/slim/slim/Slim/App.php(215): Slim\MiddlewareDispatcher->handle()
#24 /var/www/CRM/src/vendor/slim/slim/Slim/App.php(199): Slim\App->handle()
#25 /var/www/CRM/src/api/index.php(145): Slim\App->run()
#26 {main}
[13-Apr-2022 21:46:41 Europe/Paris] Slim Application Error
Type: ParseError
Code: 0
Message: syntax error, unexpected 'foreach' (T_FOREACH)
File: /var/www/eventworkflow/src/core/APIControllers/EventWorkflowController.php
Line: 415
Trace: #0 /var/www/CRM/src/vendor/composer/ClassLoader.php(322): Composer\Autoload\includeFile()
#1 [internal function]: Composer\Autoload\ClassLoader->loadClass()
#2 [internal function]: spl_autoload_call()
#3 /var/www/CRM/src/vendor/php-di/php-di/src/Definition/Source/ReflectionBasedAutowiring.php(23): class_exists()
#4 /var/www/CRM/src/vendor/php-di/php-di/src/Definition/Source/ReflectionBasedAutowiring.php(42): DI\Definition\Source\ReflectionBasedAutowiring->autowire()
#5 /var/www/CRM/src/vendor/php-di/php-di/src/Definition/Source/SourceChain.php(54): DI\Definition\Source\ReflectionBasedAutowiring->getDefinition()
#6 /var/www/CRM/src/vendor/php-di/php-di/src/Container.php(155): DI\Definition\Source\SourceChain->getDefinition()
#7 /var/www/CRM/src/vendor/php-di/php-di/src/Container.php(223): DI\Container->getDefinition()
#8 /var/www/CRM/src/vendor/slim/slim/Slim/CallableResolver.php(143): DI\Container->has()
#9 /var/www/CRM/src/vendor/slim/slim/Slim/CallableResolver.php(101): Slim\CallableResolver->resolveSlimNotation()
#10 /var/www/CRM/src/vendor/slim/slim/Slim/CallableResolver.php(71): Slim\CallableResolver->resolveByPredicate()
#11 /var/www/CRM/src/vendor/slim/slim/Slim/Routing/Route.php(366): Slim\CallableResolver->resolveRoute()
#12 /var/www/CRM/src/vendor/slim/slim/Slim/MiddlewareDispatcher.php(81): Slim\Routing\Route->handle()
#13 /var/www/CRM/src/vendor/slim/slim/Slim/MiddlewareDispatcher.php(81): Slim\MiddlewareDispatcher->handle()
#14 /var/www/CRM/src/vendor/slim/slim/Slim/Routing/Route.php(341): Slim\MiddlewareDispatcher->handle()
#15 /var/www/CRM/src/vendor/slim/slim/Slim/Routing/RouteRunner.php(84): Slim\Routing\Route->run()
#16 /var/www/CRM/src/EcclesiaCRM/Slim/Middleware/VersionMiddleware.php(17): Slim\Routing\RouteRunner->handle()
#17 /var/www/CRM/src/vendor/slim/slim/Slim/MiddlewareDispatcher.php(313): EcclesiaCRM\Slim\Middleware\VersionMiddleware->__invoke()
#18 /var/www/CRM/src/vendor/tuupola/slim-jwt-auth/src/JwtAuthentication.php(132): class@anonymous->handle()
#19 /var/www/CRM/src/vendor/slim/slim/Slim/MiddlewareDispatcher.php(147): Tuupola\Middleware\JwtAuthentication->process()
#20 /var/www/CRM/src/vendor/slim/slim/Slim/Middleware/ErrorMiddleware.php(107): class@anonymous->handle()
#21 /var/www/CRM/src/vendor/slim/slim/Slim/MiddlewareDispatcher.php(147): Slim\Middleware\ErrorMiddleware->process()
#22 /var/www/CRM/src/vendor/slim/slim/Slim/MiddlewareDispatcher.php(81): class@anonymous->handle()
#23 /var/www/CRM/src/vendor/slim/slim/Slim/App.php(215): Slim\MiddlewareDispatcher->handle()
#24 /var/www/CRM/src/vendor/slim/slim/Slim/App.php(199): Slim\App->handle()
#25 /var/www/CRM/src/api/index.php(145): Slim\App->run()
#26 {main}
[13-Apr-2022 21:46:41 Europe/Paris] Slim Application Error
Type: ParseError
Code: 0
Message: syntax error, unexpected 'foreach' (T_FOREACH)
File: /var/www/eventworkflow/src/core/APIControllers/EventWorkflowController.php
Line: 415
Trace: #0 /var/www/CRM/src/vendor/composer/ClassLoader.php(322): Composer\Autoload\includeFile()
#1 [internal function]: Composer\Autoload\ClassLoader->loadClass()
#2 [internal function]: spl_autoload_call()
#3 /var/www/CRM/src/vendor/php-di/php-di/src/Definition/Source/ReflectionBasedAutowiring.php(23): class_exists()
#4 /var/www/CRM/src/vendor/php-di/php-di/src/Definition/Source/ReflectionBasedAutowiring.php(42): DI\Definition\Source\ReflectionBasedAutowiring->autowire()
#5 /var/www/CRM/src/vendor/php-di/php-di/src/Definition/Source/SourceChain.php(54): DI\Definition\Source\ReflectionBasedAutowiring->getDefinition()
#6 /var/www/CRM/src/vendor/php-di/php-di/src/Container.php(155): DI\Definition\Source\SourceChain->getDefinition()
#7 /var/www/CRM/src/vendor/php-di/php-di/src/Container.php(223): DI\Container->getDefinition()
#8 /var/www/CRM/src/vendor/slim/slim/Slim/CallableResolver.php(143): DI\Container->has()
#9 /var/www/CRM/src/vendor/slim/slim/Slim/CallableResolver.php(101): Slim\CallableResolver->resolveSlimNotation()
#10 /var/www/CRM/src/vendor/slim/slim/Slim/CallableResolver.php(71): Slim\CallableResolver->resolveByPredicate()
#11 /var/www/CRM/src/vendor/slim/slim/Slim/Routing/Route.php(366): Slim\CallableResolver->resolveRoute()
#12 /var/www/CRM/src/vendor/slim/slim/Slim/MiddlewareDispatcher.php(81): Slim\Routing\Route->handle()
#13 /var/www/CRM/src/vendor/slim/slim/Slim/MiddlewareDispatcher.php(81): Slim\MiddlewareDispatcher->handle()
#14 /var/www/CRM/src/vendor/slim/slim/Slim/Routing/Route.php(341): Slim\MiddlewareDispatcher->handle()
#15 /var/www/CRM/src/vendor/slim/slim/Slim/Routing/RouteRunner.php(84): Slim\Routing\Route->run()
#16 /var/www/CRM/src/EcclesiaCRM/Slim/Middleware/VersionMiddleware.php(17): Slim\Routing\RouteRunner->handle()
#17 /var/www/CRM/src/vendor/slim/slim/Slim/MiddlewareDispatcher.php(313): EcclesiaCRM\Slim\Middleware\VersionMiddleware->__invoke()
#18 /var/www/CRM/src/vendor/tuupola/slim-jwt-auth/src/JwtAuthentication.php(132): class@anonymous->handle()
#19 /var/www/CRM/src/vendor/slim/slim/Slim/MiddlewareDispatcher.php(147): Tuupola\Middleware\JwtAuthentication->process()
#20 /var/www/CRM/src/vendor/slim/slim/Slim/Middleware/ErrorMiddleware.php(107): class@anonymous->handle()
#21 /var/www/CRM/src/vendor/slim/slim/Slim/MiddlewareDispatcher.php(147): Slim\Middleware\ErrorMiddleware->process()
#22 /var/www/CRM/src/vendor/slim/slim/Slim/MiddlewareDispatcher.php(81): class@anonymous->handle()
#23 /var/www/CRM/src/vendor/slim/slim/Slim/App.php(215): Slim\MiddlewareDispatcher->handle()
#24 /var/www/CRM/src/vendor/slim/slim/Slim/App.php(199): Slim\App->handle()
#25 /var/www/CRM/src/api/index.php(145): Slim\App->run()
#26 {main}
[13-Apr-2022 21:46:41 Europe/Paris] Slim Application Error
Type: ParseError
Code: 0
Message: syntax error, unexpected 'foreach' (T_FOREACH)
File: /var/www/eventworkflow/src/core/APIControllers/EventWorkflowController.php
Line: 415
Trace: #0 /var/www/CRM/src/vendor/composer/ClassLoader.php(322): Composer\Autoload\includeFile()
#1 [internal function]: Composer\Autoload\ClassLoader->loadClass()
#2 [internal function]: spl_autoload_call()
#3 /var/www/CRM/src/vendor/php-di/php-di/src/Definition/Source/ReflectionBasedAutowiring.php(23): class_exists()
#4 /var/www/CRM/src/vendor/php-di/php-di/src/Definition/Source/ReflectionBasedAutowiring.php(42): DI\Definition\Source\ReflectionBasedAutowiring->autowire()
#5 /var/www/CRM/src/vendor/php-di/php-di/src/Definition/Source/SourceChain.php(54): DI\Definition\Source\ReflectionBasedAutowiring->getDefinition()
#6 /var/www/CRM/src/vendor/php-di/php-di/src/Container.php(155): DI\Definition\Source\SourceChain->getDefinition()
#7 /var/www/CRM/src/vendor/php-di/php-di/src/Container.php(223): DI\Container->getDefinition()
#8 /var/www/CRM/src/vendor/slim/slim/Slim/CallableResolver.php(143): DI\Container->has()
#9 /var/www/CRM/src/vendor/slim/slim/Slim/CallableResolver.php(101): Slim\CallableResolver->resolveSlimNotation()
#10 /var/www/CRM/src/vendor/slim/slim/Slim/CallableResolver.php(71): Slim\CallableResolver->resolveByPredicate()
#11 /var/www/CRM/src/vendor/slim/slim/Slim/Routing/Route.php(366): Slim\CallableResolver->resolveRoute()
#12 /var/www/CRM/src/vendor/slim/slim/Slim/MiddlewareDispatcher.php(81): Slim\Routing\Route->handle()
#13 /var/www/CRM/src/vendor/slim/slim/Slim/MiddlewareDispatcher.php(81): Slim\MiddlewareDispatcher->handle()
#14 /var/www/CRM/src/vendor/slim/slim/Slim/Routing/Route.php(341): Slim\MiddlewareDispatcher->handle()
#15 /var/www/CRM/src/vendor/slim/slim/Slim/Routing/RouteRunner.php(84): Slim\Routing\Route->run()
#16 /var/www/CRM/src/EcclesiaCRM/Slim/Middleware/VersionMiddleware.php(17): Slim\Routing\RouteRunner->handle()
#17 /var/www/CRM/src/vendor/slim/slim/Slim/MiddlewareDispatcher.php(313): EcclesiaCRM\Slim\Middleware\VersionMiddleware->__invoke()
#18 /var/www/CRM/src/vendor/tuupola/slim-jwt-auth/src/JwtAuthentication.php(132): class@anonymous->handle()
#19 /var/www/CRM/src/vendor/slim/slim/Slim/MiddlewareDispatcher.php(147): Tuupola\Middleware\JwtAuthentication->process()
#20 /var/www/CRM/src/vendor/slim/slim/Slim/Middleware/ErrorMiddleware.php(107): class@anonymous->handle()
#21 /var/www/CRM/src/vendor/slim/slim/Slim/MiddlewareDispatcher.php(147): Slim\Middleware\ErrorMiddleware->process()
#22 /var/www/CRM/src/vendor/slim/slim/Slim/MiddlewareDispatcher.php(81): class@anonymous->handle()
#23 /var/www/CRM/src/vendor/slim/slim/Slim/App.php(215): Slim\MiddlewareDispatcher->handle()
#24 /var/www/CRM/src/vendor/slim/slim/Slim/App.php(199): Slim\App->handle()
#25 /var/www/CRM/src/api/index.php(145): Slim\App->run()
#26 {main}
[13-Apr-2022 21:46:47 Europe/Paris] Slim Application Error
Type: ParseError
Code: 0
Message: syntax error, unexpected 'foreach' (T_FOREACH)
File: /var/www/eventworkflow/src/core/APIControllers/EventWorkflowController.php
Line: 415
Trace: #0 /var/www/CRM/src/vendor/composer/ClassLoader.php(322): Composer\Autoload\includeFile()
#1 [internal function]: Composer\Autoload\ClassLoader->loadClass()
#2 [internal function]: spl_autoload_call()
#3 /var/www/CRM/src/vendor/php-di/php-di/src/Definition/Source/ReflectionBasedAutowiring.php(23): class_exists()
#4 /var/www/CRM/src/vendor/php-di/php-di/src/Definition/Source/ReflectionBasedAutowiring.php(42): DI\Definition\Source\ReflectionBasedAutowiring->autowire()
#5 /var/www/CRM/src/vendor/php-di/php-di/src/Definition/Source/SourceChain.php(54): DI\Definition\Source\ReflectionBasedAutowiring->getDefinition()
#6 /var/www/CRM/src/vendor/php-di/php-di/src/Container.php(155): DI\Definition\Source\SourceChain->getDefinition()
#7 /var/www/CRM/src/vendor/php-di/php-di/src/Container.php(223): DI\Container->getDefinition()
#8 /var/www/CRM/src/vendor/slim/slim/Slim/CallableResolver.php(143): DI\Container->has()
#9 /var/www/CRM/src/vendor/slim/slim/Slim/CallableResolver.php(101): Slim\CallableResolver->resolveSlimNotation()
#10 /var/www/CRM/src/vendor/slim/slim/Slim/CallableResolver.php(71): Slim\CallableResolver->resolveByPredicate()
#11 /var/www/CRM/src/vendor/slim/slim/Slim/Routing/Route.php(366): Slim\CallableResolver->resolveRoute()
#12 /var/www/CRM/src/vendor/slim/slim/Slim/MiddlewareDispatcher.php(81): Slim\Routing\Route->handle()
#13 /var/www/CRM/src/vendor/slim/slim/Slim/MiddlewareDispatcher.php(81): Slim\MiddlewareDispatcher->handle()
#14 /var/www/CRM/src/vendor/slim/slim/Slim/Routing/Route.php(341): Slim\MiddlewareDispatcher->handle()
#15 /var/www/CRM/src/vendor/slim/slim/Slim/Routing/RouteRunner.php(84): Slim\Routing\Route->run()
#16 /var/www/CRM/src/EcclesiaCRM/Slim/Middleware/VersionMiddleware.php(17): Slim\Routing\RouteRunner->handle()
#17 /var/www/CRM/src/vendor/slim/slim/Slim/MiddlewareDispatcher.php(313): EcclesiaCRM\Slim\Middleware\VersionMiddleware->__invoke()
#18 /var/www/CRM/src/vendor/tuupola/slim-jwt-auth/src/JwtAuthentication.php(132): class@anonymous->handle()
#19 /var/www/CRM/src/vendor/slim/slim/Slim/MiddlewareDispatcher.php(147): Tuupola\Middleware\JwtAuthentication->process()
#20 /var/www/CRM/src/vendor/slim/slim/Slim/Middleware/ErrorMiddleware.php(107): class@anonymous->handle()
#21 /var/www/CRM/src/vendor/slim/slim/Slim/MiddlewareDispatcher.php(147): Slim\Middleware\ErrorMiddleware->process()
#22 /var/www/CRM/src/vendor/slim/slim/Slim/MiddlewareDispatcher.php(81): class@anonymous->handle()
#23 /var/www/CRM/src/vendor/slim/slim/Slim/App.php(215): Slim\MiddlewareDispatcher->handle()
#24 /var/www/CRM/src/vendor/slim/slim/Slim/App.php(199): Slim\App->handle()
#25 /var/www/CRM/src/api/index.php(145): Slim\App->run()
#26 {main}
[13-Apr-2022 21:46:47 Europe/Paris] Slim Application Error
Type: ParseError
Code: 0
Message: syntax error, unexpected 'foreach' (T_FOREACH)
File: /var/www/eventworkflow/src/core/APIControllers/EventWorkflowController.php
Line: 415
Trace: #0 /var/www/CRM/src/vendor/composer/ClassLoader.php(322): Composer\Autoload\includeFile()
#1 [internal function]: Composer\Autoload\ClassLoader->loadClass()
#2 [internal function]: spl_autoload_call()
#3 /var/www/CRM/src/vendor/php-di/php-di/src/Definition/Source/ReflectionBasedAutowiring.php(23): class_exists()
#4 /var/www/CRM/src/vendor/php-di/php-di/src/Definition/Source/ReflectionBasedAutowiring.php(42): DI\Definition\Source\ReflectionBasedAutowiring->autowire()
#5 /var/www/CRM/src/vendor/php-di/php-di/src/Definition/Source/SourceChain.php(54): DI\Definition\Source\ReflectionBasedAutowiring->getDefinition()
#6 /var/www/CRM/src/vendor/php-di/php-di/src/Container.php(155): DI\Definition\Source\SourceChain->getDefinition()
#7 /var/www/CRM/src/vendor/php-di/php-di/src/Container.php(223): DI\Container->getDefinition()
#8 /var/www/CRM/src/vendor/slim/slim/Slim/CallableResolver.php(143): DI\Container->has()
#9 /var/www/CRM/src/vendor/slim/slim/Slim/CallableResolver.php(101): Slim\CallableResolver->resolveSlimNotation()
#10 /var/www/CRM/src/vendor/slim/slim/Slim/CallableResolver.php(71): Slim\CallableResolver->resolveByPredicate()
#11 /var/www/CRM/src/vendor/slim/slim/Slim/Routing/Route.php(366): Slim\CallableResolver->resolveRoute()
#12 /var/www/CRM/src/vendor/slim/slim/Slim/MiddlewareDispatcher.php(81): Slim\Routing\Route->handle()
#13 /var/www/CRM/src/vendor/slim/slim/Slim/MiddlewareDispatcher.php(81): Slim\MiddlewareDispatcher->handle()
#14 /var/www/CRM/src/vendor/slim/slim/Slim/Routing/Route.php(341): Slim\MiddlewareDispatcher->handle()
#15 /var/www/CRM/src/vendor/slim/slim/Slim/Routing/RouteRunner.php(84): Slim\Routing\Route->run()
#16 /var/www/CRM/src/EcclesiaCRM/Slim/Middleware/VersionMiddleware.php(17): Slim\Routing\RouteRunner->handle()
#17 /var/www/CRM/src/vendor/slim/slim/Slim/MiddlewareDispatcher.php(313): EcclesiaCRM\Slim\Middleware\VersionMiddleware->__invoke()
#18 /var/www/CRM/src/vendor/tuupola/slim-jwt-auth/src/JwtAuthentication.php(132): class@anonymous->handle()
#19 /var/www/CRM/src/vendor/slim/slim/Slim/MiddlewareDispatcher.php(147): Tuupola\Middleware\JwtAuthentication->process()
#20 /var/www/CRM/src/vendor/slim/slim/Slim/Middleware/ErrorMiddleware.php(107): class@anonymous->handle()
#21 /var/www/CRM/src/vendor/slim/slim/Slim/MiddlewareDispatcher.php(147): Slim\Middleware\ErrorMiddleware->process()
#22 /var/www/CRM/src/vendor/slim/slim/Slim/MiddlewareDispatcher.php(81): class@anonymous->handle()
#23 /var/www/CRM/src/vendor/slim/slim/Slim/App.php(215): Slim\MiddlewareDispatcher->handle()
#24 /var/www/CRM/src/vendor/slim/slim/Slim/App.php(199): Slim\App->handle()
#25 /var/www/CRM/src/api/index.php(145): Slim\App->run()
#26 {main}
[13-Apr-2022 21:46:47 Europe/Paris] Slim Application Error
Type: ParseError
Code: 0
Message: syntax error, unexpected 'foreach' (T_FOREACH)
File: /var/www/eventworkflow/src/core/APIControllers/EventWorkflowController.php
Line: 415
Trace: #0 /var/www/CRM/src/vendor/composer/ClassLoader.php(322): Composer\Autoload\includeFile()
#1 [internal function]: Composer\Autoload\ClassLoader->loadClass()
#2 [internal function]: spl_autoload_call()
#3 /var/www/CRM/src/vendor/php-di/php-di/src/Definition/Source/ReflectionBasedAutowiring.php(23): class_exists()
#4 /var/www/CRM/src/vendor/php-di/php-di/src/Definition/Source/ReflectionBasedAutowiring.php(42): DI\Definition\Source\ReflectionBasedAutowiring->autowire()
#5 /var/www/CRM/src/vendor/php-di/php-di/src/Definition/Source/SourceChain.php(54): DI\Definition\Source\ReflectionBasedAutowiring->getDefinition()
#6 /var/www/CRM/src/vendor/php-di/php-di/src/Container.php(155): DI\Definition\Source\SourceChain->getDefinition()
#7 /var/www/CRM/src/vendor/php-di/php-di/src/Container.php(223): DI\Container->getDefinition()
#8 /var/www/CRM/src/vendor/slim/slim/Slim/CallableResolver.php(143): DI\Container->has()
#9 /var/www/CRM/src/vendor/slim/slim/Slim/CallableResolver.php(101): Slim\CallableResolver->resolveSlimNotation()
#10 /var/www/CRM/src/vendor/slim/slim/Slim/CallableResolver.php(71): Slim\CallableResolver->resolveByPredicate()
#11 /var/www/CRM/src/vendor/slim/slim/Slim/Routing/Route.php(366): Slim\CallableResolver->resolveRoute()
#12 /var/www/CRM/src/vendor/slim/slim/Slim/MiddlewareDispatcher.php(81): Slim\Routing\Route->handle()
#13 /var/www/CRM/src/vendor/slim/slim/Slim/MiddlewareDispatcher.php(81): Slim\MiddlewareDispatcher->handle()
#14 /var/www/CRM/src/vendor/slim/slim/Slim/Routing/Route.php(341): Slim\MiddlewareDispatcher->handle()
#15 /var/www/CRM/src/vendor/slim/slim/Slim/Routing/RouteRunner.php(84): Slim\Routing\Route->run()
#16 /var/www/CRM/src/EcclesiaCRM/Slim/Middleware/VersionMiddleware.php(17): Slim\Routing\RouteRunner->handle()
#17 /var/www/CRM/src/vendor/slim/slim/Slim/MiddlewareDispatcher.php(313): EcclesiaCRM\Slim\Middleware\VersionMiddleware->__invoke()
#18 /var/www/CRM/src/vendor/tuupola/slim-jwt-auth/src/JwtAuthentication.php(132): class@anonymous->handle()
#19 /var/www/CRM/src/vendor/slim/slim/Slim/MiddlewareDispatcher.php(147): Tuupola\Middleware\JwtAuthentication->process()
#20 /var/www/CRM/src/vendor/slim/slim/Slim/Middleware/ErrorMiddleware.php(107): class@anonymous->handle()
#21 /var/www/CRM/src/vendor/slim/slim/Slim/MiddlewareDispatcher.php(147): Slim\Middleware\ErrorMiddleware->process()
#22 /var/www/CRM/src/vendor/slim/slim/Slim/MiddlewareDispatcher.php(81): class@anonymous->handle()
#23 /var/www/CRM/src/vendor/slim/slim/Slim/App.php(215): Slim\MiddlewareDispatcher->handle()
#24 /var/www/CRM/src/vendor/slim/slim/Slim/App.php(199): Slim\App->handle()
#25 /var/www/CRM/src/api/index.php(145): Slim\App->run()
#26 {main}
[13-Apr-2022 21:46:47 Europe/Paris] Slim Application Error
Type: ParseError
Code: 0
Message: syntax error, unexpected 'foreach' (T_FOREACH)
File: /var/www/eventworkflow/src/core/APIControllers/EventWorkflowController.php
Line: 415
Trace: #0 /var/www/CRM/src/vendor/composer/ClassLoader.php(322): Composer\Autoload\includeFile()
#1 [internal function]: Composer\Autoload\ClassLoader->loadClass()
#2 [internal function]: spl_autoload_call()
#3 /var/www/CRM/src/vendor/php-di/php-di/src/Definition/Source/ReflectionBasedAutowiring.php(23): class_exists()
#4 /var/www/CRM/src/vendor/php-di/php-di/src/Definition/Source/ReflectionBasedAutowiring.php(42): DI\Definition\Source\ReflectionBasedAutowiring->autowire()
#5 /var/www/CRM/src/vendor/php-di/php-di/src/Definition/Source/SourceChain.php(54): DI\Definition\Source\ReflectionBasedAutowiring->getDefinition()
#6 /var/www/CRM/src/vendor/php-di/php-di/src/Container.php(155): DI\Definition\Source\SourceChain->getDefinition()
#7 /var/www/CRM/src/vendor/php-di/php-di/src/Container.php(223): DI\Container->getDefinition()
#8 /var/www/CRM/src/vendor/slim/slim/Slim/CallableResolver.php(143): DI\Container->has()
#9 /var/www/CRM/src/vendor/slim/slim/Slim/CallableResolver.php(101): Slim\CallableResolver->resolveSlimNotation()
#10 /var/www/CRM/src/vendor/slim/slim/Slim/CallableResolver.php(71): Slim\CallableResolver->resolveByPredicate()
#11 /var/www/CRM/src/vendor/slim/slim/Slim/Routing/Route.php(366): Slim\CallableResolver->resolveRoute()
#12 /var/www/CRM/src/vendor/slim/slim/Slim/MiddlewareDispatcher.php(81): Slim\Routing\Route->handle()
#13 /var/www/CRM/src/vendor/slim/slim/Slim/MiddlewareDispatcher.php(81): Slim\MiddlewareDispatcher->handle()
#14 /var/www/CRM/src/vendor/slim/slim/Slim/Routing/Route.php(341): Slim\MiddlewareDispatcher->handle()
#15 /var/www/CRM/src/vendor/slim/slim/Slim/Routing/RouteRunner.php(84): Slim\Routing\Route->run()
#16 /var/www/CRM/src/EcclesiaCRM/Slim/Middleware/VersionMiddleware.php(17): Slim\Routing\RouteRunner->handle()
#17 /var/www/CRM/src/vendor/slim/slim/Slim/MiddlewareDispatcher.php(313): EcclesiaCRM\Slim\Middleware\VersionMiddleware->__invoke()
#18 /var/www/CRM/src/vendor/tuupola/slim-jwt-auth/src/JwtAuthentication.php(132): class@anonymous->handle()
#19 /var/www/CRM/src/vendor/slim/slim/Slim/MiddlewareDispatcher.php(147): Tuupola\Middleware\JwtAuthentication->process()
#20 /var/www/CRM/src/vendor/slim/slim/Slim/Middleware/ErrorMiddleware.php(107): class@anonymous->handle()
#21 /var/www/CRM/src/vendor/slim/slim/Slim/MiddlewareDispatcher.php(147): Slim\Middleware\ErrorMiddleware->process()
#22 /var/www/CRM/src/vendor/slim/slim/Slim/MiddlewareDispatcher.php(81): class@anonymous->handle()
#23 /var/www/CRM/src/vendor/slim/slim/Slim/App.php(215): Slim\MiddlewareDispatcher->handle()
#24 /var/www/CRM/src/vendor/slim/slim/Slim/App.php(199): Slim\App->handle()
#25 /var/www/CRM/src/api/index.php(145): Slim\App->run()
#26 {main}
