[25-Oct-2022 02:57:32 America/New_York] PHP Fatal error:  Uncaught Error: Call to a member function getVersion() on null in /var/www/CRM/src/EcclesiaCRM/Service/SystemService.php:87
Stack trace:
#0 /var/www/CRM/src/SystemDBUpdate.php(44): EcclesiaCRM\Service\SystemService::getDBVersion()
#1 {main}
  thrown in /var/www/CRM/src/EcclesiaCRM/Service/SystemService.php on line 87
[25-Oct-2022 03:02:46 America/New_York] PHP Fatal error:  Uncaught Error: Call to a member function getVersion() on null in /var/www/CRM/src/EcclesiaCRM/Service/SystemService.php:87
Stack trace:
#0 /var/www/CRM/src/SystemDBUpdate.php(44): EcclesiaCRM\Service\SystemService::getDBVersion()
#1 {main}
  thrown in /var/www/CRM/src/EcclesiaCRM/Service/SystemService.php on line 87
[25-Oct-2022 03:14:16 America/New_York] PHP Fatal error:  Uncaught Error: Call to a member function getVersion() on null in /var/www/CRM/src/EcclesiaCRM/Service/SystemService.php:87
Stack trace:
#0 /var/www/CRM/src/SystemDBUpdate.php(44): EcclesiaCRM\Service\SystemService::getDBVersion()
#1 {main}
  thrown in /var/www/CRM/src/EcclesiaCRM/Service/SystemService.php on line 87
[25-Oct-2022 03:16:57 America/New_York] PHP Fatal error:  Uncaught Error: Call to a member function getVersion() on null in /var/www/CRM/src/EcclesiaCRM/Service/SystemService.php:87
Stack trace:
#0 /var/www/CRM/src/SystemDBUpdate.php(44): EcclesiaCRM\Service\SystemService::getDBVersion()
#1 {main}
  thrown in /var/www/CRM/src/EcclesiaCRM/Service/SystemService.php on line 87
